** counterSharp **
[runlim] version:		1.10
[runlim] time limit:		311040000 seconds
[runlim] real time limit:	14400 seconds
[runlim] space limit:		2048 MB
[runlim] argv[0]:		python
[runlim] argv[1]:		-m
[runlim] argv[2]:		counterSharp
[runlim] argv[3]:		--amm
[runlim] argv[4]:		/home/steuber/Dokumente/Bench/FP/experiments/results/usqrt.c/02/amm.dimacs
[runlim] argv[5]:		--amh
[runlim] argv[6]:		/home/steuber/Dokumente/Bench/FP/experiments/results/usqrt.c/02/amh.dimacs
[runlim] argv[7]:		--asm
[runlim] argv[8]:		/home/steuber/Dokumente/Bench/FP/experiments/results/usqrt.c/02/asm.dimacs
[runlim] argv[9]:		--ash
[runlim] argv[10]:		/home/steuber/Dokumente/Bench/FP/experiments/results/usqrt.c/02/ash.dimacs
[runlim] argv[11]:		-d
[runlim] argv[12]:		--function
[runlim] argv[13]:		usqrt
[runlim] argv[14]:		--unwind
[runlim] argv[15]:		33
[runlim] argv[16]:		/home/steuber/Dokumente/Bench/FP/experiments/benchmarks/usqrt.c
[runlim] start:			Mon Aug 17 12:20:20 2020
[runlim] main pid:		3880
[counterSharp.util.Config] DEBUG: Input files: ['/home/steuber/Dokumente/Bench/FP/experiments/benchmarks/usqrt.c']
[counterSharp.source.SourceManager] DEBUG: /tmp/tmpcrri4a64.c
[counterSharp.cbmc.CBMCManager] DEBUG: cbmc --verbosity 4 --function usqrt --dimacs --unwind 33 --property usqrt.assertion.1 /tmp/tmpcrri4a64.c
[counterSharp.cbmc.CBMCManager] DEBUG: cbmc --verbosity 4 --function usqrt --dimacs --unwind 33 --property usqrt.assertion.2 /tmp/tmpcrri4a64.c
[counterSharp.cbmc.CBMCManager] DEBUG: cbmc --verbosity 4 --function usqrt --dimacs --unwind 33 --property usqrt.assertion.3 /tmp/tmpcrri4a64.c
[counterSharp.cbmc.CBMCManager] DEBUG: cbmc --verbosity 4 --function usqrt --dimacs --unwind 33 --property usqrt.assertion.4 /tmp/tmpcrri4a64.c
[runlim] end:			Mon Aug 17 12:20:21 2020
[runlim] status:		ok
[runlim] result:		0
[runlim] children:		6
[runlim] real:			1.45 seconds
[runlim] time:			0.50 seconds
[runlim] space:			32.0 MB
[runlim] samples:		11
** AMM **
[runlim] version:		1.10
[runlim] time limit:		311040000 seconds
[runlim] real time limit:	14400 seconds
[runlim] space limit:		2048 MB
[runlim] argv[0]:		approxmc
[runlim] argv[1]:		--sparse
[runlim] argv[2]:		1
[runlim] argv[3]:		/home/steuber/Dokumente/Bench/FP/experiments/results/usqrt.c/02/amm.dimacs
[runlim] start:			Mon Aug 17 12:20:21 2020
[runlim] main pid:		3900
[runlim] end:			Mon Aug 17 12:20:25 2020
[runlim] status:		ok
[runlim] result:		0
[runlim] children:		0
[runlim] real:			4.34 seconds
[runlim] time:			3.79 seconds
[runlim] space:			15.0 MB
[runlim] samples:		38
** AMH **
[runlim] version:		1.10
[runlim] time limit:		311040000 seconds
[runlim] real time limit:	14400 seconds
[runlim] space limit:		2048 MB
[runlim] argv[0]:		approxmc
[runlim] argv[1]:		--sparse
[runlim] argv[2]:		1
[runlim] argv[3]:		/home/steuber/Dokumente/Bench/FP/experiments/results/usqrt.c/02/amh.dimacs
[runlim] start:			Mon Aug 17 12:20:25 2020
[runlim] main pid:		3902
[runlim] end:			Mon Aug 17 12:20:29 2020
[runlim] status:		ok
[runlim] result:		0
[runlim] children:		0
[runlim] real:			4.17 seconds
[runlim] time:			3.79 seconds
[runlim] space:			15.0 MB
[runlim] samples:		38
** ASM **
[runlim] version:		1.10
[runlim] time limit:		311040000 seconds
[runlim] real time limit:	14400 seconds
[runlim] space limit:		2048 MB
[runlim] argv[0]:		approxmc
[runlim] argv[1]:		--sparse
[runlim] argv[2]:		1
[runlim] argv[3]:		/home/steuber/Dokumente/Bench/FP/experiments/results/usqrt.c/02/asm.dimacs
[runlim] start:			Mon Aug 17 12:20:29 2020
[runlim] main pid:		3904
[runlim] sample:		10.0 time, 10.2 real, 17.1 MB
[runlim] sample:		20.0 time, 20.2 real, 21.1 MB
[runlim] sample:		29.9 time, 30.2 real, 20.9 MB
[runlim] sample:		39.9 time, 40.2 real, 23.6 MB
[runlim] sample:		49.9 time, 50.2 real, 30.7 MB
[runlim] sample:		59.9 time, 60.2 real, 32.3 MB
[runlim] sample:		69.9 time, 70.2 real, 33.8 MB
[runlim] sample:		79.9 time, 80.2 real, 35.2 MB
[runlim] sample:		89.9 time, 90.2 real, 35.6 MB
[runlim] sample:		99.8 time, 100.2 real, 42.6 MB
[runlim] sample:		109.8 time, 110.2 real, 48.5 MB
[runlim] sample:		119.8 time, 120.2 real, 48.5 MB
[runlim] sample:		129.8 time, 130.2 real, 48.5 MB
[runlim] sample:		139.8 time, 140.2 real, 48.5 MB
[runlim] sample:		149.8 time, 150.2 real, 48.5 MB
[runlim] sample:		159.8 time, 160.2 real, 48.6 MB
[runlim] sample:		169.8 time, 170.2 real, 48.6 MB
[runlim] sample:		179.8 time, 180.2 real, 48.6 MB
[runlim] sample:		189.7 time, 190.2 real, 48.6 MB
[runlim] sample:		199.7 time, 200.2 real, 48.6 MB
[runlim] sample:		209.7 time, 210.2 real, 49.1 MB
[runlim] sample:		219.7 time, 220.2 real, 49.1 MB
[runlim] sample:		229.7 time, 230.2 real, 49.1 MB
[runlim] sample:		239.7 time, 240.2 real, 49.6 MB
[runlim] sample:		249.6 time, 250.2 real, 49.6 MB
[runlim] sample:		259.6 time, 260.2 real, 50.4 MB
[runlim] sample:		269.6 time, 270.2 real, 51.6 MB
[runlim] sample:		279.6 time, 280.2 real, 51.6 MB
[runlim] sample:		289.6 time, 290.2 real, 51.8 MB
[runlim] sample:		299.6 time, 300.2 real, 53.2 MB
[runlim] sample:		309.5 time, 310.2 real, 54.1 MB
[runlim] sample:		319.5 time, 320.2 real, 54.1 MB
[runlim] sample:		329.5 time, 330.2 real, 54.1 MB
[runlim] sample:		339.5 time, 340.2 real, 54.3 MB
[runlim] sample:		349.5 time, 350.2 real, 54.3 MB
[runlim] sample:		359.5 time, 360.2 real, 54.3 MB
[runlim] sample:		369.5 time, 370.2 real, 54.3 MB
[runlim] sample:		379.4 time, 380.2 real, 55.0 MB
[runlim] sample:		389.4 time, 390.2 real, 55.0 MB
[runlim] sample:		399.4 time, 400.2 real, 55.1 MB
[runlim] sample:		409.4 time, 410.2 real, 55.1 MB
[runlim] sample:		419.4 time, 420.2 real, 55.1 MB
[runlim] sample:		429.4 time, 430.2 real, 55.1 MB
[runlim] sample:		439.4 time, 440.2 real, 55.1 MB
[runlim] sample:		449.3 time, 450.2 real, 55.1 MB
[runlim] sample:		459.3 time, 460.2 real, 55.1 MB
[runlim] sample:		469.3 time, 470.2 real, 55.1 MB
[runlim] sample:		479.3 time, 480.2 real, 55.1 MB
[runlim] sample:		489.3 time, 490.2 real, 55.2 MB
[runlim] sample:		499.2 time, 500.2 real, 55.2 MB
[runlim] sample:		509.2 time, 510.2 real, 55.2 MB
[runlim] sample:		519.2 time, 520.2 real, 55.2 MB
[runlim] sample:		529.2 time, 530.2 real, 55.2 MB
[runlim] sample:		539.2 time, 540.2 real, 55.2 MB
[runlim] sample:		549.2 time, 550.2 real, 55.2 MB
[runlim] sample:		559.1 time, 560.2 real, 55.2 MB
[runlim] sample:		569.1 time, 570.2 real, 55.2 MB
[runlim] sample:		579.1 time, 580.2 real, 55.2 MB
[runlim] sample:		589.1 time, 590.2 real, 55.2 MB
[runlim] sample:		599.1 time, 600.2 real, 55.2 MB
[runlim] sample:		609.1 time, 610.2 real, 55.2 MB
[runlim] sample:		619.0 time, 620.2 real, 55.2 MB
[runlim] sample:		629.0 time, 630.2 real, 55.2 MB
[runlim] sample:		639.0 time, 640.2 real, 55.2 MB
[runlim] sample:		649.0 time, 650.2 real, 55.2 MB
[runlim] sample:		659.0 time, 660.2 real, 55.2 MB
[runlim] sample:		669.0 time, 670.2 real, 55.2 MB
[runlim] sample:		679.0 time, 680.2 real, 55.2 MB
[runlim] sample:		688.9 time, 690.2 real, 55.2 MB
[runlim] sample:		698.9 time, 700.2 real, 55.2 MB
[runlim] sample:		708.9 time, 710.2 real, 55.2 MB
[runlim] sample:		718.9 time, 720.2 real, 55.2 MB
[runlim] sample:		728.9 time, 730.2 real, 55.2 MB
[runlim] sample:		738.9 time, 740.2 real, 55.2 MB
[runlim] sample:		748.8 time, 750.2 real, 55.2 MB
[runlim] sample:		758.8 time, 760.2 real, 55.2 MB
[runlim] sample:		768.8 time, 770.2 real, 55.2 MB
[runlim] sample:		778.8 time, 780.2 real, 55.2 MB
[runlim] sample:		788.8 time, 790.2 real, 55.2 MB
[runlim] sample:		798.8 time, 800.2 real, 55.2 MB
[runlim] sample:		808.8 time, 810.2 real, 55.2 MB
[runlim] sample:		818.7 time, 820.2 real, 55.2 MB
[runlim] sample:		828.7 time, 830.2 real, 55.2 MB
[runlim] sample:		838.7 time, 840.2 real, 61.9 MB
[runlim] sample:		848.7 time, 850.2 real, 61.9 MB
[runlim] sample:		858.7 time, 860.2 real, 61.9 MB
[runlim] sample:		868.6 time, 870.2 real, 61.9 MB
[runlim] sample:		878.6 time, 880.2 real, 61.9 MB
[runlim] sample:		888.6 time, 890.2 real, 61.9 MB
[runlim] sample:		898.6 time, 900.2 real, 61.9 MB
[runlim] sample:		908.6 time, 910.2 real, 61.9 MB
[runlim] sample:		918.6 time, 920.2 real, 61.9 MB
[runlim] sample:		928.6 time, 930.2 real, 61.9 MB
[runlim] sample:		938.5 time, 940.2 real, 61.9 MB
[runlim] sample:		948.5 time, 950.2 real, 61.9 MB
[runlim] sample:		958.5 time, 960.2 real, 61.9 MB
[runlim] sample:		968.5 time, 970.2 real, 61.9 MB
[runlim] sample:		978.5 time, 980.2 real, 61.9 MB
[runlim] sample:		988.5 time, 990.2 real, 61.9 MB
[runlim] sample:		998.5 time, 1000.2 real, 61.9 MB
[runlim] sample:		1008.4 time, 1010.2 real, 61.9 MB
[runlim] sample:		1018.4 time, 1020.2 real, 61.9 MB
[runlim] sample:		1028.4 time, 1030.2 real, 61.9 MB
[runlim] sample:		1038.4 time, 1040.2 real, 61.9 MB
[runlim] sample:		1048.4 time, 1050.2 real, 61.9 MB
[runlim] sample:		1058.4 time, 1060.2 real, 61.9 MB
[runlim] sample:		1068.3 time, 1070.2 real, 61.9 MB
[runlim] sample:		1078.3 time, 1080.2 real, 61.9 MB
[runlim] sample:		1088.3 time, 1090.2 real, 61.9 MB
[runlim] sample:		1098.3 time, 1100.2 real, 61.9 MB
[runlim] sample:		1108.3 time, 1110.2 real, 61.9 MB
[runlim] sample:		1118.2 time, 1120.2 real, 61.9 MB
[runlim] sample:		1128.2 time, 1130.2 real, 61.9 MB
[runlim] sample:		1138.2 time, 1140.2 real, 61.9 MB
[runlim] sample:		1148.2 time, 1150.2 real, 61.9 MB
[runlim] sample:		1158.2 time, 1160.2 real, 74.4 MB
[runlim] sample:		1168.2 time, 1170.2 real, 76.1 MB
[runlim] sample:		1178.2 time, 1180.2 real, 74.0 MB
[runlim] sample:		1188.1 time, 1190.2 real, 75.1 MB
[runlim] sample:		1198.1 time, 1200.2 real, 61.9 MB
[runlim] sample:		1208.1 time, 1210.2 real, 61.9 MB
[runlim] sample:		1218.1 time, 1220.2 real, 74.7 MB
[runlim] sample:		1228.1 time, 1230.2 real, 76.4 MB
[runlim] sample:		1238.0 time, 1240.2 real, 62.0 MB
[runlim] sample:		1248.0 time, 1250.2 real, 62.0 MB
[runlim] sample:		1258.0 time, 1260.2 real, 62.0 MB
[runlim] sample:		1268.0 time, 1270.2 real, 62.0 MB
[runlim] sample:		1278.0 time, 1280.2 real, 62.0 MB
[runlim] sample:		1287.9 time, 1290.2 real, 62.0 MB
[runlim] sample:		1297.9 time, 1300.2 real, 62.0 MB
[runlim] sample:		1307.9 time, 1310.2 real, 62.0 MB
[runlim] sample:		1317.9 time, 1320.2 real, 62.0 MB
[runlim] sample:		1327.9 time, 1330.2 real, 62.0 MB
[runlim] sample:		1337.9 time, 1340.2 real, 62.0 MB
[runlim] sample:		1347.8 time, 1350.2 real, 62.0 MB
[runlim] sample:		1357.8 time, 1360.2 real, 62.0 MB
[runlim] sample:		1367.8 time, 1370.2 real, 62.0 MB
[runlim] sample:		1377.8 time, 1380.2 real, 62.0 MB
[runlim] sample:		1387.8 time, 1390.2 real, 62.0 MB
[runlim] sample:		1397.8 time, 1400.2 real, 62.0 MB
[runlim] sample:		1407.8 time, 1410.2 real, 62.0 MB
[runlim] sample:		1417.7 time, 1420.2 real, 62.0 MB
[runlim] sample:		1427.7 time, 1430.2 real, 75.8 MB
[runlim] sample:		1437.7 time, 1440.2 real, 76.4 MB
[runlim] sample:		1447.7 time, 1450.2 real, 77.4 MB
[runlim] sample:		1457.7 time, 1460.2 real, 62.3 MB
[runlim] sample:		1467.7 time, 1470.2 real, 62.3 MB
[runlim] sample:		1477.6 time, 1480.2 real, 62.3 MB
[runlim] sample:		1487.6 time, 1490.2 real, 62.3 MB
[runlim] sample:		1497.6 time, 1500.2 real, 62.3 MB
[runlim] sample:		1507.6 time, 1510.2 real, 62.3 MB
[runlim] sample:		1517.6 time, 1520.2 real, 62.3 MB
[runlim] sample:		1527.5 time, 1530.2 real, 62.3 MB
[runlim] sample:		1537.5 time, 1540.2 real, 62.3 MB
[runlim] sample:		1547.5 time, 1550.2 real, 62.3 MB
[runlim] sample:		1557.5 time, 1560.2 real, 62.3 MB
[runlim] sample:		1567.5 time, 1570.2 real, 62.3 MB
[runlim] sample:		1577.5 time, 1580.2 real, 62.3 MB
[runlim] sample:		1587.5 time, 1590.2 real, 62.3 MB
[runlim] sample:		1597.5 time, 1600.2 real, 62.3 MB
[runlim] sample:		1607.4 time, 1610.2 real, 62.3 MB
[runlim] sample:		1617.4 time, 1620.2 real, 62.3 MB
[runlim] sample:		1627.4 time, 1630.2 real, 62.3 MB
[runlim] sample:		1637.4 time, 1640.2 real, 62.3 MB
[runlim] sample:		1647.4 time, 1650.2 real, 62.3 MB
[runlim] sample:		1657.3 time, 1660.2 real, 62.3 MB
[runlim] sample:		1667.3 time, 1670.2 real, 62.3 MB
[runlim] sample:		1677.3 time, 1680.2 real, 62.3 MB
[runlim] sample:		1687.3 time, 1690.2 real, 62.3 MB
[runlim] sample:		1697.3 time, 1700.2 real, 62.5 MB
[runlim] sample:		1707.3 time, 1710.2 real, 62.5 MB
[runlim] sample:		1717.2 time, 1720.2 real, 62.5 MB
[runlim] sample:		1727.2 time, 1730.2 real, 62.5 MB
[runlim] sample:		1737.2 time, 1740.2 real, 62.7 MB
[runlim] sample:		1747.2 time, 1750.2 real, 62.7 MB
[runlim] sample:		1757.2 time, 1760.2 real, 62.7 MB
[runlim] sample:		1767.2 time, 1770.2 real, 62.7 MB
[runlim] sample:		1777.2 time, 1780.2 real, 62.7 MB
[runlim] sample:		1787.2 time, 1790.2 real, 62.7 MB
[runlim] sample:		1797.2 time, 1800.2 real, 62.7 MB
[runlim] sample:		1807.1 time, 1810.2 real, 62.7 MB
[runlim] sample:		1817.1 time, 1820.2 real, 62.7 MB
[runlim] sample:		1827.1 time, 1830.2 real, 62.7 MB
[runlim] sample:		1837.1 time, 1840.2 real, 62.7 MB
[runlim] sample:		1847.1 time, 1850.2 real, 62.9 MB
[runlim] sample:		1857.0 time, 1860.2 real, 62.9 MB
[runlim] sample:		1867.0 time, 1870.2 real, 62.9 MB
[runlim] sample:		1877.0 time, 1880.2 real, 62.9 MB
[runlim] sample:		1887.0 time, 1890.2 real, 62.9 MB
[runlim] sample:		1897.0 time, 1900.2 real, 62.9 MB
[runlim] sample:		1907.0 time, 1910.2 real, 62.9 MB
[runlim] sample:		1917.0 time, 1920.2 real, 62.9 MB
[runlim] sample:		1926.9 time, 1930.2 real, 62.9 MB
[runlim] sample:		1936.9 time, 1940.2 real, 62.9 MB
[runlim] sample:		1946.9 time, 1950.2 real, 62.9 MB
[runlim] sample:		1956.9 time, 1960.2 real, 74.3 MB
[runlim] sample:		1966.9 time, 1970.2 real, 74.3 MB
[runlim] sample:		1976.9 time, 1980.2 real, 74.3 MB
[runlim] sample:		1986.9 time, 1990.2 real, 74.3 MB
[runlim] sample:		1996.8 time, 2000.2 real, 75.6 MB
[runlim] sample:		2006.8 time, 2010.2 real, 76.7 MB
[runlim] sample:		2016.8 time, 2020.2 real, 77.8 MB
[runlim] sample:		2026.8 time, 2030.2 real, 78.7 MB
[runlim] sample:		2036.8 time, 2040.2 real, 79.6 MB
[runlim] sample:		2046.8 time, 2050.2 real, 79.8 MB
[runlim] sample:		2056.8 time, 2060.2 real, 79.8 MB
[runlim] sample:		2066.7 time, 2070.2 real, 79.8 MB
[runlim] sample:		2076.7 time, 2080.2 real, 79.8 MB
[runlim] sample:		2086.7 time, 2090.2 real, 79.8 MB
[runlim] sample:		2096.7 time, 2100.2 real, 80.5 MB
[runlim] sample:		2106.7 time, 2110.2 real, 81.6 MB
[runlim] sample:		2116.7 time, 2120.2 real, 82.3 MB
[runlim] sample:		2126.6 time, 2130.2 real, 82.3 MB
[runlim] sample:		2136.6 time, 2140.2 real, 82.3 MB
[runlim] sample:		2146.6 time, 2150.2 real, 82.3 MB
[runlim] sample:		2156.6 time, 2160.2 real, 82.3 MB
[runlim] sample:		2166.6 time, 2170.2 real, 82.3 MB
[runlim] sample:		2176.6 time, 2180.2 real, 82.3 MB
[runlim] sample:		2186.6 time, 2190.2 real, 82.3 MB
[runlim] sample:		2196.5 time, 2200.2 real, 82.3 MB
[runlim] sample:		2206.5 time, 2210.2 real, 82.3 MB
[runlim] sample:		2216.5 time, 2220.2 real, 82.3 MB
approxmc: /home/steuber/Dokumente/Bench/FP/tools/approxmc/src/counter.cpp:447: ApproxMC::SolCount Counter::count(): Assertion `numHashList.size() > 0 && "UNSAT should not be possible"' failed.
[runlim] end:			Mon Aug 17 12:57:34 2020
[runlim] status:		signal(6)
[runlim] result:		11
[runlim] children:		0
[runlim] real:			2225.01 seconds
[runlim] time:			2221.18 seconds
[runlim] space:			82.5 MB
[runlim] samples:		22248
** ASH **
[runlim] version:		1.10
[runlim] time limit:		311040000 seconds
[runlim] real time limit:	14400 seconds
[runlim] space limit:		2048 MB
[runlim] argv[0]:		approxmc
[runlim] argv[1]:		--sparse
[runlim] argv[2]:		1
[runlim] argv[3]:		/home/steuber/Dokumente/Bench/FP/experiments/results/usqrt.c/02/ash.dimacs
[runlim] start:			Mon Aug 17 12:57:34 2020
[runlim] main pid:		4048
[runlim] end:			Mon Aug 17 12:57:37 2020
[runlim] status:		ok
[runlim] result:		0
[runlim] children:		0
[runlim] real:			3.90 seconds
[runlim] time:			3.79 seconds
[runlim] space:			15.5 MB
[runlim] samples:		38
