** CON **
c Setting the timout to: 100000
c Outputting solution to console
c GANAK version 1.0.0
c time bound set to 300s
c ganak GIT revision: 33f36bcdd4a32f4f20f64e667de10d13d1377953
c ganak build env: CMAKE_CXX_COMPILER = /usr/bin/c++ | CMAKE_CXX_FLAGS =  -mtune=native -Wall -Wextra -Wunused -Wsign-compare -fno-omit-frame-pointer -Wtype-limits -Wuninitialized -Wno-deprecated -Wstrict-aliasing -Wpointer-arith -Wpointer-arith -Wformat-nonliteral -Winit-self -Wparentheses -Wunreachable-code -ggdb3 | COMPILE_DEFINES =  | STATICCOMPILE = OFF | ONLY_SIMPLE =  | Boost_FOUND =  | ZLIB_FOUND =  | ENABLE_TESTING =  | ENABLE_ASSERTIONS = ON | MY_TARGETS =  | compilation date time = Oct 29 2020 17:35:28
c Setting the timout to: 300
c Solving /experiments/results/example7b.c/02/counterSharp/con.dimacs
c variables (all/used/free): 	7775/7775/0
c clauses (all/long/binary/unit): 31571/25607/5869/95
c Sampling set is present, performing projected model counting 
c Sampling set size: 64
c Sampling set:  48 49 50 51 52 53 54 55 56 57 58 59 60 61 62 63 64 65 66 67 68 69 70 71 72 73 74 75 76 77 78 79 80 81 82 83 84 85 86 87 88 89 90 91 92 93 94 95 96 97 98 99 100 101 102 103 104 105 106 107 108 109 110 111
c 
c Preprocessing ..
c DONE

c FOUND UNSAT DURING PREPROCESSING 
c 
c 
c variables (total / active / free)	7775/7775/0
c clauses (removed) 			31571 (0)
c decisions 				0
c Max. decision level 			0
c conflicts 				0
c conflict clauses (all/bin/unit) 	0/0/95
c 
c failed literals found by implicit BCP 	 0
c implicit BCP miss rate 	 0%
c bytes cache size     	104	
c bytes cache (overall) 	104
c bytes cache components (overall) 	0
c bytes cache (infra / comps) 104/0	
c bytes pure comp data (curr)    0
c bytes pure comp data (overall) 0
c bytes cache with sysoverh (curr)    0
c bytes cache with sysoverh (overall) 0
c cache (lookup / stores / hits) 			0/0/0
c cache miss rate 0%
c avg. variable count (stores / hits) 	-nan/0
c 
c 
c # solutions 
s pmc 0
c # END
c 
c time: 0.031602s
** AMM **
c Setting the timout to: 100000
c Outputting solution to console
c GANAK version 1.0.0
c time bound set to 300s
c ganak GIT revision: 33f36bcdd4a32f4f20f64e667de10d13d1377953
c ganak build env: CMAKE_CXX_COMPILER = /usr/bin/c++ | CMAKE_CXX_FLAGS =  -mtune=native -Wall -Wextra -Wunused -Wsign-compare -fno-omit-frame-pointer -Wtype-limits -Wuninitialized -Wno-deprecated -Wstrict-aliasing -Wpointer-arith -Wpointer-arith -Wformat-nonliteral -Winit-self -Wparentheses -Wunreachable-code -ggdb3 | COMPILE_DEFINES =  | STATICCOMPILE = OFF | ONLY_SIMPLE =  | Boost_FOUND =  | ZLIB_FOUND =  | ENABLE_TESTING =  | ENABLE_ASSERTIONS = ON | MY_TARGETS =  | compilation date time = Oct 29 2020 17:35:28
c Setting the timout to: 300
c Solving /experiments/results/example7b.c/02/counterSharp/amm.dimacs
c variables (all/used/free): 	8390/8390/0
c clauses (all/long/binary/unit): 34187/27880/6215/92
c Sampling set is present, performing projected model counting 
c Sampling set size: 64
c Sampling set:  26 27 28 29 30 31 32 33 34 35 36 37 38 39 40 41 42 43 44 45 46 47 48 49 50 51 52 53 54 55 56 57 58 59 60 61 62 63 64 65 66 67 68 69 70 71 72 73 74 75 76 77 78 79 80 81 82 83 84 85 86 87 88 89
c 
c Preprocessing ..
c DONE
c variables (all/used/free): 	5678/5646/32
c clauses (all/long/binary/unit): 20052/12020/8032/0
c Maximum cache size:	1024 MB
c 
c Max decision level :25
c Max decision level :50
c Max decision level :75
c Max decision level :100
c Doing Restart
c Max decision level :125
c Cache full!!
c Cache full!!
c Cache full!!
** AMH **
c Setting the timout to: 100000
c Outputting solution to console
c GANAK version 1.0.0
c time bound set to 300s
c ganak GIT revision: 33f36bcdd4a32f4f20f64e667de10d13d1377953
c ganak build env: CMAKE_CXX_COMPILER = /usr/bin/c++ | CMAKE_CXX_FLAGS =  -mtune=native -Wall -Wextra -Wunused -Wsign-compare -fno-omit-frame-pointer -Wtype-limits -Wuninitialized -Wno-deprecated -Wstrict-aliasing -Wpointer-arith -Wpointer-arith -Wformat-nonliteral -Winit-self -Wparentheses -Wunreachable-code -ggdb3 | COMPILE_DEFINES =  | STATICCOMPILE = OFF | ONLY_SIMPLE =  | Boost_FOUND =  | ZLIB_FOUND =  | ENABLE_TESTING =  | ENABLE_ASSERTIONS = ON | MY_TARGETS =  | compilation date time = Oct 29 2020 17:35:28
c Setting the timout to: 300
c Solving /experiments/results/example7b.c/02/counterSharp/amh.dimacs
c variables (all/used/free): 	8390/8390/0
c clauses (all/long/binary/unit): 34187/27880/6215/92
c Sampling set is present, performing projected model counting 
c Sampling set size: 64
c Sampling set:  26 27 28 29 30 31 32 33 34 35 36 37 38 39 40 41 42 43 44 45 46 47 48 49 50 51 52 53 54 55 56 57 58 59 60 61 62 63 64 65 66 67 68 69 70 71 72 73 74 75 76 77 78 79 80 81 82 83 84 85 86 87 88 89
c 
c Preprocessing ..
c DONE
c variables (all/used/free): 	5423/5391/32
c clauses (all/long/binary/unit): 19218/11253/7965/0
c Maximum cache size:	1024 MB
c 
c Max decision level :25
c Max decision level :50
c Max decision level :75
c Doing Restart
c We have solved halfed
c We have solved halfed
c 
c 
c variables (total / active / free)	5423/5391/32
c clauses (removed) 			34187 (14969)
c decisions 				4572
c Max. decision level 			96
c conflicts 				224
c conflict clauses (all/bin/unit) 	3294/275/0
c 
c failed literals found by implicit BCP 	 2272
c implicit BCP miss rate 	 99.5177%
c bytes cache size     	36502728	
c bytes cache (overall) 	37662224
c bytes cache components (overall) 	17427816
c bytes cache (infra / comps) 20234408/16268320	
c bytes pure comp data (curr)    14284756
c bytes pure comp data (overall) 17675380
c bytes cache with sysoverh (curr)    16738432
c bytes cache with sysoverh (overall) 17946592
c cache (lookup / stores / hits) 			9588/9588/1
c cache miss rate 99.9896%
c avg. variable count (stores / hits) 	1254.07/5170
c 
c 
c # solutions 
s pmc 100
c # END
c 
c time: 1.7636s
** ASM **
c Setting the timout to: 100000
c Outputting solution to console
c GANAK version 1.0.0
c time bound set to 300s
c ganak GIT revision: 33f36bcdd4a32f4f20f64e667de10d13d1377953
c ganak build env: CMAKE_CXX_COMPILER = /usr/bin/c++ | CMAKE_CXX_FLAGS =  -mtune=native -Wall -Wextra -Wunused -Wsign-compare -fno-omit-frame-pointer -Wtype-limits -Wuninitialized -Wno-deprecated -Wstrict-aliasing -Wpointer-arith -Wpointer-arith -Wformat-nonliteral -Winit-self -Wparentheses -Wunreachable-code -ggdb3 | COMPILE_DEFINES =  | STATICCOMPILE = OFF | ONLY_SIMPLE =  | Boost_FOUND =  | ZLIB_FOUND =  | ENABLE_TESTING =  | ENABLE_ASSERTIONS = ON | MY_TARGETS =  | compilation date time = Oct 29 2020 17:35:28
c Setting the timout to: 300
c Solving /experiments/results/example7b.c/02/counterSharp/asm.dimacs
c variables (all/used/free): 	8392/8392/0
c clauses (all/long/binary/unit): 34193/27881/6219/93
c Sampling set is present, performing projected model counting 
c Sampling set size: 64
c Sampling set:  26 27 28 29 30 31 32 33 34 35 36 37 38 39 40 41 42 43 44 45 46 47 48 49 50 51 52 53 54 55 56 57 58 59 60 61 62 63 64 65 66 67 68 69 70 71 72 73 74 75 76 77 78 79 80 81 82 83 84 85 86 87 88 89
c 
c Preprocessing ..
c DONE
c variables (all/used/free): 	5418/5386/32
c clauses (all/long/binary/unit): 19191/11248/7943/0
c Maximum cache size:	1024 MB
c 
c Max decision level :25
c Max decision level :50
c Max decision level :75
c Doing Restart
c 
c 
c variables (total / active / free)	5418/5386/32
c clauses (removed) 			34193 (15002)
c decisions 				8406
c Max. decision level 			92
c conflicts 				1183
c conflict clauses (all/bin/unit) 	8283/370/0
c 
c failed literals found by implicit BCP 	 4692
c implicit BCP miss rate 	 99.3184%
c bytes cache size     	26801832	
c bytes cache (overall) 	31812564
c bytes cache components (overall) 	11578156
c bytes cache (infra / comps) 20234408/6567424	
c bytes pure comp data (curr)    18446744073703585952
c bytes pure comp data (overall) 14981764
c bytes cache with sysoverh (curr)    7004368
c bytes cache with sysoverh (overall) 12305856
c cache (lookup / stores / hits) 			13413/13414/0
c cache miss rate 100%
c avg. variable count (stores / hits) 	654.538/0
c 
c 
c # solutions 
s pmc 94
c # END
c 
c time: 2.04423s
** ASH **
c Setting the timout to: 100000
c Outputting solution to console
c GANAK version 1.0.0
c time bound set to 300s
c ganak GIT revision: 33f36bcdd4a32f4f20f64e667de10d13d1377953
c ganak build env: CMAKE_CXX_COMPILER = /usr/bin/c++ | CMAKE_CXX_FLAGS =  -mtune=native -Wall -Wextra -Wunused -Wsign-compare -fno-omit-frame-pointer -Wtype-limits -Wuninitialized -Wno-deprecated -Wstrict-aliasing -Wpointer-arith -Wpointer-arith -Wformat-nonliteral -Winit-self -Wparentheses -Wunreachable-code -ggdb3 | COMPILE_DEFINES =  | STATICCOMPILE = OFF | ONLY_SIMPLE =  | Boost_FOUND =  | ZLIB_FOUND =  | ENABLE_TESTING =  | ENABLE_ASSERTIONS = ON | MY_TARGETS =  | compilation date time = Oct 29 2020 17:35:28
c Setting the timout to: 300
c Solving /experiments/results/example7b.c/02/counterSharp/ash.dimacs
c variables (all/used/free): 	8392/8392/0
c clauses (all/long/binary/unit): 34193/27881/6219/93
c Sampling set is present, performing projected model counting 
c Sampling set size: 64
c Sampling set:  26 27 28 29 30 31 32 33 34 35 36 37 38 39 40 41 42 43 44 45 46 47 48 49 50 51 52 53 54 55 56 57 58 59 60 61 62 63 64 65 66 67 68 69 70 71 72 73 74 75 76 77 78 79 80 81 82 83 84 85 86 87 88 89
c 
c Preprocessing ..
c DONE
c variables (all/used/free): 	5418/5386/32
c clauses (all/long/binary/unit): 19205/11242/7963/0
c Maximum cache size:	1024 MB
c 
c Max decision level :25
c Max decision level :50
c Max decision level :75
c Max decision level :100
c Doing Restart
c 
c 
c variables (total / active / free)	5418/5386/32
c clauses (removed) 			34193 (14988)
c decisions 				9539
c Max. decision level 			100
c conflicts 				2794
c conflict clauses (all/bin/unit) 	14320/404/0
c 
c failed literals found by implicit BCP 	 7131
c implicit BCP miss rate 	 99.0871%
c bytes cache size     	26006724	
c bytes cache (overall) 	30071472
c bytes cache components (overall) 	9837064
c bytes cache (infra / comps) 20234408/5772316	
c bytes pure comp data (curr)    18446744073680481336
c bytes pure comp data (overall) 20442772
c bytes cache with sysoverh (curr)    6164576
c bytes cache with sysoverh (overall) 10628352
c cache (lookup / stores / hits) 			14544/14545/0
c cache miss rate 100%
c avg. variable count (stores / hits) 	647.305/0
c 
c 
c # solutions 
s pmc 85
c # END
c 
c time: 2.74169s
