** CON **
[runlim] version:		1.10
[runlim] time limit:		311040000 seconds
[runlim] real time limit:	300 seconds
[runlim] space limit:		2048 MB
[runlim] argv[0]:		approxmc
[runlim] argv[1]:		-s
[runlim] argv[2]:		01
[runlim] argv[3]:		/experiments/results/bwd_loop7-2.c/01/counterSharp/con.dimacs
[runlim] start:			Mon Aug  8 17:56:46 2022
[runlim] main pid:		1962
ERROR! Could not open file '/experiments/results/bwd_loop7-2.c/01/counterSharp/con.dimacs' for reading: No such file or directory
[runlim] end:			Mon Aug  8 17:56:46 2022
[runlim] status:		ok
[runlim] result:		0
[runlim] children:		0
[runlim] real:			0.75 seconds
[runlim] time:			0.00 seconds
[runlim] space:			0.0 MB
[runlim] samples:		0
** AMM **
[runlim] version:		1.10
[runlim] time limit:		311040000 seconds
[runlim] real time limit:	300 seconds
[runlim] space limit:		2048 MB
[runlim] argv[0]:		approxmc
[runlim] argv[1]:		-s
[runlim] argv[2]:		01
[runlim] argv[3]:		/experiments/results/bwd_loop7-2.c/01/counterSharp/amm.dimacs
[runlim] start:			Mon Aug  8 17:56:46 2022
[runlim] main pid:		1964
[runlim] end:			Mon Aug  8 17:56:51 2022
[runlim] status:		ok
[runlim] result:		0
[runlim] children:		0
[runlim] real:			5.66 seconds
[runlim] time:			4.81 seconds
[runlim] space:			59.2 MB
[runlim] samples:		49
** AMH **
[runlim] version:		1.10
[runlim] time limit:		311040000 seconds
[runlim] real time limit:	300 seconds
[runlim] space limit:		2048 MB
[runlim] argv[0]:		approxmc
[runlim] argv[1]:		-s
[runlim] argv[2]:		01
[runlim] argv[3]:		/experiments/results/bwd_loop7-2.c/01/counterSharp/amh.dimacs
[runlim] start:			Mon Aug  8 17:56:51 2022
[runlim] main pid:		1966
[runlim] end:			Mon Aug  8 17:56:56 2022
[runlim] status:		ok
[runlim] result:		0
[runlim] children:		0
[runlim] real:			5.57 seconds
[runlim] time:			4.79 seconds
[runlim] space:			53.2 MB
[runlim] samples:		48
** ASM **
[runlim] version:		1.10
[runlim] time limit:		311040000 seconds
[runlim] real time limit:	300 seconds
[runlim] space limit:		2048 MB
[runlim] argv[0]:		approxmc
[runlim] argv[1]:		-s
[runlim] argv[2]:		01
[runlim] argv[3]:		/experiments/results/bwd_loop7-2.c/01/counterSharp/asm.dimacs
[runlim] start:			Mon Aug  8 17:56:56 2022
[runlim] main pid:		1968
[runlim] sample:		9.9 time, 10.6 real, 54.2 MB
[runlim] end:			Mon Aug  8 17:57:11 2022
[runlim] status:		ok
[runlim] result:		0
[runlim] children:		0
[runlim] real:			15.95 seconds
[runlim] time:			15.22 seconds
[runlim] space:			61.0 MB
[runlim] samples:		153
** ASH **
[runlim] version:		1.10
[runlim] time limit:		311040000 seconds
[runlim] real time limit:	300 seconds
[runlim] space limit:		2048 MB
[runlim] argv[0]:		approxmc
[runlim] argv[1]:		-s
[runlim] argv[2]:		01
[runlim] argv[3]:		/experiments/results/bwd_loop7-2.c/01/counterSharp/ash.dimacs
[runlim] start:			Mon Aug  8 17:57:11 2022
[runlim] main pid:		1970
[runlim] end:			Mon Aug  8 17:57:19 2022
[runlim] status:		ok
[runlim] result:		0
[runlim] children:		0
[runlim] real:			8.35 seconds
[runlim] time:			7.28 seconds
[runlim] space:			61.3 MB
[runlim] samples:		73
