** CON **
[runlim] version:		1.10
[runlim] time limit:		311040000 seconds
[runlim] real time limit:	300 seconds
[runlim] space limit:		2048 MB
[runlim] argv[0]:		approxmc
[runlim] argv[1]:		-s
[runlim] argv[2]:		01
[runlim] argv[3]:		/experiments/results/Log.c/01/counterSharp/con.dimacs
[runlim] start:			Mon Aug  8 22:59:24 2022
[runlim] main pid:		4019
[runlim] end:			Mon Aug  8 22:59:24 2022
[runlim] status:		ok
[runlim] result:		0
[runlim] children:		0
[runlim] real:			0.25 seconds
[runlim] time:			0.00 seconds
[runlim] space:			5.7 MB
[runlim] samples:		1
** AMM **
[runlim] version:		1.10
[runlim] time limit:		311040000 seconds
[runlim] real time limit:	300 seconds
[runlim] space limit:		2048 MB
[runlim] argv[0]:		approxmc
[runlim] argv[1]:		-s
[runlim] argv[2]:		01
[runlim] argv[3]:		/experiments/results/Log.c/01/counterSharp/amm.dimacs
[runlim] start:			Mon Aug  8 22:59:24 2022
[runlim] main pid:		4021
[runlim] end:			Mon Aug  8 22:59:25 2022
[runlim] status:		ok
[runlim] result:		0
[runlim] children:		0
[runlim] real:			1.35 seconds
[runlim] time:			0.95 seconds
[runlim] space:			13.2 MB
[runlim] samples:		10
** AMH **
[runlim] version:		1.10
[runlim] time limit:		311040000 seconds
[runlim] real time limit:	300 seconds
[runlim] space limit:		2048 MB
[runlim] argv[0]:		approxmc
[runlim] argv[1]:		-s
[runlim] argv[2]:		01
[runlim] argv[3]:		/experiments/results/Log.c/01/counterSharp/amh.dimacs
[runlim] start:			Mon Aug  8 22:59:25 2022
[runlim] main pid:		4023
[runlim] end:			Mon Aug  8 22:59:27 2022
[runlim] status:		ok
[runlim] result:		0
[runlim] children:		0
[runlim] real:			2.19 seconds
[runlim] time:			1.72 seconds
[runlim] space:			13.0 MB
[runlim] samples:		18
** ASM **
[runlim] version:		1.10
[runlim] time limit:		311040000 seconds
[runlim] real time limit:	300 seconds
[runlim] space limit:		2048 MB
[runlim] argv[0]:		approxmc
[runlim] argv[1]:		-s
[runlim] argv[2]:		01
[runlim] argv[3]:		/experiments/results/Log.c/01/counterSharp/asm.dimacs
[runlim] start:			Mon Aug  8 22:59:27 2022
[runlim] main pid:		4025
[runlim] end:			Mon Aug  8 22:59:27 2022
[runlim] status:		ok
[runlim] result:		0
[runlim] children:		0
[runlim] real:			0.36 seconds
[runlim] time:			0.00 seconds
[runlim] space:			5.9 MB
[runlim] samples:		1
** ASH **
[runlim] version:		1.10
[runlim] time limit:		311040000 seconds
[runlim] real time limit:	300 seconds
[runlim] space limit:		2048 MB
[runlim] argv[0]:		approxmc
[runlim] argv[1]:		-s
[runlim] argv[2]:		01
[runlim] argv[3]:		/experiments/results/Log.c/01/counterSharp/ash.dimacs
[runlim] start:			Mon Aug  8 22:59:27 2022
[runlim] main pid:		4027
[runlim] end:			Mon Aug  8 22:59:29 2022
[runlim] status:		ok
[runlim] result:		0
[runlim] children:		0
[runlim] real:			2.06 seconds
[runlim] time:			1.54 seconds
[runlim] space:			13.0 MB
[runlim] samples:		16
