** CON **
[runlim] version:		1.10
[runlim] time limit:		311040000 seconds
[runlim] real time limit:	300 seconds
[runlim] space limit:		2048 MB
[runlim] argv[0]:		ganak
[runlim] argv[1]:		-t
[runlim] argv[2]:		300
[runlim] argv[3]:		-cs
[runlim] argv[4]:		1024
[runlim] argv[5]:		-seed
[runlim] argv[6]:		03
[runlim] argv[7]:		/experiments/results/count_up_down_true-unreach-call_true-termination.c/03/counterSharp/con.dimacs
[runlim] start:			Sun Nov  1 03:05:05 2020
[runlim] main pid:		2994
[runlim] end:			Sun Nov  1 03:05:05 2020
[runlim] status:		ok
[runlim] result:		0
[runlim] children:		0
[runlim] real:			0.79 seconds
[runlim] time:			0.00 seconds
[runlim] space:			0.0 MB
[runlim] samples:		0
** AMM **
[runlim] version:		1.10
[runlim] time limit:		311040000 seconds
[runlim] real time limit:	300 seconds
[runlim] space limit:		2048 MB
[runlim] argv[0]:		ganak
[runlim] argv[1]:		-t
[runlim] argv[2]:		300
[runlim] argv[3]:		-cs
[runlim] argv[4]:		1024
[runlim] argv[5]:		-seed
[runlim] argv[6]:		03
[runlim] argv[7]:		/experiments/results/count_up_down_true-unreach-call_true-termination.c/03/counterSharp/amm.dimacs
[runlim] start:			Sun Nov  1 03:05:05 2020
[runlim] main pid:		2996
[runlim] end:			Sun Nov  1 03:05:06 2020
[runlim] status:		ok
[runlim] result:		0
[runlim] children:		0
[runlim] real:			1.71 seconds
[runlim] time:			0.89 seconds
[runlim] space:			10.4 MB
[runlim] samples:		9
** AMH **
[runlim] version:		1.10
[runlim] time limit:		311040000 seconds
[runlim] real time limit:	300 seconds
[runlim] space limit:		2048 MB
[runlim] argv[0]:		ganak
[runlim] argv[1]:		-t
[runlim] argv[2]:		300
[runlim] argv[3]:		-cs
[runlim] argv[4]:		1024
[runlim] argv[5]:		-seed
[runlim] argv[6]:		03
[runlim] argv[7]:		/experiments/results/count_up_down_true-unreach-call_true-termination.c/03/counterSharp/amh.dimacs
[runlim] start:			Sun Nov  1 03:05:06 2020
[runlim] main pid:		2998
[runlim] end:			Sun Nov  1 03:05:06 2020
[runlim] status:		ok
[runlim] result:		0
[runlim] children:		0
[runlim] real:			0.72 seconds
[runlim] time:			0.00 seconds
[runlim] space:			0.0 MB
[runlim] samples:		0
** ASM **
[runlim] version:		1.10
[runlim] time limit:		311040000 seconds
[runlim] real time limit:	300 seconds
[runlim] space limit:		2048 MB
[runlim] argv[0]:		ganak
[runlim] argv[1]:		-t
[runlim] argv[2]:		300
[runlim] argv[3]:		-cs
[runlim] argv[4]:		1024
[runlim] argv[5]:		-seed
[runlim] argv[6]:		03
[runlim] argv[7]:		/experiments/results/count_up_down_true-unreach-call_true-termination.c/03/counterSharp/asm.dimacs
[runlim] start:			Sun Nov  1 03:05:06 2020
[runlim] main pid:		3000
[runlim] end:			Sun Nov  1 03:05:06 2020
[runlim] status:		ok
[runlim] result:		0
[runlim] children:		0
[runlim] real:			0.73 seconds
[runlim] time:			0.00 seconds
[runlim] space:			0.0 MB
[runlim] samples:		0
** ASH **
[runlim] version:		1.10
[runlim] time limit:		311040000 seconds
[runlim] real time limit:	300 seconds
[runlim] space limit:		2048 MB
[runlim] argv[0]:		ganak
[runlim] argv[1]:		-t
[runlim] argv[2]:		300
[runlim] argv[3]:		-cs
[runlim] argv[4]:		1024
[runlim] argv[5]:		-seed
[runlim] argv[6]:		03
[runlim] argv[7]:		/experiments/results/count_up_down_true-unreach-call_true-termination.c/03/counterSharp/ash.dimacs
[runlim] start:			Sun Nov  1 03:05:06 2020
[runlim] main pid:		3002
[runlim] end:			Sun Nov  1 03:05:06 2020
[runlim] status:		ok
[runlim] result:		0
[runlim] children:		0
[runlim] real:			0.75 seconds
[runlim] time:			0.00 seconds
[runlim] space:			0.0 MB
[runlim] samples:		0
