** CON **
[runlim] version:		1.10
[runlim] time limit:		311040000 seconds
[runlim] real time limit:	300 seconds
[runlim] space limit:		2048 MB
[runlim] argv[0]:		approxmc
[runlim] argv[1]:		--sparse
[runlim] argv[2]:		1
[runlim] argv[3]:		-s
[runlim] argv[4]:		03
[runlim] argv[5]:		/experiments/results/example7b.c/03/counterSharp/con.dimacs
[runlim] start:			Mon Nov  9 14:51:22 2020
[runlim] main pid:		4205
[runlim] end:			Mon Nov  9 14:51:22 2020
[runlim] status:		ok
[runlim] result:		0
[runlim] children:		0
[runlim] real:			0.95 seconds
[runlim] time:			0.00 seconds
[runlim] space:			0.0 MB
[runlim] samples:		0
** AMM **
[runlim] version:		1.10
[runlim] time limit:		311040000 seconds
[runlim] real time limit:	300 seconds
[runlim] space limit:		2048 MB
[runlim] argv[0]:		approxmc
[runlim] argv[1]:		--sparse
[runlim] argv[2]:		1
[runlim] argv[3]:		-s
[runlim] argv[4]:		03
[runlim] argv[5]:		/experiments/results/example7b.c/03/counterSharp/amm.dimacs
[runlim] start:			Mon Nov  9 14:51:22 2020
[runlim] main pid:		4207
[runlim] end:			Mon Nov  9 14:51:24 2020
[runlim] status:		ok
[runlim] result:		0
[runlim] children:		0
[runlim] real:			2.85 seconds
[runlim] time:			1.89 seconds
[runlim] space:			18.5 MB
[runlim] samples:		19
** AMH **
[runlim] version:		1.10
[runlim] time limit:		311040000 seconds
[runlim] real time limit:	300 seconds
[runlim] space limit:		2048 MB
[runlim] argv[0]:		approxmc
[runlim] argv[1]:		--sparse
[runlim] argv[2]:		1
[runlim] argv[3]:		-s
[runlim] argv[4]:		03
[runlim] argv[5]:		/experiments/results/example7b.c/03/counterSharp/amh.dimacs
[runlim] start:			Mon Nov  9 14:51:24 2020
[runlim] main pid:		4209
[runlim] end:			Mon Nov  9 14:51:25 2020
[runlim] status:		ok
[runlim] result:		0
[runlim] children:		0
[runlim] real:			1.72 seconds
[runlim] time:			0.78 seconds
[runlim] space:			13.4 MB
[runlim] samples:		8
** ASM **
[runlim] version:		1.10
[runlim] time limit:		311040000 seconds
[runlim] real time limit:	300 seconds
[runlim] space limit:		2048 MB
[runlim] argv[0]:		approxmc
[runlim] argv[1]:		--sparse
[runlim] argv[2]:		1
[runlim] argv[3]:		-s
[runlim] argv[4]:		03
[runlim] argv[5]:		/experiments/results/example7b.c/03/counterSharp/asm.dimacs
[runlim] start:			Mon Nov  9 14:51:25 2020
[runlim] main pid:		4211
[runlim] end:			Mon Nov  9 14:51:26 2020
[runlim] status:		ok
[runlim] result:		0
[runlim] children:		0
[runlim] real:			1.71 seconds
[runlim] time:			0.89 seconds
[runlim] space:			13.4 MB
[runlim] samples:		9
** ASH **
[runlim] version:		1.10
[runlim] time limit:		311040000 seconds
[runlim] real time limit:	300 seconds
[runlim] space limit:		2048 MB
[runlim] argv[0]:		approxmc
[runlim] argv[1]:		--sparse
[runlim] argv[2]:		1
[runlim] argv[3]:		-s
[runlim] argv[4]:		03
[runlim] argv[5]:		/experiments/results/example7b.c/03/counterSharp/ash.dimacs
[runlim] start:			Mon Nov  9 14:51:26 2020
[runlim] main pid:		4213
[runlim] end:			Mon Nov  9 14:51:28 2020
[runlim] status:		ok
[runlim] result:		0
[runlim] children:		0
[runlim] real:			2.37 seconds
[runlim] time:			1.59 seconds
[runlim] space:			14.0 MB
[runlim] samples:		16
