** CON **
[runlim] version:		1.10
[runlim] time limit:		311040000 seconds
[runlim] real time limit:	300 seconds
[runlim] space limit:		2048 MB
[runlim] argv[0]:		ganak
[runlim] argv[1]:		-t
[runlim] argv[2]:		300
[runlim] argv[3]:		-cs
[runlim] argv[4]:		1024
[runlim] argv[5]:		-seed
[runlim] argv[6]:		04
[runlim] argv[7]:		/experiments/results/Waldkirch.c/04/counterSharp/con.dimacs
[runlim] start:			Sun Nov  1 14:18:43 2020
[runlim] main pid:		5923
[runlim] end:			Sun Nov  1 14:18:43 2020
[runlim] status:		ok
[runlim] result:		0
[runlim] children:		0
[runlim] real:			0.62 seconds
[runlim] time:			0.00 seconds
[runlim] space:			0.0 MB
[runlim] samples:		0
** AMM **
[runlim] version:		1.10
[runlim] time limit:		311040000 seconds
[runlim] real time limit:	300 seconds
[runlim] space limit:		2048 MB
[runlim] argv[0]:		ganak
[runlim] argv[1]:		-t
[runlim] argv[2]:		300
[runlim] argv[3]:		-cs
[runlim] argv[4]:		1024
[runlim] argv[5]:		-seed
[runlim] argv[6]:		04
[runlim] argv[7]:		/experiments/results/Waldkirch.c/04/counterSharp/amm.dimacs
[runlim] start:			Sun Nov  1 14:18:43 2020
[runlim] main pid:		5925
[runlim] end:			Sun Nov  1 14:18:45 2020
[runlim] status:		ok
[runlim] result:		0
[runlim] children:		0
[runlim] real:			2.07 seconds
[runlim] time:			1.39 seconds
[runlim] space:			11.2 MB
[runlim] samples:		14
** AMH **
[runlim] version:		1.10
[runlim] time limit:		311040000 seconds
[runlim] real time limit:	300 seconds
[runlim] space limit:		2048 MB
[runlim] argv[0]:		ganak
[runlim] argv[1]:		-t
[runlim] argv[2]:		300
[runlim] argv[3]:		-cs
[runlim] argv[4]:		1024
[runlim] argv[5]:		-seed
[runlim] argv[6]:		04
[runlim] argv[7]:		/experiments/results/Waldkirch.c/04/counterSharp/amh.dimacs
[runlim] start:			Sun Nov  1 14:18:45 2020
[runlim] main pid:		5927
[runlim] end:			Sun Nov  1 14:18:45 2020
[runlim] status:		ok
[runlim] result:		0
[runlim] children:		0
[runlim] real:			0.10 seconds
[runlim] time:			0.00 seconds
[runlim] space:			0.0 MB
[runlim] samples:		0
** ASM **
[runlim] version:		1.10
[runlim] time limit:		311040000 seconds
[runlim] real time limit:	300 seconds
[runlim] space limit:		2048 MB
[runlim] argv[0]:		ganak
[runlim] argv[1]:		-t
[runlim] argv[2]:		300
[runlim] argv[3]:		-cs
[runlim] argv[4]:		1024
[runlim] argv[5]:		-seed
[runlim] argv[6]:		04
[runlim] argv[7]:		/experiments/results/Waldkirch.c/04/counterSharp/asm.dimacs
[runlim] start:			Sun Nov  1 14:18:45 2020
[runlim] main pid:		5929
[runlim] end:			Sun Nov  1 14:18:45 2020
[runlim] status:		ok
[runlim] result:		0
[runlim] children:		0
[runlim] real:			0.11 seconds
[runlim] time:			0.00 seconds
[runlim] space:			0.0 MB
[runlim] samples:		0
** ASH **
[runlim] version:		1.10
[runlim] time limit:		311040000 seconds
[runlim] real time limit:	300 seconds
[runlim] space limit:		2048 MB
[runlim] argv[0]:		ganak
[runlim] argv[1]:		-t
[runlim] argv[2]:		300
[runlim] argv[3]:		-cs
[runlim] argv[4]:		1024
[runlim] argv[5]:		-seed
[runlim] argv[6]:		04
[runlim] argv[7]:		/experiments/results/Waldkirch.c/04/counterSharp/ash.dimacs
[runlim] start:			Sun Nov  1 14:18:45 2020
[runlim] main pid:		5931
[runlim] end:			Sun Nov  1 14:18:45 2020
[runlim] status:		ok
[runlim] result:		0
[runlim] children:		0
[runlim] real:			0.14 seconds
[runlim] time:			0.00 seconds
[runlim] space:			0.0 MB
[runlim] samples:		0
