** CON **
[runlim] version:		1.10
[runlim] time limit:		311040000 seconds
[runlim] real time limit:	300 seconds
[runlim] space limit:		2048 MB
[runlim] argv[0]:		ganak
[runlim] argv[1]:		-t
[runlim] argv[2]:		300
[runlim] argv[3]:		-cs
[runlim] argv[4]:		1024
[runlim] argv[5]:		-seed
[runlim] argv[6]:		01
[runlim] argv[7]:		/experiments/results/rangesum07.c/01/counterSharp/con.dimacs
[runlim] start:			Sat Oct 31 17:49:08 2020
[runlim] main pid:		678
Cannot open file: /experiments/results/rangesum07.c/01/counterSharp/con.dimacs
[runlim] end:			Sat Oct 31 17:49:08 2020
[runlim] status:		ok
[runlim] result:		0
[runlim] children:		0
[runlim] real:			0.98 seconds
[runlim] time:			0.00 seconds
[runlim] space:			0.0 MB
[runlim] samples:		0
** AMM **
[runlim] version:		1.10
[runlim] time limit:		311040000 seconds
[runlim] real time limit:	300 seconds
[runlim] space limit:		2048 MB
[runlim] argv[0]:		ganak
[runlim] argv[1]:		-t
[runlim] argv[2]:		300
[runlim] argv[3]:		-cs
[runlim] argv[4]:		1024
[runlim] argv[5]:		-seed
[runlim] argv[6]:		01
[runlim] argv[7]:		/experiments/results/rangesum07.c/01/counterSharp/amm.dimacs
[runlim] start:			Sat Oct 31 17:49:08 2020
[runlim] main pid:		680
Cannot open file: /experiments/results/rangesum07.c/01/counterSharp/amm.dimacs
[runlim] end:			Sat Oct 31 17:49:08 2020
[runlim] status:		ok
[runlim] result:		0
[runlim] children:		0
[runlim] real:			0.98 seconds
[runlim] time:			0.00 seconds
[runlim] space:			0.0 MB
[runlim] samples:		0
** AMH **
[runlim] version:		1.10
[runlim] time limit:		311040000 seconds
[runlim] real time limit:	300 seconds
[runlim] space limit:		2048 MB
[runlim] argv[0]:		ganak
[runlim] argv[1]:		-t
[runlim] argv[2]:		300
[runlim] argv[3]:		-cs
[runlim] argv[4]:		1024
[runlim] argv[5]:		-seed
[runlim] argv[6]:		01
[runlim] argv[7]:		/experiments/results/rangesum07.c/01/counterSharp/amh.dimacs
[runlim] start:			Sat Oct 31 17:49:08 2020
[runlim] main pid:		682
[runlim] sample:		10.0 time, 11.0 real, 25.2 MB
[runlim] sample:		20.0 time, 21.0 real, 31.3 MB
[runlim] sample:		30.0 time, 31.0 real, 35.5 MB
[runlim] sample:		40.0 time, 41.0 real, 39.9 MB
[runlim] sample:		50.0 time, 51.0 real, 44.8 MB
[runlim] sample:		60.0 time, 61.0 real, 49.4 MB
[runlim] sample:		70.0 time, 71.0 real, 54.3 MB
[runlim] sample:		80.0 time, 81.0 real, 58.4 MB
[runlim] sample:		90.0 time, 91.0 real, 62.5 MB
[runlim] sample:		100.0 time, 101.0 real, 66.7 MB
[runlim] sample:		110.0 time, 111.0 real, 73.8 MB
[runlim] sample:		120.0 time, 121.0 real, 78.5 MB
[runlim] sample:		130.0 time, 131.0 real, 84.6 MB
[runlim] sample:		140.0 time, 141.0 real, 91.4 MB
[runlim] sample:		150.0 time, 151.0 real, 97.5 MB
[runlim] sample:		160.0 time, 161.0 real, 102.4 MB
[runlim] sample:		170.0 time, 171.0 real, 106.8 MB
[runlim] sample:		180.0 time, 181.0 real, 110.9 MB
[runlim] sample:		189.9 time, 191.0 real, 118.6 MB
[runlim] sample:		199.9 time, 201.0 real, 123.5 MB
[runlim] sample:		210.0 time, 211.0 real, 127.9 MB
[runlim] sample:		220.0 time, 221.0 real, 131.2 MB
[runlim] sample:		230.0 time, 231.0 real, 135.4 MB
[runlim] sample:		239.9 time, 241.0 real, 138.7 MB
[runlim] sample:		249.9 time, 251.0 real, 142.3 MB
[runlim] sample:		259.9 time, 261.0 real, 144.9 MB
[runlim] sample:		269.9 time, 271.0 real, 147.2 MB
[runlim] sample:		279.9 time, 281.0 real, 150.1 MB
[runlim] sample:		289.9 time, 291.0 real, 152.9 MB
[runlim] end:			Sat Oct 31 17:54:08 2020
[runlim] status:		out of time
[runlim] result:		2
[runlim] children:		0
[runlim] real:			300.10 seconds
[runlim] time:			299.05 seconds
[runlim] space:			157.5 MB
[runlim] samples:		2991
** ASM **
[runlim] version:		1.10
[runlim] time limit:		311040000 seconds
[runlim] real time limit:	300 seconds
[runlim] space limit:		2048 MB
[runlim] argv[0]:		ganak
[runlim] argv[1]:		-t
[runlim] argv[2]:		300
[runlim] argv[3]:		-cs
[runlim] argv[4]:		1024
[runlim] argv[5]:		-seed
[runlim] argv[6]:		01
[runlim] argv[7]:		/experiments/results/rangesum07.c/01/counterSharp/asm.dimacs
[runlim] start:			Sat Oct 31 17:54:08 2020
[runlim] main pid:		684
[runlim] sample:		10.0 time, 10.1 real, 25.3 MB
[runlim] sample:		20.0 time, 20.1 real, 29.4 MB
[runlim] sample:		30.0 time, 30.1 real, 33.8 MB
[runlim] sample:		40.0 time, 40.1 real, 40.5 MB
[runlim] sample:		50.0 time, 50.1 real, 45.7 MB
[runlim] sample:		60.0 time, 60.1 real, 50.6 MB
[runlim] sample:		70.0 time, 70.1 real, 55.4 MB
[runlim] sample:		80.0 time, 80.1 real, 61.3 MB
[runlim] sample:		90.0 time, 90.1 real, 65.7 MB
[runlim] sample:		100.0 time, 100.1 real, 69.8 MB
[runlim] sample:		110.0 time, 110.1 real, 75.2 MB
[runlim] sample:		120.0 time, 120.1 real, 80.1 MB
[runlim] sample:		130.0 time, 130.1 real, 88.8 MB
[runlim] sample:		140.0 time, 140.1 real, 95.5 MB
[runlim] sample:		150.0 time, 150.1 real, 101.4 MB
[runlim] sample:		160.0 time, 160.1 real, 106.1 MB
[runlim] sample:		170.0 time, 170.1 real, 110.2 MB
[runlim] sample:		180.0 time, 180.1 real, 114.6 MB
[runlim] sample:		189.9 time, 190.1 real, 119.7 MB
[runlim] sample:		199.9 time, 200.1 real, 127.2 MB
[runlim] sample:		209.9 time, 210.1 real, 131.0 MB
[runlim] sample:		219.9 time, 220.1 real, 136.2 MB
[runlim] sample:		230.0 time, 230.1 real, 141.1 MB
[runlim] sample:		239.9 time, 240.1 real, 144.7 MB
[runlim] sample:		249.9 time, 250.1 real, 148.6 MB
[runlim] sample:		259.9 time, 260.1 real, 151.9 MB
[runlim] sample:		269.9 time, 270.1 real, 154.7 MB
[runlim] sample:		279.9 time, 280.1 real, 157.6 MB
[runlim] sample:		289.9 time, 290.1 real, 160.2 MB
[runlim] end:			Sat Oct 31 17:59:08 2020
[runlim] status:		out of time
[runlim] result:		2
[runlim] children:		0
[runlim] real:			300.02 seconds
[runlim] time:			299.84 seconds
[runlim] space:			163.8 MB
[runlim] samples:		2999
** ASH **
[runlim] version:		1.10
[runlim] time limit:		311040000 seconds
[runlim] real time limit:	300 seconds
[runlim] space limit:		2048 MB
[runlim] argv[0]:		ganak
[runlim] argv[1]:		-t
[runlim] argv[2]:		300
[runlim] argv[3]:		-cs
[runlim] argv[4]:		1024
[runlim] argv[5]:		-seed
[runlim] argv[6]:		01
[runlim] argv[7]:		/experiments/results/rangesum07.c/01/counterSharp/ash.dimacs
[runlim] start:			Sat Oct 31 17:59:08 2020
[runlim] main pid:		686
[runlim] sample:		10.0 time, 10.0 real, 27.5 MB
[runlim] sample:		20.0 time, 20.0 real, 34.3 MB
[runlim] sample:		30.0 time, 30.0 real, 40.2 MB
[runlim] sample:		40.0 time, 40.0 real, 45.5 MB
[runlim] sample:		50.0 time, 50.0 real, 48.5 MB
[runlim] sample:		60.0 time, 60.0 real, 53.8 MB
[runlim] sample:		70.0 time, 70.0 real, 58.9 MB
[runlim] sample:		80.0 time, 80.0 real, 60.9 MB
[runlim] sample:		90.0 time, 90.0 real, 66.7 MB
[runlim] sample:		100.0 time, 100.0 real, 68.7 MB
[runlim] sample:		110.0 time, 110.0 real, 71.5 MB
[runlim] sample:		120.0 time, 120.0 real, 73.7 MB
[runlim] sample:		129.9 time, 130.0 real, 79.8 MB
[runlim] sample:		139.9 time, 140.0 real, 83.3 MB
[runlim] sample:		149.9 time, 150.0 real, 85.3 MB
[runlim] sample:		159.9 time, 160.0 real, 88.3 MB
[runlim] sample:		169.9 time, 170.0 real, 91.3 MB
[runlim] sample:		179.9 time, 180.0 real, 95.1 MB
[runlim] sample:		189.9 time, 190.0 real, 99.1 MB
[runlim] sample:		199.9 time, 200.0 real, 102.4 MB
[runlim] sample:		209.9 time, 210.0 real, 104.4 MB
[runlim] sample:		219.9 time, 220.0 real, 107.7 MB
[runlim] sample:		229.9 time, 230.0 real, 107.7 MB
[runlim] sample:		239.9 time, 240.0 real, 109.7 MB
[runlim] sample:		249.9 time, 250.0 real, 109.7 MB
[runlim] sample:		259.9 time, 260.0 real, 114.0 MB
[runlim] sample:		269.9 time, 270.0 real, 116.0 MB
[runlim] sample:		279.9 time, 280.0 real, 116.0 MB
[runlim] sample:		289.9 time, 290.0 real, 119.0 MB
[runlim] sample:		299.9 time, 300.0 real, 121.0 MB
[runlim] end:			Sat Oct 31 18:04:08 2020
[runlim] status:		out of time
[runlim] result:		2
[runlim] children:		0
[runlim] real:			300.05 seconds
[runlim] time:			299.92 seconds
[runlim] space:			121.0 MB
[runlim] samples:		3000
