** CON **
c ApproxMC SHA revision df6d9fc8d112d758301d7527817e2eb1029fa5eb
c ApproxMC version 4.0.1
c ApproxMC compilation env CMAKE_CXX_COMPILER = /usr/bin/c++ | CMAKE_CXX_FLAGS =  -Wall -Wextra -Wunused -Wsign-compare -fno-omit-frame-pointer -Wtype-limits -Wuninitialized -Wno-deprecated -Wstrict-aliasing -Wpointer-arith -fvisibility=hidden -Wpointer-arith -Wformat-nonliteral -Winit-self -Wparentheses -Wunreachable-code -g -fvisibility=hidden -Wlogical-op -Wrestrict -Wnull-dereference -Wdouble-promotion -Wshadow -Wformat=2 -Wextra-semi -pedantic | COMPILE_DEFINES =  -DBOOST_TEST_DYN_LINK | STATICCOMPILE = OFF | Boost_FOUND = TRUE | ZLIB_FOUND = TRUE | VALGRIND_FOUND =  | GMP_FOUND = TRUE | ENABLE_ASSERTIONS = ON | MY_TARGETS =  | compilation date time = Oct 29 2020 17:34:59
c ApproxMC compiled with gcc version 9.3.0
c CryptoMiniSat version 5.8.0
c CMS Copyright Mate Soos (soos.mate@gmail.com)
c CMS SHA revision 6477e8bc43b0fda7038965bb148b64b8637c804b
c CMS is GPL licensed due to M4RI being linked. Build without M4RI to get MIT version
c Using VMTF code by Armin Biere from CaDiCaL
c Using Yalsat by Armin Biere, see Balint et al. Improving implementation of SLS solvers [...], SAT'14
c Using WalkSAT by Henry Kautz, see Kautz and Selman Pushing the envelope: planning, propositional logic, and stochastic search, AAAI'96,
c Using code from 'When Boolean Satisfiability Meets Gauss-E. in a Simplex Way'
c       by C.-S. Han and J.-H. Roland Jiang in CAV 2012. Fixes by M. Soos
c Using CCAnr from 'CCAnr: A Conf. Checking Based Local Search Solver [...]'
c       by Shaowei Cai, Chuan Luo, and Kaile Su, SAT 2015
c CMS compilation env CMAKE_CXX_COMPILER = /usr/bin/c++ | CMAKE_CXX_FLAGS =  -fvisibility=hidden -Wall -Wextra -Wunused -Wsign-compare -fno-omit-frame-pointer -Wtype-limits -Wuninitialized -Wno-deprecated -Wstrict-aliasing -Wpointer-arith -Wpointer-arith -Wformat-nonliteral -Winit-self -Wparentheses -Wunreachable-code -g -Wno-class-memaccess -mpopcnt -msse4.2 -ggdb3 -Wlogical-op -Wrestrict -Wnull-dereference -Wdouble-promotion -Wshadow -Wformat=2 -Wextra-semi -pedantic | COMPILE_DEFINES =  -DEXTENDED_FEATURES -DUSE_GAUSS -DBOOST_TEST_DYN_LINK -DUSE_ZLIB -DYALSAT_FPU -DUSE_M4RI | STATICCOMPILE = OFF | ONLY_SIMPLE = OFF | Boost_FOUND = TRUE | STATS = OFF | SQLITE3_FOUND = FALSE | ZLIB_FOUND = TRUE | VALGRIND_FOUND =  | ENABLE_TESTING = OFF | M4RI_FOUND = TRUE | NOM4RI = OFF | SLOW_DEBUG = OFF | ENABLE_ASSERTIONS = ON | PYTHON_EXECUTABLE = PYTHON_EXECUTABLE-NOTFOUND | PYTHON_LIBRARY = PYTHON_LIBRARY-NOTFOUND | PYTHON_INCLUDE_DIRS =  | MY_TARGETS =  | LARGEMEM = OFF | LIMITMEM = OFF | BREAKID_LIBRARIES =  | BREAKID-VER = . | BOSPHORUS_LIBRARIES =  | BOSPH-VER = . | compilation date time = Oct 29 2020 17:34:11
c CMS compiled with gcc version 9.3.0
c executed with command line: approxmc --sparse 1 -s 02 /experiments/results/rangesum07.c/02/counterSharp/con.dimacs
** AMM **
c ApproxMC SHA revision df6d9fc8d112d758301d7527817e2eb1029fa5eb
c ApproxMC version 4.0.1
c ApproxMC compilation env CMAKE_CXX_COMPILER = /usr/bin/c++ | CMAKE_CXX_FLAGS =  -Wall -Wextra -Wunused -Wsign-compare -fno-omit-frame-pointer -Wtype-limits -Wuninitialized -Wno-deprecated -Wstrict-aliasing -Wpointer-arith -fvisibility=hidden -Wpointer-arith -Wformat-nonliteral -Winit-self -Wparentheses -Wunreachable-code -g -fvisibility=hidden -Wlogical-op -Wrestrict -Wnull-dereference -Wdouble-promotion -Wshadow -Wformat=2 -Wextra-semi -pedantic | COMPILE_DEFINES =  -DBOOST_TEST_DYN_LINK | STATICCOMPILE = OFF | Boost_FOUND = TRUE | ZLIB_FOUND = TRUE | VALGRIND_FOUND =  | GMP_FOUND = TRUE | ENABLE_ASSERTIONS = ON | MY_TARGETS =  | compilation date time = Oct 29 2020 17:34:59
c ApproxMC compiled with gcc version 9.3.0
c CryptoMiniSat version 5.8.0
c CMS Copyright Mate Soos (soos.mate@gmail.com)
c CMS SHA revision 6477e8bc43b0fda7038965bb148b64b8637c804b
c CMS is GPL licensed due to M4RI being linked. Build without M4RI to get MIT version
c Using VMTF code by Armin Biere from CaDiCaL
c Using Yalsat by Armin Biere, see Balint et al. Improving implementation of SLS solvers [...], SAT'14
c Using WalkSAT by Henry Kautz, see Kautz and Selman Pushing the envelope: planning, propositional logic, and stochastic search, AAAI'96,
c Using code from 'When Boolean Satisfiability Meets Gauss-E. in a Simplex Way'
c       by C.-S. Han and J.-H. Roland Jiang in CAV 2012. Fixes by M. Soos
c Using CCAnr from 'CCAnr: A Conf. Checking Based Local Search Solver [...]'
c       by Shaowei Cai, Chuan Luo, and Kaile Su, SAT 2015
c CMS compilation env CMAKE_CXX_COMPILER = /usr/bin/c++ | CMAKE_CXX_FLAGS =  -fvisibility=hidden -Wall -Wextra -Wunused -Wsign-compare -fno-omit-frame-pointer -Wtype-limits -Wuninitialized -Wno-deprecated -Wstrict-aliasing -Wpointer-arith -Wpointer-arith -Wformat-nonliteral -Winit-self -Wparentheses -Wunreachable-code -g -Wno-class-memaccess -mpopcnt -msse4.2 -ggdb3 -Wlogical-op -Wrestrict -Wnull-dereference -Wdouble-promotion -Wshadow -Wformat=2 -Wextra-semi -pedantic | COMPILE_DEFINES =  -DEXTENDED_FEATURES -DUSE_GAUSS -DBOOST_TEST_DYN_LINK -DUSE_ZLIB -DYALSAT_FPU -DUSE_M4RI | STATICCOMPILE = OFF | ONLY_SIMPLE = OFF | Boost_FOUND = TRUE | STATS = OFF | SQLITE3_FOUND = FALSE | ZLIB_FOUND = TRUE | VALGRIND_FOUND =  | ENABLE_TESTING = OFF | M4RI_FOUND = TRUE | NOM4RI = OFF | SLOW_DEBUG = OFF | ENABLE_ASSERTIONS = ON | PYTHON_EXECUTABLE = PYTHON_EXECUTABLE-NOTFOUND | PYTHON_LIBRARY = PYTHON_LIBRARY-NOTFOUND | PYTHON_INCLUDE_DIRS =  | MY_TARGETS =  | LARGEMEM = OFF | LIMITMEM = OFF | BREAKID_LIBRARIES =  | BREAKID-VER = . | BOSPHORUS_LIBRARIES =  | BOSPH-VER = . | compilation date time = Oct 29 2020 17:34:11
c CMS compiled with gcc version 9.3.0
c executed with command line: approxmc --sparse 1 -s 02 /experiments/results/rangesum07.c/02/counterSharp/amm.dimacs
** AMH **
c ApproxMC SHA revision df6d9fc8d112d758301d7527817e2eb1029fa5eb
c ApproxMC version 4.0.1
c ApproxMC compilation env CMAKE_CXX_COMPILER = /usr/bin/c++ | CMAKE_CXX_FLAGS =  -Wall -Wextra -Wunused -Wsign-compare -fno-omit-frame-pointer -Wtype-limits -Wuninitialized -Wno-deprecated -Wstrict-aliasing -Wpointer-arith -fvisibility=hidden -Wpointer-arith -Wformat-nonliteral -Winit-self -Wparentheses -Wunreachable-code -g -fvisibility=hidden -Wlogical-op -Wrestrict -Wnull-dereference -Wdouble-promotion -Wshadow -Wformat=2 -Wextra-semi -pedantic | COMPILE_DEFINES =  -DBOOST_TEST_DYN_LINK | STATICCOMPILE = OFF | Boost_FOUND = TRUE | ZLIB_FOUND = TRUE | VALGRIND_FOUND =  | GMP_FOUND = TRUE | ENABLE_ASSERTIONS = ON | MY_TARGETS =  | compilation date time = Oct 29 2020 17:34:59
c ApproxMC compiled with gcc version 9.3.0
c CryptoMiniSat version 5.8.0
c CMS Copyright Mate Soos (soos.mate@gmail.com)
c CMS SHA revision 6477e8bc43b0fda7038965bb148b64b8637c804b
c CMS is GPL licensed due to M4RI being linked. Build without M4RI to get MIT version
c Using VMTF code by Armin Biere from CaDiCaL
c Using Yalsat by Armin Biere, see Balint et al. Improving implementation of SLS solvers [...], SAT'14
c Using WalkSAT by Henry Kautz, see Kautz and Selman Pushing the envelope: planning, propositional logic, and stochastic search, AAAI'96,
c Using code from 'When Boolean Satisfiability Meets Gauss-E. in a Simplex Way'
c       by C.-S. Han and J.-H. Roland Jiang in CAV 2012. Fixes by M. Soos
c Using CCAnr from 'CCAnr: A Conf. Checking Based Local Search Solver [...]'
c       by Shaowei Cai, Chuan Luo, and Kaile Su, SAT 2015
c CMS compilation env CMAKE_CXX_COMPILER = /usr/bin/c++ | CMAKE_CXX_FLAGS =  -fvisibility=hidden -Wall -Wextra -Wunused -Wsign-compare -fno-omit-frame-pointer -Wtype-limits -Wuninitialized -Wno-deprecated -Wstrict-aliasing -Wpointer-arith -Wpointer-arith -Wformat-nonliteral -Winit-self -Wparentheses -Wunreachable-code -g -Wno-class-memaccess -mpopcnt -msse4.2 -ggdb3 -Wlogical-op -Wrestrict -Wnull-dereference -Wdouble-promotion -Wshadow -Wformat=2 -Wextra-semi -pedantic | COMPILE_DEFINES =  -DEXTENDED_FEATURES -DUSE_GAUSS -DBOOST_TEST_DYN_LINK -DUSE_ZLIB -DYALSAT_FPU -DUSE_M4RI | STATICCOMPILE = OFF | ONLY_SIMPLE = OFF | Boost_FOUND = TRUE | STATS = OFF | SQLITE3_FOUND = FALSE | ZLIB_FOUND = TRUE | VALGRIND_FOUND =  | ENABLE_TESTING = OFF | M4RI_FOUND = TRUE | NOM4RI = OFF | SLOW_DEBUG = OFF | ENABLE_ASSERTIONS = ON | PYTHON_EXECUTABLE = PYTHON_EXECUTABLE-NOTFOUND | PYTHON_LIBRARY = PYTHON_LIBRARY-NOTFOUND | PYTHON_INCLUDE_DIRS =  | MY_TARGETS =  | LARGEMEM = OFF | LIMITMEM = OFF | BREAKID_LIBRARIES =  | BREAKID-VER = . | BOSPHORUS_LIBRARIES =  | BOSPH-VER = . | compilation date time = Oct 29 2020 17:34:11
c CMS compiled with gcc version 9.3.0
c executed with command line: approxmc --sparse 1 -s 02 /experiments/results/rangesum07.c/02/counterSharp/amh.dimacs
c -- header says num vars:           5953
c -- header says num clauses:       23234
c WARNING: Empty line at line number 23315 -- this is not part of the DIMACS specifications (http://www.satcompetition.org/2009/format-benchmarks2009.html). Ignoring.
c -- clauses added: 23234
c -- xor clauses added: 0
c -- vars added 5953
c [appmc] Sampling set size: 224
c [appmc] Sampling var set contains over 100 variables, not displaying
c [sparse] Using match: 4 sampling set size: 224 prev end inclusive is: 200 this end inclusive is: 250 next end inclusive is: 300 sampl size: 224
c [appmc] threshold set to 80 sparse: 1
c [appmc] Starting up, initial measurement
c [appmc] Starting at hash count: 1
c [appmc] [    0.00 ] round:  0 hashes:      1
c [appmc] [    0.00 ] bounded_sol_count looking for   81 solutions -- hashes active: 1
c [gauss] XOR-encoding clauses detached: 0 deleted: 0 T: 0.00
c [appmc] [    0.11 ] round:  0 hashes:      2
c [appmc] [    0.11 ] bounded_sol_count looking for   81 solutions -- hashes active: 2
c [gauss] XOR-encoding clauses detached: 967 deleted: 6 T: 0.00
c [appmc] [    0.13 ] round:  0 hashes:      4
c [appmc] [    0.13 ] bounded_sol_count looking for   81 solutions -- hashes active: 4
c [gauss] XOR-encoding clauses detached: 952 deleted: 0 T: 0.00
c [appmc] [    0.17 ] round:  0 hashes:      8
c [appmc] [    0.17 ] bounded_sol_count looking for   81 solutions -- hashes active: 8
c [gauss] XOR-encoding clauses detached: 1928 deleted: 0 T: 0.00
c [appmc] [    0.23 ] round:  0 hashes:     16
c [appmc] [    0.23 ] bounded_sol_count looking for   81 solutions -- hashes active: 16
c [gauss] XOR-encoding clauses detached: 3404 deleted: 0 T: 0.00
c [appmc] [    0.32 ] round:  0 hashes:     32
c [appmc] [    0.32 ] bounded_sol_count looking for   81 solutions -- hashes active: 32
c [gauss] XOR-encoding clauses detached: 6288 deleted: 0 T: 0.00
c [appmc] [    0.46 ] round:  0 hashes:     64
c [appmc] [    0.46 ] bounded_sol_count looking for   81 solutions -- hashes active: 64
c [gauss] XOR-encoding clauses detached: 10636 deleted: 0 T: 0.00
c [appmc] [    0.69 ] round:  0 hashes:    128
c [appmc] [    0.69 ] bounded_sol_count looking for   81 solutions -- hashes active: 128
c [gauss] XOR-encoding clauses detached: 13524 deleted: 0 T: 0.00
c [appmc] [    1.12 ] round:  0 hashes:    176
c [appmc] [    1.12 ] bounded_sol_count looking for   81 solutions -- hashes active: 176
c [gauss] XOR-encoding clauses detached: 5900 deleted: 0 T: 0.00
c [appmc] [    1.94 ] round:  0 hashes:    200
c [appmc] [    1.94 ] bounded_sol_count looking for   81 solutions -- hashes active: 200
c [gauss] XOR-encoding clauses detached: 2392 deleted: 0 T: 0.00
c [appmc] [    2.93 ] round:  0 hashes:    212
c [appmc] [    2.93 ] bounded_sol_count looking for   81 solutions -- hashes active: 212
c [gauss] XOR-encoding clauses detached: 992 deleted: 0 T: 0.00
c [appmc] [    3.62 ] round:  0 hashes:    218
c [appmc] [    3.62 ] bounded_sol_count looking for   81 solutions -- hashes active: 218
c [gauss] XOR-encoding clauses detached: 484 deleted: 0 T: 0.00
c [appmc] [    3.99 ] round:  0 hashes:    215
c [appmc] [    3.99 ] bounded_sol_count looking for   81 solutions -- hashes active: 215
c [appmc] [    4.03 ] round:  0 hashes:    216
c [appmc] [    4.03 ] bounded_sol_count looking for   81 solutions -- hashes active: 216
c [appmc] [    4.07 ] round:  0 hashes:    217
c [appmc] [    4.07 ] bounded_sol_count looking for   81 solutions -- hashes active: 217
c [appmc] simplifying
c [gauss] XOR-encoding clauses reattached: 47467 T: 0.00
c [appmc] [    4.53 ] round:  1 hashes:    218
c [appmc] [    4.53 ] bounded_sol_count looking for   81 solutions -- hashes active: 218
c [gauss] XOR-encoding clauses detached: 46524 deleted: 0 T: 0.00
c [appmc] [    4.69 ] round:  1 hashes:    217
c [appmc] [    4.69 ] bounded_sol_count looking for   81 solutions -- hashes active: 217
c [appmc] simplifying
c [gauss] XOR-encoding clauses reattached: 46524 T: 0.00
c [appmc] [    4.92 ] round:  2 hashes:    218
c [appmc] [    4.92 ] bounded_sol_count looking for   81 solutions -- hashes active: 218
c [gauss] XOR-encoding clauses detached: 46244 deleted: 0 T: 0.00
c [appmc] [    5.11 ] round:  2 hashes:    217
c [appmc] [    5.11 ] bounded_sol_count looking for   81 solutions -- hashes active: 217
c [appmc] simplifying
c [gauss] XOR-encoding clauses reattached: 46244 T: 0.00
c [appmc] [    5.35 ] round:  3 hashes:    218
c [appmc] [    5.35 ] bounded_sol_count looking for   81 solutions -- hashes active: 218
c [gauss] XOR-encoding clauses detached: 46760 deleted: 0 T: 0.00
c [appmc] [    5.58 ] round:  3 hashes:    217
c [appmc] [    5.58 ] bounded_sol_count looking for   81 solutions -- hashes active: 217
c [appmc] simplifying
c [gauss] XOR-encoding clauses reattached: 46760 T: 0.00
c [appmc] [    5.82 ] round:  4 hashes:    218
c [appmc] [    5.82 ] bounded_sol_count looking for   81 solutions -- hashes active: 218
c [gauss] XOR-encoding clauses detached: 46332 deleted: 0 T: 0.00
c [appmc] [    6.08 ] round:  4 hashes:    217
c [appmc] [    6.08 ] bounded_sol_count looking for   81 solutions -- hashes active: 217
c [appmc] simplifying
c [gauss] XOR-encoding clauses reattached: 46332 T: 0.00
c [appmc] [    6.33 ] round:  5 hashes:    218
c [appmc] [    6.33 ] bounded_sol_count looking for   81 solutions -- hashes active: 218
c [gauss] XOR-encoding clauses detached: 46424 deleted: 0 T: 0.00
c [appmc] [    6.63 ] round:  5 hashes:    217
c [appmc] [    6.63 ] bounded_sol_count looking for   81 solutions -- hashes active: 217
c [appmc] simplifying
c [gauss] XOR-encoding clauses reattached: 46424 T: 0.00
c [appmc] [    6.89 ] round:  6 hashes:    218
c [appmc] [    6.89 ] bounded_sol_count looking for   81 solutions -- hashes active: 218
c [gauss] XOR-encoding clauses detached: 46572 deleted: 0 T: 0.00
c [appmc] [    7.24 ] round:  6 hashes:    217
c [appmc] [    7.24 ] bounded_sol_count looking for   81 solutions -- hashes active: 217
c [appmc] simplifying
c [gauss] XOR-encoding clauses reattached: 46572 T: 0.00
c [appmc] [    7.52 ] round:  7 hashes:    218
c [appmc] [    7.52 ] bounded_sol_count looking for   81 solutions -- hashes active: 218
c [gauss] XOR-encoding clauses detached: 47032 deleted: 0 T: 0.00
c [appmc] [    7.91 ] round:  7 hashes:    217
c [appmc] [    7.91 ] bounded_sol_count looking for   81 solutions -- hashes active: 217
c [appmc] simplifying
c [gauss] XOR-encoding clauses reattached: 47032 T: 0.00
c [appmc] [    8.19 ] round:  8 hashes:    218
c [appmc] [    8.19 ] bounded_sol_count looking for   81 solutions -- hashes active: 218
c [gauss] XOR-encoding clauses detached: 46740 deleted: 0 T: 0.00
c [appmc] [    8.61 ] round:  8 hashes:    217
c [appmc] [    8.61 ] bounded_sol_count looking for   81 solutions -- hashes active: 217
c [appmc] FINISHED ApproxMC T: 8.73 s
c [appmc] Number of solutions is: 64*2**218
s mc 26959946667150639794667015087019630673637144422540572481103610249216
** ASM **
c ApproxMC SHA revision df6d9fc8d112d758301d7527817e2eb1029fa5eb
c ApproxMC version 4.0.1
c ApproxMC compilation env CMAKE_CXX_COMPILER = /usr/bin/c++ | CMAKE_CXX_FLAGS =  -Wall -Wextra -Wunused -Wsign-compare -fno-omit-frame-pointer -Wtype-limits -Wuninitialized -Wno-deprecated -Wstrict-aliasing -Wpointer-arith -fvisibility=hidden -Wpointer-arith -Wformat-nonliteral -Winit-self -Wparentheses -Wunreachable-code -g -fvisibility=hidden -Wlogical-op -Wrestrict -Wnull-dereference -Wdouble-promotion -Wshadow -Wformat=2 -Wextra-semi -pedantic | COMPILE_DEFINES =  -DBOOST_TEST_DYN_LINK | STATICCOMPILE = OFF | Boost_FOUND = TRUE | ZLIB_FOUND = TRUE | VALGRIND_FOUND =  | GMP_FOUND = TRUE | ENABLE_ASSERTIONS = ON | MY_TARGETS =  | compilation date time = Oct 29 2020 17:34:59
c ApproxMC compiled with gcc version 9.3.0
c CryptoMiniSat version 5.8.0
c CMS Copyright Mate Soos (soos.mate@gmail.com)
c CMS SHA revision 6477e8bc43b0fda7038965bb148b64b8637c804b
c CMS is GPL licensed due to M4RI being linked. Build without M4RI to get MIT version
c Using VMTF code by Armin Biere from CaDiCaL
c Using Yalsat by Armin Biere, see Balint et al. Improving implementation of SLS solvers [...], SAT'14
c Using WalkSAT by Henry Kautz, see Kautz and Selman Pushing the envelope: planning, propositional logic, and stochastic search, AAAI'96,
c Using code from 'When Boolean Satisfiability Meets Gauss-E. in a Simplex Way'
c       by C.-S. Han and J.-H. Roland Jiang in CAV 2012. Fixes by M. Soos
c Using CCAnr from 'CCAnr: A Conf. Checking Based Local Search Solver [...]'
c       by Shaowei Cai, Chuan Luo, and Kaile Su, SAT 2015
c CMS compilation env CMAKE_CXX_COMPILER = /usr/bin/c++ | CMAKE_CXX_FLAGS =  -fvisibility=hidden -Wall -Wextra -Wunused -Wsign-compare -fno-omit-frame-pointer -Wtype-limits -Wuninitialized -Wno-deprecated -Wstrict-aliasing -Wpointer-arith -Wpointer-arith -Wformat-nonliteral -Winit-self -Wparentheses -Wunreachable-code -g -Wno-class-memaccess -mpopcnt -msse4.2 -ggdb3 -Wlogical-op -Wrestrict -Wnull-dereference -Wdouble-promotion -Wshadow -Wformat=2 -Wextra-semi -pedantic | COMPILE_DEFINES =  -DEXTENDED_FEATURES -DUSE_GAUSS -DBOOST_TEST_DYN_LINK -DUSE_ZLIB -DYALSAT_FPU -DUSE_M4RI | STATICCOMPILE = OFF | ONLY_SIMPLE = OFF | Boost_FOUND = TRUE | STATS = OFF | SQLITE3_FOUND = FALSE | ZLIB_FOUND = TRUE | VALGRIND_FOUND =  | ENABLE_TESTING = OFF | M4RI_FOUND = TRUE | NOM4RI = OFF | SLOW_DEBUG = OFF | ENABLE_ASSERTIONS = ON | PYTHON_EXECUTABLE = PYTHON_EXECUTABLE-NOTFOUND | PYTHON_LIBRARY = PYTHON_LIBRARY-NOTFOUND | PYTHON_INCLUDE_DIRS =  | MY_TARGETS =  | LARGEMEM = OFF | LIMITMEM = OFF | BREAKID_LIBRARIES =  | BREAKID-VER = . | BOSPHORUS_LIBRARIES =  | BOSPH-VER = . | compilation date time = Oct 29 2020 17:34:11
c CMS compiled with gcc version 9.3.0
c executed with command line: approxmc --sparse 1 -s 02 /experiments/results/rangesum07.c/02/counterSharp/asm.dimacs
c -- header says num vars:           5954
c -- header says num clauses:       23237
c WARNING: Empty line at line number 23319 -- this is not part of the DIMACS specifications (http://www.satcompetition.org/2009/format-benchmarks2009.html). Ignoring.
c -- clauses added: 23237
c -- xor clauses added: 0
c -- vars added 5954
c [appmc] Sampling set size: 224
c [appmc] Sampling var set contains over 100 variables, not displaying
c [sparse] Using match: 4 sampling set size: 224 prev end inclusive is: 200 this end inclusive is: 250 next end inclusive is: 300 sampl size: 224
c [appmc] threshold set to 80 sparse: 1
c [appmc] Starting up, initial measurement
c [appmc] Starting at hash count: 1
c [appmc] [    0.00 ] round:  0 hashes:      1
c [appmc] [    0.00 ] bounded_sol_count looking for   81 solutions -- hashes active: 1
c [gauss] XOR-encoding clauses detached: 0 deleted: 0 T: 0.00
c [appmc] [    0.17 ] round:  0 hashes:      2
c [appmc] [    0.17 ] bounded_sol_count looking for   81 solutions -- hashes active: 2
c [gauss] XOR-encoding clauses detached: 975 deleted: 93 T: 0.00
c [appmc] [    0.21 ] round:  0 hashes:      4
c [appmc] [    0.21 ] bounded_sol_count looking for   81 solutions -- hashes active: 4
c [gauss] XOR-encoding clauses detached: 952 deleted: 0 T: 0.00
c [appmc] [    0.26 ] round:  0 hashes:      8
c [appmc] [    0.26 ] bounded_sol_count looking for   81 solutions -- hashes active: 8
c [gauss] XOR-encoding clauses detached: 1928 deleted: 0 T: 0.00
c [appmc] [    0.33 ] round:  0 hashes:     16
c [appmc] [    0.33 ] bounded_sol_count looking for   81 solutions -- hashes active: 16
c [gauss] XOR-encoding clauses detached: 3404 deleted: 0 T: 0.00
c [appmc] [    0.42 ] round:  0 hashes:     32
c [appmc] [    0.42 ] bounded_sol_count looking for   81 solutions -- hashes active: 32
c [gauss] XOR-encoding clauses detached: 6288 deleted: 0 T: 0.00
c [appmc] [    0.55 ] round:  0 hashes:     64
c [appmc] [    0.55 ] bounded_sol_count looking for   81 solutions -- hashes active: 64
c [gauss] XOR-encoding clauses detached: 10636 deleted: 0 T: 0.00
c [appmc] [    0.80 ] round:  0 hashes:    128
c [appmc] [    0.80 ] bounded_sol_count looking for   81 solutions -- hashes active: 128
c [gauss] XOR-encoding clauses detached: 13524 deleted: 0 T: 0.00
c [appmc] [    1.24 ] round:  0 hashes:    176
c [appmc] [    1.24 ] bounded_sol_count looking for   81 solutions -- hashes active: 176
c [gauss] XOR-encoding clauses detached: 5900 deleted: 0 T: 0.00
c [appmc] [    2.05 ] round:  0 hashes:    200
c [appmc] [    2.05 ] bounded_sol_count looking for   81 solutions -- hashes active: 200
c [gauss] XOR-encoding clauses detached: 2392 deleted: 0 T: 0.00
c [appmc] [    2.93 ] round:  0 hashes:    212
c [appmc] [    2.93 ] bounded_sol_count looking for   81 solutions -- hashes active: 212
c [gauss] XOR-encoding clauses detached: 992 deleted: 0 T: 0.01
c [appmc] [    3.50 ] round:  0 hashes:    218
c [appmc] [    3.50 ] bounded_sol_count looking for   81 solutions -- hashes active: 218
c [gauss] XOR-encoding clauses detached: 484 deleted: 0 T: 0.01
c [appmc] [    3.95 ] round:  0 hashes:    215
c [appmc] [    3.95 ] bounded_sol_count looking for   81 solutions -- hashes active: 215
c [appmc] [    3.98 ] round:  0 hashes:    216
c [appmc] [    3.98 ] bounded_sol_count looking for   81 solutions -- hashes active: 216
c [appmc] [    4.07 ] round:  0 hashes:    217
c [appmc] [    4.07 ] bounded_sol_count looking for   81 solutions -- hashes active: 217
c [appmc] simplifying
c [gauss] XOR-encoding clauses reattached: 47475 T: 0.00
c [appmc] [    4.58 ] round:  1 hashes:    218
c [appmc] [    4.58 ] bounded_sol_count looking for   81 solutions -- hashes active: 218
c [gauss] XOR-encoding clauses detached: 46523 deleted: 0 T: 0.00
c [appmc] [    4.75 ] round:  1 hashes:    217
c [appmc] [    4.75 ] bounded_sol_count looking for   81 solutions -- hashes active: 217
c [appmc] simplifying
c [gauss] XOR-encoding clauses reattached: 46523 T: 0.00
c [appmc] [    4.97 ] round:  2 hashes:    218
c [appmc] [    4.97 ] bounded_sol_count looking for   81 solutions -- hashes active: 218
c [gauss] XOR-encoding clauses detached: 46243 deleted: 0 T: 0.00
c [appmc] [    5.16 ] round:  2 hashes:    217
c [appmc] [    5.16 ] bounded_sol_count looking for   81 solutions -- hashes active: 217
c [appmc] simplifying
c [gauss] XOR-encoding clauses reattached: 46243 T: 0.00
c [appmc] [    5.41 ] round:  3 hashes:    218
c [appmc] [    5.41 ] bounded_sol_count looking for   81 solutions -- hashes active: 218
c [gauss] XOR-encoding clauses detached: 46759 deleted: 0 T: 0.00
c [appmc] [    5.64 ] round:  3 hashes:    217
c [appmc] [    5.64 ] bounded_sol_count looking for   81 solutions -- hashes active: 217
c [appmc] simplifying
c [gauss] XOR-encoding clauses reattached: 46759 T: 0.00
c [appmc] [    5.90 ] round:  4 hashes:    218
c [appmc] [    5.90 ] bounded_sol_count looking for   81 solutions -- hashes active: 218
c [gauss] XOR-encoding clauses detached: 46331 deleted: 0 T: 0.00
c [appmc] [    6.17 ] round:  4 hashes:    217
c [appmc] [    6.17 ] bounded_sol_count looking for   81 solutions -- hashes active: 217
c [appmc] simplifying
c [gauss] XOR-encoding clauses reattached: 46331 T: 0.00
c [appmc] [    6.42 ] round:  5 hashes:    218
c [appmc] [    6.42 ] bounded_sol_count looking for   81 solutions -- hashes active: 218
c [gauss] XOR-encoding clauses detached: 46423 deleted: 0 T: 0.00
c [appmc] [    6.73 ] round:  5 hashes:    217
c [appmc] [    6.73 ] bounded_sol_count looking for   81 solutions -- hashes active: 217
c [appmc] simplifying
c [gauss] XOR-encoding clauses reattached: 46423 T: 0.00
c [appmc] [    7.00 ] round:  6 hashes:    218
c [appmc] [    7.00 ] bounded_sol_count looking for   81 solutions -- hashes active: 218
c [gauss] XOR-encoding clauses detached: 46571 deleted: 0 T: 0.00
c [appmc] [    7.35 ] round:  6 hashes:    217
c [appmc] [    7.35 ] bounded_sol_count looking for   81 solutions -- hashes active: 217
c [appmc] simplifying
c [gauss] XOR-encoding clauses reattached: 46571 T: 0.00
c [appmc] [    7.64 ] round:  7 hashes:    218
c [appmc] [    7.64 ] bounded_sol_count looking for   81 solutions -- hashes active: 218
c [gauss] XOR-encoding clauses detached: 47031 deleted: 0 T: 0.00
c [appmc] [    8.03 ] round:  7 hashes:    217
c [appmc] [    8.03 ] bounded_sol_count looking for   81 solutions -- hashes active: 217
c [appmc] simplifying
c [gauss] XOR-encoding clauses reattached: 47031 T: 0.00
c [appmc] [    8.33 ] round:  8 hashes:    218
c [appmc] [    8.33 ] bounded_sol_count looking for   81 solutions -- hashes active: 218
c [gauss] XOR-encoding clauses detached: 46739 deleted: 0 T: 0.00
c [appmc] [    8.77 ] round:  8 hashes:    217
c [appmc] [    8.77 ] bounded_sol_count looking for   81 solutions -- hashes active: 217
c [appmc] FINISHED ApproxMC T: 8.89 s
c [appmc] Number of solutions is: 64*2**218
s mc 26959946667150639794667015087019630673637144422540572481103610249216
** ASH **
c ApproxMC SHA revision df6d9fc8d112d758301d7527817e2eb1029fa5eb
c ApproxMC version 4.0.1
c ApproxMC compilation env CMAKE_CXX_COMPILER = /usr/bin/c++ | CMAKE_CXX_FLAGS =  -Wall -Wextra -Wunused -Wsign-compare -fno-omit-frame-pointer -Wtype-limits -Wuninitialized -Wno-deprecated -Wstrict-aliasing -Wpointer-arith -fvisibility=hidden -Wpointer-arith -Wformat-nonliteral -Winit-self -Wparentheses -Wunreachable-code -g -fvisibility=hidden -Wlogical-op -Wrestrict -Wnull-dereference -Wdouble-promotion -Wshadow -Wformat=2 -Wextra-semi -pedantic | COMPILE_DEFINES =  -DBOOST_TEST_DYN_LINK | STATICCOMPILE = OFF | Boost_FOUND = TRUE | ZLIB_FOUND = TRUE | VALGRIND_FOUND =  | GMP_FOUND = TRUE | ENABLE_ASSERTIONS = ON | MY_TARGETS =  | compilation date time = Oct 29 2020 17:34:59
c ApproxMC compiled with gcc version 9.3.0
c CryptoMiniSat version 5.8.0
c CMS Copyright Mate Soos (soos.mate@gmail.com)
c CMS SHA revision 6477e8bc43b0fda7038965bb148b64b8637c804b
c CMS is GPL licensed due to M4RI being linked. Build without M4RI to get MIT version
c Using VMTF code by Armin Biere from CaDiCaL
c Using Yalsat by Armin Biere, see Balint et al. Improving implementation of SLS solvers [...], SAT'14
c Using WalkSAT by Henry Kautz, see Kautz and Selman Pushing the envelope: planning, propositional logic, and stochastic search, AAAI'96,
c Using code from 'When Boolean Satisfiability Meets Gauss-E. in a Simplex Way'
c       by C.-S. Han and J.-H. Roland Jiang in CAV 2012. Fixes by M. Soos
c Using CCAnr from 'CCAnr: A Conf. Checking Based Local Search Solver [...]'
c       by Shaowei Cai, Chuan Luo, and Kaile Su, SAT 2015
c CMS compilation env CMAKE_CXX_COMPILER = /usr/bin/c++ | CMAKE_CXX_FLAGS =  -fvisibility=hidden -Wall -Wextra -Wunused -Wsign-compare -fno-omit-frame-pointer -Wtype-limits -Wuninitialized -Wno-deprecated -Wstrict-aliasing -Wpointer-arith -Wpointer-arith -Wformat-nonliteral -Winit-self -Wparentheses -Wunreachable-code -g -Wno-class-memaccess -mpopcnt -msse4.2 -ggdb3 -Wlogical-op -Wrestrict -Wnull-dereference -Wdouble-promotion -Wshadow -Wformat=2 -Wextra-semi -pedantic | COMPILE_DEFINES =  -DEXTENDED_FEATURES -DUSE_GAUSS -DBOOST_TEST_DYN_LINK -DUSE_ZLIB -DYALSAT_FPU -DUSE_M4RI | STATICCOMPILE = OFF | ONLY_SIMPLE = OFF | Boost_FOUND = TRUE | STATS = OFF | SQLITE3_FOUND = FALSE | ZLIB_FOUND = TRUE | VALGRIND_FOUND =  | ENABLE_TESTING = OFF | M4RI_FOUND = TRUE | NOM4RI = OFF | SLOW_DEBUG = OFF | ENABLE_ASSERTIONS = ON | PYTHON_EXECUTABLE = PYTHON_EXECUTABLE-NOTFOUND | PYTHON_LIBRARY = PYTHON_LIBRARY-NOTFOUND | PYTHON_INCLUDE_DIRS =  | MY_TARGETS =  | LARGEMEM = OFF | LIMITMEM = OFF | BREAKID_LIBRARIES =  | BREAKID-VER = . | BOSPHORUS_LIBRARIES =  | BOSPH-VER = . | compilation date time = Oct 29 2020 17:34:11
c CMS compiled with gcc version 9.3.0
c executed with command line: approxmc --sparse 1 -s 02 /experiments/results/rangesum07.c/02/counterSharp/ash.dimacs
c -- header says num vars:           5954
c -- header says num clauses:       23237
c WARNING: Empty line at line number 23319 -- this is not part of the DIMACS specifications (http://www.satcompetition.org/2009/format-benchmarks2009.html). Ignoring.
c -- clauses added: 23237
c -- xor clauses added: 0
c -- vars added 5954
c [appmc] Sampling set size: 224
c [appmc] Sampling var set contains over 100 variables, not displaying
c [sparse] Using match: 4 sampling set size: 224 prev end inclusive is: 200 this end inclusive is: 250 next end inclusive is: 300 sampl size: 224
c [appmc] threshold set to 80 sparse: 1
c [appmc] Starting up, initial measurement
c [appmc] Starting at hash count: 1
c [appmc] [    0.00 ] round:  0 hashes:      1
c [appmc] [    0.00 ] bounded_sol_count looking for   81 solutions -- hashes active: 1
c [gauss] XOR-encoding clauses detached: 0 deleted: 0 T: 0.00
c [appmc] [    0.10 ] round:  0 hashes:      2
c [appmc] [    0.10 ] bounded_sol_count looking for   81 solutions -- hashes active: 2
c [gauss] XOR-encoding clauses detached: 967 deleted: 23 T: 0.00
c [appmc] [    0.12 ] round:  0 hashes:      4
c [appmc] [    0.12 ] bounded_sol_count looking for   81 solutions -- hashes active: 4
c [gauss] XOR-encoding clauses detached: 952 deleted: 0 T: 0.00
c [appmc] [    0.17 ] round:  0 hashes:      8
c [appmc] [    0.17 ] bounded_sol_count looking for   81 solutions -- hashes active: 8
c [gauss] XOR-encoding clauses detached: 1928 deleted: 0 T: 0.00
c [appmc] [    0.24 ] round:  0 hashes:     16
c [appmc] [    0.24 ] bounded_sol_count looking for   81 solutions -- hashes active: 16
c [gauss] XOR-encoding clauses detached: 3404 deleted: 0 T: 0.00
c [appmc] [    0.34 ] round:  0 hashes:     32
c [appmc] [    0.34 ] bounded_sol_count looking for   81 solutions -- hashes active: 32
c [gauss] XOR-encoding clauses detached: 6288 deleted: 0 T: 0.00
c [appmc] [    0.52 ] round:  0 hashes:     64
c [appmc] [    0.52 ] bounded_sol_count looking for   81 solutions -- hashes active: 64
c [gauss] XOR-encoding clauses detached: 10636 deleted: 0 T: 0.00
c [appmc] [    1.09 ] round:  0 hashes:    128
c [appmc] [    1.09 ] bounded_sol_count looking for   81 solutions -- hashes active: 128
c [gauss] XOR-encoding clauses detached: 13524 deleted: 0 T: 0.00
c [appmc] [   14.96 ] round:  0 hashes:    176
c [appmc] [   14.96 ] bounded_sol_count looking for   81 solutions -- hashes active: 176
c [gauss] XOR-encoding clauses detached: 5900 deleted: 0 T: 0.01
c [gauss] XOR-encoding clauses reattached: 43599 T: 0.00
c [gauss] XOR-encoding clauses detached: 43276 deleted: 0 T: 0.00
c [gauss] XOR-encoding clauses reattached: 43276 T: 0.00
c [gauss] XOR-encoding clauses detached: 43347 deleted: 0 T: 0.01
c [gauss] XOR-encoding clauses reattached: 43347 T: 0.00
c [gauss] XOR-encoding clauses detached: 43347 deleted: 0 T: 0.01
c [gauss] XOR-encoding clauses reattached: 43347 T: 0.00
c [gauss] XOR-encoding clauses detached: 43345 deleted: 0 T: 0.01
c [gauss] XOR-encoding clauses reattached: 43345 T: 0.00
c [gauss] XOR-encoding clauses detached: 43345 deleted: 0 T: 0.01
c [gauss] XOR-encoding clauses reattached: 43345 T: 0.00
c [gauss] XOR-encoding clauses detached: 43345 deleted: 0 T: 0.02
c [gauss] XOR-encoding clauses reattached: 43345 T: 0.00
c [gauss] XOR-encoding clauses detached: 43345 deleted: 0 T: 0.01
c [gauss] XOR-encoding clauses reattached: 43345 T: 0.00
c [gauss] XOR-encoding clauses detached: 43345 deleted: 0 T: 0.01
c [gauss] XOR-encoding clauses reattached: 43345 T: 0.00
c [gauss] XOR-encoding clauses detached: 43339 deleted: 0 T: 0.01
c [gauss] XOR-encoding clauses reattached: 43339 T: 0.00
c [gauss] XOR-encoding clauses detached: 43336 deleted: 0 T: 0.01
