** counterSharp **
** AMM **
c ApproxMC SHA revision 4648f20bf454cfc55b606142dd974bed44750e1a
c ApproxMC version 4.0.1
c ApproxMC compilation env CMAKE_CXX_COMPILER = /usr/bin/c++ | CMAKE_CXX_FLAGS =  -Wall -Wextra -Wunused -Wsign-compare -fno-omit-frame-pointer -Wtype-limits -Wuninitialized -Wno-deprecated -Wstrict-aliasing -Wpointer-arith -fvisibility=hidden -Wpointer-arith -Wformat-nonliteral -Winit-self -Wparentheses -Wunreachable-code -g -fvisibility=hidden -Wlogical-op -Wrestrict -Wnull-dereference -Wdouble-promotion -Wshadow -Wformat=2 -Wextra-semi -pedantic | COMPILE_DEFINES =  -DBOOST_TEST_DYN_LINK | STATICCOMPILE = OFF | Boost_FOUND = TRUE | ZLIB_FOUND = TRUE | VALGRIND_FOUND =  | GMP_FOUND = TRUE | ENABLE_ASSERTIONS = ON | MY_TARGETS =  | compilation date time = Aug 17 2020 10:12:40
c ApproxMC compiled with gcc version 9.3.0
c CryptoMiniSat version 5.8.0
c CMS Copyright (C) 2009-2020 Authors of CryptoMiniSat, see AUTHORS file
c CMS SHA revision a11dd3a5ac4d2de6bcb9edcb853b8abb6ecdd61f
c CMS is GPL licensed due to M4RI being linked. Build without M4RI to get MIT version
c Using VMTF code by Armin Biere from CaDiCaL
c Using Yalsat by Armin Biere, see Balint et al. Improving implementation of SLS solvers [...], SAT'14
c Using WalkSAT by Henry Kautz, see Kautz and Selman Pushing the envelope: planning, propositional logic, and stochastic search, AAAI'96,
c Using code from 'When Boolean Satisfiability Meets Gauss-E. in a Simplex Way'
c       by C.-S. Han and J.-H. Roland Jiang in CAV 2012. Fixes by M. Soos
c Using CCAnr from 'CCAnr: A Conf. Checking Based Local Search Solver [...]'
c       by Shaowei Cai, Chuan Luo, and Kaile Su, SAT 2015
c CMS compilation env CMAKE_CXX_COMPILER = /usr/bin/c++ | CMAKE_CXX_FLAGS =  -fvisibility=hidden -Wall -Wextra -Wunused -Wsign-compare -fno-omit-frame-pointer -Wtype-limits -Wuninitialized -Wno-deprecated -Wstrict-aliasing -Wpointer-arith -Wpointer-arith -Wformat-nonliteral -Winit-self -Wparentheses -Wunreachable-code -g -Wno-class-memaccess -mpopcnt -msse4.2 -ggdb3 -Wlogical-op -Wrestrict -Wnull-dereference -Wdouble-promotion -Wshadow -Wformat=2 -Wextra-semi -pedantic | COMPILE_DEFINES =  -DEXTENDED_FEATURES -DUSE_GAUSS -DBOOST_TEST_DYN_LINK -DUSE_ZLIB -DYALSAT_FPU -DUSE_M4RI | STATICCOMPILE = OFF | ONLY_SIMPLE = OFF | Boost_FOUND = TRUE | STATS = OFF | SQLITE3_FOUND = FALSE | ZLIB_FOUND = TRUE | VALGRIND_FOUND =  | ENABLE_TESTING = OFF | M4RI_FOUND = TRUE | NOM4RI = OFF | SLOW_DEBUG = OFF | ENABLE_ASSERTIONS = ON | PYTHON_EXECUTABLE = PYTHON_EXECUTABLE-NOTFOUND | PYTHON_LIBRARY = PYTHON_LIBRARY-NOTFOUND | PYTHON_INCLUDE_DIRS =  | MY_TARGETS =  | LARGEMEM = OFF | LIMITMEM = OFF | BREAKID_LIBRARIES =  | BREAKID-VER = . | BOSPHORUS_LIBRARIES =  | BOSPH-VER = . | compilation date time = Aug 17 2020 10:07:40
c CMS compiled with gcc version 9.3.0
c executed with command line: approxmc --sparse 1 /home/steuber/Dokumente/Bench/FP/experiments/results/rangesum05.c/03/amm.dimacs
** AMH **
c ApproxMC SHA revision 4648f20bf454cfc55b606142dd974bed44750e1a
c ApproxMC version 4.0.1
c ApproxMC compilation env CMAKE_CXX_COMPILER = /usr/bin/c++ | CMAKE_CXX_FLAGS =  -Wall -Wextra -Wunused -Wsign-compare -fno-omit-frame-pointer -Wtype-limits -Wuninitialized -Wno-deprecated -Wstrict-aliasing -Wpointer-arith -fvisibility=hidden -Wpointer-arith -Wformat-nonliteral -Winit-self -Wparentheses -Wunreachable-code -g -fvisibility=hidden -Wlogical-op -Wrestrict -Wnull-dereference -Wdouble-promotion -Wshadow -Wformat=2 -Wextra-semi -pedantic | COMPILE_DEFINES =  -DBOOST_TEST_DYN_LINK | STATICCOMPILE = OFF | Boost_FOUND = TRUE | ZLIB_FOUND = TRUE | VALGRIND_FOUND =  | GMP_FOUND = TRUE | ENABLE_ASSERTIONS = ON | MY_TARGETS =  | compilation date time = Aug 17 2020 10:12:40
c ApproxMC compiled with gcc version 9.3.0
c CryptoMiniSat version 5.8.0
c CMS Copyright (C) 2009-2020 Authors of CryptoMiniSat, see AUTHORS file
c CMS SHA revision a11dd3a5ac4d2de6bcb9edcb853b8abb6ecdd61f
c CMS is GPL licensed due to M4RI being linked. Build without M4RI to get MIT version
c Using VMTF code by Armin Biere from CaDiCaL
c Using Yalsat by Armin Biere, see Balint et al. Improving implementation of SLS solvers [...], SAT'14
c Using WalkSAT by Henry Kautz, see Kautz and Selman Pushing the envelope: planning, propositional logic, and stochastic search, AAAI'96,
c Using code from 'When Boolean Satisfiability Meets Gauss-E. in a Simplex Way'
c       by C.-S. Han and J.-H. Roland Jiang in CAV 2012. Fixes by M. Soos
c Using CCAnr from 'CCAnr: A Conf. Checking Based Local Search Solver [...]'
c       by Shaowei Cai, Chuan Luo, and Kaile Su, SAT 2015
c CMS compilation env CMAKE_CXX_COMPILER = /usr/bin/c++ | CMAKE_CXX_FLAGS =  -fvisibility=hidden -Wall -Wextra -Wunused -Wsign-compare -fno-omit-frame-pointer -Wtype-limits -Wuninitialized -Wno-deprecated -Wstrict-aliasing -Wpointer-arith -Wpointer-arith -Wformat-nonliteral -Winit-self -Wparentheses -Wunreachable-code -g -Wno-class-memaccess -mpopcnt -msse4.2 -ggdb3 -Wlogical-op -Wrestrict -Wnull-dereference -Wdouble-promotion -Wshadow -Wformat=2 -Wextra-semi -pedantic | COMPILE_DEFINES =  -DEXTENDED_FEATURES -DUSE_GAUSS -DBOOST_TEST_DYN_LINK -DUSE_ZLIB -DYALSAT_FPU -DUSE_M4RI | STATICCOMPILE = OFF | ONLY_SIMPLE = OFF | Boost_FOUND = TRUE | STATS = OFF | SQLITE3_FOUND = FALSE | ZLIB_FOUND = TRUE | VALGRIND_FOUND =  | ENABLE_TESTING = OFF | M4RI_FOUND = TRUE | NOM4RI = OFF | SLOW_DEBUG = OFF | ENABLE_ASSERTIONS = ON | PYTHON_EXECUTABLE = PYTHON_EXECUTABLE-NOTFOUND | PYTHON_LIBRARY = PYTHON_LIBRARY-NOTFOUND | PYTHON_INCLUDE_DIRS =  | MY_TARGETS =  | LARGEMEM = OFF | LIMITMEM = OFF | BREAKID_LIBRARIES =  | BREAKID-VER = . | BOSPHORUS_LIBRARIES =  | BOSPH-VER = . | compilation date time = Aug 17 2020 10:07:40
c CMS compiled with gcc version 9.3.0
c executed with command line: approxmc --sparse 1 /home/steuber/Dokumente/Bench/FP/experiments/results/rangesum05.c/03/amh.dimacs
c -- header says num vars:           5039
c -- header says num clauses:       15940
c WARNING: Empty line at line number 16072 -- this is not part of the DIMACS specifications (http://www.satcompetition.org/2009/format-benchmarks2009.html). Ignoring.
c -- clauses added: 15940
c -- xor clauses added: 0
c -- vars added 5039
c [appmc] Sampling set size: 160
c [appmc] Sampling var set contains over 100 variables, not displaying
c [sparse] Using match: 3 sampling set size: 160 prev end inclusive is: 150 this end inclusive is: 200 next end inclusive is: 250 sampl size: 160
c [appmc] threshold set to 80 sparse: 1
c [appmc] Starting up, initial measurement
c [appmc] Starting at hash count: 1
c [appmc] [    0.00 ] round:  0 hashes:      1
c [appmc] [    0.00 ] bounded_sol_count looking for   81 solutions -- hashes active: 1
c [appmc] [    0.13 ] round:  0 hashes:      2
c [appmc] [    0.13 ] bounded_sol_count looking for   81 solutions -- hashes active: 2
c [appmc] [    0.15 ] round:  0 hashes:      4
c [appmc] [    0.15 ] bounded_sol_count looking for   81 solutions -- hashes active: 4
c [appmc] [    0.18 ] round:  0 hashes:      8
c [appmc] [    0.18 ] bounded_sol_count looking for   81 solutions -- hashes active: 8
c [appmc] [    0.23 ] round:  0 hashes:     16
c [appmc] [    0.23 ] bounded_sol_count looking for   81 solutions -- hashes active: 16
c [appmc] [    0.29 ] round:  0 hashes:     32
c [appmc] [    0.29 ] bounded_sol_count looking for   81 solutions -- hashes active: 32
c [appmc] [    0.40 ] round:  0 hashes:     64
c [appmc] [    0.41 ] bounded_sol_count looking for   81 solutions -- hashes active: 64
c [appmc] [    0.58 ] round:  0 hashes:    128
c [appmc] [    0.58 ] bounded_sol_count looking for   81 solutions -- hashes active: 128
c [appmc] [    0.84 ] round:  0 hashes:    144
c [appmc] [    0.84 ] bounded_sol_count looking for   81 solutions -- hashes active: 144
c [appmc] [    1.10 ] round:  0 hashes:    152
c [appmc] [    1.10 ] bounded_sol_count looking for   81 solutions -- hashes active: 152
c [appmc] [    1.34 ] round:  0 hashes:    156
c [appmc] [    1.34 ] bounded_sol_count looking for   81 solutions -- hashes active: 156
c [appmc] [    1.37 ] round:  0 hashes:    154
c [appmc] [    1.37 ] bounded_sol_count looking for   81 solutions -- hashes active: 154
c [appmc] [    1.49 ] round:  0 hashes:    153
c [appmc] [    1.49 ] bounded_sol_count looking for   81 solutions -- hashes active: 153
c [appmc] simplifying
c [appmc] [    1.69 ] round:  1 hashes:    154
c [appmc] [    1.69 ] bounded_sol_count looking for   81 solutions -- hashes active: 154
c [appmc] [    1.85 ] round:  1 hashes:    153
c [appmc] [    1.85 ] bounded_sol_count looking for   81 solutions -- hashes active: 153
c [appmc] simplifying
c [appmc] [    2.04 ] round:  2 hashes:    154
c [appmc] [    2.04 ] bounded_sol_count looking for   81 solutions -- hashes active: 154
c [appmc] [    2.25 ] round:  2 hashes:    153
c [appmc] [    2.25 ] bounded_sol_count looking for   81 solutions -- hashes active: 153
c [appmc] simplifying
c [appmc] [    2.45 ] round:  3 hashes:    154
c [appmc] [    2.45 ] bounded_sol_count looking for   81 solutions -- hashes active: 154
c [appmc] [    2.72 ] round:  3 hashes:    153
c [appmc] [    2.72 ] bounded_sol_count looking for   81 solutions -- hashes active: 153
c [appmc] simplifying
c [appmc] [    2.94 ] round:  4 hashes:    154
c [appmc] [    2.94 ] bounded_sol_count looking for   81 solutions -- hashes active: 154
c [appmc] [    3.24 ] round:  4 hashes:    153
c [appmc] [    3.24 ] bounded_sol_count looking for   81 solutions -- hashes active: 153
c [appmc] simplifying
c [appmc] [    3.46 ] round:  5 hashes:    154
c [appmc] [    3.46 ] bounded_sol_count looking for   81 solutions -- hashes active: 154
c [appmc] [    3.81 ] round:  5 hashes:    153
c [appmc] [    3.81 ] bounded_sol_count looking for   81 solutions -- hashes active: 153
c [appmc] simplifying
c [appmc] [    4.05 ] round:  6 hashes:    154
c [appmc] [    4.05 ] bounded_sol_count looking for   81 solutions -- hashes active: 154
c [appmc] [    4.45 ] round:  6 hashes:    153
c [appmc] [    4.45 ] bounded_sol_count looking for   81 solutions -- hashes active: 153
c [appmc] simplifying
c [appmc] [    4.69 ] round:  7 hashes:    154
c [appmc] [    4.69 ] bounded_sol_count looking for   81 solutions -- hashes active: 154
c [appmc] [    5.13 ] round:  7 hashes:    153
c [appmc] [    5.13 ] bounded_sol_count looking for   81 solutions -- hashes active: 153
c [appmc] simplifying
c [appmc] [    5.38 ] round:  8 hashes:    154
c [appmc] [    5.38 ] bounded_sol_count looking for   81 solutions -- hashes active: 154
c [appmc] [    5.86 ] round:  8 hashes:    153
c [appmc] [    5.86 ] bounded_sol_count looking for   81 solutions -- hashes active: 153
c [appmc] FINISHED ApproxMC T: 5.98 s
c [appmc] Number of solutions is: 64*2**154
s mc 1461501637330902918203684832716283019655932542976
** ASM **
c ApproxMC SHA revision 4648f20bf454cfc55b606142dd974bed44750e1a
c ApproxMC version 4.0.1
c ApproxMC compilation env CMAKE_CXX_COMPILER = /usr/bin/c++ | CMAKE_CXX_FLAGS =  -Wall -Wextra -Wunused -Wsign-compare -fno-omit-frame-pointer -Wtype-limits -Wuninitialized -Wno-deprecated -Wstrict-aliasing -Wpointer-arith -fvisibility=hidden -Wpointer-arith -Wformat-nonliteral -Winit-self -Wparentheses -Wunreachable-code -g -fvisibility=hidden -Wlogical-op -Wrestrict -Wnull-dereference -Wdouble-promotion -Wshadow -Wformat=2 -Wextra-semi -pedantic | COMPILE_DEFINES =  -DBOOST_TEST_DYN_LINK | STATICCOMPILE = OFF | Boost_FOUND = TRUE | ZLIB_FOUND = TRUE | VALGRIND_FOUND =  | GMP_FOUND = TRUE | ENABLE_ASSERTIONS = ON | MY_TARGETS =  | compilation date time = Aug 17 2020 10:12:40
c ApproxMC compiled with gcc version 9.3.0
c CryptoMiniSat version 5.8.0
c CMS Copyright (C) 2009-2020 Authors of CryptoMiniSat, see AUTHORS file
c CMS SHA revision a11dd3a5ac4d2de6bcb9edcb853b8abb6ecdd61f
c CMS is GPL licensed due to M4RI being linked. Build without M4RI to get MIT version
c Using VMTF code by Armin Biere from CaDiCaL
c Using Yalsat by Armin Biere, see Balint et al. Improving implementation of SLS solvers [...], SAT'14
c Using WalkSAT by Henry Kautz, see Kautz and Selman Pushing the envelope: planning, propositional logic, and stochastic search, AAAI'96,
c Using code from 'When Boolean Satisfiability Meets Gauss-E. in a Simplex Way'
c       by C.-S. Han and J.-H. Roland Jiang in CAV 2012. Fixes by M. Soos
c Using CCAnr from 'CCAnr: A Conf. Checking Based Local Search Solver [...]'
c       by Shaowei Cai, Chuan Luo, and Kaile Su, SAT 2015
c CMS compilation env CMAKE_CXX_COMPILER = /usr/bin/c++ | CMAKE_CXX_FLAGS =  -fvisibility=hidden -Wall -Wextra -Wunused -Wsign-compare -fno-omit-frame-pointer -Wtype-limits -Wuninitialized -Wno-deprecated -Wstrict-aliasing -Wpointer-arith -Wpointer-arith -Wformat-nonliteral -Winit-self -Wparentheses -Wunreachable-code -g -Wno-class-memaccess -mpopcnt -msse4.2 -ggdb3 -Wlogical-op -Wrestrict -Wnull-dereference -Wdouble-promotion -Wshadow -Wformat=2 -Wextra-semi -pedantic | COMPILE_DEFINES =  -DEXTENDED_FEATURES -DUSE_GAUSS -DBOOST_TEST_DYN_LINK -DUSE_ZLIB -DYALSAT_FPU -DUSE_M4RI | STATICCOMPILE = OFF | ONLY_SIMPLE = OFF | Boost_FOUND = TRUE | STATS = OFF | SQLITE3_FOUND = FALSE | ZLIB_FOUND = TRUE | VALGRIND_FOUND =  | ENABLE_TESTING = OFF | M4RI_FOUND = TRUE | NOM4RI = OFF | SLOW_DEBUG = OFF | ENABLE_ASSERTIONS = ON | PYTHON_EXECUTABLE = PYTHON_EXECUTABLE-NOTFOUND | PYTHON_LIBRARY = PYTHON_LIBRARY-NOTFOUND | PYTHON_INCLUDE_DIRS =  | MY_TARGETS =  | LARGEMEM = OFF | LIMITMEM = OFF | BREAKID_LIBRARIES =  | BREAKID-VER = . | BOSPHORUS_LIBRARIES =  | BOSPH-VER = . | compilation date time = Aug 17 2020 10:07:40
c CMS compiled with gcc version 9.3.0
c executed with command line: approxmc --sparse 1 /home/steuber/Dokumente/Bench/FP/experiments/results/rangesum05.c/03/asm.dimacs
c -- header says num vars:           5040
c -- header says num clauses:       15943
c WARNING: Empty line at line number 16075 -- this is not part of the DIMACS specifications (http://www.satcompetition.org/2009/format-benchmarks2009.html). Ignoring.
c -- clauses added: 15943
c -- xor clauses added: 0
c -- vars added 5040
c [appmc] Sampling set size: 160
c [appmc] Sampling var set contains over 100 variables, not displaying
c [sparse] Using match: 3 sampling set size: 160 prev end inclusive is: 150 this end inclusive is: 200 next end inclusive is: 250 sampl size: 160
c [appmc] threshold set to 80 sparse: 1
c [appmc] Starting up, initial measurement
c [appmc] Starting at hash count: 1
c [appmc] [    0.00 ] round:  0 hashes:      1
c [appmc] [    0.00 ] bounded_sol_count looking for   81 solutions -- hashes active: 1
c [appmc] [    0.11 ] round:  0 hashes:      2
c [appmc] [    0.11 ] bounded_sol_count looking for   81 solutions -- hashes active: 2
c [appmc] [    0.13 ] round:  0 hashes:      4
c [appmc] [    0.13 ] bounded_sol_count looking for   81 solutions -- hashes active: 4
c [appmc] [    0.18 ] round:  0 hashes:      8
c [appmc] [    0.18 ] bounded_sol_count looking for   81 solutions -- hashes active: 8
c [appmc] [    0.23 ] round:  0 hashes:     16
c [appmc] [    0.23 ] bounded_sol_count looking for   81 solutions -- hashes active: 16
c [appmc] [    0.31 ] round:  0 hashes:     32
c [appmc] [    0.31 ] bounded_sol_count looking for   81 solutions -- hashes active: 32
c [appmc] [    0.41 ] round:  0 hashes:     64
c [appmc] [    0.41 ] bounded_sol_count looking for   81 solutions -- hashes active: 64
c [appmc] [    0.56 ] round:  0 hashes:    128
c [appmc] [    0.56 ] bounded_sol_count looking for   81 solutions -- hashes active: 128
c [appmc] [    0.80 ] round:  0 hashes:    144
c [appmc] [    0.80 ] bounded_sol_count looking for   81 solutions -- hashes active: 144
c [appmc] [    1.05 ] round:  0 hashes:    152
c [appmc] [    1.05 ] bounded_sol_count looking for   81 solutions -- hashes active: 152
c [appmc] [    1.33 ] round:  0 hashes:    156
c [appmc] [    1.33 ] bounded_sol_count looking for   81 solutions -- hashes active: 156
c [appmc] [    1.37 ] round:  0 hashes:    154
c [appmc] [    1.37 ] bounded_sol_count looking for   81 solutions -- hashes active: 154
c [appmc] [    1.51 ] round:  0 hashes:    153
c [appmc] [    1.51 ] bounded_sol_count looking for   81 solutions -- hashes active: 153
c [appmc] simplifying
c [appmc] [    1.75 ] round:  1 hashes:    154
c [appmc] [    1.75 ] bounded_sol_count looking for   81 solutions -- hashes active: 154
c [appmc] [    1.93 ] round:  1 hashes:    153
c [appmc] [    1.93 ] bounded_sol_count looking for   81 solutions -- hashes active: 153
c [appmc] simplifying
c [appmc] [    2.13 ] round:  2 hashes:    154
c [appmc] [    2.13 ] bounded_sol_count looking for   81 solutions -- hashes active: 154
c [appmc] [    2.38 ] round:  2 hashes:    153
c [appmc] [    2.38 ] bounded_sol_count looking for   81 solutions -- hashes active: 153
c [appmc] simplifying
c [appmc] [    2.60 ] round:  3 hashes:    154
c [appmc] [    2.60 ] bounded_sol_count looking for   81 solutions -- hashes active: 154
c [appmc] [    2.89 ] round:  3 hashes:    153
c [appmc] [    2.89 ] bounded_sol_count looking for   81 solutions -- hashes active: 153
c [appmc] simplifying
c [appmc] [    3.12 ] round:  4 hashes:    154
c [appmc] [    3.12 ] bounded_sol_count looking for   81 solutions -- hashes active: 154
c [appmc] [    3.46 ] round:  4 hashes:    153
c [appmc] [    3.46 ] bounded_sol_count looking for   81 solutions -- hashes active: 153
c [appmc] simplifying
c [appmc] [    3.71 ] round:  5 hashes:    154
c [appmc] [    3.71 ] bounded_sol_count looking for   81 solutions -- hashes active: 154
c [appmc] [    4.10 ] round:  5 hashes:    153
c [appmc] [    4.10 ] bounded_sol_count looking for   81 solutions -- hashes active: 153
c [appmc] simplifying
c [appmc] [    4.36 ] round:  6 hashes:    154
c [appmc] [    4.36 ] bounded_sol_count looking for   81 solutions -- hashes active: 154
c [appmc] [    4.79 ] round:  6 hashes:    153
c [appmc] [    4.79 ] bounded_sol_count looking for   81 solutions -- hashes active: 153
c [appmc] simplifying
c [appmc] [    5.06 ] round:  7 hashes:    154
c [appmc] [    5.06 ] bounded_sol_count looking for   81 solutions -- hashes active: 154
c [appmc] [    5.53 ] round:  7 hashes:    153
c [appmc] [    5.53 ] bounded_sol_count looking for   81 solutions -- hashes active: 153
c [appmc] simplifying
c [appmc] [    5.83 ] round:  8 hashes:    154
c [appmc] [    5.83 ] bounded_sol_count looking for   81 solutions -- hashes active: 154
c [appmc] [    6.34 ] round:  8 hashes:    153
c [appmc] [    6.34 ] bounded_sol_count looking for   81 solutions -- hashes active: 153
c [appmc] FINISHED ApproxMC T: 6.48 s
c [appmc] Number of solutions is: 64*2**154
s mc 1461501637330902918203684832716283019655932542976
** ASH **
c ApproxMC SHA revision 4648f20bf454cfc55b606142dd974bed44750e1a
c ApproxMC version 4.0.1
c ApproxMC compilation env CMAKE_CXX_COMPILER = /usr/bin/c++ | CMAKE_CXX_FLAGS =  -Wall -Wextra -Wunused -Wsign-compare -fno-omit-frame-pointer -Wtype-limits -Wuninitialized -Wno-deprecated -Wstrict-aliasing -Wpointer-arith -fvisibility=hidden -Wpointer-arith -Wformat-nonliteral -Winit-self -Wparentheses -Wunreachable-code -g -fvisibility=hidden -Wlogical-op -Wrestrict -Wnull-dereference -Wdouble-promotion -Wshadow -Wformat=2 -Wextra-semi -pedantic | COMPILE_DEFINES =  -DBOOST_TEST_DYN_LINK | STATICCOMPILE = OFF | Boost_FOUND = TRUE | ZLIB_FOUND = TRUE | VALGRIND_FOUND =  | GMP_FOUND = TRUE | ENABLE_ASSERTIONS = ON | MY_TARGETS =  | compilation date time = Aug 17 2020 10:12:40
c ApproxMC compiled with gcc version 9.3.0
c CryptoMiniSat version 5.8.0
c CMS Copyright (C) 2009-2020 Authors of CryptoMiniSat, see AUTHORS file
c CMS SHA revision a11dd3a5ac4d2de6bcb9edcb853b8abb6ecdd61f
c CMS is GPL licensed due to M4RI being linked. Build without M4RI to get MIT version
c Using VMTF code by Armin Biere from CaDiCaL
c Using Yalsat by Armin Biere, see Balint et al. Improving implementation of SLS solvers [...], SAT'14
c Using WalkSAT by Henry Kautz, see Kautz and Selman Pushing the envelope: planning, propositional logic, and stochastic search, AAAI'96,
c Using code from 'When Boolean Satisfiability Meets Gauss-E. in a Simplex Way'
c       by C.-S. Han and J.-H. Roland Jiang in CAV 2012. Fixes by M. Soos
c Using CCAnr from 'CCAnr: A Conf. Checking Based Local Search Solver [...]'
c       by Shaowei Cai, Chuan Luo, and Kaile Su, SAT 2015
c CMS compilation env CMAKE_CXX_COMPILER = /usr/bin/c++ | CMAKE_CXX_FLAGS =  -fvisibility=hidden -Wall -Wextra -Wunused -Wsign-compare -fno-omit-frame-pointer -Wtype-limits -Wuninitialized -Wno-deprecated -Wstrict-aliasing -Wpointer-arith -Wpointer-arith -Wformat-nonliteral -Winit-self -Wparentheses -Wunreachable-code -g -Wno-class-memaccess -mpopcnt -msse4.2 -ggdb3 -Wlogical-op -Wrestrict -Wnull-dereference -Wdouble-promotion -Wshadow -Wformat=2 -Wextra-semi -pedantic | COMPILE_DEFINES =  -DEXTENDED_FEATURES -DUSE_GAUSS -DBOOST_TEST_DYN_LINK -DUSE_ZLIB -DYALSAT_FPU -DUSE_M4RI | STATICCOMPILE = OFF | ONLY_SIMPLE = OFF | Boost_FOUND = TRUE | STATS = OFF | SQLITE3_FOUND = FALSE | ZLIB_FOUND = TRUE | VALGRIND_FOUND =  | ENABLE_TESTING = OFF | M4RI_FOUND = TRUE | NOM4RI = OFF | SLOW_DEBUG = OFF | ENABLE_ASSERTIONS = ON | PYTHON_EXECUTABLE = PYTHON_EXECUTABLE-NOTFOUND | PYTHON_LIBRARY = PYTHON_LIBRARY-NOTFOUND | PYTHON_INCLUDE_DIRS =  | MY_TARGETS =  | LARGEMEM = OFF | LIMITMEM = OFF | BREAKID_LIBRARIES =  | BREAKID-VER = . | BOSPHORUS_LIBRARIES =  | BOSPH-VER = . | compilation date time = Aug 17 2020 10:07:40
c CMS compiled with gcc version 9.3.0
c executed with command line: approxmc --sparse 1 /home/steuber/Dokumente/Bench/FP/experiments/results/rangesum05.c/03/ash.dimacs
c -- header says num vars:           5040
c -- header says num clauses:       15943
c WARNING: Empty line at line number 16075 -- this is not part of the DIMACS specifications (http://www.satcompetition.org/2009/format-benchmarks2009.html). Ignoring.
c -- clauses added: 15943
c -- xor clauses added: 0
c -- vars added 5040
c [appmc] Sampling set size: 160
c [appmc] Sampling var set contains over 100 variables, not displaying
c [sparse] Using match: 3 sampling set size: 160 prev end inclusive is: 150 this end inclusive is: 200 next end inclusive is: 250 sampl size: 160
c [appmc] threshold set to 80 sparse: 1
c [appmc] Starting up, initial measurement
c [appmc] Starting at hash count: 1
c [appmc] [    0.00 ] round:  0 hashes:      1
c [appmc] [    0.00 ] bounded_sol_count looking for   81 solutions -- hashes active: 1
c [appmc] [    0.09 ] round:  0 hashes:      2
c [appmc] [    0.09 ] bounded_sol_count looking for   81 solutions -- hashes active: 2
c [appmc] [    0.12 ] round:  0 hashes:      4
c [appmc] [    0.12 ] bounded_sol_count looking for   81 solutions -- hashes active: 4
c [appmc] [    0.16 ] round:  0 hashes:      8
c [appmc] [    0.16 ] bounded_sol_count looking for   81 solutions -- hashes active: 8
c [appmc] [    0.22 ] round:  0 hashes:     16
c [appmc] [    0.22 ] bounded_sol_count looking for   81 solutions -- hashes active: 16
c [appmc] [    0.32 ] round:  0 hashes:     32
c [appmc] [    0.32 ] bounded_sol_count looking for   81 solutions -- hashes active: 32
c [appmc] [    0.49 ] round:  0 hashes:     64
c [appmc] [    0.49 ] bounded_sol_count looking for   81 solutions -- hashes active: 64
c [appmc] [    0.88 ] round:  0 hashes:    128
c [appmc] [    0.88 ] bounded_sol_count looking for   81 solutions -- hashes active: 128
c [appmc] [  104.63 ] round:  0 hashes:     96
c [appmc] [  104.63 ] bounded_sol_count looking for   81 solutions -- hashes active: 96
c [appmc] [  105.32 ] round:  0 hashes:    112
c [appmc] [  105.32 ] bounded_sol_count looking for   81 solutions -- hashes active: 112
c [appmc] [  113.57 ] round:  0 hashes:    120
c [appmc] [  113.57 ] bounded_sol_count looking for   81 solutions -- hashes active: 120
c [appmc] [  208.87 ] round:  0 hashes:    124
c [appmc] [  208.87 ] bounded_sol_count looking for   81 solutions -- hashes active: 124
c [appmc] [  472.14 ] round:  0 hashes:    122
c [appmc] [  472.14 ] bounded_sol_count looking for   81 solutions -- hashes active: 122
c [appmc] [  667.76 ] round:  0 hashes:    123
c [appmc] [  667.76 ] bounded_sol_count looking for   81 solutions -- hashes active: 123
c [appmc] simplifying
c [appmc] [ 1057.42 ] round:  1 hashes:    123
c [appmc] [ 1057.42 ] bounded_sol_count looking for   81 solutions -- hashes active: 123
c [appmc] [ 1376.84 ] round:  1 hashes:    122
c [appmc] [ 1376.84 ] bounded_sol_count looking for   81 solutions -- hashes active: 122
c [appmc] simplifying
c [appmc] [ 1418.43 ] round:  2 hashes:    123
c [appmc] [ 1418.43 ] bounded_sol_count looking for   81 solutions -- hashes active: 123
c [appmc] [ 1818.98 ] round:  2 hashes:    122
c [appmc] [ 1818.98 ] bounded_sol_count looking for   81 solutions -- hashes active: 122
c [appmc] simplifying
c [appmc] [ 1878.73 ] round:  3 hashes:    123
c [appmc] [ 1878.73 ] bounded_sol_count looking for   81 solutions -- hashes active: 123
c [appmc] [ 2328.13 ] round:  3 hashes:    122
c [appmc] [ 2328.13 ] bounded_sol_count looking for   81 solutions -- hashes active: 122
c [appmc] simplifying
c [appmc] [ 2390.60 ] round:  4 hashes:    123
c [appmc] [ 2390.60 ] bounded_sol_count looking for   81 solutions -- hashes active: 123
c [appmc] [ 2909.48 ] round:  4 hashes:    122
c [appmc] [ 2909.48 ] bounded_sol_count looking for   81 solutions -- hashes active: 122
c [appmc] simplifying
c [appmc] [ 2971.47 ] round:  5 hashes:    123
c [appmc] [ 2971.47 ] bounded_sol_count looking for   81 solutions -- hashes active: 123
c [appmc] [ 3412.48 ] round:  5 hashes:    122
c [appmc] [ 3412.48 ] bounded_sol_count looking for   81 solutions -- hashes active: 122
c [appmc] simplifying
c [appmc] [ 3443.17 ] round:  6 hashes:    123
c [appmc] [ 3443.17 ] bounded_sol_count looking for   81 solutions -- hashes active: 123
c [appmc] [ 3748.99 ] round:  6 hashes:    122
c [appmc] [ 3748.99 ] bounded_sol_count looking for   81 solutions -- hashes active: 122
c [appmc] simplifying
c [appmc] [ 4175.90 ] round:  7 hashes:    123
c [appmc] [ 4175.90 ] bounded_sol_count looking for   81 solutions -- hashes active: 123
c [appmc] [ 4716.73 ] round:  7 hashes:    122
c [appmc] [ 4716.73 ] bounded_sol_count looking for   81 solutions -- hashes active: 122
c [appmc] simplifying
c [appmc] [ 4754.16 ] round:  8 hashes:    123
c [appmc] [ 4754.16 ] bounded_sol_count looking for   81 solutions -- hashes active: 123
c [appmc] [ 5194.73 ] round:  8 hashes:    122
c [appmc] [ 5194.73 ] bounded_sol_count looking for   81 solutions -- hashes active: 122
c [appmc] FINISHED ApproxMC T: 5246.41 s
c [appmc] Number of solutions is: 66*2**123
s mc 701832381774435580893210127828021936128
