** CON **
c ApproxMC SHA revision df6d9fc8d112d758301d7527817e2eb1029fa5eb
c ApproxMC version 4.0.1
c ApproxMC compilation env CMAKE_CXX_COMPILER = /usr/bin/c++ | CMAKE_CXX_FLAGS =  -Wall -Wextra -Wunused -Wsign-compare -fno-omit-frame-pointer -Wtype-limits -Wuninitialized -Wno-deprecated -Wstrict-aliasing -Wpointer-arith -fvisibility=hidden -Wpointer-arith -Wformat-nonliteral -Winit-self -Wparentheses -Wunreachable-code -g -fvisibility=hidden -Wlogical-op -Wrestrict -Wnull-dereference -Wdouble-promotion -Wshadow -Wformat=2 -Wextra-semi -pedantic | COMPILE_DEFINES =  -DBOOST_TEST_DYN_LINK | STATICCOMPILE = OFF | Boost_FOUND = TRUE | ZLIB_FOUND = TRUE | VALGRIND_FOUND =  | GMP_FOUND = TRUE | ENABLE_ASSERTIONS = ON | MY_TARGETS =  | compilation date time = Oct 29 2020 17:34:59
c ApproxMC compiled with gcc version 9.3.0
c CryptoMiniSat version 5.8.0
c CMS Copyright Mate Soos (soos.mate@gmail.com)
c CMS SHA revision 6477e8bc43b0fda7038965bb148b64b8637c804b
c CMS is GPL licensed due to M4RI being linked. Build without M4RI to get MIT version
c Using VMTF code by Armin Biere from CaDiCaL
c Using Yalsat by Armin Biere, see Balint et al. Improving implementation of SLS solvers [...], SAT'14
c Using WalkSAT by Henry Kautz, see Kautz and Selman Pushing the envelope: planning, propositional logic, and stochastic search, AAAI'96,
c Using code from 'When Boolean Satisfiability Meets Gauss-E. in a Simplex Way'
c       by C.-S. Han and J.-H. Roland Jiang in CAV 2012. Fixes by M. Soos
c Using CCAnr from 'CCAnr: A Conf. Checking Based Local Search Solver [...]'
c       by Shaowei Cai, Chuan Luo, and Kaile Su, SAT 2015
c CMS compilation env CMAKE_CXX_COMPILER = /usr/bin/c++ | CMAKE_CXX_FLAGS =  -fvisibility=hidden -Wall -Wextra -Wunused -Wsign-compare -fno-omit-frame-pointer -Wtype-limits -Wuninitialized -Wno-deprecated -Wstrict-aliasing -Wpointer-arith -Wpointer-arith -Wformat-nonliteral -Winit-self -Wparentheses -Wunreachable-code -g -Wno-class-memaccess -mpopcnt -msse4.2 -ggdb3 -Wlogical-op -Wrestrict -Wnull-dereference -Wdouble-promotion -Wshadow -Wformat=2 -Wextra-semi -pedantic | COMPILE_DEFINES =  -DEXTENDED_FEATURES -DUSE_GAUSS -DBOOST_TEST_DYN_LINK -DUSE_ZLIB -DYALSAT_FPU -DUSE_M4RI | STATICCOMPILE = OFF | ONLY_SIMPLE = OFF | Boost_FOUND = TRUE | STATS = OFF | SQLITE3_FOUND = FALSE | ZLIB_FOUND = TRUE | VALGRIND_FOUND =  | ENABLE_TESTING = OFF | M4RI_FOUND = TRUE | NOM4RI = OFF | SLOW_DEBUG = OFF | ENABLE_ASSERTIONS = ON | PYTHON_EXECUTABLE = PYTHON_EXECUTABLE-NOTFOUND | PYTHON_LIBRARY = PYTHON_LIBRARY-NOTFOUND | PYTHON_INCLUDE_DIRS =  | MY_TARGETS =  | LARGEMEM = OFF | LIMITMEM = OFF | BREAKID_LIBRARIES =  | BREAKID-VER = . | BOSPHORUS_LIBRARIES =  | BOSPH-VER = . | compilation date time = Oct 29 2020 17:34:11
c CMS compiled with gcc version 9.3.0
c executed with command line: approxmc --sparse 1 -s 03 /experiments/results/example1a.c/03/counterSharp/con.dimacs
c -- header says num vars:          13605
c -- header says num clauses:       55328
c WARNING: Empty line at line number 55645 -- this is not part of the DIMACS specifications (http://www.satcompetition.org/2009/format-benchmarks2009.html). Ignoring.
c -- clauses added: 55328
c -- xor clauses added: 0
c -- vars added 13605
c [appmc] Sampling set size: 32
c [appmc] Sampling set: 412, 413, 414, 415, 416, 417, 418, 419, 420, 421, 422, 423, 424, 425, 426, 427, 428, 429, 430, 431, 432, 433, 434, 435, 436, 437, 438, 439, 440, 441, 442, 443, 
c [sparse] Using match: 0 sampling set size: 32 prev end inclusive is: -1 this end inclusive is: 50 next end inclusive is: 100 sampl size: 32
c [appmc] threshold set to 80 sparse: 1
c [appmc] Starting up, initial measurement
c [appmc] Starting at hash count: 1
c [appmc] [    0.00 ] round:  0 hashes:      1
c [appmc] [    0.00 ] bounded_sol_count looking for   81 solutions -- hashes active: 1
c [gauss] XOR-encoding clauses detached: 8080 deleted: 0 T: 0.00
c [appmc] [    0.14 ] round:  0 hashes:      1
c [appmc] [    0.14 ] bounded_sol_count looking for   81 solutions -- hashes active: 1
c [appmc] simplifying
c [gauss] XOR-encoding clauses reattached: 8080 T: 0.00
c [appmc] [    0.15 ] round:  1 hashes:      1
c [appmc] [    0.15 ] bounded_sol_count looking for   81 solutions -- hashes active: 1
c [appmc] [    0.15 ] round:  1 hashes:      0
c [appmc] [    0.15 ] bounded_sol_count looking for   81 solutions -- hashes active: 0
c [appmc] simplifying
c [appmc] [    0.15 ] round:  2 hashes:      1
c [appmc] [    0.15 ] bounded_sol_count looking for   81 solutions -- hashes active: 1
c [appmc] [    0.15 ] round:  2 hashes:      0
c [appmc] [    0.15 ] bounded_sol_count looking for   81 solutions -- hashes active: 0
c [appmc] simplifying
c [appmc] [    0.15 ] round:  3 hashes:      1
c [appmc] [    0.15 ] bounded_sol_count looking for   81 solutions -- hashes active: 1
c [appmc] [    0.15 ] round:  3 hashes:      0
c [appmc] [    0.15 ] bounded_sol_count looking for   81 solutions -- hashes active: 0
c [appmc] simplifying
c [appmc] [    0.15 ] round:  4 hashes:      1
c [appmc] [    0.15 ] bounded_sol_count looking for   81 solutions -- hashes active: 1
c [appmc] [    0.15 ] round:  4 hashes:      0
c [appmc] [    0.15 ] bounded_sol_count looking for   81 solutions -- hashes active: 0
c [appmc] simplifying
c [appmc] [    0.15 ] round:  5 hashes:      1
c [appmc] [    0.15 ] bounded_sol_count looking for   81 solutions -- hashes active: 1
c [appmc] [    0.15 ] round:  5 hashes:      0
c [appmc] [    0.15 ] bounded_sol_count looking for   81 solutions -- hashes active: 0
c [appmc] simplifying
c [appmc] [    0.15 ] round:  6 hashes:      1
c [appmc] [    0.15 ] bounded_sol_count looking for   81 solutions -- hashes active: 1
c [appmc] [    0.15 ] round:  6 hashes:      0
c [appmc] [    0.15 ] bounded_sol_count looking for   81 solutions -- hashes active: 0
c [appmc] simplifying
c [appmc] [    0.15 ] round:  7 hashes:      1
c [appmc] [    0.15 ] bounded_sol_count looking for   81 solutions -- hashes active: 1
c [appmc] [    0.15 ] round:  7 hashes:      0
c [appmc] [    0.15 ] bounded_sol_count looking for   81 solutions -- hashes active: 0
c [appmc] simplifying
c [appmc] [    0.15 ] round:  8 hashes:      1
c [appmc] [    0.15 ] bounded_sol_count looking for   81 solutions -- hashes active: 1
c [appmc] [    0.15 ] round:  8 hashes:      0
c [appmc] [    0.15 ] bounded_sol_count looking for   81 solutions -- hashes active: 0
** AMM **
c ApproxMC SHA revision df6d9fc8d112d758301d7527817e2eb1029fa5eb
c ApproxMC version 4.0.1
c ApproxMC compilation env CMAKE_CXX_COMPILER = /usr/bin/c++ | CMAKE_CXX_FLAGS =  -Wall -Wextra -Wunused -Wsign-compare -fno-omit-frame-pointer -Wtype-limits -Wuninitialized -Wno-deprecated -Wstrict-aliasing -Wpointer-arith -fvisibility=hidden -Wpointer-arith -Wformat-nonliteral -Winit-self -Wparentheses -Wunreachable-code -g -fvisibility=hidden -Wlogical-op -Wrestrict -Wnull-dereference -Wdouble-promotion -Wshadow -Wformat=2 -Wextra-semi -pedantic | COMPILE_DEFINES =  -DBOOST_TEST_DYN_LINK | STATICCOMPILE = OFF | Boost_FOUND = TRUE | ZLIB_FOUND = TRUE | VALGRIND_FOUND =  | GMP_FOUND = TRUE | ENABLE_ASSERTIONS = ON | MY_TARGETS =  | compilation date time = Oct 29 2020 17:34:59
c ApproxMC compiled with gcc version 9.3.0
c CryptoMiniSat version 5.8.0
c CMS Copyright Mate Soos (soos.mate@gmail.com)
c CMS SHA revision 6477e8bc43b0fda7038965bb148b64b8637c804b
c CMS is GPL licensed due to M4RI being linked. Build without M4RI to get MIT version
c Using VMTF code by Armin Biere from CaDiCaL
c Using Yalsat by Armin Biere, see Balint et al. Improving implementation of SLS solvers [...], SAT'14
c Using WalkSAT by Henry Kautz, see Kautz and Selman Pushing the envelope: planning, propositional logic, and stochastic search, AAAI'96,
c Using code from 'When Boolean Satisfiability Meets Gauss-E. in a Simplex Way'
c       by C.-S. Han and J.-H. Roland Jiang in CAV 2012. Fixes by M. Soos
c Using CCAnr from 'CCAnr: A Conf. Checking Based Local Search Solver [...]'
c       by Shaowei Cai, Chuan Luo, and Kaile Su, SAT 2015
c CMS compilation env CMAKE_CXX_COMPILER = /usr/bin/c++ | CMAKE_CXX_FLAGS =  -fvisibility=hidden -Wall -Wextra -Wunused -Wsign-compare -fno-omit-frame-pointer -Wtype-limits -Wuninitialized -Wno-deprecated -Wstrict-aliasing -Wpointer-arith -Wpointer-arith -Wformat-nonliteral -Winit-self -Wparentheses -Wunreachable-code -g -Wno-class-memaccess -mpopcnt -msse4.2 -ggdb3 -Wlogical-op -Wrestrict -Wnull-dereference -Wdouble-promotion -Wshadow -Wformat=2 -Wextra-semi -pedantic | COMPILE_DEFINES =  -DEXTENDED_FEATURES -DUSE_GAUSS -DBOOST_TEST_DYN_LINK -DUSE_ZLIB -DYALSAT_FPU -DUSE_M4RI | STATICCOMPILE = OFF | ONLY_SIMPLE = OFF | Boost_FOUND = TRUE | STATS = OFF | SQLITE3_FOUND = FALSE | ZLIB_FOUND = TRUE | VALGRIND_FOUND =  | ENABLE_TESTING = OFF | M4RI_FOUND = TRUE | NOM4RI = OFF | SLOW_DEBUG = OFF | ENABLE_ASSERTIONS = ON | PYTHON_EXECUTABLE = PYTHON_EXECUTABLE-NOTFOUND | PYTHON_LIBRARY = PYTHON_LIBRARY-NOTFOUND | PYTHON_INCLUDE_DIRS =  | MY_TARGETS =  | LARGEMEM = OFF | LIMITMEM = OFF | BREAKID_LIBRARIES =  | BREAKID-VER = . | BOSPHORUS_LIBRARIES =  | BOSPH-VER = . | compilation date time = Oct 29 2020 17:34:11
c CMS compiled with gcc version 9.3.0
c executed with command line: approxmc --sparse 1 -s 03 /experiments/results/example1a.c/03/counterSharp/amm.dimacs
c -- header says num vars:          13496
c -- header says num clauses:       54961
c WARNING: Empty line at line number 55280 -- this is not part of the DIMACS specifications (http://www.satcompetition.org/2009/format-benchmarks2009.html). Ignoring.
c -- clauses added: 54961
c -- xor clauses added: 0
c -- vars added 13496
c [appmc] Sampling set size: 32
c [appmc] Sampling set: 208, 209, 210, 211, 212, 213, 214, 215, 216, 217, 218, 219, 220, 221, 222, 223, 224, 225, 226, 227, 228, 229, 230, 231, 232, 233, 234, 235, 236, 237, 238, 239, 
c [sparse] Using match: 0 sampling set size: 32 prev end inclusive is: -1 this end inclusive is: 50 next end inclusive is: 100 sampl size: 32
c [appmc] threshold set to 80 sparse: 1
c [appmc] Starting up, initial measurement
c [appmc] Starting at hash count: 1
c [appmc] [    0.00 ] round:  0 hashes:      1
c [appmc] [    0.00 ] bounded_sol_count looking for   81 solutions -- hashes active: 1
c WHAAAAT Detach issue. All below must be 1 to work ---
c -- can_detach: 0
c -- mfinder.no_irred_nonxor_contains_clash_vars(): 0
c -- !conf.gaussconf.autodisable: 1
c -- conf.xor_detach_reattach: 1
c [appmc] [    0.20 ] round:  0 hashes:      2
c [appmc] [    0.20 ] bounded_sol_count looking for   81 solutions -- hashes active: 2
c [gauss] XOR-encoding clauses detached: 136 deleted: 47 T: 0.00
c [appmc] [    0.23 ] round:  0 hashes:      4
c [appmc] [    0.23 ] bounded_sol_count looking for   81 solutions -- hashes active: 4
c [gauss] XOR-encoding clauses detached: 128 deleted: 0 T: 0.00
c [appmc] [    0.29 ] round:  0 hashes:      8
c [appmc] [    0.29 ] bounded_sol_count looking for   81 solutions -- hashes active: 8
c [gauss] XOR-encoding clauses detached: 240 deleted: 0 T: 0.00
c [appmc] [    0.35 ] round:  0 hashes:     16
c [appmc] [    0.35 ] bounded_sol_count looking for   81 solutions -- hashes active: 16
c [gauss] XOR-encoding clauses detached: 448 deleted: 0 T: 0.00
c [appmc] [    0.43 ] round:  0 hashes:     24
c [appmc] [    0.43 ] bounded_sol_count looking for   81 solutions -- hashes active: 24
c [gauss] XOR-encoding clauses detached: 344 deleted: 0 T: 0.00
c [appmc] [    0.50 ] round:  0 hashes:     28
c [appmc] [    0.50 ] bounded_sol_count looking for   81 solutions -- hashes active: 28
c [gauss] XOR-encoding clauses detached: 164 deleted: 0 T: 0.00
c [appmc] [    0.51 ] round:  0 hashes:     26
c [appmc] [    0.51 ] bounded_sol_count looking for   81 solutions -- hashes active: 26
c [appmc] [    0.54 ] round:  0 hashes:     25
c [appmc] [    0.54 ] bounded_sol_count looking for   81 solutions -- hashes active: 25
c [appmc] simplifying
c [gauss] XOR-encoding clauses reattached: 1460 T: 0.00
c [appmc] [    0.55 ] round:  1 hashes:     26
c [appmc] [    0.55 ] bounded_sol_count looking for   81 solutions -- hashes active: 26
c [gauss] XOR-encoding clauses detached: 1368 deleted: 0 T: 0.00
c [appmc] [    0.61 ] round:  1 hashes:     25
c [appmc] [    0.61 ] bounded_sol_count looking for   81 solutions -- hashes active: 25
c [appmc] simplifying
c [gauss] XOR-encoding clauses reattached: 1368 T: 0.00
c [appmc] [    0.63 ] round:  2 hashes:     26
c [appmc] [    0.63 ] bounded_sol_count looking for   81 solutions -- hashes active: 26
c [gauss] XOR-encoding clauses detached: 1344 deleted: 0 T: 0.00
c [appmc] [    0.69 ] round:  2 hashes:     25
c [appmc] [    0.69 ] bounded_sol_count looking for   81 solutions -- hashes active: 25
c [appmc] simplifying
c [gauss] XOR-encoding clauses reattached: 1344 T: 0.00
c [appmc] [    0.71 ] round:  3 hashes:     26
c [appmc] [    0.71 ] bounded_sol_count looking for   81 solutions -- hashes active: 26
c [gauss] XOR-encoding clauses detached: 1488 deleted: 0 T: 0.00
c [appmc] [    0.77 ] round:  3 hashes:     25
c [appmc] [    0.77 ] bounded_sol_count looking for   81 solutions -- hashes active: 25
c [appmc] simplifying
c [gauss] XOR-encoding clauses reattached: 1488 T: 0.00
c [appmc] [    0.79 ] round:  4 hashes:     26
c [appmc] [    0.79 ] bounded_sol_count looking for   81 solutions -- hashes active: 26
c [gauss] XOR-encoding clauses detached: 1404 deleted: 0 T: 0.00
c [appmc] [    0.85 ] round:  4 hashes:     25
c [appmc] [    0.85 ] bounded_sol_count looking for   81 solutions -- hashes active: 25
c [appmc] simplifying
c [gauss] XOR-encoding clauses reattached: 1404 T: 0.00
c [appmc] [    0.88 ] round:  5 hashes:     26
c [appmc] [    0.88 ] bounded_sol_count looking for   81 solutions -- hashes active: 26
c [gauss] XOR-encoding clauses detached: 1448 deleted: 0 T: 0.00
c [appmc] [    0.94 ] round:  5 hashes:     25
c [appmc] [    0.94 ] bounded_sol_count looking for   81 solutions -- hashes active: 25
c [appmc] simplifying
c [gauss] XOR-encoding clauses reattached: 1448 T: 0.00
c [appmc] [    0.96 ] round:  6 hashes:     26
c [appmc] [    0.96 ] bounded_sol_count looking for   81 solutions -- hashes active: 26
c [gauss] XOR-encoding clauses detached: 1288 deleted: 0 T: 0.00
c [appmc] [    1.03 ] round:  6 hashes:     25
c [appmc] [    1.03 ] bounded_sol_count looking for   81 solutions -- hashes active: 25
c [appmc] simplifying
c [gauss] XOR-encoding clauses reattached: 1288 T: 0.00
c [appmc] [    1.05 ] round:  7 hashes:     26
c [appmc] [    1.05 ] bounded_sol_count looking for   81 solutions -- hashes active: 26
c [gauss] XOR-encoding clauses detached: 1376 deleted: 0 T: 0.00
c [appmc] [    1.11 ] round:  7 hashes:     25
c [appmc] [    1.11 ] bounded_sol_count looking for   81 solutions -- hashes active: 25
c [appmc] simplifying
c [gauss] XOR-encoding clauses reattached: 1376 T: 0.00
c [appmc] [    1.14 ] round:  8 hashes:     26
c [appmc] [    1.14 ] bounded_sol_count looking for   81 solutions -- hashes active: 26
c [gauss] XOR-encoding clauses detached: 1388 deleted: 0 T: 0.00
c [appmc] [    1.20 ] round:  8 hashes:     25
c [appmc] [    1.20 ] bounded_sol_count looking for   81 solutions -- hashes active: 25
c [appmc] FINISHED ApproxMC T: 1.22 s
c [appmc] Number of solutions is: 64*2**26
s mc 4294967296
** AMH **
c ApproxMC SHA revision df6d9fc8d112d758301d7527817e2eb1029fa5eb
c ApproxMC version 4.0.1
c ApproxMC compilation env CMAKE_CXX_COMPILER = /usr/bin/c++ | CMAKE_CXX_FLAGS =  -Wall -Wextra -Wunused -Wsign-compare -fno-omit-frame-pointer -Wtype-limits -Wuninitialized -Wno-deprecated -Wstrict-aliasing -Wpointer-arith -fvisibility=hidden -Wpointer-arith -Wformat-nonliteral -Winit-self -Wparentheses -Wunreachable-code -g -fvisibility=hidden -Wlogical-op -Wrestrict -Wnull-dereference -Wdouble-promotion -Wshadow -Wformat=2 -Wextra-semi -pedantic | COMPILE_DEFINES =  -DBOOST_TEST_DYN_LINK | STATICCOMPILE = OFF | Boost_FOUND = TRUE | ZLIB_FOUND = TRUE | VALGRIND_FOUND =  | GMP_FOUND = TRUE | ENABLE_ASSERTIONS = ON | MY_TARGETS =  | compilation date time = Oct 29 2020 17:34:59
c ApproxMC compiled with gcc version 9.3.0
c CryptoMiniSat version 5.8.0
c CMS Copyright Mate Soos (soos.mate@gmail.com)
c CMS SHA revision 6477e8bc43b0fda7038965bb148b64b8637c804b
c CMS is GPL licensed due to M4RI being linked. Build without M4RI to get MIT version
c Using VMTF code by Armin Biere from CaDiCaL
c Using Yalsat by Armin Biere, see Balint et al. Improving implementation of SLS solvers [...], SAT'14
c Using WalkSAT by Henry Kautz, see Kautz and Selman Pushing the envelope: planning, propositional logic, and stochastic search, AAAI'96,
c Using code from 'When Boolean Satisfiability Meets Gauss-E. in a Simplex Way'
c       by C.-S. Han and J.-H. Roland Jiang in CAV 2012. Fixes by M. Soos
c Using CCAnr from 'CCAnr: A Conf. Checking Based Local Search Solver [...]'
c       by Shaowei Cai, Chuan Luo, and Kaile Su, SAT 2015
c CMS compilation env CMAKE_CXX_COMPILER = /usr/bin/c++ | CMAKE_CXX_FLAGS =  -fvisibility=hidden -Wall -Wextra -Wunused -Wsign-compare -fno-omit-frame-pointer -Wtype-limits -Wuninitialized -Wno-deprecated -Wstrict-aliasing -Wpointer-arith -Wpointer-arith -Wformat-nonliteral -Winit-self -Wparentheses -Wunreachable-code -g -Wno-class-memaccess -mpopcnt -msse4.2 -ggdb3 -Wlogical-op -Wrestrict -Wnull-dereference -Wdouble-promotion -Wshadow -Wformat=2 -Wextra-semi -pedantic | COMPILE_DEFINES =  -DEXTENDED_FEATURES -DUSE_GAUSS -DBOOST_TEST_DYN_LINK -DUSE_ZLIB -DYALSAT_FPU -DUSE_M4RI | STATICCOMPILE = OFF | ONLY_SIMPLE = OFF | Boost_FOUND = TRUE | STATS = OFF | SQLITE3_FOUND = FALSE | ZLIB_FOUND = TRUE | VALGRIND_FOUND =  | ENABLE_TESTING = OFF | M4RI_FOUND = TRUE | NOM4RI = OFF | SLOW_DEBUG = OFF | ENABLE_ASSERTIONS = ON | PYTHON_EXECUTABLE = PYTHON_EXECUTABLE-NOTFOUND | PYTHON_LIBRARY = PYTHON_LIBRARY-NOTFOUND | PYTHON_INCLUDE_DIRS =  | MY_TARGETS =  | LARGEMEM = OFF | LIMITMEM = OFF | BREAKID_LIBRARIES =  | BREAKID-VER = . | BOSPHORUS_LIBRARIES =  | BOSPH-VER = . | compilation date time = Oct 29 2020 17:34:11
c CMS compiled with gcc version 9.3.0
c executed with command line: approxmc --sparse 1 -s 03 /experiments/results/example1a.c/03/counterSharp/amh.dimacs
c -- header says num vars:          13496
c -- header says num clauses:       54961
c WARNING: Empty line at line number 55280 -- this is not part of the DIMACS specifications (http://www.satcompetition.org/2009/format-benchmarks2009.html). Ignoring.
c -- clauses added: 54961
c -- xor clauses added: 0
c -- vars added 13496
c [appmc] Sampling set size: 32
c [appmc] Sampling set: 208, 209, 210, 211, 212, 213, 214, 215, 216, 217, 218, 219, 220, 221, 222, 223, 224, 225, 226, 227, 228, 229, 230, 231, 232, 233, 234, 235, 236, 237, 238, 239, 
c [sparse] Using match: 0 sampling set size: 32 prev end inclusive is: -1 this end inclusive is: 50 next end inclusive is: 100 sampl size: 32
c [appmc] threshold set to 80 sparse: 1
c [appmc] Starting up, initial measurement
c [appmc] Starting at hash count: 1
c [appmc] [    0.00 ] round:  0 hashes:      1
c [appmc] [    0.00 ] bounded_sol_count looking for   81 solutions -- hashes active: 1
c [gauss] XOR-encoding clauses detached: 8132 deleted: 0 T: 0.00
c [appmc] [    0.22 ] round:  0 hashes:      1
c [appmc] [    0.22 ] bounded_sol_count looking for   81 solutions -- hashes active: 1
c [appmc] simplifying
c [gauss] XOR-encoding clauses reattached: 8132 T: 0.00
c [appmc] [    1.45 ] round:  1 hashes:      1
c [appmc] [    1.45 ] bounded_sol_count looking for   81 solutions -- hashes active: 1
c [gauss] XOR-encoding clauses detached: 436 deleted: 0 T: 0.00
c [appmc] [    1.45 ] round:  1 hashes:      0
c [appmc] [    1.45 ] bounded_sol_count looking for   81 solutions -- hashes active: 0
c [appmc] simplifying
c [gauss] XOR-encoding clauses reattached: 436 T: 0.00
c [appmc] [    1.46 ] round:  2 hashes:      1
c [appmc] [    1.46 ] bounded_sol_count looking for   81 solutions -- hashes active: 1
c [gauss] XOR-encoding clauses detached: 72 deleted: 0 T: 0.00
c [appmc] [    1.46 ] round:  2 hashes:      0
c [appmc] [    1.46 ] bounded_sol_count looking for   81 solutions -- hashes active: 0
c [appmc] simplifying
c [gauss] XOR-encoding clauses reattached: 72 T: 0.00
c [appmc] [    1.47 ] round:  3 hashes:      1
c [appmc] [    1.47 ] bounded_sol_count looking for   81 solutions -- hashes active: 1
c [gauss] XOR-encoding clauses detached: 80 deleted: 0 T: 0.00
c [appmc] [    1.48 ] round:  3 hashes:      0
c [appmc] [    1.48 ] bounded_sol_count looking for   81 solutions -- hashes active: 0
c [appmc] simplifying
c [gauss] XOR-encoding clauses reattached: 80 T: 0.00
c [appmc] [    1.48 ] round:  4 hashes:      1
c [appmc] [    1.48 ] bounded_sol_count looking for   81 solutions -- hashes active: 1
c [gauss] XOR-encoding clauses detached: 80 deleted: 0 T: 0.00
c [appmc] [    1.49 ] round:  4 hashes:      0
c [appmc] [    1.49 ] bounded_sol_count looking for   81 solutions -- hashes active: 0
c [appmc] simplifying
c [gauss] XOR-encoding clauses reattached: 80 T: 0.00
c [appmc] [    1.50 ] round:  5 hashes:      1
c [appmc] [    1.50 ] bounded_sol_count looking for   81 solutions -- hashes active: 1
c [gauss] XOR-encoding clauses detached: 72 deleted: 0 T: 0.00
c [appmc] [    1.50 ] round:  5 hashes:      0
c [appmc] [    1.50 ] bounded_sol_count looking for   81 solutions -- hashes active: 0
c [appmc] simplifying
c [gauss] XOR-encoding clauses reattached: 72 T: 0.00
c [appmc] [    1.51 ] round:  6 hashes:      1
c [appmc] [    1.51 ] bounded_sol_count looking for   81 solutions -- hashes active: 1
c [gauss] XOR-encoding clauses detached: 80 deleted: 0 T: 0.00
c [appmc] [    1.51 ] round:  6 hashes:      0
c [appmc] [    1.51 ] bounded_sol_count looking for   81 solutions -- hashes active: 0
c [appmc] simplifying
c [gauss] XOR-encoding clauses reattached: 80 T: 0.00
c [appmc] [    1.52 ] round:  7 hashes:      1
c [appmc] [    1.52 ] bounded_sol_count looking for   81 solutions -- hashes active: 1
c [gauss] XOR-encoding clauses detached: 80 deleted: 0 T: 0.00
c [appmc] [    1.52 ] round:  7 hashes:      0
c [appmc] [    1.52 ] bounded_sol_count looking for   81 solutions -- hashes active: 0
c [appmc] simplifying
c [gauss] XOR-encoding clauses reattached: 80 T: 0.00
c [appmc] [    1.53 ] round:  8 hashes:      1
c [appmc] [    1.53 ] bounded_sol_count looking for   81 solutions -- hashes active: 1
c [gauss] XOR-encoding clauses detached: 72 deleted: 0 T: 0.00
c [appmc] [    1.53 ] round:  8 hashes:      0
c [appmc] [    1.53 ] bounded_sol_count looking for   81 solutions -- hashes active: 0
** ASM **
c ApproxMC SHA revision df6d9fc8d112d758301d7527817e2eb1029fa5eb
c ApproxMC version 4.0.1
c ApproxMC compilation env CMAKE_CXX_COMPILER = /usr/bin/c++ | CMAKE_CXX_FLAGS =  -Wall -Wextra -Wunused -Wsign-compare -fno-omit-frame-pointer -Wtype-limits -Wuninitialized -Wno-deprecated -Wstrict-aliasing -Wpointer-arith -fvisibility=hidden -Wpointer-arith -Wformat-nonliteral -Winit-self -Wparentheses -Wunreachable-code -g -fvisibility=hidden -Wlogical-op -Wrestrict -Wnull-dereference -Wdouble-promotion -Wshadow -Wformat=2 -Wextra-semi -pedantic | COMPILE_DEFINES =  -DBOOST_TEST_DYN_LINK | STATICCOMPILE = OFF | Boost_FOUND = TRUE | ZLIB_FOUND = TRUE | VALGRIND_FOUND =  | GMP_FOUND = TRUE | ENABLE_ASSERTIONS = ON | MY_TARGETS =  | compilation date time = Oct 29 2020 17:34:59
c ApproxMC compiled with gcc version 9.3.0
c CryptoMiniSat version 5.8.0
c CMS Copyright Mate Soos (soos.mate@gmail.com)
c CMS SHA revision 6477e8bc43b0fda7038965bb148b64b8637c804b
c CMS is GPL licensed due to M4RI being linked. Build without M4RI to get MIT version
c Using VMTF code by Armin Biere from CaDiCaL
c Using Yalsat by Armin Biere, see Balint et al. Improving implementation of SLS solvers [...], SAT'14
c Using WalkSAT by Henry Kautz, see Kautz and Selman Pushing the envelope: planning, propositional logic, and stochastic search, AAAI'96,
c Using code from 'When Boolean Satisfiability Meets Gauss-E. in a Simplex Way'
c       by C.-S. Han and J.-H. Roland Jiang in CAV 2012. Fixes by M. Soos
c Using CCAnr from 'CCAnr: A Conf. Checking Based Local Search Solver [...]'
c       by Shaowei Cai, Chuan Luo, and Kaile Su, SAT 2015
c CMS compilation env CMAKE_CXX_COMPILER = /usr/bin/c++ | CMAKE_CXX_FLAGS =  -fvisibility=hidden -Wall -Wextra -Wunused -Wsign-compare -fno-omit-frame-pointer -Wtype-limits -Wuninitialized -Wno-deprecated -Wstrict-aliasing -Wpointer-arith -Wpointer-arith -Wformat-nonliteral -Winit-self -Wparentheses -Wunreachable-code -g -Wno-class-memaccess -mpopcnt -msse4.2 -ggdb3 -Wlogical-op -Wrestrict -Wnull-dereference -Wdouble-promotion -Wshadow -Wformat=2 -Wextra-semi -pedantic | COMPILE_DEFINES =  -DEXTENDED_FEATURES -DUSE_GAUSS -DBOOST_TEST_DYN_LINK -DUSE_ZLIB -DYALSAT_FPU -DUSE_M4RI | STATICCOMPILE = OFF | ONLY_SIMPLE = OFF | Boost_FOUND = TRUE | STATS = OFF | SQLITE3_FOUND = FALSE | ZLIB_FOUND = TRUE | VALGRIND_FOUND =  | ENABLE_TESTING = OFF | M4RI_FOUND = TRUE | NOM4RI = OFF | SLOW_DEBUG = OFF | ENABLE_ASSERTIONS = ON | PYTHON_EXECUTABLE = PYTHON_EXECUTABLE-NOTFOUND | PYTHON_LIBRARY = PYTHON_LIBRARY-NOTFOUND | PYTHON_INCLUDE_DIRS =  | MY_TARGETS =  | LARGEMEM = OFF | LIMITMEM = OFF | BREAKID_LIBRARIES =  | BREAKID-VER = . | BOSPHORUS_LIBRARIES =  | BOSPH-VER = . | compilation date time = Oct 29 2020 17:34:11
c CMS compiled with gcc version 9.3.0
c executed with command line: approxmc --sparse 1 -s 03 /experiments/results/example1a.c/03/counterSharp/asm.dimacs
c -- header says num vars:          13498
c -- header says num clauses:       54967
c WARNING: Empty line at line number 55288 -- this is not part of the DIMACS specifications (http://www.satcompetition.org/2009/format-benchmarks2009.html). Ignoring.
c -- clauses added: 54967
c -- xor clauses added: 0
c -- vars added 13498
c [appmc] Sampling set size: 32
c [appmc] Sampling set: 208, 209, 210, 211, 212, 213, 214, 215, 216, 217, 218, 219, 220, 221, 222, 223, 224, 225, 226, 227, 228, 229, 230, 231, 232, 233, 234, 235, 236, 237, 238, 239, 
c [sparse] Using match: 0 sampling set size: 32 prev end inclusive is: -1 this end inclusive is: 50 next end inclusive is: 100 sampl size: 32
c [appmc] threshold set to 80 sparse: 1
c [appmc] Starting up, initial measurement
c [appmc] Starting at hash count: 1
c [appmc] [    0.00 ] round:  0 hashes:      1
c [appmc] [    0.00 ] bounded_sol_count looking for   81 solutions -- hashes active: 1
c [gauss] XOR-encoding clauses detached: 8132 deleted: 0 T: 0.00
c [appmc] [    0.24 ] round:  0 hashes:      1
c [appmc] [    0.24 ] bounded_sol_count looking for   81 solutions -- hashes active: 1
c [appmc] simplifying
c [gauss] XOR-encoding clauses reattached: 8132 T: 0.00
c [appmc] [    0.30 ] round:  1 hashes:      1
c [appmc] [    0.30 ] bounded_sol_count looking for   81 solutions -- hashes active: 1
c [appmc] [    0.30 ] round:  1 hashes:      0
c [appmc] [    0.30 ] bounded_sol_count looking for   81 solutions -- hashes active: 0
c [appmc] simplifying
c [appmc] [    0.30 ] round:  2 hashes:      1
c [appmc] [    0.30 ] bounded_sol_count looking for   81 solutions -- hashes active: 1
c [appmc] [    0.30 ] round:  2 hashes:      0
c [appmc] [    0.30 ] bounded_sol_count looking for   81 solutions -- hashes active: 0
c [appmc] simplifying
c [appmc] [    0.30 ] round:  3 hashes:      1
c [appmc] [    0.30 ] bounded_sol_count looking for   81 solutions -- hashes active: 1
c [appmc] [    0.30 ] round:  3 hashes:      0
c [appmc] [    0.30 ] bounded_sol_count looking for   81 solutions -- hashes active: 0
c [appmc] simplifying
c [appmc] [    0.30 ] round:  4 hashes:      1
c [appmc] [    0.30 ] bounded_sol_count looking for   81 solutions -- hashes active: 1
c [appmc] [    0.30 ] round:  4 hashes:      0
c [appmc] [    0.30 ] bounded_sol_count looking for   81 solutions -- hashes active: 0
c [appmc] simplifying
c [appmc] [    0.30 ] round:  5 hashes:      1
c [appmc] [    0.30 ] bounded_sol_count looking for   81 solutions -- hashes active: 1
c [appmc] [    0.30 ] round:  5 hashes:      0
c [appmc] [    0.30 ] bounded_sol_count looking for   81 solutions -- hashes active: 0
c [appmc] simplifying
c [appmc] [    0.30 ] round:  6 hashes:      1
c [appmc] [    0.30 ] bounded_sol_count looking for   81 solutions -- hashes active: 1
c [appmc] [    0.30 ] round:  6 hashes:      0
c [appmc] [    0.30 ] bounded_sol_count looking for   81 solutions -- hashes active: 0
c [appmc] simplifying
c [appmc] [    0.30 ] round:  7 hashes:      1
c [appmc] [    0.30 ] bounded_sol_count looking for   81 solutions -- hashes active: 1
c [appmc] [    0.30 ] round:  7 hashes:      0
c [appmc] [    0.30 ] bounded_sol_count looking for   81 solutions -- hashes active: 0
c [appmc] simplifying
c [appmc] [    0.30 ] round:  8 hashes:      1
c [appmc] [    0.30 ] bounded_sol_count looking for   81 solutions -- hashes active: 1
c [appmc] [    0.30 ] round:  8 hashes:      0
c [appmc] [    0.30 ] bounded_sol_count looking for   81 solutions -- hashes active: 0
** ASH **
c ApproxMC SHA revision df6d9fc8d112d758301d7527817e2eb1029fa5eb
c ApproxMC version 4.0.1
c ApproxMC compilation env CMAKE_CXX_COMPILER = /usr/bin/c++ | CMAKE_CXX_FLAGS =  -Wall -Wextra -Wunused -Wsign-compare -fno-omit-frame-pointer -Wtype-limits -Wuninitialized -Wno-deprecated -Wstrict-aliasing -Wpointer-arith -fvisibility=hidden -Wpointer-arith -Wformat-nonliteral -Winit-self -Wparentheses -Wunreachable-code -g -fvisibility=hidden -Wlogical-op -Wrestrict -Wnull-dereference -Wdouble-promotion -Wshadow -Wformat=2 -Wextra-semi -pedantic | COMPILE_DEFINES =  -DBOOST_TEST_DYN_LINK | STATICCOMPILE = OFF | Boost_FOUND = TRUE | ZLIB_FOUND = TRUE | VALGRIND_FOUND =  | GMP_FOUND = TRUE | ENABLE_ASSERTIONS = ON | MY_TARGETS =  | compilation date time = Oct 29 2020 17:34:59
c ApproxMC compiled with gcc version 9.3.0
c CryptoMiniSat version 5.8.0
c CMS Copyright Mate Soos (soos.mate@gmail.com)
c CMS SHA revision 6477e8bc43b0fda7038965bb148b64b8637c804b
c CMS is GPL licensed due to M4RI being linked. Build without M4RI to get MIT version
c Using VMTF code by Armin Biere from CaDiCaL
c Using Yalsat by Armin Biere, see Balint et al. Improving implementation of SLS solvers [...], SAT'14
c Using WalkSAT by Henry Kautz, see Kautz and Selman Pushing the envelope: planning, propositional logic, and stochastic search, AAAI'96,
c Using code from 'When Boolean Satisfiability Meets Gauss-E. in a Simplex Way'
c       by C.-S. Han and J.-H. Roland Jiang in CAV 2012. Fixes by M. Soos
c Using CCAnr from 'CCAnr: A Conf. Checking Based Local Search Solver [...]'
c       by Shaowei Cai, Chuan Luo, and Kaile Su, SAT 2015
c CMS compilation env CMAKE_CXX_COMPILER = /usr/bin/c++ | CMAKE_CXX_FLAGS =  -fvisibility=hidden -Wall -Wextra -Wunused -Wsign-compare -fno-omit-frame-pointer -Wtype-limits -Wuninitialized -Wno-deprecated -Wstrict-aliasing -Wpointer-arith -Wpointer-arith -Wformat-nonliteral -Winit-self -Wparentheses -Wunreachable-code -g -Wno-class-memaccess -mpopcnt -msse4.2 -ggdb3 -Wlogical-op -Wrestrict -Wnull-dereference -Wdouble-promotion -Wshadow -Wformat=2 -Wextra-semi -pedantic | COMPILE_DEFINES =  -DEXTENDED_FEATURES -DUSE_GAUSS -DBOOST_TEST_DYN_LINK -DUSE_ZLIB -DYALSAT_FPU -DUSE_M4RI | STATICCOMPILE = OFF | ONLY_SIMPLE = OFF | Boost_FOUND = TRUE | STATS = OFF | SQLITE3_FOUND = FALSE | ZLIB_FOUND = TRUE | VALGRIND_FOUND =  | ENABLE_TESTING = OFF | M4RI_FOUND = TRUE | NOM4RI = OFF | SLOW_DEBUG = OFF | ENABLE_ASSERTIONS = ON | PYTHON_EXECUTABLE = PYTHON_EXECUTABLE-NOTFOUND | PYTHON_LIBRARY = PYTHON_LIBRARY-NOTFOUND | PYTHON_INCLUDE_DIRS =  | MY_TARGETS =  | LARGEMEM = OFF | LIMITMEM = OFF | BREAKID_LIBRARIES =  | BREAKID-VER = . | BOSPHORUS_LIBRARIES =  | BOSPH-VER = . | compilation date time = Oct 29 2020 17:34:11
c CMS compiled with gcc version 9.3.0
c executed with command line: approxmc --sparse 1 -s 03 /experiments/results/example1a.c/03/counterSharp/ash.dimacs
c -- header says num vars:          13498
c -- header says num clauses:       54967
c WARNING: Empty line at line number 55288 -- this is not part of the DIMACS specifications (http://www.satcompetition.org/2009/format-benchmarks2009.html). Ignoring.
c -- clauses added: 54967
c -- xor clauses added: 0
c -- vars added 13498
c [appmc] Sampling set size: 32
c [appmc] Sampling set: 208, 209, 210, 211, 212, 213, 214, 215, 216, 217, 218, 219, 220, 221, 222, 223, 224, 225, 226, 227, 228, 229, 230, 231, 232, 233, 234, 235, 236, 237, 238, 239, 
c [sparse] Using match: 0 sampling set size: 32 prev end inclusive is: -1 this end inclusive is: 50 next end inclusive is: 100 sampl size: 32
c [appmc] threshold set to 80 sparse: 1
c [appmc] Starting up, initial measurement
c [appmc] Starting at hash count: 1
c [appmc] [    0.00 ] round:  0 hashes:      1
c [appmc] [    0.00 ] bounded_sol_count looking for   81 solutions -- hashes active: 1
c [gauss] XOR-encoding clauses detached: 8128 deleted: 0 T: 0.00
c [appmc] [    0.27 ] round:  0 hashes:      1
c [appmc] [    0.27 ] bounded_sol_count looking for   81 solutions -- hashes active: 1
c [appmc] simplifying
c [gauss] XOR-encoding clauses reattached: 8128 T: 0.00
c [appmc] [    1.73 ] round:  1 hashes:      1
c [appmc] [    1.73 ] bounded_sol_count looking for   81 solutions -- hashes active: 1
c [gauss] XOR-encoding clauses detached: 440 deleted: 0 T: 0.00
c [appmc] [    1.73 ] round:  1 hashes:      0
c [appmc] [    1.73 ] bounded_sol_count looking for   81 solutions -- hashes active: 0
c [appmc] simplifying
c [gauss] XOR-encoding clauses reattached: 440 T: 0.00
c [appmc] [    1.74 ] round:  2 hashes:      1
c [appmc] [    1.74 ] bounded_sol_count looking for   81 solutions -- hashes active: 1
c [gauss] XOR-encoding clauses detached: 72 deleted: 0 T: 0.00
c [appmc] [    1.74 ] round:  2 hashes:      0
c [appmc] [    1.74 ] bounded_sol_count looking for   81 solutions -- hashes active: 0
c [appmc] simplifying
c [gauss] XOR-encoding clauses reattached: 72 T: 0.00
c [appmc] [    1.74 ] round:  3 hashes:      1
c [appmc] [    1.74 ] bounded_sol_count looking for   81 solutions -- hashes active: 1
c [gauss] XOR-encoding clauses detached: 80 deleted: 0 T: 0.00
c [appmc] [    1.74 ] round:  3 hashes:      0
c [appmc] [    1.74 ] bounded_sol_count looking for   81 solutions -- hashes active: 0
c [appmc] simplifying
c [gauss] XOR-encoding clauses reattached: 80 T: 0.00
c [appmc] [    1.75 ] round:  4 hashes:      1
c [appmc] [    1.75 ] bounded_sol_count looking for   81 solutions -- hashes active: 1
c [gauss] XOR-encoding clauses detached: 80 deleted: 0 T: 0.00
c [appmc] [    1.75 ] round:  4 hashes:      0
c [appmc] [    1.75 ] bounded_sol_count looking for   81 solutions -- hashes active: 0
c [appmc] simplifying
c [gauss] XOR-encoding clauses reattached: 80 T: 0.00
c [appmc] [    1.76 ] round:  5 hashes:      1
c [appmc] [    1.76 ] bounded_sol_count looking for   81 solutions -- hashes active: 1
c [gauss] XOR-encoding clauses detached: 72 deleted: 0 T: 0.00
c [appmc] [    1.76 ] round:  5 hashes:      0
c [appmc] [    1.76 ] bounded_sol_count looking for   81 solutions -- hashes active: 0
c [appmc] simplifying
c [gauss] XOR-encoding clauses reattached: 72 T: 0.00
c [appmc] [    1.77 ] round:  6 hashes:      1
c [appmc] [    1.77 ] bounded_sol_count looking for   81 solutions -- hashes active: 1
c [gauss] XOR-encoding clauses detached: 80 deleted: 0 T: 0.00
c [appmc] [    1.77 ] round:  6 hashes:      0
c [appmc] [    1.77 ] bounded_sol_count looking for   81 solutions -- hashes active: 0
c [appmc] simplifying
c [gauss] XOR-encoding clauses reattached: 80 T: 0.00
c [appmc] [    1.78 ] round:  7 hashes:      1
c [appmc] [    1.78 ] bounded_sol_count looking for   81 solutions -- hashes active: 1
c [gauss] XOR-encoding clauses detached: 80 deleted: 0 T: 0.00
c [appmc] [    1.78 ] round:  7 hashes:      0
c [appmc] [    1.78 ] bounded_sol_count looking for   81 solutions -- hashes active: 0
c [appmc] simplifying
c [gauss] XOR-encoding clauses reattached: 80 T: 0.00
c [appmc] [    1.79 ] round:  8 hashes:      1
c [appmc] [    1.79 ] bounded_sol_count looking for   81 solutions -- hashes active: 1
c [gauss] XOR-encoding clauses detached: 72 deleted: 0 T: 0.00
c [appmc] [    1.79 ] round:  8 hashes:      0
c [appmc] [    1.79 ] bounded_sol_count looking for   81 solutions -- hashes active: 0
