** CON **
[runlim] version:		1.10
[runlim] time limit:		311040000 seconds
[runlim] real time limit:	300 seconds
[runlim] space limit:		2048 MB
[runlim] argv[0]:		ganak
[runlim] argv[1]:		-t
[runlim] argv[2]:		300
[runlim] argv[3]:		-cs
[runlim] argv[4]:		1024
[runlim] argv[5]:		-seed
[runlim] argv[6]:		05
[runlim] argv[7]:		/experiments/results/rangesum07.c/05/counterSharp/con.dimacs
[runlim] start:			Sat Oct 31 18:49:11 2020
[runlim] main pid:		802
Cannot open file: /experiments/results/rangesum07.c/05/counterSharp/con.dimacs
[runlim] end:			Sat Oct 31 18:49:11 2020
[runlim] status:		ok
[runlim] result:		0
[runlim] children:		0
[runlim] real:			0.20 seconds
[runlim] time:			0.00 seconds
[runlim] space:			0.0 MB
[runlim] samples:		0
** AMM **
[runlim] version:		1.10
[runlim] time limit:		311040000 seconds
[runlim] real time limit:	300 seconds
[runlim] space limit:		2048 MB
[runlim] argv[0]:		ganak
[runlim] argv[1]:		-t
[runlim] argv[2]:		300
[runlim] argv[3]:		-cs
[runlim] argv[4]:		1024
[runlim] argv[5]:		-seed
[runlim] argv[6]:		05
[runlim] argv[7]:		/experiments/results/rangesum07.c/05/counterSharp/amm.dimacs
[runlim] start:			Sat Oct 31 18:49:11 2020
[runlim] main pid:		804
Cannot open file: /experiments/results/rangesum07.c/05/counterSharp/amm.dimacs
[runlim] end:			Sat Oct 31 18:49:11 2020
[runlim] status:		ok
[runlim] result:		0
[runlim] children:		0
[runlim] real:			0.20 seconds
[runlim] time:			0.00 seconds
[runlim] space:			0.0 MB
[runlim] samples:		0
** AMH **
[runlim] version:		1.10
[runlim] time limit:		311040000 seconds
[runlim] real time limit:	300 seconds
[runlim] space limit:		2048 MB
[runlim] argv[0]:		ganak
[runlim] argv[1]:		-t
[runlim] argv[2]:		300
[runlim] argv[3]:		-cs
[runlim] argv[4]:		1024
[runlim] argv[5]:		-seed
[runlim] argv[6]:		05
[runlim] argv[7]:		/experiments/results/rangesum07.c/05/counterSharp/amh.dimacs
[runlim] start:			Sat Oct 31 18:49:11 2020
[runlim] main pid:		806
[runlim] sample:		10.0 time, 10.2 real, 28.1 MB
[runlim] sample:		20.0 time, 20.2 real, 36.1 MB
[runlim] sample:		30.0 time, 30.2 real, 41.7 MB
[runlim] sample:		40.0 time, 40.2 real, 47.4 MB
[runlim] sample:		50.0 time, 50.2 real, 52.8 MB
[runlim] sample:		60.0 time, 60.2 real, 58.5 MB
[runlim] sample:		70.0 time, 70.2 real, 63.9 MB
[runlim] sample:		80.0 time, 80.2 real, 69.8 MB
[runlim] sample:		90.0 time, 90.2 real, 77.0 MB
[runlim] sample:		100.0 time, 100.2 real, 82.2 MB
[runlim] sample:		110.0 time, 110.2 real, 86.8 MB
[runlim] sample:		120.0 time, 120.2 real, 91.4 MB
[runlim] sample:		130.0 time, 130.2 real, 96.1 MB
[runlim] sample:		140.0 time, 140.2 real, 101.5 MB
[runlim] sample:		150.0 time, 150.2 real, 107.9 MB
[runlim] sample:		160.0 time, 160.2 real, 113.9 MB
[runlim] sample:		170.0 time, 170.2 real, 121.0 MB
[runlim] sample:		180.0 time, 180.2 real, 126.9 MB
[runlim] sample:		190.0 time, 190.2 real, 132.1 MB
[runlim] sample:		200.0 time, 200.2 real, 138.3 MB
[runlim] sample:		210.0 time, 210.2 real, 144.5 MB
[runlim] sample:		220.0 time, 220.2 real, 150.4 MB
[runlim] sample:		230.0 time, 230.2 real, 159.4 MB
[runlim] sample:		240.0 time, 240.2 real, 164.3 MB
[runlim] sample:		250.0 time, 250.2 real, 170.5 MB
[runlim] sample:		260.0 time, 260.2 real, 174.8 MB
[runlim] sample:		270.0 time, 270.2 real, 179.0 MB
[runlim] sample:		280.0 time, 280.2 real, 182.1 MB
[runlim] sample:		289.9 time, 290.2 real, 185.7 MB
[runlim] end:			Sat Oct 31 18:54:11 2020
[runlim] status:		out of time
[runlim] result:		2
[runlim] children:		0
[runlim] real:			300.02 seconds
[runlim] time:			299.75 seconds
[runlim] space:			189.8 MB
[runlim] samples:		2998
** ASM **
[runlim] version:		1.10
[runlim] time limit:		311040000 seconds
[runlim] real time limit:	300 seconds
[runlim] space limit:		2048 MB
[runlim] argv[0]:		ganak
[runlim] argv[1]:		-t
[runlim] argv[2]:		300
[runlim] argv[3]:		-cs
[runlim] argv[4]:		1024
[runlim] argv[5]:		-seed
[runlim] argv[6]:		05
[runlim] argv[7]:		/experiments/results/rangesum07.c/05/counterSharp/asm.dimacs
[runlim] start:			Sat Oct 31 18:54:11 2020
[runlim] main pid:		808
[runlim] sample:		10.0 time, 10.0 real, 29.0 MB
[runlim] sample:		20.0 time, 20.0 real, 34.9 MB
[runlim] sample:		30.0 time, 30.0 real, 41.3 MB
[runlim] sample:		40.0 time, 40.0 real, 47.3 MB
[runlim] sample:		50.0 time, 50.0 real, 53.2 MB
[runlim] sample:		60.0 time, 60.0 real, 60.9 MB
[runlim] sample:		70.0 time, 70.0 real, 66.5 MB
[runlim] sample:		80.0 time, 80.0 real, 72.5 MB
[runlim] sample:		90.0 time, 90.0 real, 77.9 MB
[runlim] sample:		100.0 time, 100.0 real, 82.8 MB
[runlim] sample:		110.0 time, 110.0 real, 87.4 MB
[runlim] sample:		120.0 time, 120.0 real, 92.3 MB
[runlim] sample:		130.0 time, 130.0 real, 98.9 MB
[runlim] sample:		140.0 time, 140.0 real, 104.9 MB
[runlim] sample:		150.0 time, 150.0 real, 111.1 MB
[runlim] sample:		160.0 time, 160.0 real, 117.0 MB
[runlim] sample:		170.0 time, 170.0 real, 122.9 MB
[runlim] sample:		180.0 time, 180.0 real, 128.1 MB
[runlim] sample:		189.9 time, 190.0 real, 133.2 MB
[runlim] sample:		199.9 time, 200.0 real, 140.9 MB
[runlim] sample:		209.9 time, 210.0 real, 146.1 MB
[runlim] sample:		219.9 time, 220.0 real, 151.5 MB
[runlim] sample:		229.9 time, 230.0 real, 157.4 MB
[runlim] sample:		239.9 time, 240.0 real, 164.1 MB
[runlim] sample:		249.9 time, 250.0 real, 170.8 MB
[runlim] sample:		259.9 time, 260.0 real, 175.4 MB
[runlim] sample:		269.9 time, 270.0 real, 180.6 MB
[runlim] sample:		279.9 time, 280.0 real, 185.9 MB
[runlim] sample:		289.9 time, 290.0 real, 189.3 MB
[runlim] sample:		299.9 time, 300.0 real, 192.7 MB
[runlim] end:			Sat Oct 31 18:59:11 2020
[runlim] status:		out of time
[runlim] result:		2
[runlim] children:		0
[runlim] real:			300.04 seconds
[runlim] time:			299.95 seconds
[runlim] space:			192.7 MB
[runlim] samples:		3000
** ASH **
[runlim] version:		1.10
[runlim] time limit:		311040000 seconds
[runlim] real time limit:	300 seconds
[runlim] space limit:		2048 MB
[runlim] argv[0]:		ganak
[runlim] argv[1]:		-t
[runlim] argv[2]:		300
[runlim] argv[3]:		-cs
[runlim] argv[4]:		1024
[runlim] argv[5]:		-seed
[runlim] argv[6]:		05
[runlim] argv[7]:		/experiments/results/rangesum07.c/05/counterSharp/ash.dimacs
[runlim] start:			Sat Oct 31 18:59:11 2020
[runlim] main pid:		810
[runlim] sample:		10.0 time, 10.0 real, 24.5 MB
[runlim] sample:		19.9 time, 20.0 real, 31.4 MB
[runlim] sample:		29.9 time, 30.0 real, 32.1 MB
[runlim] sample:		40.0 time, 40.0 real, 34.5 MB
[runlim] sample:		49.9 time, 50.0 real, 37.0 MB
[runlim] sample:		60.0 time, 60.0 real, 39.8 MB
[runlim] sample:		70.0 time, 70.0 real, 41.3 MB
[runlim] sample:		79.9 time, 80.0 real, 42.4 MB
[runlim] sample:		89.9 time, 90.0 real, 44.7 MB
[runlim] sample:		99.9 time, 100.0 real, 46.5 MB
[runlim] sample:		109.9 time, 110.0 real, 49.8 MB
[runlim] sample:		119.9 time, 120.0 real, 50.3 MB
[runlim] sample:		129.9 time, 130.0 real, 53.1 MB
[runlim] sample:		139.9 time, 140.0 real, 53.6 MB
[runlim] sample:		149.9 time, 150.0 real, 55.8 MB
[runlim] sample:		159.9 time, 160.0 real, 56.6 MB
[runlim] sample:		169.9 time, 170.0 real, 59.6 MB
[runlim] sample:		179.9 time, 180.0 real, 60.4 MB
[runlim] sample:		189.9 time, 190.0 real, 63.5 MB
[runlim] sample:		199.9 time, 200.0 real, 63.7 MB
[runlim] sample:		209.9 time, 210.0 real, 64.2 MB
[runlim] sample:		219.9 time, 220.0 real, 67.0 MB
[runlim] sample:		229.9 time, 230.0 real, 67.8 MB
[runlim] sample:		239.9 time, 240.0 real, 68.0 MB
[runlim] sample:		249.9 time, 250.0 real, 69.8 MB
[runlim] sample:		259.9 time, 260.0 real, 71.8 MB
[runlim] sample:		269.9 time, 270.0 real, 73.4 MB
[runlim] sample:		279.9 time, 280.0 real, 76.2 MB
[runlim] sample:		289.9 time, 290.0 real, 76.5 MB
[runlim] sample:		299.9 time, 300.0 real, 79.0 MB
[runlim] end:			Sat Oct 31 19:04:11 2020
[runlim] status:		out of time
[runlim] result:		2
[runlim] children:		0
[runlim] real:			300.07 seconds
[runlim] time:			299.92 seconds
[runlim] space:			79.0 MB
[runlim] samples:		3000
