** CON **
[runlim] version:		1.10
[runlim] time limit:		311040000 seconds
[runlim] real time limit:	300 seconds
[runlim] space limit:		2048 MB
[runlim] argv[0]:		ganak
[runlim] argv[1]:		-t
[runlim] argv[2]:		300
[runlim] argv[3]:		-cs
[runlim] argv[4]:		1024
[runlim] argv[5]:		-seed
[runlim] argv[6]:		02
[runlim] argv[7]:		/experiments/results/count_up_down_true-unreach-call_true-termination.c/02/counterSharp/con.dimacs
[runlim] start:			Sun Nov  1 03:05:03 2020
[runlim] main pid:		2963
[runlim] end:			Sun Nov  1 03:05:03 2020
[runlim] status:		ok
[runlim] result:		0
[runlim] children:		0
[runlim] real:			0.89 seconds
[runlim] time:			0.00 seconds
[runlim] space:			0.0 MB
[runlim] samples:		0
** AMM **
[runlim] version:		1.10
[runlim] time limit:		311040000 seconds
[runlim] real time limit:	300 seconds
[runlim] space limit:		2048 MB
[runlim] argv[0]:		ganak
[runlim] argv[1]:		-t
[runlim] argv[2]:		300
[runlim] argv[3]:		-cs
[runlim] argv[4]:		1024
[runlim] argv[5]:		-seed
[runlim] argv[6]:		02
[runlim] argv[7]:		/experiments/results/count_up_down_true-unreach-call_true-termination.c/02/counterSharp/amm.dimacs
[runlim] start:			Sun Nov  1 03:05:03 2020
[runlim] main pid:		2965
[runlim] end:			Sun Nov  1 03:05:04 2020
[runlim] status:		ok
[runlim] result:		0
[runlim] children:		0
[runlim] real:			1.10 seconds
[runlim] time:			0.19 seconds
[runlim] space:			8.9 MB
[runlim] samples:		2
** AMH **
[runlim] version:		1.10
[runlim] time limit:		311040000 seconds
[runlim] real time limit:	300 seconds
[runlim] space limit:		2048 MB
[runlim] argv[0]:		ganak
[runlim] argv[1]:		-t
[runlim] argv[2]:		300
[runlim] argv[3]:		-cs
[runlim] argv[4]:		1024
[runlim] argv[5]:		-seed
[runlim] argv[6]:		02
[runlim] argv[7]:		/experiments/results/count_up_down_true-unreach-call_true-termination.c/02/counterSharp/amh.dimacs
[runlim] start:			Sun Nov  1 03:05:04 2020
[runlim] main pid:		2967
[runlim] end:			Sun Nov  1 03:05:04 2020
[runlim] status:		ok
[runlim] result:		0
[runlim] children:		0
[runlim] real:			0.12 seconds
[runlim] time:			0.00 seconds
[runlim] space:			0.0 MB
[runlim] samples:		0
** ASM **
[runlim] version:		1.10
[runlim] time limit:		311040000 seconds
[runlim] real time limit:	300 seconds
[runlim] space limit:		2048 MB
[runlim] argv[0]:		ganak
[runlim] argv[1]:		-t
[runlim] argv[2]:		300
[runlim] argv[3]:		-cs
[runlim] argv[4]:		1024
[runlim] argv[5]:		-seed
[runlim] argv[6]:		02
[runlim] argv[7]:		/experiments/results/count_up_down_true-unreach-call_true-termination.c/02/counterSharp/asm.dimacs
[runlim] start:			Sun Nov  1 03:05:04 2020
[runlim] main pid:		2969
[runlim] end:			Sun Nov  1 03:05:04 2020
[runlim] status:		ok
[runlim] result:		0
[runlim] children:		0
[runlim] real:			0.13 seconds
[runlim] time:			0.00 seconds
[runlim] space:			0.0 MB
[runlim] samples:		0
** ASH **
[runlim] version:		1.10
[runlim] time limit:		311040000 seconds
[runlim] real time limit:	300 seconds
[runlim] space limit:		2048 MB
[runlim] argv[0]:		ganak
[runlim] argv[1]:		-t
[runlim] argv[2]:		300
[runlim] argv[3]:		-cs
[runlim] argv[4]:		1024
[runlim] argv[5]:		-seed
[runlim] argv[6]:		02
[runlim] argv[7]:		/experiments/results/count_up_down_true-unreach-call_true-termination.c/02/counterSharp/ash.dimacs
[runlim] start:			Sun Nov  1 03:05:04 2020
[runlim] main pid:		2971
[runlim] end:			Sun Nov  1 03:05:04 2020
[runlim] status:		ok
[runlim] result:		0
[runlim] children:		0
[runlim] real:			0.14 seconds
[runlim] time:			0.00 seconds
[runlim] space:			0.0 MB
[runlim] samples:		0
