** counterSharp **
[runlim] version:		1.10
[runlim] time limit:		311040000 seconds
[runlim] real time limit:	14400 seconds
[runlim] space limit:		2048 MB
[runlim] argv[0]:		python
[runlim] argv[1]:		-m
[runlim] argv[2]:		counterSharp
[runlim] argv[3]:		--amm
[runlim] argv[4]:		/home/steuber/Dokumente/Hortus/Univ/KIT/Semester-10/FP-ModelCounting/experiments/results/rangesum10.c/amm.dimacs
[runlim] argv[5]:		--amh
[runlim] argv[6]:		/home/steuber/Dokumente/Hortus/Univ/KIT/Semester-10/FP-ModelCounting/experiments/results/rangesum10.c/amh.dimacs
[runlim] argv[7]:		--asm
[runlim] argv[8]:		/home/steuber/Dokumente/Hortus/Univ/KIT/Semester-10/FP-ModelCounting/experiments/results/rangesum10.c/asm.dimacs
[runlim] argv[9]:		--ash
[runlim] argv[10]:		/home/steuber/Dokumente/Hortus/Univ/KIT/Semester-10/FP-ModelCounting/experiments/results/rangesum10.c/ash.dimacs
[runlim] argv[11]:		-d
[runlim] argv[12]:		--function
[runlim] argv[13]:		testfun
[runlim] argv[14]:		--unwind
[runlim] argv[15]:		11
[runlim] argv[16]:		/home/steuber/Dokumente/Hortus/Univ/KIT/Semester-10/FP-ModelCounting/experiments/benchmarks/rangesum10.c
[runlim] start:			Sun Jul 12 16:47:13 2020
[runlim] main pid:		25190
[counterSharp.util.Config] DEBUG: Input files: ['/home/steuber/Dokumente/Hortus/Univ/KIT/Semester-10/FP-ModelCounting/experiments/benchmarks/rangesum10.c']
[counterSharp.source.SourceManager] DEBUG: /tmp/tmp396thwfh.c
[counterSharp.cbmc.CBMCManager] DEBUG: cbmc --verbosity 4 --function testfun --dimacs --unwind 11 --property testfun.assertion.1 /tmp/tmp396thwfh.c
[counterSharp.cbmc.CBMCManager] DEBUG: cbmc --verbosity 4 --function testfun --dimacs --unwind 11 --property testfun.assertion.2 /tmp/tmp396thwfh.c
[counterSharp.cbmc.CBMCManager] DEBUG: cbmc --verbosity 4 --function testfun --dimacs --unwind 11 --property testfun.assertion.3 /tmp/tmp396thwfh.c
[counterSharp.cbmc.CBMCManager] DEBUG: cbmc --verbosity 4 --function testfun --dimacs --unwind 11 --property testfun.assertion.4 /tmp/tmp396thwfh.c
[counterSharp.cbmc.CBMCManager] INFO: Did not write file /home/steuber/Dokumente/Hortus/Univ/KIT/Semester-10/FP-ModelCounting/experiments/results/rangesum10.c/amm.dimacs: State not reachable
[runlim] end:			Sun Jul 12 16:47:14 2020
[runlim] status:		ok
[runlim] result:		0
[runlim] children:		4
[runlim] real:			1.29 seconds
[runlim] time:			0.20 seconds
[runlim] space:			27.6 MB
[runlim] samples:		4
** AMM **
[runlim] version:		1.10
[runlim] time limit:		311040000 seconds
[runlim] real time limit:	14400 seconds
[runlim] space limit:		2048 MB
[runlim] argv[0]:		approxmc
[runlim] argv[1]:		--sparse
[runlim] argv[2]:		1
[runlim] argv[3]:		/home/steuber/Dokumente/Hortus/Univ/KIT/Semester-10/FP-ModelCounting/experiments/results/rangesum10.c/amm.dimacs
[runlim] start:			Sun Jul 12 16:47:14 2020
[runlim] main pid:		25222
ERROR! Could not open file '/home/steuber/Dokumente/Hortus/Univ/KIT/Semester-10/FP-ModelCounting/experiments/results/rangesum10.c/amm.dimacs' for reading: No such file or directory
[runlim] end:			Sun Jul 12 16:47:14 2020
[runlim] status:		ok
[runlim] result:		0
[runlim] children:		0
[runlim] real:			0.30 seconds
[runlim] time:			0.00 seconds
[runlim] space:			0.0 MB
[runlim] samples:		0
** AMH **
[runlim] version:		1.10
[runlim] time limit:		311040000 seconds
[runlim] real time limit:	14400 seconds
[runlim] space limit:		2048 MB
[runlim] argv[0]:		approxmc
[runlim] argv[1]:		--sparse
[runlim] argv[2]:		1
[runlim] argv[3]:		/home/steuber/Dokumente/Hortus/Univ/KIT/Semester-10/FP-ModelCounting/experiments/results/rangesum10.c/amh.dimacs
[runlim] start:			Sun Jul 12 16:47:14 2020
[runlim] main pid:		25224
[runlim] sample:		10.0 time, 10.3 real, 47.4 MB
[runlim] end:			Sun Jul 12 16:47:28 2020
[runlim] status:		ok
[runlim] result:		0
[runlim] children:		0
[runlim] real:			14.34 seconds
[runlim] time:			13.97 seconds
[runlim] space:			62.2 MB
[runlim] samples:		140
** ASM **
[runlim] version:		1.10
[runlim] time limit:		311040000 seconds
[runlim] real time limit:	14400 seconds
[runlim] space limit:		2048 MB
[runlim] argv[0]:		approxmc
[runlim] argv[1]:		--sparse
[runlim] argv[2]:		1
[runlim] argv[3]:		/home/steuber/Dokumente/Hortus/Univ/KIT/Semester-10/FP-ModelCounting/experiments/results/rangesum10.c/asm.dimacs
[runlim] start:			Sun Jul 12 16:47:28 2020
[runlim] main pid:		25255
[runlim] sample:		10.0 time, 10.3 real, 46.4 MB
[runlim] end:			Sun Jul 12 16:47:44 2020
[runlim] status:		ok
[runlim] result:		0
[runlim] children:		0
[runlim] real:			16.95 seconds
[runlim] time:			16.58 seconds
[runlim] space:			64.4 MB
[runlim] samples:		166
** ASH **
[runlim] version:		1.10
[runlim] time limit:		311040000 seconds
[runlim] real time limit:	14400 seconds
[runlim] space limit:		2048 MB
[runlim] argv[0]:		approxmc
[runlim] argv[1]:		--sparse
[runlim] argv[2]:		1
[runlim] argv[3]:		/home/steuber/Dokumente/Hortus/Univ/KIT/Semester-10/FP-ModelCounting/experiments/results/rangesum10.c/ash.dimacs
[runlim] start:			Sun Jul 12 16:47:44 2020
[runlim] main pid:		25258
[runlim] sample:		10.0 time, 11.0 real, 41.8 MB
[runlim] sample:		20.0 time, 21.0 real, 63.8 MB
[runlim] sample:		30.0 time, 31.0 real, 69.5 MB
[runlim] sample:		40.0 time, 41.0 real, 74.5 MB
[runlim] sample:		50.0 time, 51.0 real, 67.9 MB
[runlim] sample:		60.0 time, 61.0 real, 85.2 MB
[runlim] sample:		70.0 time, 71.0 real, 85.9 MB
[runlim] sample:		80.0 time, 81.0 real, 95.5 MB
[runlim] sample:		90.0 time, 91.0 real, 88.5 MB
[runlim] sample:		100.0 time, 101.0 real, 93.3 MB
[runlim] sample:		110.0 time, 111.0 real, 89.0 MB
[runlim] sample:		120.0 time, 121.0 real, 84.2 MB
[runlim] sample:		130.0 time, 131.0 real, 91.8 MB
[runlim] sample:		140.0 time, 141.0 real, 81.4 MB
[runlim] sample:		150.0 time, 151.0 real, 88.2 MB
[runlim] sample:		160.0 time, 161.0 real, 85.4 MB
[runlim] sample:		170.0 time, 171.0 real, 95.9 MB
[runlim] sample:		180.0 time, 181.0 real, 98.0 MB
[runlim] sample:		190.0 time, 191.0 real, 99.7 MB
[runlim] sample:		200.0 time, 201.0 real, 95.0 MB
[runlim] sample:		210.0 time, 211.0 real, 89.7 MB
[runlim] sample:		220.0 time, 221.0 real, 88.1 MB
[runlim] sample:		230.0 time, 231.0 real, 99.5 MB
[runlim] sample:		240.0 time, 241.0 real, 95.2 MB
[runlim] sample:		250.0 time, 251.0 real, 94.2 MB
[runlim] sample:		259.9 time, 261.0 real, 89.4 MB
[runlim] sample:		269.9 time, 271.0 real, 93.7 MB
[runlim] sample:		279.9 time, 281.0 real, 89.3 MB
[runlim] sample:		289.9 time, 291.0 real, 97.6 MB
[runlim] sample:		299.9 time, 301.0 real, 94.4 MB
[runlim] sample:		309.9 time, 311.0 real, 101.9 MB
[runlim] sample:		319.9 time, 321.0 real, 99.9 MB
[runlim] sample:		329.9 time, 331.0 real, 94.6 MB
[runlim] sample:		339.9 time, 341.0 real, 95.5 MB
[runlim] sample:		349.9 time, 351.0 real, 90.8 MB
[runlim] sample:		359.9 time, 361.0 real, 101.0 MB
[runlim] sample:		369.9 time, 371.0 real, 104.3 MB
[runlim] sample:		379.9 time, 381.0 real, 96.0 MB
[runlim] sample:		389.9 time, 391.0 real, 105.9 MB
[runlim] sample:		399.9 time, 401.0 real, 99.8 MB
[runlim] sample:		409.8 time, 411.0 real, 106.1 MB
[runlim] sample:		419.7 time, 421.0 real, 98.1 MB
[runlim] sample:		429.7 time, 431.0 real, 102.5 MB
[runlim] sample:		439.7 time, 441.0 real, 100.4 MB
[runlim] sample:		449.7 time, 451.0 real, 97.3 MB
[runlim] sample:		459.7 time, 461.0 real, 94.3 MB
[runlim] sample:		469.7 time, 471.0 real, 96.1 MB
[runlim] sample:		479.6 time, 481.0 real, 107.3 MB
[runlim] sample:		489.6 time, 491.0 real, 106.1 MB
[runlim] sample:		499.6 time, 501.0 real, 97.0 MB
[runlim] sample:		509.6 time, 511.0 real, 103.3 MB
[runlim] sample:		519.5 time, 521.0 real, 103.0 MB
[runlim] sample:		529.4 time, 531.0 real, 93.9 MB
[runlim] sample:		539.3 time, 541.0 real, 106.8 MB
[runlim] sample:		549.2 time, 551.0 real, 97.8 MB
[runlim] sample:		559.2 time, 561.0 real, 103.3 MB
[runlim] sample:		569.2 time, 571.0 real, 97.5 MB
[runlim] sample:		579.2 time, 581.0 real, 107.2 MB
[runlim] sample:		589.1 time, 591.0 real, 97.1 MB
[runlim] sample:		598.9 time, 601.0 real, 108.3 MB
[runlim] sample:		608.9 time, 611.0 real, 98.4 MB
[runlim] sample:		618.8 time, 621.0 real, 103.9 MB
[runlim] sample:		628.8 time, 631.0 real, 93.5 MB
[runlim] sample:		638.8 time, 641.0 real, 101.4 MB
[runlim] sample:		648.8 time, 651.0 real, 96.7 MB
[runlim] sample:		658.8 time, 661.0 real, 106.4 MB
[runlim] sample:		668.8 time, 671.0 real, 96.9 MB
[runlim] sample:		678.6 time, 681.0 real, 97.1 MB
[runlim] sample:		688.6 time, 691.0 real, 105.1 MB
[runlim] sample:		698.6 time, 701.0 real, 109.8 MB
[runlim] sample:		708.6 time, 711.0 real, 103.3 MB
[runlim] sample:		718.6 time, 721.0 real, 98.2 MB
[runlim] sample:		728.6 time, 731.0 real, 109.2 MB
[runlim] sample:		738.6 time, 741.0 real, 99.7 MB
[runlim] sample:		748.4 time, 751.0 real, 102.5 MB
[runlim] sample:		758.3 time, 761.0 real, 109.2 MB
[runlim] sample:		768.3 time, 771.0 real, 102.4 MB
[runlim] sample:		778.3 time, 781.0 real, 98.4 MB
[runlim] sample:		788.3 time, 791.0 real, 97.1 MB
[runlim] sample:		798.3 time, 801.0 real, 108.5 MB
[runlim] sample:		808.3 time, 811.0 real, 110.6 MB
[runlim] sample:		818.2 time, 821.0 real, 109.2 MB
[runlim] sample:		828.1 time, 831.0 real, 107.8 MB
[runlim] sample:		838.0 time, 841.0 real, 102.4 MB
[runlim] sample:		848.0 time, 851.0 real, 103.0 MB
[runlim] sample:		858.0 time, 861.0 real, 98.6 MB
[runlim] sample:		868.0 time, 871.0 real, 95.3 MB
[runlim] sample:		878.0 time, 881.0 real, 106.5 MB
[runlim] sample:		888.0 time, 891.0 real, 97.2 MB
[runlim] sample:		898.0 time, 901.0 real, 102.8 MB
[runlim] sample:		907.8 time, 911.0 real, 103.4 MB
[runlim] sample:		917.8 time, 921.0 real, 95.4 MB
[runlim] sample:		927.8 time, 931.0 real, 106.6 MB
[runlim] sample:		937.7 time, 941.0 real, 107.4 MB
[runlim] sample:		947.7 time, 951.0 real, 98.0 MB
[runlim] sample:		957.7 time, 961.0 real, 110.1 MB
[runlim] sample:		967.7 time, 971.0 real, 103.9 MB
[runlim] sample:		977.6 time, 981.0 real, 97.0 MB
[runlim] sample:		987.6 time, 991.0 real, 104.2 MB
[runlim] sample:		997.6 time, 1001.0 real, 106.4 MB
[runlim] sample:		1007.6 time, 1011.0 real, 108.1 MB
[runlim] sample:		1017.5 time, 1021.0 real, 110.8 MB
[runlim] sample:		1027.5 time, 1031.0 real, 103.2 MB
[runlim] sample:		1037.5 time, 1041.0 real, 107.3 MB
[runlim] sample:		1047.5 time, 1051.0 real, 100.5 MB
[runlim] sample:		1057.5 time, 1061.0 real, 105.4 MB
[runlim] sample:		1067.5 time, 1071.0 real, 107.8 MB
[runlim] sample:		1077.5 time, 1081.0 real, 101.6 MB
[runlim] sample:		1087.2 time, 1091.0 real, 107.4 MB
[runlim] sample:		1097.1 time, 1101.0 real, 108.5 MB
[runlim] sample:		1107.1 time, 1111.0 real, 108.2 MB
[runlim] sample:		1117.1 time, 1121.0 real, 110.4 MB
[runlim] sample:		1126.8 time, 1131.0 real, 105.7 MB
[runlim] sample:		1136.8 time, 1141.0 real, 108.0 MB
[runlim] sample:		1146.8 time, 1151.0 real, 103.9 MB
[runlim] sample:		1156.7 time, 1161.0 real, 100.2 MB
[runlim] sample:		1166.8 time, 1171.0 real, 98.9 MB
[runlim] sample:		1176.7 time, 1181.0 real, 100.9 MB
[runlim] sample:		1186.6 time, 1191.0 real, 106.6 MB
[runlim] sample:		1196.6 time, 1201.0 real, 97.9 MB
[runlim] sample:		1206.6 time, 1211.0 real, 112.1 MB
[runlim] sample:		1216.6 time, 1221.0 real, 110.2 MB
[runlim] sample:		1226.6 time, 1231.0 real, 99.7 MB
[runlim] sample:		1236.6 time, 1241.0 real, 106.6 MB
[runlim] sample:		1246.6 time, 1251.0 real, 100.4 MB
[runlim] sample:		1256.6 time, 1261.0 real, 106.8 MB
[runlim] sample:		1266.6 time, 1271.0 real, 110.5 MB
[runlim] sample:		1276.6 time, 1281.0 real, 97.1 MB
[runlim] sample:		1286.6 time, 1291.0 real, 100.5 MB
[runlim] sample:		1296.6 time, 1301.0 real, 102.8 MB
[runlim] sample:		1306.6 time, 1311.0 real, 107.8 MB
[runlim] sample:		1316.6 time, 1321.0 real, 97.6 MB
[runlim] sample:		1326.6 time, 1331.0 real, 107.6 MB
[runlim] sample:		1336.6 time, 1341.0 real, 103.3 MB
[runlim] sample:		1346.6 time, 1351.0 real, 107.5 MB
[runlim] sample:		1356.6 time, 1361.0 real, 100.4 MB
[runlim] sample:		1366.5 time, 1371.0 real, 109.8 MB
[runlim] sample:		1376.5 time, 1381.0 real, 104.3 MB
[runlim] sample:		1386.5 time, 1391.0 real, 111.0 MB
[runlim] sample:		1396.5 time, 1401.0 real, 101.2 MB
[runlim] sample:		1406.6 time, 1411.0 real, 106.8 MB
[runlim] sample:		1416.5 time, 1421.0 real, 109.6 MB
[runlim] sample:		1426.5 time, 1431.0 real, 99.4 MB
[runlim] sample:		1436.5 time, 1441.0 real, 103.2 MB
[runlim] sample:		1446.5 time, 1451.0 real, 105.0 MB
[runlim] sample:		1456.5 time, 1461.0 real, 107.0 MB
[runlim] sample:		1466.4 time, 1471.0 real, 108.8 MB
[runlim] sample:		1476.4 time, 1481.0 real, 102.7 MB
[runlim] sample:		1486.4 time, 1491.0 real, 103.2 MB
[runlim] sample:		1496.3 time, 1501.0 real, 104.2 MB
[runlim] sample:		1506.3 time, 1511.0 real, 107.9 MB
[runlim] sample:		1515.8 time, 1521.0 real, 106.7 MB
[runlim] sample:		1525.7 time, 1531.0 real, 103.2 MB
[runlim] sample:		1535.7 time, 1541.0 real, 108.6 MB
[runlim] sample:		1545.7 time, 1551.0 real, 103.0 MB
[runlim] sample:		1555.7 time, 1561.0 real, 107.3 MB
[runlim] sample:		1565.7 time, 1571.0 real, 109.6 MB
[runlim] sample:		1575.7 time, 1581.0 real, 99.9 MB
[runlim] sample:		1585.7 time, 1591.0 real, 109.6 MB
[runlim] sample:		1595.7 time, 1601.0 real, 101.5 MB
[runlim] sample:		1605.7 time, 1611.0 real, 103.8 MB
[runlim] sample:		1615.7 time, 1621.0 real, 104.0 MB
[runlim] sample:		1625.6 time, 1631.0 real, 107.8 MB
[runlim] sample:		1635.6 time, 1641.0 real, 109.7 MB
[runlim] sample:		1645.3 time, 1651.0 real, 104.5 MB
[runlim] sample:		1654.8 time, 1661.0 real, 110.5 MB
[runlim] sample:		1664.8 time, 1671.0 real, 111.3 MB
[runlim] sample:		1674.8 time, 1681.0 real, 111.5 MB
[runlim] sample:		1684.7 time, 1691.0 real, 98.3 MB
[runlim] sample:		1694.7 time, 1701.0 real, 99.8 MB
[runlim] sample:		1704.7 time, 1711.0 real, 106.7 MB
[runlim] sample:		1714.6 time, 1721.0 real, 100.8 MB
[runlim] sample:		1724.4 time, 1731.0 real, 104.7 MB
[runlim] sample:		1734.3 time, 1741.0 real, 100.7 MB
[runlim] sample:		1744.2 time, 1751.0 real, 100.0 MB
[runlim] sample:		1754.2 time, 1761.0 real, 106.9 MB
[runlim] sample:		1764.2 time, 1771.0 real, 101.7 MB
[runlim] sample:		1774.2 time, 1781.0 real, 106.6 MB
[runlim] sample:		1784.2 time, 1791.0 real, 99.7 MB
[runlim] sample:		1794.2 time, 1801.0 real, 111.2 MB
[runlim] sample:		1804.2 time, 1811.0 real, 103.3 MB
[runlim] sample:		1814.2 time, 1821.0 real, 110.9 MB
[runlim] sample:		1824.1 time, 1831.0 real, 98.7 MB
[runlim] sample:		1834.1 time, 1841.0 real, 100.3 MB
[runlim] sample:		1843.7 time, 1851.0 real, 100.1 MB
[runlim] sample:		1853.7 time, 1861.0 real, 109.1 MB
[runlim] sample:		1863.7 time, 1871.0 real, 98.5 MB
[runlim] sample:		1873.7 time, 1881.0 real, 102.8 MB
[runlim] sample:		1883.7 time, 1891.0 real, 105.9 MB
[runlim] sample:		1893.4 time, 1901.0 real, 106.4 MB
[runlim] sample:		1903.4 time, 1911.0 real, 102.6 MB
[runlim] sample:		1913.4 time, 1921.0 real, 107.2 MB
[runlim] sample:		1923.4 time, 1931.0 real, 99.8 MB
[runlim] sample:		1933.4 time, 1941.0 real, 105.9 MB
[runlim] sample:		1943.4 time, 1951.0 real, 110.8 MB
[runlim] sample:		1953.4 time, 1961.0 real, 111.0 MB
[runlim] sample:		1963.2 time, 1971.0 real, 110.5 MB
[runlim] sample:		1973.1 time, 1981.0 real, 109.1 MB
[runlim] sample:		1983.0 time, 1991.0 real, 110.2 MB
[runlim] sample:		1993.0 time, 2001.0 real, 101.8 MB
[runlim] sample:		2003.0 time, 2011.0 real, 111.2 MB
[runlim] sample:		2012.9 time, 2021.0 real, 102.5 MB
[runlim] sample:		2022.7 time, 2031.0 real, 100.6 MB
[runlim] sample:		2032.7 time, 2041.0 real, 106.4 MB
[runlim] sample:		2042.7 time, 2051.0 real, 112.8 MB
[runlim] sample:		2052.6 time, 2061.0 real, 100.3 MB
[runlim] sample:		2062.6 time, 2071.0 real, 104.6 MB
[runlim] sample:		2072.2 time, 2081.0 real, 104.1 MB
[runlim] sample:		2082.2 time, 2091.0 real, 106.7 MB
[runlim] sample:		2092.1 time, 2101.0 real, 112.9 MB
[runlim] sample:		2102.1 time, 2111.0 real, 102.7 MB
[runlim] sample:		2112.1 time, 2121.0 real, 105.7 MB
[runlim] sample:		2122.1 time, 2131.0 real, 113.3 MB
[runlim] sample:		2132.1 time, 2141.0 real, 107.3 MB
[runlim] sample:		2142.0 time, 2151.0 real, 101.9 MB
[runlim] sample:		2152.0 time, 2161.0 real, 112.3 MB
[runlim] sample:		2162.1 time, 2171.0 real, 111.2 MB
[runlim] sample:		2172.1 time, 2181.0 real, 108.6 MB
[runlim] sample:		2182.0 time, 2191.0 real, 100.7 MB
[runlim] sample:		2192.0 time, 2201.0 real, 105.8 MB
[runlim] sample:		2202.0 time, 2211.0 real, 111.3 MB
[runlim] sample:		2212.0 time, 2221.0 real, 101.7 MB
[runlim] sample:		2222.0 time, 2231.0 real, 108.1 MB
[runlim] sample:		2232.0 time, 2241.0 real, 113.2 MB
[runlim] sample:		2242.0 time, 2251.0 real, 106.3 MB
[runlim] sample:		2252.0 time, 2261.0 real, 101.2 MB
[runlim] sample:		2262.0 time, 2271.0 real, 111.3 MB
[runlim] sample:		2272.0 time, 2281.0 real, 103.0 MB
[runlim] sample:		2282.0 time, 2291.0 real, 108.1 MB
[runlim] sample:		2292.0 time, 2301.0 real, 102.7 MB
[runlim] sample:		2302.0 time, 2311.0 real, 109.5 MB
[runlim] sample:		2312.0 time, 2321.0 real, 99.7 MB
[runlim] sample:		2322.0 time, 2331.0 real, 106.3 MB
[runlim] sample:		2332.0 time, 2341.0 real, 99.1 MB
[runlim] sample:		2342.0 time, 2351.0 real, 111.8 MB
[runlim] sample:		2352.0 time, 2361.0 real, 111.4 MB
[runlim] sample:		2362.0 time, 2371.0 real, 99.4 MB
[runlim] sample:		2372.0 time, 2381.0 real, 110.3 MB
[runlim] sample:		2382.0 time, 2391.0 real, 106.8 MB
[runlim] sample:		2392.0 time, 2401.0 real, 99.7 MB
[runlim] sample:		2402.0 time, 2411.0 real, 106.3 MB
[runlim] sample:		2411.9 time, 2421.0 real, 111.6 MB
[runlim] sample:		2422.0 time, 2431.0 real, 113.2 MB
[runlim] sample:		2431.9 time, 2441.0 real, 105.1 MB
[runlim] sample:		2441.9 time, 2451.0 real, 111.3 MB
[runlim] sample:		2451.9 time, 2461.0 real, 102.2 MB
[runlim] sample:		2461.9 time, 2471.0 real, 111.3 MB
[runlim] sample:		2471.9 time, 2481.0 real, 103.8 MB
[runlim] sample:		2481.9 time, 2491.0 real, 112.2 MB
[runlim] sample:		2491.9 time, 2501.0 real, 106.0 MB
[runlim] sample:		2501.9 time, 2511.0 real, 99.7 MB
[runlim] sample:		2511.9 time, 2521.0 real, 109.4 MB
[runlim] sample:		2521.9 time, 2531.0 real, 103.0 MB
[runlim] sample:		2531.9 time, 2541.0 real, 110.3 MB
[runlim] sample:		2541.9 time, 2551.0 real, 105.0 MB
[runlim] sample:		2551.8 time, 2561.0 real, 99.9 MB
[runlim] sample:		2561.8 time, 2571.0 real, 107.1 MB
[runlim] sample:		2571.8 time, 2581.0 real, 113.4 MB
[runlim] sample:		2581.7 time, 2591.0 real, 104.8 MB
[runlim] sample:		2591.7 time, 2601.0 real, 110.5 MB
[runlim] sample:		2601.7 time, 2611.0 real, 100.2 MB
[runlim] sample:		2611.7 time, 2621.0 real, 107.8 MB
[runlim] sample:		2621.7 time, 2631.0 real, 114.1 MB
[runlim] sample:		2631.7 time, 2641.0 real, 105.5 MB
[runlim] sample:		2641.7 time, 2651.0 real, 110.2 MB
[runlim] sample:		2651.7 time, 2661.0 real, 112.1 MB
[runlim] sample:		2661.7 time, 2671.0 real, 114.2 MB
[runlim] sample:		2671.7 time, 2681.0 real, 99.7 MB
[runlim] sample:		2681.7 time, 2691.0 real, 103.5 MB
[runlim] sample:		2691.6 time, 2701.0 real, 102.3 MB
[runlim] sample:		2701.6 time, 2711.0 real, 106.4 MB
[runlim] sample:		2711.6 time, 2721.0 real, 102.0 MB
[runlim] sample:		2721.6 time, 2731.0 real, 102.2 MB
[runlim] sample:		2731.6 time, 2741.0 real, 106.9 MB
[runlim] sample:		2741.6 time, 2751.0 real, 111.8 MB
[runlim] sample:		2751.6 time, 2761.0 real, 100.0 MB
[runlim] sample:		2761.6 time, 2771.0 real, 100.5 MB
[runlim] sample:		2771.6 time, 2781.0 real, 106.3 MB
[runlim] sample:		2781.6 time, 2791.0 real, 111.1 MB
[runlim] sample:		2791.6 time, 2801.0 real, 112.3 MB
[runlim] sample:		2801.6 time, 2811.0 real, 102.5 MB
[runlim] sample:		2811.6 time, 2821.0 real, 110.2 MB
[runlim] sample:		2821.6 time, 2831.0 real, 101.0 MB
[runlim] sample:		2831.5 time, 2841.0 real, 115.8 MB
[runlim] sample:		2841.5 time, 2851.0 real, 110.8 MB
[runlim] sample:		2851.5 time, 2861.0 real, 115.2 MB
[runlim] sample:		2861.5 time, 2871.0 real, 107.1 MB
[runlim] sample:		2871.5 time, 2881.0 real, 115.0 MB
[runlim] sample:		2881.5 time, 2891.0 real, 108.1 MB
[runlim] sample:		2891.5 time, 2901.0 real, 112.3 MB
[runlim] sample:		2901.5 time, 2911.0 real, 104.6 MB
[runlim] sample:		2911.4 time, 2921.0 real, 111.2 MB
[runlim] sample:		2921.4 time, 2931.0 real, 103.7 MB
[runlim] sample:		2931.4 time, 2941.0 real, 107.9 MB
[runlim] sample:		2941.4 time, 2951.0 real, 114.8 MB
[runlim] sample:		2951.4 time, 2961.0 real, 103.8 MB
[runlim] sample:		2961.4 time, 2971.0 real, 110.6 MB
[runlim] sample:		2971.4 time, 2981.0 real, 116.0 MB
[runlim] sample:		2981.4 time, 2991.0 real, 108.1 MB
[runlim] sample:		2991.4 time, 3001.0 real, 116.4 MB
[runlim] sample:		3001.4 time, 3011.0 real, 104.8 MB
[runlim] sample:		3011.4 time, 3021.0 real, 108.1 MB
[runlim] sample:		3021.4 time, 3031.0 real, 113.4 MB
[runlim] sample:		3031.3 time, 3041.0 real, 106.8 MB
[runlim] sample:		3041.3 time, 3051.0 real, 103.8 MB
[runlim] sample:		3051.3 time, 3061.0 real, 110.9 MB
[runlim] sample:		3061.3 time, 3071.0 real, 105.3 MB
[runlim] sample:		3071.3 time, 3081.0 real, 109.9 MB
[runlim] sample:		3081.3 time, 3091.0 real, 114.5 MB
[runlim] sample:		3091.3 time, 3101.0 real, 110.7 MB
[runlim] sample:		3101.3 time, 3111.0 real, 106.8 MB
[runlim] sample:		3111.3 time, 3121.0 real, 103.5 MB
[runlim] sample:		3121.3 time, 3131.0 real, 110.3 MB
[runlim] sample:		3131.3 time, 3141.0 real, 100.3 MB
[runlim] sample:		3141.3 time, 3151.0 real, 109.2 MB
[runlim] sample:		3151.3 time, 3161.0 real, 107.7 MB
[runlim] sample:		3161.3 time, 3171.0 real, 111.8 MB
[runlim] sample:		3171.3 time, 3181.0 real, 102.1 MB
[runlim] sample:		3181.2 time, 3191.0 real, 114.0 MB
[runlim] sample:		3191.2 time, 3201.0 real, 108.0 MB
[runlim] sample:		3201.2 time, 3211.0 real, 113.1 MB
[runlim] sample:		3211.2 time, 3221.0 real, 103.4 MB
[runlim] sample:		3221.2 time, 3231.0 real, 109.8 MB
[runlim] sample:		3231.2 time, 3241.0 real, 111.1 MB
[runlim] sample:		3241.2 time, 3251.0 real, 102.1 MB
[runlim] sample:		3251.2 time, 3261.0 real, 109.2 MB
[runlim] sample:		3261.2 time, 3271.0 real, 106.4 MB
[runlim] sample:		3271.2 time, 3281.0 real, 104.2 MB
[runlim] sample:		3281.2 time, 3291.0 real, 112.5 MB
[runlim] sample:		3291.2 time, 3301.0 real, 108.2 MB
[runlim] sample:		3301.2 time, 3311.0 real, 114.7 MB
[runlim] sample:		3311.2 time, 3321.0 real, 109.6 MB
[runlim] sample:		3321.2 time, 3331.0 real, 101.6 MB
[runlim] sample:		3331.2 time, 3341.0 real, 113.0 MB
[runlim] sample:		3341.2 time, 3351.0 real, 105.4 MB
[runlim] sample:		3351.2 time, 3361.0 real, 111.1 MB
[runlim] sample:		3361.2 time, 3371.0 real, 112.5 MB
[runlim] sample:		3371.2 time, 3381.0 real, 105.8 MB
[runlim] sample:		3381.2 time, 3391.0 real, 115.3 MB
[runlim] sample:		3391.2 time, 3401.0 real, 109.0 MB
[runlim] sample:		3401.2 time, 3411.0 real, 101.9 MB
[runlim] sample:		3411.2 time, 3421.0 real, 108.8 MB
[runlim] sample:		3421.2 time, 3431.0 real, 116.6 MB
[runlim] sample:		3431.2 time, 3441.0 real, 107.0 MB
[runlim] sample:		3441.2 time, 3451.0 real, 101.1 MB
[runlim] sample:		3451.2 time, 3461.0 real, 104.4 MB
[runlim] sample:		3461.2 time, 3471.0 real, 107.9 MB
[runlim] sample:		3471.2 time, 3481.0 real, 113.6 MB
[runlim] sample:		3481.2 time, 3491.0 real, 103.2 MB
[runlim] sample:		3491.2 time, 3501.0 real, 110.5 MB
[runlim] sample:		3501.2 time, 3511.0 real, 104.3 MB
[runlim] sample:		3511.1 time, 3521.0 real, 114.1 MB
[runlim] sample:		3521.1 time, 3531.0 real, 107.2 MB
[runlim] sample:		3531.1 time, 3541.0 real, 111.1 MB
[runlim] sample:		3541.1 time, 3551.0 real, 116.7 MB
[runlim] sample:		3551.1 time, 3561.0 real, 117.3 MB
[runlim] sample:		3561.1 time, 3571.0 real, 108.1 MB
[runlim] sample:		3571.1 time, 3581.0 real, 101.3 MB
[runlim] sample:		3581.1 time, 3591.0 real, 107.2 MB
[runlim] sample:		3591.1 time, 3601.0 real, 101.9 MB
[runlim] sample:		3600.7 time, 3611.7 real, 110.4 MB
[runlim] sample:		3610.5 time, 3621.6 real, 103.4 MB
[runlim] sample:		3620.5 time, 3631.6 real, 109.4 MB
[runlim] sample:		3630.5 time, 3641.6 real, 114.6 MB
[runlim] sample:		3640.5 time, 3651.6 real, 109.6 MB
[runlim] sample:		3650.5 time, 3661.6 real, 105.4 MB
[runlim] sample:		3660.5 time, 3671.6 real, 116.7 MB
[runlim] sample:		3670.5 time, 3681.6 real, 108.1 MB
[runlim] sample:		3680.5 time, 3691.6 real, 113.0 MB
[runlim] sample:		3690.4 time, 3701.6 real, 101.9 MB
[runlim] sample:		3700.4 time, 3711.6 real, 108.3 MB
[runlim] sample:		3710.4 time, 3721.6 real, 115.4 MB
[runlim] sample:		3720.4 time, 3731.6 real, 108.3 MB
[runlim] sample:		3730.4 time, 3741.6 real, 113.8 MB
[runlim] sample:		3740.4 time, 3751.6 real, 116.9 MB
[runlim] sample:		3750.4 time, 3761.6 real, 106.3 MB
[runlim] sample:		3760.4 time, 3771.6 real, 115.6 MB
[runlim] sample:		3770.4 time, 3781.6 real, 102.1 MB
[runlim] sample:		3780.4 time, 3791.6 real, 108.3 MB
[runlim] sample:		3790.4 time, 3801.6 real, 109.3 MB
[runlim] sample:		3800.4 time, 3811.6 real, 106.6 MB
[runlim] sample:		3810.4 time, 3821.6 real, 105.9 MB
[runlim] sample:		3820.4 time, 3831.6 real, 117.9 MB
[runlim] sample:		3830.4 time, 3841.6 real, 115.4 MB
[runlim] sample:		3840.4 time, 3851.6 real, 112.0 MB
[runlim] sample:		3850.4 time, 3861.6 real, 113.1 MB
[runlim] sample:		3860.4 time, 3871.6 real, 114.0 MB
[runlim] sample:		3870.4 time, 3881.6 real, 114.5 MB
[runlim] sample:		3880.4 time, 3891.6 real, 112.7 MB
[runlim] sample:		3890.4 time, 3901.6 real, 104.7 MB
[runlim] sample:		3900.4 time, 3911.6 real, 113.5 MB
[runlim] sample:		3910.4 time, 3921.6 real, 106.6 MB
[runlim] sample:		3920.2 time, 3931.6 real, 112.8 MB
[runlim] sample:		3930.2 time, 3941.6 real, 106.6 MB
[runlim] sample:		3940.2 time, 3951.6 real, 113.1 MB
[runlim] sample:		3950.2 time, 3961.6 real, 109.4 MB
[runlim] sample:		3960.2 time, 3971.6 real, 117.0 MB
[runlim] sample:		3970.2 time, 3981.6 real, 110.1 MB
[runlim] sample:		3980.2 time, 3991.6 real, 117.2 MB
[runlim] sample:		3990.2 time, 4001.6 real, 113.0 MB
[runlim] sample:		4000.2 time, 4011.6 real, 106.7 MB
[runlim] sample:		4010.2 time, 4021.6 real, 109.2 MB
[runlim] sample:		4020.1 time, 4031.6 real, 116.9 MB
[runlim] sample:		4030.2 time, 4041.6 real, 110.3 MB
[runlim] sample:		4040.1 time, 4051.6 real, 113.7 MB
[runlim] sample:		4050.1 time, 4061.6 real, 114.9 MB
[runlim] sample:		4060.1 time, 4071.6 real, 109.0 MB
[runlim] sample:		4070.1 time, 4081.6 real, 105.0 MB
[runlim] sample:		4080.1 time, 4091.6 real, 105.4 MB
[runlim] sample:		4090.1 time, 4101.6 real, 106.6 MB
[runlim] sample:		4100.1 time, 4111.6 real, 107.5 MB
[runlim] sample:		4110.1 time, 4121.6 real, 112.2 MB
[runlim] sample:		4120.1 time, 4131.6 real, 114.0 MB
[runlim] sample:		4130.1 time, 4141.6 real, 116.1 MB
[runlim] sample:		4140.1 time, 4151.6 real, 103.7 MB
[runlim] sample:		4150.1 time, 4161.6 real, 116.4 MB
[runlim] sample:		4160.1 time, 4171.6 real, 108.2 MB
[runlim] sample:		4170.1 time, 4181.6 real, 104.8 MB
[runlim] sample:		4180.1 time, 4191.6 real, 115.4 MB
[runlim] sample:		4190.1 time, 4201.6 real, 105.0 MB
[runlim] sample:		4200.1 time, 4211.6 real, 108.5 MB
[runlim] sample:		4210.0 time, 4221.6 real, 114.6 MB
[runlim] sample:		4220.0 time, 4231.6 real, 112.0 MB
[runlim] sample:		4229.9 time, 4241.6 real, 113.6 MB
[runlim] sample:		4239.9 time, 4251.6 real, 103.8 MB
[runlim] sample:		4249.9 time, 4261.6 real, 112.0 MB
[runlim] sample:		4259.9 time, 4271.6 real, 105.5 MB
[runlim] sample:		4269.8 time, 4281.6 real, 111.5 MB
[runlim] sample:		4279.8 time, 4291.6 real, 111.3 MB
[runlim] sample:		4289.8 time, 4301.6 real, 109.0 MB
[runlim] sample:		4299.7 time, 4311.6 real, 107.1 MB
[runlim] sample:		4309.7 time, 4321.6 real, 106.6 MB
[runlim] sample:		4319.7 time, 4331.6 real, 110.5 MB
[runlim] sample:		4329.6 time, 4341.6 real, 109.2 MB
[runlim] sample:		4339.5 time, 4351.6 real, 116.5 MB
[runlim] sample:		4349.4 time, 4361.6 real, 109.9 MB
[runlim] sample:		4359.4 time, 4371.6 real, 103.9 MB
[runlim] sample:		4369.4 time, 4381.6 real, 118.6 MB
[runlim] sample:		4379.3 time, 4391.6 real, 119.6 MB
[runlim] sample:		4389.3 time, 4401.6 real, 117.8 MB
[runlim] sample:		4399.3 time, 4411.6 real, 104.7 MB
[runlim] sample:		4409.3 time, 4421.6 real, 119.2 MB
[runlim] sample:		4419.2 time, 4431.6 real, 108.9 MB
[runlim] sample:		4429.2 time, 4441.6 real, 116.1 MB
[runlim] sample:		4439.2 time, 4451.6 real, 119.3 MB
[runlim] sample:		4449.2 time, 4461.6 real, 107.5 MB
[runlim] sample:		4459.2 time, 4471.6 real, 109.4 MB
[runlim] sample:		4469.2 time, 4481.6 real, 109.5 MB
[runlim] sample:		4479.2 time, 4491.6 real, 110.5 MB
[runlim] sample:		4489.2 time, 4501.6 real, 116.1 MB
[runlim] sample:		4499.2 time, 4511.6 real, 103.8 MB
[runlim] sample:		4509.1 time, 4521.6 real, 106.5 MB
[runlim] sample:		4519.1 time, 4531.6 real, 109.2 MB
[runlim] sample:		4529.1 time, 4541.6 real, 112.8 MB
[runlim] sample:		4539.1 time, 4551.6 real, 104.5 MB
[runlim] sample:		4549.1 time, 4561.6 real, 111.8 MB
[runlim] sample:		4559.0 time, 4571.6 real, 115.4 MB
[runlim] sample:		4569.0 time, 4581.6 real, 112.7 MB
[runlim] sample:		4579.0 time, 4591.6 real, 118.0 MB
[runlim] sample:		4589.0 time, 4601.6 real, 110.3 MB
[runlim] sample:		4598.9 time, 4611.6 real, 113.2 MB
[runlim] sample:		4608.9 time, 4621.6 real, 117.3 MB
[runlim] sample:		4618.9 time, 4631.6 real, 118.0 MB
[runlim] sample:		4628.7 time, 4641.6 real, 115.7 MB
[runlim] sample:		4638.7 time, 4651.6 real, 111.8 MB
[runlim] sample:		4648.6 time, 4661.6 real, 113.2 MB
[runlim] sample:		4658.6 time, 4671.6 real, 112.2 MB
[runlim] sample:		4668.6 time, 4681.6 real, 118.1 MB
[runlim] sample:		4678.6 time, 4691.6 real, 108.4 MB
[runlim] sample:		4688.6 time, 4701.6 real, 117.3 MB
[runlim] sample:		4698.6 time, 4711.6 real, 113.8 MB
[runlim] sample:		4708.6 time, 4721.6 real, 107.8 MB
[runlim] sample:		4718.6 time, 4731.6 real, 115.9 MB
[runlim] sample:		4728.6 time, 4741.6 real, 106.4 MB
[runlim] sample:		4738.6 time, 4751.6 real, 114.5 MB
[runlim] sample:		4748.6 time, 4761.6 real, 107.8 MB
[runlim] sample:		4758.6 time, 4771.6 real, 116.6 MB
[runlim] sample:		4768.5 time, 4781.6 real, 107.2 MB
[runlim] sample:		4778.5 time, 4791.6 real, 112.0 MB
[runlim] sample:		4788.5 time, 4801.6 real, 114.5 MB
[runlim] sample:		4798.5 time, 4811.6 real, 114.6 MB
[runlim] sample:		4808.5 time, 4821.6 real, 118.8 MB
[runlim] sample:		4818.5 time, 4831.6 real, 113.0 MB
[runlim] sample:		4828.5 time, 4841.6 real, 106.3 MB
[runlim] sample:		4838.5 time, 4851.6 real, 114.0 MB
[runlim] sample:		4848.5 time, 4861.6 real, 107.5 MB
[runlim] sample:		4858.5 time, 4871.6 real, 114.9 MB
[runlim] sample:		4868.5 time, 4881.6 real, 105.2 MB
[runlim] sample:		4878.4 time, 4891.6 real, 112.0 MB
[runlim] sample:		4888.4 time, 4901.6 real, 110.8 MB
[runlim] sample:		4898.2 time, 4911.6 real, 109.4 MB
[runlim] sample:		4908.1 time, 4921.6 real, 109.8 MB
[runlim] sample:		4918.1 time, 4931.6 real, 114.1 MB
[runlim] sample:		4928.1 time, 4941.6 real, 119.0 MB
[runlim] sample:		4938.1 time, 4951.6 real, 110.5 MB
[runlim] sample:		4948.1 time, 4961.6 real, 113.8 MB
[runlim] sample:		4958.1 time, 4971.6 real, 118.9 MB
[runlim] sample:		4968.1 time, 4981.6 real, 113.3 MB
[runlim] sample:		4978.1 time, 4991.6 real, 108.7 MB
[runlim] sample:		4988.1 time, 5001.6 real, 107.3 MB
[runlim] sample:		4998.1 time, 5011.6 real, 114.5 MB
[runlim] sample:		5008.1 time, 5021.6 real, 116.0 MB
[runlim] sample:		5018.1 time, 5031.6 real, 119.3 MB
[runlim] sample:		5028.1 time, 5041.6 real, 110.3 MB
[runlim] sample:		5038.0 time, 5051.6 real, 112.1 MB
[runlim] sample:		5048.0 time, 5061.6 real, 117.6 MB
[runlim] sample:		5058.0 time, 5071.6 real, 106.2 MB
[runlim] sample:		5067.8 time, 5081.6 real, 110.1 MB
[runlim] sample:		5077.7 time, 5091.6 real, 116.3 MB
[runlim] sample:		5087.7 time, 5101.6 real, 120.1 MB
[runlim] sample:		5097.7 time, 5111.6 real, 105.9 MB
[runlim] sample:		5107.7 time, 5121.6 real, 113.9 MB
[runlim] sample:		5117.7 time, 5131.6 real, 114.8 MB
[runlim] sample:		5127.7 time, 5141.6 real, 118.4 MB
[runlim] sample:		5137.7 time, 5151.6 real, 105.7 MB
[runlim] sample:		5147.7 time, 5161.6 real, 108.6 MB
[runlim] sample:		5157.7 time, 5171.6 real, 114.2 MB
[runlim] sample:		5167.7 time, 5181.6 real, 104.2 MB
[runlim] sample:		5177.7 time, 5191.6 real, 109.2 MB
[runlim] sample:		5187.7 time, 5201.6 real, 117.0 MB
[runlim] sample:		5197.7 time, 5211.6 real, 111.4 MB
[runlim] sample:		5207.7 time, 5221.6 real, 109.6 MB
[runlim] sample:		5217.6 time, 5231.6 real, 106.0 MB
[runlim] sample:		5227.5 time, 5241.6 real, 107.6 MB
[runlim] sample:		5237.5 time, 5251.6 real, 107.0 MB
[runlim] sample:		5247.5 time, 5261.6 real, 119.8 MB
[runlim] sample:		5257.5 time, 5271.6 real, 104.9 MB
[runlim] sample:		5267.5 time, 5281.6 real, 116.4 MB
[runlim] sample:		5277.4 time, 5291.6 real, 111.6 MB
[runlim] sample:		5287.4 time, 5301.6 real, 112.1 MB
[runlim] sample:		5297.4 time, 5311.6 real, 115.4 MB
[runlim] sample:		5307.4 time, 5321.6 real, 113.4 MB
[runlim] sample:		5317.4 time, 5331.6 real, 114.4 MB
[runlim] sample:		5327.4 time, 5341.6 real, 118.5 MB
[runlim] sample:		5337.3 time, 5351.6 real, 111.1 MB
[runlim] sample:		5347.4 time, 5361.6 real, 116.7 MB
[runlim] sample:		5357.3 time, 5371.6 real, 116.0 MB
[runlim] sample:		5367.2 time, 5381.6 real, 113.1 MB
[runlim] sample:		5377.2 time, 5391.6 real, 105.8 MB
[runlim] sample:		5387.2 time, 5401.6 real, 109.3 MB
[runlim] sample:		5397.2 time, 5411.6 real, 114.1 MB
[runlim] sample:		5407.1 time, 5421.6 real, 115.4 MB
[runlim] sample:		5417.1 time, 5431.6 real, 114.7 MB
[runlim] sample:		5427.0 time, 5441.6 real, 117.3 MB
[runlim] sample:		5437.0 time, 5451.6 real, 119.6 MB
[runlim] sample:		5447.0 time, 5461.6 real, 105.2 MB
[runlim] sample:		5457.0 time, 5471.6 real, 108.3 MB
[runlim] sample:		5467.0 time, 5481.6 real, 110.7 MB
[runlim] sample:		5477.0 time, 5491.6 real, 117.2 MB
[runlim] sample:		5487.0 time, 5501.6 real, 106.3 MB
[runlim] sample:		5497.0 time, 5511.6 real, 106.6 MB
[runlim] sample:		5507.0 time, 5521.6 real, 114.1 MB
[runlim] sample:		5516.8 time, 5531.6 real, 110.9 MB
[runlim] sample:		5526.7 time, 5541.6 real, 108.5 MB
[runlim] sample:		5536.7 time, 5551.6 real, 110.0 MB
[runlim] sample:		5546.5 time, 5561.6 real, 107.1 MB
[runlim] sample:		5556.5 time, 5571.6 real, 104.3 MB
[runlim] sample:		5566.4 time, 5581.6 real, 117.6 MB
[runlim] sample:		5576.3 time, 5591.6 real, 116.7 MB
[runlim] sample:		5586.3 time, 5601.6 real, 105.2 MB
[runlim] sample:		5596.3 time, 5611.6 real, 110.5 MB
[runlim] sample:		5606.3 time, 5621.6 real, 118.1 MB
[runlim] sample:		5616.3 time, 5631.6 real, 117.1 MB
[runlim] sample:		5626.1 time, 5641.6 real, 114.4 MB
[runlim] sample:		5636.1 time, 5651.6 real, 105.4 MB
[runlim] sample:		5646.1 time, 5661.6 real, 116.1 MB
[runlim] sample:		5656.1 time, 5671.6 real, 116.8 MB
[runlim] sample:		5665.9 time, 5681.6 real, 115.5 MB
[runlim] sample:		5675.9 time, 5691.6 real, 109.4 MB
[runlim] sample:		5685.9 time, 5701.6 real, 109.7 MB
[runlim] sample:		5695.9 time, 5711.6 real, 109.3 MB
[runlim] sample:		5705.8 time, 5721.6 real, 108.1 MB
[runlim] sample:		5715.8 time, 5731.6 real, 110.3 MB
[runlim] sample:		5725.8 time, 5741.6 real, 112.0 MB
[runlim] sample:		5735.7 time, 5751.6 real, 110.8 MB
[runlim] sample:		5745.7 time, 5761.6 real, 113.7 MB
[runlim] sample:		5755.7 time, 5771.6 real, 104.3 MB
[runlim] sample:		5765.7 time, 5781.6 real, 114.4 MB
[runlim] sample:		5775.6 time, 5791.6 real, 119.4 MB
[runlim] sample:		5785.5 time, 5801.6 real, 118.1 MB
[runlim] sample:		5795.5 time, 5811.6 real, 110.0 MB
[runlim] sample:		5805.5 time, 5821.6 real, 112.6 MB
[runlim] sample:		5815.5 time, 5831.6 real, 112.9 MB
[runlim] sample:		5825.4 time, 5841.6 real, 111.8 MB
[runlim] sample:		5835.4 time, 5851.6 real, 112.6 MB
[runlim] sample:		5845.4 time, 5861.6 real, 113.8 MB
[runlim] sample:		5855.1 time, 5871.6 real, 110.4 MB
[runlim] sample:		5865.1 time, 5881.6 real, 109.8 MB
[runlim] sample:		5875.0 time, 5891.6 real, 109.0 MB
[runlim] sample:		5885.0 time, 5901.6 real, 113.3 MB
[runlim] sample:		5895.0 time, 5911.6 real, 114.0 MB
[runlim] sample:		5904.9 time, 5921.6 real, 104.3 MB
[runlim] sample:		5914.9 time, 5931.6 real, 116.1 MB
[runlim] sample:		5924.9 time, 5941.6 real, 112.6 MB
[runlim] sample:		5934.9 time, 5951.6 real, 111.7 MB
[runlim] sample:		5944.8 time, 5961.6 real, 115.5 MB
[runlim] sample:		5954.7 time, 5971.6 real, 104.8 MB
[runlim] sample:		5964.7 time, 5981.6 real, 112.0 MB
[runlim] sample:		5974.7 time, 5991.6 real, 118.6 MB
[runlim] sample:		5984.7 time, 6001.6 real, 140.8 MB
[runlim] sample:		5994.7 time, 6011.6 real, 108.6 MB
[runlim] sample:		6004.7 time, 6021.6 real, 109.1 MB
[runlim] sample:		6014.7 time, 6031.6 real, 114.6 MB
[runlim] sample:		6024.7 time, 6041.6 real, 115.8 MB
[runlim] sample:		6034.7 time, 6051.6 real, 120.4 MB
[runlim] sample:		6044.6 time, 6061.6 real, 108.0 MB
[runlim] sample:		6054.6 time, 6071.6 real, 107.3 MB
[runlim] sample:		6064.6 time, 6081.6 real, 110.8 MB
[runlim] sample:		6074.6 time, 6091.6 real, 105.9 MB
[runlim] sample:		6084.6 time, 6101.6 real, 115.3 MB
[runlim] sample:		6094.6 time, 6111.6 real, 105.3 MB
[runlim] sample:		6104.6 time, 6121.6 real, 105.0 MB
[runlim] sample:		6114.6 time, 6131.6 real, 108.9 MB
[runlim] sample:		6124.6 time, 6141.6 real, 110.5 MB
[runlim] sample:		6134.6 time, 6151.6 real, 114.6 MB
[runlim] sample:		6144.5 time, 6161.6 real, 110.4 MB
[runlim] sample:		6154.3 time, 6171.6 real, 110.1 MB
[runlim] sample:		6164.3 time, 6181.6 real, 107.5 MB
[runlim] sample:		6174.2 time, 6191.6 real, 105.1 MB
[runlim] sample:		6184.2 time, 6201.6 real, 119.9 MB
[runlim] sample:		6194.2 time, 6211.6 real, 120.2 MB
[runlim] sample:		6204.1 time, 6221.6 real, 112.1 MB
[runlim] sample:		6214.1 time, 6231.6 real, 117.6 MB
[runlim] sample:		6224.1 time, 6241.6 real, 110.9 MB
[runlim] sample:		6234.1 time, 6251.6 real, 114.8 MB
[runlim] sample:		6244.1 time, 6261.6 real, 116.8 MB
[runlim] sample:		6254.1 time, 6271.6 real, 116.1 MB
[runlim] sample:		6264.1 time, 6281.6 real, 106.6 MB
[runlim] sample:		6274.1 time, 6291.6 real, 114.1 MB
[runlim] sample:		6284.1 time, 6301.6 real, 116.8 MB
[runlim] sample:		6294.1 time, 6311.6 real, 105.5 MB
[runlim] sample:		6304.0 time, 6321.6 real, 110.8 MB
[runlim] sample:		6314.0 time, 6331.6 real, 110.0 MB
[runlim] sample:		6324.0 time, 6341.6 real, 114.2 MB
[runlim] sample:		6334.0 time, 6351.6 real, 119.5 MB
[runlim] sample:		6344.0 time, 6361.6 real, 107.9 MB
[runlim] sample:		6353.9 time, 6371.6 real, 112.3 MB
[runlim] sample:		6363.8 time, 6381.6 real, 114.3 MB
[runlim] sample:		6373.7 time, 6391.6 real, 114.1 MB
[runlim] sample:		6383.7 time, 6401.6 real, 116.0 MB
[runlim] sample:		6393.6 time, 6411.6 real, 108.7 MB
[runlim] sample:		6403.6 time, 6421.6 real, 117.6 MB
[runlim] sample:		6413.6 time, 6431.6 real, 108.3 MB
[runlim] sample:		6423.6 time, 6441.6 real, 111.1 MB
[runlim] sample:		6433.6 time, 6451.6 real, 109.1 MB
[runlim] sample:		6443.3 time, 6681.7 real, 114.6 MB
[runlim] sample:		6452.6 time, 6691.7 real, 114.9 MB
[runlim] sample:		6462.5 time, 6701.7 real, 115.8 MB
[runlim] sample:		6472.4 time, 6711.7 real, 114.1 MB
[runlim] sample:		6482.2 time, 6722.6 real, 116.6 MB
[runlim] sample:		6492.1 time, 6732.6 real, 113.9 MB
[runlim] sample:		6502.1 time, 6742.6 real, 117.5 MB
[runlim] sample:		6512.1 time, 6752.6 real, 115.8 MB
[runlim] sample:		6521.7 time, 6762.6 real, 109.5 MB
[runlim] sample:		6531.6 time, 6772.6 real, 117.9 MB
[runlim] sample:		6541.6 time, 6782.6 real, 106.0 MB
[runlim] sample:		6551.6 time, 6792.6 real, 116.5 MB
[runlim] sample:		6561.5 time, 6802.6 real, 112.2 MB
[runlim] sample:		6571.3 time, 6812.6 real, 107.1 MB
[runlim] sample:		6581.2 time, 6822.6 real, 105.2 MB
[runlim] sample:		6591.2 time, 6832.6 real, 118.4 MB
[runlim] sample:		6601.2 time, 6842.6 real, 118.6 MB
[runlim] sample:		6611.2 time, 6852.6 real, 119.3 MB
[runlim] sample:		6621.2 time, 6862.6 real, 117.7 MB
[runlim] sample:		6631.1 time, 6872.6 real, 113.7 MB
[runlim] sample:		6641.1 time, 6882.6 real, 111.6 MB
[runlim] sample:		6651.1 time, 6892.6 real, 107.9 MB
[runlim] sample:		6660.7 time, 6902.6 real, 119.4 MB
[runlim] sample:		6670.0 time, 6912.6 real, 117.1 MB
[runlim] sample:		6680.0 time, 6922.6 real, 141.9 MB
[runlim] sample:		6690.0 time, 6932.6 real, 113.8 MB
[runlim] sample:		6700.0 time, 6942.6 real, 107.7 MB
[runlim] sample:		6710.0 time, 6952.6 real, 106.0 MB
[runlim] sample:		6720.0 time, 6962.6 real, 106.4 MB
[runlim] sample:		6730.0 time, 6972.6 real, 108.0 MB
[runlim] sample:		6740.0 time, 6982.6 real, 108.7 MB
[runlim] sample:		6750.0 time, 6992.6 real, 108.5 MB
[runlim] sample:		6760.0 time, 7002.6 real, 109.2 MB
[runlim] sample:		6770.0 time, 7012.6 real, 107.0 MB
[runlim] sample:		6780.0 time, 7022.6 real, 105.5 MB
[runlim] sample:		6790.0 time, 7032.6 real, 105.8 MB
[runlim] sample:		6800.0 time, 7042.6 real, 110.3 MB
[runlim] sample:		6810.0 time, 7052.6 real, 108.8 MB
[runlim] sample:		6820.0 time, 7062.6 real, 108.2 MB
[runlim] sample:		6829.9 time, 7072.6 real, 106.7 MB
[runlim] sample:		6839.9 time, 7082.6 real, 112.9 MB
[runlim] sample:		6849.9 time, 7092.6 real, 116.5 MB
[runlim] sample:		6859.9 time, 7102.6 real, 115.8 MB
[runlim] sample:		6869.9 time, 7112.6 real, 102.2 MB
[runlim] sample:		6879.9 time, 7122.6 real, 102.6 MB
[runlim] sample:		6889.9 time, 7132.6 real, 117.6 MB
[runlim] sample:		6899.9 time, 7142.6 real, 115.1 MB
[runlim] sample:		6909.9 time, 7152.6 real, 112.6 MB
[runlim] sample:		6919.9 time, 7162.6 real, 112.7 MB
[runlim] sample:		6929.9 time, 7172.6 real, 112.1 MB
[runlim] sample:		6939.9 time, 7182.6 real, 108.1 MB
[runlim] sample:		6949.9 time, 7192.6 real, 108.2 MB
[runlim] sample:		6959.9 time, 7202.6 real, 110.0 MB
[runlim] sample:		6969.9 time, 7212.6 real, 111.6 MB
[runlim] sample:		6979.9 time, 7222.6 real, 114.2 MB
[runlim] sample:		6989.9 time, 7232.6 real, 114.1 MB
[runlim] sample:		6999.9 time, 7242.6 real, 113.8 MB
[runlim] sample:		7009.9 time, 7252.6 real, 114.1 MB
[runlim] sample:		7019.9 time, 7262.6 real, 107.8 MB
[runlim] sample:		7029.9 time, 7272.6 real, 113.6 MB
[runlim] sample:		7039.9 time, 7282.6 real, 105.5 MB
[runlim] sample:		7049.9 time, 7292.6 real, 111.2 MB
[runlim] sample:		7059.9 time, 7302.6 real, 106.4 MB
[runlim] sample:		7069.9 time, 7312.6 real, 111.1 MB
[runlim] sample:		7079.9 time, 7322.6 real, 112.5 MB
[runlim] sample:		7089.9 time, 7332.6 real, 104.2 MB
[runlim] sample:		7099.9 time, 7342.6 real, 112.8 MB
[runlim] sample:		7109.9 time, 7352.6 real, 105.1 MB
[runlim] sample:		7119.9 time, 7362.6 real, 109.3 MB
[runlim] sample:		7129.9 time, 7372.6 real, 115.4 MB
[runlim] sample:		7139.9 time, 7382.6 real, 109.9 MB
[runlim] sample:		7149.9 time, 7392.6 real, 107.1 MB
[runlim] sample:		7159.9 time, 7402.6 real, 111.5 MB
[runlim] sample:		7169.9 time, 7412.6 real, 116.7 MB
[runlim] sample:		7179.9 time, 7422.6 real, 104.0 MB
[runlim] sample:		7189.9 time, 7432.6 real, 109.5 MB
[runlim] sample:		7199.9 time, 7442.6 real, 115.6 MB
[runlim] sample:		7209.9 time, 7452.6 real, 108.3 MB
[runlim] sample:		7219.9 time, 7462.6 real, 103.6 MB
[runlim] sample:		7229.9 time, 7472.6 real, 108.6 MB
[runlim] sample:		7239.9 time, 7482.6 real, 114.5 MB
[runlim] sample:		7249.9 time, 7492.6 real, 113.1 MB
[runlim] sample:		7259.8 time, 7502.6 real, 113.2 MB
[runlim] sample:		7269.9 time, 7512.6 real, 103.6 MB
[runlim] sample:		7279.8 time, 7522.6 real, 107.4 MB
[runlim] sample:		7289.9 time, 7532.6 real, 113.8 MB
[runlim] sample:		7299.8 time, 7542.6 real, 104.0 MB
[runlim] sample:		7309.9 time, 7552.6 real, 106.7 MB
[runlim] sample:		7319.8 time, 7562.6 real, 107.0 MB
[runlim] sample:		7329.9 time, 7572.6 real, 115.8 MB
[runlim] sample:		7339.8 time, 7582.6 real, 104.5 MB
[runlim] sample:		7349.8 time, 7592.6 real, 105.9 MB
[runlim] sample:		7359.8 time, 7602.6 real, 109.0 MB
[runlim] sample:		7369.8 time, 7612.6 real, 112.7 MB
[runlim] sample:		7379.8 time, 7622.6 real, 103.3 MB
[runlim] sample:		7389.8 time, 7632.6 real, 109.7 MB
[runlim] sample:		7399.8 time, 7642.6 real, 115.8 MB
[runlim] sample:		7409.8 time, 7652.6 real, 104.9 MB
[runlim] sample:		7419.8 time, 7662.6 real, 104.7 MB
[runlim] sample:		7429.8 time, 7672.6 real, 103.8 MB
[runlim] sample:		7439.8 time, 7682.6 real, 104.8 MB
[runlim] sample:		7449.8 time, 7692.6 real, 104.9 MB
[runlim] sample:		7459.8 time, 7702.6 real, 104.6 MB
[runlim] sample:		7469.8 time, 7712.6 real, 108.3 MB
[runlim] sample:		7479.8 time, 7722.6 real, 112.3 MB
[runlim] sample:		7489.8 time, 7732.6 real, 115.4 MB
[runlim] sample:		7499.8 time, 7742.6 real, 104.7 MB
[runlim] sample:		7509.8 time, 7752.6 real, 106.2 MB
[runlim] sample:		7519.8 time, 7762.6 real, 109.4 MB
[runlim] sample:		7529.8 time, 7772.6 real, 113.7 MB
[runlim] sample:		7539.8 time, 7782.6 real, 102.0 MB
[runlim] sample:		7549.8 time, 7792.6 real, 104.2 MB
[runlim] sample:		7559.8 time, 7802.6 real, 105.1 MB
[runlim] sample:		7569.8 time, 7812.6 real, 109.3 MB
[runlim] sample:		7579.8 time, 7822.6 real, 111.1 MB
[runlim] sample:		7589.8 time, 7832.6 real, 103.5 MB
[runlim] sample:		7599.8 time, 7842.6 real, 111.3 MB
[runlim] sample:		7609.8 time, 7852.6 real, 116.5 MB
[runlim] sample:		7619.8 time, 7862.6 real, 111.9 MB
[runlim] sample:		7629.8 time, 7872.6 real, 104.5 MB
[runlim] sample:		7639.8 time, 7882.6 real, 108.3 MB
[runlim] sample:		7649.8 time, 7892.6 real, 103.5 MB
[runlim] sample:		7659.8 time, 7902.6 real, 111.8 MB
[runlim] sample:		7669.8 time, 7912.6 real, 102.4 MB
[runlim] sample:		7679.8 time, 7922.6 real, 108.9 MB
[runlim] sample:		7689.8 time, 7932.6 real, 108.7 MB
[runlim] sample:		7699.8 time, 7942.6 real, 107.0 MB
[runlim] sample:		7709.8 time, 7952.6 real, 110.2 MB
[runlim] sample:		7719.8 time, 7962.6 real, 112.5 MB
[runlim] sample:		7729.8 time, 7972.6 real, 117.1 MB
[runlim] sample:		7739.8 time, 7982.6 real, 106.8 MB
[runlim] sample:		7749.8 time, 7992.6 real, 110.5 MB
[runlim] sample:		7759.8 time, 8002.6 real, 114.7 MB
[runlim] sample:		7769.8 time, 8012.6 real, 110.7 MB
[runlim] sample:		7779.8 time, 8022.6 real, 117.3 MB
[runlim] sample:		7789.8 time, 8032.6 real, 105.8 MB
[runlim] sample:		7799.8 time, 8042.6 real, 109.4 MB
[runlim] sample:		7809.8 time, 8052.6 real, 114.3 MB
[runlim] sample:		7819.8 time, 8062.6 real, 118.9 MB
[runlim] sample:		7829.8 time, 8072.6 real, 109.4 MB
[runlim] sample:		7839.8 time, 8082.6 real, 111.6 MB
[runlim] sample:		7849.7 time, 8092.6 real, 115.3 MB
[runlim] sample:		7859.7 time, 8102.6 real, 118.9 MB
[runlim] sample:		7869.7 time, 8112.6 real, 110.8 MB
[runlim] sample:		7879.7 time, 8122.6 real, 105.3 MB
[runlim] sample:		7889.7 time, 8132.6 real, 115.5 MB
[runlim] sample:		7899.7 time, 8142.6 real, 108.3 MB
[runlim] sample:		7909.7 time, 8152.6 real, 113.0 MB
[runlim] sample:		7919.7 time, 8162.6 real, 115.4 MB
[runlim] sample:		7929.7 time, 8172.6 real, 118.3 MB
[runlim] sample:		7939.7 time, 8182.6 real, 111.3 MB
[runlim] sample:		7949.7 time, 8192.6 real, 110.7 MB
[runlim] sample:		7959.7 time, 8202.6 real, 111.4 MB
[runlim] sample:		7969.7 time, 8212.6 real, 114.8 MB
[runlim] sample:		7979.7 time, 8222.6 real, 116.8 MB
[runlim] sample:		7989.7 time, 8232.6 real, 105.5 MB
[runlim] sample:		7999.7 time, 8242.6 real, 109.1 MB
[runlim] sample:		8009.7 time, 8252.6 real, 113.5 MB
[runlim] sample:		8019.7 time, 8262.6 real, 103.4 MB
[runlim] sample:		8029.6 time, 8272.6 real, 117.6 MB
[runlim] sample:		8039.6 time, 8282.6 real, 106.9 MB
[runlim] sample:		8049.6 time, 8292.6 real, 115.3 MB
[runlim] sample:		8059.6 time, 8302.6 real, 103.4 MB
[runlim] sample:		8069.6 time, 8312.6 real, 114.6 MB
[runlim] sample:		8079.6 time, 8322.6 real, 109.1 MB
[runlim] sample:		8089.6 time, 8332.6 real, 117.7 MB
[runlim] sample:		8099.6 time, 8342.6 real, 103.7 MB
[runlim] sample:		8109.6 time, 8352.6 real, 109.1 MB
[runlim] sample:		8119.6 time, 8362.6 real, 112.6 MB
[runlim] sample:		8129.6 time, 8372.6 real, 115.6 MB
[runlim] sample:		8139.6 time, 8382.6 real, 108.4 MB
[runlim] sample:		8149.6 time, 8392.6 real, 113.3 MB
[runlim] sample:		8159.6 time, 8402.6 real, 116.0 MB
[runlim] sample:		8169.6 time, 8412.6 real, 106.6 MB
[runlim] sample:		8179.6 time, 8422.6 real, 108.2 MB
[runlim] sample:		8189.6 time, 8432.6 real, 114.8 MB
[runlim] sample:		8199.6 time, 8442.6 real, 106.6 MB
[runlim] sample:		8209.6 time, 8452.6 real, 107.3 MB
[runlim] sample:		8219.6 time, 8462.6 real, 109.8 MB
[runlim] sample:		8229.6 time, 8472.6 real, 112.0 MB
[runlim] sample:		8239.6 time, 8482.6 real, 112.5 MB
[runlim] sample:		8249.6 time, 8492.6 real, 117.8 MB
[runlim] sample:		8259.6 time, 8502.6 real, 107.0 MB
[runlim] sample:		8269.6 time, 8512.6 real, 113.1 MB
[runlim] sample:		8279.6 time, 8522.6 real, 116.9 MB
[runlim] sample:		8289.6 time, 8532.6 real, 109.8 MB
[runlim] sample:		8299.6 time, 8542.6 real, 118.6 MB
[runlim] sample:		8309.6 time, 8552.6 real, 109.0 MB
[runlim] sample:		8319.6 time, 8562.6 real, 115.1 MB
[runlim] sample:		8329.6 time, 8572.6 real, 105.3 MB
[runlim] sample:		8339.6 time, 8582.6 real, 112.7 MB
[runlim] sample:		8349.6 time, 8592.6 real, 106.9 MB
[runlim] sample:		8359.6 time, 8602.6 real, 107.7 MB
[runlim] sample:		8369.6 time, 8612.6 real, 111.8 MB
[runlim] sample:		8379.6 time, 8622.6 real, 106.6 MB
[runlim] sample:		8389.6 time, 8632.6 real, 111.0 MB
[runlim] sample:		8399.6 time, 8642.6 real, 115.0 MB
[runlim] sample:		8409.6 time, 8652.6 real, 118.2 MB
[runlim] sample:		8419.6 time, 8662.6 real, 105.6 MB
[runlim] sample:		8429.6 time, 8672.6 real, 112.1 MB
[runlim] sample:		8439.6 time, 8682.6 real, 107.6 MB
[runlim] sample:		8449.6 time, 8692.6 real, 109.2 MB
[runlim] sample:		8459.6 time, 8702.6 real, 110.9 MB
[runlim] sample:		8469.6 time, 8712.6 real, 111.5 MB
[runlim] sample:		8479.5 time, 8722.6 real, 117.1 MB
[runlim] sample:		8489.6 time, 8732.6 real, 107.5 MB
[runlim] sample:		8499.6 time, 8742.6 real, 110.4 MB
[runlim] sample:		8509.6 time, 8752.6 real, 112.7 MB
[runlim] sample:		8519.5 time, 8762.6 real, 117.1 MB
[runlim] sample:		8529.5 time, 8772.6 real, 106.9 MB
[runlim] sample:		8539.5 time, 8782.6 real, 113.1 MB
[runlim] sample:		8549.5 time, 8792.6 real, 104.1 MB
[runlim] sample:		8559.5 time, 8802.6 real, 110.2 MB
[runlim] sample:		8569.5 time, 8812.6 real, 115.2 MB
[runlim] sample:		8579.5 time, 8822.6 real, 108.3 MB
[runlim] sample:		8589.5 time, 8832.6 real, 110.4 MB
[runlim] sample:		8599.5 time, 8842.6 real, 115.5 MB
[runlim] sample:		8609.5 time, 8852.6 real, 103.6 MB
[runlim] sample:		8619.5 time, 8862.6 real, 107.6 MB
[runlim] sample:		8629.5 time, 8872.6 real, 113.5 MB
[runlim] sample:		8639.5 time, 8882.6 real, 104.6 MB
[runlim] sample:		8649.5 time, 8892.6 real, 109.7 MB
[runlim] sample:		8659.5 time, 8902.6 real, 113.8 MB
[runlim] sample:		8669.5 time, 8912.6 real, 104.8 MB
[runlim] sample:		8679.5 time, 8922.6 real, 108.3 MB
[runlim] sample:		8689.5 time, 8932.6 real, 115.8 MB
[runlim] sample:		8699.5 time, 8942.6 real, 105.4 MB
[runlim] sample:		8709.5 time, 8952.6 real, 106.0 MB
[runlim] sample:		8719.5 time, 8962.6 real, 108.7 MB
[runlim] sample:		8729.5 time, 8972.6 real, 110.7 MB
[runlim] sample:		8739.5 time, 8982.6 real, 114.6 MB
[runlim] sample:		8749.5 time, 8992.6 real, 103.9 MB
[runlim] sample:		8759.5 time, 9002.6 real, 110.7 MB
[runlim] sample:		8769.5 time, 9012.6 real, 114.7 MB
[runlim] sample:		8779.5 time, 9022.6 real, 104.6 MB
[runlim] sample:		8789.5 time, 9032.6 real, 109.3 MB
[runlim] sample:		8799.5 time, 9042.6 real, 114.4 MB
[runlim] sample:		8809.5 time, 9052.6 real, 114.7 MB
[runlim] sample:		8819.5 time, 9062.6 real, 102.9 MB
[runlim] sample:		8829.5 time, 9072.6 real, 110.2 MB
[runlim] sample:		8839.5 time, 9082.6 real, 115.7 MB
[runlim] sample:		8849.5 time, 9092.6 real, 103.9 MB
[runlim] sample:		8859.5 time, 9102.6 real, 106.5 MB
[runlim] sample:		8869.5 time, 9112.6 real, 115.0 MB
[runlim] sample:		8879.5 time, 9122.6 real, 105.2 MB
[runlim] sample:		8889.5 time, 9132.6 real, 114.3 MB
[runlim] sample:		8899.5 time, 9142.6 real, 105.6 MB
[runlim] sample:		8909.5 time, 9152.6 real, 113.9 MB
[runlim] sample:		8919.5 time, 9162.6 real, 104.8 MB
[runlim] sample:		8929.5 time, 9172.6 real, 109.6 MB
[runlim] sample:		8939.5 time, 9182.6 real, 112.7 MB
[runlim] sample:		8949.5 time, 9192.6 real, 115.0 MB
[runlim] sample:		8959.5 time, 9202.6 real, 103.8 MB
[runlim] sample:		8969.5 time, 9212.6 real, 118.6 MB
[runlim] sample:		8979.5 time, 9222.6 real, 105.7 MB
[runlim] sample:		8989.5 time, 9232.6 real, 109.8 MB
[runlim] sample:		8999.5 time, 9242.6 real, 114.5 MB
[runlim] sample:		9009.5 time, 9252.6 real, 115.2 MB
[runlim] sample:		9019.5 time, 9262.6 real, 118.1 MB
[runlim] sample:		9029.5 time, 9272.6 real, 104.5 MB
[runlim] sample:		9039.5 time, 9282.6 real, 106.3 MB
[runlim] sample:		9049.5 time, 9292.6 real, 112.6 MB
[runlim] sample:		9059.5 time, 9302.6 real, 115.1 MB
[runlim] sample:		9069.5 time, 9312.6 real, 118.5 MB
[runlim] sample:		9079.5 time, 9322.6 real, 107.4 MB
[runlim] sample:		9089.5 time, 9332.6 real, 114.3 MB
[runlim] sample:		9099.4 time, 9342.6 real, 104.6 MB
[runlim] sample:		9109.4 time, 9352.6 real, 109.5 MB
[runlim] sample:		9119.4 time, 9362.6 real, 114.0 MB
[runlim] sample:		9129.4 time, 9372.6 real, 115.4 MB
[runlim] sample:		9139.4 time, 9382.6 real, 116.2 MB
[runlim] sample:		9149.4 time, 9392.6 real, 103.0 MB
[runlim] sample:		9159.4 time, 9402.6 real, 107.8 MB
[runlim] sample:		9169.4 time, 9412.6 real, 107.2 MB
[runlim] sample:		9179.4 time, 9422.6 real, 104.9 MB
[runlim] sample:		9189.4 time, 9432.6 real, 109.9 MB
[runlim] sample:		9199.4 time, 9442.6 real, 116.8 MB
[runlim] sample:		9209.4 time, 9452.6 real, 105.3 MB
[runlim] sample:		9219.4 time, 9462.6 real, 109.8 MB
[runlim] sample:		9229.4 time, 9472.6 real, 113.4 MB
[runlim] sample:		9239.4 time, 9482.6 real, 116.4 MB
[runlim] sample:		9249.4 time, 9492.6 real, 116.8 MB
[runlim] sample:		9259.4 time, 9502.6 real, 103.4 MB
[runlim] sample:		9269.4 time, 9512.6 real, 109.4 MB
[runlim] sample:		9279.4 time, 9522.6 real, 116.3 MB
[runlim] sample:		9289.4 time, 9532.6 real, 105.2 MB
[runlim] sample:		9299.4 time, 9542.6 real, 110.5 MB
[runlim] sample:		9309.4 time, 9552.6 real, 115.7 MB
[runlim] sample:		9319.4 time, 9562.6 real, 105.6 MB
[runlim] sample:		9329.4 time, 9572.6 real, 110.0 MB
[runlim] sample:		9339.4 time, 9582.6 real, 116.7 MB
[runlim] sample:		9349.4 time, 9592.6 real, 118.2 MB
[runlim] sample:		9359.4 time, 9602.6 real, 109.6 MB
[runlim] sample:		9369.4 time, 9612.6 real, 117.1 MB
[runlim] sample:		9379.4 time, 9622.6 real, 110.4 MB
[runlim] sample:		9389.4 time, 9632.6 real, 117.4 MB
[runlim] sample:		9399.4 time, 9642.6 real, 112.2 MB
[runlim] sample:		9409.4 time, 9652.6 real, 119.8 MB
[runlim] sample:		9419.4 time, 9662.6 real, 107.3 MB
[runlim] sample:		9429.4 time, 9672.6 real, 113.0 MB
[runlim] sample:		9439.4 time, 9682.6 real, 109.4 MB
[runlim] sample:		9449.4 time, 9692.6 real, 113.0 MB
[runlim] sample:		9459.4 time, 9702.6 real, 115.8 MB
[runlim] sample:		9469.4 time, 9712.6 real, 115.2 MB
[runlim] sample:		9479.4 time, 9722.6 real, 103.8 MB
[runlim] sample:		9489.4 time, 9732.6 real, 108.1 MB
[runlim] sample:		9499.4 time, 9742.6 real, 110.1 MB
[runlim] sample:		9509.4 time, 9752.6 real, 112.1 MB
[runlim] sample:		9519.4 time, 9762.6 real, 116.0 MB
[runlim] sample:		9529.4 time, 9772.6 real, 106.2 MB
[runlim] sample:		9539.4 time, 9782.6 real, 109.4 MB
[runlim] sample:		9549.4 time, 9792.6 real, 113.5 MB
[runlim] sample:		9559.4 time, 9802.6 real, 116.4 MB
[runlim] sample:		9569.3 time, 9812.6 real, 107.3 MB
[runlim] sample:		9579.3 time, 9822.6 real, 113.9 MB
[runlim] sample:		9589.3 time, 9832.6 real, 117.3 MB
[runlim] sample:		9599.3 time, 9842.6 real, 119.3 MB
[runlim] sample:		9609.3 time, 9852.6 real, 106.6 MB
[runlim] sample:		9619.3 time, 9862.6 real, 109.5 MB
[runlim] sample:		9629.3 time, 9872.6 real, 113.7 MB
[runlim] sample:		9639.3 time, 9882.6 real, 107.4 MB
[runlim] sample:		9649.3 time, 9892.6 real, 117.0 MB
[runlim] sample:		9659.3 time, 9902.6 real, 104.5 MB
[runlim] sample:		9669.3 time, 9912.6 real, 104.9 MB
[runlim] sample:		9679.3 time, 9922.6 real, 108.3 MB
[runlim] sample:		9689.3 time, 9932.6 real, 115.0 MB
[runlim] sample:		9699.3 time, 9942.6 real, 115.4 MB
[runlim] sample:		9709.3 time, 9952.6 real, 113.2 MB
[runlim] sample:		9719.3 time, 9962.6 real, 110.7 MB
[runlim] sample:		9729.3 time, 9972.6 real, 112.7 MB
[runlim] sample:		9739.4 time, 9982.6 real, 119.2 MB
[runlim] sample:		9749.4 time, 9992.6 real, 109.9 MB
[runlim] sample:		9759.4 time, 10002.6 real, 110.6 MB
[runlim] sample:		9769.4 time, 10012.6 real, 110.4 MB
[runlim] sample:		9779.4 time, 10022.6 real, 113.9 MB
[runlim] sample:		9789.4 time, 10032.6 real, 115.7 MB
[runlim] sample:		9799.4 time, 10042.6 real, 118.1 MB
[runlim] sample:		9809.4 time, 10052.6 real, 108.2 MB
[runlim] sample:		9819.4 time, 10062.6 real, 114.5 MB
[runlim] sample:		9829.4 time, 10072.6 real, 104.1 MB
[runlim] sample:		9839.4 time, 10082.6 real, 107.9 MB
[runlim] sample:		9849.4 time, 10092.6 real, 112.5 MB
[runlim] sample:		9859.4 time, 10102.6 real, 115.5 MB
[runlim] sample:		9869.4 time, 10112.6 real, 106.8 MB
[runlim] sample:		9879.4 time, 10122.6 real, 114.6 MB
[runlim] sample:		9889.4 time, 10132.6 real, 120.6 MB
[runlim] sample:		9899.4 time, 10142.6 real, 108.2 MB
[runlim] sample:		9909.4 time, 10152.6 real, 107.2 MB
[runlim] sample:		9919.4 time, 10162.6 real, 107.2 MB
[runlim] sample:		9929.4 time, 10172.6 real, 109.5 MB
[runlim] sample:		9939.4 time, 10182.6 real, 113.5 MB
[runlim] sample:		9949.4 time, 10192.6 real, 117.6 MB
[runlim] sample:		9959.4 time, 10202.6 real, 107.5 MB
[runlim] sample:		9969.4 time, 10212.6 real, 113.6 MB
[runlim] sample:		9979.4 time, 10222.6 real, 118.0 MB
[runlim] sample:		9989.4 time, 10232.6 real, 120.2 MB
[runlim] sample:		9999.4 time, 10242.6 real, 108.9 MB
[runlim] sample:		10009.4 time, 10252.6 real, 116.6 MB
[runlim] sample:		10019.4 time, 10262.6 real, 109.3 MB
[runlim] sample:		10029.4 time, 10272.6 real, 109.4 MB
[runlim] sample:		10039.4 time, 10282.6 real, 110.6 MB
[runlim] sample:		10049.4 time, 10292.6 real, 111.6 MB
[runlim] sample:		10059.4 time, 10302.6 real, 114.3 MB
[runlim] sample:		10069.4 time, 10312.6 real, 114.3 MB
[runlim] sample:		10079.4 time, 10322.6 real, 117.0 MB
[runlim] sample:		10089.4 time, 10332.6 real, 105.6 MB
[runlim] sample:		10099.4 time, 10342.6 real, 109.2 MB
[runlim] sample:		10109.4 time, 10352.6 real, 112.9 MB
[runlim] sample:		10119.4 time, 10362.6 real, 113.3 MB
[runlim] sample:		10129.4 time, 10372.6 real, 118.7 MB
[runlim] sample:		10139.4 time, 10382.6 real, 107.7 MB
[runlim] sample:		10149.4 time, 10392.6 real, 111.3 MB
[runlim] sample:		10159.4 time, 10402.6 real, 114.7 MB
[runlim] sample:		10169.4 time, 10412.6 real, 116.8 MB
[runlim] sample:		10179.4 time, 10422.6 real, 119.4 MB
[runlim] sample:		10189.4 time, 10432.6 real, 105.1 MB
[runlim] sample:		10199.4 time, 10442.6 real, 107.7 MB
[runlim] sample:		10209.4 time, 10452.6 real, 111.1 MB
[runlim] sample:		10219.4 time, 10462.6 real, 115.2 MB
[runlim] sample:		10229.4 time, 10472.6 real, 103.7 MB
[runlim] sample:		10239.4 time, 10482.6 real, 113.0 MB
[runlim] sample:		10249.4 time, 10492.6 real, 103.7 MB
[runlim] sample:		10259.4 time, 10502.6 real, 108.4 MB
[runlim] sample:		10269.4 time, 10512.6 real, 110.2 MB
[runlim] sample:		10279.4 time, 10522.6 real, 110.4 MB
[runlim] sample:		10289.4 time, 10532.6 real, 110.3 MB
[runlim] sample:		10299.4 time, 10542.6 real, 112.8 MB
[runlim] sample:		10309.4 time, 10552.6 real, 114.9 MB
[runlim] sample:		10319.4 time, 10562.6 real, 115.4 MB
[runlim] sample:		10329.3 time, 10572.6 real, 117.8 MB
[runlim] sample:		10339.4 time, 10582.6 real, 106.1 MB
[runlim] sample:		10349.3 time, 10592.6 real, 108.3 MB
[runlim] sample:		10359.3 time, 10602.6 real, 111.6 MB
[runlim] sample:		10369.3 time, 10612.6 real, 116.1 MB
[runlim] sample:		10379.3 time, 10622.6 real, 117.4 MB
[runlim] sample:		10389.3 time, 10632.6 real, 120.4 MB
[runlim] sample:		10399.3 time, 10642.6 real, 107.0 MB
[runlim] sample:		10409.3 time, 10652.6 real, 115.5 MB
[runlim] sample:		10419.3 time, 10662.6 real, 106.8 MB
[runlim] sample:		10429.3 time, 10672.6 real, 112.0 MB
[runlim] sample:		10439.3 time, 10682.6 real, 115.1 MB
[runlim] sample:		10449.3 time, 10692.6 real, 104.2 MB
[runlim] sample:		10459.3 time, 10702.6 real, 109.4 MB
[runlim] sample:		10469.3 time, 10712.6 real, 110.9 MB
[runlim] sample:		10479.3 time, 10722.6 real, 118.2 MB
[runlim] sample:		10489.3 time, 10732.6 real, 106.6 MB
[runlim] sample:		10499.3 time, 10742.6 real, 112.8 MB
[runlim] sample:		10509.3 time, 10752.6 real, 106.3 MB
[runlim] sample:		10519.3 time, 10762.6 real, 113.9 MB
[runlim] sample:		10529.3 time, 10772.6 real, 117.5 MB
[runlim] sample:		10539.3 time, 10782.6 real, 118.4 MB
[runlim] sample:		10549.3 time, 10792.6 real, 117.5 MB
[runlim] sample:		10559.3 time, 10802.6 real, 137.3 MB
[runlim] sample:		10569.3 time, 10812.6 real, 106.9 MB
[runlim] sample:		10579.3 time, 10822.6 real, 108.4 MB
[runlim] sample:		10589.3 time, 10832.6 real, 110.9 MB
[runlim] sample:		10599.3 time, 10842.6 real, 112.2 MB
[runlim] sample:		10609.3 time, 10852.6 real, 115.4 MB
[runlim] sample:		10619.3 time, 10862.6 real, 119.4 MB
[runlim] sample:		10629.3 time, 10872.6 real, 106.4 MB
[runlim] sample:		10639.3 time, 10882.6 real, 113.2 MB
[runlim] sample:		10649.3 time, 10892.6 real, 118.7 MB
[runlim] sample:		10659.3 time, 10902.6 real, 111.7 MB
[runlim] sample:		10669.3 time, 10912.6 real, 116.8 MB
[runlim] sample:		10679.3 time, 10922.6 real, 118.7 MB
[runlim] sample:		10689.3 time, 10932.6 real, 121.8 MB
[runlim] sample:		10699.3 time, 10942.6 real, 108.9 MB
[runlim] sample:		10709.3 time, 10952.6 real, 114.7 MB
[runlim] sample:		10719.3 time, 10962.6 real, 108.2 MB
[runlim] sample:		10729.3 time, 10972.6 real, 109.4 MB
[runlim] sample:		10739.3 time, 10982.6 real, 111.9 MB
[runlim] sample:		10749.3 time, 10992.6 real, 117.3 MB
[runlim] sample:		10759.3 time, 11002.6 real, 106.2 MB
[runlim] sample:		10769.3 time, 11012.6 real, 118.3 MB
[runlim] sample:		10779.3 time, 11022.6 real, 109.6 MB
[runlim] sample:		10789.3 time, 11032.6 real, 114.9 MB
[runlim] sample:		10799.3 time, 11042.6 real, 119.4 MB
[runlim] sample:		10809.3 time, 11052.6 real, 104.3 MB
[runlim] sample:		10819.3 time, 11062.6 real, 110.1 MB
[runlim] sample:		10829.3 time, 11072.6 real, 115.7 MB
[runlim] sample:		10839.3 time, 11082.6 real, 118.2 MB
[runlim] sample:		10849.3 time, 11092.6 real, 132.2 MB
[runlim] sample:		10859.3 time, 11102.6 real, 107.9 MB
[runlim] sample:		10869.3 time, 11112.6 real, 111.9 MB
[runlim] sample:		10879.3 time, 11122.6 real, 116.0 MB
[runlim] sample:		10889.3 time, 11132.6 real, 118.9 MB
[runlim] sample:		10899.3 time, 11142.6 real, 109.0 MB
[runlim] sample:		10909.3 time, 11152.6 real, 108.8 MB
[runlim] sample:		10919.3 time, 11162.6 real, 112.1 MB
[runlim] sample:		10929.3 time, 11172.6 real, 114.0 MB
[runlim] sample:		10939.2 time, 11182.6 real, 119.0 MB
[runlim] sample:		10949.3 time, 11192.6 real, 119.6 MB
[runlim] sample:		10959.3 time, 11202.6 real, 106.6 MB
[runlim] sample:		10969.3 time, 11212.6 real, 110.7 MB
[runlim] sample:		10979.2 time, 11222.6 real, 114.7 MB
[runlim] sample:		10989.2 time, 11232.6 real, 103.6 MB
[runlim] sample:		10999.2 time, 11242.6 real, 110.1 MB
[runlim] sample:		11009.2 time, 11252.6 real, 114.3 MB
[runlim] sample:		11019.2 time, 11262.6 real, 118.7 MB
[runlim] sample:		11029.2 time, 11272.6 real, 110.5 MB
[runlim] sample:		11039.2 time, 11282.6 real, 114.8 MB
[runlim] sample:		11049.2 time, 11292.6 real, 118.8 MB
[runlim] sample:		11059.2 time, 11302.6 real, 108.6 MB
[runlim] sample:		11069.2 time, 11312.6 real, 112.7 MB
[runlim] sample:		11079.2 time, 11322.6 real, 117.0 MB
[runlim] sample:		11089.2 time, 11332.6 real, 108.8 MB
[runlim] sample:		11099.2 time, 11342.6 real, 109.9 MB
[runlim] sample:		11109.2 time, 11352.6 real, 111.3 MB
[runlim] sample:		11119.2 time, 11362.6 real, 111.8 MB
[runlim] sample:		11129.2 time, 11372.6 real, 114.4 MB
[runlim] sample:		11139.2 time, 11382.6 real, 116.3 MB
[runlim] sample:		11149.2 time, 11392.6 real, 119.8 MB
[runlim] sample:		11159.2 time, 11402.6 real, 109.7 MB
[runlim] sample:		11169.2 time, 11412.6 real, 111.1 MB
[runlim] sample:		11179.2 time, 11422.6 real, 117.2 MB
[runlim] sample:		11189.2 time, 11432.6 real, 106.0 MB
[runlim] sample:		11199.2 time, 11442.6 real, 113.8 MB
[runlim] sample:		11209.2 time, 11452.6 real, 120.8 MB
[runlim] sample:		11219.2 time, 11462.6 real, 111.1 MB
[runlim] sample:		11229.2 time, 11472.6 real, 116.6 MB
[runlim] sample:		11239.2 time, 11482.6 real, 120.9 MB
[runlim] sample:		11249.1 time, 11492.6 real, 104.1 MB
[runlim] sample:		11259.1 time, 11502.6 real, 104.5 MB
[runlim] sample:		11269.1 time, 11512.6 real, 106.3 MB
[runlim] sample:		11279.0 time, 11522.6 real, 107.1 MB
[runlim] sample:		11289.0 time, 11532.6 real, 110.0 MB
[runlim] sample:		11299.0 time, 11542.6 real, 109.4 MB
[runlim] sample:		11309.0 time, 11552.6 real, 110.8 MB
[runlim] sample:		11319.0 time, 11562.6 real, 112.0 MB
[runlim] sample:		11329.0 time, 11572.6 real, 115.6 MB
[runlim] sample:		11339.0 time, 11582.6 real, 116.9 MB
[runlim] sample:		11349.0 time, 11592.6 real, 109.0 MB
[runlim] sample:		11359.0 time, 11602.6 real, 115.5 MB
[runlim] sample:		11369.0 time, 11612.6 real, 105.0 MB
[runlim] sample:		11379.0 time, 11622.6 real, 120.7 MB
[runlim] sample:		11389.0 time, 11632.6 real, 104.8 MB
[runlim] sample:		11399.0 time, 11642.6 real, 106.3 MB
[runlim] sample:		11409.0 time, 11652.6 real, 108.3 MB
[runlim] sample:		11419.0 time, 11662.6 real, 109.9 MB
[runlim] sample:		11429.0 time, 11672.6 real, 113.6 MB
[runlim] sample:		11439.0 time, 11682.6 real, 116.9 MB
[runlim] sample:		11449.0 time, 11692.6 real, 104.3 MB
[runlim] sample:		11459.0 time, 11702.6 real, 113.1 MB
[runlim] sample:		11469.0 time, 11712.6 real, 114.5 MB
[runlim] sample:		11479.0 time, 11722.6 real, 117.2 MB
[runlim] sample:		11489.0 time, 11732.6 real, 119.8 MB
[runlim] sample:		11499.0 time, 11742.6 real, 110.8 MB
[runlim] sample:		11509.0 time, 11752.6 real, 115.9 MB
[runlim] sample:		11519.0 time, 11762.6 real, 105.4 MB
[runlim] sample:		11529.0 time, 11772.6 real, 107.7 MB
[runlim] sample:		11539.0 time, 11782.6 real, 113.8 MB
[runlim] sample:		11549.0 time, 11792.6 real, 116.4 MB
[runlim] sample:		11559.0 time, 11802.6 real, 107.0 MB
[runlim] sample:		11569.0 time, 11812.6 real, 110.3 MB
[runlim] sample:		11579.0 time, 11822.6 real, 113.0 MB
[runlim] sample:		11589.0 time, 11832.6 real, 114.1 MB
[runlim] sample:		11599.0 time, 11842.6 real, 113.3 MB
[runlim] sample:		11609.0 time, 11852.6 real, 113.5 MB
[runlim] sample:		11619.0 time, 11862.6 real, 115.4 MB
[runlim] sample:		11629.0 time, 11872.6 real, 119.8 MB
[runlim] sample:		11639.0 time, 11882.6 real, 108.0 MB
[runlim] sample:		11649.0 time, 11892.6 real, 110.9 MB
[runlim] sample:		11659.0 time, 11902.6 real, 113.8 MB
[runlim] sample:		11668.9 time, 11912.6 real, 116.7 MB
[runlim] sample:		11678.9 time, 11922.6 real, 119.5 MB
[runlim] sample:		11688.9 time, 11932.6 real, 120.0 MB
[runlim] sample:		11698.9 time, 11942.6 real, 107.4 MB
[runlim] sample:		11708.9 time, 11952.6 real, 110.2 MB
[runlim] sample:		11718.9 time, 11962.6 real, 111.8 MB
[runlim] sample:		11728.9 time, 11972.6 real, 114.4 MB
[runlim] sample:		11738.9 time, 11982.6 real, 114.0 MB
[runlim] sample:		11748.9 time, 11992.6 real, 117.4 MB
[runlim] sample:		11758.9 time, 12002.6 real, 119.3 MB
[runlim] sample:		11768.9 time, 12012.6 real, 106.9 MB
[runlim] sample:		11778.9 time, 12022.6 real, 121.4 MB
[runlim] sample:		11788.9 time, 12032.6 real, 105.7 MB
[runlim] sample:		11798.9 time, 12042.6 real, 110.1 MB
[runlim] sample:		11808.9 time, 12052.6 real, 112.1 MB
[runlim] sample:		11818.9 time, 12062.6 real, 114.9 MB
[runlim] sample:		11828.9 time, 12072.6 real, 115.5 MB
[runlim] sample:		11838.9 time, 12082.6 real, 115.4 MB
[runlim] sample:		11848.9 time, 12092.6 real, 115.7 MB
[runlim] sample:		11858.9 time, 12102.6 real, 107.0 MB
[runlim] sample:		11868.9 time, 12112.6 real, 111.3 MB
[runlim] sample:		11878.9 time, 12122.6 real, 115.0 MB
[runlim] sample:		11888.9 time, 12132.6 real, 116.0 MB
[runlim] sample:		11898.9 time, 12142.6 real, 118.3 MB
[runlim] sample:		11908.9 time, 12152.6 real, 108.7 MB
[runlim] sample:		11918.9 time, 12162.6 real, 108.3 MB
[runlim] sample:		11928.9 time, 12172.6 real, 106.8 MB
[runlim] sample:		11938.9 time, 12182.6 real, 121.1 MB
[runlim] sample:		11948.9 time, 12192.6 real, 120.5 MB
[runlim] sample:		11958.9 time, 12202.6 real, 120.4 MB
[runlim] sample:		11968.9 time, 12212.6 real, 106.4 MB
[runlim] sample:		11978.9 time, 12222.6 real, 109.2 MB
[runlim] sample:		11988.9 time, 12232.6 real, 111.1 MB
[runlim] sample:		11998.9 time, 12242.6 real, 113.7 MB
[runlim] sample:		12008.9 time, 12252.6 real, 115.7 MB
[runlim] sample:		12018.9 time, 12262.6 real, 117.6 MB
[runlim] sample:		12028.9 time, 12272.6 real, 115.2 MB
[runlim] sample:		12038.9 time, 12282.6 real, 115.8 MB
[runlim] sample:		12048.9 time, 12292.6 real, 117.4 MB
[runlim] sample:		12058.9 time, 12302.6 real, 105.9 MB
[runlim] sample:		12068.9 time, 12312.6 real, 110.3 MB
[runlim] sample:		12078.9 time, 12322.6 real, 114.3 MB
[runlim] sample:		12088.9 time, 12332.6 real, 116.9 MB
[runlim] sample:		12098.9 time, 12342.6 real, 120.9 MB
[runlim] sample:		12108.9 time, 12352.6 real, 106.4 MB
[runlim] sample:		12118.9 time, 12362.6 real, 109.2 MB
[runlim] sample:		12128.9 time, 12372.6 real, 110.8 MB
[runlim] sample:		12138.9 time, 12382.6 real, 114.2 MB
[runlim] sample:		12148.9 time, 12392.6 real, 105.0 MB
[runlim] sample:		12158.9 time, 12402.6 real, 108.2 MB
[runlim] sample:		12168.8 time, 12412.6 real, 111.0 MB
[runlim] sample:		12178.8 time, 12422.6 real, 113.6 MB
[runlim] sample:		12188.8 time, 12432.6 real, 116.6 MB
[runlim] sample:		12198.9 time, 12442.6 real, 106.1 MB
[runlim] sample:		12208.8 time, 12452.6 real, 111.1 MB
[runlim] sample:		12218.8 time, 12462.6 real, 116.6 MB
[runlim] sample:		12228.8 time, 12472.6 real, 119.6 MB
[runlim] sample:		12238.8 time, 12482.6 real, 119.4 MB
[runlim] sample:		12248.8 time, 12492.6 real, 120.5 MB
[runlim] sample:		12258.8 time, 12502.6 real, 106.0 MB
[runlim] sample:		12268.8 time, 12512.6 real, 111.2 MB
[runlim] sample:		12278.8 time, 12522.6 real, 116.4 MB
[runlim] sample:		12288.8 time, 12532.6 real, 118.7 MB
[runlim] sample:		12298.8 time, 12542.6 real, 105.7 MB
[runlim] sample:		12308.8 time, 12552.6 real, 109.1 MB
[runlim] sample:		12318.8 time, 12562.6 real, 110.1 MB
[runlim] sample:		12328.8 time, 12572.6 real, 114.5 MB
[runlim] sample:		12338.8 time, 12582.6 real, 111.5 MB
[runlim] sample:		12348.8 time, 12592.6 real, 110.5 MB
[runlim] sample:		12358.8 time, 12602.6 real, 112.3 MB
[runlim] sample:		12368.8 time, 12612.6 real, 114.1 MB
[runlim] sample:		12378.8 time, 12622.6 real, 116.6 MB
[runlim] sample:		12388.8 time, 12632.6 real, 106.3 MB
[runlim] sample:		12398.8 time, 12642.6 real, 107.8 MB
[runlim] sample:		12408.8 time, 12652.6 real, 108.1 MB
[runlim] sample:		12418.8 time, 12662.6 real, 110.4 MB
[runlim] sample:		12428.8 time, 12672.6 real, 115.1 MB
[runlim] sample:		12438.8 time, 12682.6 real, 118.7 MB
[runlim] sample:		12448.8 time, 12692.6 real, 107.2 MB
[runlim] sample:		12458.8 time, 12702.6 real, 111.1 MB
[runlim] sample:		12468.8 time, 12712.6 real, 117.2 MB
[runlim] sample:		12478.8 time, 12722.6 real, 118.6 MB
[runlim] sample:		12488.8 time, 12732.6 real, 117.3 MB
[runlim] sample:		12498.8 time, 12742.6 real, 106.3 MB
[runlim] sample:		12508.8 time, 12752.6 real, 108.2 MB
[runlim] sample:		12518.8 time, 12762.6 real, 108.0 MB
[runlim] sample:		12528.8 time, 12772.6 real, 106.7 MB
[runlim] sample:		12538.8 time, 12782.6 real, 106.8 MB
[runlim] sample:		12548.8 time, 12792.6 real, 108.3 MB
[runlim] sample:		12558.8 time, 12802.6 real, 109.8 MB
[runlim] sample:		12568.8 time, 12812.6 real, 111.9 MB
[runlim] sample:		12578.8 time, 12822.6 real, 115.5 MB
[runlim] sample:		12588.8 time, 12832.6 real, 115.6 MB
[runlim] sample:		12598.8 time, 12842.6 real, 118.7 MB
[runlim] sample:		12608.8 time, 12852.6 real, 104.9 MB
[runlim] sample:		12618.8 time, 12862.6 real, 107.6 MB
[runlim] sample:		12628.8 time, 12872.6 real, 111.6 MB
[runlim] sample:		12638.8 time, 12882.6 real, 114.2 MB
[runlim] sample:		12648.8 time, 12892.6 real, 114.5 MB
[runlim] sample:		12658.8 time, 12902.6 real, 119.1 MB
[runlim] sample:		12668.8 time, 12912.6 real, 104.4 MB
[runlim] sample:		12678.8 time, 12922.6 real, 105.0 MB
[runlim] sample:		12688.8 time, 12932.6 real, 110.0 MB
[runlim] sample:		12698.8 time, 12942.6 real, 113.7 MB
[runlim] sample:		12708.8 time, 12952.6 real, 103.9 MB
[runlim] sample:		12718.8 time, 12962.6 real, 112.4 MB
[runlim] sample:		12728.8 time, 12972.6 real, 118.8 MB
[runlim] sample:		12738.8 time, 12982.6 real, 105.7 MB
[runlim] sample:		12748.8 time, 12992.6 real, 111.9 MB
[runlim] sample:		12758.8 time, 13002.6 real, 113.6 MB
[runlim] sample:		12768.8 time, 13012.6 real, 111.1 MB
[runlim] sample:		12778.8 time, 13022.6 real, 110.8 MB
[runlim] sample:		12788.8 time, 13032.6 real, 116.1 MB
[runlim] sample:		12798.8 time, 13042.6 real, 115.5 MB
[runlim] sample:		12808.8 time, 13052.6 real, 115.2 MB
[runlim] sample:		12818.8 time, 13062.6 real, 116.0 MB
[runlim] sample:		12828.8 time, 13072.6 real, 117.4 MB
[runlim] sample:		12838.8 time, 13082.6 real, 116.6 MB
[runlim] sample:		12848.8 time, 13092.6 real, 118.8 MB
[runlim] sample:		12858.8 time, 13102.6 real, 107.9 MB
[runlim] sample:		12868.8 time, 13112.6 real, 111.5 MB
[runlim] sample:		12878.8 time, 13122.6 real, 114.2 MB
[runlim] sample:		12888.8 time, 13132.6 real, 115.6 MB
[runlim] sample:		12898.8 time, 13142.6 real, 115.4 MB
[runlim] sample:		12908.8 time, 13152.6 real, 119.8 MB
[runlim] sample:		12918.8 time, 13162.6 real, 105.7 MB
[runlim] sample:		12928.8 time, 13172.6 real, 108.9 MB
[runlim] sample:		12938.8 time, 13182.6 real, 114.4 MB
[runlim] sample:		12948.8 time, 13192.6 real, 118.5 MB
[runlim] sample:		12958.8 time, 13202.6 real, 120.1 MB
[runlim] sample:		12968.8 time, 13212.6 real, 121.5 MB
[runlim] sample:		12978.8 time, 13222.6 real, 108.9 MB
[runlim] sample:		12988.7 time, 13232.6 real, 109.7 MB
[runlim] sample:		12998.7 time, 13242.6 real, 109.5 MB
[runlim] sample:		13008.7 time, 13252.6 real, 112.4 MB
[runlim] sample:		13018.7 time, 13262.6 real, 115.6 MB
[runlim] sample:		13028.7 time, 13272.6 real, 116.2 MB
[runlim] sample:		13038.7 time, 13282.6 real, 116.4 MB
[runlim] sample:		13048.7 time, 13292.6 real, 116.3 MB
[runlim] sample:		13058.7 time, 13302.6 real, 106.2 MB
[runlim] sample:		13068.7 time, 13312.6 real, 110.6 MB
[runlim] sample:		13078.7 time, 13322.6 real, 114.5 MB
[runlim] sample:		13088.7 time, 13332.6 real, 116.6 MB
[runlim] sample:		13098.7 time, 13342.6 real, 117.2 MB
[runlim] sample:		13108.7 time, 13352.6 real, 117.4 MB
[runlim] sample:		13118.7 time, 13362.6 real, 117.9 MB
[runlim] sample:		13128.7 time, 13372.6 real, 116.0 MB
[runlim] sample:		13138.7 time, 13382.6 real, 118.9 MB
[runlim] sample:		13148.7 time, 13392.6 real, 105.4 MB
[runlim] sample:		13158.7 time, 13402.6 real, 108.2 MB
[runlim] sample:		13168.7 time, 13412.6 real, 109.5 MB
[runlim] sample:		13178.7 time, 13422.6 real, 112.1 MB
[runlim] sample:		13188.7 time, 13432.6 real, 115.1 MB
[runlim] sample:		13198.7 time, 13442.6 real, 118.9 MB
[runlim] sample:		13208.7 time, 13452.6 real, 119.3 MB
[runlim] sample:		13218.7 time, 13462.6 real, 120.5 MB
[runlim] sample:		13228.7 time, 13472.6 real, 109.1 MB
[runlim] sample:		13238.7 time, 13482.6 real, 113.5 MB
[runlim] sample:		13248.7 time, 13492.6 real, 114.1 MB
[runlim] sample:		13258.7 time, 13502.6 real, 115.3 MB
[runlim] sample:		13268.7 time, 13512.6 real, 118.6 MB
[runlim] sample:		13278.7 time, 13522.6 real, 119.9 MB
[runlim] sample:		13288.7 time, 13532.6 real, 119.2 MB
[runlim] sample:		13298.7 time, 13542.6 real, 119.8 MB
[runlim] sample:		13308.7 time, 13552.6 real, 108.6 MB
[runlim] sample:		13318.7 time, 13562.6 real, 113.2 MB
[runlim] sample:		13328.7 time, 13572.6 real, 117.2 MB
[runlim] sample:		13338.6 time, 13582.6 real, 103.9 MB
[runlim] sample:		13348.6 time, 13592.6 real, 105.2 MB
[runlim] sample:		13358.6 time, 13602.6 real, 119.7 MB
[runlim] sample:		13368.6 time, 13612.6 real, 116.2 MB
[runlim] sample:		13378.6 time, 13622.6 real, 105.5 MB
[runlim] sample:		13388.6 time, 13632.6 real, 107.1 MB
[runlim] sample:		13398.6 time, 13642.6 real, 108.3 MB
[runlim] sample:		13408.6 time, 13652.6 real, 108.7 MB
[runlim] sample:		13418.6 time, 13662.6 real, 109.6 MB
[runlim] sample:		13428.6 time, 13672.6 real, 110.3 MB
[runlim] sample:		13438.6 time, 13682.6 real, 111.0 MB
[runlim] sample:		13448.6 time, 13692.6 real, 113.1 MB
[runlim] sample:		13458.6 time, 13702.6 real, 115.4 MB
[runlim] sample:		13468.6 time, 13712.6 real, 117.2 MB
[runlim] sample:		13478.6 time, 13722.6 real, 118.2 MB
[runlim] sample:		13488.6 time, 13732.6 real, 119.0 MB
[runlim] sample:		13498.6 time, 13742.6 real, 106.3 MB
[runlim] sample:		13508.6 time, 13752.6 real, 111.0 MB
[runlim] sample:		13518.6 time, 13762.6 real, 113.9 MB
[runlim] sample:		13528.6 time, 13772.6 real, 117.4 MB
[runlim] sample:		13538.6 time, 13782.6 real, 106.3 MB
[runlim] sample:		13548.6 time, 13792.6 real, 106.3 MB
[runlim] sample:		13558.6 time, 13802.6 real, 105.4 MB
[runlim] sample:		13568.6 time, 13812.6 real, 105.9 MB
[runlim] sample:		13578.5 time, 13822.6 real, 120.4 MB
[runlim] sample:		13588.5 time, 13832.6 real, 121.2 MB
[runlim] sample:		13598.5 time, 13842.6 real, 106.6 MB
[runlim] sample:		13608.5 time, 13852.6 real, 112.4 MB
[runlim] sample:		13618.5 time, 13862.6 real, 117.1 MB
[runlim] sample:		13628.5 time, 13872.6 real, 117.3 MB
[runlim] sample:		13638.4 time, 13882.6 real, 119.8 MB
[runlim] sample:		13648.4 time, 13892.6 real, 105.5 MB
[runlim] sample:		13658.4 time, 13902.6 real, 108.8 MB
[runlim] sample:		13668.4 time, 13912.6 real, 113.1 MB
[runlim] sample:		13678.4 time, 13922.6 real, 115.8 MB
[runlim] sample:		13688.4 time, 13932.6 real, 115.6 MB
[runlim] sample:		13698.4 time, 13942.6 real, 115.5 MB
[runlim] sample:		13708.4 time, 13952.6 real, 114.4 MB
[runlim] sample:		13718.4 time, 13962.6 real, 114.9 MB
[runlim] sample:		13728.4 time, 13972.6 real, 116.1 MB
[runlim] sample:		13738.4 time, 13982.6 real, 118.7 MB
[runlim] sample:		13748.4 time, 13992.6 real, 119.4 MB
[runlim] sample:		13758.4 time, 14002.6 real, 106.3 MB
[runlim] sample:		13768.4 time, 14012.6 real, 111.5 MB
[runlim] sample:		13778.4 time, 14022.6 real, 112.2 MB
[runlim] sample:		13788.4 time, 14032.6 real, 112.9 MB
[runlim] sample:		13798.4 time, 14042.6 real, 116.8 MB
[runlim] sample:		13808.4 time, 14052.6 real, 118.5 MB
[runlim] sample:		13818.4 time, 14062.6 real, 132.9 MB
[runlim] sample:		13828.4 time, 14072.6 real, 121.4 MB
[runlim] sample:		13838.4 time, 14082.6 real, 108.2 MB
[runlim] sample:		13848.4 time, 14092.6 real, 113.4 MB
[runlim] sample:		13858.4 time, 14102.6 real, 117.9 MB
[runlim] sample:		13868.4 time, 14112.6 real, 119.3 MB
[runlim] sample:		13878.4 time, 14122.6 real, 106.8 MB
[runlim] sample:		13888.4 time, 14132.6 real, 114.6 MB
[runlim] sample:		13898.4 time, 14142.6 real, 115.7 MB
[runlim] sample:		13908.4 time, 14152.6 real, 114.4 MB
[runlim] sample:		13918.4 time, 14162.6 real, 117.0 MB
[runlim] sample:		13928.4 time, 14172.6 real, 110.3 MB
[runlim] sample:		13938.4 time, 14182.6 real, 119.7 MB
[runlim] sample:		13948.4 time, 14192.6 real, 111.0 MB
[runlim] sample:		13958.4 time, 14202.6 real, 111.7 MB
[runlim] sample:		13968.4 time, 14212.6 real, 107.8 MB
[runlim] sample:		13978.4 time, 14222.6 real, 105.9 MB
[runlim] sample:		13988.4 time, 14232.6 real, 120.9 MB
[runlim] sample:		13998.4 time, 14242.6 real, 109.1 MB
[runlim] sample:		14008.4 time, 14252.6 real, 107.3 MB
[runlim] sample:		14018.4 time, 14262.6 real, 106.8 MB
[runlim] sample:		14028.4 time, 14272.6 real, 106.4 MB
[runlim] sample:		14038.4 time, 14282.6 real, 104.8 MB
[runlim] sample:		14048.4 time, 14292.6 real, 107.3 MB
[runlim] sample:		14058.4 time, 14302.6 real, 108.0 MB
[runlim] sample:		14068.4 time, 14312.6 real, 107.2 MB
[runlim] sample:		14078.3 time, 14322.6 real, 106.5 MB
[runlim] sample:		14088.3 time, 14332.6 real, 106.1 MB
[runlim] sample:		14098.3 time, 14342.6 real, 105.7 MB
[runlim] sample:		14108.3 time, 14352.6 real, 117.4 MB
[runlim] sample:		14118.3 time, 14362.6 real, 114.1 MB
[runlim] sample:		14128.3 time, 14372.6 real, 114.7 MB
[runlim] sample:		14138.3 time, 14382.6 real, 115.3 MB
[runlim] sample:		14148.3 time, 14392.6 real, 114.3 MB
[runlim] end:			Sun Jul 12 20:47:44 2020
[runlim] status:		out of time
[runlim] result:		2
[runlim] children:		0
[runlim] real:			14400.09 seconds
[runlim] time:			14155.82 seconds
[runlim] space:			149.7 MB
[runlim] samples:		141775
