** CON **
[runlim] version:		1.10
[runlim] time limit:		311040000 seconds
[runlim] real time limit:	300 seconds
[runlim] space limit:		2048 MB
[runlim] argv[0]:		approxmc
[runlim] argv[1]:		--sparse
[runlim] argv[2]:		1
[runlim] argv[3]:		-s
[runlim] argv[4]:		03
[runlim] argv[5]:		/experiments/results/bwd_loop2-2.c/03/counterSharp/con.dimacs
[runlim] start:			Fri Oct 30 12:57:21 2020
[runlim] main pid:		1936
ERROR! Could not open file '/experiments/results/bwd_loop2-2.c/03/counterSharp/con.dimacs' for reading: No such file or directory
[runlim] end:			Fri Oct 30 12:57:21 2020
[runlim] status:		ok
[runlim] result:		0
[runlim] children:		0
[runlim] real:			0.82 seconds
[runlim] time:			0.00 seconds
[runlim] space:			0.0 MB
[runlim] samples:		0
** AMM **
[runlim] version:		1.10
[runlim] time limit:		311040000 seconds
[runlim] real time limit:	300 seconds
[runlim] space limit:		2048 MB
[runlim] argv[0]:		approxmc
[runlim] argv[1]:		--sparse
[runlim] argv[2]:		1
[runlim] argv[3]:		-s
[runlim] argv[4]:		03
[runlim] argv[5]:		/experiments/results/bwd_loop2-2.c/03/counterSharp/amm.dimacs
[runlim] start:			Fri Oct 30 12:57:21 2020
[runlim] main pid:		1938
[runlim] end:			Fri Oct 30 12:57:22 2020
[runlim] status:		ok
[runlim] result:		0
[runlim] children:		0
[runlim] real:			1.29 seconds
[runlim] time:			0.38 seconds
[runlim] space:			12.6 MB
[runlim] samples:		4
** AMH **
[runlim] version:		1.10
[runlim] time limit:		311040000 seconds
[runlim] real time limit:	300 seconds
[runlim] space limit:		2048 MB
[runlim] argv[0]:		approxmc
[runlim] argv[1]:		--sparse
[runlim] argv[2]:		1
[runlim] argv[3]:		-s
[runlim] argv[4]:		03
[runlim] argv[5]:		/experiments/results/bwd_loop2-2.c/03/counterSharp/amh.dimacs
[runlim] start:			Fri Oct 30 12:57:22 2020
[runlim] main pid:		1940
[runlim] end:			Fri Oct 30 12:57:22 2020
[runlim] status:		ok
[runlim] result:		0
[runlim] children:		0
[runlim] real:			0.57 seconds
[runlim] time:			0.19 seconds
[runlim] space:			11.5 MB
[runlim] samples:		2
** ASM **
[runlim] version:		1.10
[runlim] time limit:		311040000 seconds
[runlim] real time limit:	300 seconds
[runlim] space limit:		2048 MB
[runlim] argv[0]:		approxmc
[runlim] argv[1]:		--sparse
[runlim] argv[2]:		1
[runlim] argv[3]:		-s
[runlim] argv[4]:		03
[runlim] argv[5]:		/experiments/results/bwd_loop2-2.c/03/counterSharp/asm.dimacs
[runlim] start:			Fri Oct 30 12:57:22 2020
[runlim] main pid:		1942
[runlim] end:			Fri Oct 30 12:57:25 2020
[runlim] status:		ok
[runlim] result:		0
[runlim] children:		0
[runlim] real:			3.15 seconds
[runlim] time:			2.49 seconds
[runlim] space:			16.4 MB
[runlim] samples:		25
** ASH **
[runlim] version:		1.10
[runlim] time limit:		311040000 seconds
[runlim] real time limit:	300 seconds
[runlim] space limit:		2048 MB
[runlim] argv[0]:		approxmc
[runlim] argv[1]:		--sparse
[runlim] argv[2]:		1
[runlim] argv[3]:		-s
[runlim] argv[4]:		03
[runlim] argv[5]:		/experiments/results/bwd_loop2-2.c/03/counterSharp/ash.dimacs
[runlim] start:			Fri Oct 30 12:57:25 2020
[runlim] main pid:		1944
approxmc: /approxmc/src/counter.cpp:447: ApproxMC::SolCount Counter::count(): Assertion `numHashList.size() > 0 && "UNSAT should not be possible"' failed.
[runlim] end:			Fri Oct 30 12:57:26 2020
[runlim] status:		signal(6)
[runlim] result:		11
[runlim] children:		0
[runlim] real:			1.63 seconds
[runlim] time:			1.38 seconds
[runlim] space:			14.2 MB
[runlim] samples:		14
