** CON **
c ApproxMC SHA revision efa1667e4e09b2d5f2c61042efe377ce3107fdd3
c ApproxMC version 4.0.1
c ApproxMC compilation env CMAKE_CXX_COMPILER = /usr/bin/c++ | CMAKE_CXX_FLAGS =  -Wall -Wextra -Wunused -Wsign-compare -fno-omit-frame-pointer -Wtype-limits -Wuninitialized -Wno-deprecated -Wstrict-aliasing -Wpointer-arith -fvisibility=hidden -Wpointer-arith -Wformat-nonliteral -Winit-self -Wparentheses -Wunreachable-code -g -fvisibility=hidden -Wlogical-op -Wrestrict -Wnull-dereference -Wdouble-promotion -Wshadow -Wformat=2 -Wextra-semi -pedantic | COMPILE_DEFINES =  -DBOOST_TEST_DYN_LINK | STATICCOMPILE = OFF | Boost_FOUND = TRUE | ZLIB_FOUND = TRUE | VALGRIND_FOUND =  | GMP_FOUND = TRUE | ENABLE_ASSERTIONS = ON | MY_TARGETS =  | compilation date time = Aug  8 2022 16:18:18
c ApproxMC compiled with gcc version 9.4.0
c CryptoMiniSat version 5.11.0
c CMS Copyright (C) 2009-2020 Authors of CryptoMiniSat, see AUTHORS file
c CMS SHA revision 716b89be078f98fb615cf30a1f663b4903c08d9d
c CMS is MIT licensed
c Using VMTF code by Armin Biere from CaDiCaL
c Using Yalsat by Armin Biere, see Balint et al. Improving implementation of SLS solvers [...], SAT'14
c Using WalkSAT by Henry Kautz, see Kautz and Selman Pushing the envelope: planning, propositional logic, and stochastic search, AAAI'96,
c Using code from 'When Boolean Satisfiability Meets Gauss-E. in a Simplex Way'
c       by C.-S. Han and J.-H. Roland Jiang in CAV 2012. Fixes by M. Soos
c Using CCAnr from 'CCAnr: A Conf. Checking Based Local Search Solver [...]'
c       by Shaowei Cai, Chuan Luo, and Kaile Su, SAT 2015
c CMS compilation env CMAKE_CXX_COMPILER = /usr/bin/c++ | CMAKE_CXX_FLAGS =  -fvisibility=hidden -Wall -Wextra -Wunused -Wsign-compare -fno-omit-frame-pointer -Wtype-limits -Wuninitialized -Wno-deprecated -Wstrict-aliasing -Wpointer-arith -Wpointer-arith -Wformat-nonliteral -Winit-self -Wparentheses -Wunreachable-code -g -Wno-class-memaccess -mpopcnt -msse4.2 -ggdb3 -Wlogical-op -Wrestrict -Wnull-dereference -Wdouble-promotion -Wshadow -Wformat=2 -Wextra-semi -pedantic | COMPILE_DEFINES =  -DRDB0_ONLY_FEATURES -DBOOST_TEST_DYN_LINK -DUSE_ZLIB -DYALSAT_FPU | STATICCOMPILE = OFF | ONLY_SIMPLE = OFF | Boost_FOUND = TRUE | STATS = OFF | SQLITE3_FOUND = FALSE | ZLIB_FOUND = TRUE | VALGRIND_FOUND =  | ENABLE_TESTING = OFF | M4RI_FOUND =  | NOM4RI = ON | SLOW_DEBUG = OFF | ENABLE_ASSERTIONS = ON | PYTHON_EXECUTABLE =  | PYTHON_LIBRARY =  | PYTHON_INCLUDE_DIRS =  | MY_TARGETS =  | LARGEMEM = OFF | LIMITMEM = OFF | BREAKID_LIBRARIES =  | BREAKID-VER = . | BOSPHORUS_LIBRARIES =  | BOSPH-VER = . | compilation date time = Aug  8 2022 16:16:45
c CMS compiled with gcc version 9.4.0
c executed with command line: approxmc -s 05 /experiments/results/overflow.c/05/counterSharp/con.dimacs
c Arjun SHA revision 416b100492d00bc51dbe98963e981906ddb47d83
** AMM **
c ApproxMC SHA revision efa1667e4e09b2d5f2c61042efe377ce3107fdd3
c ApproxMC version 4.0.1
c ApproxMC compilation env CMAKE_CXX_COMPILER = /usr/bin/c++ | CMAKE_CXX_FLAGS =  -Wall -Wextra -Wunused -Wsign-compare -fno-omit-frame-pointer -Wtype-limits -Wuninitialized -Wno-deprecated -Wstrict-aliasing -Wpointer-arith -fvisibility=hidden -Wpointer-arith -Wformat-nonliteral -Winit-self -Wparentheses -Wunreachable-code -g -fvisibility=hidden -Wlogical-op -Wrestrict -Wnull-dereference -Wdouble-promotion -Wshadow -Wformat=2 -Wextra-semi -pedantic | COMPILE_DEFINES =  -DBOOST_TEST_DYN_LINK | STATICCOMPILE = OFF | Boost_FOUND = TRUE | ZLIB_FOUND = TRUE | VALGRIND_FOUND =  | GMP_FOUND = TRUE | ENABLE_ASSERTIONS = ON | MY_TARGETS =  | compilation date time = Aug  8 2022 16:18:18
c ApproxMC compiled with gcc version 9.4.0
c CryptoMiniSat version 5.11.0
c CMS Copyright (C) 2009-2020 Authors of CryptoMiniSat, see AUTHORS file
c CMS SHA revision 716b89be078f98fb615cf30a1f663b4903c08d9d
c CMS is MIT licensed
c Using VMTF code by Armin Biere from CaDiCaL
c Using Yalsat by Armin Biere, see Balint et al. Improving implementation of SLS solvers [...], SAT'14
c Using WalkSAT by Henry Kautz, see Kautz and Selman Pushing the envelope: planning, propositional logic, and stochastic search, AAAI'96,
c Using code from 'When Boolean Satisfiability Meets Gauss-E. in a Simplex Way'
c       by C.-S. Han and J.-H. Roland Jiang in CAV 2012. Fixes by M. Soos
c Using CCAnr from 'CCAnr: A Conf. Checking Based Local Search Solver [...]'
c       by Shaowei Cai, Chuan Luo, and Kaile Su, SAT 2015
c CMS compilation env CMAKE_CXX_COMPILER = /usr/bin/c++ | CMAKE_CXX_FLAGS =  -fvisibility=hidden -Wall -Wextra -Wunused -Wsign-compare -fno-omit-frame-pointer -Wtype-limits -Wuninitialized -Wno-deprecated -Wstrict-aliasing -Wpointer-arith -Wpointer-arith -Wformat-nonliteral -Winit-self -Wparentheses -Wunreachable-code -g -Wno-class-memaccess -mpopcnt -msse4.2 -ggdb3 -Wlogical-op -Wrestrict -Wnull-dereference -Wdouble-promotion -Wshadow -Wformat=2 -Wextra-semi -pedantic | COMPILE_DEFINES =  -DRDB0_ONLY_FEATURES -DBOOST_TEST_DYN_LINK -DUSE_ZLIB -DYALSAT_FPU | STATICCOMPILE = OFF | ONLY_SIMPLE = OFF | Boost_FOUND = TRUE | STATS = OFF | SQLITE3_FOUND = FALSE | ZLIB_FOUND = TRUE | VALGRIND_FOUND =  | ENABLE_TESTING = OFF | M4RI_FOUND =  | NOM4RI = ON | SLOW_DEBUG = OFF | ENABLE_ASSERTIONS = ON | PYTHON_EXECUTABLE =  | PYTHON_LIBRARY =  | PYTHON_INCLUDE_DIRS =  | MY_TARGETS =  | LARGEMEM = OFF | LIMITMEM = OFF | BREAKID_LIBRARIES =  | BREAKID-VER = . | BOSPHORUS_LIBRARIES =  | BOSPH-VER = . | compilation date time = Aug  8 2022 16:16:45
c CMS compiled with gcc version 9.4.0
c executed with command line: approxmc -s 05 /experiments/results/overflow.c/05/counterSharp/amm.dimacs
c Arjun SHA revision 416b100492d00bc51dbe98963e981906ddb47d83
c -- header says num vars:            244
c -- header says num clauses:         569
c WARNING: Empty line at line number 587 -- this is not part of the DIMACS specifications (http://www.satcompetition.org/2009/format-benchmarks2009.html). Ignoring.
c -- clauses added: 569
c -- xor clauses added: 0
c -- vars added 244
c Original sampling vars: 6 7 8 9 10 11 12 13 14 15 16 17 18 19 20 21 22 23 24 25 26 27 28 29 30 31 32 33 34 35 36 37 
c [appmc] Orig sampling vars size: 32
c --> Executing OCC strategy token(s): 'occ-xor,'
c [occ] mem usage for occur      0 MB
c [occ] Linked in IRRED BIN by default: 298
c [occ] Linked in RED   BIN by default: 0
c [occ] mem usage for occur      0 MB
c Mem for watch alloc      : 0           MB (0.26      %)
c Mem for watch array      : 0           MB (0.20      %)
c --> Executing OCC strategy token: occ-xor
c [occ-xor] sort occur list T: 0.00
c [xor-clean-equiv] removed equivalent xors: 0 left with: 5
c [occ-xor] found      5 avg sz 3.0 min sz  3 max sz  3 T: 0.00 T-out: N T-r: 100.00%
c [occ] mem usage for occur      0 MB
c [occ] Linked in IRRED BIN by default: 298
c [occ] Linked in RED   BIN by default: 0
c [occ] mem usage for occur      0 MB
c Mem for watch alloc      : 0           MB (0.26      %)
c Mem for watch array      : 0           MB (0.20      %)
c [occ-gates] found:     4 avg-s: 2.0 T: 0.00 T-out: N T-r: 99.97%
c [occ] mem usage for occur      0 MB
c [occ] Linked in IRRED BIN by default: 298
c [occ] Linked in RED   BIN by default: 0
c [occ] mem usage for occur      0 MB
c Mem for watch alloc      : 0           MB (0.26      %)
c Mem for watch array      : 0           MB (0.20      %)
c [arjun-simp] GATE-based Potential was: 0 Non-zero OCCs were: 0 removed: 0 perc: 0.00 T: 0.00
c [occ] mem usage for occur      0 MB
c [occ] Linked in IRRED BIN by default: 298
c [occ] Linked in RED   BIN by default: 0
c [occ] mem usage for occur      0 MB
c Mem for watch alloc      : 0           MB (0.26      %)
c Mem for watch array      : 0           MB (0.20      %)
c [gate-definable] no-cls-match-filt: 0 pico ran: 32 unsat: 0 0-occ: 0 too-many-occ: 0 empty-res: 0
c [arjun-simp] IRREG-GATE-based removed: 0 perc: 0.00 T: 0.00
c [occ] mem usage for occur      0 MB
c [occ] Linked in IRRED BIN by default: 298
c [occ] Linked in RED   BIN by default: 0
c [occ] mem usage for occur      0 MB
c Mem for watch alloc      : 0           MB (0.26      %)
c Mem for watch array      : 0           MB (0.20      %)
c [cms-equiv-sub] equiv_subformula: 0 empty_occ: 0 T: 0.00
c [arjun-simp] equiv-subform removed: 0 perc: 0.00 total equiv_subform now: 0 T: 0.00
c [arjun-simp] CMS::simplify() with no BVE, intree probe...
c [arjun-simp] CMS::simplify() with no BVE finished. T: 0.00
c [arjun-simp] Removed eq lits: 0 new size: 32
c [arjun-simp] Removed set       : 1 new size: 31
c [arjun-simp] Removed set       : 0 new size: 31
c [arjun-simp] Removed eq lits: 0 new size: 31
c [arjun-simp] probe removed: 0 perc: 0.00 T: 0.00
c [occ] mem usage for occur      0 MB
c [occ] Linked in IRRED BIN by default: 176
c [occ] Linked in RED   BIN by default: 0
c [occ] mem usage for occur      0 MB
c Mem for watch alloc      : 0           MB (0.34      %)
c Mem for watch array      : 0           MB (0.19      %)
c [cms-equiv-sub] equiv_subformula: 0 empty_occ: 0 T: 0.00
c [arjun-simp] equiv-subform removed: 0 perc: 0.00 total equiv_subform now: 0 T: 0.00
c [arjun-simp] IRREG-GATE-based removed: 0 perc: 0.00 T: 0.00
c [arjun] simplification finished  removed: 1 perc: 3.12 T: 0.00
c [arjun] Duplicating CNF...
c [arjun] Duplicated CNF. T: 0.00
c [arjun] CMS::simplify() with *only* BVE...
c [arjun] CMS::simplify() with *only* BVE finished. T: 0.00
c [arjun] Adding fixed clauses time: 0.00
c [arjun] Start unknown size: 31
c [arjun] backward round finished T: -0.00
c [arjun] get_indep_set finished T: 0.01
c ind 211 181 210 209 208 207 206 205 204 203 202 201 200 199 198 197 196 195 194 193 192 191 190 189 188 187 186 185 184 183 182 0
c [arjun] final set size:           31 percent of original: 96.8750 %
c [arjun] of which empty occs:       0 percent of original: 0.0000 %
c [appmc] Sampling set size: 31
c [appmc] Sampling set: 181, 182, 183, 184, 185, 186, 187, 188, 189, 190, 191, 192, 193, 194, 195, 196, 197, 198, 199, 200, 201, 202, 203, 204, 205, 206, 207, 208, 209, 210, 211, 
c [appmc] threshold set to 72 sparse: 0
c [appmc] Starting up, initial measurement
c [appmc] Checking if there are at least threshold+1 solutions...
c [appmc] simplifying
c [appmc] [    0.00 ] bounded_sol_count looking for   73 solutions -- hashes active: 0
c [appmc] repeat solutions:      0 checked:      0 out of:      0
c [appmc] Starting at hash count: 1
c [appmc] [    0.00 ] round:  0 hashes:      1
c [appmc] [    0.00 ] bounded_sol_count looking for   73 solutions -- hashes active: 1
c [appmc] repeat solutions:     36 checked:     73 out of:     73
c [appmc] [    0.00 ] round:  0 hashes:      2
c [appmc] [    0.00 ] bounded_sol_count looking for   73 solutions -- hashes active: 2
c [appmc] repeat solutions:     36 checked:    110 out of:    110
c [appmc] [    0.00 ] round:  0 hashes:      4
c [appmc] [    0.00 ] bounded_sol_count looking for   73 solutions -- hashes active: 4
c [appmc] repeat solutions:     20 checked:    147 out of:    147
c [appmc] [    0.01 ] round:  0 hashes:      8
c [appmc] [    0.01 ] bounded_sol_count looking for   73 solutions -- hashes active: 8
c [appmc] repeat solutions:      5 checked:    200 out of:    200
c [appmc] [    0.01 ] round:  0 hashes:     16
c [appmc] [    0.01 ] bounded_sol_count looking for   73 solutions -- hashes active: 16
c [appmc] repeat solutions:      0 checked:    268 out of:    268
c [appmc] [    0.01 ] round:  0 hashes:     23
c [appmc] [    0.01 ] bounded_sol_count looking for   73 solutions -- hashes active: 23
c [appmc] repeat solutions:      3 checked:    341 out of:    341
c [appmc] [    0.02 ] round:  0 hashes:     27
c [appmc] [    0.02 ] bounded_sol_count looking for   73 solutions -- hashes active: 27
c [appmc] repeat solutions:      4 checked:    411 out of:    411
c [appmc] [    0.02 ] round:  0 hashes:     25
c [appmc] [    0.02 ] bounded_sol_count looking for   73 solutions -- hashes active: 25
c [appmc] repeat solutions:     20 checked:    411 out of:    415
c [appmc] [    0.02 ] round:  0 hashes:     24
c [appmc] [    0.02 ] bounded_sol_count looking for   73 solutions -- hashes active: 24
c [appmc] repeat solutions:     48 checked:    411 out of:    427
c [appmc] simplifying
c [appmc] [    0.03 ] round:  1 hashes:     24
c [appmc] [    0.03 ] bounded_sol_count looking for   73 solutions -- hashes active: 24
c [appmc] repeat solutions:      0 checked:     73 out of:     73
c [appmc] [    0.03 ] round:  1 hashes:     23
c [appmc] [    0.03 ] bounded_sol_count looking for   73 solutions -- hashes active: 23
c [appmc] repeat solutions:     64 checked:     73 out of:    137
c [appmc] simplifying
c [appmc] [    0.04 ] round:  2 hashes:     24
c [appmc] [    0.04 ] bounded_sol_count looking for   73 solutions -- hashes active: 24
c [appmc] repeat solutions:      0 checked:     73 out of:     73
c [appmc] [    0.04 ] round:  2 hashes:     23
c [appmc] [    0.04 ] bounded_sol_count looking for   73 solutions -- hashes active: 23
c [appmc] repeat solutions:     64 checked:     73 out of:    137
c [appmc] simplifying
c [appmc] [    0.04 ] round:  3 hashes:     24
c [appmc] [    0.05 ] bounded_sol_count looking for   73 solutions -- hashes active: 24
c [appmc] repeat solutions:      0 checked:     73 out of:     73
c [appmc] [    0.05 ] round:  3 hashes:     23
c [appmc] [    0.05 ] bounded_sol_count looking for   73 solutions -- hashes active: 23
c [appmc] repeat solutions:     64 checked:     73 out of:    137
c [appmc] simplifying
c [appmc] [    0.05 ] round:  4 hashes:     24
c [appmc] [    0.05 ] bounded_sol_count looking for   73 solutions -- hashes active: 24
c [appmc] repeat solutions:      0 checked:     73 out of:     73
c [appmc] [    0.06 ] round:  4 hashes:     23
c [appmc] [    0.06 ] bounded_sol_count looking for   73 solutions -- hashes active: 23
c [appmc] repeat solutions:     64 checked:     73 out of:    137
c [appmc] simplifying
c [appmc] [    0.06 ] round:  5 hashes:     24
c [appmc] [    0.06 ] bounded_sol_count looking for   73 solutions -- hashes active: 24
c [appmc] repeat solutions:      0 checked:     73 out of:     73
c [appmc] [    0.07 ] round:  5 hashes:     23
c [appmc] [    0.07 ] bounded_sol_count looking for   73 solutions -- hashes active: 23
c [appmc] repeat solutions:     64 checked:     73 out of:    137
c [appmc] simplifying
c [appmc] [    0.07 ] round:  6 hashes:     24
c [appmc] [    0.07 ] bounded_sol_count looking for   73 solutions -- hashes active: 24
c [appmc] repeat solutions:      0 checked:     73 out of:     73
c [appmc] [    0.07 ] round:  6 hashes:     23
c [appmc] [    0.07 ] bounded_sol_count looking for   73 solutions -- hashes active: 23
c [appmc] repeat solutions:     64 checked:     73 out of:    137
c [appmc] simplifying
c [appmc] [    0.08 ] round:  7 hashes:     24
c [appmc] [    0.08 ] bounded_sol_count looking for   73 solutions -- hashes active: 24
c [appmc] repeat solutions:      0 checked:     73 out of:     73
c [appmc] [    0.08 ] round:  7 hashes:     23
c [appmc] [    0.08 ] bounded_sol_count looking for   73 solutions -- hashes active: 23
c [appmc] repeat solutions:     64 checked:     73 out of:    137
c [appmc] simplifying
c [appmc] [    0.09 ] round:  8 hashes:     24
c [appmc] [    0.09 ] bounded_sol_count looking for   73 solutions -- hashes active: 24
c [appmc] repeat solutions:      0 checked:     73 out of:     73
c [appmc] [    0.09 ] round:  8 hashes:     23
c [appmc] [    0.09 ] bounded_sol_count looking for   73 solutions -- hashes active: 23
c [appmc] repeat solutions:     64 checked:     73 out of:    137
c [appmc] ApproxMC T: 0.09 s
c ------- FINAL TOTAL SEARCH STATS ---------
c UIP search time          : 0.01        (12.28     % time)
c restarts                 : 1038        (1.07      confls per restart)
c blocked restarts         : 0           (0.00      per normal restart)
c time                     : 0.01        
c decisions                : 130206      (0.00      % random)
c propagations             : 180K        (14585K    props/s)
c decisions/conflicts      : 117.62      
c conflicts                : 1107        
c conf lits non-minim      : 42093       (38.02     lit/confl)
c conf lits final          : 28.97       
c red which0               : 0           (0.00      % of confl)
c props/decision           : 0.00        
c props/conflict           : 0.00        
c 0-depth assigns          : 50          (23.36     % vars)
c 0-depth assigns by CNF   : 50          (23.36     % vars)
c reduceDB time            : 0.00        (0.00      % time)
c OccSimplifier time       : 0.04        (41.08     % time)
c [occur] 0.00 is overhead
c [occur] link-in T: 0.00 cleanup T: 0.00
c [occ-substr] long subBySub: 0 subByStr: 0 lits-rem-str: 0 T: 0.04
c SCC time                 : 0.00        (0.00      % time)
c [scc] new: 70 BP 0M  T: 0.00
c vrep replace time        : 0.00        (0.00      % time)
c vrep tree roots          : 31          
c vrep trees' crown        : 70          (2.26      leafs/tree)
c distill long time        : 0.00        (0.00      % time)
c distill bin time         : 0.00        (0.00      % time)
c strength cache-irred time: 0.00        (0.00      % time)
c strength cache-red time  : 0.00        (0.00      % time)
c avg cls in red 0         : 0.00        
c avg cls in red 1         : 0.72        
c avg cls in red 2         : 113.71      
c Conflicts in UIP         : 1107        (10979.96  confl/time_this_thread)
c Max Memory (rss) used    : 8644 kB     
c Total time (this thread) : 0.10        
c [appmc+arjun] Total time: 0.10
c [appmc] Number of solutions is: 64*2**24
s SATISFIABLE
s mc 1073741824
** AMH **
c ApproxMC SHA revision efa1667e4e09b2d5f2c61042efe377ce3107fdd3
c ApproxMC version 4.0.1
c ApproxMC compilation env CMAKE_CXX_COMPILER = /usr/bin/c++ | CMAKE_CXX_FLAGS =  -Wall -Wextra -Wunused -Wsign-compare -fno-omit-frame-pointer -Wtype-limits -Wuninitialized -Wno-deprecated -Wstrict-aliasing -Wpointer-arith -fvisibility=hidden -Wpointer-arith -Wformat-nonliteral -Winit-self -Wparentheses -Wunreachable-code -g -fvisibility=hidden -Wlogical-op -Wrestrict -Wnull-dereference -Wdouble-promotion -Wshadow -Wformat=2 -Wextra-semi -pedantic | COMPILE_DEFINES =  -DBOOST_TEST_DYN_LINK | STATICCOMPILE = OFF | Boost_FOUND = TRUE | ZLIB_FOUND = TRUE | VALGRIND_FOUND =  | GMP_FOUND = TRUE | ENABLE_ASSERTIONS = ON | MY_TARGETS =  | compilation date time = Aug  8 2022 16:18:18
c ApproxMC compiled with gcc version 9.4.0
c CryptoMiniSat version 5.11.0
c CMS Copyright (C) 2009-2020 Authors of CryptoMiniSat, see AUTHORS file
c CMS SHA revision 716b89be078f98fb615cf30a1f663b4903c08d9d
c CMS is MIT licensed
c Using VMTF code by Armin Biere from CaDiCaL
c Using Yalsat by Armin Biere, see Balint et al. Improving implementation of SLS solvers [...], SAT'14
c Using WalkSAT by Henry Kautz, see Kautz and Selman Pushing the envelope: planning, propositional logic, and stochastic search, AAAI'96,
c Using code from 'When Boolean Satisfiability Meets Gauss-E. in a Simplex Way'
c       by C.-S. Han and J.-H. Roland Jiang in CAV 2012. Fixes by M. Soos
c Using CCAnr from 'CCAnr: A Conf. Checking Based Local Search Solver [...]'
c       by Shaowei Cai, Chuan Luo, and Kaile Su, SAT 2015
c CMS compilation env CMAKE_CXX_COMPILER = /usr/bin/c++ | CMAKE_CXX_FLAGS =  -fvisibility=hidden -Wall -Wextra -Wunused -Wsign-compare -fno-omit-frame-pointer -Wtype-limits -Wuninitialized -Wno-deprecated -Wstrict-aliasing -Wpointer-arith -Wpointer-arith -Wformat-nonliteral -Winit-self -Wparentheses -Wunreachable-code -g -Wno-class-memaccess -mpopcnt -msse4.2 -ggdb3 -Wlogical-op -Wrestrict -Wnull-dereference -Wdouble-promotion -Wshadow -Wformat=2 -Wextra-semi -pedantic | COMPILE_DEFINES =  -DRDB0_ONLY_FEATURES -DBOOST_TEST_DYN_LINK -DUSE_ZLIB -DYALSAT_FPU | STATICCOMPILE = OFF | ONLY_SIMPLE = OFF | Boost_FOUND = TRUE | STATS = OFF | SQLITE3_FOUND = FALSE | ZLIB_FOUND = TRUE | VALGRIND_FOUND =  | ENABLE_TESTING = OFF | M4RI_FOUND =  | NOM4RI = ON | SLOW_DEBUG = OFF | ENABLE_ASSERTIONS = ON | PYTHON_EXECUTABLE =  | PYTHON_LIBRARY =  | PYTHON_INCLUDE_DIRS =  | MY_TARGETS =  | LARGEMEM = OFF | LIMITMEM = OFF | BREAKID_LIBRARIES =  | BREAKID-VER = . | BOSPHORUS_LIBRARIES =  | BOSPH-VER = . | compilation date time = Aug  8 2022 16:16:45
c CMS compiled with gcc version 9.4.0
c executed with command line: approxmc -s 05 /experiments/results/overflow.c/05/counterSharp/amh.dimacs
c Arjun SHA revision 416b100492d00bc51dbe98963e981906ddb47d83
c -- header says num vars:            244
c -- header says num clauses:         569
c WARNING: Empty line at line number 587 -- this is not part of the DIMACS specifications (http://www.satcompetition.org/2009/format-benchmarks2009.html). Ignoring.
c -- clauses added: 569
c -- xor clauses added: 0
c -- vars added 244
c Original sampling vars: 6 7 8 9 10 11 12 13 14 15 16 17 18 19 20 21 22 23 24 25 26 27 28 29 30 31 32 33 34 35 36 37 
c [appmc] Orig sampling vars size: 32
c --> Executing OCC strategy token(s): 'occ-xor,'
c [occ] mem usage for occur      0 MB
c [occ] Linked in IRRED BIN by default: 335
c [occ] Linked in RED   BIN by default: 0
c [occ] mem usage for occur      0 MB
c Mem for watch alloc      : 0           MB (0.26      %)
c Mem for watch array      : 0           MB (0.20      %)
c --> Executing OCC strategy token: occ-xor
c [occ-xor] sort occur list T: 0.00
c [xor-clean-equiv] removed equivalent xors: 0 left with: 5
c [occ-xor] found      5 avg sz 3.0 min sz  3 max sz  3 T: 0.00 T-out: N T-r: 100.00%
c [occ] mem usage for occur      0 MB
c [occ] Linked in IRRED BIN by default: 335
c [occ] Linked in RED   BIN by default: 0
c [occ] mem usage for occur      0 MB
c Mem for watch alloc      : 0           MB (0.26      %)
c Mem for watch array      : 0           MB (0.20      %)
c [occ-gates] found:     4 avg-s: 2.0 T: 0.00 T-out: N T-r: 99.97%
c [occ] mem usage for occur      0 MB
c [occ] Linked in IRRED BIN by default: 335
c [occ] Linked in RED   BIN by default: 0
c [occ] mem usage for occur      0 MB
c Mem for watch alloc      : 0           MB (0.26      %)
c Mem for watch array      : 0           MB (0.20      %)
c [arjun-simp] GATE-based Potential was: 0 Non-zero OCCs were: 0 removed: 0 perc: 0.00 T: 0.00
c [occ] mem usage for occur      0 MB
c [occ] Linked in IRRED BIN by default: 335
c [occ] Linked in RED   BIN by default: 0
c [occ] mem usage for occur      0 MB
c Mem for watch alloc      : 0           MB (0.26      %)
c Mem for watch array      : 0           MB (0.20      %)
c [gate-definable] no-cls-match-filt: 32 pico ran: 0 unsat: 0 0-occ: 0 too-many-occ: 0 empty-res: 0
c [arjun-simp] IRREG-GATE-based removed: 0 perc: 0.00 T: 0.00
c [occ] mem usage for occur      0 MB
c [occ] Linked in IRRED BIN by default: 335
c [occ] Linked in RED   BIN by default: 0
c [occ] mem usage for occur      0 MB
c Mem for watch alloc      : 0           MB (0.26      %)
c Mem for watch array      : 0           MB (0.20      %)
c [cms-equiv-sub] equiv_subformula: 0 empty_occ: 0 T: 0.00
c [arjun-simp] equiv-subform removed: 0 perc: 0.00 total equiv_subform now: 0 T: 0.00
c [arjun-simp] CMS::simplify() with no BVE, intree probe...
c [arjun-simp] CMS::simplify() with no BVE finished. T: 0.00
c [arjun-simp] Removed eq lits: 0 new size: 32
c [arjun-simp] Removed set       : 0 new size: 32
c [arjun-simp] Removed set       : 0 new size: 32
c [arjun-simp] Removed eq lits: 0 new size: 32
c [arjun-simp] probe removed: 0 perc: 0.00 T: 0.00
c [occ] mem usage for occur      0 MB
c [occ] Linked in IRRED BIN by default: 288
c [occ] Linked in RED   BIN by default: 0
c [occ] mem usage for occur      0 MB
c Mem for watch alloc      : 0           MB (0.44      %)
c Mem for watch array      : 0           MB (0.19      %)
c [cms-equiv-sub] equiv_subformula: 0 empty_occ: 0 T: 0.00
c [arjun-simp] equiv-subform removed: 0 perc: 0.00 total equiv_subform now: 0 T: 0.00
c [arjun-simp] IRREG-GATE-based removed: 0 perc: 0.00 T: 0.00
c [arjun] simplification finished  removed: 0 perc: 0.00 T: 0.00
c [arjun] Duplicating CNF...
c [arjun] Duplicated CNF. T: 0.00
c [arjun] CMS::simplify() with *only* BVE...
c [arjun] CMS::simplify() with *only* BVE finished. T: 0.00
c [arjun] Adding fixed clauses time: 0.00
c [arjun] Start unknown size: 32
c [arjun] backward round finished T: 0.00
c [arjun] get_indep_set finished T: 0.00
c ind 181 210 209 208 207 206 205 204 203 202 201 200 199 198 197 196 195 194 193 192 191 190 189 188 187 186 185 184 183 182 211 212 0
c [arjun] final set size:           32 percent of original: 100.0000 %
c [arjun] of which empty occs:       0 percent of original: 0.0000 %
c [appmc] Sampling set size: 32
c [appmc] Sampling set: 181, 182, 183, 184, 185, 186, 187, 188, 189, 190, 191, 192, 193, 194, 195, 196, 197, 198, 199, 200, 201, 202, 203, 204, 205, 206, 207, 208, 209, 210, 211, 212, 
c [appmc] threshold set to 72 sparse: 0
c [appmc] Starting up, initial measurement
c [appmc] Checking if there are at least threshold+1 solutions...
c [appmc] simplifying
c [appmc] [    0.00 ] bounded_sol_count looking for   73 solutions -- hashes active: 0
c [appmc] repeat solutions:      0 checked:      0 out of:      0
c [appmc] Starting at hash count: 1
c [appmc] [    0.00 ] round:  0 hashes:      1
c [appmc] [    0.00 ] bounded_sol_count looking for   73 solutions -- hashes active: 1
c [appmc] repeat solutions:     34 checked:     73 out of:     73
c [appmc] [    0.00 ] round:  0 hashes:      2
c [appmc] [    0.00 ] bounded_sol_count looking for   73 solutions -- hashes active: 2
c [appmc] repeat solutions:     39 checked:    112 out of:    112
c [appmc] [    0.01 ] round:  0 hashes:      4
c [appmc] [    0.01 ] bounded_sol_count looking for   73 solutions -- hashes active: 4
c [appmc] repeat solutions:     15 checked:    146 out of:    146
c [appmc] [    0.01 ] round:  0 hashes:      8
c [appmc] [    0.01 ] bounded_sol_count looking for   73 solutions -- hashes active: 8
c [appmc] repeat solutions:      5 checked:    204 out of:    204
c [appmc] [    0.01 ] round:  0 hashes:     16
c [appmc] [    0.01 ] bounded_sol_count looking for   73 solutions -- hashes active: 16
c [appmc] repeat solutions:      0 checked:    272 out of:    272
c [appmc] [    0.02 ] round:  0 hashes:     24
c [appmc] [    0.02 ] bounded_sol_count looking for   73 solutions -- hashes active: 24
c [appmc] repeat solutions:      0 checked:    345 out of:    345
c [appmc] [    0.02 ] round:  0 hashes:     28
c [appmc] [    0.02 ] bounded_sol_count looking for   73 solutions -- hashes active: 28
c [appmc] repeat solutions:      4 checked:    418 out of:    418
c [appmc] [    0.02 ] round:  0 hashes:     26
c [appmc] [    0.02 ] bounded_sol_count looking for   73 solutions -- hashes active: 26
c [appmc] repeat solutions:     25 checked:    418 out of:    426
c [appmc] [    0.02 ] round:  0 hashes:     25
c [appmc] [    0.02 ] bounded_sol_count looking for   73 solutions -- hashes active: 25
c [appmc] repeat solutions:     68 checked:    418 out of:    449
c [appmc] simplifying
c [appmc] [    0.03 ] round:  1 hashes:     26
c [appmc] [    0.03 ] bounded_sol_count looking for   73 solutions -- hashes active: 26
c [appmc] repeat solutions:      0 checked:     73 out of:     73
c [appmc] [    0.03 ] round:  1 hashes:     25
c [appmc] [    0.03 ] bounded_sol_count looking for   73 solutions -- hashes active: 25
c [appmc] repeat solutions:     48 checked:     73 out of:    121
c [appmc] simplifying
c [appmc] [    0.04 ] round:  2 hashes:     26
c [appmc] [    0.04 ] bounded_sol_count looking for   73 solutions -- hashes active: 26
c [appmc] repeat solutions:      0 checked:     73 out of:     73
c [appmc] [    0.04 ] round:  2 hashes:     25
c [appmc] [    0.04 ] bounded_sol_count looking for   73 solutions -- hashes active: 25
c [appmc] repeat solutions:     48 checked:     73 out of:    121
c [appmc] simplifying
c [appmc] [    0.05 ] round:  3 hashes:     26
c [appmc] [    0.05 ] bounded_sol_count looking for   73 solutions -- hashes active: 26
c [appmc] repeat solutions:      0 checked:     73 out of:     73
c [appmc] [    0.05 ] round:  3 hashes:     25
c [appmc] [    0.05 ] bounded_sol_count looking for   73 solutions -- hashes active: 25
c [appmc] repeat solutions:     48 checked:     73 out of:    121
c [appmc] simplifying
c [appmc] [    0.06 ] round:  4 hashes:     26
c [appmc] [    0.06 ] bounded_sol_count looking for   73 solutions -- hashes active: 26
c [appmc] repeat solutions:      0 checked:     73 out of:     73
c [appmc] [    0.06 ] round:  4 hashes:     25
c [appmc] [    0.06 ] bounded_sol_count looking for   73 solutions -- hashes active: 25
c [appmc] repeat solutions:     64 checked:     73 out of:    137
c [appmc] simplifying
c [appmc] [    0.06 ] round:  5 hashes:     26
c [appmc] [    0.06 ] bounded_sol_count looking for   73 solutions -- hashes active: 26
c [appmc] repeat solutions:      0 checked:     73 out of:     73
c [appmc] [    0.06 ] round:  5 hashes:     25
c [appmc] [    0.06 ] bounded_sol_count looking for   73 solutions -- hashes active: 25
c [appmc] repeat solutions:     48 checked:     73 out of:    121
c [appmc] simplifying
c [appmc] [    0.07 ] round:  6 hashes:     26
c [appmc] [    0.07 ] bounded_sol_count looking for   73 solutions -- hashes active: 26
c [appmc] repeat solutions:      0 checked:     73 out of:     73
c [appmc] [    0.07 ] round:  6 hashes:     25
c [appmc] [    0.07 ] bounded_sol_count looking for   73 solutions -- hashes active: 25
c [appmc] repeat solutions:     48 checked:     73 out of:    121
c [appmc] simplifying
c [appmc] [    0.08 ] round:  7 hashes:     26
c [appmc] [    0.08 ] bounded_sol_count looking for   73 solutions -- hashes active: 26
c [appmc] repeat solutions:      0 checked:     73 out of:     73
c [appmc] [    0.08 ] round:  7 hashes:     25
c [appmc] [    0.08 ] bounded_sol_count looking for   73 solutions -- hashes active: 25
c [appmc] repeat solutions:     48 checked:     73 out of:    121
c [appmc] simplifying
c [appmc] [    0.09 ] round:  8 hashes:     26
c [appmc] [    0.09 ] bounded_sol_count looking for   73 solutions -- hashes active: 26
c [appmc] repeat solutions:      0 checked:     73 out of:     73
c [appmc] [    0.09 ] round:  8 hashes:     25
c [appmc] [    0.09 ] bounded_sol_count looking for   73 solutions -- hashes active: 25
c [appmc] repeat solutions:     48 checked:     73 out of:    121
c [appmc] ApproxMC T: 0.10 s
c ------- FINAL TOTAL SEARCH STATS ---------
c UIP search time          : 0.02        (20.35     % time)
c restarts                 : 1048        (1.12      confls per restart)
c blocked restarts         : 0           (0.00      per normal restart)
c time                     : 0.02        
c decisions                : 145408      (0.00      % random)
c propagations             : 203K        (9870K     props/s)
c decisions/conflicts      : 124.17      
c conflicts                : 1171        
c conf lits non-minim      : 46247       (39.49     lit/confl)
c conf lits final          : 29.96       
c red which0               : 0           (0.00      % of confl)
c props/decision           : 0.00        
c props/conflict           : 0.00        
c 0-depth assigns          : 32          (13.06     % vars)
c 0-depth assigns by CNF   : 32          (13.06     % vars)
c reduceDB time            : 0.00        (0.00      % time)
c OccSimplifier time       : 0.03        (29.01     % time)
c [occur] 0.00 is overhead
c [occur] link-in T: 0.00 cleanup T: 0.00
c [occ-substr] long subBySub: 18 subByStr: 243 lits-rem-str: 207 T: 0.03
c SCC time                 : 0.00        (0.00      % time)
c [scc] new: 71 BP 0M  T: 0.00
c vrep replace time        : 0.00        (0.00      % time)
c vrep tree roots          : 35          
c vrep trees' crown        : 71          (2.03      leafs/tree)
c distill long time        : 0.00        (0.00      % time)
c distill bin time         : 0.00        (0.00      % time)
c strength cache-irred time: 0.00        (0.00      % time)
c strength cache-red time  : 0.00        (0.00      % time)
c avg cls in red 0         : 0.00        
c avg cls in red 1         : 0.00        
c avg cls in red 2         : 100.48      
c Conflicts in UIP         : 1171        (11548.89  confl/time_this_thread)
c Max Memory (rss) used    : 8984 kB     
c Total time (this thread) : 0.10        
c [appmc+arjun] Total time: 0.10
c [appmc] Number of solutions is: 48*2**26
s SATISFIABLE
s mc 3221225472
** ASM **
c ApproxMC SHA revision efa1667e4e09b2d5f2c61042efe377ce3107fdd3
c ApproxMC version 4.0.1
c ApproxMC compilation env CMAKE_CXX_COMPILER = /usr/bin/c++ | CMAKE_CXX_FLAGS =  -Wall -Wextra -Wunused -Wsign-compare -fno-omit-frame-pointer -Wtype-limits -Wuninitialized -Wno-deprecated -Wstrict-aliasing -Wpointer-arith -fvisibility=hidden -Wpointer-arith -Wformat-nonliteral -Winit-self -Wparentheses -Wunreachable-code -g -fvisibility=hidden -Wlogical-op -Wrestrict -Wnull-dereference -Wdouble-promotion -Wshadow -Wformat=2 -Wextra-semi -pedantic | COMPILE_DEFINES =  -DBOOST_TEST_DYN_LINK | STATICCOMPILE = OFF | Boost_FOUND = TRUE | ZLIB_FOUND = TRUE | VALGRIND_FOUND =  | GMP_FOUND = TRUE | ENABLE_ASSERTIONS = ON | MY_TARGETS =  | compilation date time = Aug  8 2022 16:18:18
c ApproxMC compiled with gcc version 9.4.0
c CryptoMiniSat version 5.11.0
c CMS Copyright (C) 2009-2020 Authors of CryptoMiniSat, see AUTHORS file
c CMS SHA revision 716b89be078f98fb615cf30a1f663b4903c08d9d
c CMS is MIT licensed
c Using VMTF code by Armin Biere from CaDiCaL
c Using Yalsat by Armin Biere, see Balint et al. Improving implementation of SLS solvers [...], SAT'14
c Using WalkSAT by Henry Kautz, see Kautz and Selman Pushing the envelope: planning, propositional logic, and stochastic search, AAAI'96,
c Using code from 'When Boolean Satisfiability Meets Gauss-E. in a Simplex Way'
c       by C.-S. Han and J.-H. Roland Jiang in CAV 2012. Fixes by M. Soos
c Using CCAnr from 'CCAnr: A Conf. Checking Based Local Search Solver [...]'
c       by Shaowei Cai, Chuan Luo, and Kaile Su, SAT 2015
c CMS compilation env CMAKE_CXX_COMPILER = /usr/bin/c++ | CMAKE_CXX_FLAGS =  -fvisibility=hidden -Wall -Wextra -Wunused -Wsign-compare -fno-omit-frame-pointer -Wtype-limits -Wuninitialized -Wno-deprecated -Wstrict-aliasing -Wpointer-arith -Wpointer-arith -Wformat-nonliteral -Winit-self -Wparentheses -Wunreachable-code -g -Wno-class-memaccess -mpopcnt -msse4.2 -ggdb3 -Wlogical-op -Wrestrict -Wnull-dereference -Wdouble-promotion -Wshadow -Wformat=2 -Wextra-semi -pedantic | COMPILE_DEFINES =  -DRDB0_ONLY_FEATURES -DBOOST_TEST_DYN_LINK -DUSE_ZLIB -DYALSAT_FPU | STATICCOMPILE = OFF | ONLY_SIMPLE = OFF | Boost_FOUND = TRUE | STATS = OFF | SQLITE3_FOUND = FALSE | ZLIB_FOUND = TRUE | VALGRIND_FOUND =  | ENABLE_TESTING = OFF | M4RI_FOUND =  | NOM4RI = ON | SLOW_DEBUG = OFF | ENABLE_ASSERTIONS = ON | PYTHON_EXECUTABLE =  | PYTHON_LIBRARY =  | PYTHON_INCLUDE_DIRS =  | MY_TARGETS =  | LARGEMEM = OFF | LIMITMEM = OFF | BREAKID_LIBRARIES =  | BREAKID-VER = . | BOSPHORUS_LIBRARIES =  | BOSPH-VER = . | compilation date time = Aug  8 2022 16:16:45
c CMS compiled with gcc version 9.4.0
c executed with command line: approxmc -s 05 /experiments/results/overflow.c/05/counterSharp/asm.dimacs
c Arjun SHA revision 416b100492d00bc51dbe98963e981906ddb47d83
c -- header says num vars:            246
c -- header says num clauses:         575
c WARNING: Empty line at line number 595 -- this is not part of the DIMACS specifications (http://www.satcompetition.org/2009/format-benchmarks2009.html). Ignoring.
c -- clauses added: 575
c -- xor clauses added: 0
c -- vars added 246
c Original sampling vars: 6 7 8 9 10 11 12 13 14 15 16 17 18 19 20 21 22 23 24 25 26 27 28 29 30 31 32 33 34 35 36 37 
c [appmc] Orig sampling vars size: 32
c --> Executing OCC strategy token(s): 'occ-xor,'
c [occ] mem usage for occur      0 MB
c [occ] Linked in IRRED BIN by default: 330
c [occ] Linked in RED   BIN by default: 0
c [occ] mem usage for occur      0 MB
c Mem for watch alloc      : 0           MB (0.25      %)
c Mem for watch array      : 0           MB (0.20      %)
c --> Executing OCC strategy token: occ-xor
c [occ-xor] sort occur list T: 0.00
c [xor-clean-equiv] removed equivalent xors: 0 left with: 5
c [occ-xor] found      5 avg sz 3.0 min sz  3 max sz  3 T: 0.00 T-out: N T-r: 100.00%
c [occ] mem usage for occur      0 MB
c [occ] Linked in IRRED BIN by default: 330
c [occ] Linked in RED   BIN by default: 0
c [occ] mem usage for occur      0 MB
c Mem for watch alloc      : 0           MB (0.25      %)
c Mem for watch array      : 0           MB (0.20      %)
c [occ-gates] found:     3 avg-s: 2.0 T: 0.00 T-out: N T-r: 99.97%
c [occ] mem usage for occur      0 MB
c [occ] Linked in IRRED BIN by default: 330
c [occ] Linked in RED   BIN by default: 0
c [occ] mem usage for occur      0 MB
c Mem for watch alloc      : 0           MB (0.25      %)
c Mem for watch array      : 0           MB (0.20      %)
c [arjun-simp] GATE-based Potential was: 0 Non-zero OCCs were: 0 removed: 0 perc: 0.00 T: 0.00
c [occ] mem usage for occur      0 MB
c [occ] Linked in IRRED BIN by default: 330
c [occ] Linked in RED   BIN by default: 0
c [occ] mem usage for occur      0 MB
c Mem for watch alloc      : 0           MB (0.25      %)
c Mem for watch array      : 0           MB (0.20      %)
c [gate-definable] no-cls-match-filt: 32 pico ran: 0 unsat: 0 0-occ: 0 too-many-occ: 0 empty-res: 0
c [arjun-simp] IRREG-GATE-based removed: 0 perc: 0.00 T: 0.00
c [occ] mem usage for occur      0 MB
c [occ] Linked in IRRED BIN by default: 330
c [occ] Linked in RED   BIN by default: 0
c [occ] mem usage for occur      0 MB
c Mem for watch alloc      : 0           MB (0.25      %)
c Mem for watch array      : 0           MB (0.20      %)
c [cms-equiv-sub] equiv_subformula: 0 empty_occ: 0 T: 0.00
c [arjun-simp] equiv-subform removed: 0 perc: 0.00 total equiv_subform now: 0 T: 0.00
c [arjun-simp] CMS::simplify() with no BVE, intree probe...
c [arjun-simp] CMS::simplify() with no BVE finished. T: 0.00
c [arjun-simp] Removed eq lits: 0 new size: 32
c [arjun-simp] Removed set       : 0 new size: 32
c [arjun-simp] Removed set       : 0 new size: 32
c [arjun-simp] Removed eq lits: 0 new size: 32
c [arjun-simp] probe removed: 0 perc: 0.00 T: 0.00
c [occ] mem usage for occur      0 MB
c [occ] Linked in IRRED BIN by default: 287
c [occ] Linked in RED   BIN by default: 0
c [occ] mem usage for occur      0 MB
c Mem for watch alloc      : 0           MB (0.44      %)
c Mem for watch array      : 0           MB (0.19      %)
c [cms-equiv-sub] equiv_subformula: 0 empty_occ: 0 T: 0.00
c [arjun-simp] equiv-subform removed: 0 perc: 0.00 total equiv_subform now: 0 T: 0.00
c [arjun-simp] IRREG-GATE-based removed: 0 perc: 0.00 T: 0.00
c [arjun] simplification finished  removed: 0 perc: 0.00 T: 0.00
c [arjun] Duplicating CNF...
c [arjun] Duplicated CNF. T: 0.00
c [arjun] CMS::simplify() with *only* BVE...
c [arjun] CMS::simplify() with *only* BVE finished. T: 0.00
c [arjun] Adding fixed clauses time: 0.00
c [arjun] Start unknown size: 32
c [arjun] backward round finished T: 0.00
c [arjun] get_indep_set finished T: 0.00
c ind 183 212 211 210 209 208 207 206 205 204 203 202 201 200 199 198 197 196 195 194 193 192 191 190 189 188 187 186 185 184 0
c [arjun] final set size:           30 percent of original: 93.7500 %
c [arjun] of which empty occs:       0 percent of original: 0.0000 %
c [appmc] Sampling set size: 30
c [appmc] Sampling set: 183, 184, 185, 186, 187, 188, 189, 190, 191, 192, 193, 194, 195, 196, 197, 198, 199, 200, 201, 202, 203, 204, 205, 206, 207, 208, 209, 210, 211, 212, 
c [appmc] threshold set to 72 sparse: 0
c [appmc] Starting up, initial measurement
c [appmc] Checking if there are at least threshold+1 solutions...
c [appmc] simplifying
c [appmc] [    0.00 ] bounded_sol_count looking for   73 solutions -- hashes active: 0
c [appmc] repeat solutions:      0 checked:      0 out of:      0
c [appmc] Starting at hash count: 1
c [appmc] [    0.00 ] round:  0 hashes:      1
c [appmc] [    0.00 ] bounded_sol_count looking for   73 solutions -- hashes active: 1
c [appmc] repeat solutions:     36 checked:     73 out of:     73
c [appmc] [    0.00 ] round:  0 hashes:      2
c [appmc] [    0.00 ] bounded_sol_count looking for   73 solutions -- hashes active: 2
c [appmc] repeat solutions:     36 checked:    110 out of:    110
c [appmc] [    0.00 ] round:  0 hashes:      4
c [appmc] [    0.00 ] bounded_sol_count looking for   73 solutions -- hashes active: 4
c [appmc] repeat solutions:     10 checked:    147 out of:    147
c [appmc] [    0.01 ] round:  0 hashes:      8
c [appmc] [    0.01 ] bounded_sol_count looking for   73 solutions -- hashes active: 8
c [appmc] repeat solutions:      8 checked:    210 out of:    210
c [appmc] [    0.01 ] round:  0 hashes:     16
c [appmc] [    0.01 ] bounded_sol_count looking for   73 solutions -- hashes active: 16
c [appmc] repeat solutions:      0 checked:    275 out of:    275
c [appmc] [    0.01 ] round:  0 hashes:     23
c [appmc] [    0.01 ] bounded_sol_count looking for   73 solutions -- hashes active: 23
c [appmc] repeat solutions:      1 checked:    348 out of:    348
c [appmc] [    0.01 ] round:  0 hashes:     26
c [appmc] [    0.01 ] bounded_sol_count looking for   73 solutions -- hashes active: 26
c [appmc] repeat solutions:     13 checked:    420 out of:    420
c [appmc] [    0.02 ] round:  0 hashes:     24
c [appmc] [    0.02 ] bounded_sol_count looking for   73 solutions -- hashes active: 24
c [appmc] repeat solutions:     44 checked:    420 out of:    423
c [appmc] simplifying
c [appmc] [    0.02 ] round:  1 hashes:     24
c [appmc] [    0.02 ] bounded_sol_count looking for   73 solutions -- hashes active: 24
c [appmc] repeat solutions:      0 checked:     73 out of:     73
c [appmc] [    0.02 ] round:  1 hashes:     23
c [appmc] [    0.02 ] bounded_sol_count looking for   73 solutions -- hashes active: 23
c [appmc] repeat solutions:     64 checked:     73 out of:    137
c [appmc] simplifying
c [appmc] [    0.03 ] round:  2 hashes:     24
c [appmc] [    0.03 ] bounded_sol_count looking for   73 solutions -- hashes active: 24
c [appmc] repeat solutions:      0 checked:     73 out of:     73
c [appmc] [    0.03 ] round:  2 hashes:     23
c [appmc] [    0.03 ] bounded_sol_count looking for   73 solutions -- hashes active: 23
c [appmc] repeat solutions:     64 checked:     73 out of:    137
c [appmc] simplifying
c [appmc] [    0.04 ] round:  3 hashes:     24
c [appmc] [    0.04 ] bounded_sol_count looking for   73 solutions -- hashes active: 24
c [appmc] repeat solutions:      0 checked:     73 out of:     73
c [appmc] [    0.04 ] round:  3 hashes:     23
c [appmc] [    0.04 ] bounded_sol_count looking for   73 solutions -- hashes active: 23
c [appmc] repeat solutions:     64 checked:     73 out of:    137
c [appmc] simplifying
c [appmc] [    0.04 ] round:  4 hashes:     24
c [appmc] [    0.04 ] bounded_sol_count looking for   73 solutions -- hashes active: 24
c [appmc] repeat solutions:      0 checked:     73 out of:     73
c [appmc] [    0.05 ] round:  4 hashes:     23
c [appmc] [    0.05 ] bounded_sol_count looking for   73 solutions -- hashes active: 23
c [appmc] repeat solutions:     64 checked:     73 out of:    137
c [appmc] simplifying
c [appmc] [    0.05 ] round:  5 hashes:     24
c [appmc] [    0.05 ] bounded_sol_count looking for   73 solutions -- hashes active: 24
c [appmc] repeat solutions:      0 checked:     73 out of:     73
c [appmc] [    0.05 ] round:  5 hashes:     23
c [appmc] [    0.05 ] bounded_sol_count looking for   73 solutions -- hashes active: 23
c [appmc] repeat solutions:     64 checked:     73 out of:    137
c [appmc] simplifying
c [appmc] [    0.05 ] round:  6 hashes:     24
c [appmc] [    0.05 ] bounded_sol_count looking for   73 solutions -- hashes active: 24
c [appmc] repeat solutions:      0 checked:     73 out of:     73
c [appmc] [    0.06 ] round:  6 hashes:     23
c [appmc] [    0.06 ] bounded_sol_count looking for   73 solutions -- hashes active: 23
c [appmc] repeat solutions:     64 checked:     73 out of:    137
c [appmc] simplifying
c [appmc] [    0.06 ] round:  7 hashes:     24
c [appmc] [    0.06 ] bounded_sol_count looking for   73 solutions -- hashes active: 24
c [appmc] repeat solutions:      0 checked:     73 out of:     73
c [appmc] [    0.06 ] round:  7 hashes:     23
c [appmc] [    0.06 ] bounded_sol_count looking for   73 solutions -- hashes active: 23
c [appmc] repeat solutions:     64 checked:     73 out of:    137
c [appmc] simplifying
c [appmc] [    0.07 ] round:  8 hashes:     24
c [appmc] [    0.07 ] bounded_sol_count looking for   73 solutions -- hashes active: 24
c [appmc] repeat solutions:      0 checked:     73 out of:     73
c [appmc] [    0.07 ] round:  8 hashes:     23
c [appmc] [    0.07 ] bounded_sol_count looking for   73 solutions -- hashes active: 23
c [appmc] repeat solutions:     64 checked:     73 out of:    137
c [appmc] ApproxMC T: 0.07 s
c ------- FINAL TOTAL SEARCH STATS ---------
c UIP search time          : 0.01        (17.29     % time)
c restarts                 : 1037        (1.03      confls per restart)
c blocked restarts         : 0           (0.00      per normal restart)
c time                     : 0.01        
c decisions                : 124419      (0.00      % random)
c propagations             : 173K        (12567K    props/s)
c decisions/conflicts      : 117.05      
c conflicts                : 1063        
c conf lits non-minim      : 39690       (37.34     lit/confl)
c conf lits final          : 28.54       
c red which0               : 0           (0.00      % of confl)
c props/decision           : 0.00        
c props/conflict           : 0.00        
c 0-depth assigns          : 59          (28.78     % vars)
c 0-depth assigns by CNF   : 59          (28.78     % vars)
c reduceDB time            : 0.00        (0.00      % time)
c OccSimplifier time       : 0.01        (16.97     % time)
c [occur] 0.00 is overhead
c [occur] link-in T: 0.00 cleanup T: 0.00
c [occ-substr] long subBySub: 27 subByStr: 153 lits-rem-str: 0 T: 0.01
c SCC time                 : 0.00        (0.00      % time)
c [scc] new: 63 BP 0M  T: 0.00
c vrep replace time        : 0.00        (0.00      % time)
c vrep tree roots          : 31          
c vrep trees' crown        : 63          (2.03      leafs/tree)
c distill long time        : 0.00        (0.00      % time)
c distill bin time         : 0.00        (0.00      % time)
c strength cache-irred time: 0.00        (0.00      % time)
c strength cache-red time  : 0.00        (0.00      % time)
c avg cls in red 0         : 0.00        
c avg cls in red 1         : 0.00        
c avg cls in red 2         : 102.52      
c Conflicts in UIP         : 1063        (13315.46  confl/time_this_thread)
c Max Memory (rss) used    : 8736 kB     
c Total time (this thread) : 0.08        
c [appmc+arjun] Total time: 0.08
c [appmc] Number of solutions is: 64*2**24
s SATISFIABLE
s mc 1073741824
** ASH **
c ApproxMC SHA revision efa1667e4e09b2d5f2c61042efe377ce3107fdd3
c ApproxMC version 4.0.1
c ApproxMC compilation env CMAKE_CXX_COMPILER = /usr/bin/c++ | CMAKE_CXX_FLAGS =  -Wall -Wextra -Wunused -Wsign-compare -fno-omit-frame-pointer -Wtype-limits -Wuninitialized -Wno-deprecated -Wstrict-aliasing -Wpointer-arith -fvisibility=hidden -Wpointer-arith -Wformat-nonliteral -Winit-self -Wparentheses -Wunreachable-code -g -fvisibility=hidden -Wlogical-op -Wrestrict -Wnull-dereference -Wdouble-promotion -Wshadow -Wformat=2 -Wextra-semi -pedantic | COMPILE_DEFINES =  -DBOOST_TEST_DYN_LINK | STATICCOMPILE = OFF | Boost_FOUND = TRUE | ZLIB_FOUND = TRUE | VALGRIND_FOUND =  | GMP_FOUND = TRUE | ENABLE_ASSERTIONS = ON | MY_TARGETS =  | compilation date time = Aug  8 2022 16:18:18
c ApproxMC compiled with gcc version 9.4.0
c CryptoMiniSat version 5.11.0
c CMS Copyright (C) 2009-2020 Authors of CryptoMiniSat, see AUTHORS file
c CMS SHA revision 716b89be078f98fb615cf30a1f663b4903c08d9d
c CMS is MIT licensed
c Using VMTF code by Armin Biere from CaDiCaL
c Using Yalsat by Armin Biere, see Balint et al. Improving implementation of SLS solvers [...], SAT'14
c Using WalkSAT by Henry Kautz, see Kautz and Selman Pushing the envelope: planning, propositional logic, and stochastic search, AAAI'96,
c Using code from 'When Boolean Satisfiability Meets Gauss-E. in a Simplex Way'
c       by C.-S. Han and J.-H. Roland Jiang in CAV 2012. Fixes by M. Soos
c Using CCAnr from 'CCAnr: A Conf. Checking Based Local Search Solver [...]'
c       by Shaowei Cai, Chuan Luo, and Kaile Su, SAT 2015
c CMS compilation env CMAKE_CXX_COMPILER = /usr/bin/c++ | CMAKE_CXX_FLAGS =  -fvisibility=hidden -Wall -Wextra -Wunused -Wsign-compare -fno-omit-frame-pointer -Wtype-limits -Wuninitialized -Wno-deprecated -Wstrict-aliasing -Wpointer-arith -Wpointer-arith -Wformat-nonliteral -Winit-self -Wparentheses -Wunreachable-code -g -Wno-class-memaccess -mpopcnt -msse4.2 -ggdb3 -Wlogical-op -Wrestrict -Wnull-dereference -Wdouble-promotion -Wshadow -Wformat=2 -Wextra-semi -pedantic | COMPILE_DEFINES =  -DRDB0_ONLY_FEATURES -DBOOST_TEST_DYN_LINK -DUSE_ZLIB -DYALSAT_FPU | STATICCOMPILE = OFF | ONLY_SIMPLE = OFF | Boost_FOUND = TRUE | STATS = OFF | SQLITE3_FOUND = FALSE | ZLIB_FOUND = TRUE | VALGRIND_FOUND =  | ENABLE_TESTING = OFF | M4RI_FOUND =  | NOM4RI = ON | SLOW_DEBUG = OFF | ENABLE_ASSERTIONS = ON | PYTHON_EXECUTABLE =  | PYTHON_LIBRARY =  | PYTHON_INCLUDE_DIRS =  | MY_TARGETS =  | LARGEMEM = OFF | LIMITMEM = OFF | BREAKID_LIBRARIES =  | BREAKID-VER = . | BOSPHORUS_LIBRARIES =  | BOSPH-VER = . | compilation date time = Aug  8 2022 16:16:45
c CMS compiled with gcc version 9.4.0
c executed with command line: approxmc -s 05 /experiments/results/overflow.c/05/counterSharp/ash.dimacs
c Arjun SHA revision 416b100492d00bc51dbe98963e981906ddb47d83
c -- header says num vars:            246
c -- header says num clauses:         575
c WARNING: Empty line at line number 595 -- this is not part of the DIMACS specifications (http://www.satcompetition.org/2009/format-benchmarks2009.html). Ignoring.
c -- clauses added: 575
c -- xor clauses added: 0
c -- vars added 246
c Original sampling vars: 6 7 8 9 10 11 12 13 14 15 16 17 18 19 20 21 22 23 24 25 26 27 28 29 30 31 32 33 34 35 36 37 
c [appmc] Orig sampling vars size: 32
c --> Executing OCC strategy token(s): 'occ-xor,'
c [occ] mem usage for occur      0 MB
c [occ] Linked in IRRED BIN by default: 299
c [occ] Linked in RED   BIN by default: 0
c [occ] mem usage for occur      0 MB
c Mem for watch alloc      : 0           MB (0.26      %)
c Mem for watch array      : 0           MB (0.20      %)
c --> Executing OCC strategy token: occ-xor
c [occ-xor] sort occur list T: 0.00
c [xor-clean-equiv] removed equivalent xors: 0 left with: 4
c [occ-xor] found      4 avg sz 3.0 min sz  3 max sz  3 T: 0.00 T-out: N T-r: 100.00%
c [occ] mem usage for occur      0 MB
c [occ] Linked in IRRED BIN by default: 299
c [occ] Linked in RED   BIN by default: 0
c [occ] mem usage for occur      0 MB
c Mem for watch alloc      : 0           MB (0.26      %)
c Mem for watch array      : 0           MB (0.20      %)
c [occ-gates] found:     3 avg-s: 2.0 T: 0.00 T-out: N T-r: 99.97%
c [occ] mem usage for occur      0 MB
c [occ] Linked in IRRED BIN by default: 299
c [occ] Linked in RED   BIN by default: 0
c [occ] mem usage for occur      0 MB
c Mem for watch alloc      : 0           MB (0.26      %)
c Mem for watch array      : 0           MB (0.20      %)
c [arjun-simp] GATE-based Potential was: 0 Non-zero OCCs were: 0 removed: 0 perc: 0.00 T: 0.00
c [occ] mem usage for occur      0 MB
c [occ] Linked in IRRED BIN by default: 299
c [occ] Linked in RED   BIN by default: 0
c [occ] mem usage for occur      0 MB
c Mem for watch alloc      : 0           MB (0.26      %)
c Mem for watch array      : 0           MB (0.20      %)
c [gate-definable] no-cls-match-filt: 32 pico ran: 0 unsat: 0 0-occ: 0 too-many-occ: 0 empty-res: 0
c [arjun-simp] IRREG-GATE-based removed: 0 perc: 0.00 T: 0.00
c [occ] mem usage for occur      0 MB
c [occ] Linked in IRRED BIN by default: 299
c [occ] Linked in RED   BIN by default: 0
c [occ] mem usage for occur      0 MB
c Mem for watch alloc      : 0           MB (0.26      %)
c Mem for watch array      : 0           MB (0.20      %)
c [cms-equiv-sub] equiv_subformula: 0 empty_occ: 0 T: 0.00
c [arjun-simp] equiv-subform removed: 0 perc: 0.00 total equiv_subform now: 0 T: 0.00
c [arjun-simp] CMS::simplify() with no BVE, intree probe...
c [arjun-simp] CMS::simplify() with no BVE finished. T: 0.00
c [arjun-simp] Removed eq lits: 0 new size: 32
c [arjun-simp] Removed set       : 0 new size: 32
c [arjun-simp] Removed set       : 1 new size: 31
c [arjun-simp] Removed eq lits: 0 new size: 31
c [arjun-simp] probe removed: 1 perc: 3.12 T: 0.00
c [occ] mem usage for occur      0 MB
c [occ] Linked in IRRED BIN by default: 233
c [occ] Linked in RED   BIN by default: 5
c [occ] mem usage for occur      0 MB
c Mem for watch alloc      : 0           MB (0.39      %)
c Mem for watch array      : 0           MB (0.19      %)
c [cms-equiv-sub] equiv_subformula: 0 empty_occ: 0 T: 0.00
c [arjun-simp] equiv-subform removed: 0 perc: 0.00 total equiv_subform now: 0 T: 0.00
c [arjun-simp] IRREG-GATE-based removed: 0 perc: 0.00 T: 0.00
c [arjun] simplification finished  removed: 1 perc: 3.12 T: 0.00
c [arjun] Duplicating CNF...
c [arjun] Duplicated CNF. T: 0.00
c [arjun] CMS::simplify() with *only* BVE...
c [arjun] CMS::simplify() with *only* BVE finished. T: 0.00
c [arjun] Adding fixed clauses time: 0.00
c [arjun] Start unknown size: 31
c [arjun] backward round finished T: 0.00
c [arjun] get_indep_set finished T: 0.00
c ind 183 212 211 210 209 208 207 206 205 204 203 202 201 200 199 198 197 196 195 194 193 192 191 190 189 188 187 186 185 184 214 0
c [arjun] final set size:           31 percent of original: 96.8750 %
c [arjun] of which empty occs:       0 percent of original: 0.0000 %
c [appmc] Sampling set size: 31
c [appmc] Sampling set: 183, 184, 185, 186, 187, 188, 189, 190, 191, 192, 193, 194, 195, 196, 197, 198, 199, 200, 201, 202, 203, 204, 205, 206, 207, 208, 209, 210, 211, 212, 214, 
c [appmc] threshold set to 72 sparse: 0
c [appmc] Starting up, initial measurement
c [appmc] Checking if there are at least threshold+1 solutions...
c [appmc] simplifying
c [appmc] [    0.00 ] bounded_sol_count looking for   73 solutions -- hashes active: 0
c [appmc] repeat solutions:      0 checked:      0 out of:      0
c [appmc] Starting at hash count: 1
c [appmc] [    0.00 ] round:  0 hashes:      1
c [appmc] [    0.00 ] bounded_sol_count looking for   73 solutions -- hashes active: 1
c [appmc] repeat solutions:     36 checked:     73 out of:     73
c [appmc] [    0.00 ] round:  0 hashes:      2
c [appmc] [    0.00 ] bounded_sol_count looking for   73 solutions -- hashes active: 2
c [appmc] repeat solutions:     38 checked:    110 out of:    110
c [appmc] [    0.00 ] round:  0 hashes:      4
c [appmc] [    0.00 ] bounded_sol_count looking for   73 solutions -- hashes active: 4
c [appmc] repeat solutions:     17 checked:    145 out of:    145
c [appmc] [    0.01 ] round:  0 hashes:      8
c [appmc] [    0.01 ] bounded_sol_count looking for   73 solutions -- hashes active: 8
c [appmc] repeat solutions:      5 checked:    201 out of:    201
c [appmc] [    0.02 ] round:  0 hashes:     16
c [appmc] [    0.02 ] bounded_sol_count looking for   73 solutions -- hashes active: 16
c [appmc] repeat solutions:      0 checked:    269 out of:    269
c [appmc] [    0.02 ] round:  0 hashes:     23
c [appmc] [    0.02 ] bounded_sol_count looking for   73 solutions -- hashes active: 23
c [appmc] repeat solutions:      0 checked:    342 out of:    342
c [appmc] [    0.03 ] round:  0 hashes:     27
c [appmc] [    0.03 ] bounded_sol_count looking for   73 solutions -- hashes active: 27
c [appmc] repeat solutions:      5 checked:    415 out of:    415
c [appmc] [    0.03 ] round:  0 hashes:     25
c [appmc] [    0.03 ] bounded_sol_count looking for   73 solutions -- hashes active: 25
c [appmc] repeat solutions:     30 checked:    415 out of:    426
c [appmc] [    0.03 ] round:  0 hashes:     24
c [appmc] [    0.03 ] bounded_sol_count looking for   73 solutions -- hashes active: 24
c [appmc] repeat solutions:     82 checked:    415 out of:    460
c [appmc] simplifying
c [appmc] [    0.03 ] round:  1 hashes:     25
c [appmc] [    0.03 ] bounded_sol_count looking for   73 solutions -- hashes active: 25
c [appmc] repeat solutions:      0 checked:     73 out of:     73
c [appmc] [    0.03 ] round:  1 hashes:     24
c [appmc] [    0.03 ] bounded_sol_count looking for   73 solutions -- hashes active: 24
c [appmc] repeat solutions:     64 checked:     73 out of:    137
c [appmc] simplifying
c [appmc] [    0.04 ] round:  2 hashes:     25
c [appmc] [    0.04 ] bounded_sol_count looking for   73 solutions -- hashes active: 25
c [appmc] repeat solutions:      0 checked:     73 out of:     73
c [appmc] [    0.04 ] round:  2 hashes:     24
c [appmc] [    0.04 ] bounded_sol_count looking for   73 solutions -- hashes active: 24
c [appmc] repeat solutions:     64 checked:     73 out of:    137
c [appmc] simplifying
c [appmc] [    0.04 ] round:  3 hashes:     25
c [appmc] [    0.04 ] bounded_sol_count looking for   73 solutions -- hashes active: 25
c [appmc] repeat solutions:      0 checked:     73 out of:     73
c [appmc] [    0.05 ] round:  3 hashes:     24
c [appmc] [    0.05 ] bounded_sol_count looking for   73 solutions -- hashes active: 24
c [appmc] repeat solutions:     64 checked:     73 out of:    137
c [appmc] simplifying
c [appmc] [    0.05 ] round:  4 hashes:     25
c [appmc] [    0.05 ] bounded_sol_count looking for   73 solutions -- hashes active: 25
c [appmc] repeat solutions:      0 checked:     73 out of:     73
c [appmc] [    0.05 ] round:  4 hashes:     24
c [appmc] [    0.05 ] bounded_sol_count looking for   73 solutions -- hashes active: 24
c [appmc] repeat solutions:     64 checked:     73 out of:    137
c [appmc] simplifying
c [appmc] [    0.06 ] round:  5 hashes:     25
c [appmc] [    0.06 ] bounded_sol_count looking for   73 solutions -- hashes active: 25
c [appmc] repeat solutions:      0 checked:     73 out of:     73
c [appmc] [    0.06 ] round:  5 hashes:     24
c [appmc] [    0.06 ] bounded_sol_count looking for   73 solutions -- hashes active: 24
c [appmc] repeat solutions:     64 checked:     73 out of:    137
c [appmc] simplifying
c [appmc] [    0.07 ] round:  6 hashes:     25
c [appmc] [    0.07 ] bounded_sol_count looking for   73 solutions -- hashes active: 25
c [appmc] repeat solutions:      0 checked:     73 out of:     73
c [appmc] [    0.07 ] round:  6 hashes:     24
c [appmc] [    0.07 ] bounded_sol_count looking for   73 solutions -- hashes active: 24
c [appmc] repeat solutions:     64 checked:     73 out of:    137
c [appmc] simplifying
c [appmc] [    0.08 ] round:  7 hashes:     25
c [appmc] [    0.08 ] bounded_sol_count looking for   73 solutions -- hashes active: 25
c [appmc] repeat solutions:      0 checked:     73 out of:     73
c [appmc] [    0.08 ] round:  7 hashes:     24
c [appmc] [    0.08 ] bounded_sol_count looking for   73 solutions -- hashes active: 24
c [appmc] repeat solutions:     64 checked:     73 out of:    137
c [appmc] simplifying
c [appmc] [    0.08 ] round:  8 hashes:     25
c [appmc] [    0.08 ] bounded_sol_count looking for   73 solutions -- hashes active: 25
c [appmc] repeat solutions:      0 checked:     73 out of:     73
c [appmc] [    0.09 ] round:  8 hashes:     24
c [appmc] [    0.09 ] bounded_sol_count looking for   73 solutions -- hashes active: 24
c [appmc] repeat solutions:     64 checked:     73 out of:    137
c [appmc] ApproxMC T: 0.09 s
c ------- FINAL TOTAL SEARCH STATS ---------
c UIP search time          : 0.02        (17.10     % time)
c restarts                 : 1054        (0.95      confls per restart)
c blocked restarts         : 0           (0.00      per normal restart)
c time                     : 0.02        
c decisions                : 137617      (0.00      % random)
c propagations             : 191K        (12076K    props/s)
c decisions/conflicts      : 137.89      
c conflicts                : 998         
c conf lits non-minim      : 37333       (37.41     lit/confl)
c conf lits final          : 29.66       
c red which0               : 0           (0.00      % of confl)
c props/decision           : 0.00        
c props/conflict           : 0.00        
c 0-depth assigns          : 48          (20.78     % vars)
c 0-depth assigns by CNF   : 48          (20.78     % vars)
c reduceDB time            : 0.00        (0.00      % time)
c OccSimplifier time       : 0.02        (21.32     % time)
c [occur] 0.00 is overhead
c [occur] link-in T: 0.00 cleanup T: 0.00
c [occ-substr] long subBySub: 9 subByStr: 144 lits-rem-str: 18 T: 0.02
c SCC time                 : 0.00        (0.00      % time)
c [scc] new: 72 BP 0M  T: 0.00
c vrep replace time        : 0.00        (0.00      % time)
c vrep tree roots          : 33          
c vrep trees' crown        : 72          (2.18      leafs/tree)
c distill long time        : 0.00        (0.00      % time)
c distill bin time         : 0.00        (0.00      % time)
c strength cache-irred time: 0.00        (0.00      % time)
c strength cache-red time  : 0.00        (0.00      % time)
c avg cls in red 0         : 0.00        
c avg cls in red 1         : 0.00        
c avg cls in red 2         : 89.37       
c Conflicts in UIP         : 998         (10743.43  confl/time_this_thread)
c Max Memory (rss) used    : 8888 kB     
c Total time (this thread) : 0.09        
c [appmc+arjun] Total time: 0.09
c [appmc] Number of solutions is: 64*2**25
s SATISFIABLE
s mc 2147483648
