** CON **
[runlim] version:		1.10
[runlim] time limit:		311040000 seconds
[runlim] real time limit:	300 seconds
[runlim] space limit:		2048 MB
[runlim] argv[0]:		ganak
[runlim] argv[1]:		-t
[runlim] argv[2]:		300
[runlim] argv[3]:		-cs
[runlim] argv[4]:		1024
[runlim] argv[5]:		-seed
[runlim] argv[6]:		04
[runlim] argv[7]:		/experiments/results/for_bounded_loop1-2.c/04/counterSharp/con.dimacs
[runlim] start:			Sun Nov  1 10:30:36 2020
[runlim] main pid:		4474
[runlim] end:			Sun Nov  1 10:30:37 2020
[runlim] status:		ok
[runlim] result:		0
[runlim] children:		0
[runlim] real:			1.18 seconds
[runlim] time:			0.98 seconds
[runlim] space:			173.7 MB
[runlim] samples:		10
** AMM **
[runlim] version:		1.10
[runlim] time limit:		311040000 seconds
[runlim] real time limit:	300 seconds
[runlim] space limit:		2048 MB
[runlim] argv[0]:		ganak
[runlim] argv[1]:		-t
[runlim] argv[2]:		300
[runlim] argv[3]:		-cs
[runlim] argv[4]:		1024
[runlim] argv[5]:		-seed
[runlim] argv[6]:		04
[runlim] argv[7]:		/experiments/results/for_bounded_loop1-2.c/04/counterSharp/amm.dimacs
[runlim] start:			Sun Nov  1 10:30:37 2020
[runlim] main pid:		4476
[runlim] sample:		10.0 time, 10.2 real, 176.5 MB
[runlim] sample:		20.0 time, 20.2 real, 179.8 MB
[runlim] sample:		30.0 time, 30.2 real, 184.2 MB
[runlim] sample:		40.0 time, 40.2 real, 184.2 MB
[runlim] sample:		50.0 time, 50.2 real, 373.3 MB
[runlim] sample:		60.0 time, 60.2 real, 525.3 MB
[runlim] sample:		70.0 time, 70.2 real, 1794.9 MB
[runlim] end:			Sun Nov  1 10:31:49 2020
[runlim] status:		out of memory
[runlim] result:		3
[runlim] children:		0
[runlim] real:			72.32 seconds
[runlim] time:			72.08 seconds
[runlim] space:			2061.5 MB
[runlim] samples:		721
** AMH **
[runlim] version:		1.10
[runlim] time limit:		311040000 seconds
[runlim] real time limit:	300 seconds
[runlim] space limit:		2048 MB
[runlim] argv[0]:		ganak
[runlim] argv[1]:		-t
[runlim] argv[2]:		300
[runlim] argv[3]:		-cs
[runlim] argv[4]:		1024
[runlim] argv[5]:		-seed
[runlim] argv[6]:		04
[runlim] argv[7]:		/experiments/results/for_bounded_loop1-2.c/04/counterSharp/amh.dimacs
[runlim] start:			Sun Nov  1 10:31:49 2020
[runlim] main pid:		4478
[runlim] sample:		10.0 time, 10.3 real, 176.3 MB
[runlim] sample:		20.0 time, 20.3 real, 177.0 MB
[runlim] sample:		30.0 time, 30.3 real, 177.8 MB
[runlim] sample:		40.0 time, 40.3 real, 179.6 MB
[runlim] sample:		50.0 time, 50.3 real, 181.4 MB
[runlim] sample:		60.0 time, 60.3 real, 183.2 MB
[runlim] sample:		70.0 time, 70.3 real, 184.0 MB
[runlim] sample:		80.0 time, 80.3 real, 184.8 MB
[runlim] sample:		90.0 time, 90.3 real, 185.3 MB
[runlim] sample:		100.0 time, 100.3 real, 185.3 MB
[runlim] sample:		110.0 time, 110.3 real, 185.3 MB
[runlim] sample:		120.0 time, 120.3 real, 185.3 MB
[runlim] sample:		130.0 time, 130.3 real, 185.3 MB
[runlim] sample:		140.0 time, 140.3 real, 185.3 MB
[runlim] sample:		150.0 time, 150.3 real, 185.3 MB
[runlim] sample:		160.0 time, 160.3 real, 185.3 MB
[runlim] sample:		169.9 time, 170.3 real, 211.6 MB
[runlim] end:			Sun Nov  1 10:34:42 2020
[runlim] status:		out of memory
[runlim] result:		3
[runlim] children:		0
[runlim] real:			173.28 seconds
[runlim] time:			172.85 seconds
[runlim] space:			2213.1 MB
[runlim] samples:		1729
** ASM **
[runlim] version:		1.10
[runlim] time limit:		311040000 seconds
[runlim] real time limit:	300 seconds
[runlim] space limit:		2048 MB
[runlim] argv[0]:		ganak
[runlim] argv[1]:		-t
[runlim] argv[2]:		300
[runlim] argv[3]:		-cs
[runlim] argv[4]:		1024
[runlim] argv[5]:		-seed
[runlim] argv[6]:		04
[runlim] argv[7]:		/experiments/results/for_bounded_loop1-2.c/04/counterSharp/asm.dimacs
[runlim] start:			Sun Nov  1 10:34:42 2020
[runlim] main pid:		4480
[runlim] sample:		10.0 time, 10.3 real, 176.8 MB
[runlim] sample:		20.0 time, 20.3 real, 177.5 MB
[runlim] sample:		30.0 time, 30.3 real, 178.6 MB
[runlim] sample:		40.0 time, 40.3 real, 180.1 MB
[runlim] sample:		50.0 time, 50.3 real, 181.9 MB
[runlim] sample:		60.0 time, 60.3 real, 183.7 MB
[runlim] sample:		70.0 time, 70.3 real, 184.5 MB
[runlim] sample:		80.0 time, 80.3 real, 185.3 MB
[runlim] sample:		90.0 time, 90.3 real, 185.8 MB
[runlim] sample:		100.0 time, 100.3 real, 185.8 MB
[runlim] sample:		110.0 time, 110.3 real, 185.8 MB
[runlim] sample:		120.0 time, 120.3 real, 185.8 MB
[runlim] sample:		130.0 time, 130.3 real, 185.8 MB
[runlim] sample:		140.0 time, 140.3 real, 185.8 MB
[runlim] sample:		150.0 time, 150.3 real, 185.8 MB
[runlim] sample:		160.0 time, 160.3 real, 185.8 MB
[runlim] sample:		170.0 time, 170.3 real, 212.7 MB
[runlim] end:			Sun Nov  1 10:37:35 2020
[runlim] status:		out of memory
[runlim] result:		3
[runlim] children:		0
[runlim] real:			173.25 seconds
[runlim] time:			172.87 seconds
[runlim] space:			2192.6 MB
[runlim] samples:		1729
** ASH **
[runlim] version:		1.10
[runlim] time limit:		311040000 seconds
[runlim] real time limit:	300 seconds
[runlim] space limit:		2048 MB
[runlim] argv[0]:		ganak
[runlim] argv[1]:		-t
[runlim] argv[2]:		300
[runlim] argv[3]:		-cs
[runlim] argv[4]:		1024
[runlim] argv[5]:		-seed
[runlim] argv[6]:		04
[runlim] argv[7]:		/experiments/results/for_bounded_loop1-2.c/04/counterSharp/ash.dimacs
[runlim] start:			Sun Nov  1 10:37:35 2020
[runlim] main pid:		4482
[runlim] sample:		10.0 time, 10.3 real, 176.0 MB
[runlim] sample:		20.0 time, 20.3 real, 176.5 MB
[runlim] sample:		30.0 time, 30.3 real, 177.3 MB
[runlim] sample:		40.0 time, 40.3 real, 178.6 MB
[runlim] sample:		50.0 time, 50.3 real, 179.6 MB
[runlim] sample:		60.0 time, 60.3 real, 180.4 MB
[runlim] sample:		70.0 time, 70.3 real, 181.2 MB
[runlim] sample:		80.0 time, 80.3 real, 181.7 MB
[runlim] sample:		90.0 time, 90.3 real, 182.2 MB
[runlim] sample:		100.0 time, 100.3 real, 182.4 MB
[runlim] sample:		110.0 time, 110.3 real, 183.0 MB
[runlim] sample:		120.0 time, 120.3 real, 183.0 MB
[runlim] sample:		130.0 time, 130.3 real, 183.0 MB
[runlim] sample:		140.0 time, 140.3 real, 183.0 MB
[runlim] sample:		150.0 time, 150.3 real, 183.0 MB
[runlim] sample:		160.0 time, 160.3 real, 183.0 MB
[runlim] sample:		170.0 time, 170.3 real, 183.0 MB
[runlim] sample:		180.0 time, 180.3 real, 183.0 MB
[runlim] sample:		190.0 time, 190.3 real, 183.0 MB
[runlim] sample:		200.0 time, 200.3 real, 183.0 MB
[runlim] sample:		210.0 time, 210.3 real, 183.0 MB
[runlim] sample:		220.0 time, 220.3 real, 945.0 MB
[runlim] end:			Sun Nov  1 10:41:16 2020
[runlim] status:		out of memory
[runlim] result:		3
[runlim] children:		0
[runlim] real:			221.91 seconds
[runlim] time:			221.56 seconds
[runlim] space:			2099.0 MB
[runlim] samples:		2216
