** CON **
[runlim] version:		1.10
[runlim] time limit:		311040000 seconds
[runlim] real time limit:	300 seconds
[runlim] space limit:		2048 MB
[runlim] argv[0]:		approxmc
[runlim] argv[1]:		--sparse
[runlim] argv[2]:		1
[runlim] argv[3]:		-s
[runlim] argv[4]:		01
[runlim] argv[5]:		/experiments/results/usqrt.c/01/counterSharp/con.dimacs
[runlim] start:			Mon Nov  9 10:40:56 2020
[runlim] main pid:		206
ERROR! Could not open file '/experiments/results/usqrt.c/01/counterSharp/con.dimacs' for reading: No such file or directory
[runlim] end:			Mon Nov  9 10:40:56 2020
[runlim] status:		ok
[runlim] result:		0
[runlim] children:		0
[runlim] real:			0.55 seconds
[runlim] time:			0.00 seconds
[runlim] space:			0.0 MB
[runlim] samples:		0
** AMM **
[runlim] version:		1.10
[runlim] time limit:		311040000 seconds
[runlim] real time limit:	300 seconds
[runlim] space limit:		2048 MB
[runlim] argv[0]:		approxmc
[runlim] argv[1]:		--sparse
[runlim] argv[2]:		1
[runlim] argv[3]:		-s
[runlim] argv[4]:		01
[runlim] argv[5]:		/experiments/results/usqrt.c/01/counterSharp/amm.dimacs
[runlim] start:			Mon Nov  9 10:40:56 2020
[runlim] main pid:		208
[runlim] end:			Mon Nov  9 10:40:58 2020
[runlim] status:		ok
[runlim] result:		0
[runlim] children:		0
[runlim] real:			2.59 seconds
[runlim] time:			1.99 seconds
[runlim] space:			15.4 MB
[runlim] samples:		20
** AMH **
[runlim] version:		1.10
[runlim] time limit:		311040000 seconds
[runlim] real time limit:	300 seconds
[runlim] space limit:		2048 MB
[runlim] argv[0]:		approxmc
[runlim] argv[1]:		--sparse
[runlim] argv[2]:		1
[runlim] argv[3]:		-s
[runlim] argv[4]:		01
[runlim] argv[5]:		/experiments/results/usqrt.c/01/counterSharp/amh.dimacs
[runlim] start:			Mon Nov  9 10:40:58 2020
[runlim] main pid:		210
[runlim] end:			Mon Nov  9 10:41:01 2020
[runlim] status:		ok
[runlim] result:		0
[runlim] children:		0
[runlim] real:			3.13 seconds
[runlim] time:			2.49 seconds
[runlim] space:			15.3 MB
[runlim] samples:		25
** ASM **
[runlim] version:		1.10
[runlim] time limit:		311040000 seconds
[runlim] real time limit:	300 seconds
[runlim] space limit:		2048 MB
[runlim] argv[0]:		approxmc
[runlim] argv[1]:		--sparse
[runlim] argv[2]:		1
[runlim] argv[3]:		-s
[runlim] argv[4]:		01
[runlim] argv[5]:		/experiments/results/usqrt.c/01/counterSharp/asm.dimacs
[runlim] start:			Mon Nov  9 10:41:01 2020
[runlim] main pid:		212
[runlim] sample:		10.0 time, 10.1 real, 24.1 MB
[runlim] sample:		20.0 time, 20.1 real, 35.6 MB
[runlim] sample:		30.0 time, 30.1 real, 35.8 MB
[runlim] sample:		40.0 time, 40.1 real, 47.7 MB
[runlim] sample:		50.0 time, 50.1 real, 49.7 MB
[runlim] sample:		60.0 time, 60.1 real, 49.7 MB
[runlim] sample:		70.0 time, 70.1 real, 51.7 MB
[runlim] sample:		80.0 time, 80.1 real, 53.7 MB
[runlim] sample:		90.0 time, 90.1 real, 53.7 MB
[runlim] sample:		100.0 time, 100.1 real, 54.0 MB
[runlim] end:			Mon Nov  9 10:42:45 2020
[runlim] status:		ok
[runlim] result:		0
[runlim] children:		0
[runlim] real:			104.31 seconds
[runlim] time:			104.06 seconds
[runlim] space:			54.0 MB
[runlim] samples:		1041
** ASH **
[runlim] version:		1.10
[runlim] time limit:		311040000 seconds
[runlim] real time limit:	300 seconds
[runlim] space limit:		2048 MB
[runlim] argv[0]:		approxmc
[runlim] argv[1]:		--sparse
[runlim] argv[2]:		1
[runlim] argv[3]:		-s
[runlim] argv[4]:		01
[runlim] argv[5]:		/experiments/results/usqrt.c/01/counterSharp/ash.dimacs
[runlim] start:			Mon Nov  9 10:42:45 2020
[runlim] main pid:		214
[runlim] end:			Mon Nov  9 10:42:47 2020
[runlim] status:		ok
[runlim] result:		0
[runlim] children:		0
[runlim] real:			2.91 seconds
[runlim] time:			2.58 seconds
[runlim] space:			15.7 MB
[runlim] samples:		26
