** CON **
[runlim] version:		1.10
[runlim] time limit:		311040000 seconds
[runlim] real time limit:	300 seconds
[runlim] space limit:		2048 MB
[runlim] argv[0]:		approxmc
[runlim] argv[1]:		--sparse
[runlim] argv[2]:		1
[runlim] argv[3]:		-s
[runlim] argv[4]:		04
[runlim] argv[5]:		/experiments/results/Waldkirch-2.c/04/counterSharp/con.dimacs
[runlim] start:			Mon Nov  9 19:01:48 2020
[runlim] main pid:		6461
[runlim] sample:		10.0 time, 10.1 real, 111.2 MB
[runlim] end:			Mon Nov  9 19:02:00 2020
[runlim] status:		ok
[runlim] result:		0
[runlim] children:		0
[runlim] real:			12.04 seconds
[runlim] time:			11.88 seconds
[runlim] space:			111.2 MB
[runlim] samples:		119
** AMM **
[runlim] version:		1.10
[runlim] time limit:		311040000 seconds
[runlim] real time limit:	300 seconds
[runlim] space limit:		2048 MB
[runlim] argv[0]:		approxmc
[runlim] argv[1]:		--sparse
[runlim] argv[2]:		1
[runlim] argv[3]:		-s
[runlim] argv[4]:		04
[runlim] argv[5]:		/experiments/results/Waldkirch-2.c/04/counterSharp/amm.dimacs
[runlim] start:			Mon Nov  9 19:02:00 2020
[runlim] main pid:		6463
[runlim] sample:		10.0 time, 10.0 real, 105.8 MB
[runlim] sample:		20.0 time, 20.0 real, 141.7 MB
[runlim] sample:		30.0 time, 30.0 real, 153.8 MB
[runlim] sample:		40.0 time, 40.0 real, 158.9 MB
[runlim] sample:		50.0 time, 50.0 real, 119.5 MB
[runlim] sample:		60.0 time, 60.0 real, 166.6 MB
[runlim] sample:		70.0 time, 70.0 real, 119.7 MB
[runlim] sample:		80.0 time, 80.0 real, 120.0 MB
[runlim] sample:		90.0 time, 90.0 real, 168.4 MB
[runlim] sample:		100.0 time, 100.0 real, 123.9 MB
[runlim] sample:		110.0 time, 110.0 real, 165.0 MB
[runlim] sample:		120.0 time, 120.0 real, 118.8 MB
[runlim] sample:		129.9 time, 130.0 real, 166.5 MB
[runlim] sample:		139.9 time, 140.0 real, 166.6 MB
[runlim] sample:		149.9 time, 150.0 real, 121.6 MB
[runlim] sample:		159.9 time, 160.0 real, 167.6 MB
[runlim] sample:		169.9 time, 170.0 real, 122.4 MB
[runlim] sample:		179.9 time, 180.0 real, 168.9 MB
[runlim] end:			Mon Nov  9 19:05:01 2020
[runlim] status:		ok
[runlim] result:		0
[runlim] children:		0
[runlim] real:			181.11 seconds
[runlim] time:			180.95 seconds
[runlim] space:			170.3 MB
[runlim] samples:		1810
** AMH **
[runlim] version:		1.10
[runlim] time limit:		311040000 seconds
[runlim] real time limit:	300 seconds
[runlim] space limit:		2048 MB
[runlim] argv[0]:		approxmc
[runlim] argv[1]:		--sparse
[runlim] argv[2]:		1
[runlim] argv[3]:		-s
[runlim] argv[4]:		04
[runlim] argv[5]:		/experiments/results/Waldkirch-2.c/04/counterSharp/amh.dimacs
[runlim] start:			Mon Nov  9 19:05:01 2020
[runlim] main pid:		6465
[runlim] sample:		10.0 time, 10.1 real, 102.6 MB
[runlim] sample:		20.0 time, 20.1 real, 127.4 MB
[runlim] sample:		30.0 time, 30.1 real, 92.4 MB
[runlim] sample:		40.0 time, 40.1 real, 172.4 MB
[runlim] sample:		50.0 time, 50.1 real, 124.2 MB
[runlim] sample:		60.0 time, 60.1 real, 124.4 MB
[runlim] sample:		70.0 time, 70.1 real, 168.0 MB
[runlim] sample:		80.0 time, 80.1 real, 167.6 MB
[runlim] sample:		90.0 time, 90.1 real, 124.7 MB
[runlim] sample:		100.0 time, 100.1 real, 124.8 MB
[runlim] sample:		110.0 time, 110.1 real, 164.4 MB
[runlim] sample:		120.0 time, 120.1 real, 165.8 MB
[runlim] sample:		130.0 time, 130.1 real, 165.9 MB
[runlim] end:			Mon Nov  9 19:07:11 2020
[runlim] status:		ok
[runlim] result:		0
[runlim] children:		0
[runlim] real:			130.51 seconds
[runlim] time:			130.36 seconds
[runlim] space:			172.7 MB
[runlim] samples:		1304
** ASM **
[runlim] version:		1.10
[runlim] time limit:		311040000 seconds
[runlim] real time limit:	300 seconds
[runlim] space limit:		2048 MB
[runlim] argv[0]:		approxmc
[runlim] argv[1]:		--sparse
[runlim] argv[2]:		1
[runlim] argv[3]:		-s
[runlim] argv[4]:		04
[runlim] argv[5]:		/experiments/results/Waldkirch-2.c/04/counterSharp/asm.dimacs
[runlim] start:			Mon Nov  9 19:07:11 2020
[runlim] main pid:		6467
[runlim] sample:		10.0 time, 10.5 real, 85.8 MB
[runlim] sample:		20.0 time, 20.5 real, 100.0 MB
[runlim] sample:		30.0 time, 30.5 real, 102.1 MB
[runlim] sample:		40.0 time, 40.5 real, 105.2 MB
[runlim] sample:		50.0 time, 50.5 real, 104.8 MB
[runlim] sample:		60.0 time, 60.5 real, 104.7 MB
[runlim] end:			Mon Nov  9 19:08:21 2020
[runlim] status:		ok
[runlim] result:		0
[runlim] children:		0
[runlim] real:			70.39 seconds
[runlim] time:			69.77 seconds
[runlim] space:			105.2 MB
[runlim] samples:		698
** ASH **
[runlim] version:		1.10
[runlim] time limit:		311040000 seconds
[runlim] real time limit:	300 seconds
[runlim] space limit:		2048 MB
[runlim] argv[0]:		approxmc
[runlim] argv[1]:		--sparse
[runlim] argv[2]:		1
[runlim] argv[3]:		-s
[runlim] argv[4]:		04
[runlim] argv[5]:		/experiments/results/Waldkirch-2.c/04/counterSharp/ash.dimacs
[runlim] start:			Mon Nov  9 19:08:21 2020
[runlim] main pid:		6469
[runlim] sample:		10.0 time, 10.4 real, 103.3 MB
[runlim] sample:		20.0 time, 20.4 real, 134.8 MB
[runlim] sample:		30.0 time, 30.4 real, 116.3 MB
[runlim] sample:		40.0 time, 40.4 real, 116.4 MB
[runlim] sample:		50.0 time, 50.4 real, 164.8 MB
[runlim] sample:		60.0 time, 60.4 real, 169.7 MB
[runlim] sample:		70.0 time, 70.4 real, 120.8 MB
[runlim] sample:		80.0 time, 80.4 real, 187.1 MB
[runlim] sample:		90.0 time, 90.4 real, 190.4 MB
[runlim] sample:		100.0 time, 100.4 real, 145.2 MB
[runlim] sample:		110.0 time, 110.4 real, 145.3 MB
[runlim] sample:		120.0 time, 120.4 real, 190.7 MB
[runlim] sample:		130.0 time, 130.4 real, 146.3 MB
[runlim] end:			Mon Nov  9 19:10:37 2020
[runlim] status:		ok
[runlim] result:		0
[runlim] children:		0
[runlim] real:			136.79 seconds
[runlim] time:			136.26 seconds
[runlim] space:			190.7 MB
[runlim] samples:		1363
