** CON **
[runlim] version:		1.10
[runlim] time limit:		311040000 seconds
[runlim] real time limit:	300 seconds
[runlim] space limit:		2048 MB
[runlim] argv[0]:		approxmc
[runlim] argv[1]:		-s
[runlim] argv[2]:		05
[runlim] argv[3]:		/experiments/results/bwd_loop7-2.c/05/counterSharp/con.dimacs
[runlim] start:			Mon Aug  8 17:59:00 2022
[runlim] main pid:		2054
ERROR! Could not open file '/experiments/results/bwd_loop7-2.c/05/counterSharp/con.dimacs' for reading: No such file or directory
[runlim] end:			Mon Aug  8 17:59:00 2022
[runlim] status:		ok
[runlim] result:		0
[runlim] children:		0
[runlim] real:			0.73 seconds
[runlim] time:			0.00 seconds
[runlim] space:			0.0 MB
[runlim] samples:		0
** AMM **
[runlim] version:		1.10
[runlim] time limit:		311040000 seconds
[runlim] real time limit:	300 seconds
[runlim] space limit:		2048 MB
[runlim] argv[0]:		approxmc
[runlim] argv[1]:		-s
[runlim] argv[2]:		05
[runlim] argv[3]:		/experiments/results/bwd_loop7-2.c/05/counterSharp/amm.dimacs
[runlim] start:			Mon Aug  8 17:59:00 2022
[runlim] main pid:		2056
[runlim] end:			Mon Aug  8 17:59:05 2022
[runlim] status:		ok
[runlim] result:		0
[runlim] children:		0
[runlim] real:			5.80 seconds
[runlim] time:			4.87 seconds
[runlim] space:			61.1 MB
[runlim] samples:		50
** AMH **
[runlim] version:		1.10
[runlim] time limit:		311040000 seconds
[runlim] real time limit:	300 seconds
[runlim] space limit:		2048 MB
[runlim] argv[0]:		approxmc
[runlim] argv[1]:		-s
[runlim] argv[2]:		05
[runlim] argv[3]:		/experiments/results/bwd_loop7-2.c/05/counterSharp/amh.dimacs
[runlim] start:			Mon Aug  8 17:59:05 2022
[runlim] main pid:		2058
[runlim] end:			Mon Aug  8 17:59:10 2022
[runlim] status:		ok
[runlim] result:		0
[runlim] children:		0
[runlim] real:			5.74 seconds
[runlim] time:			4.85 seconds
[runlim] space:			53.5 MB
[runlim] samples:		49
** ASM **
[runlim] version:		1.10
[runlim] time limit:		311040000 seconds
[runlim] real time limit:	300 seconds
[runlim] space limit:		2048 MB
[runlim] argv[0]:		approxmc
[runlim] argv[1]:		-s
[runlim] argv[2]:		05
[runlim] argv[3]:		/experiments/results/bwd_loop7-2.c/05/counterSharp/asm.dimacs
[runlim] start:			Mon Aug  8 17:59:10 2022
[runlim] main pid:		2060
[runlim] sample:		9.9 time, 10.7 real, 54.0 MB
[runlim] end:			Mon Aug  8 17:59:25 2022
[runlim] status:		ok
[runlim] result:		0
[runlim] children:		0
[runlim] real:			15.71 seconds
[runlim] time:			14.84 seconds
[runlim] space:			65.6 MB
[runlim] samples:		149
** ASH **
[runlim] version:		1.10
[runlim] time limit:		311040000 seconds
[runlim] real time limit:	300 seconds
[runlim] space limit:		2048 MB
[runlim] argv[0]:		approxmc
[runlim] argv[1]:		-s
[runlim] argv[2]:		05
[runlim] argv[3]:		/experiments/results/bwd_loop7-2.c/05/counterSharp/ash.dimacs
[runlim] start:			Mon Aug  8 17:59:25 2022
[runlim] main pid:		2062
[runlim] end:			Mon Aug  8 17:59:32 2022
[runlim] status:		ok
[runlim] result:		0
[runlim] children:		0
[runlim] real:			7.72 seconds
[runlim] time:			6.97 seconds
[runlim] space:			59.6 MB
[runlim] samples:		70
