** CON **
[runlim] version:		1.10
[runlim] time limit:		311040000 seconds
[runlim] real time limit:	300 seconds
[runlim] space limit:		2048 MB
[runlim] argv[0]:		approxmc
[runlim] argv[1]:		--sparse
[runlim] argv[2]:		1
[runlim] argv[3]:		-s
[runlim] argv[4]:		01
[runlim] argv[5]:		/experiments/results/example7a-2.c/01/counterSharp/con.dimacs
[runlim] start:			Fri Oct 30 13:46:01 2020
[runlim] main pid:		3388
[runlim] sample:		10.0 time, 11.0 real, 157.7 MB
approxmc: /approxmc/src/counter.cpp:447: ApproxMC::SolCount Counter::count(): Assertion `numHashList.size() > 0 && "UNSAT should not be possible"' failed.
[runlim] end:			Fri Oct 30 13:46:19 2020
[runlim] status:		signal(6)
[runlim] result:		11
[runlim] children:		0
[runlim] real:			18.66 seconds
[runlim] time:			17.55 seconds
[runlim] space:			161.5 MB
[runlim] samples:		176
** AMM **
[runlim] version:		1.10
[runlim] time limit:		311040000 seconds
[runlim] real time limit:	300 seconds
[runlim] space limit:		2048 MB
[runlim] argv[0]:		approxmc
[runlim] argv[1]:		--sparse
[runlim] argv[2]:		1
[runlim] argv[3]:		-s
[runlim] argv[4]:		01
[runlim] argv[5]:		/experiments/results/example7a-2.c/01/counterSharp/amm.dimacs
[runlim] start:			Fri Oct 30 13:46:19 2020
[runlim] main pid:		3390
[runlim] sample:		10.0 time, 10.7 real, 253.1 MB
[runlim] sample:		20.0 time, 20.7 real, 194.8 MB
[runlim] end:			Fri Oct 30 13:46:42 2020
[runlim] status:		ok
[runlim] result:		0
[runlim] children:		0
[runlim] real:			23.53 seconds
[runlim] time:			22.78 seconds
[runlim] space:			282.7 MB
[runlim] samples:		228
** AMH **
[runlim] version:		1.10
[runlim] time limit:		311040000 seconds
[runlim] real time limit:	300 seconds
[runlim] space limit:		2048 MB
[runlim] argv[0]:		approxmc
[runlim] argv[1]:		--sparse
[runlim] argv[2]:		1
[runlim] argv[3]:		-s
[runlim] argv[4]:		01
[runlim] argv[5]:		/experiments/results/example7a-2.c/01/counterSharp/amh.dimacs
[runlim] start:			Fri Oct 30 13:46:42 2020
[runlim] main pid:		3392
[runlim] sample:		10.0 time, 10.5 real, 328.0 MB
[runlim] sample:		20.0 time, 20.5 real, 194.1 MB
[runlim] sample:		30.0 time, 30.5 real, 238.4 MB
[runlim] sample:		40.0 time, 40.5 real, 261.4 MB
[runlim] sample:		50.0 time, 50.5 real, 288.2 MB
[runlim] sample:		60.0 time, 60.5 real, 306.0 MB
[runlim] sample:		70.0 time, 70.5 real, 378.6 MB
[runlim] sample:		80.0 time, 80.5 real, 380.1 MB
[runlim] sample:		90.0 time, 90.5 real, 275.5 MB
[runlim] sample:		100.0 time, 100.5 real, 298.2 MB
[runlim] sample:		110.0 time, 110.5 real, 400.3 MB
[runlim] sample:		120.0 time, 120.5 real, 402.3 MB
[runlim] sample:		129.9 time, 130.5 real, 300.2 MB
[runlim] sample:		139.9 time, 140.5 real, 402.1 MB
[runlim] sample:		149.9 time, 150.5 real, 402.1 MB
[runlim] sample:		159.9 time, 160.5 real, 402.1 MB
[runlim] sample:		169.9 time, 170.5 real, 300.2 MB
[runlim] sample:		179.9 time, 180.5 real, 402.1 MB
[runlim] sample:		189.9 time, 190.5 real, 402.1 MB
[runlim] sample:		199.9 time, 200.5 real, 402.1 MB
[runlim] sample:		209.9 time, 210.5 real, 300.2 MB
[runlim] sample:		219.9 time, 220.5 real, 400.9 MB
[runlim] sample:		229.9 time, 230.5 real, 400.9 MB
[runlim] sample:		239.9 time, 240.5 real, 400.9 MB
[runlim] sample:		249.9 time, 250.5 real, 400.9 MB
[runlim] sample:		259.9 time, 260.5 real, 400.9 MB
[runlim] sample:		269.9 time, 270.5 real, 400.9 MB
[runlim] sample:		279.9 time, 280.5 real, 300.2 MB
[runlim] sample:		289.9 time, 290.5 real, 300.2 MB
[runlim] end:			Fri Oct 30 13:51:42 2020
[runlim] status:		out of time
[runlim] result:		2
[runlim] children:		0
[runlim] real:			300.06 seconds
[runlim] time:			299.44 seconds
[runlim] space:			492.4 MB
[runlim] samples:		2995
** ASM **
[runlim] version:		1.10
[runlim] time limit:		311040000 seconds
[runlim] real time limit:	300 seconds
[runlim] space limit:		2048 MB
[runlim] argv[0]:		approxmc
[runlim] argv[1]:		--sparse
[runlim] argv[2]:		1
[runlim] argv[3]:		-s
[runlim] argv[4]:		01
[runlim] argv[5]:		/experiments/results/example7a-2.c/01/counterSharp/asm.dimacs
[runlim] start:			Fri Oct 30 13:51:42 2020
[runlim] main pid:		3394
[runlim] sample:		10.0 time, 10.1 real, 301.0 MB
[runlim] sample:		20.0 time, 20.1 real, 343.0 MB
[runlim] sample:		29.9 time, 30.1 real, 343.0 MB
[runlim] sample:		40.0 time, 40.1 real, 369.8 MB
[runlim] sample:		50.0 time, 50.1 real, 369.8 MB
[runlim] sample:		60.0 time, 60.1 real, 393.7 MB
[runlim] sample:		70.0 time, 70.1 real, 393.8 MB
[runlim] sample:		80.0 time, 80.1 real, 393.8 MB
[runlim] sample:		90.0 time, 90.1 real, 405.9 MB
[runlim] sample:		100.0 time, 100.1 real, 344.2 MB
[runlim] sample:		110.0 time, 110.1 real, 538.0 MB
[runlim] sample:		120.0 time, 120.1 real, 538.8 MB
[runlim] sample:		129.9 time, 130.1 real, 542.7 MB
[runlim] sample:		139.9 time, 140.1 real, 548.3 MB
[runlim] sample:		149.9 time, 150.1 real, 560.5 MB
[runlim] sample:		159.9 time, 160.1 real, 394.9 MB
[runlim] sample:		169.9 time, 170.1 real, 398.0 MB
[runlim] sample:		179.9 time, 180.1 real, 400.1 MB
[runlim] sample:		189.9 time, 190.1 real, 536.8 MB
[runlim] sample:		199.9 time, 200.1 real, 537.1 MB
[runlim] sample:		209.9 time, 210.1 real, 537.5 MB
[runlim] sample:		219.9 time, 220.1 real, 380.3 MB
[runlim] sample:		229.9 time, 230.1 real, 500.0 MB
[runlim] sample:		239.9 time, 240.1 real, 547.0 MB
[runlim] sample:		249.9 time, 250.1 real, 547.0 MB
[runlim] sample:		259.9 time, 260.1 real, 547.0 MB
[runlim] sample:		269.9 time, 270.1 real, 547.0 MB
[runlim] sample:		279.9 time, 280.1 real, 397.1 MB
[runlim] sample:		289.9 time, 290.1 real, 397.1 MB
[runlim] sample:		299.9 time, 300.1 real, 547.1 MB
[runlim] end:			Fri Oct 30 13:56:42 2020
[runlim] status:		out of time
[runlim] result:		2
[runlim] children:		0
[runlim] real:			300.08 seconds
[runlim] time:			299.92 seconds
[runlim] space:			560.8 MB
[runlim] samples:		3000
** ASH **
[runlim] version:		1.10
[runlim] time limit:		311040000 seconds
[runlim] real time limit:	300 seconds
[runlim] space limit:		2048 MB
[runlim] argv[0]:		approxmc
[runlim] argv[1]:		--sparse
[runlim] argv[2]:		1
[runlim] argv[3]:		-s
[runlim] argv[4]:		01
[runlim] argv[5]:		/experiments/results/example7a-2.c/01/counterSharp/ash.dimacs
[runlim] start:			Fri Oct 30 13:56:42 2020
[runlim] main pid:		3396
[runlim] sample:		10.0 time, 10.1 real, 193.1 MB
[runlim] sample:		20.0 time, 20.1 real, 198.4 MB
[runlim] sample:		30.0 time, 30.1 real, 306.5 MB
[runlim] sample:		40.0 time, 40.1 real, 314.4 MB
[runlim] sample:		50.0 time, 50.1 real, 327.4 MB
[runlim] sample:		60.0 time, 60.1 real, 336.3 MB
[runlim] sample:		70.0 time, 70.1 real, 514.3 MB
[runlim] sample:		80.0 time, 80.1 real, 514.4 MB
[runlim] sample:		90.0 time, 90.1 real, 516.9 MB
[runlim] sample:		100.0 time, 100.1 real, 522.4 MB
[runlim] sample:		110.0 time, 110.1 real, 526.5 MB
[runlim] sample:		120.0 time, 120.1 real, 531.4 MB
[runlim] sample:		130.0 time, 130.1 real, 533.7 MB
[runlim] sample:		140.0 time, 140.1 real, 537.3 MB
[runlim] sample:		149.9 time, 150.1 real, 555.5 MB
[runlim] sample:		159.9 time, 160.1 real, 555.5 MB
[runlim] sample:		169.9 time, 170.1 real, 555.8 MB
[runlim] sample:		179.9 time, 180.1 real, 558.1 MB
[runlim] sample:		189.9 time, 190.1 real, 559.6 MB
[runlim] sample:		199.9 time, 200.1 real, 562.7 MB
[runlim] sample:		209.9 time, 210.1 real, 565.2 MB
[runlim] sample:		219.9 time, 220.1 real, 569.6 MB
[runlim] sample:		229.9 time, 230.1 real, 766.1 MB
[runlim] sample:		239.9 time, 240.1 real, 860.4 MB
[runlim] sample:		249.9 time, 250.1 real, 860.4 MB
[runlim] sample:		259.9 time, 260.1 real, 861.3 MB
[runlim] sample:		269.9 time, 270.1 real, 866.9 MB
[runlim] sample:		279.9 time, 280.1 real, 881.6 MB
[runlim] sample:		289.9 time, 290.1 real, 881.6 MB
[runlim] sample:		299.9 time, 300.1 real, 575.6 MB
[runlim] end:			Fri Oct 30 14:01:42 2020
[runlim] status:		out of time
[runlim] result:		2
[runlim] children:		0
[runlim] real:			300.10 seconds
[runlim] time:			299.90 seconds
[runlim] space:			881.6 MB
[runlim] samples:		3000
