** CON **
[runlim] version:		1.10
[runlim] time limit:		311040000 seconds
[runlim] real time limit:	300 seconds
[runlim] space limit:		2048 MB
[runlim] argv[0]:		approxmc
[runlim] argv[1]:		--sparse
[runlim] argv[2]:		1
[runlim] argv[3]:		-s
[runlim] argv[4]:		01
[runlim] argv[5]:		/experiments/results/example7a.c/01/counterSharp/con.dimacs
[runlim] start:			Fri Oct 30 13:45:29 2020
[runlim] main pid:		3237
approxmc: /approxmc/src/counter.cpp:447: ApproxMC::SolCount Counter::count(): Assertion `numHashList.size() > 0 && "UNSAT should not be possible"' failed.
[runlim] end:			Fri Oct 30 13:45:29 2020
[runlim] status:		signal(6)
[runlim] result:		11
[runlim] children:		0
[runlim] real:			0.94 seconds
[runlim] time:			0.00 seconds
[runlim] space:			0.0 MB
[runlim] samples:		0
** AMM **
[runlim] version:		1.10
[runlim] time limit:		311040000 seconds
[runlim] real time limit:	300 seconds
[runlim] space limit:		2048 MB
[runlim] argv[0]:		approxmc
[runlim] argv[1]:		--sparse
[runlim] argv[2]:		1
[runlim] argv[3]:		-s
[runlim] argv[4]:		01
[runlim] argv[5]:		/experiments/results/example7a.c/01/counterSharp/amm.dimacs
[runlim] start:			Fri Oct 30 13:45:29 2020
[runlim] main pid:		3239
[runlim] end:			Fri Oct 30 13:45:30 2020
[runlim] status:		ok
[runlim] result:		0
[runlim] children:		0
[runlim] real:			1.62 seconds
[runlim] time:			0.59 seconds
[runlim] space:			14.1 MB
[runlim] samples:		6
** AMH **
[runlim] version:		1.10
[runlim] time limit:		311040000 seconds
[runlim] real time limit:	300 seconds
[runlim] space limit:		2048 MB
[runlim] argv[0]:		approxmc
[runlim] argv[1]:		--sparse
[runlim] argv[2]:		1
[runlim] argv[3]:		-s
[runlim] argv[4]:		01
[runlim] argv[5]:		/experiments/results/example7a.c/01/counterSharp/amh.dimacs
[runlim] start:			Fri Oct 30 13:45:30 2020
[runlim] main pid:		3241
[runlim] end:			Fri Oct 30 13:45:30 2020
[runlim] status:		ok
[runlim] result:		0
[runlim] children:		0
[runlim] real:			0.82 seconds
[runlim] time:			0.09 seconds
[runlim] space:			9.5 MB
[runlim] samples:		1
** ASM **
[runlim] version:		1.10
[runlim] time limit:		311040000 seconds
[runlim] real time limit:	300 seconds
[runlim] space limit:		2048 MB
[runlim] argv[0]:		approxmc
[runlim] argv[1]:		--sparse
[runlim] argv[2]:		1
[runlim] argv[3]:		-s
[runlim] argv[4]:		01
[runlim] argv[5]:		/experiments/results/example7a.c/01/counterSharp/asm.dimacs
[runlim] start:			Fri Oct 30 13:45:30 2020
[runlim] main pid:		3243
approxmc: /approxmc/src/counter.cpp:447: ApproxMC::SolCount Counter::count(): Assertion `numHashList.size() > 0 && "UNSAT should not be possible"' failed.
[runlim] end:			Fri Oct 30 13:45:31 2020
[runlim] status:		signal(6)
[runlim] result:		11
[runlim] children:		0
[runlim] real:			1.02 seconds
[runlim] time:			0.15 seconds
[runlim] space:			9.8 MB
[runlim] samples:		2
** ASH **
[runlim] version:		1.10
[runlim] time limit:		311040000 seconds
[runlim] real time limit:	300 seconds
[runlim] space limit:		2048 MB
[runlim] argv[0]:		approxmc
[runlim] argv[1]:		--sparse
[runlim] argv[2]:		1
[runlim] argv[3]:		-s
[runlim] argv[4]:		01
[runlim] argv[5]:		/experiments/results/example7a.c/01/counterSharp/ash.dimacs
[runlim] start:			Fri Oct 30 13:45:31 2020
[runlim] main pid:		3245
approxmc: /approxmc/src/counter.cpp:447: ApproxMC::SolCount Counter::count(): Assertion `numHashList.size() > 0 && "UNSAT should not be possible"' failed.
[runlim] end:			Fri Oct 30 13:45:31 2020
[runlim] status:		signal(6)
[runlim] result:		11
[runlim] children:		0
[runlim] real:			0.28 seconds
[runlim] time:			0.18 seconds
[runlim] space:			9.8 MB
[runlim] samples:		2
