** CON **
[runlim] version:		1.10
[runlim] time limit:		311040000 seconds
[runlim] real time limit:	300 seconds
[runlim] space limit:		2048 MB
[runlim] argv[0]:		approxmc
[runlim] argv[1]:		-s
[runlim] argv[2]:		01
[runlim] argv[3]:		/experiments/results/rangesum05.c/01/counterSharp/con.dimacs
[runlim] start:			Mon Aug  8 16:48:10 2022
[runlim] main pid:		389
ERROR! Could not open file '/experiments/results/rangesum05.c/01/counterSharp/con.dimacs' for reading: No such file or directory
[runlim] end:			Mon Aug  8 16:48:10 2022
[runlim] status:		ok
[runlim] result:		0
[runlim] children:		0
[runlim] real:			0.22 seconds
[runlim] time:			0.00 seconds
[runlim] space:			0.0 MB
[runlim] samples:		0
** AMM **
[runlim] version:		1.10
[runlim] time limit:		311040000 seconds
[runlim] real time limit:	300 seconds
[runlim] space limit:		2048 MB
[runlim] argv[0]:		approxmc
[runlim] argv[1]:		-s
[runlim] argv[2]:		01
[runlim] argv[3]:		/experiments/results/rangesum05.c/01/counterSharp/amm.dimacs
[runlim] start:			Mon Aug  8 16:48:10 2022
[runlim] main pid:		391
ERROR! Could not open file '/experiments/results/rangesum05.c/01/counterSharp/amm.dimacs' for reading: No such file or directory
[runlim] end:			Mon Aug  8 16:48:10 2022
[runlim] status:		ok
[runlim] result:		0
[runlim] children:		0
[runlim] real:			0.23 seconds
[runlim] time:			0.00 seconds
[runlim] space:			0.0 MB
[runlim] samples:		0
** AMH **
[runlim] version:		1.10
[runlim] time limit:		311040000 seconds
[runlim] real time limit:	300 seconds
[runlim] space limit:		2048 MB
[runlim] argv[0]:		approxmc
[runlim] argv[1]:		-s
[runlim] argv[2]:		01
[runlim] argv[3]:		/experiments/results/rangesum05.c/01/counterSharp/amh.dimacs
[runlim] start:			Mon Aug  8 16:48:10 2022
[runlim] main pid:		393
[runlim] end:			Mon Aug  8 16:48:13 2022
[runlim] status:		ok
[runlim] result:		0
[runlim] children:		0
[runlim] real:			3.71 seconds
[runlim] time:			3.39 seconds
[runlim] space:			30.7 MB
[runlim] samples:		34
** ASM **
[runlim] version:		1.10
[runlim] time limit:		311040000 seconds
[runlim] real time limit:	300 seconds
[runlim] space limit:		2048 MB
[runlim] argv[0]:		approxmc
[runlim] argv[1]:		-s
[runlim] argv[2]:		01
[runlim] argv[3]:		/experiments/results/rangesum05.c/01/counterSharp/asm.dimacs
[runlim] start:			Mon Aug  8 16:48:13 2022
[runlim] main pid:		395
[runlim] end:			Mon Aug  8 16:48:17 2022
[runlim] status:		ok
[runlim] result:		0
[runlim] children:		0
[runlim] real:			4.90 seconds
[runlim] time:			4.09 seconds
[runlim] space:			31.3 MB
[runlim] samples:		41
** ASH **
[runlim] version:		1.10
[runlim] time limit:		311040000 seconds
[runlim] real time limit:	300 seconds
[runlim] space limit:		2048 MB
[runlim] argv[0]:		approxmc
[runlim] argv[1]:		-s
[runlim] argv[2]:		01
[runlim] argv[3]:		/experiments/results/rangesum05.c/01/counterSharp/ash.dimacs
[runlim] start:			Mon Aug  8 16:48:17 2022
[runlim] main pid:		397
[runlim] end:			Mon Aug  8 16:48:22 2022
[runlim] status:		ok
[runlim] result:		0
[runlim] children:		0
[runlim] real:			5.13 seconds
[runlim] time:			4.18 seconds
[runlim] space:			25.0 MB
[runlim] samples:		42
