** CON **
[runlim] version:		1.10
[runlim] time limit:		311040000 seconds
[runlim] real time limit:	300 seconds
[runlim] space limit:		2048 MB
[runlim] argv[0]:		approxmc
[runlim] argv[1]:		--sparse
[runlim] argv[2]:		1
[runlim] argv[3]:		-s
[runlim] argv[4]:		02
[runlim] argv[5]:		/experiments/results/rangesum05.c/02/counterSharp/con.dimacs
[runlim] start:			Mon Nov  9 10:55:21 2020
[runlim] main pid:		410
ERROR! Could not open file '/experiments/results/rangesum05.c/02/counterSharp/con.dimacs' for reading: No such file or directory
[runlim] end:			Mon Nov  9 10:55:21 2020
[runlim] status:		ok
[runlim] result:		0
[runlim] children:		0
[runlim] real:			0.42 seconds
[runlim] time:			0.00 seconds
[runlim] space:			0.0 MB
[runlim] samples:		0
** AMM **
[runlim] version:		1.10
[runlim] time limit:		311040000 seconds
[runlim] real time limit:	300 seconds
[runlim] space limit:		2048 MB
[runlim] argv[0]:		approxmc
[runlim] argv[1]:		--sparse
[runlim] argv[2]:		1
[runlim] argv[3]:		-s
[runlim] argv[4]:		02
[runlim] argv[5]:		/experiments/results/rangesum05.c/02/counterSharp/amm.dimacs
[runlim] start:			Mon Nov  9 10:55:21 2020
[runlim] main pid:		412
ERROR! Could not open file '/experiments/results/rangesum05.c/02/counterSharp/amm.dimacs' for reading: No such file or directory
[runlim] end:			Mon Nov  9 10:55:21 2020
[runlim] status:		ok
[runlim] result:		0
[runlim] children:		0
[runlim] real:			0.42 seconds
[runlim] time:			0.00 seconds
[runlim] space:			0.0 MB
[runlim] samples:		0
** AMH **
[runlim] version:		1.10
[runlim] time limit:		311040000 seconds
[runlim] real time limit:	300 seconds
[runlim] space limit:		2048 MB
[runlim] argv[0]:		approxmc
[runlim] argv[1]:		--sparse
[runlim] argv[2]:		1
[runlim] argv[3]:		-s
[runlim] argv[4]:		02
[runlim] argv[5]:		/experiments/results/rangesum05.c/02/counterSharp/amh.dimacs
[runlim] start:			Mon Nov  9 10:55:21 2020
[runlim] main pid:		414
[runlim] end:			Mon Nov  9 10:55:24 2020
[runlim] status:		ok
[runlim] result:		0
[runlim] children:		0
[runlim] real:			3.69 seconds
[runlim] time:			3.19 seconds
[runlim] space:			34.1 MB
[runlim] samples:		32
** ASM **
[runlim] version:		1.10
[runlim] time limit:		311040000 seconds
[runlim] real time limit:	300 seconds
[runlim] space limit:		2048 MB
[runlim] argv[0]:		approxmc
[runlim] argv[1]:		--sparse
[runlim] argv[2]:		1
[runlim] argv[3]:		-s
[runlim] argv[4]:		02
[runlim] argv[5]:		/experiments/results/rangesum05.c/02/counterSharp/asm.dimacs
[runlim] start:			Mon Nov  9 10:55:24 2020
[runlim] main pid:		416
[runlim] end:			Mon Nov  9 10:55:28 2020
[runlim] status:		ok
[runlim] result:		0
[runlim] children:		0
[runlim] real:			4.10 seconds
[runlim] time:			3.39 seconds
[runlim] space:			35.3 MB
[runlim] samples:		34
** ASH **
[runlim] version:		1.10
[runlim] time limit:		311040000 seconds
[runlim] real time limit:	300 seconds
[runlim] space limit:		2048 MB
[runlim] argv[0]:		approxmc
[runlim] argv[1]:		--sparse
[runlim] argv[2]:		1
[runlim] argv[3]:		-s
[runlim] argv[4]:		02
[runlim] argv[5]:		/experiments/results/rangesum05.c/02/counterSharp/ash.dimacs
[runlim] start:			Mon Nov  9 10:55:28 2020
[runlim] main pid:		418
[runlim] sample:		10.0 time, 10.1 real, 49.8 MB
[runlim] sample:		20.0 time, 20.1 real, 52.3 MB
[runlim] sample:		30.0 time, 30.1 real, 52.8 MB
[runlim] sample:		40.0 time, 40.1 real, 53.3 MB
[runlim] sample:		50.0 time, 50.1 real, 53.3 MB
[runlim] sample:		60.0 time, 60.1 real, 53.3 MB
[runlim] sample:		70.0 time, 70.1 real, 53.3 MB
[runlim] sample:		80.0 time, 80.1 real, 53.6 MB
[runlim] sample:		90.0 time, 90.1 real, 53.9 MB
[runlim] sample:		100.0 time, 100.1 real, 54.6 MB
[runlim] sample:		110.0 time, 110.1 real, 54.6 MB
[runlim] sample:		120.0 time, 120.1 real, 54.6 MB
[runlim] sample:		129.9 time, 130.1 real, 54.9 MB
[runlim] sample:		139.9 time, 140.1 real, 54.9 MB
[runlim] sample:		149.9 time, 150.1 real, 55.2 MB
[runlim] sample:		159.9 time, 160.1 real, 55.2 MB
[runlim] sample:		169.9 time, 170.1 real, 55.9 MB
[runlim] sample:		179.9 time, 180.1 real, 55.9 MB
[runlim] sample:		189.9 time, 190.1 real, 55.9 MB
[runlim] sample:		199.9 time, 200.1 real, 55.9 MB
[runlim] sample:		209.9 time, 210.1 real, 65.2 MB
[runlim] sample:		219.9 time, 220.1 real, 65.3 MB
[runlim] sample:		229.9 time, 230.1 real, 65.3 MB
[runlim] sample:		239.9 time, 240.1 real, 65.3 MB
[runlim] sample:		249.9 time, 250.1 real, 65.3 MB
[runlim] sample:		259.9 time, 260.1 real, 65.3 MB
[runlim] sample:		269.9 time, 270.1 real, 65.3 MB
[runlim] sample:		279.9 time, 280.1 real, 65.3 MB
[runlim] sample:		289.9 time, 290.1 real, 65.3 MB
[runlim] end:			Mon Nov  9 11:00:28 2020
[runlim] status:		out of time
[runlim] result:		2
[runlim] children:		0
[runlim] real:			300.02 seconds
[runlim] time:			299.83 seconds
[runlim] space:			84.3 MB
[runlim] samples:		2999
