** CON **
[runlim] version:		1.10
[runlim] time limit:		311040000 seconds
[runlim] real time limit:	300 seconds
[runlim] space limit:		2048 MB
[runlim] argv[0]:		approxmc
[runlim] argv[1]:		-s
[runlim] argv[2]:		04
[runlim] argv[3]:		/experiments/results/for_bounded_loop1-2.c/04/counterSharp/con.dimacs
[runlim] start:			Mon Aug  8 21:47:47 2022
[runlim] main pid:		3483
[runlim] end:			Mon Aug  8 21:47:49 2022
[runlim] status:		ok
[runlim] result:		0
[runlim] children:		0
[runlim] real:			2.15 seconds
[runlim] time:			1.15 seconds
[runlim] space:			176.3 MB
[runlim] samples:		13
** AMM **
[runlim] version:		1.10
[runlim] time limit:		311040000 seconds
[runlim] real time limit:	300 seconds
[runlim] space limit:		2048 MB
[runlim] argv[0]:		approxmc
[runlim] argv[1]:		-s
[runlim] argv[2]:		04
[runlim] argv[3]:		/experiments/results/for_bounded_loop1-2.c/04/counterSharp/amm.dimacs
[runlim] start:			Mon Aug  8 21:47:49 2022
[runlim] main pid:		3485
[runlim] sample:		9.8 time, 10.1 real, 212.3 MB
[runlim] sample:		19.8 time, 20.1 real, 356.6 MB
[runlim] sample:		29.8 time, 30.1 real, 497.2 MB
[runlim] sample:		39.8 time, 40.1 real, 503.2 MB
[runlim] sample:		49.8 time, 50.1 real, 525.4 MB
[runlim] sample:		59.8 time, 60.1 real, 600.4 MB
[runlim] sample:		69.8 time, 70.1 real, 460.0 MB
[runlim] end:			Mon Aug  8 21:49:08 2022
[runlim] status:		ok
[runlim] result:		0
[runlim] children:		0
[runlim] real:			79.17 seconds
[runlim] time:			78.77 seconds
[runlim] space:			752.0 MB
[runlim] samples:		790
** AMH **
[runlim] version:		1.10
[runlim] time limit:		311040000 seconds
[runlim] real time limit:	300 seconds
[runlim] space limit:		2048 MB
[runlim] argv[0]:		approxmc
[runlim] argv[1]:		-s
[runlim] argv[2]:		04
[runlim] argv[3]:		/experiments/results/for_bounded_loop1-2.c/04/counterSharp/amh.dimacs
[runlim] start:			Mon Aug  8 21:49:08 2022
[runlim] main pid:		3487
[runlim] sample:		9.8 time, 10.2 real, 227.6 MB
[runlim] sample:		19.8 time, 20.2 real, 382.8 MB
[runlim] sample:		29.9 time, 30.2 real, 538.1 MB
[runlim] sample:		39.8 time, 40.2 real, 539.3 MB
[runlim] sample:		49.8 time, 50.2 real, 556.3 MB
[runlim] sample:		59.8 time, 60.2 real, 645.1 MB
[runlim] sample:		69.8 time, 70.2 real, 505.3 MB
[runlim] sample:		79.8 time, 80.2 real, 534.1 MB
[runlim] end:			Mon Aug  8 21:50:28 2022
[runlim] status:		ok
[runlim] result:		0
[runlim] children:		0
[runlim] real:			80.29 seconds
[runlim] time:			79.93 seconds
[runlim] space:			801.9 MB
[runlim] samples:		801
** ASM **
[runlim] version:		1.10
[runlim] time limit:		311040000 seconds
[runlim] real time limit:	300 seconds
[runlim] space limit:		2048 MB
[runlim] argv[0]:		approxmc
[runlim] argv[1]:		-s
[runlim] argv[2]:		04
[runlim] argv[3]:		/experiments/results/for_bounded_loop1-2.c/04/counterSharp/asm.dimacs
[runlim] start:			Mon Aug  8 21:50:28 2022
[runlim] main pid:		3489
[runlim] sample:		9.9 time, 10.3 real, 227.6 MB
[runlim] sample:		19.9 time, 20.3 real, 396.8 MB
[runlim] sample:		29.9 time, 30.3 real, 536.6 MB
[runlim] sample:		39.9 time, 40.3 real, 538.9 MB
[runlim] sample:		49.9 time, 50.3 real, 551.7 MB
[runlim] sample:		59.9 time, 60.3 real, 570.2 MB
[runlim] sample:		69.9 time, 70.3 real, 617.9 MB
[runlim] sample:		79.9 time, 80.3 real, 500.8 MB
[runlim] sample:		89.9 time, 90.3 real, 506.0 MB
[runlim] sample:		99.9 time, 100.3 real, 516.4 MB
[runlim] sample:		109.9 time, 110.3 real, 556.3 MB
[runlim] end:			Mon Aug  8 21:52:24 2022
[runlim] status:		ok
[runlim] result:		0
[runlim] children:		0
[runlim] real:			116.57 seconds
[runlim] time:			116.11 seconds
[runlim] space:			780.9 MB
[runlim] samples:		1162
** ASH **
[runlim] version:		1.10
[runlim] time limit:		311040000 seconds
[runlim] real time limit:	300 seconds
[runlim] space limit:		2048 MB
[runlim] argv[0]:		approxmc
[runlim] argv[1]:		-s
[runlim] argv[2]:		04
[runlim] argv[3]:		/experiments/results/for_bounded_loop1-2.c/04/counterSharp/ash.dimacs
[runlim] start:			Mon Aug  8 21:52:24 2022
[runlim] main pid:		3491
[runlim] sample:		9.8 time, 10.6 real, 227.3 MB
[runlim] sample:		19.8 time, 20.6 real, 381.8 MB
[runlim] sample:		29.8 time, 30.6 real, 538.5 MB
[runlim] sample:		39.8 time, 40.6 real, 541.2 MB
[runlim] sample:		49.8 time, 50.6 real, 553.3 MB
[runlim] sample:		59.8 time, 60.6 real, 594.5 MB
[runlim] sample:		69.8 time, 70.6 real, 635.2 MB
[runlim] sample:		79.8 time, 80.6 real, 677.4 MB
[runlim] sample:		89.8 time, 90.6 real, 539.8 MB
[runlim] sample:		99.8 time, 100.6 real, 557.0 MB
[runlim] sample:		109.8 time, 110.6 real, 563.6 MB
[runlim] sample:		119.8 time, 120.6 real, 566.9 MB
[runlim] sample:		129.8 time, 130.6 real, 570.9 MB
[runlim] sample:		139.8 time, 140.6 real, 584.9 MB
[runlim] sample:		149.8 time, 150.6 real, 589.7 MB
[runlim] sample:		159.8 time, 160.6 real, 485.1 MB
[runlim] sample:		169.8 time, 170.6 real, 525.1 MB
[runlim] sample:		179.8 time, 180.6 real, 525.4 MB
[runlim] sample:		189.8 time, 190.6 real, 525.4 MB
[runlim] sample:		199.8 time, 200.6 real, 525.4 MB
[runlim] sample:		209.8 time, 210.6 real, 525.4 MB
[runlim] sample:		219.8 time, 220.6 real, 525.4 MB
[runlim] sample:		229.8 time, 230.6 real, 525.4 MB
[runlim] sample:		239.8 time, 240.6 real, 525.4 MB
[runlim] sample:		249.8 time, 250.6 real, 525.4 MB
[runlim] sample:		259.8 time, 260.6 real, 526.4 MB
[runlim] sample:		269.8 time, 270.6 real, 526.4 MB
[runlim] sample:		279.8 time, 280.6 real, 526.4 MB
[runlim] sample:		289.8 time, 290.6 real, 526.4 MB
[runlim] end:			Mon Aug  8 21:57:19 2022
[runlim] status:		ok
[runlim] result:		0
[runlim] children:		0
[runlim] real:			295.28 seconds
[runlim] time:			294.39 seconds
[runlim] space:			866.3 MB
[runlim] samples:		2946
