** CON **
c Setting the timout to: 100000
c Outputting solution to console
c GANAK version 1.0.0
c time bound set to 300s
c ganak GIT revision: 33f36bcdd4a32f4f20f64e667de10d13d1377953
c ganak build env: CMAKE_CXX_COMPILER = /usr/bin/c++ | CMAKE_CXX_FLAGS =  -mtune=native -Wall -Wextra -Wunused -Wsign-compare -fno-omit-frame-pointer -Wtype-limits -Wuninitialized -Wno-deprecated -Wstrict-aliasing -Wpointer-arith -Wpointer-arith -Wformat-nonliteral -Winit-self -Wparentheses -Wunreachable-code -ggdb3 | COMPILE_DEFINES =  | STATICCOMPILE = OFF | ONLY_SIMPLE =  | Boost_FOUND =  | ZLIB_FOUND =  | ENABLE_TESTING =  | ENABLE_ASSERTIONS = ON | MY_TARGETS =  | compilation date time = Oct 29 2020 17:35:28
c Setting the timout to: 300
c Solving /experiments/results/confidence.c/01/counterSharp/con.dimacs
c variables (all/used/free): 	3163/3163/0
c clauses (all/long/binary/unit): 14312/11288/2986/38
c Sampling set is present, performing projected model counting 
c Sampling set size: 32
c Sampling set:  70 71 72 73 74 75 76 77 78 79 80 81 82 83 84 85 86 87 88 89 90 91 92 93 94 95 96 97 98 99 100 101
c 
c Preprocessing ..
c DONE
c variables (all/used/free): 	878/846/32
c clauses (all/long/binary/unit): 3118/1567/1551/0
c Maximum cache size:	1024 MB
c 
c We have solved halfed
c We have solved halfed
c 
c 
c variables (total / active / free)	878/846/32
c clauses (removed) 			14312 (11194)
c decisions 				245
c Max. decision level 			8
c conflicts 				0
c conflict clauses (all/bin/unit) 	202/3/0
c 
c failed literals found by implicit BCP 	 143
c implicit BCP miss rate 	 99.2863%
c bytes cache size     	20258024	
c bytes cache (overall) 	20258024
c bytes cache components (overall) 	23616
c bytes cache (infra / comps) 20234408/23616	
c bytes pure comp data (curr)    107584
c bytes pure comp data (overall) 107584
c bytes cache with sysoverh (curr)    39360
c bytes cache with sysoverh (overall) 39360
c cache (lookup / stores / hits) 			245/246/0
c cache miss rate 100%
c avg. variable count (stores / hits) 	347.11/0
c 
c 
c # solutions 
s pmc 246
c # END
c 
c time: 0.087815s
** AMM **
c Setting the timout to: 100000
c Outputting solution to console
c GANAK version 1.0.0
c time bound set to 300s
c ganak GIT revision: 33f36bcdd4a32f4f20f64e667de10d13d1377953
c ganak build env: CMAKE_CXX_COMPILER = /usr/bin/c++ | CMAKE_CXX_FLAGS =  -mtune=native -Wall -Wextra -Wunused -Wsign-compare -fno-omit-frame-pointer -Wtype-limits -Wuninitialized -Wno-deprecated -Wstrict-aliasing -Wpointer-arith -Wpointer-arith -Wformat-nonliteral -Winit-self -Wparentheses -Wunreachable-code -ggdb3 | COMPILE_DEFINES =  | STATICCOMPILE = OFF | ONLY_SIMPLE =  | Boost_FOUND =  | ZLIB_FOUND =  | ENABLE_TESTING =  | ENABLE_ASSERTIONS = ON | MY_TARGETS =  | compilation date time = Oct 29 2020 17:35:28
c Setting the timout to: 300
c Solving /experiments/results/confidence.c/01/counterSharp/amm.dimacs
c variables (all/used/free): 	3188/3188/0
c clauses (all/long/binary/unit): 14409/11386/2994/29
c Sampling set is present, performing projected model counting 
c Sampling set size: 32
c Sampling set:  50 51 52 53 54 55 56 57 58 59 60 61 62 63 64 65 66 67 68 69 70 71 72 73 74 75 76 77 78 79 80 81
c 
c Preprocessing ..
c DONE
c variables (all/used/free): 	2807/2775/32
c clauses (all/long/binary/unit): 12769/10104/2665/0
c Maximum cache size:	1024 MB
c 
c Max decision level :25
c Doing Restart
c We have solved halfed
c We have solved halfed
** AMH **
c Setting the timout to: 100000
c Outputting solution to console
c GANAK version 1.0.0
c time bound set to 300s
c ganak GIT revision: 33f36bcdd4a32f4f20f64e667de10d13d1377953
c ganak build env: CMAKE_CXX_COMPILER = /usr/bin/c++ | CMAKE_CXX_FLAGS =  -mtune=native -Wall -Wextra -Wunused -Wsign-compare -fno-omit-frame-pointer -Wtype-limits -Wuninitialized -Wno-deprecated -Wstrict-aliasing -Wpointer-arith -Wpointer-arith -Wformat-nonliteral -Winit-self -Wparentheses -Wunreachable-code -ggdb3 | COMPILE_DEFINES =  | STATICCOMPILE = OFF | ONLY_SIMPLE =  | Boost_FOUND =  | ZLIB_FOUND =  | ENABLE_TESTING =  | ENABLE_ASSERTIONS = ON | MY_TARGETS =  | compilation date time = Oct 29 2020 17:35:28
c Setting the timout to: 300
c Solving /experiments/results/confidence.c/01/counterSharp/amh.dimacs
c variables (all/used/free): 	3188/3188/0
c clauses (all/long/binary/unit): 14409/11386/2994/29
c Sampling set is present, performing projected model counting 
c Sampling set size: 32
c Sampling set:  50 51 52 53 54 55 56 57 58 59 60 61 62 63 64 65 66 67 68 69 70 71 72 73 74 75 76 77 78 79 80 81
c 
c Preprocessing ..
c DONE
c variables (all/used/free): 	2845/2813/32
c clauses (all/long/binary/unit): 12974/9958/3016/0
c Maximum cache size:	1024 MB
c 
c Max decision level :25
c Doing Restart
** ASM **
c Setting the timout to: 100000
c Outputting solution to console
c GANAK version 1.0.0
c time bound set to 300s
c ganak GIT revision: 33f36bcdd4a32f4f20f64e667de10d13d1377953
c ganak build env: CMAKE_CXX_COMPILER = /usr/bin/c++ | CMAKE_CXX_FLAGS =  -mtune=native -Wall -Wextra -Wunused -Wsign-compare -fno-omit-frame-pointer -Wtype-limits -Wuninitialized -Wno-deprecated -Wstrict-aliasing -Wpointer-arith -Wpointer-arith -Wformat-nonliteral -Winit-self -Wparentheses -Wunreachable-code -ggdb3 | COMPILE_DEFINES =  | STATICCOMPILE = OFF | ONLY_SIMPLE =  | Boost_FOUND =  | ZLIB_FOUND =  | ENABLE_TESTING =  | ENABLE_ASSERTIONS = ON | MY_TARGETS =  | compilation date time = Oct 29 2020 17:35:28
c Setting the timout to: 300
c Solving /experiments/results/confidence.c/01/counterSharp/asm.dimacs
c variables (all/used/free): 	3190/3190/0
c clauses (all/long/binary/unit): 14415/11387/2998/30
c Sampling set is present, performing projected model counting 
c Sampling set size: 32
c Sampling set:  50 51 52 53 54 55 56 57 58 59 60 61 62 63 64 65 66 67 68 69 70 71 72 73 74 75 76 77 78 79 80 81
c 
c Preprocessing ..
c DONE

c FOUND UNSAT DURING PREPROCESSING 
c 
c 
c variables (total / active / free)	3190/3190/0
c clauses (removed) 			14415 (0)
c decisions 				0
c Max. decision level 			0
c conflicts 				0
c conflict clauses (all/bin/unit) 	0/0/30
c 
c failed literals found by implicit BCP 	 0
c implicit BCP miss rate 	 0%
c bytes cache size     	104	
c bytes cache (overall) 	104
c bytes cache components (overall) 	0
c bytes cache (infra / comps) 104/0	
c bytes pure comp data (curr)    0
c bytes pure comp data (overall) 0
c bytes cache with sysoverh (curr)    0
c bytes cache with sysoverh (overall) 0
c cache (lookup / stores / hits) 			0/0/0
c cache miss rate 0%
c avg. variable count (stores / hits) 	-nan/0
c 
c 
c # solutions 
s pmc 0
c # END
c 
c time: 0.01126s
** ASH **
c Setting the timout to: 100000
c Outputting solution to console
c GANAK version 1.0.0
c time bound set to 300s
c ganak GIT revision: 33f36bcdd4a32f4f20f64e667de10d13d1377953
c ganak build env: CMAKE_CXX_COMPILER = /usr/bin/c++ | CMAKE_CXX_FLAGS =  -mtune=native -Wall -Wextra -Wunused -Wsign-compare -fno-omit-frame-pointer -Wtype-limits -Wuninitialized -Wno-deprecated -Wstrict-aliasing -Wpointer-arith -Wpointer-arith -Wformat-nonliteral -Winit-self -Wparentheses -Wunreachable-code -ggdb3 | COMPILE_DEFINES =  | STATICCOMPILE = OFF | ONLY_SIMPLE =  | Boost_FOUND =  | ZLIB_FOUND =  | ENABLE_TESTING =  | ENABLE_ASSERTIONS = ON | MY_TARGETS =  | compilation date time = Oct 29 2020 17:35:28
c Setting the timout to: 300
c Solving /experiments/results/confidence.c/01/counterSharp/ash.dimacs
c variables (all/used/free): 	3190/3190/0
c clauses (all/long/binary/unit): 14415/11387/2998/30
c Sampling set is present, performing projected model counting 
c Sampling set size: 32
c Sampling set:  50 51 52 53 54 55 56 57 58 59 60 61 62 63 64 65 66 67 68 69 70 71 72 73 74 75 76 77 78 79 80 81
c 
c Preprocessing ..
c DONE
c variables (all/used/free): 	2842/2810/32
c clauses (all/long/binary/unit): 12968/9957/3011/0
c Maximum cache size:	1024 MB
c 
c Max decision level :25
c Doing Restart
