** CON **
[runlim] version:		1.10
[runlim] time limit:		311040000 seconds
[runlim] real time limit:	300 seconds
[runlim] space limit:		2048 MB
[runlim] argv[0]:		ganak
[runlim] argv[1]:		-t
[runlim] argv[2]:		300
[runlim] argv[3]:		-cs
[runlim] argv[4]:		1024
[runlim] argv[5]:		-seed
[runlim] argv[6]:		04
[runlim] argv[7]:		/experiments/results/example7b.c/04/counterSharp/con.dimacs
[runlim] start:			Sun Nov  1 07:58:31 2020
[runlim] main pid:		3991
[runlim] end:			Sun Nov  1 07:58:31 2020
[runlim] status:		ok
[runlim] result:		0
[runlim] children:		0
[runlim] real:			0.73 seconds
[runlim] time:			0.00 seconds
[runlim] space:			0.0 MB
[runlim] samples:		0
** AMM **
[runlim] version:		1.10
[runlim] time limit:		311040000 seconds
[runlim] real time limit:	300 seconds
[runlim] space limit:		2048 MB
[runlim] argv[0]:		ganak
[runlim] argv[1]:		-t
[runlim] argv[2]:		300
[runlim] argv[3]:		-cs
[runlim] argv[4]:		1024
[runlim] argv[5]:		-seed
[runlim] argv[6]:		04
[runlim] argv[7]:		/experiments/results/example7b.c/04/counterSharp/amm.dimacs
[runlim] start:			Sun Nov  1 07:58:31 2020
[runlim] main pid:		3993
[runlim] sample:		10.0 time, 10.7 real, 50.5 MB
[runlim] sample:		20.0 time, 20.7 real, 118.3 MB
[runlim] sample:		30.0 time, 30.7 real, 215.7 MB
[runlim] sample:		40.0 time, 40.7 real, 313.1 MB
[runlim] sample:		50.0 time, 50.7 real, 406.9 MB
[runlim] sample:		60.0 time, 60.7 real, 505.6 MB
[runlim] sample:		70.0 time, 70.7 real, 604.6 MB
[runlim] sample:		80.0 time, 80.7 real, 699.9 MB
[runlim] sample:		89.9 time, 90.7 real, 786.1 MB
[runlim] sample:		99.9 time, 100.7 real, 883.2 MB
[runlim] sample:		109.9 time, 110.7 real, 974.4 MB
[runlim] sample:		119.9 time, 120.7 real, 1021.1 MB
[runlim] sample:		129.9 time, 130.7 real, 1021.1 MB
[runlim] sample:		139.9 time, 140.7 real, 1021.1 MB
[runlim] sample:		149.9 time, 150.7 real, 1021.3 MB
[runlim] sample:		159.9 time, 160.7 real, 1021.3 MB
[runlim] sample:		169.9 time, 170.7 real, 1021.5 MB
[runlim] sample:		179.9 time, 180.7 real, 1017.1 MB
[runlim] sample:		189.9 time, 190.7 real, 1017.1 MB
[runlim] sample:		199.9 time, 200.7 real, 1016.8 MB
[runlim] sample:		209.9 time, 210.7 real, 1016.8 MB
[runlim] sample:		219.9 time, 220.7 real, 1022.7 MB
[runlim] sample:		229.9 time, 230.7 real, 1022.7 MB
[runlim] sample:		239.9 time, 240.7 real, 1022.7 MB
[runlim] sample:		249.9 time, 250.7 real, 1022.7 MB
[runlim] sample:		259.9 time, 260.7 real, 1022.7 MB
[runlim] sample:		269.9 time, 270.7 real, 1022.9 MB
[runlim] sample:		279.9 time, 280.7 real, 1022.9 MB
[runlim] sample:		289.9 time, 290.7 real, 1022.9 MB
[runlim] end:			Sun Nov  1 08:03:31 2020
[runlim] status:		out of time
[runlim] result:		2
[runlim] children:		0
[runlim] real:			300.06 seconds
[runlim] time:			299.21 seconds
[runlim] space:			1024.9 MB
[runlim] samples:		2993
** AMH **
[runlim] version:		1.10
[runlim] time limit:		311040000 seconds
[runlim] real time limit:	300 seconds
[runlim] space limit:		2048 MB
[runlim] argv[0]:		ganak
[runlim] argv[1]:		-t
[runlim] argv[2]:		300
[runlim] argv[3]:		-cs
[runlim] argv[4]:		1024
[runlim] argv[5]:		-seed
[runlim] argv[6]:		04
[runlim] argv[7]:		/experiments/results/example7b.c/04/counterSharp/amh.dimacs
[runlim] start:			Sun Nov  1 08:03:31 2020
[runlim] main pid:		3995
[runlim] end:			Sun Nov  1 08:03:33 2020
[runlim] status:		ok
[runlim] result:		0
[runlim] children:		0
[runlim] real:			2.05 seconds
[runlim] time:			1.89 seconds
[runlim] space:			28.5 MB
[runlim] samples:		19
** ASM **
[runlim] version:		1.10
[runlim] time limit:		311040000 seconds
[runlim] real time limit:	300 seconds
[runlim] space limit:		2048 MB
[runlim] argv[0]:		ganak
[runlim] argv[1]:		-t
[runlim] argv[2]:		300
[runlim] argv[3]:		-cs
[runlim] argv[4]:		1024
[runlim] argv[5]:		-seed
[runlim] argv[6]:		04
[runlim] argv[7]:		/experiments/results/example7b.c/04/counterSharp/asm.dimacs
[runlim] start:			Sun Nov  1 08:03:33 2020
[runlim] main pid:		3997
[runlim] end:			Sun Nov  1 08:03:35 2020
[runlim] status:		ok
[runlim] result:		0
[runlim] children:		0
[runlim] real:			2.40 seconds
[runlim] time:			2.29 seconds
[runlim] space:			22.5 MB
[runlim] samples:		23
** ASH **
[runlim] version:		1.10
[runlim] time limit:		311040000 seconds
[runlim] real time limit:	300 seconds
[runlim] space limit:		2048 MB
[runlim] argv[0]:		ganak
[runlim] argv[1]:		-t
[runlim] argv[2]:		300
[runlim] argv[3]:		-cs
[runlim] argv[4]:		1024
[runlim] argv[5]:		-seed
[runlim] argv[6]:		04
[runlim] argv[7]:		/experiments/results/example7b.c/04/counterSharp/ash.dimacs
[runlim] start:			Sun Nov  1 08:03:35 2020
[runlim] main pid:		3999
[runlim] end:			Sun Nov  1 08:03:37 2020
[runlim] status:		ok
[runlim] result:		0
[runlim] children:		0
[runlim] real:			2.94 seconds
[runlim] time:			2.49 seconds
[runlim] space:			21.1 MB
[runlim] samples:		25
