******* Machine details *******
$ hostname
f04aeb3286a8
$ lscpu
Architecture:                    x86_64
CPU op-mode(s):                  32-bit, 64-bit
Byte Order:                      Little Endian
Address sizes:                   39 bits physical, 48 bits virtual
CPU(s):                          4
On-line CPU(s) list:             0-3
Thread(s) per core:              1
Core(s) per socket:              4
Socket(s):                       1
NUMA node(s):                    1
Vendor ID:                       GenuineIntel
CPU family:                      6
Model:                           94
Model name:                      Intel(R) Core(TM) i5-6500 CPU @ 3.20GHz
Stepping:                        3
CPU MHz:                         3200.000
CPU max MHz:                     3600.0000
CPU min MHz:                     800.0000
BogoMIPS:                        6384.00
Virtualization:                  VT-x
L1d cache:                       128 KiB
L1i cache:                       128 KiB
L2 cache:                        1 MiB
L3 cache:                        6 MiB
NUMA node0 CPU(s):               0-3
Vulnerability Itlb multihit:     KVM: Mitigation: Split huge pages
Vulnerability L1tf:              Mitigation; PTE Inversion; VMX conditional cache flushes, SMT disabled
Vulnerability Mds:               Mitigation; Clear CPU buffers; SMT disabled
Vulnerability Meltdown:          Mitigation; PTI
Vulnerability Spec store bypass: Mitigation; Speculative Store Bypass disabled via prctl and seccomp
Vulnerability Spectre v1:        Mitigation; usercopy/swapgs barriers and __user pointer sanitization
Vulnerability Spectre v2:        Mitigation; Full generic retpoline, IBPB conditional, IBRS_FW, STIBP disabled, RSB filling
Vulnerability Srbds:             Vulnerable: No microcode
Vulnerability Tsx async abort:   Mitigation; Clear CPU buffers; SMT disabled
Flags:                           fpu vme de pse tsc msr pae mce cx8 apic sep mtrr pge mca cmov pat pse36 clflush dts acpi mmx fxsr sse sse2 ss ht tm pbe syscall nx pdpe1gb rdtscp lm constant_tsc art arch_perfmon pebs bts rep_good nopl xtopology nonstop_tsc cpuid aperfmperf tsc_known_freq pni pclmulqdq dtes64 monitor ds_cpl vmx smx est tm2 ssse3 sdbg fma cx16 xtpr pdcm pcid sse4_1 sse4_2 x2apic movbe popcnt tsc_deadline_timer aes xsave avx f16c rdrand lahf_lm abm 3dnowprefetch cpuid_fault epb invpcid_single pti ssbd ibrs ibpb stibp tpr_shadow vnmi flexpriority ept vpid fsgsbase tsc_adjust bmi1 hle avx2 smep bmi2 erms invpcid rtm mpx rdseed adx smap clflushopt intel_pt xsaveopt xsavec xgetbv1 xsaves dtherm ida arat pln pts hwp hwp_notify hwp_act_window hwp_epp md_clear flush_l1d
$ cat /proc/meminfo
MemTotal:       15982172 kB
MemFree:         3610312 kB
MemAvailable:   14350956 kB
Buffers:            6080 kB
Cached:         11437836 kB
SwapCached:         2084 kB
Active:         10667700 kB
Inactive:        1287008 kB
Active(anon):     572432 kB
Inactive(anon):   456044 kB
Active(file):   10095268 kB
Inactive(file):   830964 kB
Unevictable:           0 kB
Mlocked:               0 kB
SwapTotal:       4194300 kB
SwapFree:        4190716 kB
Dirty:                52 kB
Writeback:             0 kB
AnonPages:        508460 kB
Mapped:           407156 kB
Shmem:            637148 kB
Slab:             301952 kB
SReclaimable:     158812 kB
SUnreclaim:       143140 kB
KernelStack:        6372 kB
PageTables:        21380 kB
NFS_Unstable:          0 kB
Bounce:                0 kB
WritebackTmp:          0 kB
CommitLimit:    12185384 kB
Committed_AS:    2740268 kB
VmallocTotal:   34359738367 kB
VmallocUsed:           0 kB
VmallocChunk:          0 kB
HardwareCorrupted:     0 kB
AnonHugePages:    141312 kB
ShmemHugePages:        0 kB
ShmemPmdMapped:        0 kB
HugePages_Total:       0
HugePages_Free:        0
HugePages_Rsvd:        0
HugePages_Surp:        0
Hugepagesize:       2048 kB
DirectMap4k:     3394752 kB
DirectMap2M:    13207552 kB
DirectMap1G:           0 kB
$ cat /proc/version
Linux version 4.12.14-lp151.28.67-default (geeko@buildhost) (gcc version 7.5.0 (SUSE Linux) ) #1 SMP Fri Sep 4 15:23:21 UTC 2020 (2c5a14f)
$ lsblk
NAME   MAJ:MIN RM   SIZE RO TYPE MOUNTPOINT
sda      8:0    0 119.2G  0 disk 
└─sda1   8:1    0 119.2G  0 part 
sr0     11:0    1  1024M  0 rom  
******* Experiment Repository *******
commit 806be7588b76f6d9228394c92a7bc603a92e8476
Author: Samuel Teuber <samuel@samweb.org>

    Adjustments for running benchmark

 3 files changed, 6 insertions(+), 4 deletions(-)
On branch paper-experiments
Your branch is ahead of 'origin/paper-experiments' by 1 commit.
  (use "git push" to publish your local commits)

Changes to be committed:
  (use "git restore --staged <file>..." to unstage)
	new file:   results/overflow.c/01/counterSharp/amh.dimacs
	new file:   results/overflow.c/01/counterSharp/amm.dimacs
	new file:   results/overflow.c/01/counterSharp/ash.dimacs
	new file:   results/overflow.c/01/counterSharp/asm.dimacs
	new file:   results/overflow.c/01/counterSharp/init.log
	new file:   results/overflow.c/01/counterSharp/stderr.log
	new file:   results/overflow.c/01/counterSharp/stdout.log
	new file:   results/overflow.c/01/counterSharp/tmpn4h0ugxr.c
	new file:   results/overflow.c/02/counterSharp/amh.dimacs
	new file:   results/overflow.c/02/counterSharp/amm.dimacs
	new file:   results/overflow.c/02/counterSharp/ash.dimacs
	new file:   results/overflow.c/02/counterSharp/asm.dimacs
	new file:   results/overflow.c/02/counterSharp/init.log
	new file:   results/overflow.c/02/counterSharp/stderr.log
	new file:   results/overflow.c/02/counterSharp/stdout.log
	new file:   results/overflow.c/02/counterSharp/tmpyr2hgs90.c
	new file:   results/overflow.c/03/counterSharp/amh.dimacs
	new file:   results/overflow.c/03/counterSharp/amm.dimacs
	new file:   results/overflow.c/03/counterSharp/ash.dimacs
	new file:   results/overflow.c/03/counterSharp/asm.dimacs
	new file:   results/overflow.c/03/counterSharp/init.log
	new file:   results/overflow.c/03/counterSharp/stderr.log
	new file:   results/overflow.c/03/counterSharp/stdout.log
	new file:   results/overflow.c/03/counterSharp/tmpbba61dto.c
	new file:   results/overflow.c/04/counterSharp/amh.dimacs
	new file:   results/overflow.c/04/counterSharp/amm.dimacs
	new file:   results/overflow.c/04/counterSharp/ash.dimacs
	new file:   results/overflow.c/04/counterSharp/asm.dimacs
	new file:   results/overflow.c/04/counterSharp/init.log
	new file:   results/overflow.c/04/counterSharp/stderr.log
	new file:   results/overflow.c/04/counterSharp/stdout.log
	new file:   results/overflow.c/04/counterSharp/tmpbfgks5ix.c
	new file:   results/overflow.c/05/counterSharp/amh.dimacs
	new file:   results/overflow.c/05/counterSharp/amm.dimacs
	new file:   results/overflow.c/05/counterSharp/ash.dimacs
	new file:   results/overflow.c/05/counterSharp/asm.dimacs
	new file:   results/overflow.c/05/counterSharp/init.log
	new file:   results/overflow.c/05/counterSharp/stderr.log
	new file:   results/overflow.c/05/counterSharp/stdout.log
	new file:   results/overflow.c/05/counterSharp/tmpv0uas8be.c

Untracked files:
  (use "git add <file>..." to include in what will be committed)
	results/Problem13_4.c/02/dimovski/
	results/Problem13_4.c/03/dimovski/
	results/Problem13_4.c/04/dimovski/
	results/Problem13_4.c/05/dimovski/
	results/overflow.c/01/dimovski/
	results/overflow.c/02/dimovski/
	results/overflow.c/03/dimovski/

