** CON **
[runlim] version:		1.10
[runlim] time limit:		311040000 seconds
[runlim] real time limit:	300 seconds
[runlim] space limit:		2048 MB
[runlim] argv[0]:		ganak
[runlim] argv[1]:		-t
[runlim] argv[2]:		300
[runlim] argv[3]:		-cs
[runlim] argv[4]:		1024
[runlim] argv[5]:		-seed
[runlim] argv[6]:		01
[runlim] argv[7]:		/experiments/results/hhk2008-2.c/01/counterSharp/con.dimacs
[runlim] start:			Sun Nov  1 12:17:10 2020
[runlim] main pid:		5025
[runlim] sample:		10.0 time, 10.2 real, 51.2 MB
[runlim] sample:		20.0 time, 20.2 real, 51.2 MB
[runlim] sample:		30.0 time, 30.2 real, 51.2 MB
[runlim] sample:		40.0 time, 40.2 real, 51.2 MB
[runlim] sample:		50.0 time, 50.2 real, 51.5 MB
[runlim] sample:		60.0 time, 60.2 real, 51.5 MB
[runlim] sample:		70.0 time, 70.2 real, 51.5 MB
[runlim] sample:		80.0 time, 80.2 real, 51.5 MB
[runlim] sample:		90.0 time, 90.2 real, 51.5 MB
[runlim] sample:		100.0 time, 100.2 real, 51.5 MB
[runlim] end:			Sun Nov  1 12:18:58 2020
[runlim] status:		ok
[runlim] result:		0
[runlim] children:		0
[runlim] real:			108.60 seconds
[runlim] time:			108.35 seconds
[runlim] space:			51.5 MB
[runlim] samples:		1084
** AMM **
[runlim] version:		1.10
[runlim] time limit:		311040000 seconds
[runlim] real time limit:	300 seconds
[runlim] space limit:		2048 MB
[runlim] argv[0]:		ganak
[runlim] argv[1]:		-t
[runlim] argv[2]:		300
[runlim] argv[3]:		-cs
[runlim] argv[4]:		1024
[runlim] argv[5]:		-seed
[runlim] argv[6]:		01
[runlim] argv[7]:		/experiments/results/hhk2008-2.c/01/counterSharp/amm.dimacs
[runlim] start:			Sun Nov  1 12:18:58 2020
[runlim] main pid:		5027
[runlim] sample:		10.0 time, 10.6 real, 50.5 MB
[runlim] sample:		20.0 time, 20.6 real, 50.5 MB
[runlim] sample:		30.0 time, 30.6 real, 50.7 MB
[runlim] sample:		40.0 time, 40.6 real, 50.7 MB
[runlim] sample:		50.0 time, 50.6 real, 50.7 MB
[runlim] sample:		60.0 time, 60.6 real, 50.7 MB
[runlim] sample:		70.0 time, 70.6 real, 50.7 MB
[runlim] sample:		80.0 time, 80.6 real, 51.0 MB
[runlim] sample:		90.0 time, 90.6 real, 51.0 MB
[runlim] sample:		100.0 time, 100.6 real, 51.0 MB
[runlim] sample:		110.0 time, 110.6 real, 51.0 MB
[runlim] sample:		120.0 time, 120.6 real, 51.0 MB
[runlim] sample:		130.0 time, 130.6 real, 51.0 MB
[runlim] sample:		140.0 time, 140.6 real, 108.8 MB
[runlim] sample:		150.0 time, 150.6 real, 119.8 MB
[runlim] sample:		160.0 time, 160.6 real, 119.9 MB
[runlim] sample:		170.0 time, 170.6 real, 123.7 MB
[runlim] sample:		180.0 time, 180.6 real, 126.1 MB
[runlim] sample:		190.0 time, 190.6 real, 128.4 MB
[runlim] sample:		200.0 time, 200.6 real, 128.4 MB
[runlim] sample:		210.0 time, 210.6 real, 128.7 MB
[runlim] sample:		220.0 time, 220.6 real, 130.7 MB
[runlim] sample:		230.0 time, 230.6 real, 132.7 MB
[runlim] sample:		240.0 time, 240.6 real, 148.7 MB
[runlim] sample:		250.0 time, 250.6 real, 165.1 MB
[runlim] sample:		260.0 time, 260.6 real, 165.3 MB
[runlim] sample:		269.9 time, 270.6 real, 166.1 MB
[runlim] sample:		279.9 time, 280.6 real, 176.6 MB
[runlim] sample:		289.9 time, 290.6 real, 176.6 MB
[runlim] end:			Sun Nov  1 12:23:58 2020
[runlim] status:		out of time
[runlim] result:		2
[runlim] children:		0
[runlim] real:			300.12 seconds
[runlim] time:			299.45 seconds
[runlim] space:			186.6 MB
[runlim] samples:		2995
** AMH **
[runlim] version:		1.10
[runlim] time limit:		311040000 seconds
[runlim] real time limit:	300 seconds
[runlim] space limit:		2048 MB
[runlim] argv[0]:		ganak
[runlim] argv[1]:		-t
[runlim] argv[2]:		300
[runlim] argv[3]:		-cs
[runlim] argv[4]:		1024
[runlim] argv[5]:		-seed
[runlim] argv[6]:		01
[runlim] argv[7]:		/experiments/results/hhk2008-2.c/01/counterSharp/amh.dimacs
[runlim] start:			Sun Nov  1 12:23:58 2020
[runlim] main pid:		5029
[runlim] sample:		10.0 time, 10.1 real, 52.0 MB
[runlim] sample:		20.0 time, 20.1 real, 52.0 MB
[runlim] sample:		30.0 time, 30.1 real, 52.0 MB
[runlim] sample:		40.0 time, 40.1 real, 52.0 MB
[runlim] sample:		50.0 time, 50.1 real, 52.0 MB
[runlim] sample:		60.0 time, 60.1 real, 52.3 MB
[runlim] sample:		70.0 time, 70.1 real, 52.3 MB
[runlim] sample:		80.0 time, 80.1 real, 52.3 MB
[runlim] sample:		90.0 time, 90.1 real, 52.3 MB
[runlim] sample:		100.0 time, 100.1 real, 52.3 MB
[runlim] sample:		110.0 time, 110.1 real, 52.3 MB
[runlim] sample:		120.0 time, 120.1 real, 52.3 MB
[runlim] sample:		130.0 time, 130.1 real, 52.5 MB
[runlim] sample:		140.0 time, 140.1 real, 52.5 MB
[runlim] sample:		150.0 time, 150.1 real, 52.5 MB
[runlim] sample:		160.0 time, 160.1 real, 52.5 MB
[runlim] sample:		170.0 time, 170.1 real, 52.5 MB
[runlim] sample:		180.0 time, 180.1 real, 52.5 MB
[runlim] sample:		190.0 time, 190.1 real, 52.5 MB
[runlim] sample:		200.0 time, 200.1 real, 52.5 MB
[runlim] sample:		210.0 time, 210.1 real, 52.5 MB
[runlim] sample:		220.0 time, 220.1 real, 52.5 MB
[runlim] sample:		230.0 time, 230.1 real, 52.5 MB
[runlim] sample:		240.0 time, 240.1 real, 52.5 MB
[runlim] sample:		250.0 time, 250.1 real, 52.5 MB
[runlim] sample:		260.0 time, 260.1 real, 52.5 MB
[runlim] sample:		270.0 time, 270.1 real, 52.5 MB
[runlim] sample:		280.0 time, 280.1 real, 52.5 MB
[runlim] sample:		290.0 time, 290.1 real, 52.5 MB
[runlim] end:			Sun Nov  1 12:28:58 2020
[runlim] status:		out of time
[runlim] result:		2
[runlim] children:		0
[runlim] real:			300.04 seconds
[runlim] time:			299.86 seconds
[runlim] space:			52.5 MB
[runlim] samples:		2999
** ASM **
[runlim] version:		1.10
[runlim] time limit:		311040000 seconds
[runlim] real time limit:	300 seconds
[runlim] space limit:		2048 MB
[runlim] argv[0]:		ganak
[runlim] argv[1]:		-t
[runlim] argv[2]:		300
[runlim] argv[3]:		-cs
[runlim] argv[4]:		1024
[runlim] argv[5]:		-seed
[runlim] argv[6]:		01
[runlim] argv[7]:		/experiments/results/hhk2008-2.c/01/counterSharp/asm.dimacs
[runlim] start:			Sun Nov  1 12:28:58 2020
[runlim] main pid:		5031
[runlim] sample:		10.0 time, 10.0 real, 50.6 MB
[runlim] sample:		20.0 time, 20.0 real, 50.9 MB
[runlim] sample:		30.0 time, 30.0 real, 50.9 MB
[runlim] sample:		40.0 time, 40.0 real, 50.9 MB
[runlim] sample:		50.0 time, 50.0 real, 50.9 MB
[runlim] sample:		60.0 time, 60.0 real, 50.9 MB
[runlim] sample:		70.0 time, 70.0 real, 51.2 MB
[runlim] sample:		80.0 time, 80.0 real, 51.2 MB
[runlim] sample:		90.0 time, 90.0 real, 51.2 MB
[runlim] sample:		100.0 time, 100.0 real, 51.2 MB
[runlim] sample:		110.0 time, 110.0 real, 51.2 MB
[runlim] sample:		120.0 time, 120.0 real, 51.2 MB
[runlim] sample:		130.0 time, 130.0 real, 51.2 MB
[runlim] sample:		140.0 time, 140.0 real, 51.4 MB
[runlim] sample:		150.0 time, 150.0 real, 51.6 MB
[runlim] sample:		160.0 time, 160.0 real, 52.3 MB
[runlim] sample:		170.0 time, 170.0 real, 52.3 MB
[runlim] sample:		180.0 time, 180.0 real, 52.3 MB
[runlim] sample:		190.0 time, 190.0 real, 52.3 MB
[runlim] sample:		200.0 time, 200.0 real, 52.3 MB
[runlim] sample:		210.0 time, 210.0 real, 52.3 MB
[runlim] sample:		220.0 time, 220.0 real, 52.3 MB
[runlim] sample:		230.0 time, 230.0 real, 52.3 MB
[runlim] sample:		240.0 time, 240.0 real, 52.3 MB
[runlim] sample:		250.0 time, 250.0 real, 52.3 MB
[runlim] sample:		260.0 time, 260.0 real, 52.3 MB
[runlim] sample:		270.0 time, 270.0 real, 52.3 MB
[runlim] sample:		280.0 time, 280.0 real, 52.3 MB
[runlim] sample:		290.0 time, 290.0 real, 52.3 MB
[runlim] sample:		300.0 time, 300.0 real, 52.3 MB
[runlim] end:			Sun Nov  1 12:33:58 2020
[runlim] status:		out of time
[runlim] result:		2
[runlim] children:		0
[runlim] real:			300.07 seconds
[runlim] time:			299.96 seconds
[runlim] space:			52.3 MB
[runlim] samples:		3000
** ASH **
[runlim] version:		1.10
[runlim] time limit:		311040000 seconds
[runlim] real time limit:	300 seconds
[runlim] space limit:		2048 MB
[runlim] argv[0]:		ganak
[runlim] argv[1]:		-t
[runlim] argv[2]:		300
[runlim] argv[3]:		-cs
[runlim] argv[4]:		1024
[runlim] argv[5]:		-seed
[runlim] argv[6]:		01
[runlim] argv[7]:		/experiments/results/hhk2008-2.c/01/counterSharp/ash.dimacs
[runlim] start:			Sun Nov  1 12:33:58 2020
[runlim] main pid:		5033
[runlim] sample:		10.0 time, 10.1 real, 52.4 MB
[runlim] sample:		20.0 time, 20.1 real, 52.7 MB
[runlim] sample:		30.0 time, 30.1 real, 52.7 MB
[runlim] sample:		40.0 time, 40.1 real, 52.7 MB
[runlim] sample:		50.0 time, 50.1 real, 52.7 MB
[runlim] sample:		60.0 time, 60.1 real, 52.7 MB
[runlim] sample:		70.0 time, 70.1 real, 52.9 MB
[runlim] sample:		80.0 time, 80.1 real, 52.9 MB
[runlim] sample:		90.0 time, 90.1 real, 52.9 MB
[runlim] sample:		100.0 time, 100.1 real, 52.9 MB
[runlim] sample:		110.0 time, 110.1 real, 52.9 MB
[runlim] sample:		120.0 time, 120.1 real, 52.9 MB
[runlim] sample:		130.0 time, 130.1 real, 52.9 MB
[runlim] sample:		140.0 time, 140.1 real, 52.9 MB
[runlim] sample:		150.0 time, 150.1 real, 52.9 MB
[runlim] sample:		160.0 time, 160.1 real, 52.9 MB
[runlim] sample:		170.0 time, 170.1 real, 52.9 MB
[runlim] sample:		180.0 time, 180.1 real, 52.9 MB
[runlim] sample:		190.0 time, 190.1 real, 52.9 MB
[runlim] sample:		200.0 time, 200.1 real, 52.9 MB
[runlim] sample:		210.0 time, 210.1 real, 52.9 MB
[runlim] sample:		220.0 time, 220.1 real, 52.9 MB
[runlim] sample:		230.0 time, 230.1 real, 52.9 MB
[runlim] sample:		240.0 time, 240.1 real, 52.9 MB
[runlim] sample:		250.0 time, 250.1 real, 52.9 MB
[runlim] sample:		260.0 time, 260.1 real, 52.9 MB
[runlim] sample:		270.0 time, 270.1 real, 52.9 MB
[runlim] sample:		280.0 time, 280.1 real, 52.9 MB
[runlim] sample:		290.0 time, 290.1 real, 52.9 MB
[runlim] sample:		300.0 time, 300.1 real, 52.9 MB
[runlim] end:			Sun Nov  1 12:38:58 2020
[runlim] status:		out of time
[runlim] result:		2
[runlim] children:		0
[runlim] real:			300.09 seconds
[runlim] time:			299.97 seconds
[runlim] space:			52.9 MB
[runlim] samples:		3000
