** CON **
[runlim] version:		1.10
[runlim] time limit:		311040000 seconds
[runlim] real time limit:	300 seconds
[runlim] space limit:		2048 MB
[runlim] argv[0]:		approxmc
[runlim] argv[1]:		-s
[runlim] argv[2]:		03
[runlim] argv[3]:		/experiments/results/Log-2.c/03/counterSharp/con.dimacs
[runlim] start:			Mon Aug  8 22:59:47 2022
[runlim] main pid:		4186
ERROR! Could not open file '/experiments/results/Log-2.c/03/counterSharp/con.dimacs' for reading: No such file or directory
[runlim] end:			Mon Aug  8 22:59:47 2022
[runlim] status:		ok
[runlim] result:		0
[runlim] children:		0
[runlim] real:			0.66 seconds
[runlim] time:			0.00 seconds
[runlim] space:			0.0 MB
[runlim] samples:		0
** AMM **
[runlim] version:		1.10
[runlim] time limit:		311040000 seconds
[runlim] real time limit:	300 seconds
[runlim] space limit:		2048 MB
[runlim] argv[0]:		approxmc
[runlim] argv[1]:		-s
[runlim] argv[2]:		03
[runlim] argv[3]:		/experiments/results/Log-2.c/03/counterSharp/amm.dimacs
[runlim] start:			Mon Aug  8 22:59:47 2022
[runlim] main pid:		4188
ERROR! Could not open file '/experiments/results/Log-2.c/03/counterSharp/amm.dimacs' for reading: No such file or directory
[runlim] end:			Mon Aug  8 22:59:47 2022
[runlim] status:		ok
[runlim] result:		0
[runlim] children:		0
[runlim] real:			0.67 seconds
[runlim] time:			0.00 seconds
[runlim] space:			0.0 MB
[runlim] samples:		0
** AMH **
[runlim] version:		1.10
[runlim] time limit:		311040000 seconds
[runlim] real time limit:	300 seconds
[runlim] space limit:		2048 MB
[runlim] argv[0]:		approxmc
[runlim] argv[1]:		-s
[runlim] argv[2]:		03
[runlim] argv[3]:		/experiments/results/Log-2.c/03/counterSharp/amh.dimacs
[runlim] start:			Mon Aug  8 22:59:47 2022
[runlim] main pid:		4190
ERROR! Could not open file '/experiments/results/Log-2.c/03/counterSharp/amh.dimacs' for reading: No such file or directory
[runlim] end:			Mon Aug  8 22:59:47 2022
[runlim] status:		ok
[runlim] result:		0
[runlim] children:		0
[runlim] real:			0.68 seconds
[runlim] time:			0.00 seconds
[runlim] space:			0.0 MB
[runlim] samples:		0
** ASM **
[runlim] version:		1.10
[runlim] time limit:		311040000 seconds
[runlim] real time limit:	300 seconds
[runlim] space limit:		2048 MB
[runlim] argv[0]:		approxmc
[runlim] argv[1]:		-s
[runlim] argv[2]:		03
[runlim] argv[3]:		/experiments/results/Log-2.c/03/counterSharp/asm.dimacs
[runlim] start:			Mon Aug  8 22:59:47 2022
[runlim] main pid:		4192
ERROR! Could not open file '/experiments/results/Log-2.c/03/counterSharp/asm.dimacs' for reading: No such file or directory
[runlim] end:			Mon Aug  8 22:59:47 2022
[runlim] status:		ok
[runlim] result:		0
[runlim] children:		0
[runlim] real:			0.69 seconds
[runlim] time:			0.00 seconds
[runlim] space:			0.0 MB
[runlim] samples:		0
** ASH **
[runlim] version:		1.10
[runlim] time limit:		311040000 seconds
[runlim] real time limit:	300 seconds
[runlim] space limit:		2048 MB
[runlim] argv[0]:		approxmc
[runlim] argv[1]:		-s
[runlim] argv[2]:		03
[runlim] argv[3]:		/experiments/results/Log-2.c/03/counterSharp/ash.dimacs
[runlim] start:			Mon Aug  8 22:59:47 2022
[runlim] main pid:		4194
ERROR! Could not open file '/experiments/results/Log-2.c/03/counterSharp/ash.dimacs' for reading: No such file or directory
[runlim] end:			Mon Aug  8 22:59:47 2022
[runlim] status:		ok
[runlim] result:		0
[runlim] children:		0
[runlim] real:			0.70 seconds
[runlim] time:			0.00 seconds
[runlim] space:			0.0 MB
[runlim] samples:		0
