** CON **
[runlim] version:		1.10
[runlim] time limit:		311040000 seconds
[runlim] real time limit:	300 seconds
[runlim] space limit:		2048 MB
[runlim] argv[0]:		ganak
[runlim] argv[1]:		-t
[runlim] argv[2]:		300
[runlim] argv[3]:		-cs
[runlim] argv[4]:		1024
[runlim] argv[5]:		-seed
[runlim] argv[6]:		05
[runlim] argv[7]:		/experiments/results/rangesum05.c/05/counterSharp/con.dimacs
[runlim] start:			Sat Oct 31 15:54:02 2020
[runlim] main pid:		480
Cannot open file: /experiments/results/rangesum05.c/05/counterSharp/con.dimacs
[runlim] end:			Sat Oct 31 15:54:02 2020
[runlim] status:		ok
[runlim] result:		0
[runlim] children:		0
[runlim] real:			0.67 seconds
[runlim] time:			0.00 seconds
[runlim] space:			0.0 MB
[runlim] samples:		0
** AMM **
[runlim] version:		1.10
[runlim] time limit:		311040000 seconds
[runlim] real time limit:	300 seconds
[runlim] space limit:		2048 MB
[runlim] argv[0]:		ganak
[runlim] argv[1]:		-t
[runlim] argv[2]:		300
[runlim] argv[3]:		-cs
[runlim] argv[4]:		1024
[runlim] argv[5]:		-seed
[runlim] argv[6]:		05
[runlim] argv[7]:		/experiments/results/rangesum05.c/05/counterSharp/amm.dimacs
[runlim] start:			Sat Oct 31 15:54:02 2020
[runlim] main pid:		482
Cannot open file: /experiments/results/rangesum05.c/05/counterSharp/amm.dimacs
[runlim] end:			Sat Oct 31 15:54:02 2020
[runlim] status:		ok
[runlim] result:		0
[runlim] children:		0
[runlim] real:			0.67 seconds
[runlim] time:			0.00 seconds
[runlim] space:			0.0 MB
[runlim] samples:		0
** AMH **
[runlim] version:		1.10
[runlim] time limit:		311040000 seconds
[runlim] real time limit:	300 seconds
[runlim] space limit:		2048 MB
[runlim] argv[0]:		ganak
[runlim] argv[1]:		-t
[runlim] argv[2]:		300
[runlim] argv[3]:		-cs
[runlim] argv[4]:		1024
[runlim] argv[5]:		-seed
[runlim] argv[6]:		05
[runlim] argv[7]:		/experiments/results/rangesum05.c/05/counterSharp/amh.dimacs
[runlim] start:			Sat Oct 31 15:54:02 2020
[runlim] main pid:		484
[runlim] sample:		10.0 time, 10.7 real, 30.2 MB
[runlim] sample:		20.0 time, 20.7 real, 43.1 MB
[runlim] sample:		30.0 time, 30.7 real, 55.7 MB
[runlim] sample:		40.0 time, 40.7 real, 68.3 MB
[runlim] sample:		50.0 time, 50.7 real, 82.7 MB
[runlim] sample:		60.0 time, 60.7 real, 95.1 MB
[runlim] sample:		70.0 time, 70.7 real, 107.2 MB
[runlim] sample:		80.0 time, 80.7 real, 121.3 MB
[runlim] sample:		90.0 time, 90.7 real, 133.7 MB
[runlim] sample:		100.0 time, 100.7 real, 145.8 MB
[runlim] sample:		110.0 time, 110.7 real, 159.7 MB
[runlim] sample:		120.0 time, 120.7 real, 171.8 MB
[runlim] sample:		130.0 time, 130.7 real, 183.6 MB
[runlim] sample:		140.0 time, 140.7 real, 200.6 MB
[runlim] sample:		150.0 time, 150.7 real, 215.2 MB
[runlim] sample:		160.0 time, 160.7 real, 227.3 MB
[runlim] sample:		170.0 time, 170.7 real, 239.7 MB
[runlim] sample:		180.0 time, 180.7 real, 254.0 MB
[runlim] sample:		190.0 time, 190.7 real, 266.2 MB
[runlim] sample:		200.0 time, 200.7 real, 278.5 MB
[runlim] sample:		210.0 time, 210.7 real, 292.7 MB
[runlim] sample:		220.0 time, 220.7 real, 305.0 MB
[runlim] sample:		230.0 time, 230.7 real, 317.1 MB
[runlim] sample:		239.9 time, 240.7 real, 329.0 MB
[runlim] sample:		249.9 time, 250.7 real, 341.1 MB
[runlim] sample:		259.9 time, 260.7 real, 354.8 MB
[runlim] sample:		269.9 time, 270.7 real, 374.7 MB
[runlim] sample:		279.9 time, 280.7 real, 386.8 MB
[runlim] sample:		289.9 time, 290.7 real, 400.9 MB
[runlim] end:			Sat Oct 31 15:59:02 2020
[runlim] status:		out of time
[runlim] result:		2
[runlim] children:		0
[runlim] real:			300.10 seconds
[runlim] time:			299.35 seconds
[runlim] space:			412.3 MB
[runlim] samples:		2994
** ASM **
[runlim] version:		1.10
[runlim] time limit:		311040000 seconds
[runlim] real time limit:	300 seconds
[runlim] space limit:		2048 MB
[runlim] argv[0]:		ganak
[runlim] argv[1]:		-t
[runlim] argv[2]:		300
[runlim] argv[3]:		-cs
[runlim] argv[4]:		1024
[runlim] argv[5]:		-seed
[runlim] argv[6]:		05
[runlim] argv[7]:		/experiments/results/rangesum05.c/05/counterSharp/asm.dimacs
[runlim] start:			Sat Oct 31 15:59:02 2020
[runlim] main pid:		486
[runlim] sample:		10.0 time, 10.1 real, 30.1 MB
[runlim] sample:		20.0 time, 20.1 real, 43.0 MB
[runlim] sample:		30.0 time, 30.1 real, 55.7 MB
[runlim] sample:		40.0 time, 40.1 real, 70.3 MB
[runlim] sample:		50.0 time, 50.1 real, 82.7 MB
[runlim] sample:		60.0 time, 60.1 real, 95.0 MB
[runlim] sample:		70.0 time, 70.1 real, 107.1 MB
[runlim] sample:		80.0 time, 80.1 real, 121.3 MB
[runlim] sample:		90.0 time, 90.1 real, 133.6 MB
[runlim] sample:		100.0 time, 100.1 real, 145.8 MB
[runlim] sample:		110.0 time, 110.1 real, 159.9 MB
[runlim] sample:		120.0 time, 120.1 real, 171.7 MB
[runlim] sample:		129.9 time, 130.1 real, 183.6 MB
[runlim] sample:		139.9 time, 140.1 real, 202.6 MB
[runlim] sample:		149.9 time, 150.1 real, 215.0 MB
[runlim] sample:		159.9 time, 160.1 real, 227.4 MB
[runlim] sample:		169.9 time, 170.1 real, 239.7 MB
[runlim] sample:		179.9 time, 180.1 real, 254.1 MB
[runlim] sample:		189.9 time, 190.1 real, 266.2 MB
[runlim] sample:		199.9 time, 200.1 real, 278.6 MB
[runlim] sample:		209.9 time, 210.1 real, 293.0 MB
[runlim] sample:		219.9 time, 220.1 real, 305.3 MB
[runlim] sample:		229.9 time, 230.1 real, 317.5 MB
[runlim] sample:		239.9 time, 240.1 real, 329.1 MB
[runlim] sample:		249.9 time, 250.1 real, 341.4 MB
[runlim] sample:		259.9 time, 260.1 real, 356.2 MB
[runlim] sample:		269.9 time, 270.1 real, 376.1 MB
[runlim] sample:		279.9 time, 280.1 real, 388.2 MB
[runlim] sample:		289.9 time, 290.1 real, 402.4 MB
[runlim] end:			Sat Oct 31 16:04:02 2020
[runlim] status:		out of time
[runlim] result:		2
[runlim] children:		0
[runlim] real:			300.02 seconds
[runlim] time:			299.83 seconds
[runlim] space:			414.5 MB
[runlim] samples:		2999
** ASH **
[runlim] version:		1.10
[runlim] time limit:		311040000 seconds
[runlim] real time limit:	300 seconds
[runlim] space limit:		2048 MB
[runlim] argv[0]:		ganak
[runlim] argv[1]:		-t
[runlim] argv[2]:		300
[runlim] argv[3]:		-cs
[runlim] argv[4]:		1024
[runlim] argv[5]:		-seed
[runlim] argv[6]:		05
[runlim] argv[7]:		/experiments/results/rangesum05.c/05/counterSharp/ash.dimacs
[runlim] start:			Sat Oct 31 16:04:02 2020
[runlim] main pid:		488
[runlim] sample:		10.0 time, 10.0 real, 16.0 MB
[runlim] sample:		20.0 time, 20.0 real, 17.9 MB
[runlim] sample:		30.0 time, 30.0 real, 18.6 MB
[runlim] sample:		40.0 time, 40.0 real, 19.1 MB
[runlim] sample:		50.0 time, 50.0 real, 19.9 MB
[runlim] sample:		60.0 time, 60.0 real, 20.2 MB
[runlim] sample:		70.0 time, 70.0 real, 20.8 MB
[runlim] sample:		80.0 time, 80.0 real, 21.3 MB
[runlim] sample:		90.0 time, 90.0 real, 22.0 MB
[runlim] sample:		100.0 time, 100.0 real, 22.3 MB
[runlim] sample:		110.0 time, 110.0 real, 22.8 MB
[runlim] sample:		120.0 time, 120.0 real, 23.1 MB
[runlim] sample:		130.0 time, 130.0 real, 23.7 MB
[runlim] sample:		140.0 time, 140.0 real, 24.2 MB
[runlim] sample:		150.0 time, 150.0 real, 24.9 MB
[runlim] sample:		160.0 time, 160.0 real, 25.2 MB
[runlim] sample:		170.0 time, 170.0 real, 25.7 MB
[runlim] sample:		180.0 time, 180.0 real, 26.0 MB
[runlim] sample:		190.0 time, 190.0 real, 26.5 MB
[runlim] sample:		200.0 time, 200.0 real, 26.7 MB
[runlim] sample:		209.9 time, 210.0 real, 27.5 MB
[runlim] sample:		219.9 time, 220.0 real, 28.0 MB
[runlim] sample:		229.9 time, 230.0 real, 28.0 MB
[runlim] sample:		239.9 time, 240.0 real, 28.8 MB
[runlim] sample:		249.9 time, 250.0 real, 29.1 MB
[runlim] sample:		259.9 time, 260.0 real, 29.3 MB
[runlim] sample:		269.9 time, 270.0 real, 30.1 MB
[runlim] sample:		279.9 time, 280.0 real, 30.4 MB
[runlim] sample:		289.9 time, 290.0 real, 30.9 MB
[runlim] sample:		299.9 time, 300.0 real, 31.4 MB
[runlim] end:			Sat Oct 31 16:09:02 2020
[runlim] status:		out of time
[runlim] result:		2
[runlim] children:		0
[runlim] real:			300.05 seconds
[runlim] time:			299.95 seconds
[runlim] space:			31.4 MB
[runlim] samples:		3000
