** CON **
c Setting the timout to: 100000
c Outputting solution to console
c GANAK version 1.0.0
c time bound set to 300s
c ganak GIT revision: 33f36bcdd4a32f4f20f64e667de10d13d1377953
c ganak build env: CMAKE_CXX_COMPILER = /usr/bin/c++ | CMAKE_CXX_FLAGS =  -mtune=native -Wall -Wextra -Wunused -Wsign-compare -fno-omit-frame-pointer -Wtype-limits -Wuninitialized -Wno-deprecated -Wstrict-aliasing -Wpointer-arith -Wpointer-arith -Wformat-nonliteral -Winit-self -Wparentheses -Wunreachable-code -ggdb3 | COMPILE_DEFINES =  | STATICCOMPILE = OFF | ONLY_SIMPLE =  | Boost_FOUND =  | ZLIB_FOUND =  | ENABLE_TESTING =  | ENABLE_ASSERTIONS = ON | MY_TARGETS =  | compilation date time = Oct 29 2020 17:35:28
c Setting the timout to: 300
c Solving /experiments/results/for_bounded_loop1-2.c/03/counterSharp/con.dimacs
c variables (all/used/free): 	288027/288027/0
c clauses (all/long/binary/unit): 1850865/1214054/634806/2005
c Sampling set is present, performing projected model counting 
c Sampling set size: 32
c Sampling set:  4008 4009 4010 4011 4012 4013 4014 4015 4016 4017 4018 4019 4020 4021 4022 4023 4024 4025 4026 4027 4028 4029 4030 4031 4032 4033 4034 4035 4036 4037 4038 4039
c 
c Preprocessing ..
c DONE

c FOUND UNSAT DURING PREPROCESSING 
c 
c 
c variables (total / active / free)	288027/288027/0
c clauses (removed) 			1850865 (0)
c decisions 				0
c Max. decision level 			0
c conflicts 				0
c conflict clauses (all/bin/unit) 	0/0/2005
c 
c failed literals found by implicit BCP 	 0
c implicit BCP miss rate 	 0%
c bytes cache size     	104	
c bytes cache (overall) 	104
c bytes cache components (overall) 	0
c bytes cache (infra / comps) 104/0	
c bytes pure comp data (curr)    0
c bytes pure comp data (overall) 0
c bytes cache with sysoverh (curr)    0
c bytes cache with sysoverh (overall) 0
c cache (lookup / stores / hits) 			0/0/0
c cache miss rate 0%
c avg. variable count (stores / hits) 	-nan/0
c 
c 
c # solutions 
s pmc 0
c # END
c 
c time: 0.998713s
** AMM **
c Setting the timout to: 100000
c Outputting solution to console
c GANAK version 1.0.0
c time bound set to 300s
c ganak GIT revision: 33f36bcdd4a32f4f20f64e667de10d13d1377953
c ganak build env: CMAKE_CXX_COMPILER = /usr/bin/c++ | CMAKE_CXX_FLAGS =  -mtune=native -Wall -Wextra -Wunused -Wsign-compare -fno-omit-frame-pointer -Wtype-limits -Wuninitialized -Wno-deprecated -Wstrict-aliasing -Wpointer-arith -Wpointer-arith -Wformat-nonliteral -Winit-self -Wparentheses -Wunreachable-code -ggdb3 | COMPILE_DEFINES =  | STATICCOMPILE = OFF | ONLY_SIMPLE =  | Boost_FOUND =  | ZLIB_FOUND =  | ENABLE_TESTING =  | ENABLE_ASSERTIONS = ON | MY_TARGETS =  | compilation date time = Oct 29 2020 17:35:28
c Setting the timout to: 300
c Solving /experiments/results/for_bounded_loop1-2.c/03/counterSharp/amm.dimacs
c variables (all/used/free): 	286276/286276/0
c clauses (all/long/binary/unit): 1845066/1213194/630867/1005
c Sampling set is present, performing projected model counting 
c Sampling set size: 32
c Sampling set:  2006 2007 2008 2009 2010 2011 2012 2013 2014 2015 2016 2017 2018 2019 2020 2021 2022 2023 2024 2025 2026 2027 2028 2029 2030 2031 2032 2033 2034 2035 2036 2037
c 
c Preprocessing ..
c DONE
c variables (all/used/free): 	282268/282236/32
c clauses (all/long/binary/unit): 1569295/1201179/368116/0
c Maximum cache size:	1024 MB
c 
c Max decision level :25
c Max decision level :50
c Max decision level :75
c Max decision level :100
c Max decision level :125
c Max decision level :150
c Max decision level :175
c Max decision level :200
c Max decision level :225
c Max decision level :250
c Max decision level :275
c Max decision level :300
** AMH **
c Setting the timout to: 100000
c Outputting solution to console
c GANAK version 1.0.0
c time bound set to 300s
c ganak GIT revision: 33f36bcdd4a32f4f20f64e667de10d13d1377953
c ganak build env: CMAKE_CXX_COMPILER = /usr/bin/c++ | CMAKE_CXX_FLAGS =  -mtune=native -Wall -Wextra -Wunused -Wsign-compare -fno-omit-frame-pointer -Wtype-limits -Wuninitialized -Wno-deprecated -Wstrict-aliasing -Wpointer-arith -Wpointer-arith -Wformat-nonliteral -Winit-self -Wparentheses -Wunreachable-code -ggdb3 | COMPILE_DEFINES =  | STATICCOMPILE = OFF | ONLY_SIMPLE =  | Boost_FOUND =  | ZLIB_FOUND =  | ENABLE_TESTING =  | ENABLE_ASSERTIONS = ON | MY_TARGETS =  | compilation date time = Oct 29 2020 17:35:28
c Setting the timout to: 300
c Solving /experiments/results/for_bounded_loop1-2.c/03/counterSharp/amh.dimacs
c variables (all/used/free): 	286276/286276/0
c clauses (all/long/binary/unit): 1845066/1213194/630867/1005
c Sampling set is present, performing projected model counting 
c Sampling set size: 32
c Sampling set:  2006 2007 2008 2009 2010 2011 2012 2013 2014 2015 2016 2017 2018 2019 2020 2021 2022 2023 2024 2025 2026 2027 2028 2029 2030 2031 2032 2033 2034 2035 2036 2037
c 
c Preprocessing ..
c DONE
c variables (all/used/free): 	285123/285090/33
c clauses (all/long/binary/unit): 1816059/1160815/655244/0
** ASM **
c Setting the timout to: 100000
c Outputting solution to console
c GANAK version 1.0.0
c time bound set to 300s
c ganak GIT revision: 33f36bcdd4a32f4f20f64e667de10d13d1377953
c ganak build env: CMAKE_CXX_COMPILER = /usr/bin/c++ | CMAKE_CXX_FLAGS =  -mtune=native -Wall -Wextra -Wunused -Wsign-compare -fno-omit-frame-pointer -Wtype-limits -Wuninitialized -Wno-deprecated -Wstrict-aliasing -Wpointer-arith -Wpointer-arith -Wformat-nonliteral -Winit-self -Wparentheses -Wunreachable-code -ggdb3 | COMPILE_DEFINES =  | STATICCOMPILE = OFF | ONLY_SIMPLE =  | Boost_FOUND =  | ZLIB_FOUND =  | ENABLE_TESTING =  | ENABLE_ASSERTIONS = ON | MY_TARGETS =  | compilation date time = Oct 29 2020 17:35:28
c Setting the timout to: 300
c Solving /experiments/results/for_bounded_loop1-2.c/03/counterSharp/asm.dimacs
c variables (all/used/free): 	286278/286278/0
c clauses (all/long/binary/unit): 1845072/1213195/630871/1006
c Sampling set is present, performing projected model counting 
c Sampling set size: 32
c Sampling set:  2006 2007 2008 2009 2010 2011 2012 2013 2014 2015 2016 2017 2018 2019 2020 2021 2022 2023 2024 2025 2026 2027 2028 2029 2030 2031 2032 2033 2034 2035 2036 2037
c 
c Preprocessing ..
c DONE
c variables (all/used/free): 	285092/285059/33
c clauses (all/long/binary/unit): 1815440/1160779/654661/0
** ASH **
c Setting the timout to: 100000
c Outputting solution to console
c GANAK version 1.0.0
c time bound set to 300s
c ganak GIT revision: 33f36bcdd4a32f4f20f64e667de10d13d1377953
c ganak build env: CMAKE_CXX_COMPILER = /usr/bin/c++ | CMAKE_CXX_FLAGS =  -mtune=native -Wall -Wextra -Wunused -Wsign-compare -fno-omit-frame-pointer -Wtype-limits -Wuninitialized -Wno-deprecated -Wstrict-aliasing -Wpointer-arith -Wpointer-arith -Wformat-nonliteral -Winit-self -Wparentheses -Wunreachable-code -ggdb3 | COMPILE_DEFINES =  | STATICCOMPILE = OFF | ONLY_SIMPLE =  | Boost_FOUND =  | ZLIB_FOUND =  | ENABLE_TESTING =  | ENABLE_ASSERTIONS = ON | MY_TARGETS =  | compilation date time = Oct 29 2020 17:35:28
c Setting the timout to: 300
c Solving /experiments/results/for_bounded_loop1-2.c/03/counterSharp/ash.dimacs
c variables (all/used/free): 	286278/286278/0
c clauses (all/long/binary/unit): 1845072/1213195/630871/1006
c Sampling set is present, performing projected model counting 
c Sampling set size: 32
c Sampling set:  2006 2007 2008 2009 2010 2011 2012 2013 2014 2015 2016 2017 2018 2019 2020 2021 2022 2023 2024 2025 2026 2027 2028 2029 2030 2031 2032 2033 2034 2035 2036 2037
c 
c Preprocessing ..
c DONE
c variables (all/used/free): 	285088/285055/33
c clauses (all/long/binary/unit): 1815989/1160782/655207/0
