** CON **
[runlim] version:		1.10
[runlim] time limit:		311040000 seconds
[runlim] real time limit:	300 seconds
[runlim] space limit:		2048 MB
[runlim] argv[0]:		approxmc
[runlim] argv[1]:		--sparse
[runlim] argv[2]:		1
[runlim] argv[3]:		-s
[runlim] argv[4]:		05
[runlim] argv[5]:		/experiments/results/overflow.c/05/counterSharp/con.dimacs
[runlim] start:			Tue Nov 24 17:21:57 2020
[runlim] main pid:		412
ERROR! Could not open file '/experiments/results/overflow.c/05/counterSharp/con.dimacs' for reading: No such file or directory
[runlim] end:			Tue Nov 24 17:21:57 2020
[runlim] status:		ok
[runlim] result:		0
[runlim] children:		0
[runlim] real:			0.94 seconds
[runlim] time:			0.00 seconds
[runlim] space:			0.0 MB
[runlim] samples:		0
** AMM **
[runlim] version:		1.10
[runlim] time limit:		311040000 seconds
[runlim] real time limit:	300 seconds
[runlim] space limit:		2048 MB
[runlim] argv[0]:		approxmc
[runlim] argv[1]:		--sparse
[runlim] argv[2]:		1
[runlim] argv[3]:		-s
[runlim] argv[4]:		05
[runlim] argv[5]:		/experiments/results/overflow.c/05/counterSharp/amm.dimacs
[runlim] start:			Tue Nov 24 17:21:57 2020
[runlim] main pid:		414
[runlim] end:			Tue Nov 24 17:21:58 2020
[runlim] status:		ok
[runlim] result:		0
[runlim] children:		0
[runlim] real:			1.08 seconds
[runlim] time:			0.09 seconds
[runlim] space:			8.3 MB
[runlim] samples:		1
** AMH **
[runlim] version:		1.10
[runlim] time limit:		311040000 seconds
[runlim] real time limit:	300 seconds
[runlim] space limit:		2048 MB
[runlim] argv[0]:		approxmc
[runlim] argv[1]:		--sparse
[runlim] argv[2]:		1
[runlim] argv[3]:		-s
[runlim] argv[4]:		05
[runlim] argv[5]:		/experiments/results/overflow.c/05/counterSharp/amh.dimacs
[runlim] start:			Tue Nov 24 17:21:58 2020
[runlim] main pid:		416
[runlim] end:			Tue Nov 24 17:21:58 2020
[runlim] status:		ok
[runlim] result:		0
[runlim] children:		0
[runlim] real:			0.24 seconds
[runlim] time:			0.08 seconds
[runlim] space:			8.4 MB
[runlim] samples:		1
** ASM **
[runlim] version:		1.10
[runlim] time limit:		311040000 seconds
[runlim] real time limit:	300 seconds
[runlim] space limit:		2048 MB
[runlim] argv[0]:		approxmc
[runlim] argv[1]:		--sparse
[runlim] argv[2]:		1
[runlim] argv[3]:		-s
[runlim] argv[4]:		05
[runlim] argv[5]:		/experiments/results/overflow.c/05/counterSharp/asm.dimacs
[runlim] start:			Tue Nov 24 17:21:58 2020
[runlim] main pid:		418
[runlim] end:			Tue Nov 24 17:21:58 2020
[runlim] status:		ok
[runlim] result:		0
[runlim] children:		0
[runlim] real:			0.38 seconds
[runlim] time:			0.09 seconds
[runlim] space:			8.4 MB
[runlim] samples:		1
** ASH **
[runlim] version:		1.10
[runlim] time limit:		311040000 seconds
[runlim] real time limit:	300 seconds
[runlim] space limit:		2048 MB
[runlim] argv[0]:		approxmc
[runlim] argv[1]:		--sparse
[runlim] argv[2]:		1
[runlim] argv[3]:		-s
[runlim] argv[4]:		05
[runlim] argv[5]:		/experiments/results/overflow.c/05/counterSharp/ash.dimacs
[runlim] start:			Tue Nov 24 17:21:58 2020
[runlim] main pid:		420
[runlim] end:			Tue Nov 24 17:21:58 2020
[runlim] status:		ok
[runlim] result:		0
[runlim] children:		0
[runlim] real:			0.53 seconds
[runlim] time:			0.09 seconds
[runlim] space:			8.6 MB
[runlim] samples:		1
