** CON **
[runlim] version:		1.10
[runlim] time limit:		311040000 seconds
[runlim] real time limit:	300 seconds
[runlim] space limit:		2048 MB
[runlim] argv[0]:		approxmc
[runlim] argv[1]:		-s
[runlim] argv[2]:		01
[runlim] argv[3]:		/experiments/results/Waldkirch.c/01/counterSharp/con.dimacs
[runlim] start:			Mon Aug  8 22:59:48 2022
[runlim] main pid:		4503
[runlim] end:			Mon Aug  8 22:59:48 2022
[runlim] status:		ok
[runlim] result:		0
[runlim] children:		0
[runlim] real:			0.73 seconds
[runlim] time:			0.00 seconds
[runlim] space:			0.0 MB
[runlim] samples:		0
** AMM **
[runlim] version:		1.10
[runlim] time limit:		311040000 seconds
[runlim] real time limit:	300 seconds
[runlim] space limit:		2048 MB
[runlim] argv[0]:		approxmc
[runlim] argv[1]:		-s
[runlim] argv[2]:		01
[runlim] argv[3]:		/experiments/results/Waldkirch.c/01/counterSharp/amm.dimacs
[runlim] start:			Mon Aug  8 22:59:48 2022
[runlim] main pid:		4505
[runlim] end:			Mon Aug  8 22:59:49 2022
[runlim] status:		ok
[runlim] result:		0
[runlim] children:		0
[runlim] real:			1.04 seconds
[runlim] time:			0.26 seconds
[runlim] space:			10.3 MB
[runlim] samples:		3
** AMH **
[runlim] version:		1.10
[runlim] time limit:		311040000 seconds
[runlim] real time limit:	300 seconds
[runlim] space limit:		2048 MB
[runlim] argv[0]:		approxmc
[runlim] argv[1]:		-s
[runlim] argv[2]:		01
[runlim] argv[3]:		/experiments/results/Waldkirch.c/01/counterSharp/amh.dimacs
[runlim] start:			Mon Aug  8 22:59:49 2022
[runlim] main pid:		4507
[runlim] end:			Mon Aug  8 22:59:49 2022
[runlim] status:		ok
[runlim] result:		0
[runlim] children:		0
[runlim] real:			0.41 seconds
[runlim] time:			0.25 seconds
[runlim] space:			8.5 MB
[runlim] samples:		3
** ASM **
[runlim] version:		1.10
[runlim] time limit:		311040000 seconds
[runlim] real time limit:	300 seconds
[runlim] space limit:		2048 MB
[runlim] argv[0]:		approxmc
[runlim] argv[1]:		-s
[runlim] argv[2]:		01
[runlim] argv[3]:		/experiments/results/Waldkirch.c/01/counterSharp/asm.dimacs
[runlim] start:			Mon Aug  8 22:59:49 2022
[runlim] main pid:		4509
[runlim] end:			Mon Aug  8 22:59:49 2022
[runlim] status:		ok
[runlim] result:		0
[runlim] children:		0
[runlim] real:			0.85 seconds
[runlim] time:			0.36 seconds
[runlim] space:			8.5 MB
[runlim] samples:		4
** ASH **
[runlim] version:		1.10
[runlim] time limit:		311040000 seconds
[runlim] real time limit:	300 seconds
[runlim] space limit:		2048 MB
[runlim] argv[0]:		approxmc
[runlim] argv[1]:		-s
[runlim] argv[2]:		01
[runlim] argv[3]:		/experiments/results/Waldkirch.c/01/counterSharp/ash.dimacs
[runlim] start:			Mon Aug  8 22:59:49 2022
[runlim] main pid:		4511
[runlim] end:			Mon Aug  8 22:59:50 2022
[runlim] status:		ok
[runlim] result:		0
[runlim] children:		0
[runlim] real:			1.28 seconds
[runlim] time:			0.34 seconds
[runlim] space:			8.3 MB
[runlim] samples:		4
