** CON **
c ApproxMC SHA revision efa1667e4e09b2d5f2c61042efe377ce3107fdd3
c ApproxMC version 4.0.1
c ApproxMC compilation env CMAKE_CXX_COMPILER = /usr/bin/c++ | CMAKE_CXX_FLAGS =  -Wall -Wextra -Wunused -Wsign-compare -fno-omit-frame-pointer -Wtype-limits -Wuninitialized -Wno-deprecated -Wstrict-aliasing -Wpointer-arith -fvisibility=hidden -Wpointer-arith -Wformat-nonliteral -Winit-self -Wparentheses -Wunreachable-code -g -fvisibility=hidden -Wlogical-op -Wrestrict -Wnull-dereference -Wdouble-promotion -Wshadow -Wformat=2 -Wextra-semi -pedantic | COMPILE_DEFINES =  -DBOOST_TEST_DYN_LINK | STATICCOMPILE = OFF | Boost_FOUND = TRUE | ZLIB_FOUND = TRUE | VALGRIND_FOUND =  | GMP_FOUND = TRUE | ENABLE_ASSERTIONS = ON | MY_TARGETS =  | compilation date time = Aug  8 2022 16:18:18
c ApproxMC compiled with gcc version 9.4.0
c CryptoMiniSat version 5.11.0
c CMS Copyright (C) 2009-2020 Authors of CryptoMiniSat, see AUTHORS file
c CMS SHA revision 716b89be078f98fb615cf30a1f663b4903c08d9d
c CMS is MIT licensed
c Using VMTF code by Armin Biere from CaDiCaL
c Using Yalsat by Armin Biere, see Balint et al. Improving implementation of SLS solvers [...], SAT'14
c Using WalkSAT by Henry Kautz, see Kautz and Selman Pushing the envelope: planning, propositional logic, and stochastic search, AAAI'96,
c Using code from 'When Boolean Satisfiability Meets Gauss-E. in a Simplex Way'
c       by C.-S. Han and J.-H. Roland Jiang in CAV 2012. Fixes by M. Soos
c Using CCAnr from 'CCAnr: A Conf. Checking Based Local Search Solver [...]'
c       by Shaowei Cai, Chuan Luo, and Kaile Su, SAT 2015
c CMS compilation env CMAKE_CXX_COMPILER = /usr/bin/c++ | CMAKE_CXX_FLAGS =  -fvisibility=hidden -Wall -Wextra -Wunused -Wsign-compare -fno-omit-frame-pointer -Wtype-limits -Wuninitialized -Wno-deprecated -Wstrict-aliasing -Wpointer-arith -Wpointer-arith -Wformat-nonliteral -Winit-self -Wparentheses -Wunreachable-code -g -Wno-class-memaccess -mpopcnt -msse4.2 -ggdb3 -Wlogical-op -Wrestrict -Wnull-dereference -Wdouble-promotion -Wshadow -Wformat=2 -Wextra-semi -pedantic | COMPILE_DEFINES =  -DRDB0_ONLY_FEATURES -DBOOST_TEST_DYN_LINK -DUSE_ZLIB -DYALSAT_FPU | STATICCOMPILE = OFF | ONLY_SIMPLE = OFF | Boost_FOUND = TRUE | STATS = OFF | SQLITE3_FOUND = FALSE | ZLIB_FOUND = TRUE | VALGRIND_FOUND =  | ENABLE_TESTING = OFF | M4RI_FOUND =  | NOM4RI = ON | SLOW_DEBUG = OFF | ENABLE_ASSERTIONS = ON | PYTHON_EXECUTABLE =  | PYTHON_LIBRARY =  | PYTHON_INCLUDE_DIRS =  | MY_TARGETS =  | LARGEMEM = OFF | LIMITMEM = OFF | BREAKID_LIBRARIES =  | BREAKID-VER = . | BOSPHORUS_LIBRARIES =  | BOSPH-VER = . | compilation date time = Aug  8 2022 16:16:45
c CMS compiled with gcc version 9.4.0
c executed with command line: approxmc -s 05 /experiments/results/for_bounded_loop1-2.c/05/counterSharp/con.dimacs
c Arjun SHA revision 416b100492d00bc51dbe98963e981906ddb47d83
c -- header says num vars:         288027
c -- header says num clauses:     1850865
c WARNING: Empty line at line number 1856878 -- this is not part of the DIMACS specifications (http://www.satcompetition.org/2009/format-benchmarks2009.html). Ignoring.
c -- clauses added: 1850865
c -- xor clauses added: 0
c -- vars added 288027
c Original sampling vars: 4007 4008 4009 4010 4011 4012 4013 4014 4015 4016 4017 4018 4019 4020 4021 4022 4023 4024 4025 4026 4027 4028 4029 4030 4031 4032 4033 4034 4035 4036 4037 4038 
c [appmc] Orig sampling vars size: 32
c [arjun-simp] GATE-based Potential was: 0 Non-zero OCCs were: 0 removed: 0 perc: 0.00 T: 0.01
c [arjun-simp] IRREG-GATE-based removed: 32 perc: 100.00 T: 0.00
c [arjun-simp] equiv-subform removed: 0 perc: 0.00 total equiv_subform now: 0 T: 0.00
c [arjun-simp] CMS::simplify() with no BVE, intree probe...
c [arjun] CNF is UNSAT, setting sampling set to empty
c [arjun] get_indep_set finished T: 0.01
c ind 0
c [arjun] final set size:            0 percent of original: 0.0000 %
c [arjun] of which empty occs:       0 percent of original: 0.0000 %
c [appmc+arjun] Total time: 0.8395
c [appmc] Number of solutions is: 0*2**0
s UNSATISFIABLE
s mc 0
** AMM **
c ApproxMC SHA revision efa1667e4e09b2d5f2c61042efe377ce3107fdd3
c ApproxMC version 4.0.1
c ApproxMC compilation env CMAKE_CXX_COMPILER = /usr/bin/c++ | CMAKE_CXX_FLAGS =  -Wall -Wextra -Wunused -Wsign-compare -fno-omit-frame-pointer -Wtype-limits -Wuninitialized -Wno-deprecated -Wstrict-aliasing -Wpointer-arith -fvisibility=hidden -Wpointer-arith -Wformat-nonliteral -Winit-self -Wparentheses -Wunreachable-code -g -fvisibility=hidden -Wlogical-op -Wrestrict -Wnull-dereference -Wdouble-promotion -Wshadow -Wformat=2 -Wextra-semi -pedantic | COMPILE_DEFINES =  -DBOOST_TEST_DYN_LINK | STATICCOMPILE = OFF | Boost_FOUND = TRUE | ZLIB_FOUND = TRUE | VALGRIND_FOUND =  | GMP_FOUND = TRUE | ENABLE_ASSERTIONS = ON | MY_TARGETS =  | compilation date time = Aug  8 2022 16:18:18
c ApproxMC compiled with gcc version 9.4.0
c CryptoMiniSat version 5.11.0
c CMS Copyright (C) 2009-2020 Authors of CryptoMiniSat, see AUTHORS file
c CMS SHA revision 716b89be078f98fb615cf30a1f663b4903c08d9d
c CMS is MIT licensed
c Using VMTF code by Armin Biere from CaDiCaL
c Using Yalsat by Armin Biere, see Balint et al. Improving implementation of SLS solvers [...], SAT'14
c Using WalkSAT by Henry Kautz, see Kautz and Selman Pushing the envelope: planning, propositional logic, and stochastic search, AAAI'96,
c Using code from 'When Boolean Satisfiability Meets Gauss-E. in a Simplex Way'
c       by C.-S. Han and J.-H. Roland Jiang in CAV 2012. Fixes by M. Soos
c Using CCAnr from 'CCAnr: A Conf. Checking Based Local Search Solver [...]'
c       by Shaowei Cai, Chuan Luo, and Kaile Su, SAT 2015
c CMS compilation env CMAKE_CXX_COMPILER = /usr/bin/c++ | CMAKE_CXX_FLAGS =  -fvisibility=hidden -Wall -Wextra -Wunused -Wsign-compare -fno-omit-frame-pointer -Wtype-limits -Wuninitialized -Wno-deprecated -Wstrict-aliasing -Wpointer-arith -Wpointer-arith -Wformat-nonliteral -Winit-self -Wparentheses -Wunreachable-code -g -Wno-class-memaccess -mpopcnt -msse4.2 -ggdb3 -Wlogical-op -Wrestrict -Wnull-dereference -Wdouble-promotion -Wshadow -Wformat=2 -Wextra-semi -pedantic | COMPILE_DEFINES =  -DRDB0_ONLY_FEATURES -DBOOST_TEST_DYN_LINK -DUSE_ZLIB -DYALSAT_FPU | STATICCOMPILE = OFF | ONLY_SIMPLE = OFF | Boost_FOUND = TRUE | STATS = OFF | SQLITE3_FOUND = FALSE | ZLIB_FOUND = TRUE | VALGRIND_FOUND =  | ENABLE_TESTING = OFF | M4RI_FOUND =  | NOM4RI = ON | SLOW_DEBUG = OFF | ENABLE_ASSERTIONS = ON | PYTHON_EXECUTABLE =  | PYTHON_LIBRARY =  | PYTHON_INCLUDE_DIRS =  | MY_TARGETS =  | LARGEMEM = OFF | LIMITMEM = OFF | BREAKID_LIBRARIES =  | BREAKID-VER = . | BOSPHORUS_LIBRARIES =  | BOSPH-VER = . | compilation date time = Aug  8 2022 16:16:45
c CMS compiled with gcc version 9.4.0
c executed with command line: approxmc -s 05 /experiments/results/for_bounded_loop1-2.c/05/counterSharp/amm.dimacs
c Arjun SHA revision 416b100492d00bc51dbe98963e981906ddb47d83
c -- header says num vars:         286276
c -- header says num clauses:     1845066
c WARNING: Empty line at line number 1851084 -- this is not part of the DIMACS specifications (http://www.satcompetition.org/2009/format-benchmarks2009.html). Ignoring.
c -- clauses added: 1845066
c -- xor clauses added: 0
c -- vars added 286276
c Original sampling vars: 2005 2006 2007 2008 2009 2010 2011 2012 2013 2014 2015 2016 2017 2018 2019 2020 2021 2022 2023 2024 2025 2026 2027 2028 2029 2030 2031 2032 2033 2034 2035 2036 
c [appmc] Orig sampling vars size: 32
c --> Executing OCC strategy token(s): 'occ-xor,'
c [occ] mem usage for occur     79 MB
c [occ] Linked in IRRED BIN by default: 130364
c [occ] Linked in RED   BIN by default: 0
c [occ] mem usage for occur     21 MB
c Mem for watch alloc      : 54          MB (27.92     %)
c Mem for watch array      : 16          MB (8.23      %)
c --> Executing OCC strategy token: occ-xor
c [occ-xor] sort occur list T: 0.06
c [xor-clean-equiv] removed equivalent xors: 0 left with: 33002
c [occ-xor] found  33002 avg sz 3.0 min sz  3 max sz  3 T: 0.34 T-out: N T-r: 94.08%
c [occ] mem usage for occur     79 MB
c [occ] Linked in IRRED BIN by default: 130364
c [occ] Linked in RED   BIN by default: 0
c [occ] mem usage for occur     21 MB
c Mem for watch alloc      : 54          MB (26.63     %)
c Mem for watch array      : 16          MB (7.85      %)
c [occ-gates] found:   33K avg-s: 2.0 T: 0.09 T-out: N T-r: 16.31%
c [occ] mem usage for occur     79 MB
c [occ] Linked in IRRED BIN by default: 130364
c [occ] Linked in RED   BIN by default: 0
c [occ] mem usage for occur     21 MB
c Mem for watch alloc      : 54          MB (26.54     %)
c Mem for watch array      : 16          MB (7.82      %)
c [arjun-simp] GATE-based Potential was: 0 Non-zero OCCs were: 0 removed: 0 perc: 0.00 T: 1.87
c [occ] mem usage for occur     79 MB
c [occ] Linked in IRRED BIN by default: 130364
c [occ] Linked in RED   BIN by default: 0
c [occ] mem usage for occur     21 MB
c Mem for watch alloc      : 54          MB (26.80     %)
c Mem for watch array      : 16          MB (7.90      %)
c [gate-definable] no-cls-match-filt: 0 pico ran: 0 unsat: 0 0-occ: 0 too-many-occ: 32 empty-res: 0
c [arjun-simp] IRREG-GATE-based removed: 0 perc: 0.00 T: 0.42
c [occ] mem usage for occur     79 MB
c [occ] Linked in IRRED BIN by default: 130364
c [occ] Linked in RED   BIN by default: 0
c [occ] mem usage for occur     21 MB
c Mem for watch alloc      : 54          MB (26.80     %)
c Mem for watch array      : 16          MB (7.90      %)
c [cms-equiv-sub] equiv_subformula: 0 empty_occ: 0 T: 0.00
c [arjun-simp] equiv-subform removed: 0 perc: 0.00 total equiv_subform now: 0 T: 0.32
c [arjun-simp] CMS::simplify() with no BVE, intree probe...
c [arjun-simp] CMS::simplify() with no BVE finished. T: 9.80
c [arjun-simp] Removed eq lits: 0 new size: 32
c [arjun-simp] Removed set       : 0 new size: 32
c [arjun-simp] Removed set       : 0 new size: 32
c [arjun-simp] Removed eq lits: 0 new size: 32
c [arjun-simp] probe removed: 0 perc: 0.00 T: 0.96
c [occ] mem usage for occur     77 MB
c [occ] Linked in IRRED BIN by default: 158300
c [occ] Linked in RED   BIN by default: 0
c [occ] mem usage for occur     21 MB
c Mem for watch alloc      : 60          MB (27.01     %)
c Mem for watch array      : 13          MB (5.88      %)
c [cms-equiv-sub] equiv_subformula: 0 empty_occ: 0 T: 0.00
c [arjun-simp] equiv-subform removed: 0 perc: 0.00 total equiv_subform now: 0 T: 2.19
c [arjun-simp] IRREG-GATE-based removed: 0 perc: 0.00 T: 2.80
c [arjun] simplification finished  removed: 0 perc: 0.00 T: 18.75
c [arjun] Duplicating CNF...
c [arjun] Duplicated CNF. T: 2.79
c [arjun] CMS::simplify() with *only* BVE...
c [arjun] CMS::simplify() with *only* BVE finished. T: 38.20
c [arjun] Adding fixed clauses time: 0.03
c [arjun] Start unknown size: 32
c [arjun] backward round finished T: 0.01
c [arjun] get_indep_set finished T: 59.81
c ind 286181 286214 286215 286216 286217 286218 286219 286220 286221 286222 286211 286210 286209 286208 286207 286206 286205 286204 286203 286202 286201 286200 286199 286198 286197 286196 286195 286194 286193 286192 286191 286212 0
c [arjun] final set size:           32 percent of original: 100.0000 %
c [arjun] of which empty occs:       0 percent of original: 0.0000 %
c [appmc] Sampling set size: 32
c [appmc] Sampling set: 286181, 286191, 286192, 286193, 286194, 286195, 286196, 286197, 286198, 286199, 286200, 286201, 286202, 286203, 286204, 286205, 286206, 286207, 286208, 286209, 286210, 286211, 286212, 286214, 286215, 286216, 286217, 286218, 286219, 286220, 286221, 286222, 
c [appmc] threshold set to 72 sparse: 0
c [appmc] Starting up, initial measurement
c [appmc] Checking if there are at least threshold+1 solutions...
c [appmc] simplifying
c [appmc] [    9.78 ] bounded_sol_count looking for   73 solutions -- hashes active: 0
c [appmc] repeat solutions:      0 checked:      0 out of:      0
c [appmc] Starting at hash count: 1
c [appmc] [    9.88 ] round:  0 hashes:      1
c [appmc] [    9.88 ] bounded_sol_count looking for   73 solutions -- hashes active: 1
c [appmc] repeat solutions:     37 checked:     73 out of:     73
c [appmc] [   10.00 ] round:  0 hashes:      2
c [appmc] [   10.00 ] bounded_sol_count looking for   73 solutions -- hashes active: 2
c [appmc] repeat solutions:     37 checked:    109 out of:    109
c [appmc] [   10.12 ] round:  0 hashes:      4
c [appmc] [   10.12 ] bounded_sol_count looking for   73 solutions -- hashes active: 4
c [appmc] repeat solutions:     18 checked:    145 out of:    145
c [appmc] [   10.31 ] round:  0 hashes:      8
c [appmc] [   10.31 ] bounded_sol_count looking for   73 solutions -- hashes active: 8
c [appmc] repeat solutions:      4 checked:    200 out of:    200
c [appmc] [   10.56 ] round:  0 hashes:     16
c [appmc] [   10.56 ] bounded_sol_count looking for   73 solutions -- hashes active: 16
c [appmc] repeat solutions:      1 checked:    269 out of:    269
c [appmc] [   10.81 ] round:  0 hashes:     24
c [appmc] [   10.81 ] bounded_sol_count looking for   73 solutions -- hashes active: 24
c [appmc] repeat solutions:      0 checked:    341 out of:    341
c [appmc] [   11.09 ] round:  0 hashes:     28
c [appmc] [   11.09 ] bounded_sol_count looking for   73 solutions -- hashes active: 28
c [appmc] repeat solutions:      0 checked:    414 out of:    414
c [appmc] [   11.15 ] round:  0 hashes:     26
c [appmc] [   11.15 ] bounded_sol_count looking for   73 solutions -- hashes active: 26
c [appmc] repeat solutions:     16 checked:    414 out of:    430
c [appmc] [   11.32 ] round:  0 hashes:     25
c [appmc] [   11.32 ] bounded_sol_count looking for   73 solutions -- hashes active: 25
c [appmc] repeat solutions:    100 checked:    414 out of:    478
c [appmc] simplifying
c [appmc] [   11.38 ] round:  1 hashes:     26
c [appmc] [   11.38 ] bounded_sol_count looking for   73 solutions -- hashes active: 26
c [appmc] repeat solutions:      0 checked:     73 out of:     73
c [appmc] [   11.61 ] round:  1 hashes:     25
c [appmc] [   11.61 ] bounded_sol_count looking for   73 solutions -- hashes active: 25
c [appmc] repeat solutions:     64 checked:     73 out of:    137
c [appmc] simplifying
c [appmc] [   11.70 ] round:  2 hashes:     26
c [appmc] [   11.70 ] bounded_sol_count looking for   73 solutions -- hashes active: 26
c [appmc] repeat solutions:      0 checked:     73 out of:     73
c [appmc] [   11.93 ] round:  2 hashes:     25
c [appmc] [   11.93 ] bounded_sol_count looking for   73 solutions -- hashes active: 25
c [appmc] repeat solutions:     64 checked:     73 out of:    137
c [appmc] simplifying
c [appmc] [   12.02 ] round:  3 hashes:     26
c [appmc] [   12.02 ] bounded_sol_count looking for   73 solutions -- hashes active: 26
c [appmc] repeat solutions:      0 checked:     73 out of:     73
c [appmc] [   12.25 ] round:  3 hashes:     25
c [appmc] [   12.25 ] bounded_sol_count looking for   73 solutions -- hashes active: 25
c [appmc] repeat solutions:     64 checked:     73 out of:    137
c [appmc] simplifying
c [appmc] [   12.34 ] round:  4 hashes:     26
c [appmc] [   12.34 ] bounded_sol_count looking for   73 solutions -- hashes active: 26
c [appmc] repeat solutions:      0 checked:     73 out of:     73
c [appmc] [   12.58 ] round:  4 hashes:     25
c [appmc] [   12.58 ] bounded_sol_count looking for   73 solutions -- hashes active: 25
c [appmc] repeat solutions:     64 checked:     73 out of:    137
c [appmc] simplifying
c [appmc] [   12.68 ] round:  5 hashes:     26
c [appmc] [   12.68 ] bounded_sol_count looking for   73 solutions -- hashes active: 26
c [appmc] repeat solutions:      0 checked:     73 out of:     73
c [appmc] [   12.91 ] round:  5 hashes:     25
c [appmc] [   12.91 ] bounded_sol_count looking for   73 solutions -- hashes active: 25
c [appmc] repeat solutions:     64 checked:     73 out of:    137
c [appmc] simplifying
c [appmc] [   13.00 ] round:  6 hashes:     26
c [appmc] [   13.00 ] bounded_sol_count looking for   73 solutions -- hashes active: 26
c [appmc] repeat solutions:      0 checked:     73 out of:     73
c [appmc] [   13.22 ] round:  6 hashes:     25
c [appmc] [   13.22 ] bounded_sol_count looking for   73 solutions -- hashes active: 25
c [appmc] repeat solutions:     64 checked:     73 out of:    137
c [appmc] simplifying
c [appmc] [   13.30 ] round:  7 hashes:     26
c [appmc] [   13.30 ] bounded_sol_count looking for   73 solutions -- hashes active: 26
c [appmc] repeat solutions:      0 checked:     73 out of:     73
c [appmc] [   13.52 ] round:  7 hashes:     25
c [appmc] [   13.52 ] bounded_sol_count looking for   73 solutions -- hashes active: 25
c [appmc] repeat solutions:     64 checked:     73 out of:    137
c [appmc] simplifying
c [appmc] [   13.61 ] round:  8 hashes:     26
c [appmc] [   13.61 ] bounded_sol_count looking for   73 solutions -- hashes active: 26
c [appmc] repeat solutions:      0 checked:     73 out of:     73
c [appmc] [   13.83 ] round:  8 hashes:     25
c [appmc] [   13.83 ] bounded_sol_count looking for   73 solutions -- hashes active: 25
c [appmc] repeat solutions:     64 checked:     73 out of:    137
c [appmc] ApproxMC T: 13.87 s
c ------- FINAL TOTAL SEARCH STATS ---------
c UIP search time          : 0.22        (0.30      % time)
c restarts                 : 1072        (0.97      confls per restart)
c blocked restarts         : 0           (0.00      per normal restart)
c time                     : 0.22        
c decisions                : 150434      (0.00      % random)
c propagations             : 208K        (929K      props/s)
c decisions/conflicts      : 145.35      
c conflicts                : 1035        
c conf lits non-minim      : 40255       (38.89     lit/confl)
c conf lits final          : 30.44       
c red which0               : 0           (0.00      % of confl)
c props/decision           : 0.00        
c props/conflict           : 0.00        
c 0-depth assigns          : 5017        (2047.76   % vars)
c 0-depth assigns by CNF   : 4022        (1641.63   % vars)
c reduceDB time            : 0.00        (0.00      % time)
c OccSimplifier time       : 19.81       (26.37     % time)
c [occur] 0.49 is overhead
c [occur] link-in T: 0.46 cleanup T: 0.03
c [occ-substr] long subBySub: 45943 subByStr: 109521 lits-rem-str: 55547 T: 19.19
c SCC time                 : 0.08        (0.10      % time)
c [scc] new: 2060 BP 1M  T: 0.08
c vrep replace time        : 0.15        (0.20      % time)
c vrep tree roots          : 2028        
c vrep trees' crown        : 2060        (1.02      leafs/tree)
c distill long time        : 0.00        (0.00      % time)
c distill bin time         : 0.00        (0.00      % time)
c strength cache-irred time: 0.00        (0.00      % time)
c strength cache-red time  : 0.00        (0.00      % time)
c avg cls in red 0         : 0.00        
c avg cls in red 1         : 0.00        
c avg cls in red 2         : 106.81      
c Conflicts in UIP         : 1035        (13.78     confl/time_this_thread)
c Max Memory (rss) used    : 769996 kB   
c Total time (this thread) : 75.13       
c [appmc+arjun] Total time: 75.13
c [appmc] Number of solutions is: 64*2**26
s SATISFIABLE
s mc 4294967296
** AMH **
c ApproxMC SHA revision efa1667e4e09b2d5f2c61042efe377ce3107fdd3
c ApproxMC version 4.0.1
c ApproxMC compilation env CMAKE_CXX_COMPILER = /usr/bin/c++ | CMAKE_CXX_FLAGS =  -Wall -Wextra -Wunused -Wsign-compare -fno-omit-frame-pointer -Wtype-limits -Wuninitialized -Wno-deprecated -Wstrict-aliasing -Wpointer-arith -fvisibility=hidden -Wpointer-arith -Wformat-nonliteral -Winit-self -Wparentheses -Wunreachable-code -g -fvisibility=hidden -Wlogical-op -Wrestrict -Wnull-dereference -Wdouble-promotion -Wshadow -Wformat=2 -Wextra-semi -pedantic | COMPILE_DEFINES =  -DBOOST_TEST_DYN_LINK | STATICCOMPILE = OFF | Boost_FOUND = TRUE | ZLIB_FOUND = TRUE | VALGRIND_FOUND =  | GMP_FOUND = TRUE | ENABLE_ASSERTIONS = ON | MY_TARGETS =  | compilation date time = Aug  8 2022 16:18:18
c ApproxMC compiled with gcc version 9.4.0
c CryptoMiniSat version 5.11.0
c CMS Copyright (C) 2009-2020 Authors of CryptoMiniSat, see AUTHORS file
c CMS SHA revision 716b89be078f98fb615cf30a1f663b4903c08d9d
c CMS is MIT licensed
c Using VMTF code by Armin Biere from CaDiCaL
c Using Yalsat by Armin Biere, see Balint et al. Improving implementation of SLS solvers [...], SAT'14
c Using WalkSAT by Henry Kautz, see Kautz and Selman Pushing the envelope: planning, propositional logic, and stochastic search, AAAI'96,
c Using code from 'When Boolean Satisfiability Meets Gauss-E. in a Simplex Way'
c       by C.-S. Han and J.-H. Roland Jiang in CAV 2012. Fixes by M. Soos
c Using CCAnr from 'CCAnr: A Conf. Checking Based Local Search Solver [...]'
c       by Shaowei Cai, Chuan Luo, and Kaile Su, SAT 2015
c CMS compilation env CMAKE_CXX_COMPILER = /usr/bin/c++ | CMAKE_CXX_FLAGS =  -fvisibility=hidden -Wall -Wextra -Wunused -Wsign-compare -fno-omit-frame-pointer -Wtype-limits -Wuninitialized -Wno-deprecated -Wstrict-aliasing -Wpointer-arith -Wpointer-arith -Wformat-nonliteral -Winit-self -Wparentheses -Wunreachable-code -g -Wno-class-memaccess -mpopcnt -msse4.2 -ggdb3 -Wlogical-op -Wrestrict -Wnull-dereference -Wdouble-promotion -Wshadow -Wformat=2 -Wextra-semi -pedantic | COMPILE_DEFINES =  -DRDB0_ONLY_FEATURES -DBOOST_TEST_DYN_LINK -DUSE_ZLIB -DYALSAT_FPU | STATICCOMPILE = OFF | ONLY_SIMPLE = OFF | Boost_FOUND = TRUE | STATS = OFF | SQLITE3_FOUND = FALSE | ZLIB_FOUND = TRUE | VALGRIND_FOUND =  | ENABLE_TESTING = OFF | M4RI_FOUND =  | NOM4RI = ON | SLOW_DEBUG = OFF | ENABLE_ASSERTIONS = ON | PYTHON_EXECUTABLE =  | PYTHON_LIBRARY =  | PYTHON_INCLUDE_DIRS =  | MY_TARGETS =  | LARGEMEM = OFF | LIMITMEM = OFF | BREAKID_LIBRARIES =  | BREAKID-VER = . | BOSPHORUS_LIBRARIES =  | BOSPH-VER = . | compilation date time = Aug  8 2022 16:16:45
c CMS compiled with gcc version 9.4.0
c executed with command line: approxmc -s 05 /experiments/results/for_bounded_loop1-2.c/05/counterSharp/amh.dimacs
c Arjun SHA revision 416b100492d00bc51dbe98963e981906ddb47d83
c -- header says num vars:         286276
c -- header says num clauses:     1845066
c WARNING: Empty line at line number 1851084 -- this is not part of the DIMACS specifications (http://www.satcompetition.org/2009/format-benchmarks2009.html). Ignoring.
c -- clauses added: 1845066
c -- xor clauses added: 0
c -- vars added 286276
c Original sampling vars: 2005 2006 2007 2008 2009 2010 2011 2012 2013 2014 2015 2016 2017 2018 2019 2020 2021 2022 2023 2024 2025 2026 2027 2028 2029 2030 2031 2032 2033 2034 2035 2036 
c [appmc] Orig sampling vars size: 32
c --> Executing OCC strategy token(s): 'occ-xor,'
c [occ] mem usage for occur     87 MB
c [occ] Linked in IRRED BIN by default: 629895
c [occ] Linked in RED   BIN by default: 0
c [occ] mem usage for occur     21 MB
c Mem for watch alloc      : 59          MB (29.80     %)
c Mem for watch array      : 16          MB (8.05      %)
c --> Executing OCC strategy token: occ-xor
c [occ-xor] sort occur list T: 0.11
c [xor-clean-equiv] removed equivalent xors: 0 left with: 33001
c [occ-xor] found  33001 avg sz 3.0 min sz  3 max sz  3 T: 0.37 T-out: N T-r: 94.08%
c [occ] mem usage for occur     87 MB
c [occ] Linked in IRRED BIN by default: 629895
c [occ] Linked in RED   BIN by default: 0
c [occ] mem usage for occur     21 MB
c Mem for watch alloc      : 59          MB (27.80     %)
c Mem for watch array      : 16          MB (7.51      %)
c [occ-gates] found:   22K avg-s: 2.0 T: 0.09 T-out: Y T-r: -0.00%
c [occ] mem usage for occur     87 MB
c [occ] Linked in IRRED BIN by default: 629895
c [occ] Linked in RED   BIN by default: 0
c [occ] mem usage for occur     21 MB
c Mem for watch alloc      : 59          MB (27.80     %)
c Mem for watch array      : 16          MB (7.51      %)
c [arjun-simp] GATE-based Potential was: 0 Non-zero OCCs were: 0 removed: 0 perc: 0.00 T: 1.96
c [occ] mem usage for occur     87 MB
c [occ] Linked in IRRED BIN by default: 629895
c [occ] Linked in RED   BIN by default: 0
c [occ] mem usage for occur     21 MB
c Mem for watch alloc      : 59          MB (28.97     %)
c Mem for watch array      : 16          MB (7.82      %)
c [gate-definable] no-cls-match-filt: 0 pico ran: 0 unsat: 0 0-occ: 0 too-many-occ: 32 empty-res: 0
c [arjun-simp] IRREG-GATE-based removed: 0 perc: 0.00 T: 0.39
c [occ] mem usage for occur     87 MB
c [occ] Linked in IRRED BIN by default: 629895
c [occ] Linked in RED   BIN by default: 0
c [occ] mem usage for occur     21 MB
c Mem for watch alloc      : 59          MB (28.97     %)
c Mem for watch array      : 16          MB (7.82      %)
c [cms-equiv-sub] equiv_subformula: 0 empty_occ: 0 T: 0.00
c [arjun-simp] equiv-subform removed: 0 perc: 0.00 total equiv_subform now: 0 T: 0.34
c [arjun-simp] CMS::simplify() with no BVE, intree probe...
c [arjun-simp] CMS::simplify() with no BVE finished. T: 7.55
c [arjun-simp] Removed eq lits: 0 new size: 32
c [arjun-simp] Removed set       : 0 new size: 32
c [arjun-simp] Removed set       : 22 new size: 10
c [arjun-simp] Removed eq lits: 0 new size: 10
c [arjun-simp] probe removed: 22 perc: 68.75 T: 0.73
c [occ] mem usage for occur     84 MB
c [occ] Linked in IRRED BIN by default: 639816
c [occ] Linked in RED   BIN by default: 596
c [occ] mem usage for occur     21 MB
c Mem for watch alloc      : 75          MB (31.60     %)
c Mem for watch array      : 13          MB (5.46      %)
c [cms-equiv-sub] equiv_subformula: 0 empty_occ: 0 T: 0.00
c [arjun-simp] equiv-subform removed: 0 perc: 0.00 total equiv_subform now: 0 T: 2.14
c [arjun-simp] IRREG-GATE-based removed: 0 perc: 0.00 T: 2.41
c [arjun] simplification finished  removed: 22 perc: 68.75 T: 15.86
c [arjun] Duplicating CNF...
c [arjun] Duplicated CNF. T: 2.46
c [arjun] CMS::simplify() with *only* BVE...
c [arjun] CMS::simplify() with *only* BVE finished. T: 42.82
c [arjun] Adding fixed clauses time: 0.04
c [arjun] Start unknown size: 10
c [arjun] backward round finished T: 0.01
c [arjun] get_indep_set finished T: 61.24
c ind 286181 286214 286215 286222 286221 286216 286217 286218 286219 286220 0
c [arjun] final set size:           10 percent of original: 31.2500 %
c [arjun] of which empty occs:       0 percent of original: 0.0000 %
c [appmc] Sampling set size: 10
c [appmc] Sampling set: 286181, 286214, 286215, 286216, 286217, 286218, 286219, 286220, 286221, 286222, 
c [appmc] threshold set to 72 sparse: 0
c [appmc] Starting up, initial measurement
c [appmc] Checking if there are at least threshold+1 solutions...
c [appmc] simplifying
c [appmc] [   12.89 ] bounded_sol_count looking for   73 solutions -- hashes active: 0
c [appmc] repeat solutions:      0 checked:      0 out of:      0
c [appmc] Starting at hash count: 1
c [appmc] [   13.00 ] round:  0 hashes:      1
c [appmc] [   13.00 ] bounded_sol_count looking for   73 solutions -- hashes active: 1
c [appmc] repeat solutions:     37 checked:     73 out of:     73
c [appmc] [   13.14 ] round:  0 hashes:      2
c [appmc] [   13.14 ] bounded_sol_count looking for   73 solutions -- hashes active: 2
c [appmc] repeat solutions:     34 checked:    109 out of:    109
c [appmc] [   13.29 ] round:  0 hashes:      4
c [appmc] [   13.29 ] bounded_sol_count looking for   73 solutions -- hashes active: 4
c [appmc] repeat solutions:     16 checked:    148 out of:    148
c [appmc] [   13.47 ] round:  0 hashes:      3
c [appmc] [   13.47 ] bounded_sol_count looking for   73 solutions -- hashes active: 3
c [appmc] repeat solutions:     83 checked:    148 out of:    195
c [appmc] simplifying
c [appmc] [   13.53 ] round:  1 hashes:      4
c [appmc] [   13.53 ] bounded_sol_count looking for   73 solutions -- hashes active: 4
c [appmc] repeat solutions:      3 checked:     73 out of:     73
c [appmc] [   13.73 ] round:  1 hashes:      3
c [appmc] [   13.73 ] bounded_sol_count looking for   73 solutions -- hashes active: 3
c [appmc] repeat solutions:     62 checked:     73 out of:    130
c [appmc] simplifying
c [appmc] [   13.84 ] round:  2 hashes:      4
c [appmc] [   13.84 ] bounded_sol_count looking for   73 solutions -- hashes active: 4
c [appmc] repeat solutions:      6 checked:     73 out of:     73
c [appmc] [   14.04 ] round:  2 hashes:      3
c [appmc] [   14.04 ] bounded_sol_count looking for   73 solutions -- hashes active: 3
c [appmc] repeat solutions:     66 checked:     73 out of:    129
c [appmc] simplifying
c [appmc] [   14.13 ] round:  3 hashes:      4
c [appmc] [   14.13 ] bounded_sol_count looking for   73 solutions -- hashes active: 4
c [appmc] repeat solutions:      2 checked:     73 out of:     73
c [appmc] [   14.36 ] round:  3 hashes:      3
c [appmc] [   14.36 ] bounded_sol_count looking for   73 solutions -- hashes active: 3
c [appmc] repeat solutions:     61 checked:     73 out of:    132
c [appmc] simplifying
c [appmc] [   14.52 ] round:  4 hashes:      4
c [appmc] [   14.52 ] bounded_sol_count looking for   73 solutions -- hashes active: 4
c [appmc] repeat solutions:      2 checked:     73 out of:     73
c [appmc] [   14.78 ] round:  4 hashes:      3
c [appmc] [   14.78 ] bounded_sol_count looking for   73 solutions -- hashes active: 3
c [appmc] repeat solutions:     70 checked:     73 out of:    135
c [appmc] simplifying
c [appmc] [   14.88 ] round:  5 hashes:      4
c [appmc] [   14.88 ] bounded_sol_count looking for   73 solutions -- hashes active: 4
c [appmc] repeat solutions:      3 checked:     73 out of:     73
c [appmc] [   15.13 ] round:  5 hashes:      3
c [appmc] [   15.13 ] bounded_sol_count looking for   73 solutions -- hashes active: 3
c [appmc] repeat solutions:     65 checked:     73 out of:    133
c [appmc] simplifying
c [appmc] [   15.23 ] round:  6 hashes:      4
c [appmc] [   15.23 ] bounded_sol_count looking for   73 solutions -- hashes active: 4
c [appmc] repeat solutions:      6 checked:     73 out of:     73
c [appmc] [   15.45 ] round:  6 hashes:      3
c [appmc] [   15.45 ] bounded_sol_count looking for   73 solutions -- hashes active: 3
c [appmc] repeat solutions:     68 checked:     73 out of:    129
c [appmc] simplifying
c [appmc] [   15.54 ] round:  7 hashes:      4
c [appmc] [   15.54 ] bounded_sol_count looking for   73 solutions -- hashes active: 4
c [appmc] repeat solutions:     10 checked:     73 out of:     73
c [appmc] [   15.74 ] round:  7 hashes:      3
c [appmc] [   15.74 ] bounded_sol_count looking for   73 solutions -- hashes active: 3
c [appmc] repeat solutions:     63 checked:     73 out of:    124
c [appmc] simplifying
c [appmc] [   15.86 ] round:  8 hashes:      4
c [appmc] [   15.86 ] bounded_sol_count looking for   73 solutions -- hashes active: 4
c [appmc] repeat solutions:      3 checked:     73 out of:     73
c [appmc] [   16.11 ] round:  8 hashes:      3
c [appmc] [   16.11 ] bounded_sol_count looking for   73 solutions -- hashes active: 3
c [appmc] repeat solutions:     68 checked:     73 out of:    132
c [appmc] ApproxMC T: 16.14 s
c ------- FINAL TOTAL SEARCH STATS ---------
c UIP search time          : 0.16        (0.20      % time)
c restarts                 : 725         (1.07      confls per restart)
c blocked restarts         : 0           (0.00      per normal restart)
c time                     : 0.16        
c decisions                : 6488        (0.00      % random)
c propagations             : 16117       (100K      props/s)
c decisions/conflicts      : 8.38        
c conflicts                : 774         
c conf lits non-minim      : 8194        (10.59     lit/confl)
c conf lits final          : 8.95        
c red which0               : 2           (0.26      % of confl)
c props/decision           : 0.00        
c props/conflict           : 0.00        
c 0-depth assigns          : 3468        (15763.64  % vars)
c 0-depth assigns by CNF   : 3101        (14095.45  % vars)
c reduceDB time            : 0.00        (0.00      % time)
c OccSimplifier time       : 18.29       (23.07     % time)
c [occur] 0.55 is overhead
c [occur] link-in T: 0.51 cleanup T: 0.04
c [occ-substr] long subBySub: 81018 subByStr: 96021 lits-rem-str: 36738 T: 17.59
c SCC time                 : 0.11        (0.14      % time)
c [scc] new: 36309 BP 1M  T: 0.11
c vrep replace time        : 0.21        (0.26      % time)
c vrep tree roots          : 3032        
c vrep trees' crown        : 25067       (8.27      leafs/tree)
c distill long time        : 0.00        (0.00      % time)
c distill bin time         : 0.00        (0.00      % time)
c strength cache-irred time: 0.00        (0.00      % time)
c strength cache-red time  : 0.00        (0.00      % time)
c avg cls in red 0         : 0.02        
c avg cls in red 1         : 8.09        
c avg cls in red 2         : 41.20       
c Conflicts in UIP         : 774         (9.76      confl/time_this_thread)
c Max Memory (rss) used    : 821192 kB   
c Total time (this thread) : 79.29       
c [appmc+arjun] Total time: 79.29
c [appmc] Number of solutions is: 62*2**4
s SATISFIABLE
s mc 992
** ASM **
c ApproxMC SHA revision efa1667e4e09b2d5f2c61042efe377ce3107fdd3
c ApproxMC version 4.0.1
c ApproxMC compilation env CMAKE_CXX_COMPILER = /usr/bin/c++ | CMAKE_CXX_FLAGS =  -Wall -Wextra -Wunused -Wsign-compare -fno-omit-frame-pointer -Wtype-limits -Wuninitialized -Wno-deprecated -Wstrict-aliasing -Wpointer-arith -fvisibility=hidden -Wpointer-arith -Wformat-nonliteral -Winit-self -Wparentheses -Wunreachable-code -g -fvisibility=hidden -Wlogical-op -Wrestrict -Wnull-dereference -Wdouble-promotion -Wshadow -Wformat=2 -Wextra-semi -pedantic | COMPILE_DEFINES =  -DBOOST_TEST_DYN_LINK | STATICCOMPILE = OFF | Boost_FOUND = TRUE | ZLIB_FOUND = TRUE | VALGRIND_FOUND =  | GMP_FOUND = TRUE | ENABLE_ASSERTIONS = ON | MY_TARGETS =  | compilation date time = Aug  8 2022 16:18:18
c ApproxMC compiled with gcc version 9.4.0
c CryptoMiniSat version 5.11.0
c CMS Copyright (C) 2009-2020 Authors of CryptoMiniSat, see AUTHORS file
c CMS SHA revision 716b89be078f98fb615cf30a1f663b4903c08d9d
c CMS is MIT licensed
c Using VMTF code by Armin Biere from CaDiCaL
c Using Yalsat by Armin Biere, see Balint et al. Improving implementation of SLS solvers [...], SAT'14
c Using WalkSAT by Henry Kautz, see Kautz and Selman Pushing the envelope: planning, propositional logic, and stochastic search, AAAI'96,
c Using code from 'When Boolean Satisfiability Meets Gauss-E. in a Simplex Way'
c       by C.-S. Han and J.-H. Roland Jiang in CAV 2012. Fixes by M. Soos
c Using CCAnr from 'CCAnr: A Conf. Checking Based Local Search Solver [...]'
c       by Shaowei Cai, Chuan Luo, and Kaile Su, SAT 2015
c CMS compilation env CMAKE_CXX_COMPILER = /usr/bin/c++ | CMAKE_CXX_FLAGS =  -fvisibility=hidden -Wall -Wextra -Wunused -Wsign-compare -fno-omit-frame-pointer -Wtype-limits -Wuninitialized -Wno-deprecated -Wstrict-aliasing -Wpointer-arith -Wpointer-arith -Wformat-nonliteral -Winit-self -Wparentheses -Wunreachable-code -g -Wno-class-memaccess -mpopcnt -msse4.2 -ggdb3 -Wlogical-op -Wrestrict -Wnull-dereference -Wdouble-promotion -Wshadow -Wformat=2 -Wextra-semi -pedantic | COMPILE_DEFINES =  -DRDB0_ONLY_FEATURES -DBOOST_TEST_DYN_LINK -DUSE_ZLIB -DYALSAT_FPU | STATICCOMPILE = OFF | ONLY_SIMPLE = OFF | Boost_FOUND = TRUE | STATS = OFF | SQLITE3_FOUND = FALSE | ZLIB_FOUND = TRUE | VALGRIND_FOUND =  | ENABLE_TESTING = OFF | M4RI_FOUND =  | NOM4RI = ON | SLOW_DEBUG = OFF | ENABLE_ASSERTIONS = ON | PYTHON_EXECUTABLE =  | PYTHON_LIBRARY =  | PYTHON_INCLUDE_DIRS =  | MY_TARGETS =  | LARGEMEM = OFF | LIMITMEM = OFF | BREAKID_LIBRARIES =  | BREAKID-VER = . | BOSPHORUS_LIBRARIES =  | BOSPH-VER = . | compilation date time = Aug  8 2022 16:16:45
c CMS compiled with gcc version 9.4.0
c executed with command line: approxmc -s 05 /experiments/results/for_bounded_loop1-2.c/05/counterSharp/asm.dimacs
c Arjun SHA revision 416b100492d00bc51dbe98963e981906ddb47d83
c -- header says num vars:         286278
c -- header says num clauses:     1845072
c WARNING: Empty line at line number 1851092 -- this is not part of the DIMACS specifications (http://www.satcompetition.org/2009/format-benchmarks2009.html). Ignoring.
c -- clauses added: 1845072
c -- xor clauses added: 0
c -- vars added 286278
c Original sampling vars: 2005 2006 2007 2008 2009 2010 2011 2012 2013 2014 2015 2016 2017 2018 2019 2020 2021 2022 2023 2024 2025 2026 2027 2028 2029 2030 2031 2032 2033 2034 2035 2036 
c [appmc] Orig sampling vars size: 32
c --> Executing OCC strategy token(s): 'occ-xor,'
c [occ] mem usage for occur     87 MB
c [occ] Linked in IRRED BIN by default: 629859
c [occ] Linked in RED   BIN by default: 0
c [occ] mem usage for occur     21 MB
c Mem for watch alloc      : 59          MB (29.80     %)
c Mem for watch array      : 16          MB (8.05      %)
c --> Executing OCC strategy token: occ-xor
c [occ-xor] sort occur list T: 0.12
c [xor-clean-equiv] removed equivalent xors: 0 left with: 33001
c [occ-xor] found  33001 avg sz 3.0 min sz  3 max sz  3 T: 0.43 T-out: N T-r: 94.08%
c [occ] mem usage for occur     87 MB
c [occ] Linked in IRRED BIN by default: 629859
c [occ] Linked in RED   BIN by default: 0
c [occ] mem usage for occur     21 MB
c Mem for watch alloc      : 59          MB (27.80     %)
c Mem for watch array      : 16          MB (7.51      %)
c [occ-gates] found:   22K avg-s: 2.0 T: 0.11 T-out: Y T-r: -0.00%
c [occ] mem usage for occur     87 MB
c [occ] Linked in IRRED BIN by default: 629859
c [occ] Linked in RED   BIN by default: 0
c [occ] mem usage for occur     21 MB
c Mem for watch alloc      : 59          MB (27.81     %)
c Mem for watch array      : 16          MB (7.51      %)
c [arjun-simp] GATE-based Potential was: 0 Non-zero OCCs were: 0 removed: 0 perc: 0.00 T: 2.11
c [occ] mem usage for occur     87 MB
c [occ] Linked in IRRED BIN by default: 629859
c [occ] Linked in RED   BIN by default: 0
c [occ] mem usage for occur     21 MB
c Mem for watch alloc      : 59          MB (28.97     %)
c Mem for watch array      : 16          MB (7.82      %)
c [gate-definable] no-cls-match-filt: 0 pico ran: 0 unsat: 0 0-occ: 0 too-many-occ: 32 empty-res: 0
c [arjun-simp] IRREG-GATE-based removed: 0 perc: 0.00 T: 0.43
c [occ] mem usage for occur     87 MB
c [occ] Linked in IRRED BIN by default: 629859
c [occ] Linked in RED   BIN by default: 0
c [occ] mem usage for occur     21 MB
c Mem for watch alloc      : 59          MB (28.97     %)
c Mem for watch array      : 16          MB (7.82      %)
c [cms-equiv-sub] equiv_subformula: 0 empty_occ: 0 T: 0.00
c [arjun-simp] equiv-subform removed: 0 perc: 0.00 total equiv_subform now: 0 T: 0.38
c [arjun-simp] CMS::simplify() with no BVE, intree probe...
c [arjun-simp] CMS::simplify() with no BVE finished. T: 10.78
c [arjun-simp] Removed eq lits: 0 new size: 32
c [arjun-simp] Removed set       : 0 new size: 32
c [arjun-simp] Removed set       : 22 new size: 10
c [arjun-simp] Removed eq lits: 0 new size: 10
c [arjun-simp] probe removed: 22 perc: 68.75 T: 0.82
c [occ] mem usage for occur     84 MB
c [occ] Linked in IRRED BIN by default: 638786
c [occ] Linked in RED   BIN by default: 596
c [occ] mem usage for occur     21 MB
c Mem for watch alloc      : 75          MB (31.59     %)
c Mem for watch array      : 13          MB (5.46      %)
c [cms-equiv-sub] equiv_subformula: 0 empty_occ: 0 T: 0.00
c [arjun-simp] equiv-subform removed: 0 perc: 0.00 total equiv_subform now: 0 T: 2.32
c [arjun-simp] IRREG-GATE-based removed: 0 perc: 0.00 T: 2.43
c [arjun] simplification finished  removed: 22 perc: 68.75 T: 19.64
c [arjun] Duplicating CNF...
c [arjun] Duplicated CNF. T: 2.89
c [arjun] CMS::simplify() with *only* BVE...
c [arjun] CMS::simplify() with *only* BVE finished. T: 53.72
c [arjun] Adding fixed clauses time: 0.05
c [arjun] Start unknown size: 10
c [arjun] backward round finished T: 0.02
c [arjun] get_indep_set finished T: 76.35
c ind 286183 286216 286217 286224 286223 286218 286219 286220 286221 286222 0
c [arjun] final set size:           10 percent of original: 31.2500 %
c [arjun] of which empty occs:       0 percent of original: 0.0000 %
c [appmc] Sampling set size: 10
c [appmc] Sampling set: 286183, 286216, 286217, 286218, 286219, 286220, 286221, 286222, 286223, 286224, 
c [appmc] threshold set to 72 sparse: 0
c [appmc] Starting up, initial measurement
c [appmc] Checking if there are at least threshold+1 solutions...
c [appmc] simplifying
c [appmc] [   40.32 ] bounded_sol_count looking for   73 solutions -- hashes active: 0
c [appmc] repeat solutions:      0 checked:      0 out of:      0
c [appmc] Starting at hash count: 1
c [appmc] [   40.43 ] round:  0 hashes:      1
c [appmc] [   40.43 ] bounded_sol_count looking for   73 solutions -- hashes active: 1
c [appmc] repeat solutions:     38 checked:     73 out of:     73
c [appmc] [   40.55 ] round:  0 hashes:      2
c [appmc] [   40.55 ] bounded_sol_count looking for   73 solutions -- hashes active: 2
c [appmc] repeat solutions:     33 checked:    108 out of:    108
c [appmc] [   40.70 ] round:  0 hashes:      4
c [appmc] [   40.70 ] bounded_sol_count looking for   73 solutions -- hashes active: 4
c [appmc] repeat solutions:     20 checked:    148 out of:    148
c [appmc] [   40.86 ] round:  0 hashes:      3
c [appmc] [   40.86 ] bounded_sol_count looking for   73 solutions -- hashes active: 3
c [appmc] repeat solutions:     82 checked:    148 out of:    191
c [appmc] simplifying
c [appmc] [   40.96 ] round:  1 hashes:      4
c [appmc] [   40.96 ] bounded_sol_count looking for   73 solutions -- hashes active: 4
c [appmc] repeat solutions:      5 checked:     73 out of:     73
c [appmc] [   41.18 ] round:  1 hashes:      3
c [appmc] [   41.18 ] bounded_sol_count looking for   73 solutions -- hashes active: 3
c [appmc] repeat solutions:     66 checked:     73 out of:    128
c [appmc] simplifying
c [appmc] [   41.30 ] round:  2 hashes:      4
c [appmc] [   41.30 ] bounded_sol_count looking for   73 solutions -- hashes active: 4
c [appmc] repeat solutions:      5 checked:     73 out of:     73
c [appmc] [   41.52 ] round:  2 hashes:      3
c [appmc] [   41.52 ] bounded_sol_count looking for   73 solutions -- hashes active: 3
c [appmc] repeat solutions:     69 checked:     73 out of:    130
c [appmc] simplifying
c [appmc] [   41.62 ] round:  3 hashes:      4
c [appmc] [   41.62 ] bounded_sol_count looking for   73 solutions -- hashes active: 4
c [appmc] repeat solutions:      9 checked:     73 out of:     73
c [appmc] [   41.81 ] round:  3 hashes:      3
c [appmc] [   41.81 ] bounded_sol_count looking for   73 solutions -- hashes active: 3
c [appmc] repeat solutions:     67 checked:     73 out of:    125
c [appmc] simplifying
c [appmc] [   41.93 ] round:  4 hashes:      4
c [appmc] [   41.93 ] bounded_sol_count looking for   73 solutions -- hashes active: 4
c [appmc] repeat solutions:      2 checked:     73 out of:     73
c [appmc] [   42.18 ] round:  4 hashes:      3
c [appmc] [   42.18 ] bounded_sol_count looking for   73 solutions -- hashes active: 3
c [appmc] repeat solutions:     66 checked:     73 out of:    135
c [appmc] simplifying
c [appmc] [   42.29 ] round:  5 hashes:      4
c [appmc] [   42.29 ] bounded_sol_count looking for   73 solutions -- hashes active: 4
c [appmc] repeat solutions:      7 checked:     73 out of:     73
c [appmc] [   42.44 ] round:  5 hashes:      3
c [appmc] [   42.44 ] bounded_sol_count looking for   73 solutions -- hashes active: 3
c [appmc] repeat solutions:     70 checked:     73 out of:    129
c [appmc] simplifying
c [appmc] [   42.50 ] round:  6 hashes:      4
c [appmc] [   42.50 ] bounded_sol_count looking for   73 solutions -- hashes active: 4
c [appmc] repeat solutions:      4 checked:     73 out of:     73
c [appmc] [   42.64 ] round:  6 hashes:      3
c [appmc] [   42.64 ] bounded_sol_count looking for   73 solutions -- hashes active: 3
c [appmc] repeat solutions:     68 checked:     73 out of:    131
c [appmc] simplifying
c [appmc] [   42.72 ] round:  7 hashes:      4
c [appmc] [   42.72 ] bounded_sol_count looking for   73 solutions -- hashes active: 4
c [appmc] repeat solutions:      7 checked:     73 out of:     73
c [appmc] [   42.89 ] round:  7 hashes:      3
c [appmc] [   42.89 ] bounded_sol_count looking for   73 solutions -- hashes active: 3
c [appmc] repeat solutions:     66 checked:     73 out of:    127
c [appmc] simplifying
c [appmc] [   42.98 ] round:  8 hashes:      4
c [appmc] [   42.98 ] bounded_sol_count looking for   73 solutions -- hashes active: 4
c [appmc] repeat solutions:      4 checked:     73 out of:     73
c [appmc] [   43.17 ] round:  8 hashes:      3
c [appmc] [   43.17 ] bounded_sol_count looking for   73 solutions -- hashes active: 3
c [appmc] repeat solutions:     68 checked:     73 out of:    131
c [appmc] ApproxMC T: 43.19 s
c ------- FINAL TOTAL SEARCH STATS ---------
c UIP search time          : 0.12        (0.10      % time)
c restarts                 : 696         (1.00      confls per restart)
c blocked restarts         : 0           (0.00      per normal restart)
c time                     : 0.12        
c decisions                : 6193        (0.00      % random)
c propagations             : 20K         (163K      props/s)
c decisions/conflicts      : 8.87        
c conflicts                : 698         
c conf lits non-minim      : 7288        (10.44     lit/confl)
c conf lits final          : 9.06        
c red which0               : 2           (0.29      % of confl)
c props/decision           : 0.00        
c props/conflict           : 0.00        
c 0-depth assigns          : 1135        (5159.09   % vars)
c 0-depth assigns by CNF   : 1131        (5140.91   % vars)
c reduceDB time            : 0.00        (0.00      % time)
c OccSimplifier time       : 4.97        (4.10      % time)
c [occur] 0.61 is overhead
c [occur] link-in T: 0.58 cleanup T: 0.03
c [occ-substr] long subBySub: 26748 subByStr: 39969 lits-rem-str: 42759 T: 4.16
c SCC time                 : 0.13        (0.11      % time)
c [scc] new: 36692 BP 1M  T: 0.13
c vrep replace time        : 0.24        (0.19      % time)
c vrep tree roots          : 2074        
c vrep trees' crown        : 24108       (11.62     leafs/tree)
c distill long time        : 0.00        (0.00      % time)
c distill bin time         : 0.00        (0.00      % time)
c strength cache-irred time: 0.00        (0.00      % time)
c strength cache-red time  : 0.00        (0.00      % time)
c avg cls in red 0         : 0.03        
c avg cls in red 1         : 10.37       
c avg cls in red 2         : 41.61       
c Conflicts in UIP         : 698         (5.76      confl/time_this_thread)
c Max Memory (rss) used    : 804216 kB   
c Total time (this thread) : 121.22      
c [appmc+arjun] Total time: 121.22
c [appmc] Number of solutions is: 62*2**4
s SATISFIABLE
s mc 992
** ASH **
c ApproxMC SHA revision efa1667e4e09b2d5f2c61042efe377ce3107fdd3
c ApproxMC version 4.0.1
c ApproxMC compilation env CMAKE_CXX_COMPILER = /usr/bin/c++ | CMAKE_CXX_FLAGS =  -Wall -Wextra -Wunused -Wsign-compare -fno-omit-frame-pointer -Wtype-limits -Wuninitialized -Wno-deprecated -Wstrict-aliasing -Wpointer-arith -fvisibility=hidden -Wpointer-arith -Wformat-nonliteral -Winit-self -Wparentheses -Wunreachable-code -g -fvisibility=hidden -Wlogical-op -Wrestrict -Wnull-dereference -Wdouble-promotion -Wshadow -Wformat=2 -Wextra-semi -pedantic | COMPILE_DEFINES =  -DBOOST_TEST_DYN_LINK | STATICCOMPILE = OFF | Boost_FOUND = TRUE | ZLIB_FOUND = TRUE | VALGRIND_FOUND =  | GMP_FOUND = TRUE | ENABLE_ASSERTIONS = ON | MY_TARGETS =  | compilation date time = Aug  8 2022 16:18:18
c ApproxMC compiled with gcc version 9.4.0
c CryptoMiniSat version 5.11.0
c CMS Copyright (C) 2009-2020 Authors of CryptoMiniSat, see AUTHORS file
c CMS SHA revision 716b89be078f98fb615cf30a1f663b4903c08d9d
c CMS is MIT licensed
c Using VMTF code by Armin Biere from CaDiCaL
c Using Yalsat by Armin Biere, see Balint et al. Improving implementation of SLS solvers [...], SAT'14
c Using WalkSAT by Henry Kautz, see Kautz and Selman Pushing the envelope: planning, propositional logic, and stochastic search, AAAI'96,
c Using code from 'When Boolean Satisfiability Meets Gauss-E. in a Simplex Way'
c       by C.-S. Han and J.-H. Roland Jiang in CAV 2012. Fixes by M. Soos
c Using CCAnr from 'CCAnr: A Conf. Checking Based Local Search Solver [...]'
c       by Shaowei Cai, Chuan Luo, and Kaile Su, SAT 2015
c CMS compilation env CMAKE_CXX_COMPILER = /usr/bin/c++ | CMAKE_CXX_FLAGS =  -fvisibility=hidden -Wall -Wextra -Wunused -Wsign-compare -fno-omit-frame-pointer -Wtype-limits -Wuninitialized -Wno-deprecated -Wstrict-aliasing -Wpointer-arith -Wpointer-arith -Wformat-nonliteral -Winit-self -Wparentheses -Wunreachable-code -g -Wno-class-memaccess -mpopcnt -msse4.2 -ggdb3 -Wlogical-op -Wrestrict -Wnull-dereference -Wdouble-promotion -Wshadow -Wformat=2 -Wextra-semi -pedantic | COMPILE_DEFINES =  -DRDB0_ONLY_FEATURES -DBOOST_TEST_DYN_LINK -DUSE_ZLIB -DYALSAT_FPU | STATICCOMPILE = OFF | ONLY_SIMPLE = OFF | Boost_FOUND = TRUE | STATS = OFF | SQLITE3_FOUND = FALSE | ZLIB_FOUND = TRUE | VALGRIND_FOUND =  | ENABLE_TESTING = OFF | M4RI_FOUND =  | NOM4RI = ON | SLOW_DEBUG = OFF | ENABLE_ASSERTIONS = ON | PYTHON_EXECUTABLE =  | PYTHON_LIBRARY =  | PYTHON_INCLUDE_DIRS =  | MY_TARGETS =  | LARGEMEM = OFF | LIMITMEM = OFF | BREAKID_LIBRARIES =  | BREAKID-VER = . | BOSPHORUS_LIBRARIES =  | BOSPH-VER = . | compilation date time = Aug  8 2022 16:16:45
c CMS compiled with gcc version 9.4.0
c executed with command line: approxmc -s 05 /experiments/results/for_bounded_loop1-2.c/05/counterSharp/ash.dimacs
c Arjun SHA revision 416b100492d00bc51dbe98963e981906ddb47d83
c -- header says num vars:         286278
c -- header says num clauses:     1845072
c WARNING: Empty line at line number 1851092 -- this is not part of the DIMACS specifications (http://www.satcompetition.org/2009/format-benchmarks2009.html). Ignoring.
c -- clauses added: 1845072
c -- xor clauses added: 0
c -- vars added 286278
c Original sampling vars: 2005 2006 2007 2008 2009 2010 2011 2012 2013 2014 2015 2016 2017 2018 2019 2020 2021 2022 2023 2024 2025 2026 2027 2028 2029 2030 2031 2032 2033 2034 2035 2036 
c [appmc] Orig sampling vars size: 32
c --> Executing OCC strategy token(s): 'occ-xor,'
c [occ] mem usage for occur     87 MB
c [occ] Linked in IRRED BIN by default: 629827
c [occ] Linked in RED   BIN by default: 0
c [occ] mem usage for occur     21 MB
c Mem for watch alloc      : 59          MB (29.80     %)
c Mem for watch array      : 16          MB (8.05      %)
c --> Executing OCC strategy token: occ-xor
c [occ-xor] sort occur list T: 0.10
c [xor-clean-equiv] removed equivalent xors: 0 left with: 33001
c [occ-xor] found  33001 avg sz 3.0 min sz  3 max sz  3 T: 0.46 T-out: N T-r: 94.08%
c [occ] mem usage for occur     87 MB
c [occ] Linked in IRRED BIN by default: 629827
c [occ] Linked in RED   BIN by default: 0
c [occ] mem usage for occur     21 MB
c Mem for watch alloc      : 59          MB (27.80     %)
c Mem for watch array      : 16          MB (7.51      %)
c [occ-gates] found:   22K avg-s: 2.0 T: 0.09 T-out: Y T-r: -0.00%
c [occ] mem usage for occur     87 MB
c [occ] Linked in IRRED BIN by default: 629827
c [occ] Linked in RED   BIN by default: 0
c [occ] mem usage for occur     21 MB
c Mem for watch alloc      : 59          MB (27.81     %)
c Mem for watch array      : 16          MB (7.51      %)
c [arjun-simp] GATE-based Potential was: 0 Non-zero OCCs were: 0 removed: 0 perc: 0.00 T: 2.04
c [occ] mem usage for occur     87 MB
c [occ] Linked in IRRED BIN by default: 629827
c [occ] Linked in RED   BIN by default: 0
c [occ] mem usage for occur     21 MB
c Mem for watch alloc      : 59          MB (28.97     %)
c Mem for watch array      : 16          MB (7.83      %)
c [gate-definable] no-cls-match-filt: 0 pico ran: 0 unsat: 0 0-occ: 0 too-many-occ: 32 empty-res: 0
c [arjun-simp] IRREG-GATE-based removed: 0 perc: 0.00 T: 0.39
c [occ] mem usage for occur     87 MB
c [occ] Linked in IRRED BIN by default: 629827
c [occ] Linked in RED   BIN by default: 0
c [occ] mem usage for occur     21 MB
c Mem for watch alloc      : 59          MB (28.97     %)
c Mem for watch array      : 16          MB (7.83      %)
c [cms-equiv-sub] equiv_subformula: 0 empty_occ: 0 T: 0.00
c [arjun-simp] equiv-subform removed: 0 perc: 0.00 total equiv_subform now: 0 T: 0.34
c [arjun-simp] CMS::simplify() with no BVE, intree probe...
c [arjun-simp] CMS::simplify() with no BVE finished. T: 8.53
c [arjun-simp] Removed eq lits: 0 new size: 32
c [arjun-simp] Removed set       : 0 new size: 32
c [arjun-simp] Removed set       : 22 new size: 10
c [arjun-simp] Removed eq lits: 0 new size: 10
c [arjun-simp] probe removed: 22 perc: 68.75 T: 0.82
c [occ] mem usage for occur     84 MB
c [occ] Linked in IRRED BIN by default: 639752
c [occ] Linked in RED   BIN by default: 608
c [occ] mem usage for occur     21 MB
c Mem for watch alloc      : 75          MB (31.58     %)
c Mem for watch array      : 13          MB (5.46      %)
c [cms-equiv-sub] equiv_subformula: 0 empty_occ: 0 T: 0.00
c [arjun-simp] equiv-subform removed: 0 perc: 0.00 total equiv_subform now: 0 T: 2.07
c [arjun-simp] IRREG-GATE-based removed: 0 perc: 0.00 T: 2.50
c [arjun] simplification finished  removed: 22 perc: 68.75 T: 17.10
c [arjun] Duplicating CNF...
c [arjun] Duplicated CNF. T: 2.37
c [arjun] CMS::simplify() with *only* BVE...
c [arjun] CMS::simplify() with *only* BVE finished. T: 64.70
c [arjun] Adding fixed clauses time: 0.02
c [arjun] Start unknown size: 10
c [arjun] backward round finished T: 0.01
c [arjun] get_indep_set finished T: 84.26
c ind 286183 286216 286217 286224 286223 286218 286219 286220 286221 286222 0
c [arjun] final set size:           10 percent of original: 31.2500 %
c [arjun] of which empty occs:       0 percent of original: 0.0000 %
c [appmc] Sampling set size: 10
c [appmc] Sampling set: 286183, 286216, 286217, 286218, 286219, 286220, 286221, 286222, 286223, 286224, 
c [appmc] threshold set to 72 sparse: 0
c [appmc] Starting up, initial measurement
c [appmc] Checking if there are at least threshold+1 solutions...
c [appmc] simplifying
c [appmc] [   69.92 ] bounded_sol_count looking for   73 solutions -- hashes active: 0
c [appmc] repeat solutions:      0 checked:      0 out of:      0
c [appmc] Starting at hash count: 1
c [appmc] [   73.51 ] round:  0 hashes:      1
c [appmc] [   73.51 ] bounded_sol_count looking for   73 solutions -- hashes active: 1
c [appmc] repeat solutions:     36 checked:     73 out of:     73
c [appmc] [   75.59 ] round:  0 hashes:      2
c [appmc] [   75.59 ] bounded_sol_count looking for   73 solutions -- hashes active: 2
c [appmc] repeat solutions:     36 checked:    110 out of:    110
c [appmc] [   77.67 ] round:  0 hashes:      4
c [appmc] [   77.67 ] bounded_sol_count looking for   73 solutions -- hashes active: 4
c [appmc] repeat solutions:     16 checked:    147 out of:    147
c [appmc] [   80.42 ] round:  0 hashes:      3
c [appmc] [   80.42 ] bounded_sol_count looking for   73 solutions -- hashes active: 3
c [appmc] repeat solutions:     82 checked:    147 out of:    194
c [appmc] simplifying
c [appmc] [   94.80 ] round:  1 hashes:      4
c [appmc] [   94.80 ] bounded_sol_count looking for   73 solutions -- hashes active: 4
c [appmc] repeat solutions:      3 checked:     73 out of:     73
c [appmc] [   97.54 ] round:  1 hashes:      3
c [appmc] [   97.54 ] bounded_sol_count looking for   73 solutions -- hashes active: 3
c [appmc] repeat solutions:     70 checked:     73 out of:    130
c [appmc] simplifying
c [appmc] [  109.32 ] round:  2 hashes:      4
c [appmc] [  109.32 ] bounded_sol_count looking for   73 solutions -- hashes active: 4
c [appmc] repeat solutions:      4 checked:     73 out of:     73
c [appmc] [  112.09 ] round:  2 hashes:      3
c [appmc] [  112.09 ] bounded_sol_count looking for   73 solutions -- hashes active: 3
c [appmc] repeat solutions:     65 checked:     73 out of:    131
c [appmc] simplifying
c [appmc] [  124.18 ] round:  3 hashes:      4
c [appmc] [  124.18 ] bounded_sol_count looking for   73 solutions -- hashes active: 4
c [appmc] repeat solutions:      6 checked:     73 out of:     73
c [appmc] [  127.17 ] round:  3 hashes:      3
c [appmc] [  127.17 ] bounded_sol_count looking for   73 solutions -- hashes active: 3
c [appmc] repeat solutions:     63 checked:     73 out of:    128
c [appmc] simplifying
c [appmc] [  139.72 ] round:  4 hashes:      4
c [appmc] [  139.72 ] bounded_sol_count looking for   73 solutions -- hashes active: 4
c [appmc] repeat solutions:      3 checked:     73 out of:     73
c [appmc] [  142.76 ] round:  4 hashes:      3
c [appmc] [  142.76 ] bounded_sol_count looking for   73 solutions -- hashes active: 3
c [appmc] repeat solutions:     67 checked:     73 out of:    134
c [appmc] simplifying
c [appmc] [  154.25 ] round:  5 hashes:      4
c [appmc] [  154.25 ] bounded_sol_count looking for   73 solutions -- hashes active: 4
c [appmc] repeat solutions:      4 checked:     73 out of:     73
c [appmc] [  157.11 ] round:  5 hashes:      3
c [appmc] [  157.11 ] bounded_sol_count looking for   73 solutions -- hashes active: 3
c [appmc] repeat solutions:     65 checked:     73 out of:    132
c [appmc] simplifying
c [appmc] [  168.82 ] round:  6 hashes:      4
c [appmc] [  168.82 ] bounded_sol_count looking for   73 solutions -- hashes active: 4
c [appmc] repeat solutions:      5 checked:     73 out of:     73
c [appmc] [  171.72 ] round:  6 hashes:      3
c [appmc] [  171.72 ] bounded_sol_count looking for   73 solutions -- hashes active: 3
c [appmc] repeat solutions:     66 checked:     73 out of:    130
c [appmc] simplifying
c [appmc] [  184.21 ] round:  7 hashes:      4
c [appmc] [  184.21 ] bounded_sol_count looking for   73 solutions -- hashes active: 4
c [appmc] repeat solutions:      4 checked:     73 out of:     73
c [appmc] [  187.50 ] round:  7 hashes:      3
c [appmc] [  187.50 ] bounded_sol_count looking for   73 solutions -- hashes active: 3
c [appmc] repeat solutions:     66 checked:     73 out of:    130
c [appmc] simplifying
c [appmc] [  200.03 ] round:  8 hashes:      4
c [appmc] [  200.03 ] bounded_sol_count looking for   73 solutions -- hashes active: 4
c [appmc] repeat solutions:      4 checked:     73 out of:     73
c [appmc] [  202.93 ] round:  8 hashes:      3
c [appmc] [  202.93 ] bounded_sol_count looking for   73 solutions -- hashes active: 3
c [appmc] repeat solutions:     67 checked:     73 out of:    131
c [appmc] ApproxMC T: 203.23 s
c ------- FINAL TOTAL SEARCH STATS ---------
c UIP search time          : 32.18       (11.13     % time)
c restarts                 : 720         (1.05      confls per restart)
c blocked restarts         : 0           (0.00      per normal restart)
c time                     : 32.18       
c decisions                : 2888234     (0.00      % random)
c propagations             : 52M         (1644K     props/s)
c decisions/conflicts      : 3805.31     
c conflicts                : 759         
c conf lits non-minim      : 7985        (10.52     lit/confl)
c conf lits final          : 8.84        
c red which0               : 2           (0.26      % of confl)
c props/decision           : 0.00        
c props/conflict           : 0.00        
c 0-depth assigns          : 1160        (1.53      % vars)
c 0-depth assigns by CNF   : 1160        (1.53      % vars)
c reduceDB time            : 0.00        (0.00      % time)
c OccSimplifier time       : 62.59       (21.65     % time)
c [occur] 6.69 is overhead
c [occur] link-in T: 3.94 cleanup T: 2.76
c [occ-substr] long subBySub: 38003 subByStr: 42613 lits-rem-str: 111303 T: 47.82
c SCC time                 : 0.48        (0.16      % time)
c [scc] new: 36840 BP 7M  T: 0.48
c vrep replace time        : 0.18        (0.06      % time)
c vrep tree roots          : 2041        
c vrep trees' crown        : 24077       (11.80     leafs/tree)
c distill long time        : 0.00        (0.00      % time)
c distill bin time         : 0.00        (0.00      % time)
c strength cache-irred time: 0.00        (0.00      % time)
c strength cache-red time  : 0.00        (0.00      % time)
c avg cls in red 0         : 0.02        
c avg cls in red 1         : 6030.49     
c avg cls in red 2         : 39.90       
c Conflicts in UIP         : 759         (2.62      confl/time_this_thread)
c Max Memory (rss) used    : 887420 kB   
c Total time (this thread) : 289.16      
c [appmc+arjun] Total time: 289.15
c [appmc] Number of solutions is: 62*2**4
s SATISFIABLE
s mc 992
