** CON **
[runlim] version:		1.10
[runlim] time limit:		311040000 seconds
[runlim] real time limit:	300 seconds
[runlim] space limit:		2048 MB
[runlim] argv[0]:		approxmc
[runlim] argv[1]:		-s
[runlim] argv[2]:		01
[runlim] argv[3]:		/experiments/results/Mono3_1-2.c/01/counterSharp/con.dimacs
[runlim] start:			Mon Aug  8 22:59:48 2022
[runlim] main pid:		4382
ERROR! Could not open file '/experiments/results/Mono3_1-2.c/01/counterSharp/con.dimacs' for reading: No such file or directory
[runlim] end:			Mon Aug  8 22:59:48 2022
[runlim] status:		ok
[runlim] result:		0
[runlim] children:		0
[runlim] real:			0.31 seconds
[runlim] time:			0.00 seconds
[runlim] space:			0.0 MB
[runlim] samples:		0
** AMM **
[runlim] version:		1.10
[runlim] time limit:		311040000 seconds
[runlim] real time limit:	300 seconds
[runlim] space limit:		2048 MB
[runlim] argv[0]:		approxmc
[runlim] argv[1]:		-s
[runlim] argv[2]:		01
[runlim] argv[3]:		/experiments/results/Mono3_1-2.c/01/counterSharp/amm.dimacs
[runlim] start:			Mon Aug  8 22:59:48 2022
[runlim] main pid:		4384
ERROR! Could not open file '/experiments/results/Mono3_1-2.c/01/counterSharp/amm.dimacs' for reading: No such file or directory
[runlim] end:			Mon Aug  8 22:59:48 2022
[runlim] status:		ok
[runlim] result:		0
[runlim] children:		0
[runlim] real:			0.32 seconds
[runlim] time:			0.00 seconds
[runlim] space:			0.0 MB
[runlim] samples:		0
** AMH **
[runlim] version:		1.10
[runlim] time limit:		311040000 seconds
[runlim] real time limit:	300 seconds
[runlim] space limit:		2048 MB
[runlim] argv[0]:		approxmc
[runlim] argv[1]:		-s
[runlim] argv[2]:		01
[runlim] argv[3]:		/experiments/results/Mono3_1-2.c/01/counterSharp/amh.dimacs
[runlim] start:			Mon Aug  8 22:59:48 2022
[runlim] main pid:		4386
ERROR! Could not open file '/experiments/results/Mono3_1-2.c/01/counterSharp/amh.dimacs' for reading: No such file or directory
[runlim] end:			Mon Aug  8 22:59:48 2022
[runlim] status:		ok
[runlim] result:		0
[runlim] children:		0
[runlim] real:			0.33 seconds
[runlim] time:			0.00 seconds
[runlim] space:			0.0 MB
[runlim] samples:		0
** ASM **
[runlim] version:		1.10
[runlim] time limit:		311040000 seconds
[runlim] real time limit:	300 seconds
[runlim] space limit:		2048 MB
[runlim] argv[0]:		approxmc
[runlim] argv[1]:		-s
[runlim] argv[2]:		01
[runlim] argv[3]:		/experiments/results/Mono3_1-2.c/01/counterSharp/asm.dimacs
[runlim] start:			Mon Aug  8 22:59:48 2022
[runlim] main pid:		4388
ERROR! Could not open file '/experiments/results/Mono3_1-2.c/01/counterSharp/asm.dimacs' for reading: No such file or directory
[runlim] end:			Mon Aug  8 22:59:48 2022
[runlim] status:		ok
[runlim] result:		0
[runlim] children:		0
[runlim] real:			0.33 seconds
[runlim] time:			0.00 seconds
[runlim] space:			0.0 MB
[runlim] samples:		0
** ASH **
[runlim] version:		1.10
[runlim] time limit:		311040000 seconds
[runlim] real time limit:	300 seconds
[runlim] space limit:		2048 MB
[runlim] argv[0]:		approxmc
[runlim] argv[1]:		-s
[runlim] argv[2]:		01
[runlim] argv[3]:		/experiments/results/Mono3_1-2.c/01/counterSharp/ash.dimacs
[runlim] start:			Mon Aug  8 22:59:48 2022
[runlim] main pid:		4390
ERROR! Could not open file '/experiments/results/Mono3_1-2.c/01/counterSharp/ash.dimacs' for reading: No such file or directory
[runlim] end:			Mon Aug  8 22:59:48 2022
[runlim] status:		ok
[runlim] result:		0
[runlim] children:		0
[runlim] real:			0.34 seconds
[runlim] time:			0.00 seconds
[runlim] space:			0.0 MB
[runlim] samples:		0
