** CON **
c ApproxMC SHA revision df6d9fc8d112d758301d7527817e2eb1029fa5eb
c ApproxMC version 4.0.1
c ApproxMC compilation env CMAKE_CXX_COMPILER = /usr/bin/c++ | CMAKE_CXX_FLAGS =  -Wall -Wextra -Wunused -Wsign-compare -fno-omit-frame-pointer -Wtype-limits -Wuninitialized -Wno-deprecated -Wstrict-aliasing -Wpointer-arith -fvisibility=hidden -Wpointer-arith -Wformat-nonliteral -Winit-self -Wparentheses -Wunreachable-code -g -fvisibility=hidden -Wlogical-op -Wrestrict -Wnull-dereference -Wdouble-promotion -Wshadow -Wformat=2 -Wextra-semi -pedantic | COMPILE_DEFINES =  -DBOOST_TEST_DYN_LINK | STATICCOMPILE = OFF | Boost_FOUND = TRUE | ZLIB_FOUND = TRUE | VALGRIND_FOUND =  | GMP_FOUND = TRUE | ENABLE_ASSERTIONS = ON | MY_TARGETS =  | compilation date time = Oct 29 2020 17:34:59
c ApproxMC compiled with gcc version 9.3.0
c CryptoMiniSat version 5.8.0
c CMS Copyright Mate Soos (soos.mate@gmail.com)
c CMS SHA revision 6477e8bc43b0fda7038965bb148b64b8637c804b
c CMS is GPL licensed due to M4RI being linked. Build without M4RI to get MIT version
c Using VMTF code by Armin Biere from CaDiCaL
c Using Yalsat by Armin Biere, see Balint et al. Improving implementation of SLS solvers [...], SAT'14
c Using WalkSAT by Henry Kautz, see Kautz and Selman Pushing the envelope: planning, propositional logic, and stochastic search, AAAI'96,
c Using code from 'When Boolean Satisfiability Meets Gauss-E. in a Simplex Way'
c       by C.-S. Han and J.-H. Roland Jiang in CAV 2012. Fixes by M. Soos
c Using CCAnr from 'CCAnr: A Conf. Checking Based Local Search Solver [...]'
c       by Shaowei Cai, Chuan Luo, and Kaile Su, SAT 2015
c CMS compilation env CMAKE_CXX_COMPILER = /usr/bin/c++ | CMAKE_CXX_FLAGS =  -fvisibility=hidden -Wall -Wextra -Wunused -Wsign-compare -fno-omit-frame-pointer -Wtype-limits -Wuninitialized -Wno-deprecated -Wstrict-aliasing -Wpointer-arith -Wpointer-arith -Wformat-nonliteral -Winit-self -Wparentheses -Wunreachable-code -g -Wno-class-memaccess -mpopcnt -msse4.2 -ggdb3 -Wlogical-op -Wrestrict -Wnull-dereference -Wdouble-promotion -Wshadow -Wformat=2 -Wextra-semi -pedantic | COMPILE_DEFINES =  -DEXTENDED_FEATURES -DUSE_GAUSS -DBOOST_TEST_DYN_LINK -DUSE_ZLIB -DYALSAT_FPU -DUSE_M4RI | STATICCOMPILE = OFF | ONLY_SIMPLE = OFF | Boost_FOUND = TRUE | STATS = OFF | SQLITE3_FOUND = FALSE | ZLIB_FOUND = TRUE | VALGRIND_FOUND =  | ENABLE_TESTING = OFF | M4RI_FOUND = TRUE | NOM4RI = OFF | SLOW_DEBUG = OFF | ENABLE_ASSERTIONS = ON | PYTHON_EXECUTABLE = PYTHON_EXECUTABLE-NOTFOUND | PYTHON_LIBRARY = PYTHON_LIBRARY-NOTFOUND | PYTHON_INCLUDE_DIRS =  | MY_TARGETS =  | LARGEMEM = OFF | LIMITMEM = OFF | BREAKID_LIBRARIES =  | BREAKID-VER = . | BOSPHORUS_LIBRARIES =  | BOSPH-VER = . | compilation date time = Oct 29 2020 17:34:11
c CMS compiled with gcc version 9.3.0
c executed with command line: approxmc --sparse 1 -s 04 /experiments/results/floor.c/04/counterSharp/con.dimacs
** AMM **
c ApproxMC SHA revision df6d9fc8d112d758301d7527817e2eb1029fa5eb
c ApproxMC version 4.0.1
c ApproxMC compilation env CMAKE_CXX_COMPILER = /usr/bin/c++ | CMAKE_CXX_FLAGS =  -Wall -Wextra -Wunused -Wsign-compare -fno-omit-frame-pointer -Wtype-limits -Wuninitialized -Wno-deprecated -Wstrict-aliasing -Wpointer-arith -fvisibility=hidden -Wpointer-arith -Wformat-nonliteral -Winit-self -Wparentheses -Wunreachable-code -g -fvisibility=hidden -Wlogical-op -Wrestrict -Wnull-dereference -Wdouble-promotion -Wshadow -Wformat=2 -Wextra-semi -pedantic | COMPILE_DEFINES =  -DBOOST_TEST_DYN_LINK | STATICCOMPILE = OFF | Boost_FOUND = TRUE | ZLIB_FOUND = TRUE | VALGRIND_FOUND =  | GMP_FOUND = TRUE | ENABLE_ASSERTIONS = ON | MY_TARGETS =  | compilation date time = Oct 29 2020 17:34:59
c ApproxMC compiled with gcc version 9.3.0
c CryptoMiniSat version 5.8.0
c CMS Copyright Mate Soos (soos.mate@gmail.com)
c CMS SHA revision 6477e8bc43b0fda7038965bb148b64b8637c804b
c CMS is GPL licensed due to M4RI being linked. Build without M4RI to get MIT version
c Using VMTF code by Armin Biere from CaDiCaL
c Using Yalsat by Armin Biere, see Balint et al. Improving implementation of SLS solvers [...], SAT'14
c Using WalkSAT by Henry Kautz, see Kautz and Selman Pushing the envelope: planning, propositional logic, and stochastic search, AAAI'96,
c Using code from 'When Boolean Satisfiability Meets Gauss-E. in a Simplex Way'
c       by C.-S. Han and J.-H. Roland Jiang in CAV 2012. Fixes by M. Soos
c Using CCAnr from 'CCAnr: A Conf. Checking Based Local Search Solver [...]'
c       by Shaowei Cai, Chuan Luo, and Kaile Su, SAT 2015
c CMS compilation env CMAKE_CXX_COMPILER = /usr/bin/c++ | CMAKE_CXX_FLAGS =  -fvisibility=hidden -Wall -Wextra -Wunused -Wsign-compare -fno-omit-frame-pointer -Wtype-limits -Wuninitialized -Wno-deprecated -Wstrict-aliasing -Wpointer-arith -Wpointer-arith -Wformat-nonliteral -Winit-self -Wparentheses -Wunreachable-code -g -Wno-class-memaccess -mpopcnt -msse4.2 -ggdb3 -Wlogical-op -Wrestrict -Wnull-dereference -Wdouble-promotion -Wshadow -Wformat=2 -Wextra-semi -pedantic | COMPILE_DEFINES =  -DEXTENDED_FEATURES -DUSE_GAUSS -DBOOST_TEST_DYN_LINK -DUSE_ZLIB -DYALSAT_FPU -DUSE_M4RI | STATICCOMPILE = OFF | ONLY_SIMPLE = OFF | Boost_FOUND = TRUE | STATS = OFF | SQLITE3_FOUND = FALSE | ZLIB_FOUND = TRUE | VALGRIND_FOUND =  | ENABLE_TESTING = OFF | M4RI_FOUND = TRUE | NOM4RI = OFF | SLOW_DEBUG = OFF | ENABLE_ASSERTIONS = ON | PYTHON_EXECUTABLE = PYTHON_EXECUTABLE-NOTFOUND | PYTHON_LIBRARY = PYTHON_LIBRARY-NOTFOUND | PYTHON_INCLUDE_DIRS =  | MY_TARGETS =  | LARGEMEM = OFF | LIMITMEM = OFF | BREAKID_LIBRARIES =  | BREAKID-VER = . | BOSPHORUS_LIBRARIES =  | BOSPH-VER = . | compilation date time = Oct 29 2020 17:34:11
c CMS compiled with gcc version 9.3.0
c executed with command line: approxmc --sparse 1 -s 04 /experiments/results/floor.c/04/counterSharp/amm.dimacs
c -- header says num vars:          11429
c -- header says num clauses:       42683
c WARNING: Empty line at line number 42720 -- this is not part of the DIMACS specifications (http://www.satcompetition.org/2009/format-benchmarks2009.html). Ignoring.
c -- clauses added: 42683
c -- xor clauses added: 0
c -- vars added 11429
c [appmc] Sampling set size: 128
c [appmc] Sampling var set contains over 100 variables, not displaying
c [sparse] Using match: 2 sampling set size: 128 prev end inclusive is: 100 this end inclusive is: 150 next end inclusive is: 200 sampl size: 128
c [appmc] threshold set to 80 sparse: 1
c [appmc] Starting up, initial measurement
c [appmc] Starting at hash count: 1
c [appmc] [    0.00 ] round:  0 hashes:      1
c [appmc] [    0.00 ] bounded_sol_count looking for   81 solutions -- hashes active: 1
c [gauss] XOR-encoding clauses detached: 0 deleted: 0 T: 0.00
c [appmc] [    0.19 ] round:  0 hashes:      2
c [appmc] [    0.19 ] bounded_sol_count looking for   81 solutions -- hashes active: 2
c [gauss] XOR-encoding clauses detached: 492 deleted: 9 T: 0.00
c [appmc] [    0.23 ] round:  0 hashes:      4
c [appmc] [    0.23 ] bounded_sol_count looking for   81 solutions -- hashes active: 4
c [gauss] XOR-encoding clauses detached: 528 deleted: 0 T: 0.00
c [appmc] [    0.28 ] round:  0 hashes:      8
c [appmc] [    0.28 ] bounded_sol_count looking for   81 solutions -- hashes active: 8
c [gauss] XOR-encoding clauses detached: 948 deleted: 0 T: 0.00
c [appmc] [    0.34 ] round:  0 hashes:     16
c [appmc] [    0.34 ] bounded_sol_count looking for   81 solutions -- hashes active: 16
c [gauss] XOR-encoding clauses detached: 1888 deleted: 0 T: 0.00
c [appmc] [    0.42 ] round:  0 hashes:     32
c [appmc] [    0.42 ] bounded_sol_count looking for   81 solutions -- hashes active: 32
c [gauss] XOR-encoding clauses detached: 3496 deleted: 0 T: 0.00
c [appmc] [    0.51 ] round:  0 hashes:     64
c [appmc] [    0.51 ] bounded_sol_count looking for   81 solutions -- hashes active: 64
c [gauss] XOR-encoding clauses detached: 5476 deleted: 0 T: 0.00
c [appmc] [    0.62 ] round:  0 hashes:     96
c [appmc] [    0.62 ] bounded_sol_count looking for   81 solutions -- hashes active: 96
c [gauss] XOR-encoding clauses detached: 3580 deleted: 0 T: 0.00
c [appmc] [    0.74 ] round:  0 hashes:    112
c [appmc] [    0.74 ] bounded_sol_count looking for   81 solutions -- hashes active: 112
c [gauss] XOR-encoding clauses detached: 1376 deleted: 0 T: 0.00
c [appmc] [    0.86 ] round:  0 hashes:    120
c [appmc] [    0.86 ] bounded_sol_count looking for   81 solutions -- hashes active: 120
c [gauss] XOR-encoding clauses detached: 580 deleted: 0 T: 0.00
c [appmc] [    0.98 ] round:  0 hashes:    124
c [appmc] [    0.98 ] bounded_sol_count looking for   81 solutions -- hashes active: 124
c [gauss] XOR-encoding clauses detached: 260 deleted: 0 T: 0.00
c [appmc] [    0.99 ] round:  0 hashes:    122
c [appmc] [    0.99 ] bounded_sol_count looking for   81 solutions -- hashes active: 122
c [appmc] [    1.01 ] round:  0 hashes:    121
c [appmc] [    1.01 ] bounded_sol_count looking for   81 solutions -- hashes active: 121
c [appmc] simplifying
c [gauss] XOR-encoding clauses reattached: 18624 T: 0.00
c [appmc] [    1.57 ] round:  1 hashes:    121
c [appmc] [    1.57 ] bounded_sol_count looking for   81 solutions -- hashes active: 121
c [gauss] XOR-encoding clauses detached: 18424 deleted: 0 T: 0.00
c [appmc] [    1.66 ] round:  1 hashes:    120
c [appmc] [    1.66 ] bounded_sol_count looking for   81 solutions -- hashes active: 120
c [appmc] simplifying
c [gauss] XOR-encoding clauses reattached: 18424 T: 0.00
c [appmc] [    1.82 ] round:  2 hashes:    121
c [appmc] [    1.82 ] bounded_sol_count looking for   81 solutions -- hashes active: 121
c [gauss] XOR-encoding clauses detached: 18804 deleted: 0 T: 0.00
c [appmc] [    1.93 ] round:  2 hashes:    120
c [appmc] [    1.93 ] bounded_sol_count looking for   81 solutions -- hashes active: 120
c [appmc] simplifying
c [gauss] XOR-encoding clauses reattached: 18804 T: 0.00
c [appmc] [    2.07 ] round:  3 hashes:    121
c [appmc] [    2.07 ] bounded_sol_count looking for   81 solutions -- hashes active: 121
c [gauss] XOR-encoding clauses detached: 18452 deleted: 0 T: 0.00
c [appmc] [    2.20 ] round:  3 hashes:    120
c [appmc] [    2.20 ] bounded_sol_count looking for   81 solutions -- hashes active: 120
c [appmc] simplifying
c [gauss] XOR-encoding clauses reattached: 18452 T: 0.00
c [appmc] [    2.34 ] round:  4 hashes:    121
c [appmc] [    2.34 ] bounded_sol_count looking for   81 solutions -- hashes active: 121
c [gauss] XOR-encoding clauses detached: 18400 deleted: 0 T: 0.00
c [appmc] [    2.48 ] round:  4 hashes:    120
c [appmc] [    2.48 ] bounded_sol_count looking for   81 solutions -- hashes active: 120
c [appmc] simplifying
c [gauss] XOR-encoding clauses reattached: 18400 T: 0.00
c [appmc] [    2.62 ] round:  5 hashes:    121
c [appmc] [    2.62 ] bounded_sol_count looking for   81 solutions -- hashes active: 121
c [gauss] XOR-encoding clauses detached: 18124 deleted: 0 T: 0.00
c [appmc] [    2.78 ] round:  5 hashes:    120
c [appmc] [    2.78 ] bounded_sol_count looking for   81 solutions -- hashes active: 120
c [appmc] simplifying
c [gauss] XOR-encoding clauses reattached: 18124 T: 0.00
c [appmc] [    2.93 ] round:  6 hashes:    121
c [appmc] [    2.93 ] bounded_sol_count looking for   81 solutions -- hashes active: 121
c [gauss] XOR-encoding clauses detached: 18448 deleted: 0 T: 0.00
c [appmc] [    3.10 ] round:  6 hashes:    120
c [appmc] [    3.10 ] bounded_sol_count looking for   81 solutions -- hashes active: 120
c [appmc] simplifying
c [gauss] XOR-encoding clauses reattached: 18448 T: 0.00
c [appmc] [    3.26 ] round:  7 hashes:    121
c [appmc] [    3.26 ] bounded_sol_count looking for   81 solutions -- hashes active: 121
c [gauss] XOR-encoding clauses detached: 18844 deleted: 0 T: 0.00
c [appmc] [    3.46 ] round:  7 hashes:    120
c [appmc] [    3.46 ] bounded_sol_count looking for   81 solutions -- hashes active: 120
c [appmc] simplifying
c [gauss] XOR-encoding clauses reattached: 18844 T: 0.00
c [appmc] [    3.62 ] round:  8 hashes:    121
c [appmc] [    3.62 ] bounded_sol_count looking for   81 solutions -- hashes active: 121
c [gauss] XOR-encoding clauses detached: 18056 deleted: 0 T: 0.00
c [appmc] [    3.83 ] round:  8 hashes:    120
c [appmc] [    3.83 ] bounded_sol_count looking for   81 solutions -- hashes active: 120
c [appmc] FINISHED ApproxMC T: 3.88 s
c [appmc] Number of solutions is: 64*2**121
s mc 170141183460469231731687303715884105728
** AMH **
c ApproxMC SHA revision df6d9fc8d112d758301d7527817e2eb1029fa5eb
c ApproxMC version 4.0.1
c ApproxMC compilation env CMAKE_CXX_COMPILER = /usr/bin/c++ | CMAKE_CXX_FLAGS =  -Wall -Wextra -Wunused -Wsign-compare -fno-omit-frame-pointer -Wtype-limits -Wuninitialized -Wno-deprecated -Wstrict-aliasing -Wpointer-arith -fvisibility=hidden -Wpointer-arith -Wformat-nonliteral -Winit-self -Wparentheses -Wunreachable-code -g -fvisibility=hidden -Wlogical-op -Wrestrict -Wnull-dereference -Wdouble-promotion -Wshadow -Wformat=2 -Wextra-semi -pedantic | COMPILE_DEFINES =  -DBOOST_TEST_DYN_LINK | STATICCOMPILE = OFF | Boost_FOUND = TRUE | ZLIB_FOUND = TRUE | VALGRIND_FOUND =  | GMP_FOUND = TRUE | ENABLE_ASSERTIONS = ON | MY_TARGETS =  | compilation date time = Oct 29 2020 17:34:59
c ApproxMC compiled with gcc version 9.3.0
c CryptoMiniSat version 5.8.0
c CMS Copyright Mate Soos (soos.mate@gmail.com)
c CMS SHA revision 6477e8bc43b0fda7038965bb148b64b8637c804b
c CMS is GPL licensed due to M4RI being linked. Build without M4RI to get MIT version
c Using VMTF code by Armin Biere from CaDiCaL
c Using Yalsat by Armin Biere, see Balint et al. Improving implementation of SLS solvers [...], SAT'14
c Using WalkSAT by Henry Kautz, see Kautz and Selman Pushing the envelope: planning, propositional logic, and stochastic search, AAAI'96,
c Using code from 'When Boolean Satisfiability Meets Gauss-E. in a Simplex Way'
c       by C.-S. Han and J.-H. Roland Jiang in CAV 2012. Fixes by M. Soos
c Using CCAnr from 'CCAnr: A Conf. Checking Based Local Search Solver [...]'
c       by Shaowei Cai, Chuan Luo, and Kaile Su, SAT 2015
c CMS compilation env CMAKE_CXX_COMPILER = /usr/bin/c++ | CMAKE_CXX_FLAGS =  -fvisibility=hidden -Wall -Wextra -Wunused -Wsign-compare -fno-omit-frame-pointer -Wtype-limits -Wuninitialized -Wno-deprecated -Wstrict-aliasing -Wpointer-arith -Wpointer-arith -Wformat-nonliteral -Winit-self -Wparentheses -Wunreachable-code -g -Wno-class-memaccess -mpopcnt -msse4.2 -ggdb3 -Wlogical-op -Wrestrict -Wnull-dereference -Wdouble-promotion -Wshadow -Wformat=2 -Wextra-semi -pedantic | COMPILE_DEFINES =  -DEXTENDED_FEATURES -DUSE_GAUSS -DBOOST_TEST_DYN_LINK -DUSE_ZLIB -DYALSAT_FPU -DUSE_M4RI | STATICCOMPILE = OFF | ONLY_SIMPLE = OFF | Boost_FOUND = TRUE | STATS = OFF | SQLITE3_FOUND = FALSE | ZLIB_FOUND = TRUE | VALGRIND_FOUND =  | ENABLE_TESTING = OFF | M4RI_FOUND = TRUE | NOM4RI = OFF | SLOW_DEBUG = OFF | ENABLE_ASSERTIONS = ON | PYTHON_EXECUTABLE = PYTHON_EXECUTABLE-NOTFOUND | PYTHON_LIBRARY = PYTHON_LIBRARY-NOTFOUND | PYTHON_INCLUDE_DIRS =  | MY_TARGETS =  | LARGEMEM = OFF | LIMITMEM = OFF | BREAKID_LIBRARIES =  | BREAKID-VER = . | BOSPHORUS_LIBRARIES =  | BOSPH-VER = . | compilation date time = Oct 29 2020 17:34:11
c CMS compiled with gcc version 9.3.0
c executed with command line: approxmc --sparse 1 -s 04 /experiments/results/floor.c/04/counterSharp/amh.dimacs
c -- header says num vars:          11430
c -- header says num clauses:       42685
c WARNING: Empty line at line number 42722 -- this is not part of the DIMACS specifications (http://www.satcompetition.org/2009/format-benchmarks2009.html). Ignoring.
c -- clauses added: 42685
c -- xor clauses added: 0
c -- vars added 11430
c [appmc] Sampling set size: 128
c [appmc] Sampling var set contains over 100 variables, not displaying
c [sparse] Using match: 2 sampling set size: 128 prev end inclusive is: 100 this end inclusive is: 150 next end inclusive is: 200 sampl size: 128
c [appmc] threshold set to 80 sparse: 1
c [appmc] Starting up, initial measurement
c [appmc] Starting at hash count: 1
c [appmc] [    0.00 ] round:  0 hashes:      1
c [appmc] [    0.00 ] bounded_sol_count looking for   81 solutions -- hashes active: 1
c [gauss] XOR-encoding clauses detached: 0 deleted: 0 T: 0.00
c [appmc] [    0.22 ] round:  0 hashes:      2
c [appmc] [    0.22 ] bounded_sol_count looking for   81 solutions -- hashes active: 2
c [gauss] XOR-encoding clauses detached: 1043 deleted: 3 T: 0.00
c [appmc] [    0.25 ] round:  0 hashes:      4
c [appmc] [    0.25 ] bounded_sol_count looking for   81 solutions -- hashes active: 4
c [gauss] XOR-encoding clauses detached: 654 deleted: 0 T: 0.00
c [appmc] [    0.31 ] round:  0 hashes:      8
c [appmc] [    0.31 ] bounded_sol_count looking for   81 solutions -- hashes active: 8
c [gauss] XOR-encoding clauses detached: 988 deleted: 0 T: 0.00
c [appmc] [    0.40 ] round:  0 hashes:     16
c [appmc] [    0.40 ] bounded_sol_count looking for   81 solutions -- hashes active: 16
c [gauss] XOR-encoding clauses detached: 1888 deleted: 0 T: 0.00
c [appmc] [    0.50 ] round:  0 hashes:     32
c [appmc] [    0.50 ] bounded_sol_count looking for   81 solutions -- hashes active: 32
c [gauss] XOR-encoding clauses detached: 3496 deleted: 0 T: 0.00
c [appmc] [    0.61 ] round:  0 hashes:     64
c [appmc] [    0.61 ] bounded_sol_count looking for   81 solutions -- hashes active: 64
c [gauss] XOR-encoding clauses detached: 5476 deleted: 0 T: 0.00
c [appmc] [    0.73 ] round:  0 hashes:     96
c [appmc] [    0.73 ] bounded_sol_count looking for   81 solutions -- hashes active: 96
c [gauss] XOR-encoding clauses detached: 3580 deleted: 0 T: 0.00
c [appmc] [    0.87 ] round:  0 hashes:    112
c [appmc] [    0.87 ] bounded_sol_count looking for   81 solutions -- hashes active: 112
c [gauss] XOR-encoding clauses detached: 1376 deleted: 0 T: 0.00
c [appmc] [    0.99 ] round:  0 hashes:    120
c [appmc] [    0.99 ] bounded_sol_count looking for   81 solutions -- hashes active: 120
c [gauss] XOR-encoding clauses detached: 580 deleted: 0 T: 0.00
c [appmc] [    1.12 ] round:  0 hashes:    124
c [appmc] [    1.12 ] bounded_sol_count looking for   81 solutions -- hashes active: 124
c [gauss] XOR-encoding clauses detached: 260 deleted: 0 T: 0.00
c [appmc] [    1.13 ] round:  0 hashes:    122
c [appmc] [    1.13 ] bounded_sol_count looking for   81 solutions -- hashes active: 122
c [appmc] [    1.15 ] round:  0 hashes:    121
c [appmc] [    1.15 ] bounded_sol_count looking for   81 solutions -- hashes active: 121
c [appmc] simplifying
c [gauss] XOR-encoding clauses reattached: 19341 T: 0.00
c [appmc] [    2.71 ] round:  1 hashes:    121
c [appmc] [    2.71 ] bounded_sol_count looking for   81 solutions -- hashes active: 121
c [gauss] XOR-encoding clauses detached: 18424 deleted: 0 T: 0.00
c [appmc] [    2.81 ] round:  1 hashes:    120
c [appmc] [    2.81 ] bounded_sol_count looking for   81 solutions -- hashes active: 120
c [appmc] simplifying
c [gauss] XOR-encoding clauses reattached: 18424 T: 0.00
c [appmc] [    3.04 ] round:  2 hashes:    121
c [appmc] [    3.04 ] bounded_sol_count looking for   81 solutions -- hashes active: 121
c [gauss] XOR-encoding clauses detached: 18804 deleted: 0 T: 0.00
c [appmc] [    3.16 ] round:  2 hashes:    120
c [appmc] [    3.16 ] bounded_sol_count looking for   81 solutions -- hashes active: 120
c [appmc] simplifying
c [gauss] XOR-encoding clauses reattached: 18804 T: 0.00
c [appmc] [    3.34 ] round:  3 hashes:    121
c [appmc] [    3.34 ] bounded_sol_count looking for   81 solutions -- hashes active: 121
c [gauss] XOR-encoding clauses detached: 18452 deleted: 0 T: 0.00
c [appmc] [    3.47 ] round:  3 hashes:    120
c [appmc] [    3.47 ] bounded_sol_count looking for   81 solutions -- hashes active: 120
c [appmc] simplifying
c [gauss] XOR-encoding clauses reattached: 18452 T: 0.00
c [appmc] [    3.64 ] round:  4 hashes:    121
c [appmc] [    3.64 ] bounded_sol_count looking for   81 solutions -- hashes active: 121
c [gauss] XOR-encoding clauses detached: 18400 deleted: 0 T: 0.00
c [appmc] [    3.79 ] round:  4 hashes:    120
c [appmc] [    3.79 ] bounded_sol_count looking for   81 solutions -- hashes active: 120
c [appmc] simplifying
c [gauss] XOR-encoding clauses reattached: 18400 T: 0.00
c [appmc] [    3.98 ] round:  5 hashes:    121
c [appmc] [    3.98 ] bounded_sol_count looking for   81 solutions -- hashes active: 121
c [gauss] XOR-encoding clauses detached: 18124 deleted: 0 T: 0.00
c [appmc] [    4.14 ] round:  5 hashes:    120
c [appmc] [    4.14 ] bounded_sol_count looking for   81 solutions -- hashes active: 120
c [appmc] simplifying
c [gauss] XOR-encoding clauses reattached: 18124 T: 0.00
c [appmc] [    4.34 ] round:  6 hashes:    121
c [appmc] [    4.34 ] bounded_sol_count looking for   81 solutions -- hashes active: 121
c [gauss] XOR-encoding clauses detached: 18448 deleted: 0 T: 0.00
c [appmc] [    4.52 ] round:  6 hashes:    120
c [appmc] [    4.52 ] bounded_sol_count looking for   81 solutions -- hashes active: 120
c [appmc] simplifying
c [gauss] XOR-encoding clauses reattached: 18448 T: 0.00
c [appmc] [    4.71 ] round:  7 hashes:    121
c [appmc] [    4.71 ] bounded_sol_count looking for   81 solutions -- hashes active: 121
c [gauss] XOR-encoding clauses detached: 18844 deleted: 0 T: 0.00
c [appmc] [    4.91 ] round:  7 hashes:    120
c [appmc] [    4.91 ] bounded_sol_count looking for   81 solutions -- hashes active: 120
c [appmc] simplifying
c [gauss] XOR-encoding clauses reattached: 18844 T: 0.00
c [appmc] [    5.10 ] round:  8 hashes:    121
c [appmc] [    5.10 ] bounded_sol_count looking for   81 solutions -- hashes active: 121
c [gauss] XOR-encoding clauses detached: 18056 deleted: 0 T: 0.00
c [appmc] [    5.32 ] round:  8 hashes:    120
c [appmc] [    5.32 ] bounded_sol_count looking for   81 solutions -- hashes active: 120
c [appmc] FINISHED ApproxMC T: 5.38 s
c [appmc] Number of solutions is: 64*2**121
s mc 170141183460469231731687303715884105728
** ASM **
c ApproxMC SHA revision df6d9fc8d112d758301d7527817e2eb1029fa5eb
c ApproxMC version 4.0.1
c ApproxMC compilation env CMAKE_CXX_COMPILER = /usr/bin/c++ | CMAKE_CXX_FLAGS =  -Wall -Wextra -Wunused -Wsign-compare -fno-omit-frame-pointer -Wtype-limits -Wuninitialized -Wno-deprecated -Wstrict-aliasing -Wpointer-arith -fvisibility=hidden -Wpointer-arith -Wformat-nonliteral -Winit-self -Wparentheses -Wunreachable-code -g -fvisibility=hidden -Wlogical-op -Wrestrict -Wnull-dereference -Wdouble-promotion -Wshadow -Wformat=2 -Wextra-semi -pedantic | COMPILE_DEFINES =  -DBOOST_TEST_DYN_LINK | STATICCOMPILE = OFF | Boost_FOUND = TRUE | ZLIB_FOUND = TRUE | VALGRIND_FOUND =  | GMP_FOUND = TRUE | ENABLE_ASSERTIONS = ON | MY_TARGETS =  | compilation date time = Oct 29 2020 17:34:59
c ApproxMC compiled with gcc version 9.3.0
c CryptoMiniSat version 5.8.0
c CMS Copyright Mate Soos (soos.mate@gmail.com)
c CMS SHA revision 6477e8bc43b0fda7038965bb148b64b8637c804b
c CMS is GPL licensed due to M4RI being linked. Build without M4RI to get MIT version
c Using VMTF code by Armin Biere from CaDiCaL
c Using Yalsat by Armin Biere, see Balint et al. Improving implementation of SLS solvers [...], SAT'14
c Using WalkSAT by Henry Kautz, see Kautz and Selman Pushing the envelope: planning, propositional logic, and stochastic search, AAAI'96,
c Using code from 'When Boolean Satisfiability Meets Gauss-E. in a Simplex Way'
c       by C.-S. Han and J.-H. Roland Jiang in CAV 2012. Fixes by M. Soos
c Using CCAnr from 'CCAnr: A Conf. Checking Based Local Search Solver [...]'
c       by Shaowei Cai, Chuan Luo, and Kaile Su, SAT 2015
c CMS compilation env CMAKE_CXX_COMPILER = /usr/bin/c++ | CMAKE_CXX_FLAGS =  -fvisibility=hidden -Wall -Wextra -Wunused -Wsign-compare -fno-omit-frame-pointer -Wtype-limits -Wuninitialized -Wno-deprecated -Wstrict-aliasing -Wpointer-arith -Wpointer-arith -Wformat-nonliteral -Winit-self -Wparentheses -Wunreachable-code -g -Wno-class-memaccess -mpopcnt -msse4.2 -ggdb3 -Wlogical-op -Wrestrict -Wnull-dereference -Wdouble-promotion -Wshadow -Wformat=2 -Wextra-semi -pedantic | COMPILE_DEFINES =  -DEXTENDED_FEATURES -DUSE_GAUSS -DBOOST_TEST_DYN_LINK -DUSE_ZLIB -DYALSAT_FPU -DUSE_M4RI | STATICCOMPILE = OFF | ONLY_SIMPLE = OFF | Boost_FOUND = TRUE | STATS = OFF | SQLITE3_FOUND = FALSE | ZLIB_FOUND = TRUE | VALGRIND_FOUND =  | ENABLE_TESTING = OFF | M4RI_FOUND = TRUE | NOM4RI = OFF | SLOW_DEBUG = OFF | ENABLE_ASSERTIONS = ON | PYTHON_EXECUTABLE = PYTHON_EXECUTABLE-NOTFOUND | PYTHON_LIBRARY = PYTHON_LIBRARY-NOTFOUND | PYTHON_INCLUDE_DIRS =  | MY_TARGETS =  | LARGEMEM = OFF | LIMITMEM = OFF | BREAKID_LIBRARIES =  | BREAKID-VER = . | BOSPHORUS_LIBRARIES =  | BOSPH-VER = . | compilation date time = Oct 29 2020 17:34:11
c CMS compiled with gcc version 9.3.0
c executed with command line: approxmc --sparse 1 -s 04 /experiments/results/floor.c/04/counterSharp/asm.dimacs
c -- header says num vars:          11428
c -- header says num clauses:       42682
c WARNING: Empty line at line number 42718 -- this is not part of the DIMACS specifications (http://www.satcompetition.org/2009/format-benchmarks2009.html). Ignoring.
c -- clauses added: 42682
c -- xor clauses added: 0
c -- vars added 11428
c [appmc] Sampling set size: 128
c [appmc] Sampling var set contains over 100 variables, not displaying
c [sparse] Using match: 2 sampling set size: 128 prev end inclusive is: 100 this end inclusive is: 150 next end inclusive is: 200 sampl size: 128
c [appmc] threshold set to 80 sparse: 1
c [appmc] Starting up, initial measurement
c [appmc] Starting at hash count: 1
c [appmc] [    0.00 ] round:  0 hashes:      1
c [appmc] [    0.00 ] bounded_sol_count looking for   81 solutions -- hashes active: 1
c [gauss] XOR-encoding clauses detached: 0 deleted: 0 T: 0.00
c [appmc] [    0.20 ] round:  0 hashes:      1
c [appmc] [    0.20 ] bounded_sol_count looking for   81 solutions -- hashes active: 1
c [appmc] simplifying
c [appmc] [    0.20 ] round:  1 hashes:      1
c [appmc] [    0.20 ] bounded_sol_count looking for   81 solutions -- hashes active: 1
c [appmc] [    0.20 ] round:  1 hashes:      0
c [appmc] [    0.20 ] bounded_sol_count looking for   81 solutions -- hashes active: 0
c [appmc] simplifying
c [appmc] [    0.20 ] round:  2 hashes:      1
c [appmc] [    0.20 ] bounded_sol_count looking for   81 solutions -- hashes active: 1
c [appmc] [    0.20 ] round:  2 hashes:      0
c [appmc] [    0.20 ] bounded_sol_count looking for   81 solutions -- hashes active: 0
c [appmc] simplifying
c [appmc] [    0.20 ] round:  3 hashes:      1
c [appmc] [    0.20 ] bounded_sol_count looking for   81 solutions -- hashes active: 1
c [appmc] [    0.20 ] round:  3 hashes:      0
c [appmc] [    0.20 ] bounded_sol_count looking for   81 solutions -- hashes active: 0
c [appmc] simplifying
c [appmc] [    0.20 ] round:  4 hashes:      1
c [appmc] [    0.20 ] bounded_sol_count looking for   81 solutions -- hashes active: 1
c [appmc] [    0.20 ] round:  4 hashes:      0
c [appmc] [    0.20 ] bounded_sol_count looking for   81 solutions -- hashes active: 0
c [appmc] simplifying
c [appmc] [    0.20 ] round:  5 hashes:      1
c [appmc] [    0.20 ] bounded_sol_count looking for   81 solutions -- hashes active: 1
c [appmc] [    0.20 ] round:  5 hashes:      0
c [appmc] [    0.20 ] bounded_sol_count looking for   81 solutions -- hashes active: 0
c [appmc] simplifying
c [appmc] [    0.20 ] round:  6 hashes:      1
c [appmc] [    0.20 ] bounded_sol_count looking for   81 solutions -- hashes active: 1
c [appmc] [    0.20 ] round:  6 hashes:      0
c [appmc] [    0.20 ] bounded_sol_count looking for   81 solutions -- hashes active: 0
c [appmc] simplifying
c [appmc] [    0.20 ] round:  7 hashes:      1
c [appmc] [    0.20 ] bounded_sol_count looking for   81 solutions -- hashes active: 1
c [appmc] [    0.20 ] round:  7 hashes:      0
c [appmc] [    0.20 ] bounded_sol_count looking for   81 solutions -- hashes active: 0
c [appmc] simplifying
c [appmc] [    0.20 ] round:  8 hashes:      1
c [appmc] [    0.20 ] bounded_sol_count looking for   81 solutions -- hashes active: 1
c [appmc] [    0.20 ] round:  8 hashes:      0
c [appmc] [    0.20 ] bounded_sol_count looking for   81 solutions -- hashes active: 0
** ASH **
c ApproxMC SHA revision df6d9fc8d112d758301d7527817e2eb1029fa5eb
c ApproxMC version 4.0.1
c ApproxMC compilation env CMAKE_CXX_COMPILER = /usr/bin/c++ | CMAKE_CXX_FLAGS =  -Wall -Wextra -Wunused -Wsign-compare -fno-omit-frame-pointer -Wtype-limits -Wuninitialized -Wno-deprecated -Wstrict-aliasing -Wpointer-arith -fvisibility=hidden -Wpointer-arith -Wformat-nonliteral -Winit-self -Wparentheses -Wunreachable-code -g -fvisibility=hidden -Wlogical-op -Wrestrict -Wnull-dereference -Wdouble-promotion -Wshadow -Wformat=2 -Wextra-semi -pedantic | COMPILE_DEFINES =  -DBOOST_TEST_DYN_LINK | STATICCOMPILE = OFF | Boost_FOUND = TRUE | ZLIB_FOUND = TRUE | VALGRIND_FOUND =  | GMP_FOUND = TRUE | ENABLE_ASSERTIONS = ON | MY_TARGETS =  | compilation date time = Oct 29 2020 17:34:59
c ApproxMC compiled with gcc version 9.3.0
c CryptoMiniSat version 5.8.0
c CMS Copyright Mate Soos (soos.mate@gmail.com)
c CMS SHA revision 6477e8bc43b0fda7038965bb148b64b8637c804b
c CMS is GPL licensed due to M4RI being linked. Build without M4RI to get MIT version
c Using VMTF code by Armin Biere from CaDiCaL
c Using Yalsat by Armin Biere, see Balint et al. Improving implementation of SLS solvers [...], SAT'14
c Using WalkSAT by Henry Kautz, see Kautz and Selman Pushing the envelope: planning, propositional logic, and stochastic search, AAAI'96,
c Using code from 'When Boolean Satisfiability Meets Gauss-E. in a Simplex Way'
c       by C.-S. Han and J.-H. Roland Jiang in CAV 2012. Fixes by M. Soos
c Using CCAnr from 'CCAnr: A Conf. Checking Based Local Search Solver [...]'
c       by Shaowei Cai, Chuan Luo, and Kaile Su, SAT 2015
c CMS compilation env CMAKE_CXX_COMPILER = /usr/bin/c++ | CMAKE_CXX_FLAGS =  -fvisibility=hidden -Wall -Wextra -Wunused -Wsign-compare -fno-omit-frame-pointer -Wtype-limits -Wuninitialized -Wno-deprecated -Wstrict-aliasing -Wpointer-arith -Wpointer-arith -Wformat-nonliteral -Winit-self -Wparentheses -Wunreachable-code -g -Wno-class-memaccess -mpopcnt -msse4.2 -ggdb3 -Wlogical-op -Wrestrict -Wnull-dereference -Wdouble-promotion -Wshadow -Wformat=2 -Wextra-semi -pedantic | COMPILE_DEFINES =  -DEXTENDED_FEATURES -DUSE_GAUSS -DBOOST_TEST_DYN_LINK -DUSE_ZLIB -DYALSAT_FPU -DUSE_M4RI | STATICCOMPILE = OFF | ONLY_SIMPLE = OFF | Boost_FOUND = TRUE | STATS = OFF | SQLITE3_FOUND = FALSE | ZLIB_FOUND = TRUE | VALGRIND_FOUND =  | ENABLE_TESTING = OFF | M4RI_FOUND = TRUE | NOM4RI = OFF | SLOW_DEBUG = OFF | ENABLE_ASSERTIONS = ON | PYTHON_EXECUTABLE = PYTHON_EXECUTABLE-NOTFOUND | PYTHON_LIBRARY = PYTHON_LIBRARY-NOTFOUND | PYTHON_INCLUDE_DIRS =  | MY_TARGETS =  | LARGEMEM = OFF | LIMITMEM = OFF | BREAKID_LIBRARIES =  | BREAKID-VER = . | BOSPHORUS_LIBRARIES =  | BOSPH-VER = . | compilation date time = Oct 29 2020 17:34:11
c CMS compiled with gcc version 9.3.0
c executed with command line: approxmc --sparse 1 -s 04 /experiments/results/floor.c/04/counterSharp/ash.dimacs
c -- header says num vars:          11430
c -- header says num clauses:       42685
c WARNING: Empty line at line number 42722 -- this is not part of the DIMACS specifications (http://www.satcompetition.org/2009/format-benchmarks2009.html). Ignoring.
c -- clauses added: 42685
c -- xor clauses added: 0
c -- vars added 11430
c [appmc] Sampling set size: 128
c [appmc] Sampling var set contains over 100 variables, not displaying
c [sparse] Using match: 2 sampling set size: 128 prev end inclusive is: 100 this end inclusive is: 150 next end inclusive is: 200 sampl size: 128
c [appmc] threshold set to 80 sparse: 1
c [appmc] Starting up, initial measurement
c [appmc] Starting at hash count: 1
c [appmc] [    0.00 ] round:  0 hashes:      1
c [appmc] [    0.00 ] bounded_sol_count looking for   81 solutions -- hashes active: 1
c [gauss] XOR-encoding clauses detached: 0 deleted: 0 T: 0.00
c [appmc] [    0.24 ] round:  0 hashes:      2
c [appmc] [    0.24 ] bounded_sol_count looking for   81 solutions -- hashes active: 2
c [gauss] XOR-encoding clauses detached: 1035 deleted: 3 T: 0.00
c [appmc] [    0.28 ] round:  0 hashes:      4
c [appmc] [    0.28 ] bounded_sol_count looking for   81 solutions -- hashes active: 4
c [gauss] XOR-encoding clauses detached: 654 deleted: 0 T: 0.00
c [appmc] [    0.35 ] round:  0 hashes:      8
c [appmc] [    0.35 ] bounded_sol_count looking for   81 solutions -- hashes active: 8
c [gauss] XOR-encoding clauses detached: 988 deleted: 0 T: 0.00
c [appmc] [    0.43 ] round:  0 hashes:     16
c [appmc] [    0.43 ] bounded_sol_count looking for   81 solutions -- hashes active: 16
c [gauss] XOR-encoding clauses detached: 1888 deleted: 0 T: 0.00
c [appmc] [    0.53 ] round:  0 hashes:     32
c [appmc] [    0.53 ] bounded_sol_count looking for   81 solutions -- hashes active: 32
c [gauss] XOR-encoding clauses detached: 3496 deleted: 0 T: 0.00
c [appmc] [    0.65 ] round:  0 hashes:     64
c [appmc] [    0.65 ] bounded_sol_count looking for   81 solutions -- hashes active: 64
c [gauss] XOR-encoding clauses detached: 5476 deleted: 0 T: 0.00
c [appmc] [    0.80 ] round:  0 hashes:     96
c [appmc] [    0.80 ] bounded_sol_count looking for   81 solutions -- hashes active: 96
c [gauss] XOR-encoding clauses detached: 3580 deleted: 0 T: 0.00
c [appmc] [    0.96 ] round:  0 hashes:    112
c [appmc] [    0.96 ] bounded_sol_count looking for   81 solutions -- hashes active: 112
c [gauss] XOR-encoding clauses detached: 1376 deleted: 0 T: 0.00
c [appmc] [    1.13 ] round:  0 hashes:    120
c [appmc] [    1.13 ] bounded_sol_count looking for   81 solutions -- hashes active: 120
c [gauss] XOR-encoding clauses detached: 580 deleted: 0 T: 0.00
c [appmc] [    1.28 ] round:  0 hashes:    124
c [appmc] [    1.28 ] bounded_sol_count looking for   81 solutions -- hashes active: 124
c [gauss] XOR-encoding clauses detached: 260 deleted: 0 T: 0.00
c [appmc] [    1.29 ] round:  0 hashes:    122
c [appmc] [    1.29 ] bounded_sol_count looking for   81 solutions -- hashes active: 122
c [appmc] [    1.31 ] round:  0 hashes:    121
c [appmc] [    1.31 ] bounded_sol_count looking for   81 solutions -- hashes active: 121
c [appmc] simplifying
c [gauss] XOR-encoding clauses reattached: 19333 T: 0.00
c [appmc] [    2.33 ] round:  1 hashes:    121
c [appmc] [    2.33 ] bounded_sol_count looking for   81 solutions -- hashes active: 121
c [gauss] XOR-encoding clauses detached: 19044 deleted: 0 T: 0.00
c [appmc] [    2.43 ] round:  1 hashes:    120
c [appmc] [    2.43 ] bounded_sol_count looking for   81 solutions -- hashes active: 120
c [appmc] simplifying
c [gauss] XOR-encoding clauses reattached: 19044 T: 0.00
c [appmc] [    2.75 ] round:  2 hashes:    121
c [appmc] [    2.75 ] bounded_sol_count looking for   81 solutions -- hashes active: 121
c [gauss] XOR-encoding clauses detached: 19425 deleted: 0 T: 0.00
c [appmc] [    2.87 ] round:  2 hashes:    120
c [appmc] [    2.87 ] bounded_sol_count looking for   81 solutions -- hashes active: 120
c [appmc] simplifying
c [gauss] XOR-encoding clauses reattached: 19425 T: 0.00
c [appmc] [    3.20 ] round:  3 hashes:    121
c [appmc] [    3.20 ] bounded_sol_count looking for   81 solutions -- hashes active: 121
c [gauss] XOR-encoding clauses detached: 19073 deleted: 0 T: 0.00
c [appmc] [    3.33 ] round:  3 hashes:    120
c [appmc] [    3.33 ] bounded_sol_count looking for   81 solutions -- hashes active: 120
c [appmc] simplifying
c [gauss] XOR-encoding clauses reattached: 19073 T: 0.00
c [appmc] [    3.63 ] round:  4 hashes:    121
c [appmc] [    3.63 ] bounded_sol_count looking for   81 solutions -- hashes active: 121
c [gauss] XOR-encoding clauses detached: 19021 deleted: 0 T: 0.00
c [appmc] [    3.79 ] round:  4 hashes:    120
c [appmc] [    3.79 ] bounded_sol_count looking for   81 solutions -- hashes active: 120
c [appmc] simplifying
c [gauss] XOR-encoding clauses reattached: 19021 T: 0.00
c [appmc] [    4.08 ] round:  5 hashes:    121
c [appmc] [    4.08 ] bounded_sol_count looking for   81 solutions -- hashes active: 121
c [gauss] XOR-encoding clauses detached: 18745 deleted: 0 T: 0.00
c [appmc] [    4.25 ] round:  5 hashes:    120
c [appmc] [    4.25 ] bounded_sol_count looking for   81 solutions -- hashes active: 120
c [appmc] simplifying
c [gauss] XOR-encoding clauses reattached: 18745 T: 0.00
c [appmc] [    4.55 ] round:  6 hashes:    121
c [appmc] [    4.55 ] bounded_sol_count looking for   81 solutions -- hashes active: 121
c [gauss] XOR-encoding clauses detached: 19069 deleted: 0 T: 0.00
c [appmc] [    4.73 ] round:  6 hashes:    120
c [appmc] [    4.73 ] bounded_sol_count looking for   81 solutions -- hashes active: 120
c [appmc] simplifying
c [gauss] XOR-encoding clauses reattached: 19069 T: 0.00
c [appmc] [    5.04 ] round:  7 hashes:    121
c [appmc] [    5.04 ] bounded_sol_count looking for   81 solutions -- hashes active: 121
c [gauss] XOR-encoding clauses detached: 19465 deleted: 0 T: 0.00
c [appmc] [    5.25 ] round:  7 hashes:    120
c [appmc] [    5.25 ] bounded_sol_count looking for   81 solutions -- hashes active: 120
c [appmc] simplifying
c [gauss] XOR-encoding clauses reattached: 19465 T: 0.00
c [appmc] [    5.53 ] round:  8 hashes:    121
c [appmc] [    5.53 ] bounded_sol_count looking for   81 solutions -- hashes active: 121
c [gauss] XOR-encoding clauses detached: 18677 deleted: 0 T: 0.00
c [appmc] [    5.75 ] round:  8 hashes:    120
c [appmc] [    5.75 ] bounded_sol_count looking for   81 solutions -- hashes active: 120
c [appmc] FINISHED ApproxMC T: 5.81 s
c [appmc] Number of solutions is: 64*2**121
s mc 170141183460469231731687303715884105728
