** CON **
c Setting the timout to: 100000
c Outputting solution to console
c GANAK version 1.0.0
c time bound set to 300s
c ganak GIT revision: 33f36bcdd4a32f4f20f64e667de10d13d1377953
c ganak build env: CMAKE_CXX_COMPILER = /usr/bin/c++ | CMAKE_CXX_FLAGS =  -mtune=native -Wall -Wextra -Wunused -Wsign-compare -fno-omit-frame-pointer -Wtype-limits -Wuninitialized -Wno-deprecated -Wstrict-aliasing -Wpointer-arith -Wpointer-arith -Wformat-nonliteral -Winit-self -Wparentheses -Wunreachable-code -ggdb3 | COMPILE_DEFINES =  | STATICCOMPILE = OFF | ONLY_SIMPLE =  | Boost_FOUND =  | ZLIB_FOUND =  | ENABLE_TESTING =  | ENABLE_ASSERTIONS = ON | MY_TARGETS =  | compilation date time = Oct 29 2020 17:35:28
c Setting the timout to: 300
** AMM **
c Setting the timout to: 100000
c Outputting solution to console
c GANAK version 1.0.0
c time bound set to 300s
c ganak GIT revision: 33f36bcdd4a32f4f20f64e667de10d13d1377953
c ganak build env: CMAKE_CXX_COMPILER = /usr/bin/c++ | CMAKE_CXX_FLAGS =  -mtune=native -Wall -Wextra -Wunused -Wsign-compare -fno-omit-frame-pointer -Wtype-limits -Wuninitialized -Wno-deprecated -Wstrict-aliasing -Wpointer-arith -Wpointer-arith -Wformat-nonliteral -Winit-self -Wparentheses -Wunreachable-code -ggdb3 | COMPILE_DEFINES =  | STATICCOMPILE = OFF | ONLY_SIMPLE =  | Boost_FOUND =  | ZLIB_FOUND =  | ENABLE_TESTING =  | ENABLE_ASSERTIONS = ON | MY_TARGETS =  | compilation date time = Oct 29 2020 17:35:28
c Setting the timout to: 300
** AMH **
c Setting the timout to: 100000
c Outputting solution to console
c GANAK version 1.0.0
c time bound set to 300s
c ganak GIT revision: 33f36bcdd4a32f4f20f64e667de10d13d1377953
c ganak build env: CMAKE_CXX_COMPILER = /usr/bin/c++ | CMAKE_CXX_FLAGS =  -mtune=native -Wall -Wextra -Wunused -Wsign-compare -fno-omit-frame-pointer -Wtype-limits -Wuninitialized -Wno-deprecated -Wstrict-aliasing -Wpointer-arith -Wpointer-arith -Wformat-nonliteral -Winit-self -Wparentheses -Wunreachable-code -ggdb3 | COMPILE_DEFINES =  | STATICCOMPILE = OFF | ONLY_SIMPLE =  | Boost_FOUND =  | ZLIB_FOUND =  | ENABLE_TESTING =  | ENABLE_ASSERTIONS = ON | MY_TARGETS =  | compilation date time = Oct 29 2020 17:35:28
c Setting the timout to: 300
c Solving /experiments/results/nondet.c/04/counterSharp/amh.dimacs
c variables (all/used/free): 	2029/2029/0
c clauses (all/long/binary/unit): 9731/8135/1595/1
c Sampling set is present, performing projected model counting 
c Sampling set size: 32
c Sampling set:  2 3 4 5 6 7 8 9 10 11 12 13 14 15 16 17 18 19 20 21 22 23 24 25 26 27 28 29 30 31 32 33
c 
c Preprocessing ..
c DONE
c variables (all/used/free): 	2024/1992/32
c clauses (all/long/binary/unit): 9652/7990/1662/0
c Maximum cache size:	1024 MB
c 
c Max decision level :25
c Max decision level :50
c Doing Restart
** ASM **
c Setting the timout to: 100000
c Outputting solution to console
c GANAK version 1.0.0
c time bound set to 300s
c ganak GIT revision: 33f36bcdd4a32f4f20f64e667de10d13d1377953
c ganak build env: CMAKE_CXX_COMPILER = /usr/bin/c++ | CMAKE_CXX_FLAGS =  -mtune=native -Wall -Wextra -Wunused -Wsign-compare -fno-omit-frame-pointer -Wtype-limits -Wuninitialized -Wno-deprecated -Wstrict-aliasing -Wpointer-arith -Wpointer-arith -Wformat-nonliteral -Winit-self -Wparentheses -Wunreachable-code -ggdb3 | COMPILE_DEFINES =  | STATICCOMPILE = OFF | ONLY_SIMPLE =  | Boost_FOUND =  | ZLIB_FOUND =  | ENABLE_TESTING =  | ENABLE_ASSERTIONS = ON | MY_TARGETS =  | compilation date time = Oct 29 2020 17:35:28
c Setting the timout to: 300
c Solving /experiments/results/nondet.c/04/counterSharp/asm.dimacs
c variables (all/used/free): 	2030/2030/0
c clauses (all/long/binary/unit): 9734/8135/1597/2
c Sampling set is present, performing projected model counting 
c Sampling set size: 32
c Sampling set:  2 3 4 5 6 7 8 9 10 11 12 13 14 15 16 17 18 19 20 21 22 23 24 25 26 27 28 29 30 31 32 33
c 
c Preprocessing ..
c DONE
c variables (all/used/free): 	411/379/32
c clauses (all/long/binary/unit): 2027/526/1501/0
c Maximum cache size:	1024 MB
c 
c Max decision level :25
c Max decision level :50
c We have solved halfed
c We have solved halfed
c 
c 
c variables (total / active / free)	411/379/32
c clauses (removed) 			9734 (7707)
c decisions 				2240
c Max. decision level 			52
c conflicts 				0
c conflict clauses (all/bin/unit) 	64/29/0
c 
c failed literals found by implicit BCP 	 63
c implicit BCP miss rate 	 99.7515%
c bytes cache size     	20463356	
c bytes cache (overall) 	20463356
c bytes cache components (overall) 	228948
c bytes cache (infra / comps) 20234408/228948	
c bytes pure comp data (curr)    150148
c bytes pure comp data (overall) 150148
c bytes cache with sysoverh (curr)    355600
c bytes cache with sysoverh (overall) 355600
c cache (lookup / stores / hits) 			4783/2241/2543
c cache miss rate 46.8325%
c avg. variable count (stores / hits) 	53.8402/11.6445
c 
c 
c # solutions 
s pmc 4294967296
c # END
c 
c time: 0.06194s
** ASH **
c Setting the timout to: 100000
c Outputting solution to console
c GANAK version 1.0.0
c time bound set to 300s
c ganak GIT revision: 33f36bcdd4a32f4f20f64e667de10d13d1377953
c ganak build env: CMAKE_CXX_COMPILER = /usr/bin/c++ | CMAKE_CXX_FLAGS =  -mtune=native -Wall -Wextra -Wunused -Wsign-compare -fno-omit-frame-pointer -Wtype-limits -Wuninitialized -Wno-deprecated -Wstrict-aliasing -Wpointer-arith -Wpointer-arith -Wformat-nonliteral -Winit-self -Wparentheses -Wunreachable-code -ggdb3 | COMPILE_DEFINES =  | STATICCOMPILE = OFF | ONLY_SIMPLE =  | Boost_FOUND =  | ZLIB_FOUND =  | ENABLE_TESTING =  | ENABLE_ASSERTIONS = ON | MY_TARGETS =  | compilation date time = Oct 29 2020 17:35:28
c Setting the timout to: 300
c Solving /experiments/results/nondet.c/04/counterSharp/ash.dimacs
c variables (all/used/free): 	2030/2030/0
c clauses (all/long/binary/unit): 9734/8135/1597/2
c Sampling set is present, performing projected model counting 
c Sampling set size: 32
c Sampling set:  2 3 4 5 6 7 8 9 10 11 12 13 14 15 16 17 18 19 20 21 22 23 24 25 26 27 28 29 30 31 32 33
c 
c Preprocessing ..
c DONE
c variables (all/used/free): 	2021/1989/32
c clauses (all/long/binary/unit): 9633/7989/1644/0
c Maximum cache size:	1024 MB
c 
c Max decision level :25
c Max decision level :50
c Doing Restart
