** CON **
[runlim] version:		1.10
[runlim] time limit:		311040000 seconds
[runlim] real time limit:	300 seconds
[runlim] space limit:		2048 MB
[runlim] argv[0]:		ganak
[runlim] argv[1]:		-t
[runlim] argv[2]:		300
[runlim] argv[3]:		-cs
[runlim] argv[4]:		1024
[runlim] argv[5]:		-seed
[runlim] argv[6]:		05
[runlim] argv[7]:		/experiments/results/hhk2008-2.c/05/counterSharp/con.dimacs
[runlim] start:			Sun Nov  1 13:45:51 2020
[runlim] main pid:		5149
[runlim] sample:		10.0 time, 10.9 real, 50.8 MB
[runlim] sample:		20.0 time, 20.9 real, 50.8 MB
[runlim] sample:		30.0 time, 30.9 real, 50.8 MB
[runlim] sample:		40.0 time, 40.9 real, 50.8 MB
[runlim] sample:		50.0 time, 50.9 real, 50.8 MB
[runlim] sample:		60.0 time, 60.9 real, 50.8 MB
[runlim] sample:		70.0 time, 70.9 real, 50.8 MB
[runlim] sample:		80.0 time, 80.9 real, 51.1 MB
[runlim] sample:		90.0 time, 90.9 real, 51.1 MB
[runlim] sample:		100.0 time, 100.9 real, 51.1 MB
[runlim] end:			Sun Nov  1 13:47:38 2020
[runlim] status:		ok
[runlim] result:		0
[runlim] children:		0
[runlim] real:			107.58 seconds
[runlim] time:			106.68 seconds
[runlim] space:			51.1 MB
[runlim] samples:		1067
** AMM **
[runlim] version:		1.10
[runlim] time limit:		311040000 seconds
[runlim] real time limit:	300 seconds
[runlim] space limit:		2048 MB
[runlim] argv[0]:		ganak
[runlim] argv[1]:		-t
[runlim] argv[2]:		300
[runlim] argv[3]:		-cs
[runlim] argv[4]:		1024
[runlim] argv[5]:		-seed
[runlim] argv[6]:		05
[runlim] argv[7]:		/experiments/results/hhk2008-2.c/05/counterSharp/amm.dimacs
[runlim] start:			Sun Nov  1 13:47:38 2020
[runlim] main pid:		5151
[runlim] sample:		10.0 time, 10.6 real, 50.9 MB
[runlim] sample:		20.0 time, 20.6 real, 50.9 MB
[runlim] sample:		30.0 time, 30.6 real, 50.9 MB
[runlim] sample:		40.0 time, 40.6 real, 51.2 MB
[runlim] sample:		50.0 time, 50.6 real, 51.2 MB
[runlim] sample:		60.0 time, 60.6 real, 51.2 MB
[runlim] sample:		70.0 time, 70.6 real, 51.2 MB
[runlim] sample:		80.0 time, 80.6 real, 51.2 MB
[runlim] sample:		90.0 time, 90.6 real, 51.2 MB
[runlim] sample:		100.0 time, 100.6 real, 51.2 MB
[runlim] sample:		110.0 time, 110.6 real, 51.4 MB
[runlim] sample:		120.0 time, 120.6 real, 51.4 MB
[runlim] sample:		130.0 time, 130.6 real, 51.4 MB
[runlim] sample:		140.0 time, 140.6 real, 51.4 MB
[runlim] sample:		150.0 time, 150.6 real, 122.1 MB
[runlim] sample:		160.0 time, 160.6 real, 126.7 MB
[runlim] sample:		170.0 time, 170.6 real, 128.9 MB
[runlim] sample:		179.9 time, 180.6 real, 131.9 MB
[runlim] sample:		189.9 time, 190.6 real, 131.9 MB
[runlim] sample:		199.9 time, 200.6 real, 135.0 MB
[runlim] sample:		209.9 time, 210.6 real, 135.2 MB
[runlim] sample:		219.9 time, 220.6 real, 135.2 MB
[runlim] sample:		229.9 time, 230.6 real, 137.2 MB
[runlim] sample:		239.9 time, 240.6 real, 139.2 MB
[runlim] sample:		249.9 time, 250.6 real, 139.2 MB
[runlim] sample:		259.9 time, 260.6 real, 139.2 MB
[runlim] sample:		269.9 time, 270.6 real, 139.4 MB
[runlim] sample:		279.9 time, 280.6 real, 141.4 MB
[runlim] sample:		289.9 time, 290.6 real, 141.7 MB
[runlim] end:			Sun Nov  1 13:52:38 2020
[runlim] status:		out of time
[runlim] result:		2
[runlim] children:		0
[runlim] real:			300.10 seconds
[runlim] time:			299.42 seconds
[runlim] space:			141.7 MB
[runlim] samples:		2995
** AMH **
[runlim] version:		1.10
[runlim] time limit:		311040000 seconds
[runlim] real time limit:	300 seconds
[runlim] space limit:		2048 MB
[runlim] argv[0]:		ganak
[runlim] argv[1]:		-t
[runlim] argv[2]:		300
[runlim] argv[3]:		-cs
[runlim] argv[4]:		1024
[runlim] argv[5]:		-seed
[runlim] argv[6]:		05
[runlim] argv[7]:		/experiments/results/hhk2008-2.c/05/counterSharp/amh.dimacs
[runlim] start:			Sun Nov  1 13:52:38 2020
[runlim] main pid:		5153
[runlim] sample:		10.0 time, 10.1 real, 50.9 MB
[runlim] sample:		20.0 time, 20.1 real, 51.0 MB
[runlim] sample:		30.0 time, 30.1 real, 51.2 MB
[runlim] sample:		40.0 time, 40.1 real, 51.7 MB
[runlim] sample:		50.0 time, 50.1 real, 51.7 MB
[runlim] sample:		60.0 time, 60.1 real, 51.7 MB
[runlim] sample:		70.0 time, 70.1 real, 51.7 MB
[runlim] sample:		80.0 time, 80.1 real, 51.7 MB
[runlim] sample:		90.0 time, 90.1 real, 51.9 MB
[runlim] sample:		100.0 time, 100.1 real, 51.9 MB
[runlim] sample:		110.0 time, 110.1 real, 51.9 MB
[runlim] sample:		120.0 time, 120.1 real, 51.9 MB
[runlim] sample:		129.9 time, 130.1 real, 51.9 MB
[runlim] sample:		139.9 time, 140.1 real, 51.9 MB
[runlim] sample:		149.9 time, 150.1 real, 51.9 MB
[runlim] sample:		159.9 time, 160.1 real, 51.9 MB
[runlim] sample:		169.9 time, 170.1 real, 51.9 MB
[runlim] sample:		179.9 time, 180.1 real, 51.9 MB
[runlim] sample:		189.9 time, 190.1 real, 51.9 MB
[runlim] sample:		199.9 time, 200.1 real, 51.9 MB
[runlim] sample:		209.9 time, 210.1 real, 51.9 MB
[runlim] sample:		219.9 time, 220.1 real, 51.9 MB
[runlim] sample:		229.9 time, 230.1 real, 51.9 MB
[runlim] sample:		239.9 time, 240.1 real, 51.9 MB
[runlim] sample:		249.9 time, 250.1 real, 51.9 MB
[runlim] sample:		259.9 time, 260.1 real, 51.9 MB
[runlim] sample:		269.9 time, 270.1 real, 51.9 MB
[runlim] sample:		279.9 time, 280.1 real, 51.9 MB
[runlim] sample:		289.9 time, 290.1 real, 51.9 MB
[runlim] end:			Sun Nov  1 13:57:38 2020
[runlim] status:		out of time
[runlim] result:		2
[runlim] children:		0
[runlim] real:			300.03 seconds
[runlim] time:			299.84 seconds
[runlim] space:			51.9 MB
[runlim] samples:		2999
** ASM **
[runlim] version:		1.10
[runlim] time limit:		311040000 seconds
[runlim] real time limit:	300 seconds
[runlim] space limit:		2048 MB
[runlim] argv[0]:		ganak
[runlim] argv[1]:		-t
[runlim] argv[2]:		300
[runlim] argv[3]:		-cs
[runlim] argv[4]:		1024
[runlim] argv[5]:		-seed
[runlim] argv[6]:		05
[runlim] argv[7]:		/experiments/results/hhk2008-2.c/05/counterSharp/asm.dimacs
[runlim] start:			Sun Nov  1 13:57:38 2020
[runlim] main pid:		5155
[runlim] sample:		10.0 time, 10.0 real, 51.1 MB
[runlim] sample:		20.0 time, 20.0 real, 51.1 MB
[runlim] sample:		30.0 time, 30.0 real, 51.3 MB
[runlim] sample:		40.0 time, 40.0 real, 51.3 MB
[runlim] sample:		50.0 time, 50.0 real, 51.3 MB
[runlim] sample:		60.0 time, 60.0 real, 51.3 MB
[runlim] sample:		70.0 time, 70.0 real, 51.3 MB
[runlim] sample:		80.0 time, 80.0 real, 51.3 MB
[runlim] sample:		90.0 time, 90.0 real, 51.6 MB
[runlim] sample:		100.0 time, 100.0 real, 51.6 MB
[runlim] sample:		110.0 time, 110.0 real, 51.6 MB
[runlim] sample:		120.0 time, 120.0 real, 51.6 MB
[runlim] sample:		129.9 time, 130.0 real, 51.6 MB
[runlim] sample:		139.9 time, 140.0 real, 51.6 MB
[runlim] sample:		149.9 time, 150.0 real, 51.6 MB
[runlim] sample:		159.9 time, 160.0 real, 51.6 MB
[runlim] sample:		169.9 time, 170.0 real, 51.6 MB
[runlim] sample:		179.9 time, 180.0 real, 51.6 MB
[runlim] sample:		189.9 time, 190.0 real, 51.6 MB
[runlim] sample:		199.9 time, 200.0 real, 51.6 MB
[runlim] sample:		209.9 time, 210.0 real, 51.6 MB
[runlim] sample:		219.9 time, 220.0 real, 51.6 MB
[runlim] sample:		229.9 time, 230.0 real, 51.6 MB
[runlim] sample:		239.9 time, 240.0 real, 51.6 MB
[runlim] sample:		249.9 time, 250.0 real, 51.6 MB
[runlim] sample:		259.9 time, 260.0 real, 51.6 MB
[runlim] sample:		269.9 time, 270.0 real, 51.6 MB
[runlim] sample:		279.9 time, 280.0 real, 51.6 MB
[runlim] sample:		289.9 time, 290.0 real, 51.6 MB
[runlim] sample:		299.9 time, 300.0 real, 51.6 MB
[runlim] end:			Sun Nov  1 14:02:38 2020
[runlim] status:		out of time
[runlim] result:		2
[runlim] children:		0
[runlim] real:			300.05 seconds
[runlim] time:			299.94 seconds
[runlim] space:			51.6 MB
[runlim] samples:		3000
** ASH **
[runlim] version:		1.10
[runlim] time limit:		311040000 seconds
[runlim] real time limit:	300 seconds
[runlim] space limit:		2048 MB
[runlim] argv[0]:		ganak
[runlim] argv[1]:		-t
[runlim] argv[2]:		300
[runlim] argv[3]:		-cs
[runlim] argv[4]:		1024
[runlim] argv[5]:		-seed
[runlim] argv[6]:		05
[runlim] argv[7]:		/experiments/results/hhk2008-2.c/05/counterSharp/ash.dimacs
[runlim] start:			Sun Nov  1 14:02:38 2020
[runlim] main pid:		5157
[runlim] sample:		10.0 time, 10.1 real, 51.3 MB
[runlim] sample:		19.9 time, 20.1 real, 51.3 MB
[runlim] sample:		29.9 time, 30.1 real, 51.3 MB
[runlim] sample:		39.9 time, 40.1 real, 51.5 MB
[runlim] sample:		49.9 time, 50.1 real, 51.5 MB
[runlim] sample:		59.9 time, 60.1 real, 52.4 MB
[runlim] sample:		69.9 time, 70.1 real, 52.4 MB
[runlim] sample:		79.9 time, 80.1 real, 52.4 MB
[runlim] sample:		89.9 time, 90.1 real, 52.4 MB
[runlim] sample:		99.9 time, 100.1 real, 52.7 MB
[runlim] sample:		109.9 time, 110.1 real, 52.7 MB
[runlim] sample:		119.9 time, 120.1 real, 52.7 MB
[runlim] sample:		129.9 time, 130.1 real, 52.7 MB
[runlim] sample:		139.9 time, 140.1 real, 52.7 MB
[runlim] sample:		149.9 time, 150.1 real, 52.7 MB
[runlim] sample:		159.9 time, 160.1 real, 52.7 MB
[runlim] sample:		169.9 time, 170.1 real, 52.7 MB
[runlim] sample:		179.9 time, 180.1 real, 52.7 MB
[runlim] sample:		189.9 time, 190.1 real, 52.7 MB
[runlim] sample:		199.9 time, 200.1 real, 52.7 MB
[runlim] sample:		209.9 time, 210.1 real, 52.7 MB
[runlim] sample:		219.9 time, 220.1 real, 52.7 MB
[runlim] sample:		229.9 time, 230.1 real, 52.7 MB
[runlim] sample:		239.9 time, 240.1 real, 52.7 MB
[runlim] sample:		249.9 time, 250.1 real, 52.7 MB
[runlim] sample:		259.9 time, 260.1 real, 52.7 MB
[runlim] sample:		269.9 time, 270.1 real, 52.7 MB
[runlim] sample:		279.9 time, 280.1 real, 52.7 MB
[runlim] sample:		289.9 time, 290.1 real, 52.7 MB
[runlim] sample:		299.9 time, 300.1 real, 52.7 MB
[runlim] end:			Sun Nov  1 14:07:38 2020
[runlim] status:		out of time
[runlim] result:		2
[runlim] children:		0
[runlim] real:			300.07 seconds
[runlim] time:			299.91 seconds
[runlim] space:			52.7 MB
[runlim] samples:		3000
