** CON **
c ApproxMC SHA revision efa1667e4e09b2d5f2c61042efe377ce3107fdd3
c ApproxMC version 4.0.1
c ApproxMC compilation env CMAKE_CXX_COMPILER = /usr/bin/c++ | CMAKE_CXX_FLAGS =  -Wall -Wextra -Wunused -Wsign-compare -fno-omit-frame-pointer -Wtype-limits -Wuninitialized -Wno-deprecated -Wstrict-aliasing -Wpointer-arith -fvisibility=hidden -Wpointer-arith -Wformat-nonliteral -Winit-self -Wparentheses -Wunreachable-code -g -fvisibility=hidden -Wlogical-op -Wrestrict -Wnull-dereference -Wdouble-promotion -Wshadow -Wformat=2 -Wextra-semi -pedantic | COMPILE_DEFINES =  -DBOOST_TEST_DYN_LINK | STATICCOMPILE = OFF | Boost_FOUND = TRUE | ZLIB_FOUND = TRUE | VALGRIND_FOUND =  | GMP_FOUND = TRUE | ENABLE_ASSERTIONS = ON | MY_TARGETS =  | compilation date time = Aug  8 2022 16:18:18
c ApproxMC compiled with gcc version 9.4.0
c CryptoMiniSat version 5.11.0
c CMS Copyright (C) 2009-2020 Authors of CryptoMiniSat, see AUTHORS file
c CMS SHA revision 716b89be078f98fb615cf30a1f663b4903c08d9d
c CMS is MIT licensed
c Using VMTF code by Armin Biere from CaDiCaL
c Using Yalsat by Armin Biere, see Balint et al. Improving implementation of SLS solvers [...], SAT'14
c Using WalkSAT by Henry Kautz, see Kautz and Selman Pushing the envelope: planning, propositional logic, and stochastic search, AAAI'96,
c Using code from 'When Boolean Satisfiability Meets Gauss-E. in a Simplex Way'
c       by C.-S. Han and J.-H. Roland Jiang in CAV 2012. Fixes by M. Soos
c Using CCAnr from 'CCAnr: A Conf. Checking Based Local Search Solver [...]'
c       by Shaowei Cai, Chuan Luo, and Kaile Su, SAT 2015
c CMS compilation env CMAKE_CXX_COMPILER = /usr/bin/c++ | CMAKE_CXX_FLAGS =  -fvisibility=hidden -Wall -Wextra -Wunused -Wsign-compare -fno-omit-frame-pointer -Wtype-limits -Wuninitialized -Wno-deprecated -Wstrict-aliasing -Wpointer-arith -Wpointer-arith -Wformat-nonliteral -Winit-self -Wparentheses -Wunreachable-code -g -Wno-class-memaccess -mpopcnt -msse4.2 -ggdb3 -Wlogical-op -Wrestrict -Wnull-dereference -Wdouble-promotion -Wshadow -Wformat=2 -Wextra-semi -pedantic | COMPILE_DEFINES =  -DRDB0_ONLY_FEATURES -DBOOST_TEST_DYN_LINK -DUSE_ZLIB -DYALSAT_FPU | STATICCOMPILE = OFF | ONLY_SIMPLE = OFF | Boost_FOUND = TRUE | STATS = OFF | SQLITE3_FOUND = FALSE | ZLIB_FOUND = TRUE | VALGRIND_FOUND =  | ENABLE_TESTING = OFF | M4RI_FOUND =  | NOM4RI = ON | SLOW_DEBUG = OFF | ENABLE_ASSERTIONS = ON | PYTHON_EXECUTABLE =  | PYTHON_LIBRARY =  | PYTHON_INCLUDE_DIRS =  | MY_TARGETS =  | LARGEMEM = OFF | LIMITMEM = OFF | BREAKID_LIBRARIES =  | BREAKID-VER = . | BOSPHORUS_LIBRARIES =  | BOSPH-VER = . | compilation date time = Aug  8 2022 16:16:45
c CMS compiled with gcc version 9.4.0
c executed with command line: approxmc -s 01 /experiments/results/example1a.c/01/counterSharp/con.dimacs
c Arjun SHA revision 416b100492d00bc51dbe98963e981906ddb47d83
c -- header says num vars:          13605
c -- header says num clauses:       55328
c WARNING: Empty line at line number 55645 -- this is not part of the DIMACS specifications (http://www.satcompetition.org/2009/format-benchmarks2009.html). Ignoring.
c -- clauses added: 55328
c -- xor clauses added: 0
c -- vars added 13605
c Original sampling vars: 411 412 413 414 415 416 417 418 419 420 421 422 423 424 425 426 427 428 429 430 431 432 433 434 435 436 437 438 439 440 441 442 
c [appmc] Orig sampling vars size: 32
c --> Executing OCC strategy token(s): 'occ-xor,'
c [occ] mem usage for occur      2 MB
c [occ] Linked in IRRED BIN by default: 16281
c [occ] Linked in RED   BIN by default: 0
c [occ] mem usage for occur      0 MB
c Mem for watch alloc      : 1           MB (11.72     %)
c Mem for watch array      : 0           MB (6.07      %)
c --> Executing OCC strategy token: occ-xor
c [occ-xor] sort occur list T: 0.00
c [xor-clean-equiv] removed equivalent xors: 0 left with: 3133
c [occ-xor] found   3133 avg sz 3.0 min sz  3 max sz  3 T: 0.00 T-out: N T-r: 99.94%
c [occ] mem usage for occur      2 MB
c [occ] Linked in IRRED BIN by default: 16281
c [occ] Linked in RED   BIN by default: 0
c [occ] mem usage for occur      0 MB
c Mem for watch alloc      : 1           MB (10.68     %)
c Mem for watch array      : 0           MB (5.53      %)
c [occ-gates] found:  3132 avg-s: 2.0 T: 0.00 T-out: N T-r: 97.61%
c [occ] mem usage for occur      2 MB
c [occ] Linked in IRRED BIN by default: 16281
c [occ] Linked in RED   BIN by default: 0
c [occ] mem usage for occur      0 MB
c Mem for watch alloc      : 1           MB (10.69     %)
c Mem for watch array      : 0           MB (5.53      %)
c [arjun-simp] GATE-based Potential was: 0 Non-zero OCCs were: 0 removed: 0 perc: 0.00 T: 0.03
c [occ] mem usage for occur      2 MB
c [occ] Linked in IRRED BIN by default: 16281
c [occ] Linked in RED   BIN by default: 0
c [occ] mem usage for occur      0 MB
c Mem for watch alloc      : 1           MB (10.88     %)
c Mem for watch array      : 0           MB (5.63      %)
c [gate-definable] no-cls-match-filt: 0 pico ran: 31 unsat: 0 0-occ: 0 too-many-occ: 1 empty-res: 0
c [arjun-simp] IRREG-GATE-based removed: 0 perc: 0.00 T: 0.01
c [occ] mem usage for occur      2 MB
c [occ] Linked in IRRED BIN by default: 16281
c [occ] Linked in RED   BIN by default: 0
c [occ] mem usage for occur      0 MB
c Mem for watch alloc      : 1           MB (10.88     %)
c Mem for watch array      : 0           MB (5.63      %)
c [cms-equiv-sub] equiv_subformula: 0 empty_occ: 0 T: 0.00
c [arjun-simp] equiv-subform removed: 0 perc: 0.00 total equiv_subform now: 0 T: 0.00
c [arjun-simp] CMS::simplify() with no BVE, intree probe...
c [arjun-simp] CMS::simplify() with no BVE finished. T: 0.06
c [arjun-simp] Removed eq lits: 0 new size: 32
c [arjun-simp] Removed set       : 32 new size: 0
c [arjun] CNF is UNSAT, setting sampling set to empty
c [arjun] get_indep_set finished T: 0.15
c ind 0
c [arjun] final set size:            0 percent of original: 0.0000 %
c [arjun] of which empty occs:       0 percent of original: 0.0000 %
c [appmc+arjun] Total time: 0.1635
c [appmc] Number of solutions is: 0*2**0
s UNSATISFIABLE
s mc 0
** AMM **
c ApproxMC SHA revision efa1667e4e09b2d5f2c61042efe377ce3107fdd3
c ApproxMC version 4.0.1
c ApproxMC compilation env CMAKE_CXX_COMPILER = /usr/bin/c++ | CMAKE_CXX_FLAGS =  -Wall -Wextra -Wunused -Wsign-compare -fno-omit-frame-pointer -Wtype-limits -Wuninitialized -Wno-deprecated -Wstrict-aliasing -Wpointer-arith -fvisibility=hidden -Wpointer-arith -Wformat-nonliteral -Winit-self -Wparentheses -Wunreachable-code -g -fvisibility=hidden -Wlogical-op -Wrestrict -Wnull-dereference -Wdouble-promotion -Wshadow -Wformat=2 -Wextra-semi -pedantic | COMPILE_DEFINES =  -DBOOST_TEST_DYN_LINK | STATICCOMPILE = OFF | Boost_FOUND = TRUE | ZLIB_FOUND = TRUE | VALGRIND_FOUND =  | GMP_FOUND = TRUE | ENABLE_ASSERTIONS = ON | MY_TARGETS =  | compilation date time = Aug  8 2022 16:18:18
c ApproxMC compiled with gcc version 9.4.0
c CryptoMiniSat version 5.11.0
c CMS Copyright (C) 2009-2020 Authors of CryptoMiniSat, see AUTHORS file
c CMS SHA revision 716b89be078f98fb615cf30a1f663b4903c08d9d
c CMS is MIT licensed
c Using VMTF code by Armin Biere from CaDiCaL
c Using Yalsat by Armin Biere, see Balint et al. Improving implementation of SLS solvers [...], SAT'14
c Using WalkSAT by Henry Kautz, see Kautz and Selman Pushing the envelope: planning, propositional logic, and stochastic search, AAAI'96,
c Using code from 'When Boolean Satisfiability Meets Gauss-E. in a Simplex Way'
c       by C.-S. Han and J.-H. Roland Jiang in CAV 2012. Fixes by M. Soos
c Using CCAnr from 'CCAnr: A Conf. Checking Based Local Search Solver [...]'
c       by Shaowei Cai, Chuan Luo, and Kaile Su, SAT 2015
c CMS compilation env CMAKE_CXX_COMPILER = /usr/bin/c++ | CMAKE_CXX_FLAGS =  -fvisibility=hidden -Wall -Wextra -Wunused -Wsign-compare -fno-omit-frame-pointer -Wtype-limits -Wuninitialized -Wno-deprecated -Wstrict-aliasing -Wpointer-arith -Wpointer-arith -Wformat-nonliteral -Winit-self -Wparentheses -Wunreachable-code -g -Wno-class-memaccess -mpopcnt -msse4.2 -ggdb3 -Wlogical-op -Wrestrict -Wnull-dereference -Wdouble-promotion -Wshadow -Wformat=2 -Wextra-semi -pedantic | COMPILE_DEFINES =  -DRDB0_ONLY_FEATURES -DBOOST_TEST_DYN_LINK -DUSE_ZLIB -DYALSAT_FPU | STATICCOMPILE = OFF | ONLY_SIMPLE = OFF | Boost_FOUND = TRUE | STATS = OFF | SQLITE3_FOUND = FALSE | ZLIB_FOUND = TRUE | VALGRIND_FOUND =  | ENABLE_TESTING = OFF | M4RI_FOUND =  | NOM4RI = ON | SLOW_DEBUG = OFF | ENABLE_ASSERTIONS = ON | PYTHON_EXECUTABLE =  | PYTHON_LIBRARY =  | PYTHON_INCLUDE_DIRS =  | MY_TARGETS =  | LARGEMEM = OFF | LIMITMEM = OFF | BREAKID_LIBRARIES =  | BREAKID-VER = . | BOSPHORUS_LIBRARIES =  | BOSPH-VER = . | compilation date time = Aug  8 2022 16:16:45
c CMS compiled with gcc version 9.4.0
c executed with command line: approxmc -s 01 /experiments/results/example1a.c/01/counterSharp/amm.dimacs
c Arjun SHA revision 416b100492d00bc51dbe98963e981906ddb47d83
c -- header says num vars:          13496
c -- header says num clauses:       54961
c WARNING: Empty line at line number 55280 -- this is not part of the DIMACS specifications (http://www.satcompetition.org/2009/format-benchmarks2009.html). Ignoring.
c -- clauses added: 54961
c -- xor clauses added: 0
c -- vars added 13496
c Original sampling vars: 207 208 209 210 211 212 213 214 215 216 217 218 219 220 221 222 223 224 225 226 227 228 229 230 231 232 233 234 235 236 237 238 
c [appmc] Orig sampling vars size: 32
c --> Executing OCC strategy token(s): 'occ-xor,'
c [occ] mem usage for occur      2 MB
c [occ] Linked in IRRED BIN by default: 13381
c [occ] Linked in RED   BIN by default: 0
c [occ] mem usage for occur      1 MB
c Mem for watch alloc      : 1           MB (12.58     %)
c Mem for watch array      : 0           MB (5.90      %)
c --> Executing OCC strategy token: occ-xor
c [occ-xor] sort occur list T: 0.00
c [xor-clean-equiv] removed equivalent xors: 0 left with: 3268
c [occ-xor] found   3268 avg sz 3.0 min sz  3 max sz  3 T: 0.01 T-out: N T-r: 99.90%
c [occ] mem usage for occur      2 MB
c [occ] Linked in IRRED BIN by default: 13381
c [occ] Linked in RED   BIN by default: 0
c [occ] mem usage for occur      1 MB
c Mem for watch alloc      : 1           MB (11.55     %)
c Mem for watch array      : 0           MB (5.42      %)
c [occ-gates] found:  3267 avg-s: 2.0 T: 0.00 T-out: N T-r: 96.95%
c [occ] mem usage for occur      2 MB
c [occ] Linked in IRRED BIN by default: 13381
c [occ] Linked in RED   BIN by default: 0
c [occ] mem usage for occur      1 MB
c Mem for watch alloc      : 1           MB (11.56     %)
c Mem for watch array      : 0           MB (5.42      %)
c [arjun-simp] GATE-based Potential was: 0 Non-zero OCCs were: 0 removed: 0 perc: 0.00 T: 0.04
c [occ] mem usage for occur      2 MB
c [occ] Linked in IRRED BIN by default: 13381
c [occ] Linked in RED   BIN by default: 0
c [occ] mem usage for occur      1 MB
c Mem for watch alloc      : 1           MB (11.86     %)
c Mem for watch array      : 0           MB (5.56      %)
c [gate-definable] no-cls-match-filt: 31 pico ran: 0 unsat: 0 0-occ: 0 too-many-occ: 1 empty-res: 0
c [arjun-simp] IRREG-GATE-based removed: 0 perc: 0.00 T: 0.01
c [occ] mem usage for occur      2 MB
c [occ] Linked in IRRED BIN by default: 13381
c [occ] Linked in RED   BIN by default: 0
c [occ] mem usage for occur      1 MB
c Mem for watch alloc      : 1           MB (11.86     %)
c Mem for watch array      : 0           MB (5.56      %)
c [cms-equiv-sub] equiv_subformula: 0 empty_occ: 0 T: 0.00
c [arjun-simp] equiv-subform removed: 0 perc: 0.00 total equiv_subform now: 0 T: 0.01
c [arjun-simp] CMS::simplify() with no BVE, intree probe...
c [arjun-simp] CMS::simplify() with no BVE finished. T: 0.10
c [arjun-simp] Removed eq lits: 0 new size: 32
c [arjun-simp] Removed set       : 0 new size: 32
c [arjun-simp] Removed set       : 0 new size: 32
c [arjun-simp] Removed eq lits: 0 new size: 32
c [arjun-simp] probe removed: 0 perc: 0.00 T: 0.02
c [occ] mem usage for occur      2 MB
c [occ] Linked in IRRED BIN by default: 16199
c [occ] Linked in RED   BIN by default: 69
c [occ] mem usage for occur      0 MB
c Mem for watch alloc      : 2           MB (13.78     %)
c Mem for watch array      : 0           MB (3.72      %)
c [cms-equiv-sub] equiv_subformula: 0 empty_occ: 0 T: 0.00
c [arjun-simp] equiv-subform removed: 0 perc: 0.00 total equiv_subform now: 0 T: 0.02
c [arjun-simp] IRREG-GATE-based removed: 0 perc: 0.00 T: 0.03
c [arjun] simplification finished  removed: 0 perc: 0.00 T: 0.24
c [arjun] Duplicating CNF...
c [arjun] Duplicated CNF. T: 0.04
c [arjun] CMS::simplify() with *only* BVE...
c [arjun] CMS::simplify() with *only* BVE finished. T: 2.19
c [arjun] Adding fixed clauses time: 0.00
c [arjun] Start unknown size: 32
c [arjun] backward round finished T: 0.00
c [arjun] get_indep_set finished T: 2.47
c ind 13463 13462 13461 13460 13459 13458 13457 13456 13455 13454 13453 13452 13451 13450 13449 13448 13447 13446 13445 13444 13443 13442 13441 13440 13439 13438 13437 13436 13435 13434 13464 13401 0
c [arjun] final set size:           32 percent of original: 100.0000 %
c [arjun] of which empty occs:       0 percent of original: 0.0000 %
c [appmc] Sampling set size: 32
c [appmc] Sampling set: 13401, 13434, 13435, 13436, 13437, 13438, 13439, 13440, 13441, 13442, 13443, 13444, 13445, 13446, 13447, 13448, 13449, 13450, 13451, 13452, 13453, 13454, 13455, 13456, 13457, 13458, 13459, 13460, 13461, 13462, 13463, 13464, 
c [appmc] threshold set to 72 sparse: 0
c [appmc] Starting up, initial measurement
c [appmc] Checking if there are at least threshold+1 solutions...
c [appmc] simplifying
c [appmc] [    1.35 ] bounded_sol_count looking for   73 solutions -- hashes active: 0
c [appmc] repeat solutions:      0 checked:      0 out of:      0
c [appmc] Starting at hash count: 1
c [appmc] [    1.35 ] round:  0 hashes:      1
c [appmc] [    1.35 ] bounded_sol_count looking for   73 solutions -- hashes active: 1
c [appmc] repeat solutions:     36 checked:     73 out of:     73
c [appmc] [    1.36 ] round:  0 hashes:      2
c [appmc] [    1.36 ] bounded_sol_count looking for   73 solutions -- hashes active: 2
c [appmc] repeat solutions:     36 checked:    110 out of:    110
c [appmc] [    1.36 ] round:  0 hashes:      4
c [appmc] [    1.36 ] bounded_sol_count looking for   73 solutions -- hashes active: 4
c [appmc] repeat solutions:     19 checked:    147 out of:    147
c [appmc] [    1.37 ] round:  0 hashes:      8
c [appmc] [    1.37 ] bounded_sol_count looking for   73 solutions -- hashes active: 8
c [appmc] repeat solutions:      5 checked:    201 out of:    201
c [appmc] [    1.38 ] round:  0 hashes:     16
c [appmc] [    1.38 ] bounded_sol_count looking for   73 solutions -- hashes active: 16
c [appmc] repeat solutions:      0 checked:    269 out of:    269
c [appmc] [    1.39 ] round:  0 hashes:     24
c [appmc] [    1.39 ] bounded_sol_count looking for   73 solutions -- hashes active: 24
c [appmc] repeat solutions:      1 checked:    342 out of:    342
c [appmc] [    1.40 ] round:  0 hashes:     28
c [appmc] [    1.40 ] bounded_sol_count looking for   73 solutions -- hashes active: 28
c [appmc] repeat solutions:      6 checked:    414 out of:    414
c [appmc] [    1.41 ] round:  0 hashes:     26
c [appmc] [    1.41 ] bounded_sol_count looking for   73 solutions -- hashes active: 26
c [appmc] repeat solutions:     28 checked:    414 out of:    424
c [appmc] [    1.41 ] round:  0 hashes:     25
c [appmc] [    1.41 ] bounded_sol_count looking for   73 solutions -- hashes active: 25
c [appmc] repeat solutions:     83 checked:    414 out of:    460
c [appmc] simplifying
c [appmc] [    1.42 ] round:  1 hashes:     26
c [appmc] [    1.42 ] bounded_sol_count looking for   73 solutions -- hashes active: 26
c [appmc] repeat solutions:      0 checked:     73 out of:     73
c [appmc] [    1.43 ] round:  1 hashes:     25
c [appmc] [    1.43 ] bounded_sol_count looking for   73 solutions -- hashes active: 25
c [appmc] repeat solutions:     64 checked:     73 out of:    137
c [appmc] simplifying
c [appmc] [    1.44 ] round:  2 hashes:     26
c [appmc] [    1.44 ] bounded_sol_count looking for   73 solutions -- hashes active: 26
c [appmc] repeat solutions:      0 checked:     73 out of:     73
c [appmc] [    1.45 ] round:  2 hashes:     25
c [appmc] [    1.45 ] bounded_sol_count looking for   73 solutions -- hashes active: 25
c [appmc] repeat solutions:     64 checked:     73 out of:    137
c [appmc] simplifying
c [appmc] [    1.46 ] round:  3 hashes:     26
c [appmc] [    1.46 ] bounded_sol_count looking for   73 solutions -- hashes active: 26
c [appmc] repeat solutions:      0 checked:     73 out of:     73
c [appmc] [    1.47 ] round:  3 hashes:     25
c [appmc] [    1.47 ] bounded_sol_count looking for   73 solutions -- hashes active: 25
c [appmc] repeat solutions:     64 checked:     73 out of:    137
c [appmc] simplifying
c [appmc] [    1.48 ] round:  4 hashes:     26
c [appmc] [    1.48 ] bounded_sol_count looking for   73 solutions -- hashes active: 26
c [appmc] repeat solutions:      0 checked:     73 out of:     73
c [appmc] [    1.49 ] round:  4 hashes:     25
c [appmc] [    1.49 ] bounded_sol_count looking for   73 solutions -- hashes active: 25
c [appmc] repeat solutions:     64 checked:     73 out of:    137
c [appmc] simplifying
c [appmc] [    1.50 ] round:  5 hashes:     26
c [appmc] [    1.50 ] bounded_sol_count looking for   73 solutions -- hashes active: 26
c [appmc] repeat solutions:      0 checked:     73 out of:     73
c [appmc] [    1.51 ] round:  5 hashes:     25
c [appmc] [    1.51 ] bounded_sol_count looking for   73 solutions -- hashes active: 25
c [appmc] repeat solutions:     64 checked:     73 out of:    137
c [appmc] simplifying
c [appmc] [    1.52 ] round:  6 hashes:     26
c [appmc] [    1.52 ] bounded_sol_count looking for   73 solutions -- hashes active: 26
c [appmc] repeat solutions:      0 checked:     73 out of:     73
c [appmc] [    1.53 ] round:  6 hashes:     25
c [appmc] [    1.53 ] bounded_sol_count looking for   73 solutions -- hashes active: 25
c [appmc] repeat solutions:     64 checked:     73 out of:    137
c [appmc] simplifying
c [appmc] [    1.54 ] round:  7 hashes:     26
c [appmc] [    1.54 ] bounded_sol_count looking for   73 solutions -- hashes active: 26
c [appmc] repeat solutions:      0 checked:     73 out of:     73
c [appmc] [    1.55 ] round:  7 hashes:     25
c [appmc] [    1.55 ] bounded_sol_count looking for   73 solutions -- hashes active: 25
c [appmc] repeat solutions:     64 checked:     73 out of:    137
c [appmc] simplifying
c [appmc] [    1.56 ] round:  8 hashes:     26
c [appmc] [    1.56 ] bounded_sol_count looking for   73 solutions -- hashes active: 26
c [appmc] repeat solutions:      0 checked:     73 out of:     73
c [appmc] [    1.57 ] round:  8 hashes:     25
c [appmc] [    1.57 ] bounded_sol_count looking for   73 solutions -- hashes active: 25
c [appmc] repeat solutions:     64 checked:     73 out of:    137
c [appmc] ApproxMC T: 1.57 s
c ------- FINAL TOTAL SEARCH STATS ---------
c UIP search time          : 0.04        (0.94      % time)
c restarts                 : 1054        (1.06      confls per restart)
c blocked restarts         : 0           (0.00      per normal restart)
c time                     : 0.04        
c decisions                : 147682      (0.00      % random)
c propagations             : 213K        (5521K     props/s)
c decisions/conflicts      : 132.57      
c conflicts                : 1114        
c conf lits non-minim      : 43244       (38.82     lit/confl)
c conf lits final          : 30.59       
c red which0               : 0           (0.00      % of confl)
c props/decision           : 0.00        
c props/conflict           : 0.00        
c 0-depth assigns          : 236         (96.72     % vars)
c 0-depth assigns by CNF   : 236         (96.72     % vars)
c reduceDB time            : 0.00        (0.00      % time)
c OccSimplifier time       : 1.46        (35.56     % time)
c [occur] 0.02 is overhead
c [occur] link-in T: 0.02 cleanup T: 0.00
c [occ-substr] long subBySub: 3843 subByStr: 14697 lits-rem-str: 24633 T: 1.38
c SCC time                 : 0.00        (0.06      % time)
c [scc] new: 222 BP 0M  T: 0.00
c vrep replace time        : 0.00        (0.10      % time)
c vrep tree roots          : 156         
c vrep trees' crown        : 222         (1.42      leafs/tree)
c distill long time        : 0.00        (0.00      % time)
c distill bin time         : 0.00        (0.00      % time)
c strength cache-irred time: 0.00        (0.00      % time)
c strength cache-red time  : 0.00        (0.00      % time)
c avg cls in red 0         : 0.00        
c avg cls in red 1         : 40.49       
c avg cls in red 2         : 118.58      
c Conflicts in UIP         : 1114        (270.53    confl/time_this_thread)
c Max Memory (rss) used    : 42500 kB    
c Total time (this thread) : 4.12        
c [appmc+arjun] Total time: 4.12
c [appmc] Number of solutions is: 64*2**26
s SATISFIABLE
s mc 4294967296
** AMH **
c ApproxMC SHA revision efa1667e4e09b2d5f2c61042efe377ce3107fdd3
c ApproxMC version 4.0.1
c ApproxMC compilation env CMAKE_CXX_COMPILER = /usr/bin/c++ | CMAKE_CXX_FLAGS =  -Wall -Wextra -Wunused -Wsign-compare -fno-omit-frame-pointer -Wtype-limits -Wuninitialized -Wno-deprecated -Wstrict-aliasing -Wpointer-arith -fvisibility=hidden -Wpointer-arith -Wformat-nonliteral -Winit-self -Wparentheses -Wunreachable-code -g -fvisibility=hidden -Wlogical-op -Wrestrict -Wnull-dereference -Wdouble-promotion -Wshadow -Wformat=2 -Wextra-semi -pedantic | COMPILE_DEFINES =  -DBOOST_TEST_DYN_LINK | STATICCOMPILE = OFF | Boost_FOUND = TRUE | ZLIB_FOUND = TRUE | VALGRIND_FOUND =  | GMP_FOUND = TRUE | ENABLE_ASSERTIONS = ON | MY_TARGETS =  | compilation date time = Aug  8 2022 16:18:18
c ApproxMC compiled with gcc version 9.4.0
c CryptoMiniSat version 5.11.0
c CMS Copyright (C) 2009-2020 Authors of CryptoMiniSat, see AUTHORS file
c CMS SHA revision 716b89be078f98fb615cf30a1f663b4903c08d9d
c CMS is MIT licensed
c Using VMTF code by Armin Biere from CaDiCaL
c Using Yalsat by Armin Biere, see Balint et al. Improving implementation of SLS solvers [...], SAT'14
c Using WalkSAT by Henry Kautz, see Kautz and Selman Pushing the envelope: planning, propositional logic, and stochastic search, AAAI'96,
c Using code from 'When Boolean Satisfiability Meets Gauss-E. in a Simplex Way'
c       by C.-S. Han and J.-H. Roland Jiang in CAV 2012. Fixes by M. Soos
c Using CCAnr from 'CCAnr: A Conf. Checking Based Local Search Solver [...]'
c       by Shaowei Cai, Chuan Luo, and Kaile Su, SAT 2015
c CMS compilation env CMAKE_CXX_COMPILER = /usr/bin/c++ | CMAKE_CXX_FLAGS =  -fvisibility=hidden -Wall -Wextra -Wunused -Wsign-compare -fno-omit-frame-pointer -Wtype-limits -Wuninitialized -Wno-deprecated -Wstrict-aliasing -Wpointer-arith -Wpointer-arith -Wformat-nonliteral -Winit-self -Wparentheses -Wunreachable-code -g -Wno-class-memaccess -mpopcnt -msse4.2 -ggdb3 -Wlogical-op -Wrestrict -Wnull-dereference -Wdouble-promotion -Wshadow -Wformat=2 -Wextra-semi -pedantic | COMPILE_DEFINES =  -DRDB0_ONLY_FEATURES -DBOOST_TEST_DYN_LINK -DUSE_ZLIB -DYALSAT_FPU | STATICCOMPILE = OFF | ONLY_SIMPLE = OFF | Boost_FOUND = TRUE | STATS = OFF | SQLITE3_FOUND = FALSE | ZLIB_FOUND = TRUE | VALGRIND_FOUND =  | ENABLE_TESTING = OFF | M4RI_FOUND =  | NOM4RI = ON | SLOW_DEBUG = OFF | ENABLE_ASSERTIONS = ON | PYTHON_EXECUTABLE =  | PYTHON_LIBRARY =  | PYTHON_INCLUDE_DIRS =  | MY_TARGETS =  | LARGEMEM = OFF | LIMITMEM = OFF | BREAKID_LIBRARIES =  | BREAKID-VER = . | BOSPHORUS_LIBRARIES =  | BOSPH-VER = . | compilation date time = Aug  8 2022 16:16:45
c CMS compiled with gcc version 9.4.0
c executed with command line: approxmc -s 01 /experiments/results/example1a.c/01/counterSharp/amh.dimacs
c Arjun SHA revision 416b100492d00bc51dbe98963e981906ddb47d83
c -- header says num vars:          13496
c -- header says num clauses:       54961
c WARNING: Empty line at line number 55280 -- this is not part of the DIMACS specifications (http://www.satcompetition.org/2009/format-benchmarks2009.html). Ignoring.
c -- clauses added: 54961
c -- xor clauses added: 0
c -- vars added 13496
c Original sampling vars: 207 208 209 210 211 212 213 214 215 216 217 218 219 220 221 222 223 224 225 226 227 228 229 230 231 232 233 234 235 236 237 238 
c [appmc] Orig sampling vars size: 32
c --> Executing OCC strategy token(s): 'occ-xor,'
c [occ] mem usage for occur      2 MB
c [occ] Linked in IRRED BIN by default: 18501
c [occ] Linked in RED   BIN by default: 0
c [occ] mem usage for occur      1 MB
c Mem for watch alloc      : 1           MB (13.08     %)
c Mem for watch array      : 0           MB (5.99      %)
c --> Executing OCC strategy token: occ-xor
c [occ-xor] sort occur list T: 0.00
c [xor-clean-equiv] removed equivalent xors: 0 left with: 3267
c [occ-xor] found   3267 avg sz 3.0 min sz  3 max sz  3 T: 0.01 T-out: N T-r: 99.90%
c [occ] mem usage for occur      2 MB
c [occ] Linked in IRRED BIN by default: 18501
c [occ] Linked in RED   BIN by default: 0
c [occ] mem usage for occur      1 MB
c Mem for watch alloc      : 1           MB (11.95     %)
c Mem for watch array      : 0           MB (5.47      %)
c [occ-gates] found:  3268 avg-s: 2.0 T: 0.00 T-out: N T-r: 96.54%
c [occ] mem usage for occur      2 MB
c [occ] Linked in IRRED BIN by default: 18501
c [occ] Linked in RED   BIN by default: 0
c [occ] mem usage for occur      1 MB
c Mem for watch alloc      : 1           MB (11.96     %)
c Mem for watch array      : 0           MB (5.47      %)
c [arjun-simp] GATE-based Potential was: 0 Non-zero OCCs were: 0 removed: 0 perc: 0.00 T: 0.08
c [occ] mem usage for occur      2 MB
c [occ] Linked in IRRED BIN by default: 18501
c [occ] Linked in RED   BIN by default: 0
c [occ] mem usage for occur      1 MB
c Mem for watch alloc      : 1           MB (12.27     %)
c Mem for watch array      : 0           MB (5.62      %)
c [gate-definable] no-cls-match-filt: 0 pico ran: 31 unsat: 0 0-occ: 0 too-many-occ: 1 empty-res: 0
c [arjun-simp] IRREG-GATE-based removed: 0 perc: 0.00 T: 0.02
c [occ] mem usage for occur      2 MB
c [occ] Linked in IRRED BIN by default: 18501
c [occ] Linked in RED   BIN by default: 0
c [occ] mem usage for occur      1 MB
c Mem for watch alloc      : 1           MB (12.27     %)
c Mem for watch array      : 0           MB (5.62      %)
c [cms-equiv-sub] equiv_subformula: 0 empty_occ: 0 T: 0.00
c [arjun-simp] equiv-subform removed: 0 perc: 0.00 total equiv_subform now: 0 T: 0.01
c [arjun-simp] CMS::simplify() with no BVE, intree probe...
c [arjun-simp] CMS::simplify() with no BVE finished. T: 0.16
c [arjun-simp] Removed eq lits: 0 new size: 32
c [arjun-simp] Removed set       : 28 new size: 4
c [arjun-simp] Removed set       : 0 new size: 4
c [arjun-simp] Removed eq lits: 0 new size: 4
c [arjun-simp] probe removed: 0 perc: 0.00 T: 0.02
c [occ] mem usage for occur      2 MB
c [occ] Linked in IRRED BIN by default: 18530
c [occ] Linked in RED   BIN by default: 726
c [occ] mem usage for occur      0 MB
c Mem for watch alloc      : 2           MB (14.77     %)
c Mem for watch array      : 0           MB (3.73      %)
c [cms-equiv-sub] equiv_subformula: 0 empty_occ: 0 T: 0.00
c [arjun-simp] equiv-subform removed: 0 perc: 0.00 total equiv_subform now: 0 T: 0.02
c [arjun-simp] IRREG-GATE-based removed: 0 perc: 0.00 T: 0.01
c [arjun] simplification finished  removed: 28 perc: 87.50 T: 0.48
c [arjun] Duplicating CNF...
c [arjun] Duplicated CNF. T: 0.02
c [arjun] CMS::simplify() with *only* BVE...
c [arjun] CMS::simplify() with *only* BVE finished. T: 2.81
c [arjun] Adding fixed clauses time: 0.00
c [arjun] Start unknown size: 4
c [arjun] backward round finished T: 0.02
c [arjun] get_indep_set finished T: 3.32
c ind 13436 13435 13434 13401 0
c [arjun] final set size:            4 percent of original: 12.5000 %
c [arjun] of which empty occs:       0 percent of original: 0.0000 %
c [appmc] Sampling set size: 4
c [appmc] Sampling set: 13401, 13434, 13435, 13436, 
c [appmc] threshold set to 72 sparse: 0
c [appmc] Starting up, initial measurement
c [appmc] Checking if there are at least threshold+1 solutions...
c [appmc] simplifying
c [appmc] [    1.51 ] bounded_sol_count looking for   73 solutions -- hashes active: 0
c [appmc] repeat solutions:      0 checked:      0 out of:      0
c [appmc] Did not find at least threshold+1 (72) we found only 10, i.e. we got exact count
c [appmc] ApproxMC T: 1.54 s
c ------- FINAL TOTAL SEARCH STATS ---------
c UIP search time          : 0.02        (0.41      % time)
c restarts                 : 11          (1.91      confls per restart)
c blocked restarts         : 0           (0.00      per normal restart)
c time                     : 0.02        
c decisions                : 162         (0.00      % random)
c propagations             : 44K         (2218K     props/s)
c decisions/conflicts      : 7.71        
c conflicts                : 21          
c conf lits non-minim      : 82          (3.90      lit/confl)
c conf lits final          : 3.76        
c red which0               : 9           (42.86     % of confl)
c props/decision           : 0.00        
c props/conflict           : 0.00        
c 0-depth assigns          : 2071        (55.27     % vars)
c 0-depth assigns by CNF   : 2070        (55.24     % vars)
c reduceDB time            : 0.00        (0.00      % time)
c OccSimplifier time       : 0.27        (5.48      % time)
c [occur] 0.02 is overhead
c [occur] link-in T: 0.02 cleanup T: 0.00
c [occ-substr] long subBySub: 1184 subByStr: 1016 lits-rem-str: 5032 T: 0.16
c SCC time                 : 0.00        (0.10      % time)
c [scc] new: 1774 BP 0M  T: 0.00
c vrep replace time        : 0.00        (0.08      % time)
c vrep tree roots          : 264         
c vrep trees' crown        : 1142        (4.33      leafs/tree)
c distill long time        : 0.00        (0.00      % time)
c distill bin time         : 0.00        (0.00      % time)
c strength cache-irred time: 0.00        (0.00      % time)
c strength cache-red time  : 0.00        (0.00      % time)
c avg cls in red 0         : 4.05        
c avg cls in red 1         : 3127.81     
c avg cls in red 2         : 0.00        
c Conflicts in UIP         : 21          (4.25      confl/time_this_thread)
c Max Memory (rss) used    : 41452 kB    
c Total time (this thread) : 4.94        
c [appmc+arjun] Total time: 4.94
c [appmc] Number of solutions is: 10*2**0
s SATISFIABLE
s mc 10
** ASM **
c ApproxMC SHA revision efa1667e4e09b2d5f2c61042efe377ce3107fdd3
c ApproxMC version 4.0.1
c ApproxMC compilation env CMAKE_CXX_COMPILER = /usr/bin/c++ | CMAKE_CXX_FLAGS =  -Wall -Wextra -Wunused -Wsign-compare -fno-omit-frame-pointer -Wtype-limits -Wuninitialized -Wno-deprecated -Wstrict-aliasing -Wpointer-arith -fvisibility=hidden -Wpointer-arith -Wformat-nonliteral -Winit-self -Wparentheses -Wunreachable-code -g -fvisibility=hidden -Wlogical-op -Wrestrict -Wnull-dereference -Wdouble-promotion -Wshadow -Wformat=2 -Wextra-semi -pedantic | COMPILE_DEFINES =  -DBOOST_TEST_DYN_LINK | STATICCOMPILE = OFF | Boost_FOUND = TRUE | ZLIB_FOUND = TRUE | VALGRIND_FOUND =  | GMP_FOUND = TRUE | ENABLE_ASSERTIONS = ON | MY_TARGETS =  | compilation date time = Aug  8 2022 16:18:18
c ApproxMC compiled with gcc version 9.4.0
c CryptoMiniSat version 5.11.0
c CMS Copyright (C) 2009-2020 Authors of CryptoMiniSat, see AUTHORS file
c CMS SHA revision 716b89be078f98fb615cf30a1f663b4903c08d9d
c CMS is MIT licensed
c Using VMTF code by Armin Biere from CaDiCaL
c Using Yalsat by Armin Biere, see Balint et al. Improving implementation of SLS solvers [...], SAT'14
c Using WalkSAT by Henry Kautz, see Kautz and Selman Pushing the envelope: planning, propositional logic, and stochastic search, AAAI'96,
c Using code from 'When Boolean Satisfiability Meets Gauss-E. in a Simplex Way'
c       by C.-S. Han and J.-H. Roland Jiang in CAV 2012. Fixes by M. Soos
c Using CCAnr from 'CCAnr: A Conf. Checking Based Local Search Solver [...]'
c       by Shaowei Cai, Chuan Luo, and Kaile Su, SAT 2015
c CMS compilation env CMAKE_CXX_COMPILER = /usr/bin/c++ | CMAKE_CXX_FLAGS =  -fvisibility=hidden -Wall -Wextra -Wunused -Wsign-compare -fno-omit-frame-pointer -Wtype-limits -Wuninitialized -Wno-deprecated -Wstrict-aliasing -Wpointer-arith -Wpointer-arith -Wformat-nonliteral -Winit-self -Wparentheses -Wunreachable-code -g -Wno-class-memaccess -mpopcnt -msse4.2 -ggdb3 -Wlogical-op -Wrestrict -Wnull-dereference -Wdouble-promotion -Wshadow -Wformat=2 -Wextra-semi -pedantic | COMPILE_DEFINES =  -DRDB0_ONLY_FEATURES -DBOOST_TEST_DYN_LINK -DUSE_ZLIB -DYALSAT_FPU | STATICCOMPILE = OFF | ONLY_SIMPLE = OFF | Boost_FOUND = TRUE | STATS = OFF | SQLITE3_FOUND = FALSE | ZLIB_FOUND = TRUE | VALGRIND_FOUND =  | ENABLE_TESTING = OFF | M4RI_FOUND =  | NOM4RI = ON | SLOW_DEBUG = OFF | ENABLE_ASSERTIONS = ON | PYTHON_EXECUTABLE =  | PYTHON_LIBRARY =  | PYTHON_INCLUDE_DIRS =  | MY_TARGETS =  | LARGEMEM = OFF | LIMITMEM = OFF | BREAKID_LIBRARIES =  | BREAKID-VER = . | BOSPHORUS_LIBRARIES =  | BOSPH-VER = . | compilation date time = Aug  8 2022 16:16:45
c CMS compiled with gcc version 9.4.0
c executed with command line: approxmc -s 01 /experiments/results/example1a.c/01/counterSharp/asm.dimacs
c Arjun SHA revision 416b100492d00bc51dbe98963e981906ddb47d83
c -- header says num vars:          13498
c -- header says num clauses:       54967
c WARNING: Empty line at line number 55288 -- this is not part of the DIMACS specifications (http://www.satcompetition.org/2009/format-benchmarks2009.html). Ignoring.
c -- clauses added: 54967
c -- xor clauses added: 0
c -- vars added 13498
c Original sampling vars: 207 208 209 210 211 212 213 214 215 216 217 218 219 220 221 222 223 224 225 226 227 228 229 230 231 232 233 234 235 236 237 238 
c [appmc] Orig sampling vars size: 32
c --> Executing OCC strategy token(s): 'occ-xor,'
c [occ] mem usage for occur      2 MB
c [occ] Linked in IRRED BIN by default: 18465
c [occ] Linked in RED   BIN by default: 0
c [occ] mem usage for occur      1 MB
c Mem for watch alloc      : 1           MB (12.98     %)
c Mem for watch array      : 0           MB (5.95      %)
c --> Executing OCC strategy token: occ-xor
c [occ-xor] sort occur list T: 0.00
c [xor-clean-equiv] removed equivalent xors: 0 left with: 3266
c [occ-xor] found   3266 avg sz 3.0 min sz  3 max sz  3 T: 0.01 T-out: N T-r: 99.90%
c [occ] mem usage for occur      2 MB
c [occ] Linked in IRRED BIN by default: 18465
c [occ] Linked in RED   BIN by default: 0
c [occ] mem usage for occur      1 MB
c Mem for watch alloc      : 1           MB (11.86     %)
c Mem for watch array      : 0           MB (5.43      %)
c [occ-gates] found:  3267 avg-s: 2.0 T: 0.00 T-out: N T-r: 96.54%
c [occ] mem usage for occur      2 MB
c [occ] Linked in IRRED BIN by default: 18465
c [occ] Linked in RED   BIN by default: 0
c [occ] mem usage for occur      1 MB
c Mem for watch alloc      : 1           MB (11.87     %)
c Mem for watch array      : 0           MB (5.43      %)
c [arjun-simp] GATE-based Potential was: 0 Non-zero OCCs were: 0 removed: 0 perc: 0.00 T: 0.05
c [occ] mem usage for occur      2 MB
c [occ] Linked in IRRED BIN by default: 18465
c [occ] Linked in RED   BIN by default: 0
c [occ] mem usage for occur      1 MB
c Mem for watch alloc      : 1           MB (12.18     %)
c Mem for watch array      : 0           MB (5.57      %)
c [gate-definable] no-cls-match-filt: 0 pico ran: 31 unsat: 0 0-occ: 0 too-many-occ: 1 empty-res: 0
c [arjun-simp] IRREG-GATE-based removed: 0 perc: 0.00 T: 0.01
c [occ] mem usage for occur      2 MB
c [occ] Linked in IRRED BIN by default: 18465
c [occ] Linked in RED   BIN by default: 0
c [occ] mem usage for occur      1 MB
c Mem for watch alloc      : 1           MB (12.18     %)
c Mem for watch array      : 0           MB (5.57      %)
c [cms-equiv-sub] equiv_subformula: 0 empty_occ: 0 T: 0.00
c [arjun-simp] equiv-subform removed: 0 perc: 0.00 total equiv_subform now: 0 T: 0.01
c [arjun-simp] CMS::simplify() with no BVE, intree probe...
c [arjun-simp] CMS::simplify() with no BVE finished. T: 0.11
c [arjun-simp] Removed eq lits: 0 new size: 32
c [arjun-simp] Removed set       : 32 new size: 0
c [arjun] CNF is UNSAT, setting sampling set to empty
c [arjun] get_indep_set finished T: 0.41
c ind 0
c [arjun] final set size:            0 percent of original: 0.0000 %
c [arjun] of which empty occs:       0 percent of original: 0.0000 %
c [appmc+arjun] Total time: 0.4356
c [appmc] Number of solutions is: 0*2**0
s UNSATISFIABLE
s mc 0
** ASH **
c ApproxMC SHA revision efa1667e4e09b2d5f2c61042efe377ce3107fdd3
c ApproxMC version 4.0.1
c ApproxMC compilation env CMAKE_CXX_COMPILER = /usr/bin/c++ | CMAKE_CXX_FLAGS =  -Wall -Wextra -Wunused -Wsign-compare -fno-omit-frame-pointer -Wtype-limits -Wuninitialized -Wno-deprecated -Wstrict-aliasing -Wpointer-arith -fvisibility=hidden -Wpointer-arith -Wformat-nonliteral -Winit-self -Wparentheses -Wunreachable-code -g -fvisibility=hidden -Wlogical-op -Wrestrict -Wnull-dereference -Wdouble-promotion -Wshadow -Wformat=2 -Wextra-semi -pedantic | COMPILE_DEFINES =  -DBOOST_TEST_DYN_LINK | STATICCOMPILE = OFF | Boost_FOUND = TRUE | ZLIB_FOUND = TRUE | VALGRIND_FOUND =  | GMP_FOUND = TRUE | ENABLE_ASSERTIONS = ON | MY_TARGETS =  | compilation date time = Aug  8 2022 16:18:18
c ApproxMC compiled with gcc version 9.4.0
c CryptoMiniSat version 5.11.0
c CMS Copyright (C) 2009-2020 Authors of CryptoMiniSat, see AUTHORS file
c CMS SHA revision 716b89be078f98fb615cf30a1f663b4903c08d9d
c CMS is MIT licensed
c Using VMTF code by Armin Biere from CaDiCaL
c Using Yalsat by Armin Biere, see Balint et al. Improving implementation of SLS solvers [...], SAT'14
c Using WalkSAT by Henry Kautz, see Kautz and Selman Pushing the envelope: planning, propositional logic, and stochastic search, AAAI'96,
c Using code from 'When Boolean Satisfiability Meets Gauss-E. in a Simplex Way'
c       by C.-S. Han and J.-H. Roland Jiang in CAV 2012. Fixes by M. Soos
c Using CCAnr from 'CCAnr: A Conf. Checking Based Local Search Solver [...]'
c       by Shaowei Cai, Chuan Luo, and Kaile Su, SAT 2015
c CMS compilation env CMAKE_CXX_COMPILER = /usr/bin/c++ | CMAKE_CXX_FLAGS =  -fvisibility=hidden -Wall -Wextra -Wunused -Wsign-compare -fno-omit-frame-pointer -Wtype-limits -Wuninitialized -Wno-deprecated -Wstrict-aliasing -Wpointer-arith -Wpointer-arith -Wformat-nonliteral -Winit-self -Wparentheses -Wunreachable-code -g -Wno-class-memaccess -mpopcnt -msse4.2 -ggdb3 -Wlogical-op -Wrestrict -Wnull-dereference -Wdouble-promotion -Wshadow -Wformat=2 -Wextra-semi -pedantic | COMPILE_DEFINES =  -DRDB0_ONLY_FEATURES -DBOOST_TEST_DYN_LINK -DUSE_ZLIB -DYALSAT_FPU | STATICCOMPILE = OFF | ONLY_SIMPLE = OFF | Boost_FOUND = TRUE | STATS = OFF | SQLITE3_FOUND = FALSE | ZLIB_FOUND = TRUE | VALGRIND_FOUND =  | ENABLE_TESTING = OFF | M4RI_FOUND =  | NOM4RI = ON | SLOW_DEBUG = OFF | ENABLE_ASSERTIONS = ON | PYTHON_EXECUTABLE =  | PYTHON_LIBRARY =  | PYTHON_INCLUDE_DIRS =  | MY_TARGETS =  | LARGEMEM = OFF | LIMITMEM = OFF | BREAKID_LIBRARIES =  | BREAKID-VER = . | BOSPHORUS_LIBRARIES =  | BOSPH-VER = . | compilation date time = Aug  8 2022 16:16:45
c CMS compiled with gcc version 9.4.0
c executed with command line: approxmc -s 01 /experiments/results/example1a.c/01/counterSharp/ash.dimacs
c Arjun SHA revision 416b100492d00bc51dbe98963e981906ddb47d83
c -- header says num vars:          13498
c -- header says num clauses:       54967
c WARNING: Empty line at line number 55288 -- this is not part of the DIMACS specifications (http://www.satcompetition.org/2009/format-benchmarks2009.html). Ignoring.
c -- clauses added: 54967
c -- xor clauses added: 0
c -- vars added 13498
c Original sampling vars: 207 208 209 210 211 212 213 214 215 216 217 218 219 220 221 222 223 224 225 226 227 228 229 230 231 232 233 234 235 236 237 238 
c [appmc] Orig sampling vars size: 32
c --> Executing OCC strategy token(s): 'occ-xor,'
c [occ] mem usage for occur      2 MB
c [occ] Linked in IRRED BIN by default: 18496
c [occ] Linked in RED   BIN by default: 0
c [occ] mem usage for occur      1 MB
c Mem for watch alloc      : 1           MB (13.08     %)
c Mem for watch array      : 0           MB (5.99      %)
c --> Executing OCC strategy token: occ-xor
c [occ-xor] sort occur list T: 0.00
c [xor-clean-equiv] removed equivalent xors: 0 left with: 3267
c [occ-xor] found   3267 avg sz 3.0 min sz  3 max sz  3 T: 0.01 T-out: N T-r: 99.90%
c [occ] mem usage for occur      2 MB
c [occ] Linked in IRRED BIN by default: 18496
c [occ] Linked in RED   BIN by default: 0
c [occ] mem usage for occur      1 MB
c Mem for watch alloc      : 1           MB (11.94     %)
c Mem for watch array      : 0           MB (5.47      %)
c [occ-gates] found:  3267 avg-s: 2.0 T: 0.00 T-out: N T-r: 96.54%
c [occ] mem usage for occur      2 MB
c [occ] Linked in IRRED BIN by default: 18496
c [occ] Linked in RED   BIN by default: 0
c [occ] mem usage for occur      1 MB
c Mem for watch alloc      : 1           MB (11.96     %)
c Mem for watch array      : 0           MB (5.47      %)
c [arjun-simp] GATE-based Potential was: 0 Non-zero OCCs were: 0 removed: 0 perc: 0.00 T: 0.05
c [occ] mem usage for occur      2 MB
c [occ] Linked in IRRED BIN by default: 18496
c [occ] Linked in RED   BIN by default: 0
c [occ] mem usage for occur      1 MB
c Mem for watch alloc      : 1           MB (12.27     %)
c Mem for watch array      : 0           MB (5.61      %)
c [gate-definable] no-cls-match-filt: 0 pico ran: 31 unsat: 0 0-occ: 0 too-many-occ: 1 empty-res: 0
c [arjun-simp] IRREG-GATE-based removed: 0 perc: 0.00 T: 0.01
c [occ] mem usage for occur      2 MB
c [occ] Linked in IRRED BIN by default: 18496
c [occ] Linked in RED   BIN by default: 0
c [occ] mem usage for occur      1 MB
c Mem for watch alloc      : 1           MB (12.27     %)
c Mem for watch array      : 0           MB (5.61      %)
c [cms-equiv-sub] equiv_subformula: 0 empty_occ: 0 T: 0.00
c [arjun-simp] equiv-subform removed: 0 perc: 0.00 total equiv_subform now: 0 T: 0.01
c [arjun-simp] CMS::simplify() with no BVE, intree probe...
c [arjun-simp] CMS::simplify() with no BVE finished. T: 0.16
c [arjun-simp] Removed eq lits: 0 new size: 32
c [arjun-simp] Removed set       : 28 new size: 4
c [arjun-simp] Removed set       : 0 new size: 4
c [arjun-simp] Removed eq lits: 0 new size: 4
c [arjun-simp] probe removed: 0 perc: 0.00 T: 0.02
c [occ] mem usage for occur      1 MB
c [occ] Linked in IRRED BIN by default: 19746
c [occ] Linked in RED   BIN by default: 1022
c [occ] mem usage for occur      0 MB
c Mem for watch alloc      : 2           MB (14.76     %)
c Mem for watch array      : 0           MB (3.73      %)
c [cms-equiv-sub] equiv_subformula: 0 empty_occ: 0 T: 0.00
c [arjun-simp] equiv-subform removed: 0 perc: 0.00 total equiv_subform now: 0 T: 0.01
c [arjun-simp] IRREG-GATE-based removed: 0 perc: 0.00 T: 0.01
c [arjun] simplification finished  removed: 28 perc: 87.50 T: 0.39
c [arjun] Duplicating CNF...
c [arjun] Duplicated CNF. T: 0.03
c [arjun] CMS::simplify() with *only* BVE...
c [arjun] CMS::simplify() with *only* BVE finished. T: 2.62
c [arjun] Adding fixed clauses time: 0.00
c [arjun] Start unknown size: 4
c [arjun] backward round finished T: 0.01
c [arjun] get_indep_set finished T: 3.06
c ind 13438 13437 13436 13403 0
c [arjun] final set size:            4 percent of original: 12.5000 %
c [arjun] of which empty occs:       0 percent of original: 0.0000 %
c [appmc] Sampling set size: 4
c [appmc] Sampling set: 13403, 13436, 13437, 13438, 
c [appmc] threshold set to 72 sparse: 0
c [appmc] Starting up, initial measurement
c [appmc] Checking if there are at least threshold+1 solutions...
c [appmc] simplifying
c [appmc] [    1.34 ] bounded_sol_count looking for   73 solutions -- hashes active: 0
c [appmc] repeat solutions:      0 checked:      0 out of:      0
c [appmc] Did not find at least threshold+1 (72) we found only 10, i.e. we got exact count
c [appmc] ApproxMC T: 1.38 s
c ------- FINAL TOTAL SEARCH STATS ---------
c UIP search time          : 0.04        (0.89      % time)
c restarts                 : 11          (3.91      confls per restart)
c blocked restarts         : 0           (0.00      per normal restart)
c time                     : 0.04        
c decisions                : 289         (0.00      % random)
c propagations             : 81K         (2035K     props/s)
c decisions/conflicts      : 6.72        
c conflicts                : 43          
c conf lits non-minim      : 3030        (70.47     lit/confl)
c conf lits final          : 8.74        
c red which0               : 13          (30.23     % of confl)
c props/decision           : 0.00        
c props/conflict           : 0.00        
c 0-depth assigns          : 2437        (71.99     % vars)
c 0-depth assigns by CNF   : 2436        (71.96     % vars)
c reduceDB time            : 0.00        (0.00      % time)
c OccSimplifier time       : 0.25        (5.51      % time)
c [occur] 0.02 is overhead
c [occur] link-in T: 0.02 cleanup T: 0.01
c [occ-substr] long subBySub: 1248 subByStr: 1941 lits-rem-str: 8303 T: 0.13
c SCC time                 : 0.00        (0.09      % time)
c [scc] new: 2202 BP 0M  T: 0.00
c vrep replace time        : 0.01        (0.27      % time)
c vrep tree roots          : 380         
c vrep trees' crown        : 1457        (3.83      leafs/tree)
c distill long time        : 0.00        (0.00      % time)
c distill bin time         : 0.00        (0.00      % time)
c strength cache-irred time: 0.00        (0.00      % time)
c strength cache-red time  : 0.00        (0.00      % time)
c avg cls in red 0         : 5.16        
c avg cls in red 1         : 380.65      
c avg cls in red 2         : 6.86        
c Conflicts in UIP         : 43          (9.55      confl/time_this_thread)
c Max Memory (rss) used    : 40264 kB    
c Total time (this thread) : 4.50        
c [appmc+arjun] Total time: 4.50
c [appmc] Number of solutions is: 10*2**0
s SATISFIABLE
s mc 10
