** CON **
[runlim] version:		1.10
[runlim] time limit:		311040000 seconds
[runlim] real time limit:	300 seconds
[runlim] space limit:		2048 MB
[runlim] argv[0]:		approxmc
[runlim] argv[1]:		--sparse
[runlim] argv[2]:		1
[runlim] argv[3]:		-s
[runlim] argv[4]:		03
[runlim] argv[5]:		/experiments/results/bwd_loop1a.c/03/counterSharp/con.dimacs
[runlim] start:			Mon Nov  9 12:10:04 2020
[runlim] main pid:		1811
[runlim] end:			Mon Nov  9 12:10:05 2020
[runlim] status:		ok
[runlim] result:		0
[runlim] children:		0
[runlim] real:			1.35 seconds
[runlim] time:			0.79 seconds
[runlim] space:			17.8 MB
[runlim] samples:		8
** AMM **
[runlim] version:		1.10
[runlim] time limit:		311040000 seconds
[runlim] real time limit:	300 seconds
[runlim] space limit:		2048 MB
[runlim] argv[0]:		approxmc
[runlim] argv[1]:		--sparse
[runlim] argv[2]:		1
[runlim] argv[3]:		-s
[runlim] argv[4]:		03
[runlim] argv[5]:		/experiments/results/bwd_loop1a.c/03/counterSharp/amm.dimacs
[runlim] start:			Mon Nov  9 12:10:05 2020
[runlim] main pid:		1813
[runlim] sample:		10.0 time, 10.4 real, 40.6 MB
[runlim] sample:		20.0 time, 20.4 real, 42.7 MB
[runlim] sample:		30.0 time, 30.4 real, 42.8 MB
[runlim] sample:		40.0 time, 40.4 real, 43.0 MB
[runlim] sample:		50.0 time, 50.4 real, 43.2 MB
[runlim] end:			Mon Nov  9 12:10:56 2020
[runlim] status:		ok
[runlim] result:		0
[runlim] children:		0
[runlim] real:			51.25 seconds
[runlim] time:			50.78 seconds
[runlim] space:			43.3 MB
[runlim] samples:		508
** AMH **
[runlim] version:		1.10
[runlim] time limit:		311040000 seconds
[runlim] real time limit:	300 seconds
[runlim] space limit:		2048 MB
[runlim] argv[0]:		approxmc
[runlim] argv[1]:		--sparse
[runlim] argv[2]:		1
[runlim] argv[3]:		-s
[runlim] argv[4]:		03
[runlim] argv[5]:		/experiments/results/bwd_loop1a.c/03/counterSharp/amh.dimacs
[runlim] start:			Mon Nov  9 12:10:56 2020
[runlim] main pid:		1815
[runlim] end:			Mon Nov  9 12:10:59 2020
[runlim] status:		ok
[runlim] result:		0
[runlim] children:		0
[runlim] real:			3.63 seconds
[runlim] time:			3.29 seconds
[runlim] space:			18.4 MB
[runlim] samples:		33
** ASM **
[runlim] version:		1.10
[runlim] time limit:		311040000 seconds
[runlim] real time limit:	300 seconds
[runlim] space limit:		2048 MB
[runlim] argv[0]:		approxmc
[runlim] argv[1]:		--sparse
[runlim] argv[2]:		1
[runlim] argv[3]:		-s
[runlim] argv[4]:		03
[runlim] argv[5]:		/experiments/results/bwd_loop1a.c/03/counterSharp/asm.dimacs
[runlim] start:			Mon Nov  9 12:10:59 2020
[runlim] main pid:		1817
[runlim] end:			Mon Nov  9 12:11:01 2020
[runlim] status:		ok
[runlim] result:		0
[runlim] children:		0
[runlim] real:			2.79 seconds
[runlim] time:			2.09 seconds
[runlim] space:			20.0 MB
[runlim] samples:		21
** ASH **
[runlim] version:		1.10
[runlim] time limit:		311040000 seconds
[runlim] real time limit:	300 seconds
[runlim] space limit:		2048 MB
[runlim] argv[0]:		approxmc
[runlim] argv[1]:		--sparse
[runlim] argv[2]:		1
[runlim] argv[3]:		-s
[runlim] argv[4]:		03
[runlim] argv[5]:		/experiments/results/bwd_loop1a.c/03/counterSharp/ash.dimacs
[runlim] start:			Mon Nov  9 12:11:01 2020
[runlim] main pid:		1819
[runlim] end:			Mon Nov  9 12:11:04 2020
[runlim] status:		ok
[runlim] result:		0
[runlim] children:		0
[runlim] real:			3.97 seconds
[runlim] time:			3.09 seconds
[runlim] space:			18.4 MB
[runlim] samples:		31
