** CON **
[runlim] version:		1.10
[runlim] time limit:		311040000 seconds
[runlim] real time limit:	300 seconds
[runlim] space limit:		2048 MB
[runlim] argv[0]:		ganak
[runlim] argv[1]:		-t
[runlim] argv[2]:		300
[runlim] argv[3]:		-cs
[runlim] argv[4]:		1024
[runlim] argv[5]:		-seed
[runlim] argv[6]:		03
[runlim] argv[7]:		/experiments/results/confidence.c/03/counterSharp/con.dimacs
[runlim] start:			Sat Oct 31 20:24:12 2020
[runlim] main pid:		1223
[runlim] end:			Sat Oct 31 20:24:12 2020
[runlim] status:		ok
[runlim] result:		0
[runlim] children:		0
[runlim] real:			0.49 seconds
[runlim] time:			0.00 seconds
[runlim] space:			0.0 MB
[runlim] samples:		0
** AMM **
[runlim] version:		1.10
[runlim] time limit:		311040000 seconds
[runlim] real time limit:	300 seconds
[runlim] space limit:		2048 MB
[runlim] argv[0]:		ganak
[runlim] argv[1]:		-t
[runlim] argv[2]:		300
[runlim] argv[3]:		-cs
[runlim] argv[4]:		1024
[runlim] argv[5]:		-seed
[runlim] argv[6]:		03
[runlim] argv[7]:		/experiments/results/confidence.c/03/counterSharp/amm.dimacs
[runlim] start:			Sat Oct 31 20:24:12 2020
[runlim] main pid:		1225
[runlim] sample:		10.0 time, 10.5 real, 14.9 MB
[runlim] sample:		20.0 time, 20.5 real, 19.6 MB
[runlim] sample:		30.0 time, 30.5 real, 22.7 MB
[runlim] sample:		40.0 time, 40.5 real, 25.8 MB
[runlim] sample:		50.0 time, 50.5 real, 30.6 MB
[runlim] sample:		60.0 time, 60.5 real, 33.1 MB
[runlim] sample:		70.0 time, 70.5 real, 37.7 MB
[runlim] sample:		80.0 time, 80.5 real, 40.3 MB
[runlim] sample:		90.0 time, 90.5 real, 42.9 MB
[runlim] sample:		100.0 time, 100.5 real, 45.7 MB
[runlim] sample:		110.0 time, 110.5 real, 50.5 MB
[runlim] sample:		120.0 time, 120.5 real, 52.4 MB
[runlim] sample:		130.0 time, 130.5 real, 54.2 MB
[runlim] sample:		140.0 time, 140.5 real, 56.2 MB
[runlim] sample:		150.0 time, 150.5 real, 60.0 MB
[runlim] sample:		160.0 time, 160.5 real, 63.8 MB
[runlim] sample:		170.0 time, 170.5 real, 67.9 MB
[runlim] sample:		180.0 time, 180.5 real, 69.4 MB
[runlim] sample:		190.0 time, 190.5 real, 71.0 MB
[runlim] sample:		200.0 time, 200.5 real, 73.3 MB
[runlim] sample:		210.0 time, 210.5 real, 75.4 MB
[runlim] sample:		219.9 time, 220.5 real, 78.9 MB
[runlim] sample:		229.9 time, 230.5 real, 80.4 MB
[runlim] sample:		239.9 time, 240.5 real, 83.9 MB
[runlim] sample:		249.9 time, 250.5 real, 85.5 MB
[runlim] sample:		259.9 time, 260.5 real, 86.8 MB
[runlim] sample:		269.9 time, 270.5 real, 90.3 MB
[runlim] sample:		279.9 time, 280.5 real, 91.8 MB
[runlim] sample:		289.9 time, 290.5 real, 93.3 MB
[runlim] end:			Sat Oct 31 20:29:12 2020
[runlim] status:		out of time
[runlim] result:		2
[runlim] children:		0
[runlim] real:			300.12 seconds
[runlim] time:			299.52 seconds
[runlim] space:			96.7 MB
[runlim] samples:		2996
** AMH **
[runlim] version:		1.10
[runlim] time limit:		311040000 seconds
[runlim] real time limit:	300 seconds
[runlim] space limit:		2048 MB
[runlim] argv[0]:		ganak
[runlim] argv[1]:		-t
[runlim] argv[2]:		300
[runlim] argv[3]:		-cs
[runlim] argv[4]:		1024
[runlim] argv[5]:		-seed
[runlim] argv[6]:		03
[runlim] argv[7]:		/experiments/results/confidence.c/03/counterSharp/amh.dimacs
[runlim] start:			Sat Oct 31 20:29:12 2020
[runlim] main pid:		1227
[runlim] sample:		10.0 time, 10.1 real, 13.8 MB
[runlim] sample:		20.0 time, 20.1 real, 16.4 MB
[runlim] sample:		30.0 time, 30.1 real, 20.6 MB
[runlim] sample:		40.0 time, 40.1 real, 23.1 MB
[runlim] sample:		50.0 time, 50.1 real, 26.8 MB
[runlim] sample:		60.0 time, 60.1 real, 32.2 MB
[runlim] sample:		70.0 time, 70.1 real, 35.2 MB
[runlim] sample:		80.0 time, 80.1 real, 37.6 MB
[runlim] sample:		90.0 time, 90.1 real, 41.9 MB
[runlim] sample:		100.0 time, 100.1 real, 44.5 MB
[runlim] sample:		110.0 time, 110.1 real, 46.8 MB
[runlim] sample:		120.0 time, 120.1 real, 48.6 MB
[runlim] sample:		130.0 time, 130.1 real, 50.9 MB
[runlim] sample:		140.0 time, 140.1 real, 53.0 MB
[runlim] sample:		150.0 time, 150.1 real, 57.5 MB
[runlim] sample:		160.0 time, 160.1 real, 60.1 MB
[runlim] sample:		170.0 time, 170.1 real, 62.7 MB
[runlim] sample:		180.0 time, 180.1 real, 65.3 MB
[runlim] sample:		189.9 time, 190.1 real, 67.6 MB
[runlim] sample:		199.9 time, 200.1 real, 69.4 MB
[runlim] sample:		209.9 time, 210.1 real, 71.2 MB
[runlim] sample:		219.9 time, 220.1 real, 73.0 MB
[runlim] sample:		229.9 time, 230.1 real, 74.3 MB
[runlim] sample:		239.9 time, 240.1 real, 75.6 MB
[runlim] sample:		249.9 time, 250.1 real, 77.7 MB
[runlim] sample:		259.9 time, 260.1 real, 79.7 MB
[runlim] sample:		269.9 time, 270.1 real, 81.5 MB
[runlim] sample:		279.9 time, 280.1 real, 83.6 MB
[runlim] sample:		289.9 time, 290.1 real, 87.4 MB
[runlim] end:			Sat Oct 31 20:34:12 2020
[runlim] status:		out of time
[runlim] result:		2
[runlim] children:		0
[runlim] real:			300.04 seconds
[runlim] time:			299.84 seconds
[runlim] space:			91.2 MB
[runlim] samples:		2999
** ASM **
[runlim] version:		1.10
[runlim] time limit:		311040000 seconds
[runlim] real time limit:	300 seconds
[runlim] space limit:		2048 MB
[runlim] argv[0]:		ganak
[runlim] argv[1]:		-t
[runlim] argv[2]:		300
[runlim] argv[3]:		-cs
[runlim] argv[4]:		1024
[runlim] argv[5]:		-seed
[runlim] argv[6]:		03
[runlim] argv[7]:		/experiments/results/confidence.c/03/counterSharp/asm.dimacs
[runlim] start:			Sat Oct 31 20:34:12 2020
[runlim] main pid:		1229
[runlim] end:			Sat Oct 31 20:34:12 2020
[runlim] status:		ok
[runlim] result:		0
[runlim] children:		0
[runlim] real:			0.05 seconds
[runlim] time:			0.00 seconds
[runlim] space:			0.0 MB
[runlim] samples:		0
** ASH **
[runlim] version:		1.10
[runlim] time limit:		311040000 seconds
[runlim] real time limit:	300 seconds
[runlim] space limit:		2048 MB
[runlim] argv[0]:		ganak
[runlim] argv[1]:		-t
[runlim] argv[2]:		300
[runlim] argv[3]:		-cs
[runlim] argv[4]:		1024
[runlim] argv[5]:		-seed
[runlim] argv[6]:		03
[runlim] argv[7]:		/experiments/results/confidence.c/03/counterSharp/ash.dimacs
[runlim] start:			Sat Oct 31 20:34:12 2020
[runlim] main pid:		1231
[runlim] sample:		10.0 time, 10.1 real, 13.0 MB
[runlim] sample:		20.0 time, 20.1 real, 15.5 MB
[runlim] sample:		30.0 time, 30.1 real, 20.4 MB
[runlim] sample:		40.0 time, 40.1 real, 25.8 MB
[runlim] sample:		50.0 time, 50.1 real, 32.1 MB
[runlim] sample:		60.0 time, 60.1 real, 38.7 MB
[runlim] sample:		70.0 time, 70.1 real, 44.3 MB
[runlim] sample:		80.0 time, 80.1 real, 48.7 MB
[runlim] sample:		90.0 time, 90.1 real, 55.2 MB
[runlim] sample:		100.0 time, 100.1 real, 58.3 MB
[runlim] sample:		110.0 time, 110.1 real, 61.4 MB
[runlim] sample:		120.0 time, 120.1 real, 64.2 MB
[runlim] sample:		130.0 time, 130.1 real, 69.1 MB
[runlim] sample:		140.0 time, 140.1 real, 71.9 MB
[runlim] sample:		150.0 time, 150.1 real, 74.2 MB
[runlim] sample:		160.0 time, 160.1 real, 77.0 MB
[runlim] sample:		170.0 time, 170.1 real, 79.6 MB
[runlim] sample:		180.0 time, 180.1 real, 82.2 MB
[runlim] sample:		190.0 time, 190.1 real, 86.8 MB
[runlim] sample:		200.0 time, 200.1 real, 89.4 MB
[runlim] sample:		209.9 time, 210.1 real, 91.7 MB
[runlim] sample:		219.9 time, 220.1 real, 96.0 MB
[runlim] sample:		230.0 time, 230.1 real, 98.6 MB
[runlim] sample:		239.9 time, 240.1 real, 101.4 MB
[runlim] sample:		249.9 time, 250.1 real, 104.0 MB
[runlim] sample:		259.9 time, 260.1 real, 106.3 MB
[runlim] sample:		269.9 time, 270.1 real, 108.4 MB
[runlim] sample:		279.9 time, 280.1 real, 111.7 MB
[runlim] sample:		289.9 time, 290.1 real, 113.8 MB
[runlim] sample:		299.9 time, 300.1 real, 117.8 MB
[runlim] end:			Sat Oct 31 20:39:12 2020
[runlim] status:		out of time
[runlim] result:		2
[runlim] children:		0
[runlim] real:			300.08 seconds
[runlim] time:			299.94 seconds
[runlim] space:			117.8 MB
[runlim] samples:		3000
