** CON **
[runlim] version:		1.10
[runlim] time limit:		311040000 seconds
[runlim] real time limit:	300 seconds
[runlim] space limit:		2048 MB
[runlim] argv[0]:		ganak
[runlim] argv[1]:		-t
[runlim] argv[2]:		300
[runlim] argv[3]:		-cs
[runlim] argv[4]:		1024
[runlim] argv[5]:		-seed
[runlim] argv[6]:		03
[runlim] argv[7]:		/experiments/results/bwd_loop7.c/03/counterSharp/con.dimacs
[runlim] start:			Sun Nov  1 01:44:22 2020
[runlim] main pid:		2350
Cannot open file: /experiments/results/bwd_loop7.c/03/counterSharp/con.dimacs
[runlim] end:			Sun Nov  1 01:44:22 2020
[runlim] status:		ok
[runlim] result:		0
[runlim] children:		0
[runlim] real:			0.28 seconds
[runlim] time:			0.00 seconds
[runlim] space:			0.0 MB
[runlim] samples:		0
** AMM **
[runlim] version:		1.10
[runlim] time limit:		311040000 seconds
[runlim] real time limit:	300 seconds
[runlim] space limit:		2048 MB
[runlim] argv[0]:		ganak
[runlim] argv[1]:		-t
[runlim] argv[2]:		300
[runlim] argv[3]:		-cs
[runlim] argv[4]:		1024
[runlim] argv[5]:		-seed
[runlim] argv[6]:		03
[runlim] argv[7]:		/experiments/results/bwd_loop7.c/03/counterSharp/amm.dimacs
[runlim] start:			Sun Nov  1 01:44:22 2020
[runlim] main pid:		2352
[runlim] sample:		10.0 time, 10.3 real, 143.0 MB
[runlim] sample:		20.0 time, 20.3 real, 271.2 MB
[runlim] sample:		30.0 time, 30.3 real, 403.8 MB
[runlim] sample:		40.0 time, 40.3 real, 559.3 MB
[runlim] sample:		50.0 time, 50.3 real, 694.1 MB
[runlim] sample:		60.0 time, 60.3 real, 795.8 MB
[runlim] sample:		70.0 time, 70.3 real, 939.0 MB
[runlim] sample:		80.0 time, 80.3 real, 1045.1 MB
[runlim] sample:		90.0 time, 90.3 real, 1045.1 MB
[runlim] sample:		100.0 time, 100.3 real, 1045.1 MB
[runlim] sample:		110.0 time, 110.3 real, 1061.8 MB
[runlim] sample:		120.0 time, 120.3 real, 1062.1 MB
[runlim] sample:		130.0 time, 130.3 real, 1062.1 MB
[runlim] sample:		140.0 time, 140.3 real, 1062.1 MB
[runlim] sample:		150.0 time, 150.3 real, 1062.1 MB
[runlim] sample:		160.0 time, 160.3 real, 1062.1 MB
[runlim] sample:		170.0 time, 170.3 real, 1062.1 MB
[runlim] sample:		180.0 time, 180.3 real, 1062.1 MB
[runlim] sample:		190.0 time, 190.3 real, 1064.1 MB
[runlim] sample:		200.0 time, 200.3 real, 1064.1 MB
[runlim] sample:		210.0 time, 210.3 real, 1064.1 MB
[runlim] sample:		220.0 time, 220.3 real, 1064.1 MB
[runlim] sample:		230.0 time, 230.3 real, 1064.1 MB
[runlim] sample:		239.9 time, 240.3 real, 1064.1 MB
[runlim] sample:		249.9 time, 250.3 real, 1064.1 MB
[runlim] sample:		259.9 time, 260.3 real, 1064.1 MB
[runlim] sample:		269.9 time, 270.3 real, 1064.3 MB
[runlim] sample:		279.9 time, 280.3 real, 1064.3 MB
[runlim] sample:		289.9 time, 290.3 real, 1064.3 MB
[runlim] end:			Sun Nov  1 01:49:22 2020
[runlim] status:		out of time
[runlim] result:		2
[runlim] children:		0
[runlim] real:			300.11 seconds
[runlim] time:			299.75 seconds
[runlim] space:			1064.3 MB
[runlim] samples:		2998
** AMH **
[runlim] version:		1.10
[runlim] time limit:		311040000 seconds
[runlim] real time limit:	300 seconds
[runlim] space limit:		2048 MB
[runlim] argv[0]:		ganak
[runlim] argv[1]:		-t
[runlim] argv[2]:		300
[runlim] argv[3]:		-cs
[runlim] argv[4]:		1024
[runlim] argv[5]:		-seed
[runlim] argv[6]:		03
[runlim] argv[7]:		/experiments/results/bwd_loop7.c/03/counterSharp/amh.dimacs
[runlim] start:			Sun Nov  1 01:49:22 2020
[runlim] main pid:		2354
[runlim] end:			Sun Nov  1 01:49:25 2020
[runlim] status:		ok
[runlim] result:		0
[runlim] children:		0
[runlim] real:			3.37 seconds
[runlim] time:			3.18 seconds
[runlim] space:			110.3 MB
[runlim] samples:		32
** ASM **
[runlim] version:		1.10
[runlim] time limit:		311040000 seconds
[runlim] real time limit:	300 seconds
[runlim] space limit:		2048 MB
[runlim] argv[0]:		ganak
[runlim] argv[1]:		-t
[runlim] argv[2]:		300
[runlim] argv[3]:		-cs
[runlim] argv[4]:		1024
[runlim] argv[5]:		-seed
[runlim] argv[6]:		03
[runlim] argv[7]:		/experiments/results/bwd_loop7.c/03/counterSharp/asm.dimacs
[runlim] start:			Sun Nov  1 01:49:25 2020
[runlim] main pid:		2356
[runlim] end:			Sun Nov  1 01:49:28 2020
[runlim] status:		ok
[runlim] result:		0
[runlim] children:		0
[runlim] real:			3.97 seconds
[runlim] time:			3.48 seconds
[runlim] space:			107.8 MB
[runlim] samples:		35
** ASH **
[runlim] version:		1.10
[runlim] time limit:		311040000 seconds
[runlim] real time limit:	300 seconds
[runlim] space limit:		2048 MB
[runlim] argv[0]:		ganak
[runlim] argv[1]:		-t
[runlim] argv[2]:		300
[runlim] argv[3]:		-cs
[runlim] argv[4]:		1024
[runlim] argv[5]:		-seed
[runlim] argv[6]:		03
[runlim] argv[7]:		/experiments/results/bwd_loop7.c/03/counterSharp/ash.dimacs
[runlim] start:			Sun Nov  1 01:49:28 2020
[runlim] main pid:		2358
[runlim] end:			Sun Nov  1 01:49:32 2020
[runlim] status:		ok
[runlim] result:		0
[runlim] children:		0
[runlim] real:			4.13 seconds
[runlim] time:			3.08 seconds
[runlim] space:			102.9 MB
[runlim] samples:		31
