** CON **
[runlim] version:		1.10
[runlim] time limit:		311040000 seconds
[runlim] real time limit:	300 seconds
[runlim] space limit:		2048 MB
[runlim] argv[0]:		approxmc
[runlim] argv[1]:		--sparse
[runlim] argv[2]:		1
[runlim] argv[3]:		-s
[runlim] argv[4]:		02
[runlim] argv[5]:		/experiments/results/Mono3_1-2.c/02/counterSharp/con.dimacs
[runlim] start:			Fri Oct 30 18:06:30 2020
[runlim] main pid:		5229
ERROR! Could not open file '/experiments/results/Mono3_1-2.c/02/counterSharp/con.dimacs' for reading: No such file or directory
[runlim] end:			Fri Oct 30 18:06:30 2020
[runlim] status:		ok
[runlim] result:		0
[runlim] children:		0
[runlim] real:			0.06 seconds
[runlim] time:			0.00 seconds
[runlim] space:			0.0 MB
[runlim] samples:		0
** AMM **
[runlim] version:		1.10
[runlim] time limit:		311040000 seconds
[runlim] real time limit:	300 seconds
[runlim] space limit:		2048 MB
[runlim] argv[0]:		approxmc
[runlim] argv[1]:		--sparse
[runlim] argv[2]:		1
[runlim] argv[3]:		-s
[runlim] argv[4]:		02
[runlim] argv[5]:		/experiments/results/Mono3_1-2.c/02/counterSharp/amm.dimacs
[runlim] start:			Fri Oct 30 18:06:30 2020
[runlim] main pid:		5231
ERROR! Could not open file '/experiments/results/Mono3_1-2.c/02/counterSharp/amm.dimacs' for reading: No such file or directory
[runlim] end:			Fri Oct 30 18:06:30 2020
[runlim] status:		ok
[runlim] result:		0
[runlim] children:		0
[runlim] real:			0.06 seconds
[runlim] time:			0.00 seconds
[runlim] space:			0.0 MB
[runlim] samples:		0
** AMH **
[runlim] version:		1.10
[runlim] time limit:		311040000 seconds
[runlim] real time limit:	300 seconds
[runlim] space limit:		2048 MB
[runlim] argv[0]:		approxmc
[runlim] argv[1]:		--sparse
[runlim] argv[2]:		1
[runlim] argv[3]:		-s
[runlim] argv[4]:		02
[runlim] argv[5]:		/experiments/results/Mono3_1-2.c/02/counterSharp/amh.dimacs
[runlim] start:			Fri Oct 30 18:06:30 2020
[runlim] main pid:		5233
ERROR! Could not open file '/experiments/results/Mono3_1-2.c/02/counterSharp/amh.dimacs' for reading: No such file or directory
[runlim] end:			Fri Oct 30 18:06:30 2020
[runlim] status:		ok
[runlim] result:		0
[runlim] children:		0
[runlim] real:			0.07 seconds
[runlim] time:			0.00 seconds
[runlim] space:			0.0 MB
[runlim] samples:		0
** ASM **
[runlim] version:		1.10
[runlim] time limit:		311040000 seconds
[runlim] real time limit:	300 seconds
[runlim] space limit:		2048 MB
[runlim] argv[0]:		approxmc
[runlim] argv[1]:		--sparse
[runlim] argv[2]:		1
[runlim] argv[3]:		-s
[runlim] argv[4]:		02
[runlim] argv[5]:		/experiments/results/Mono3_1-2.c/02/counterSharp/asm.dimacs
[runlim] start:			Fri Oct 30 18:06:30 2020
[runlim] main pid:		5235
ERROR! Could not open file '/experiments/results/Mono3_1-2.c/02/counterSharp/asm.dimacs' for reading: No such file or directory
[runlim] end:			Fri Oct 30 18:06:30 2020
[runlim] status:		ok
[runlim] result:		0
[runlim] children:		0
[runlim] real:			0.07 seconds
[runlim] time:			0.00 seconds
[runlim] space:			0.0 MB
[runlim] samples:		0
** ASH **
[runlim] version:		1.10
[runlim] time limit:		311040000 seconds
[runlim] real time limit:	300 seconds
[runlim] space limit:		2048 MB
[runlim] argv[0]:		approxmc
[runlim] argv[1]:		--sparse
[runlim] argv[2]:		1
[runlim] argv[3]:		-s
[runlim] argv[4]:		02
[runlim] argv[5]:		/experiments/results/Mono3_1-2.c/02/counterSharp/ash.dimacs
[runlim] start:			Fri Oct 30 18:06:30 2020
[runlim] main pid:		5237
ERROR! Could not open file '/experiments/results/Mono3_1-2.c/02/counterSharp/ash.dimacs' for reading: No such file or directory
[runlim] end:			Fri Oct 30 18:06:30 2020
[runlim] status:		ok
[runlim] result:		0
[runlim] children:		0
[runlim] real:			0.08 seconds
[runlim] time:			0.00 seconds
[runlim] space:			0.0 MB
[runlim] samples:		0
