** CON **
[runlim] version:		1.10
[runlim] time limit:		311040000 seconds
[runlim] real time limit:	300 seconds
[runlim] space limit:		2048 MB
[runlim] argv[0]:		approxmc
[runlim] argv[1]:		--sparse
[runlim] argv[2]:		1
[runlim] argv[3]:		-s
[runlim] argv[4]:		04
[runlim] argv[5]:		/experiments/results/rangesum05.c/04/counterSharp/con.dimacs
[runlim] start:			Fri Oct 30 11:54:14 2020
[runlim] main pid:		304
ERROR! Could not open file '/experiments/results/rangesum05.c/04/counterSharp/con.dimacs' for reading: No such file or directory
[runlim] end:			Fri Oct 30 11:54:14 2020
[runlim] status:		ok
[runlim] result:		0
[runlim] children:		0
[runlim] real:			0.24 seconds
[runlim] time:			0.00 seconds
[runlim] space:			0.0 MB
[runlim] samples:		0
** AMM **
[runlim] version:		1.10
[runlim] time limit:		311040000 seconds
[runlim] real time limit:	300 seconds
[runlim] space limit:		2048 MB
[runlim] argv[0]:		approxmc
[runlim] argv[1]:		--sparse
[runlim] argv[2]:		1
[runlim] argv[3]:		-s
[runlim] argv[4]:		04
[runlim] argv[5]:		/experiments/results/rangesum05.c/04/counterSharp/amm.dimacs
[runlim] start:			Fri Oct 30 11:54:14 2020
[runlim] main pid:		306
ERROR! Could not open file '/experiments/results/rangesum05.c/04/counterSharp/amm.dimacs' for reading: No such file or directory
[runlim] end:			Fri Oct 30 11:54:14 2020
[runlim] status:		ok
[runlim] result:		0
[runlim] children:		0
[runlim] real:			0.25 seconds
[runlim] time:			0.00 seconds
[runlim] space:			0.0 MB
[runlim] samples:		0
** AMH **
[runlim] version:		1.10
[runlim] time limit:		311040000 seconds
[runlim] real time limit:	300 seconds
[runlim] space limit:		2048 MB
[runlim] argv[0]:		approxmc
[runlim] argv[1]:		--sparse
[runlim] argv[2]:		1
[runlim] argv[3]:		-s
[runlim] argv[4]:		04
[runlim] argv[5]:		/experiments/results/rangesum05.c/04/counterSharp/amh.dimacs
[runlim] start:			Fri Oct 30 11:54:14 2020
[runlim] main pid:		308
[runlim] end:			Fri Oct 30 11:54:17 2020
[runlim] status:		ok
[runlim] result:		0
[runlim] children:		0
[runlim] real:			3.31 seconds
[runlim] time:			2.98 seconds
[runlim] space:			34.8 MB
[runlim] samples:		30
** ASM **
[runlim] version:		1.10
[runlim] time limit:		311040000 seconds
[runlim] real time limit:	300 seconds
[runlim] space limit:		2048 MB
[runlim] argv[0]:		approxmc
[runlim] argv[1]:		--sparse
[runlim] argv[2]:		1
[runlim] argv[3]:		-s
[runlim] argv[4]:		04
[runlim] argv[5]:		/experiments/results/rangesum05.c/04/counterSharp/asm.dimacs
[runlim] start:			Fri Oct 30 11:54:17 2020
[runlim] main pid:		310
[runlim] end:			Fri Oct 30 11:54:20 2020
[runlim] status:		ok
[runlim] result:		0
[runlim] children:		0
[runlim] real:			3.64 seconds
[runlim] time:			3.29 seconds
[runlim] space:			36.1 MB
[runlim] samples:		33
** ASH **
[runlim] version:		1.10
[runlim] time limit:		311040000 seconds
[runlim] real time limit:	300 seconds
[runlim] space limit:		2048 MB
[runlim] argv[0]:		approxmc
[runlim] argv[1]:		--sparse
[runlim] argv[2]:		1
[runlim] argv[3]:		-s
[runlim] argv[4]:		04
[runlim] argv[5]:		/experiments/results/rangesum05.c/04/counterSharp/ash.dimacs
[runlim] start:			Fri Oct 30 11:54:20 2020
[runlim] main pid:		312
[runlim] sample:		10.0 time, 10.6 real, 42.3 MB
[runlim] sample:		20.0 time, 20.6 real, 52.9 MB
[runlim] sample:		30.0 time, 30.6 real, 53.4 MB
[runlim] sample:		40.0 time, 40.6 real, 53.4 MB
[runlim] sample:		50.0 time, 50.6 real, 57.9 MB
[runlim] sample:		60.0 time, 60.6 real, 57.9 MB
[runlim] sample:		70.0 time, 70.6 real, 57.9 MB
[runlim] sample:		80.0 time, 80.6 real, 57.9 MB
[runlim] sample:		90.0 time, 90.6 real, 57.9 MB
[runlim] sample:		100.0 time, 100.6 real, 57.9 MB
[runlim] sample:		110.0 time, 110.6 real, 57.9 MB
[runlim] sample:		120.0 time, 120.6 real, 57.9 MB
[runlim] sample:		129.9 time, 130.6 real, 57.9 MB
[runlim] sample:		139.9 time, 140.6 real, 57.9 MB
[runlim] sample:		149.9 time, 150.6 real, 57.9 MB
[runlim] sample:		159.9 time, 160.6 real, 57.9 MB
[runlim] sample:		169.9 time, 170.6 real, 57.9 MB
[runlim] sample:		179.9 time, 180.6 real, 57.9 MB
[runlim] sample:		189.9 time, 190.6 real, 57.9 MB
[runlim] sample:		199.9 time, 200.6 real, 57.9 MB
[runlim] sample:		209.9 time, 210.6 real, 57.9 MB
[runlim] sample:		219.9 time, 220.6 real, 57.9 MB
[runlim] sample:		229.9 time, 230.6 real, 51.9 MB
[runlim] sample:		239.9 time, 240.6 real, 66.2 MB
[runlim] sample:		249.9 time, 250.6 real, 66.2 MB
[runlim] sample:		259.9 time, 260.6 real, 66.7 MB
[runlim] sample:		269.9 time, 270.6 real, 66.7 MB
[runlim] sample:		279.9 time, 280.6 real, 67.0 MB
[runlim] sample:		289.9 time, 290.6 real, 67.0 MB
[runlim] end:			Fri Oct 30 11:59:20 2020
[runlim] status:		out of time
[runlim] result:		2
[runlim] children:		0
[runlim] real:			300.06 seconds
[runlim] time:			299.32 seconds
[runlim] space:			75.9 MB
[runlim] samples:		2994
