** CON **
c Setting the timout to: 100000
c Outputting solution to console
c GANAK version 1.0.0
c time bound set to 300s
c ganak GIT revision: 33f36bcdd4a32f4f20f64e667de10d13d1377953
c ganak build env: CMAKE_CXX_COMPILER = /usr/bin/c++ | CMAKE_CXX_FLAGS =  -mtune=native -Wall -Wextra -Wunused -Wsign-compare -fno-omit-frame-pointer -Wtype-limits -Wuninitialized -Wno-deprecated -Wstrict-aliasing -Wpointer-arith -Wpointer-arith -Wformat-nonliteral -Winit-self -Wparentheses -Wunreachable-code -ggdb3 | COMPILE_DEFINES =  | STATICCOMPILE = OFF | ONLY_SIMPLE =  | Boost_FOUND =  | ZLIB_FOUND =  | ENABLE_TESTING =  | ENABLE_ASSERTIONS = ON | MY_TARGETS =  | compilation date time = Oct 29 2020 17:35:28
c Setting the timout to: 300
c Solving /experiments/results/bwd_loop1a-2.c/02/counterSharp/con.dimacs
c variables (all/used/free): 	13575/13575/0
c clauses (all/long/binary/unit): 55043/36089/18749/205
c Sampling set is present, performing projected model counting 
c Sampling set size: 32
c Sampling set:  408 409 410 411 412 413 414 415 416 417 418 419 420 421 422 423 424 425 426 427 428 429 430 431 432 433 434 435 436 437 438 439
c 
c Preprocessing ..
c DONE

c FOUND UNSAT DURING PREPROCESSING 
c 
c 
c variables (total / active / free)	13575/13575/0
c clauses (removed) 			55043 (0)
c decisions 				0
c Max. decision level 			0
c conflicts 				0
c conflict clauses (all/bin/unit) 	0/0/205
c 
c failed literals found by implicit BCP 	 0
c implicit BCP miss rate 	 0%
c bytes cache size     	104	
c bytes cache (overall) 	104
c bytes cache components (overall) 	0
c bytes cache (infra / comps) 104/0	
c bytes pure comp data (curr)    0
c bytes pure comp data (overall) 0
c bytes cache with sysoverh (curr)    0
c bytes cache with sysoverh (overall) 0
c cache (lookup / stores / hits) 			0/0/0
c cache miss rate 0%
c avg. variable count (stores / hits) 	-nan/0
c 
c 
c # solutions 
s pmc 0
c # END
c 
c time: 0.057482s
** AMM **
c Setting the timout to: 100000
c Outputting solution to console
c GANAK version 1.0.0
c time bound set to 300s
c ganak GIT revision: 33f36bcdd4a32f4f20f64e667de10d13d1377953
c ganak build env: CMAKE_CXX_COMPILER = /usr/bin/c++ | CMAKE_CXX_FLAGS =  -mtune=native -Wall -Wextra -Wunused -Wsign-compare -fno-omit-frame-pointer -Wtype-limits -Wuninitialized -Wno-deprecated -Wstrict-aliasing -Wpointer-arith -Wpointer-arith -Wformat-nonliteral -Winit-self -Wparentheses -Wunreachable-code -ggdb3 | COMPILE_DEFINES =  | STATICCOMPILE = OFF | ONLY_SIMPLE =  | Boost_FOUND =  | ZLIB_FOUND =  | ENABLE_TESTING =  | ENABLE_ASSERTIONS = ON | MY_TARGETS =  | compilation date time = Oct 29 2020 17:35:28
c Setting the timout to: 300
c Solving /experiments/results/bwd_loop1a-2.c/02/counterSharp/amm.dimacs
c variables (all/used/free): 	13468/13468/0
c clauses (all/long/binary/unit): 54683/36170/18408/105
c Sampling set is present, performing projected model counting 
c Sampling set size: 32
c Sampling set:  206 207 208 209 210 211 212 213 214 215 216 217 218 219 220 221 222 223 224 225 226 227 228 229 230 231 232 233 234 235 236 237
c 
c Preprocessing ..
c DONE
c variables (all/used/free): 	13156/13124/32
c clauses (all/long/binary/unit): 49897/35541/14356/0
c Maximum cache size:	1024 MB
c 
c Max decision level :25
c Doing Restart
c We have solved halfed
c We have solved halfed
** AMH **
c Setting the timout to: 100000
c Outputting solution to console
c GANAK version 1.0.0
c time bound set to 300s
c ganak GIT revision: 33f36bcdd4a32f4f20f64e667de10d13d1377953
c ganak build env: CMAKE_CXX_COMPILER = /usr/bin/c++ | CMAKE_CXX_FLAGS =  -mtune=native -Wall -Wextra -Wunused -Wsign-compare -fno-omit-frame-pointer -Wtype-limits -Wuninitialized -Wno-deprecated -Wstrict-aliasing -Wpointer-arith -Wpointer-arith -Wformat-nonliteral -Winit-self -Wparentheses -Wunreachable-code -ggdb3 | COMPILE_DEFINES =  | STATICCOMPILE = OFF | ONLY_SIMPLE =  | Boost_FOUND =  | ZLIB_FOUND =  | ENABLE_TESTING =  | ENABLE_ASSERTIONS = ON | MY_TARGETS =  | compilation date time = Oct 29 2020 17:35:28
c Setting the timout to: 300
c Solving /experiments/results/bwd_loop1a-2.c/02/counterSharp/amh.dimacs
c variables (all/used/free): 	13468/13468/0
c clauses (all/long/binary/unit): 54683/36170/18408/105
c Sampling set is present, performing projected model counting 
c Sampling set size: 32
c Sampling set:  206 207 208 209 210 211 212 213 214 215 216 217 218 219 220 221 222 223 224 225 226 227 228 229 230 231 232 233 234 235 236 237
c 
c Preprocessing ..
c DONE
c variables (all/used/free): 	6731/6699/32
c clauses (all/long/binary/unit): 27974/11497/16477/0
c Maximum cache size:	1024 MB
c 
c We have solved halfed
c We have solved halfed
c 
c 
c variables (total / active / free)	6731/6699/32
c clauses (removed) 			54683 (26709)
c decisions 				854
c Max. decision level 			10
c conflicts 				0
c conflict clauses (all/bin/unit) 	10332/1040/0
c 
c failed literals found by implicit BCP 	 2280
c implicit BCP miss rate 	 99.5982%
c bytes cache size     	20316488	
c bytes cache (overall) 	20316488
c bytes cache components (overall) 	82080
c bytes cache (infra / comps) 20234408/82080	
c bytes pure comp data (curr)    2935584
c bytes pure comp data (overall) 2935584
c bytes cache with sysoverh (curr)    136800
c bytes cache with sysoverh (overall) 136800
c cache (lookup / stores / hits) 			980/855/126
c cache miss rate 87.1429%
c avg. variable count (stores / hits) 	3110.44/291.198
c 
c 
c # solutions 
s pmc 1000
c # END
c 
c time: 4.81796s
** ASM **
c Setting the timout to: 100000
c Outputting solution to console
c GANAK version 1.0.0
c time bound set to 300s
c ganak GIT revision: 33f36bcdd4a32f4f20f64e667de10d13d1377953
c ganak build env: CMAKE_CXX_COMPILER = /usr/bin/c++ | CMAKE_CXX_FLAGS =  -mtune=native -Wall -Wextra -Wunused -Wsign-compare -fno-omit-frame-pointer -Wtype-limits -Wuninitialized -Wno-deprecated -Wstrict-aliasing -Wpointer-arith -Wpointer-arith -Wformat-nonliteral -Winit-self -Wparentheses -Wunreachable-code -ggdb3 | COMPILE_DEFINES =  | STATICCOMPILE = OFF | ONLY_SIMPLE =  | Boost_FOUND =  | ZLIB_FOUND =  | ENABLE_TESTING =  | ENABLE_ASSERTIONS = ON | MY_TARGETS =  | compilation date time = Oct 29 2020 17:35:28
c Setting the timout to: 300
c Solving /experiments/results/bwd_loop1a-2.c/02/counterSharp/asm.dimacs
c variables (all/used/free): 	13470/13470/0
c clauses (all/long/binary/unit): 54689/36171/18412/106
c Sampling set is present, performing projected model counting 
c Sampling set size: 32
c Sampling set:  206 207 208 209 210 211 212 213 214 215 216 217 218 219 220 221 222 223 224 225 226 227 228 229 230 231 232 233 234 235 236 237
c 
c Preprocessing ..
c DONE
c variables (all/used/free): 	6602/6570/32
c clauses (all/long/binary/unit): 26225/11393/14832/0
c Maximum cache size:	1024 MB
c 
c We have solved halfed
c We have solved halfed
c 
c 
c variables (total / active / free)	6602/6570/32
c clauses (removed) 			54689 (28464)
c decisions 				608
c Max. decision level 			10
c conflicts 				0
c conflict clauses (all/bin/unit) 	5880/768/0
c 
c failed literals found by implicit BCP 	 669
c implicit BCP miss rate 	 99.8363%
c bytes cache size     	20292872	
c bytes cache (overall) 	20292872
c bytes cache components (overall) 	58464
c bytes cache (infra / comps) 20234408/58464	
c bytes pure comp data (curr)    1916864
c bytes pure comp data (overall) 1916864
c bytes cache with sysoverh (curr)    97440
c bytes cache with sysoverh (overall) 97440
c cache (lookup / stores / hits) 			860/609/252
c cache miss rate 70.6977%
c avg. variable count (stores / hits) 	3492.01/205
c 
c 
c # solutions 
s pmc 898
c # END
c 
c time: 3.26662s
** ASH **
c Setting the timout to: 100000
c Outputting solution to console
c GANAK version 1.0.0
c time bound set to 300s
c ganak GIT revision: 33f36bcdd4a32f4f20f64e667de10d13d1377953
c ganak build env: CMAKE_CXX_COMPILER = /usr/bin/c++ | CMAKE_CXX_FLAGS =  -mtune=native -Wall -Wextra -Wunused -Wsign-compare -fno-omit-frame-pointer -Wtype-limits -Wuninitialized -Wno-deprecated -Wstrict-aliasing -Wpointer-arith -Wpointer-arith -Wformat-nonliteral -Winit-self -Wparentheses -Wunreachable-code -ggdb3 | COMPILE_DEFINES =  | STATICCOMPILE = OFF | ONLY_SIMPLE =  | Boost_FOUND =  | ZLIB_FOUND =  | ENABLE_TESTING =  | ENABLE_ASSERTIONS = ON | MY_TARGETS =  | compilation date time = Oct 29 2020 17:35:28
c Setting the timout to: 300
c Solving /experiments/results/bwd_loop1a-2.c/02/counterSharp/ash.dimacs
c variables (all/used/free): 	13470/13470/0
c clauses (all/long/binary/unit): 54689/36171/18412/106
c Sampling set is present, performing projected model counting 
c Sampling set size: 32
c Sampling set:  206 207 208 209 210 211 212 213 214 215 216 217 218 219 220 221 222 223 224 225 226 227 228 229 230 231 232 233 234 235 236 237
c 
c Preprocessing ..
c DONE
c variables (all/used/free): 	5800/5768/32
c clauses (all/long/binary/unit): 24274/8174/16100/0
c Maximum cache size:	1024 MB
c 
c We have solved halfed
c We have solved halfed
c 
c 
c variables (total / active / free)	5800/5768/32
c clauses (removed) 			54689 (30415)
c decisions 				102
c Max. decision level 			7
c conflicts 				1
c conflict clauses (all/bin/unit) 	368/173/0
c 
c failed literals found by implicit BCP 	 38
c implicit BCP miss rate 	 99.8251%
c bytes cache size     	20244296	
c bytes cache (overall) 	20244296
c bytes cache components (overall) 	9888
c bytes cache (infra / comps) 20234408/9888	
c bytes pure comp data (curr)    473332
c bytes pure comp data (overall) 473332
c bytes cache with sysoverh (curr)    16480
c bytes cache with sysoverh (overall) 16480
c cache (lookup / stores / hits) 			102/103/0
c cache miss rate 100%
c avg. variable count (stores / hits) 	5205.22/0
c 
c 
c # solutions 
s pmc 102
c # END
c 
c time: 0.851303s
