
Abstract Syntax:
[ 1:]
void main( ):
[ 2:] $1{j} := [0,9]
[ 3:] input:
[ 4:] $2{i} := 0
[ 5:] while [ 6:] ( $2{i} < 100 ) do
[ 7:]   $2{i} := $2{i} + 1
[ 8:]   $1{j} := $1{j} + 1
[ 9:]
      od
[10:] assert( $1{j} <= 105 )
[11:]
polyhedra

Forward Analysis:
[ 1:]: top
[ 2:]: top
[ 3:]: $1{j} >= 0 && -$1{j} >= -9
[ 4:]: $1{j} >= 0 && -$1{j} >= -9
[ 5:]: $1{j} >= 0 && -$1{j} >= -9 && $2{i} == 0
[ 6:] unwind 0: $1{j} >= 0 && -$1{j} >= -9 && $2{i} == 0
[ 6:] unwind 1: $1{j}-$2{i} >= 0 && $2{i} >= 0 && -$2{i} >= -1 && -$1{j}+$2{i} >= -9
[ 6:] unwind 2: $1{j}-$2{i} >= 0 && $2{i} >= 0 && -$2{i} >= -2 && -$1{j}+$2{i} >= -9
[ 6:] unwind >2: $1{j}-$2{i} >= 0 && $2{i} >= 1 && -$2{i} >= -100 && -$1{j}+$2{i} >= -9
[ 7:]: $1{j}-$2{i} >= 0 && $2{i} >= 0 && -$2{i} >= -99 && -$1{j}+$2{i} >= -9
[ 8:]: $1{j}-$2{i} >= -1 && $2{i} >= 1 && -$2{i} >= -100 && -$1{j}+$2{i} >= -8
[ 9:]: $1{j}-$2{i} >= 0 && $2{i} >= 1 && -$2{i} >= -100 && -$1{j}+$2{i} >= -9
[10:]: $1{j} >= 100 && -$1{j} >= -109 && $2{i} == 100
[11:]: $1{j} >= 100 && -$1{j} >= -105 && $2{i} == 100
j 
Backward OverApproximating Analysis Sat :
[11:]: top
[10:]: $1{j} >= 100 && -$1{j} >= -105 && $2{i} == 100
[ 9:]: $1{j}-$2{i} >= 0 && $2{i} >= 0 && -$2{i} >= -1 && -$1{j}+$2{i} >= -5
[ 8:]: $1{j} >= 0 && -$1{j} >= -5 && $2{i} == 1
[ 7:]: $1{j} >= 0 && -$1{j} >= -5 && $2{i} == 0
[ 6:] unwind >2: $1{j}-$2{i} >= 0 && $2{i} >= 0 && -$2{i} >= -2 && -$1{j}+$2{i} >= -5
[ 6:] unwind 2: $1{j}-$2{i} >= 0 && $2{i} >= 0 && -$2{i} >= -1 && -$1{j}+$2{i} >= -5
[ 6:] unwind 1: $1{j} >= 0 && -$1{j} >= -5 && $2{i} == 0
[ 6:] unwind 0: $1{j} >= 0 && -$1{j} >= -5 && $2{i} == 0
[ 5:]: $1{j} >= 0 && -$1{j} >= -5 && $2{i} == 0
[ 4:]: $1{j} >= 0 && -$1{j} >= -5
[ 3:]: $1{j} >= 0 && -$1{j} >= -5
[ 2:]: top
[ 1:]: top
j 
Backward OverApproximating Analysis Viol :
[11:]: top
[10:]: $1{j} >= 106 && -$1{j} >= -109 && $2{i} == 100
[ 9:]: $1{j}-$2{i} >= 6 && $2{i} >= 0 && -$2{i} >= -1 && -$1{j}+$2{i} >= -9
[ 8:]: $1{j} >= 6 && -$1{j} >= -9 && $2{i} == 1
[ 7:]: $1{j} >= 6 && -$1{j} >= -9 && $2{i} == 0
[ 6:] unwind >2: $1{j}-$2{i} >= 6 && $2{i} >= 0 && -$2{i} >= -2 && -$1{j}+$2{i} >= -9
[ 6:] unwind 2: $1{j}-$2{i} >= 6 && $2{i} >= 0 && -$2{i} >= -1 && -$1{j}+$2{i} >= -9
[ 6:] unwind 1: $1{j} >= 6 && -$1{j} >= -9 && $2{i} == 0
[ 6:] unwind 0: $1{j} >= 6 && -$1{j} >= -9 && $2{i} == 0
[ 5:]: $1{j} >= 6 && -$1{j} >= -9 && $2{i} == 0
[ 4:]: $1{j} >= 6 && -$1{j} >= -9
[ 3:]: $1{j} >= 6 && -$1{j} >= -9
[ 2:]: top
[ 1:]: top
Analysis Result: 
PROBABLITY OF SATISFACTION: 0.6001 percent 
PROBABLITY OF VIOLATION: 0.4001 percent 
Total Time: 0.012206 s
Analysis Time: 0.011720 s
Probability Time: 0.000487 s
Done.
