** CON **
c ApproxMC SHA revision efa1667e4e09b2d5f2c61042efe377ce3107fdd3
c ApproxMC version 4.0.1
c ApproxMC compilation env CMAKE_CXX_COMPILER = /usr/bin/c++ | CMAKE_CXX_FLAGS =  -Wall -Wextra -Wunused -Wsign-compare -fno-omit-frame-pointer -Wtype-limits -Wuninitialized -Wno-deprecated -Wstrict-aliasing -Wpointer-arith -fvisibility=hidden -Wpointer-arith -Wformat-nonliteral -Winit-self -Wparentheses -Wunreachable-code -g -fvisibility=hidden -Wlogical-op -Wrestrict -Wnull-dereference -Wdouble-promotion -Wshadow -Wformat=2 -Wextra-semi -pedantic | COMPILE_DEFINES =  -DBOOST_TEST_DYN_LINK | STATICCOMPILE = OFF | Boost_FOUND = TRUE | ZLIB_FOUND = TRUE | VALGRIND_FOUND =  | GMP_FOUND = TRUE | ENABLE_ASSERTIONS = ON | MY_TARGETS =  | compilation date time = Aug  8 2022 16:18:18
c ApproxMC compiled with gcc version 9.4.0
c CryptoMiniSat version 5.11.0
c CMS Copyright (C) 2009-2020 Authors of CryptoMiniSat, see AUTHORS file
c CMS SHA revision 716b89be078f98fb615cf30a1f663b4903c08d9d
c CMS is MIT licensed
c Using VMTF code by Armin Biere from CaDiCaL
c Using Yalsat by Armin Biere, see Balint et al. Improving implementation of SLS solvers [...], SAT'14
c Using WalkSAT by Henry Kautz, see Kautz and Selman Pushing the envelope: planning, propositional logic, and stochastic search, AAAI'96,
c Using code from 'When Boolean Satisfiability Meets Gauss-E. in a Simplex Way'
c       by C.-S. Han and J.-H. Roland Jiang in CAV 2012. Fixes by M. Soos
c Using CCAnr from 'CCAnr: A Conf. Checking Based Local Search Solver [...]'
c       by Shaowei Cai, Chuan Luo, and Kaile Su, SAT 2015
c CMS compilation env CMAKE_CXX_COMPILER = /usr/bin/c++ | CMAKE_CXX_FLAGS =  -fvisibility=hidden -Wall -Wextra -Wunused -Wsign-compare -fno-omit-frame-pointer -Wtype-limits -Wuninitialized -Wno-deprecated -Wstrict-aliasing -Wpointer-arith -Wpointer-arith -Wformat-nonliteral -Winit-self -Wparentheses -Wunreachable-code -g -Wno-class-memaccess -mpopcnt -msse4.2 -ggdb3 -Wlogical-op -Wrestrict -Wnull-dereference -Wdouble-promotion -Wshadow -Wformat=2 -Wextra-semi -pedantic | COMPILE_DEFINES =  -DRDB0_ONLY_FEATURES -DBOOST_TEST_DYN_LINK -DUSE_ZLIB -DYALSAT_FPU | STATICCOMPILE = OFF | ONLY_SIMPLE = OFF | Boost_FOUND = TRUE | STATS = OFF | SQLITE3_FOUND = FALSE | ZLIB_FOUND = TRUE | VALGRIND_FOUND =  | ENABLE_TESTING = OFF | M4RI_FOUND =  | NOM4RI = ON | SLOW_DEBUG = OFF | ENABLE_ASSERTIONS = ON | PYTHON_EXECUTABLE =  | PYTHON_LIBRARY =  | PYTHON_INCLUDE_DIRS =  | MY_TARGETS =  | LARGEMEM = OFF | LIMITMEM = OFF | BREAKID_LIBRARIES =  | BREAKID-VER = . | BOSPHORUS_LIBRARIES =  | BOSPH-VER = . | compilation date time = Aug  8 2022 16:16:45
c CMS compiled with gcc version 9.4.0
c executed with command line: approxmc -s 03 /experiments/results/bwd_loop7.c/03/counterSharp/con.dimacs
c Arjun SHA revision 416b100492d00bc51dbe98963e981906ddb47d83
** AMM **
c ApproxMC SHA revision efa1667e4e09b2d5f2c61042efe377ce3107fdd3
c ApproxMC version 4.0.1
c ApproxMC compilation env CMAKE_CXX_COMPILER = /usr/bin/c++ | CMAKE_CXX_FLAGS =  -Wall -Wextra -Wunused -Wsign-compare -fno-omit-frame-pointer -Wtype-limits -Wuninitialized -Wno-deprecated -Wstrict-aliasing -Wpointer-arith -fvisibility=hidden -Wpointer-arith -Wformat-nonliteral -Winit-self -Wparentheses -Wunreachable-code -g -fvisibility=hidden -Wlogical-op -Wrestrict -Wnull-dereference -Wdouble-promotion -Wshadow -Wformat=2 -Wextra-semi -pedantic | COMPILE_DEFINES =  -DBOOST_TEST_DYN_LINK | STATICCOMPILE = OFF | Boost_FOUND = TRUE | ZLIB_FOUND = TRUE | VALGRIND_FOUND =  | GMP_FOUND = TRUE | ENABLE_ASSERTIONS = ON | MY_TARGETS =  | compilation date time = Aug  8 2022 16:18:18
c ApproxMC compiled with gcc version 9.4.0
c CryptoMiniSat version 5.11.0
c CMS Copyright (C) 2009-2020 Authors of CryptoMiniSat, see AUTHORS file
c CMS SHA revision 716b89be078f98fb615cf30a1f663b4903c08d9d
c CMS is MIT licensed
c Using VMTF code by Armin Biere from CaDiCaL
c Using Yalsat by Armin Biere, see Balint et al. Improving implementation of SLS solvers [...], SAT'14
c Using WalkSAT by Henry Kautz, see Kautz and Selman Pushing the envelope: planning, propositional logic, and stochastic search, AAAI'96,
c Using code from 'When Boolean Satisfiability Meets Gauss-E. in a Simplex Way'
c       by C.-S. Han and J.-H. Roland Jiang in CAV 2012. Fixes by M. Soos
c Using CCAnr from 'CCAnr: A Conf. Checking Based Local Search Solver [...]'
c       by Shaowei Cai, Chuan Luo, and Kaile Su, SAT 2015
c CMS compilation env CMAKE_CXX_COMPILER = /usr/bin/c++ | CMAKE_CXX_FLAGS =  -fvisibility=hidden -Wall -Wextra -Wunused -Wsign-compare -fno-omit-frame-pointer -Wtype-limits -Wuninitialized -Wno-deprecated -Wstrict-aliasing -Wpointer-arith -Wpointer-arith -Wformat-nonliteral -Winit-self -Wparentheses -Wunreachable-code -g -Wno-class-memaccess -mpopcnt -msse4.2 -ggdb3 -Wlogical-op -Wrestrict -Wnull-dereference -Wdouble-promotion -Wshadow -Wformat=2 -Wextra-semi -pedantic | COMPILE_DEFINES =  -DRDB0_ONLY_FEATURES -DBOOST_TEST_DYN_LINK -DUSE_ZLIB -DYALSAT_FPU | STATICCOMPILE = OFF | ONLY_SIMPLE = OFF | Boost_FOUND = TRUE | STATS = OFF | SQLITE3_FOUND = FALSE | ZLIB_FOUND = TRUE | VALGRIND_FOUND =  | ENABLE_TESTING = OFF | M4RI_FOUND =  | NOM4RI = ON | SLOW_DEBUG = OFF | ENABLE_ASSERTIONS = ON | PYTHON_EXECUTABLE =  | PYTHON_LIBRARY =  | PYTHON_INCLUDE_DIRS =  | MY_TARGETS =  | LARGEMEM = OFF | LIMITMEM = OFF | BREAKID_LIBRARIES =  | BREAKID-VER = . | BOSPHORUS_LIBRARIES =  | BOSPH-VER = . | compilation date time = Aug  8 2022 16:16:45
c CMS compiled with gcc version 9.4.0
c executed with command line: approxmc -s 03 /experiments/results/bwd_loop7.c/03/counterSharp/amm.dimacs
c Arjun SHA revision 416b100492d00bc51dbe98963e981906ddb47d83
c -- header says num vars:          41937
c -- header says num clauses:      170246
c WARNING: Empty line at line number 170659 -- this is not part of the DIMACS specifications (http://www.satcompetition.org/2009/format-benchmarks2009.html). Ignoring.
c -- clauses added: 170246
c -- xor clauses added: 0
c -- vars added 41937
c Original sampling vars: 3 4 5 6 7 8 9 10 11 12 13 14 15 16 17 18 19 20 21 22 23 24 25 26 27 28 29 30 31 32 33 34 
c [appmc] Orig sampling vars size: 32
c --> Executing OCC strategy token(s): 'occ-xor,'
c [occ] mem usage for occur      3 MB
c [occ] Linked in IRRED BIN by default: 43826
c [occ] Linked in RED   BIN by default: 0
c [occ] mem usage for occur      2 MB
c Mem for watch alloc      : 3           MB (13.21     %)
c Mem for watch array      : 2           MB (8.62      %)
c --> Executing OCC strategy token: occ-xor
c [occ-xor] sort occur list T: 0.00
c [xor-clean-equiv] removed equivalent xors: 0 left with: 2103
c [occ-xor] found   2103 avg sz 3.0 min sz  3 max sz  3 T: 0.01 T-out: N T-r: 99.84%
c [occ] mem usage for occur      3 MB
c [occ] Linked in IRRED BIN by default: 43826
c [occ] Linked in RED   BIN by default: 0
c [occ] mem usage for occur      2 MB
c Mem for watch alloc      : 3           MB (12.59     %)
c Mem for watch array      : 2           MB (8.22      %)
c [occ-gates] found: 10703 avg-s: 2.0 T: 0.01 T-out: N T-r: 95.04%
c [occ] mem usage for occur      3 MB
c [occ] Linked in IRRED BIN by default: 43826
c [occ] Linked in RED   BIN by default: 0
c [occ] mem usage for occur      2 MB
c Mem for watch alloc      : 3           MB (12.97     %)
c Mem for watch array      : 2           MB (7.95      %)
c [arjun-simp] GATE-based Potential was: 0 Non-zero OCCs were: 0 removed: 0 perc: 0.00 T: 0.07
c [occ] mem usage for occur      3 MB
c [occ] Linked in IRRED BIN by default: 43826
c [occ] Linked in RED   BIN by default: 0
c [occ] mem usage for occur      2 MB
c Mem for watch alloc      : 3           MB (13.39     %)
c Mem for watch array      : 2           MB (8.21      %)
c [gate-definable] no-cls-match-filt: 32 pico ran: 0 unsat: 0 0-occ: 0 too-many-occ: 0 empty-res: 0
c [arjun-simp] IRREG-GATE-based removed: 0 perc: 0.00 T: 0.01
c [occ] mem usage for occur      3 MB
c [occ] Linked in IRRED BIN by default: 43826
c [occ] Linked in RED   BIN by default: 0
c [occ] mem usage for occur      2 MB
c Mem for watch alloc      : 3           MB (13.39     %)
c Mem for watch array      : 2           MB (8.21      %)
c [cms-equiv-sub] equiv_subformula: 0 empty_occ: 0 T: 0.00
c [arjun-simp] equiv-subform removed: 0 perc: 0.00 total equiv_subform now: 0 T: 0.01
c [arjun-simp] CMS::simplify() with no BVE, intree probe...
c [arjun-simp] CMS::simplify() with no BVE finished. T: 0.15
c [arjun-simp] Removed eq lits: 0 new size: 32
c [arjun-simp] Removed set       : 0 new size: 32
c [arjun-simp] Removed set       : 0 new size: 32
c [arjun-simp] Removed eq lits: 0 new size: 32
c [arjun-simp] probe removed: 0 perc: 0.00 T: 0.02
c [occ] mem usage for occur      2 MB
c [occ] Linked in IRRED BIN by default: 13689
c [occ] Linked in RED   BIN by default: 11
c [occ] mem usage for occur      0 MB
c Mem for watch alloc      : 3           MB (15.51     %)
c Mem for watch array      : 1           MB (7.54      %)
c [cms-equiv-sub] equiv_subformula: 0 empty_occ: 0 T: 0.00
c [arjun-simp] equiv-subform removed: 0 perc: 0.00 total equiv_subform now: 0 T: 0.02
c [arjun-simp] IRREG-GATE-based removed: 0 perc: 0.00 T: 0.02
c [arjun] simplification finished  removed: 0 perc: 0.00 T: 0.32
c [arjun] Duplicating CNF...
c [arjun] Duplicated CNF. T: 0.03
c [arjun] CMS::simplify() with *only* BVE...
c [arjun] CMS::simplify() with *only* BVE finished. T: 1.85
c [arjun] Adding fixed clauses time: 0.00
c [arjun] Start unknown size: 32
c [arjun] backward round finished T: 0.00
c [arjun] get_indep_set finished T: 2.20
c ind 41904 41903 41902 41901 41900 41899 41898 41897 41896 41895 41894 41893 41892 41891 41890 41889 41888 41887 41886 41885 41884 41883 41882 41881 41880 41879 41878 41877 41876 41875 41874 41905 0
c [arjun] final set size:           32 percent of original: 100.0000 %
c [arjun] of which empty occs:       0 percent of original: 0.0000 %
c [appmc] Sampling set size: 32
c [appmc] Sampling set: 41874, 41875, 41876, 41877, 41878, 41879, 41880, 41881, 41882, 41883, 41884, 41885, 41886, 41887, 41888, 41889, 41890, 41891, 41892, 41893, 41894, 41895, 41896, 41897, 41898, 41899, 41900, 41901, 41902, 41903, 41904, 41905, 
c [appmc] threshold set to 72 sparse: 0
c [appmc] Starting up, initial measurement
c [appmc] Checking if there are at least threshold+1 solutions...
c [appmc] simplifying
c [appmc] [    1.42 ] bounded_sol_count looking for   73 solutions -- hashes active: 0
c [appmc] repeat solutions:      0 checked:      0 out of:      0
c [appmc] Starting at hash count: 1
c [appmc] [    1.43 ] round:  0 hashes:      1
c [appmc] [    1.43 ] bounded_sol_count looking for   73 solutions -- hashes active: 1
c [appmc] repeat solutions:     35 checked:     73 out of:     73
c [appmc] [    1.44 ] round:  0 hashes:      2
c [appmc] [    1.44 ] bounded_sol_count looking for   73 solutions -- hashes active: 2
c [appmc] repeat solutions:     36 checked:    111 out of:    111
c [appmc] [    1.46 ] round:  0 hashes:      4
c [appmc] [    1.46 ] bounded_sol_count looking for   73 solutions -- hashes active: 4
c [appmc] repeat solutions:     22 checked:    148 out of:    148
c [appmc] [    1.47 ] round:  0 hashes:      8
c [appmc] [    1.47 ] bounded_sol_count looking for   73 solutions -- hashes active: 8
c [appmc] repeat solutions:      7 checked:    199 out of:    199
c [appmc] [    1.50 ] round:  0 hashes:     16
c [appmc] [    1.50 ] bounded_sol_count looking for   73 solutions -- hashes active: 16
c [appmc] repeat solutions:      1 checked:    265 out of:    265
c [appmc] [    1.52 ] round:  0 hashes:     24
c [appmc] [    1.52 ] bounded_sol_count looking for   73 solutions -- hashes active: 24
c [appmc] repeat solutions:      0 checked:    337 out of:    337
c [appmc] [    1.55 ] round:  0 hashes:     28
c [appmc] [    1.55 ] bounded_sol_count looking for   73 solutions -- hashes active: 28
c [appmc] repeat solutions:     12 checked:    410 out of:    410
c [appmc] [    1.55 ] round:  0 hashes:     26
c [appmc] [    1.55 ] bounded_sol_count looking for   73 solutions -- hashes active: 26
c [appmc] repeat solutions:     21 checked:    410 out of:    414
c [appmc] [    1.57 ] round:  0 hashes:     25
c [appmc] [    1.57 ] bounded_sol_count looking for   73 solutions -- hashes active: 25
c [appmc] repeat solutions:     82 checked:    410 out of:    457
c [appmc] simplifying
c [appmc] [    1.58 ] round:  1 hashes:     26
c [appmc] [    1.58 ] bounded_sol_count looking for   73 solutions -- hashes active: 26
c [appmc] repeat solutions:      0 checked:     73 out of:     73
c [appmc] [    1.60 ] round:  1 hashes:     25
c [appmc] [    1.60 ] bounded_sol_count looking for   73 solutions -- hashes active: 25
c [appmc] repeat solutions:     64 checked:     73 out of:    137
c [appmc] simplifying
c [appmc] [    1.61 ] round:  2 hashes:     26
c [appmc] [    1.61 ] bounded_sol_count looking for   73 solutions -- hashes active: 26
c [appmc] repeat solutions:      0 checked:     73 out of:     73
c [appmc] [    1.64 ] round:  2 hashes:     25
c [appmc] [    1.64 ] bounded_sol_count looking for   73 solutions -- hashes active: 25
c [appmc] repeat solutions:     64 checked:     73 out of:    137
c [appmc] simplifying
c [appmc] [    1.65 ] round:  3 hashes:     26
c [appmc] [    1.65 ] bounded_sol_count looking for   73 solutions -- hashes active: 26
c [appmc] repeat solutions:      0 checked:     73 out of:     73
c [appmc] [    1.67 ] round:  3 hashes:     25
c [appmc] [    1.67 ] bounded_sol_count looking for   73 solutions -- hashes active: 25
c [appmc] repeat solutions:     64 checked:     73 out of:    137
c [appmc] simplifying
c [appmc] [    1.69 ] round:  4 hashes:     26
c [appmc] [    1.69 ] bounded_sol_count looking for   73 solutions -- hashes active: 26
c [appmc] repeat solutions:      0 checked:     73 out of:     73
c [appmc] [    1.71 ] round:  4 hashes:     25
c [appmc] [    1.71 ] bounded_sol_count looking for   73 solutions -- hashes active: 25
c [appmc] repeat solutions:     64 checked:     73 out of:    137
c [appmc] simplifying
c [appmc] [    1.72 ] round:  5 hashes:     26
c [appmc] [    1.72 ] bounded_sol_count looking for   73 solutions -- hashes active: 26
c [appmc] repeat solutions:      0 checked:     73 out of:     73
c [appmc] [    1.75 ] round:  5 hashes:     25
c [appmc] [    1.75 ] bounded_sol_count looking for   73 solutions -- hashes active: 25
c [appmc] repeat solutions:     64 checked:     73 out of:    137
c [appmc] simplifying
c [appmc] [    1.76 ] round:  6 hashes:     26
c [appmc] [    1.76 ] bounded_sol_count looking for   73 solutions -- hashes active: 26
c [appmc] repeat solutions:      0 checked:     73 out of:     73
c [appmc] [    1.79 ] round:  6 hashes:     25
c [appmc] [    1.79 ] bounded_sol_count looking for   73 solutions -- hashes active: 25
c [appmc] repeat solutions:     64 checked:     73 out of:    137
c [appmc] simplifying
c [appmc] [    1.80 ] round:  7 hashes:     26
c [appmc] [    1.80 ] bounded_sol_count looking for   73 solutions -- hashes active: 26
c [appmc] repeat solutions:      0 checked:     73 out of:     73
c [appmc] [    1.83 ] round:  7 hashes:     25
c [appmc] [    1.83 ] bounded_sol_count looking for   73 solutions -- hashes active: 25
c [appmc] repeat solutions:     64 checked:     73 out of:    137
c [appmc] simplifying
c [appmc] [    1.84 ] round:  8 hashes:     26
c [appmc] [    1.84 ] bounded_sol_count looking for   73 solutions -- hashes active: 26
c [appmc] repeat solutions:      0 checked:     73 out of:     73
c [appmc] [    1.87 ] round:  8 hashes:     25
c [appmc] [    1.87 ] bounded_sol_count looking for   73 solutions -- hashes active: 25
c [appmc] repeat solutions:     64 checked:     73 out of:    137
c [appmc] ApproxMC T: 1.87 s
c ------- FINAL TOTAL SEARCH STATS ---------
c UIP search time          : 0.04        (0.85      % time)
c restarts                 : 1051        (0.93      confls per restart)
c blocked restarts         : 0           (0.00      per normal restart)
c time                     : 0.04        
c decisions                : 147169      (0.00      % random)
c propagations             : 202K        (5698K     props/s)
c decisions/conflicts      : 150.63      
c conflicts                : 977         
c conf lits non-minim      : 39315       (40.24     lit/confl)
c conf lits final          : 30.51       
c red which0               : 0           (0.00      % of confl)
c props/decision           : 0.00        
c props/conflict           : 0.00        
c 0-depth assigns          : 15132       (6384.81   % vars)
c 0-depth assigns by CNF   : 15132       (6384.81   % vars)
c reduceDB time            : 0.00        (0.00      % time)
c OccSimplifier time       : 0.98        (23.30     % time)
c [occur] 0.02 is overhead
c [occur] link-in T: 0.02 cleanup T: 0.00
c [occ-substr] long subBySub: 16846 subByStr: 21015 lits-rem-str: 32633 T: 0.96
c SCC time                 : 0.01        (0.24      % time)
c [scc] new: 15465 BP 0M  T: 0.01
c vrep replace time        : 0.01        (0.29      % time)
c vrep tree roots          : 1233        
c vrep trees' crown        : 15465       (12.54     leafs/tree)
c distill long time        : 0.00        (0.00      % time)
c distill bin time         : 0.00        (0.00      % time)
c strength cache-irred time: 0.00        (0.00      % time)
c strength cache-red time  : 0.00        (0.00      % time)
c avg cls in red 0         : 0.00        
c avg cls in red 1         : 0.00        
c avg cls in red 2         : 85.21       
c Conflicts in UIP         : 977         (233.10    confl/time_this_thread)
c Max Memory (rss) used    : 65852 kB    
c Total time (this thread) : 4.19        
c [appmc+arjun] Total time: 4.19
c [appmc] Number of solutions is: 64*2**26
s SATISFIABLE
s mc 4294967296
** AMH **
c ApproxMC SHA revision efa1667e4e09b2d5f2c61042efe377ce3107fdd3
c ApproxMC version 4.0.1
c ApproxMC compilation env CMAKE_CXX_COMPILER = /usr/bin/c++ | CMAKE_CXX_FLAGS =  -Wall -Wextra -Wunused -Wsign-compare -fno-omit-frame-pointer -Wtype-limits -Wuninitialized -Wno-deprecated -Wstrict-aliasing -Wpointer-arith -fvisibility=hidden -Wpointer-arith -Wformat-nonliteral -Winit-self -Wparentheses -Wunreachable-code -g -fvisibility=hidden -Wlogical-op -Wrestrict -Wnull-dereference -Wdouble-promotion -Wshadow -Wformat=2 -Wextra-semi -pedantic | COMPILE_DEFINES =  -DBOOST_TEST_DYN_LINK | STATICCOMPILE = OFF | Boost_FOUND = TRUE | ZLIB_FOUND = TRUE | VALGRIND_FOUND =  | GMP_FOUND = TRUE | ENABLE_ASSERTIONS = ON | MY_TARGETS =  | compilation date time = Aug  8 2022 16:18:18
c ApproxMC compiled with gcc version 9.4.0
c CryptoMiniSat version 5.11.0
c CMS Copyright (C) 2009-2020 Authors of CryptoMiniSat, see AUTHORS file
c CMS SHA revision 716b89be078f98fb615cf30a1f663b4903c08d9d
c CMS is MIT licensed
c Using VMTF code by Armin Biere from CaDiCaL
c Using Yalsat by Armin Biere, see Balint et al. Improving implementation of SLS solvers [...], SAT'14
c Using WalkSAT by Henry Kautz, see Kautz and Selman Pushing the envelope: planning, propositional logic, and stochastic search, AAAI'96,
c Using code from 'When Boolean Satisfiability Meets Gauss-E. in a Simplex Way'
c       by C.-S. Han and J.-H. Roland Jiang in CAV 2012. Fixes by M. Soos
c Using CCAnr from 'CCAnr: A Conf. Checking Based Local Search Solver [...]'
c       by Shaowei Cai, Chuan Luo, and Kaile Su, SAT 2015
c CMS compilation env CMAKE_CXX_COMPILER = /usr/bin/c++ | CMAKE_CXX_FLAGS =  -fvisibility=hidden -Wall -Wextra -Wunused -Wsign-compare -fno-omit-frame-pointer -Wtype-limits -Wuninitialized -Wno-deprecated -Wstrict-aliasing -Wpointer-arith -Wpointer-arith -Wformat-nonliteral -Winit-self -Wparentheses -Wunreachable-code -g -Wno-class-memaccess -mpopcnt -msse4.2 -ggdb3 -Wlogical-op -Wrestrict -Wnull-dereference -Wdouble-promotion -Wshadow -Wformat=2 -Wextra-semi -pedantic | COMPILE_DEFINES =  -DRDB0_ONLY_FEATURES -DBOOST_TEST_DYN_LINK -DUSE_ZLIB -DYALSAT_FPU | STATICCOMPILE = OFF | ONLY_SIMPLE = OFF | Boost_FOUND = TRUE | STATS = OFF | SQLITE3_FOUND = FALSE | ZLIB_FOUND = TRUE | VALGRIND_FOUND =  | ENABLE_TESTING = OFF | M4RI_FOUND =  | NOM4RI = ON | SLOW_DEBUG = OFF | ENABLE_ASSERTIONS = ON | PYTHON_EXECUTABLE =  | PYTHON_LIBRARY =  | PYTHON_INCLUDE_DIRS =  | MY_TARGETS =  | LARGEMEM = OFF | LIMITMEM = OFF | BREAKID_LIBRARIES =  | BREAKID-VER = . | BOSPHORUS_LIBRARIES =  | BOSPH-VER = . | compilation date time = Aug  8 2022 16:16:45
c CMS compiled with gcc version 9.4.0
c executed with command line: approxmc -s 03 /experiments/results/bwd_loop7.c/03/counterSharp/amh.dimacs
c Arjun SHA revision 416b100492d00bc51dbe98963e981906ddb47d83
c -- header says num vars:          41937
c -- header says num clauses:      170246
c WARNING: Empty line at line number 170659 -- this is not part of the DIMACS specifications (http://www.satcompetition.org/2009/format-benchmarks2009.html). Ignoring.
c -- clauses added: 170246
c -- xor clauses added: 0
c -- vars added 41937
c Original sampling vars: 3 4 5 6 7 8 9 10 11 12 13 14 15 16 17 18 19 20 21 22 23 24 25 26 27 28 29 30 31 32 33 34 
c [appmc] Orig sampling vars size: 32
c --> Executing OCC strategy token(s): 'occ-xor,'
c [occ] mem usage for occur      3 MB
c [occ] Linked in IRRED BIN by default: 43794
c [occ] Linked in RED   BIN by default: 0
c [occ] mem usage for occur      2 MB
c Mem for watch alloc      : 3           MB (13.21     %)
c Mem for watch array      : 2           MB (8.62      %)
c --> Executing OCC strategy token: occ-xor
c [occ-xor] sort occur list T: 0.00
c [xor-clean-equiv] removed equivalent xors: 0 left with: 2102
c [occ-xor] found   2102 avg sz 3.0 min sz  3 max sz  3 T: 0.01 T-out: N T-r: 99.84%
c [occ] mem usage for occur      3 MB
c [occ] Linked in IRRED BIN by default: 43794
c [occ] Linked in RED   BIN by default: 0
c [occ] mem usage for occur      2 MB
c Mem for watch alloc      : 3           MB (12.58     %)
c Mem for watch array      : 2           MB (8.21      %)
c [occ-gates] found: 10701 avg-s: 2.0 T: 0.01 T-out: N T-r: 95.04%
c [occ] mem usage for occur      3 MB
c [occ] Linked in IRRED BIN by default: 43794
c [occ] Linked in RED   BIN by default: 0
c [occ] mem usage for occur      2 MB
c Mem for watch alloc      : 3           MB (12.97     %)
c Mem for watch array      : 2           MB (7.95      %)
c [arjun-simp] GATE-based Potential was: 0 Non-zero OCCs were: 0 removed: 0 perc: 0.00 T: 0.10
c [occ] mem usage for occur      3 MB
c [occ] Linked in IRRED BIN by default: 43794
c [occ] Linked in RED   BIN by default: 0
c [occ] mem usage for occur      2 MB
c Mem for watch alloc      : 3           MB (13.39     %)
c Mem for watch array      : 2           MB (8.21      %)
c [gate-definable] no-cls-match-filt: 0 pico ran: 32 unsat: 0 0-occ: 0 too-many-occ: 0 empty-res: 0
c [arjun-simp] IRREG-GATE-based removed: 0 perc: 0.00 T: 0.02
c [occ] mem usage for occur      3 MB
c [occ] Linked in IRRED BIN by default: 43794
c [occ] Linked in RED   BIN by default: 0
c [occ] mem usage for occur      2 MB
c Mem for watch alloc      : 3           MB (13.39     %)
c Mem for watch array      : 2           MB (8.21      %)
c [cms-equiv-sub] equiv_subformula: 0 empty_occ: 0 T: 0.00
c [arjun-simp] equiv-subform removed: 0 perc: 0.00 total equiv_subform now: 0 T: 0.02
c [arjun-simp] CMS::simplify() with no BVE, intree probe...
c [arjun-simp] CMS::simplify() with no BVE finished. T: 0.18
c [arjun-simp] Removed eq lits: 0 new size: 32
c [arjun-simp] Removed set       : 0 new size: 32
c [arjun-simp] Removed set       : 28 new size: 4
c [arjun-simp] Removed eq lits: 0 new size: 4
c [arjun-simp] probe removed: 28 perc: 87.50 T: 0.02
c [occ] mem usage for occur      1 MB
c [occ] Linked in IRRED BIN by default: 12328
c [occ] Linked in RED   BIN by default: 31
c [occ] mem usage for occur      0 MB
c Mem for watch alloc      : 3           MB (15.51     %)
c Mem for watch array      : 1           MB (7.54      %)
c [cms-equiv-sub] equiv_subformula: 0 empty_occ: 0 T: 0.00
c [arjun-simp] equiv-subform removed: 0 perc: 0.00 total equiv_subform now: 0 T: 0.02
c [arjun-simp] IRREG-GATE-based removed: 0 perc: 0.00 T: 0.02
c [arjun] simplification finished  removed: 28 perc: 87.50 T: 0.40
c [arjun] Duplicating CNF...
c [arjun] Duplicated CNF. T: 0.05
c [arjun] CMS::simplify() with *only* BVE...
c [arjun] CMS::simplify() with *only* BVE finished. T: 1.70
c [arjun] Adding fixed clauses time: 0.00
c [arjun] Start unknown size: 4
c [arjun] backward round finished T: 0.00
c [arjun] get_indep_set finished T: 2.16
c ind 41877 41876 41875 41874 0
c [arjun] final set size:            4 percent of original: 12.5000 %
c [arjun] of which empty occs:       0 percent of original: 0.0000 %
c [appmc] Sampling set size: 4
c [appmc] Sampling set: 41874, 41875, 41876, 41877, 
c [appmc] threshold set to 72 sparse: 0
c [appmc] Starting up, initial measurement
c [appmc] Checking if there are at least threshold+1 solutions...
c [appmc] simplifying
c [appmc] [    1.21 ] bounded_sol_count looking for   73 solutions -- hashes active: 0
c [appmc] repeat solutions:      0 checked:      0 out of:      0
c [appmc] Did not find at least threshold+1 (72) we found only 10, i.e. we got exact count
c [appmc] ApproxMC T: 1.24 s
c ------- FINAL TOTAL SEARCH STATS ---------
c UIP search time          : 0.03        (0.79      % time)
c restarts                 : 15          (77.47     confls per restart)
c blocked restarts         : 0           (0.00      per normal restart)
c time                     : 0.03        
c decisions                : 5963        (0.00      % random)
c propagations             : 157K        (5626K     props/s)
c decisions/conflicts      : 5.13        
c conflicts                : 1162        
c conf lits non-minim      : 13814       (11.89     lit/confl)
c conf lits final          : 9.92        
c red which0               : 281         (24.18     % of confl)
c props/decision           : 0.00        
c props/conflict           : 0.00        
c 0-depth assigns          : 16101       (681.67    % vars)
c 0-depth assigns by CNF   : 16063       (680.06    % vars)
c reduceDB time            : 0.00        (0.00      % time)
c OccSimplifier time       : 0.11        (3.05      % time)
c [occur] 0.02 is overhead
c [occur] link-in T: 0.01 cleanup T: 0.00
c [occ-substr] long subBySub: 1917 subByStr: 1185 lits-rem-str: 2573 T: 0.08
c SCC time                 : 0.01        (0.33      % time)
c [scc] new: 15467 BP 0M  T: 0.01
c vrep replace time        : 0.02        (0.45      % time)
c vrep tree roots          : 1234        
c vrep trees' crown        : 15467       (12.53     leafs/tree)
c distill long time        : 0.00        (0.00      % time)
c distill bin time         : 0.00        (0.00      % time)
c strength cache-irred time: 0.00        (0.00      % time)
c strength cache-red time  : 0.00        (0.00      % time)
c avg cls in red 0         : 119.90      
c avg cls in red 1         : 367.70      
c avg cls in red 2         : 214.85      
c Conflicts in UIP         : 1162        (327.87    confl/time_this_thread)
c Max Memory (rss) used    : 63680 kB    
c Total time (this thread) : 3.54        
c [appmc+arjun] Total time: 3.54
c [appmc] Number of solutions is: 10*2**0
s SATISFIABLE
s mc 10
** ASM **
c ApproxMC SHA revision efa1667e4e09b2d5f2c61042efe377ce3107fdd3
c ApproxMC version 4.0.1
c ApproxMC compilation env CMAKE_CXX_COMPILER = /usr/bin/c++ | CMAKE_CXX_FLAGS =  -Wall -Wextra -Wunused -Wsign-compare -fno-omit-frame-pointer -Wtype-limits -Wuninitialized -Wno-deprecated -Wstrict-aliasing -Wpointer-arith -fvisibility=hidden -Wpointer-arith -Wformat-nonliteral -Winit-self -Wparentheses -Wunreachable-code -g -fvisibility=hidden -Wlogical-op -Wrestrict -Wnull-dereference -Wdouble-promotion -Wshadow -Wformat=2 -Wextra-semi -pedantic | COMPILE_DEFINES =  -DBOOST_TEST_DYN_LINK | STATICCOMPILE = OFF | Boost_FOUND = TRUE | ZLIB_FOUND = TRUE | VALGRIND_FOUND =  | GMP_FOUND = TRUE | ENABLE_ASSERTIONS = ON | MY_TARGETS =  | compilation date time = Aug  8 2022 16:18:18
c ApproxMC compiled with gcc version 9.4.0
c CryptoMiniSat version 5.11.0
c CMS Copyright (C) 2009-2020 Authors of CryptoMiniSat, see AUTHORS file
c CMS SHA revision 716b89be078f98fb615cf30a1f663b4903c08d9d
c CMS is MIT licensed
c Using VMTF code by Armin Biere from CaDiCaL
c Using Yalsat by Armin Biere, see Balint et al. Improving implementation of SLS solvers [...], SAT'14
c Using WalkSAT by Henry Kautz, see Kautz and Selman Pushing the envelope: planning, propositional logic, and stochastic search, AAAI'96,
c Using code from 'When Boolean Satisfiability Meets Gauss-E. in a Simplex Way'
c       by C.-S. Han and J.-H. Roland Jiang in CAV 2012. Fixes by M. Soos
c Using CCAnr from 'CCAnr: A Conf. Checking Based Local Search Solver [...]'
c       by Shaowei Cai, Chuan Luo, and Kaile Su, SAT 2015
c CMS compilation env CMAKE_CXX_COMPILER = /usr/bin/c++ | CMAKE_CXX_FLAGS =  -fvisibility=hidden -Wall -Wextra -Wunused -Wsign-compare -fno-omit-frame-pointer -Wtype-limits -Wuninitialized -Wno-deprecated -Wstrict-aliasing -Wpointer-arith -Wpointer-arith -Wformat-nonliteral -Winit-self -Wparentheses -Wunreachable-code -g -Wno-class-memaccess -mpopcnt -msse4.2 -ggdb3 -Wlogical-op -Wrestrict -Wnull-dereference -Wdouble-promotion -Wshadow -Wformat=2 -Wextra-semi -pedantic | COMPILE_DEFINES =  -DRDB0_ONLY_FEATURES -DBOOST_TEST_DYN_LINK -DUSE_ZLIB -DYALSAT_FPU | STATICCOMPILE = OFF | ONLY_SIMPLE = OFF | Boost_FOUND = TRUE | STATS = OFF | SQLITE3_FOUND = FALSE | ZLIB_FOUND = TRUE | VALGRIND_FOUND =  | ENABLE_TESTING = OFF | M4RI_FOUND =  | NOM4RI = ON | SLOW_DEBUG = OFF | ENABLE_ASSERTIONS = ON | PYTHON_EXECUTABLE =  | PYTHON_LIBRARY =  | PYTHON_INCLUDE_DIRS =  | MY_TARGETS =  | LARGEMEM = OFF | LIMITMEM = OFF | BREAKID_LIBRARIES =  | BREAKID-VER = . | BOSPHORUS_LIBRARIES =  | BOSPH-VER = . | compilation date time = Aug  8 2022 16:16:45
c CMS compiled with gcc version 9.4.0
c executed with command line: approxmc -s 03 /experiments/results/bwd_loop7.c/03/counterSharp/asm.dimacs
c Arjun SHA revision 416b100492d00bc51dbe98963e981906ddb47d83
c -- header says num vars:          41939
c -- header says num clauses:      170252
c WARNING: Empty line at line number 170667 -- this is not part of the DIMACS specifications (http://www.satcompetition.org/2009/format-benchmarks2009.html). Ignoring.
c -- clauses added: 170252
c -- xor clauses added: 0
c -- vars added 41939
c Original sampling vars: 3 4 5 6 7 8 9 10 11 12 13 14 15 16 17 18 19 20 21 22 23 24 25 26 27 28 29 30 31 32 33 34 
c [appmc] Orig sampling vars size: 32
c --> Executing OCC strategy token(s): 'occ-xor,'
c [occ] mem usage for occur      3 MB
c [occ] Linked in IRRED BIN by default: 43789
c [occ] Linked in RED   BIN by default: 0
c [occ] mem usage for occur      2 MB
c Mem for watch alloc      : 3           MB (13.21     %)
c Mem for watch array      : 2           MB (8.62      %)
c --> Executing OCC strategy token: occ-xor
c [occ-xor] sort occur list T: 0.00
c [xor-clean-equiv] removed equivalent xors: 0 left with: 2102
c [occ-xor] found   2102 avg sz 3.0 min sz  3 max sz  3 T: 0.01 T-out: N T-r: 99.84%
c [occ] mem usage for occur      3 MB
c [occ] Linked in IRRED BIN by default: 43789
c [occ] Linked in RED   BIN by default: 0
c [occ] mem usage for occur      2 MB
c Mem for watch alloc      : 3           MB (12.59     %)
c Mem for watch array      : 2           MB (8.22      %)
c [occ-gates] found: 10700 avg-s: 2.0 T: 0.00 T-out: N T-r: 95.04%
c [occ] mem usage for occur      3 MB
c [occ] Linked in IRRED BIN by default: 43789
c [occ] Linked in RED   BIN by default: 0
c [occ] mem usage for occur      2 MB
c Mem for watch alloc      : 3           MB (12.97     %)
c Mem for watch array      : 2           MB (7.95      %)
c [arjun-simp] GATE-based Potential was: 0 Non-zero OCCs were: 0 removed: 0 perc: 0.00 T: 0.08
c [occ] mem usage for occur      3 MB
c [occ] Linked in IRRED BIN by default: 43789
c [occ] Linked in RED   BIN by default: 0
c [occ] mem usage for occur      2 MB
c Mem for watch alloc      : 3           MB (13.39     %)
c Mem for watch array      : 2           MB (8.21      %)
c [gate-definable] no-cls-match-filt: 0 pico ran: 32 unsat: 0 0-occ: 0 too-many-occ: 0 empty-res: 0
c [arjun-simp] IRREG-GATE-based removed: 0 perc: 0.00 T: 0.01
c [occ] mem usage for occur      3 MB
c [occ] Linked in IRRED BIN by default: 43789
c [occ] Linked in RED   BIN by default: 0
c [occ] mem usage for occur      2 MB
c Mem for watch alloc      : 3           MB (13.39     %)
c Mem for watch array      : 2           MB (8.21      %)
c [cms-equiv-sub] equiv_subformula: 0 empty_occ: 0 T: 0.00
c [arjun-simp] equiv-subform removed: 0 perc: 0.00 total equiv_subform now: 0 T: 0.01
c [arjun-simp] CMS::simplify() with no BVE, intree probe...
c [arjun-simp] CMS::simplify() with no BVE finished. T: 0.12
c [arjun-simp] Removed eq lits: 0 new size: 32
c [arjun-simp] Removed set       : 28 new size: 4
c [arjun-simp] Removed set       : 0 new size: 4
c [arjun-simp] Removed eq lits: 0 new size: 4
c [arjun-simp] probe removed: 0 perc: 0.00 T: 0.02
c [occ] mem usage for occur      1 MB
c [occ] Linked in IRRED BIN by default: 11797
c [occ] Linked in RED   BIN by default: 352
c [occ] mem usage for occur      0 MB
c Mem for watch alloc      : 3           MB (15.56     %)
c Mem for watch array      : 1           MB (7.55      %)
c [cms-equiv-sub] equiv_subformula: 0 empty_occ: 0 T: 0.00
c [arjun-simp] equiv-subform removed: 0 perc: 0.00 total equiv_subform now: 0 T: 0.02
c [arjun-simp] IRREG-GATE-based removed: 0 perc: 0.00 T: 0.01
c [arjun] simplification finished  removed: 28 perc: 87.50 T: 0.31
c [arjun] Duplicating CNF...
c [arjun] Duplicated CNF. T: 0.02
c [arjun] CMS::simplify() with *only* BVE...
c [arjun] CMS::simplify() with *only* BVE finished. T: 2.83
c [arjun] Adding fixed clauses time: 0.00
c [arjun] Start unknown size: 4
c [arjun] backward round finished T: 0.05
c [arjun] get_indep_set finished T: 3.23
c ind 41879 41878 41877 41876 0
c [arjun] final set size:            4 percent of original: 12.5000 %
c [arjun] of which empty occs:       0 percent of original: 0.0000 %
c [appmc] Sampling set size: 4
c [appmc] Sampling set: 41876, 41877, 41878, 41879, 
c [appmc] threshold set to 72 sparse: 0
c [appmc] Starting up, initial measurement
c [appmc] Checking if there are at least threshold+1 solutions...
c [appmc] simplifying
c [appmc] [    1.45 ] bounded_sol_count looking for   73 solutions -- hashes active: 0
c [appmc] repeat solutions:      0 checked:      0 out of:      0
c [appmc] Did not find at least threshold+1 (72) we found only 4, i.e. we got exact count
c [appmc] ApproxMC T: 1.66 s
c ------- FINAL TOTAL SEARCH STATS ---------
c UIP search time          : 0.21        (4.16      % time)
c restarts                 : 22          (225.27    confls per restart)
c blocked restarts         : 0           (0.00      per normal restart)
c time                     : 0.21        
c decisions                : 18996       (0.00      % random)
c propagations             : 693K        (3336K     props/s)
c decisions/conflicts      : 3.83        
c conflicts                : 4956        
c conf lits non-minim      : 110526      (22.30     lit/confl)
c conf lits final          : 14.93       
c red which0               : 1286        (25.95     % of confl)
c props/decision           : 0.00        
c props/conflict           : 0.00        
c 0-depth assigns          : 17284       (727.75    % vars)
c 0-depth assigns by CNF   : 16880       (710.74    % vars)
c reduceDB time            : 0.00        (0.00      % time)
c OccSimplifier time       : 0.16        (3.12      % time)
c [occur] 0.02 is overhead
c [occur] link-in T: 0.02 cleanup T: 0.00
c [occ-substr] long subBySub: 2737 subByStr: 2300 lits-rem-str: 3221 T: 0.11
c SCC time                 : 0.01        (0.20      % time)
c [scc] new: 15453 BP 0M  T: 0.01
c vrep replace time        : 0.02        (0.32      % time)
c vrep tree roots          : 1219        
c vrep trees' crown        : 15452       (12.68     leafs/tree)
c distill long time        : 0.00        (0.00      % time)
c distill bin time         : 0.00        (0.00      % time)
c strength cache-irred time: 0.00        (0.00      % time)
c strength cache-red time  : 0.00        (0.00      % time)
c avg cls in red 0         : 644.18      
c avg cls in red 1         : 1303.56     
c avg cls in red 2         : 758.40      
c Conflicts in UIP         : 4956        (990.60    confl/time_this_thread)
c Max Memory (rss) used    : 65620 kB    
c Total time (this thread) : 5.00        
c [appmc+arjun] Total time: 5.00
c [appmc] Number of solutions is: 4*2**0
s SATISFIABLE
s mc 4
** ASH **
c ApproxMC SHA revision efa1667e4e09b2d5f2c61042efe377ce3107fdd3
c ApproxMC version 4.0.1
c ApproxMC compilation env CMAKE_CXX_COMPILER = /usr/bin/c++ | CMAKE_CXX_FLAGS =  -Wall -Wextra -Wunused -Wsign-compare -fno-omit-frame-pointer -Wtype-limits -Wuninitialized -Wno-deprecated -Wstrict-aliasing -Wpointer-arith -fvisibility=hidden -Wpointer-arith -Wformat-nonliteral -Winit-self -Wparentheses -Wunreachable-code -g -fvisibility=hidden -Wlogical-op -Wrestrict -Wnull-dereference -Wdouble-promotion -Wshadow -Wformat=2 -Wextra-semi -pedantic | COMPILE_DEFINES =  -DBOOST_TEST_DYN_LINK | STATICCOMPILE = OFF | Boost_FOUND = TRUE | ZLIB_FOUND = TRUE | VALGRIND_FOUND =  | GMP_FOUND = TRUE | ENABLE_ASSERTIONS = ON | MY_TARGETS =  | compilation date time = Aug  8 2022 16:18:18
c ApproxMC compiled with gcc version 9.4.0
c CryptoMiniSat version 5.11.0
c CMS Copyright (C) 2009-2020 Authors of CryptoMiniSat, see AUTHORS file
c CMS SHA revision 716b89be078f98fb615cf30a1f663b4903c08d9d
c CMS is MIT licensed
c Using VMTF code by Armin Biere from CaDiCaL
c Using Yalsat by Armin Biere, see Balint et al. Improving implementation of SLS solvers [...], SAT'14
c Using WalkSAT by Henry Kautz, see Kautz and Selman Pushing the envelope: planning, propositional logic, and stochastic search, AAAI'96,
c Using code from 'When Boolean Satisfiability Meets Gauss-E. in a Simplex Way'
c       by C.-S. Han and J.-H. Roland Jiang in CAV 2012. Fixes by M. Soos
c Using CCAnr from 'CCAnr: A Conf. Checking Based Local Search Solver [...]'
c       by Shaowei Cai, Chuan Luo, and Kaile Su, SAT 2015
c CMS compilation env CMAKE_CXX_COMPILER = /usr/bin/c++ | CMAKE_CXX_FLAGS =  -fvisibility=hidden -Wall -Wextra -Wunused -Wsign-compare -fno-omit-frame-pointer -Wtype-limits -Wuninitialized -Wno-deprecated -Wstrict-aliasing -Wpointer-arith -Wpointer-arith -Wformat-nonliteral -Winit-self -Wparentheses -Wunreachable-code -g -Wno-class-memaccess -mpopcnt -msse4.2 -ggdb3 -Wlogical-op -Wrestrict -Wnull-dereference -Wdouble-promotion -Wshadow -Wformat=2 -Wextra-semi -pedantic | COMPILE_DEFINES =  -DRDB0_ONLY_FEATURES -DBOOST_TEST_DYN_LINK -DUSE_ZLIB -DYALSAT_FPU | STATICCOMPILE = OFF | ONLY_SIMPLE = OFF | Boost_FOUND = TRUE | STATS = OFF | SQLITE3_FOUND = FALSE | ZLIB_FOUND = TRUE | VALGRIND_FOUND =  | ENABLE_TESTING = OFF | M4RI_FOUND =  | NOM4RI = ON | SLOW_DEBUG = OFF | ENABLE_ASSERTIONS = ON | PYTHON_EXECUTABLE =  | PYTHON_LIBRARY =  | PYTHON_INCLUDE_DIRS =  | MY_TARGETS =  | LARGEMEM = OFF | LIMITMEM = OFF | BREAKID_LIBRARIES =  | BREAKID-VER = . | BOSPHORUS_LIBRARIES =  | BOSPH-VER = . | compilation date time = Aug  8 2022 16:16:45
c CMS compiled with gcc version 9.4.0
c executed with command line: approxmc -s 03 /experiments/results/bwd_loop7.c/03/counterSharp/ash.dimacs
c Arjun SHA revision 416b100492d00bc51dbe98963e981906ddb47d83
c -- header says num vars:          41939
c -- header says num clauses:      170252
c WARNING: Empty line at line number 170667 -- this is not part of the DIMACS specifications (http://www.satcompetition.org/2009/format-benchmarks2009.html). Ignoring.
c -- clauses added: 170252
c -- xor clauses added: 0
c -- vars added 41939
c Original sampling vars: 3 4 5 6 7 8 9 10 11 12 13 14 15 16 17 18 19 20 21 22 23 24 25 26 27 28 29 30 31 32 33 34 
c [appmc] Orig sampling vars size: 32
c --> Executing OCC strategy token(s): 'occ-xor,'
c [occ] mem usage for occur      3 MB
c [occ] Linked in IRRED BIN by default: 43758
c [occ] Linked in RED   BIN by default: 0
c [occ] mem usage for occur      2 MB
c Mem for watch alloc      : 3           MB (13.21     %)
c Mem for watch array      : 2           MB (8.62      %)
c --> Executing OCC strategy token: occ-xor
c [occ-xor] sort occur list T: 0.00
c [xor-clean-equiv] removed equivalent xors: 0 left with: 2101
c [occ-xor] found   2101 avg sz 3.0 min sz  3 max sz  3 T: 0.01 T-out: N T-r: 99.84%
c [occ] mem usage for occur      3 MB
c [occ] Linked in IRRED BIN by default: 43758
c [occ] Linked in RED   BIN by default: 0
c [occ] mem usage for occur      2 MB
c Mem for watch alloc      : 3           MB (12.59     %)
c Mem for watch array      : 2           MB (8.21      %)
c [occ-gates] found: 10700 avg-s: 2.0 T: 0.01 T-out: N T-r: 95.05%
c [occ] mem usage for occur      3 MB
c [occ] Linked in IRRED BIN by default: 43758
c [occ] Linked in RED   BIN by default: 0
c [occ] mem usage for occur      2 MB
c Mem for watch alloc      : 3           MB (12.97     %)
c Mem for watch array      : 2           MB (7.95      %)
c [arjun-simp] GATE-based Potential was: 0 Non-zero OCCs were: 0 removed: 0 perc: 0.00 T: 0.08
c [occ] mem usage for occur      3 MB
c [occ] Linked in IRRED BIN by default: 43758
c [occ] Linked in RED   BIN by default: 0
c [occ] mem usage for occur      2 MB
c Mem for watch alloc      : 3           MB (13.39     %)
c Mem for watch array      : 2           MB (8.21      %)
c [gate-definable] no-cls-match-filt: 0 pico ran: 32 unsat: 0 0-occ: 0 too-many-occ: 0 empty-res: 0
c [arjun-simp] IRREG-GATE-based removed: 0 perc: 0.00 T: 0.01
c [occ] mem usage for occur      3 MB
c [occ] Linked in IRRED BIN by default: 43758
c [occ] Linked in RED   BIN by default: 0
c [occ] mem usage for occur      2 MB
c Mem for watch alloc      : 3           MB (13.39     %)
c Mem for watch array      : 2           MB (8.21      %)
c [cms-equiv-sub] equiv_subformula: 0 empty_occ: 0 T: 0.00
c [arjun-simp] equiv-subform removed: 0 perc: 0.00 total equiv_subform now: 0 T: 0.01
c [arjun-simp] CMS::simplify() with no BVE, intree probe...
c [arjun-simp] CMS::simplify() with no BVE finished. T: 0.14
c [arjun-simp] Removed eq lits: 0 new size: 32
c [arjun-simp] Removed set       : 28 new size: 4
c [arjun-simp] Removed set       : 0 new size: 4
c [arjun-simp] Removed eq lits: 0 new size: 4
c [arjun-simp] probe removed: 0 perc: 0.00 T: 0.02
c [occ] mem usage for occur      1 MB
c [occ] Linked in IRRED BIN by default: 12284
c [occ] Linked in RED   BIN by default: 207
c [occ] mem usage for occur      0 MB
c Mem for watch alloc      : 3           MB (15.54     %)
c Mem for watch array      : 1           MB (7.54      %)
c [cms-equiv-sub] equiv_subformula: 0 empty_occ: 0 T: 0.00
c [arjun-simp] equiv-subform removed: 0 perc: 0.00 total equiv_subform now: 0 T: 0.02
c [arjun-simp] IRREG-GATE-based removed: 0 perc: 0.00 T: 0.02
c [arjun] simplification finished  removed: 28 perc: 87.50 T: 0.36
c [arjun] Duplicating CNF...
c [arjun] Duplicated CNF. T: 0.03
c [arjun] CMS::simplify() with *only* BVE...
c [arjun] CMS::simplify() with *only* BVE finished. T: 2.85
c [arjun] Adding fixed clauses time: 0.00
c [arjun] Start unknown size: 4
c [arjun] backward round finished T: 0.01
c [arjun] get_indep_set finished T: 3.27
c ind 41879 41878 41877 41876 0
c [arjun] final set size:            4 percent of original: 12.5000 %
c [arjun] of which empty occs:       0 percent of original: 0.0000 %
c [appmc] Sampling set size: 4
c [appmc] Sampling set: 41876, 41877, 41878, 41879, 
c [appmc] threshold set to 72 sparse: 0
c [appmc] Starting up, initial measurement
c [appmc] Checking if there are at least threshold+1 solutions...
c [appmc] simplifying
c [appmc] [    1.56 ] bounded_sol_count looking for   73 solutions -- hashes active: 0
c [appmc] repeat solutions:      0 checked:      0 out of:      0
c [appmc] Did not find at least threshold+1 (72) we found only 10, i.e. we got exact count
c [appmc] ApproxMC T: 1.63 s
c ------- FINAL TOTAL SEARCH STATS ---------
c UIP search time          : 0.05        (1.03      % time)
c restarts                 : 16          (78.50     confls per restart)
c blocked restarts         : 0           (0.00      per normal restart)
c time                     : 0.05        
c decisions                : 5604        (0.00      % random)
c propagations             : 173K        (3341K     props/s)
c decisions/conflicts      : 4.46        
c conflicts                : 1256        
c conf lits non-minim      : 22965       (18.28     lit/confl)
c conf lits final          : 13.82       
c red which0               : 241         (19.19     % of confl)
c props/decision           : 0.00        
c props/conflict           : 0.00        
c 0-depth assigns          : 16324       (616.00    % vars)
c 0-depth assigns by CNF   : 16130       (608.68    % vars)
c reduceDB time            : 0.00        (0.00      % time)
c OccSimplifier time       : 0.24        (4.70      % time)
c [occur] 0.02 is overhead
c [occur] link-in T: 0.02 cleanup T: 0.01
c [occ-substr] long subBySub: 2412 subByStr: 1585 lits-rem-str: 2786 T: 0.10
c SCC time                 : 0.01        (0.21      % time)
c [scc] new: 15466 BP 0M  T: 0.01
c vrep replace time        : 0.02        (0.32      % time)
c vrep tree roots          : 1233        
c vrep trees' crown        : 15465       (12.54     leafs/tree)
c distill long time        : 0.00        (0.00      % time)
c distill bin time         : 0.00        (0.00      % time)
c strength cache-irred time: 0.00        (0.00      % time)
c strength cache-red time  : 0.00        (0.00      % time)
c avg cls in red 0         : 108.20      
c avg cls in red 1         : 576.36      
c avg cls in red 2         : 268.99      
c Conflicts in UIP         : 1256        (250.02    confl/time_this_thread)
c Max Memory (rss) used    : 66104 kB    
c Total time (this thread) : 5.02        
c [appmc+arjun] Total time: 5.02
c [appmc] Number of solutions is: 10*2**0
s SATISFIABLE
s mc 10
