** CON **
[runlim] version:		1.10
[runlim] time limit:		311040000 seconds
[runlim] real time limit:	300 seconds
[runlim] space limit:		2048 MB
[runlim] argv[0]:		approxmc
[runlim] argv[1]:		-s
[runlim] argv[2]:		05
[runlim] argv[3]:		/experiments/results/floor.c/05/counterSharp/con.dimacs
[runlim] start:			Mon Aug  8 17:43:10 2022
[runlim] main pid:		1207
ERROR! Could not open file '/experiments/results/floor.c/05/counterSharp/con.dimacs' for reading: No such file or directory
[runlim] end:			Mon Aug  8 17:43:10 2022
[runlim] status:		ok
[runlim] result:		0
[runlim] children:		0
[runlim] real:			0.74 seconds
[runlim] time:			0.00 seconds
[runlim] space:			0.0 MB
[runlim] samples:		0
** AMM **
[runlim] version:		1.10
[runlim] time limit:		311040000 seconds
[runlim] real time limit:	300 seconds
[runlim] space limit:		2048 MB
[runlim] argv[0]:		approxmc
[runlim] argv[1]:		-s
[runlim] argv[2]:		05
[runlim] argv[3]:		/experiments/results/floor.c/05/counterSharp/amm.dimacs
[runlim] start:			Mon Aug  8 17:43:10 2022
[runlim] main pid:		1209
[runlim] sample:		9.9 time, 10.7 real, 37.1 MB
[runlim] end:			Mon Aug  8 17:43:27 2022
[runlim] status:		ok
[runlim] result:		0
[runlim] children:		0
[runlim] real:			17.50 seconds
[runlim] time:			16.62 seconds
[runlim] space:			45.5 MB
[runlim] samples:		167
** AMH **
[runlim] version:		1.10
[runlim] time limit:		311040000 seconds
[runlim] real time limit:	300 seconds
[runlim] space limit:		2048 MB
[runlim] argv[0]:		approxmc
[runlim] argv[1]:		-s
[runlim] argv[2]:		05
[runlim] argv[3]:		/experiments/results/floor.c/05/counterSharp/amh.dimacs
[runlim] start:			Mon Aug  8 17:43:27 2022
[runlim] main pid:		1211
[runlim] sample:		10.0 time, 10.5 real, 39.7 MB
[runlim] end:			Mon Aug  8 17:43:42 2022
[runlim] status:		ok
[runlim] result:		0
[runlim] children:		0
[runlim] real:			15.98 seconds
[runlim] time:			15.36 seconds
[runlim] space:			47.7 MB
[runlim] samples:		154
** ASM **
[runlim] version:		1.10
[runlim] time limit:		311040000 seconds
[runlim] real time limit:	300 seconds
[runlim] space limit:		2048 MB
[runlim] argv[0]:		approxmc
[runlim] argv[1]:		-s
[runlim] argv[2]:		05
[runlim] argv[3]:		/experiments/results/floor.c/05/counterSharp/asm.dimacs
[runlim] start:			Mon Aug  8 17:43:42 2022
[runlim] main pid:		1213
[runlim] end:			Mon Aug  8 17:43:45 2022
[runlim] status:		ok
[runlim] result:		0
[runlim] children:		0
[runlim] real:			3.46 seconds
[runlim] time:			2.26 seconds
[runlim] space:			27.7 MB
[runlim] samples:		24
** ASH **
[runlim] version:		1.10
[runlim] time limit:		311040000 seconds
[runlim] real time limit:	300 seconds
[runlim] space limit:		2048 MB
[runlim] argv[0]:		approxmc
[runlim] argv[1]:		-s
[runlim] argv[2]:		05
[runlim] argv[3]:		/experiments/results/floor.c/05/counterSharp/ash.dimacs
[runlim] start:			Mon Aug  8 17:43:45 2022
[runlim] main pid:		1215
[runlim] sample:		9.9 time, 10.5 real, 37.9 MB
[runlim] end:			Mon Aug  8 17:44:02 2022
[runlim] status:		ok
[runlim] result:		0
[runlim] children:		0
[runlim] real:			17.79 seconds
[runlim] time:			17.19 seconds
[runlim] space:			47.3 MB
[runlim] samples:		173
