** CON **
[runlim] version:		1.10
[runlim] time limit:		311040000 seconds
[runlim] real time limit:	300 seconds
[runlim] space limit:		2048 MB
[runlim] argv[0]:		approxmc
[runlim] argv[1]:		--sparse
[runlim] argv[2]:		1
[runlim] argv[3]:		-s
[runlim] argv[4]:		01
[runlim] argv[5]:		/experiments/results/hhk2008.c/01/counterSharp/con.dimacs
[runlim] start:			Mon Nov  9 17:00:00 2020
[runlim] main pid:		5165
[runlim] end:			Mon Nov  9 17:00:00 2020
[runlim] status:		ok
[runlim] result:		0
[runlim] children:		0
[runlim] real:			0.39 seconds
[runlim] time:			0.00 seconds
[runlim] space:			0.0 MB
[runlim] samples:		0
** AMM **
[runlim] version:		1.10
[runlim] time limit:		311040000 seconds
[runlim] real time limit:	300 seconds
[runlim] space limit:		2048 MB
[runlim] argv[0]:		approxmc
[runlim] argv[1]:		--sparse
[runlim] argv[2]:		1
[runlim] argv[3]:		-s
[runlim] argv[4]:		01
[runlim] argv[5]:		/experiments/results/hhk2008.c/01/counterSharp/amm.dimacs
[runlim] start:			Mon Nov  9 17:00:00 2020
[runlim] main pid:		5167
[runlim] end:			Mon Nov  9 17:00:01 2020
[runlim] status:		ok
[runlim] result:		0
[runlim] children:		0
[runlim] real:			1.37 seconds
[runlim] time:			0.89 seconds
[runlim] space:			15.2 MB
[runlim] samples:		9
** AMH **
[runlim] version:		1.10
[runlim] time limit:		311040000 seconds
[runlim] real time limit:	300 seconds
[runlim] space limit:		2048 MB
[runlim] argv[0]:		approxmc
[runlim] argv[1]:		--sparse
[runlim] argv[2]:		1
[runlim] argv[3]:		-s
[runlim] argv[4]:		01
[runlim] argv[5]:		/experiments/results/hhk2008.c/01/counterSharp/amh.dimacs
[runlim] start:			Mon Nov  9 17:00:01 2020
[runlim] main pid:		5169
[runlim] end:			Mon Nov  9 17:00:01 2020
[runlim] status:		ok
[runlim] result:		0
[runlim] children:		0
[runlim] real:			0.56 seconds
[runlim] time:			0.09 seconds
[runlim] space:			8.0 MB
[runlim] samples:		1
** ASM **
[runlim] version:		1.10
[runlim] time limit:		311040000 seconds
[runlim] real time limit:	300 seconds
[runlim] space limit:		2048 MB
[runlim] argv[0]:		approxmc
[runlim] argv[1]:		--sparse
[runlim] argv[2]:		1
[runlim] argv[3]:		-s
[runlim] argv[4]:		01
[runlim] argv[5]:		/experiments/results/hhk2008.c/01/counterSharp/asm.dimacs
[runlim] start:			Mon Nov  9 17:00:01 2020
[runlim] main pid:		5171
[runlim] end:			Mon Nov  9 17:00:01 2020
[runlim] status:		ok
[runlim] result:		0
[runlim] children:		0
[runlim] real:			0.71 seconds
[runlim] time:			0.09 seconds
[runlim] space:			8.1 MB
[runlim] samples:		1
** ASH **
[runlim] version:		1.10
[runlim] time limit:		311040000 seconds
[runlim] real time limit:	300 seconds
[runlim] space limit:		2048 MB
[runlim] argv[0]:		approxmc
[runlim] argv[1]:		--sparse
[runlim] argv[2]:		1
[runlim] argv[3]:		-s
[runlim] argv[4]:		01
[runlim] argv[5]:		/experiments/results/hhk2008.c/01/counterSharp/ash.dimacs
[runlim] start:			Mon Nov  9 17:00:01 2020
[runlim] main pid:		5173
[runlim] end:			Mon Nov  9 17:00:01 2020
[runlim] status:		ok
[runlim] result:		0
[runlim] children:		0
[runlim] real:			0.85 seconds
[runlim] time:			0.09 seconds
[runlim] space:			7.9 MB
[runlim] samples:		1
