** CON **
[runlim] version:		1.10
[runlim] time limit:		311040000 seconds
[runlim] real time limit:	300 seconds
[runlim] space limit:		2048 MB
[runlim] argv[0]:		approxmc
[runlim] argv[1]:		--sparse
[runlim] argv[2]:		1
[runlim] argv[3]:		-s
[runlim] argv[4]:		02
[runlim] argv[5]:		/experiments/results/count_up_down_true-unreach-call_true-termination-2.c/02/counterSharp/con.dimacs
[runlim] start:			Mon Nov  9 12:42:12 2020
[runlim] main pid:		3317
[runlim] end:			Mon Nov  9 12:42:22 2020
[runlim] status:		ok
[runlim] result:		0
[runlim] children:		0
[runlim] real:			10.46 seconds
[runlim] time:			9.86 seconds
[runlim] space:			114.3 MB
[runlim] samples:		99
** AMM **
[runlim] version:		1.10
[runlim] time limit:		311040000 seconds
[runlim] real time limit:	300 seconds
[runlim] space limit:		2048 MB
[runlim] argv[0]:		approxmc
[runlim] argv[1]:		--sparse
[runlim] argv[2]:		1
[runlim] argv[3]:		-s
[runlim] argv[4]:		02
[runlim] argv[5]:		/experiments/results/count_up_down_true-unreach-call_true-termination-2.c/02/counterSharp/amm.dimacs
[runlim] start:			Mon Nov  9 12:42:22 2020
[runlim] main pid:		3319
[runlim] sample:		10.0 time, 10.5 real, 73.3 MB
[runlim] sample:		20.0 time, 20.5 real, 129.6 MB
[runlim] sample:		30.0 time, 30.5 real, 134.8 MB
[runlim] sample:		40.0 time, 40.5 real, 148.3 MB
[runlim] sample:		50.0 time, 50.5 real, 102.8 MB
[runlim] sample:		60.0 time, 60.5 real, 103.0 MB
[runlim] sample:		70.0 time, 70.5 real, 148.8 MB
[runlim] sample:		80.0 time, 80.5 real, 103.2 MB
[runlim] sample:		90.0 time, 90.5 real, 103.4 MB
[runlim] sample:		100.0 time, 100.5 real, 149.3 MB
[runlim] sample:		110.0 time, 110.5 real, 103.7 MB
[runlim] sample:		120.0 time, 120.5 real, 149.6 MB
[runlim] sample:		129.9 time, 130.5 real, 104.4 MB
[runlim] sample:		140.0 time, 140.5 real, 106.2 MB
[runlim] sample:		149.9 time, 150.5 real, 150.6 MB
[runlim] sample:		159.9 time, 160.5 real, 105.1 MB
[runlim] sample:		169.9 time, 170.5 real, 150.6 MB
[runlim] end:			Mon Nov  9 12:45:13 2020
[runlim] status:		ok
[runlim] result:		0
[runlim] children:		0
[runlim] real:			172.00 seconds
[runlim] time:			171.44 seconds
[runlim] space:			150.6 MB
[runlim] samples:		1715
** AMH **
[runlim] version:		1.10
[runlim] time limit:		311040000 seconds
[runlim] real time limit:	300 seconds
[runlim] space limit:		2048 MB
[runlim] argv[0]:		approxmc
[runlim] argv[1]:		--sparse
[runlim] argv[2]:		1
[runlim] argv[3]:		-s
[runlim] argv[4]:		02
[runlim] argv[5]:		/experiments/results/count_up_down_true-unreach-call_true-termination-2.c/02/counterSharp/amh.dimacs
[runlim] start:			Mon Nov  9 12:45:13 2020
[runlim] main pid:		3321
[runlim] sample:		10.0 time, 11.0 real, 84.0 MB
[runlim] sample:		20.0 time, 21.0 real, 151.3 MB
[runlim] sample:		30.0 time, 31.0 real, 152.0 MB
[runlim] sample:		40.0 time, 41.0 real, 202.6 MB
[runlim] sample:		50.0 time, 51.0 real, 154.4 MB
[runlim] sample:		60.0 time, 61.0 real, 202.0 MB
[runlim] sample:		70.0 time, 71.0 real, 154.5 MB
[runlim] sample:		80.0 time, 81.0 real, 201.3 MB
[runlim] sample:		90.0 time, 91.0 real, 154.6 MB
[runlim] sample:		100.0 time, 101.0 real, 154.7 MB
[runlim] sample:		110.0 time, 111.0 real, 192.1 MB
[runlim] sample:		120.0 time, 121.0 real, 149.8 MB
[runlim] sample:		129.9 time, 131.0 real, 151.2 MB
[runlim] sample:		139.9 time, 141.0 real, 153.3 MB
[runlim] sample:		149.9 time, 151.0 real, 153.5 MB
[runlim] sample:		159.9 time, 161.0 real, 198.6 MB
[runlim] end:			Mon Nov  9 12:47:59 2020
[runlim] status:		ok
[runlim] result:		0
[runlim] children:		0
[runlim] real:			166.12 seconds
[runlim] time:			165.04 seconds
[runlim] space:			202.6 MB
[runlim] samples:		1651
** ASM **
[runlim] version:		1.10
[runlim] time limit:		311040000 seconds
[runlim] real time limit:	300 seconds
[runlim] space limit:		2048 MB
[runlim] argv[0]:		approxmc
[runlim] argv[1]:		--sparse
[runlim] argv[2]:		1
[runlim] argv[3]:		-s
[runlim] argv[4]:		02
[runlim] argv[5]:		/experiments/results/count_up_down_true-unreach-call_true-termination-2.c/02/counterSharp/asm.dimacs
[runlim] start:			Mon Nov  9 12:47:59 2020
[runlim] main pid:		3323
[runlim] sample:		10.0 time, 10.1 real, 74.5 MB
[runlim] sample:		20.0 time, 20.1 real, 82.5 MB
[runlim] sample:		30.0 time, 30.1 real, 82.7 MB
[runlim] sample:		40.0 time, 40.1 real, 82.6 MB
[runlim] end:			Mon Nov  9 12:48:47 2020
[runlim] status:		ok
[runlim] result:		0
[runlim] children:		0
[runlim] real:			48.36 seconds
[runlim] time:			48.18 seconds
[runlim] space:			87.4 MB
[runlim] samples:		482
** ASH **
[runlim] version:		1.10
[runlim] time limit:		311040000 seconds
[runlim] real time limit:	300 seconds
[runlim] space limit:		2048 MB
[runlim] argv[0]:		approxmc
[runlim] argv[1]:		--sparse
[runlim] argv[2]:		1
[runlim] argv[3]:		-s
[runlim] argv[4]:		02
[runlim] argv[5]:		/experiments/results/count_up_down_true-unreach-call_true-termination-2.c/02/counterSharp/ash.dimacs
[runlim] start:			Mon Nov  9 12:48:47 2020
[runlim] main pid:		3325
[runlim] sample:		10.0 time, 10.4 real, 81.6 MB
[runlim] sample:		20.0 time, 20.4 real, 90.4 MB
[runlim] sample:		30.0 time, 30.4 real, 93.0 MB
[runlim] sample:		40.0 time, 40.4 real, 97.1 MB
[runlim] sample:		50.0 time, 50.4 real, 97.2 MB
[runlim] sample:		60.0 time, 60.4 real, 113.9 MB
[runlim] sample:		70.0 time, 70.4 real, 97.3 MB
[runlim] sample:		80.0 time, 80.4 real, 110.6 MB
[runlim] sample:		90.0 time, 90.4 real, 129.7 MB
[runlim] sample:		100.0 time, 100.4 real, 110.9 MB
[runlim] sample:		110.0 time, 110.4 real, 111.0 MB
[runlim] sample:		120.0 time, 120.4 real, 113.1 MB
[runlim] sample:		130.0 time, 130.4 real, 113.1 MB
[runlim] end:			Mon Nov  9 12:51:03 2020
[runlim] status:		ok
[runlim] result:		0
[runlim] children:		0
[runlim] real:			136.92 seconds
[runlim] time:			136.46 seconds
[runlim] space:			130.0 MB
[runlim] samples:		1365
