** CON **
c ApproxMC SHA revision df6d9fc8d112d758301d7527817e2eb1029fa5eb
c ApproxMC version 4.0.1
c ApproxMC compilation env CMAKE_CXX_COMPILER = /usr/bin/c++ | CMAKE_CXX_FLAGS =  -Wall -Wextra -Wunused -Wsign-compare -fno-omit-frame-pointer -Wtype-limits -Wuninitialized -Wno-deprecated -Wstrict-aliasing -Wpointer-arith -fvisibility=hidden -Wpointer-arith -Wformat-nonliteral -Winit-self -Wparentheses -Wunreachable-code -g -fvisibility=hidden -Wlogical-op -Wrestrict -Wnull-dereference -Wdouble-promotion -Wshadow -Wformat=2 -Wextra-semi -pedantic | COMPILE_DEFINES =  -DBOOST_TEST_DYN_LINK | STATICCOMPILE = OFF | Boost_FOUND = TRUE | ZLIB_FOUND = TRUE | VALGRIND_FOUND =  | GMP_FOUND = TRUE | ENABLE_ASSERTIONS = ON | MY_TARGETS =  | compilation date time = Oct 29 2020 17:34:59
c ApproxMC compiled with gcc version 9.3.0
c CryptoMiniSat version 5.8.0
c CMS Copyright Mate Soos (soos.mate@gmail.com)
c CMS SHA revision 6477e8bc43b0fda7038965bb148b64b8637c804b
c CMS is GPL licensed due to M4RI being linked. Build without M4RI to get MIT version
c Using VMTF code by Armin Biere from CaDiCaL
c Using Yalsat by Armin Biere, see Balint et al. Improving implementation of SLS solvers [...], SAT'14
c Using WalkSAT by Henry Kautz, see Kautz and Selman Pushing the envelope: planning, propositional logic, and stochastic search, AAAI'96,
c Using code from 'When Boolean Satisfiability Meets Gauss-E. in a Simplex Way'
c       by C.-S. Han and J.-H. Roland Jiang in CAV 2012. Fixes by M. Soos
c Using CCAnr from 'CCAnr: A Conf. Checking Based Local Search Solver [...]'
c       by Shaowei Cai, Chuan Luo, and Kaile Su, SAT 2015
c CMS compilation env CMAKE_CXX_COMPILER = /usr/bin/c++ | CMAKE_CXX_FLAGS =  -fvisibility=hidden -Wall -Wextra -Wunused -Wsign-compare -fno-omit-frame-pointer -Wtype-limits -Wuninitialized -Wno-deprecated -Wstrict-aliasing -Wpointer-arith -Wpointer-arith -Wformat-nonliteral -Winit-self -Wparentheses -Wunreachable-code -g -Wno-class-memaccess -mpopcnt -msse4.2 -ggdb3 -Wlogical-op -Wrestrict -Wnull-dereference -Wdouble-promotion -Wshadow -Wformat=2 -Wextra-semi -pedantic | COMPILE_DEFINES =  -DEXTENDED_FEATURES -DUSE_GAUSS -DBOOST_TEST_DYN_LINK -DUSE_ZLIB -DYALSAT_FPU -DUSE_M4RI | STATICCOMPILE = OFF | ONLY_SIMPLE = OFF | Boost_FOUND = TRUE | STATS = OFF | SQLITE3_FOUND = FALSE | ZLIB_FOUND = TRUE | VALGRIND_FOUND =  | ENABLE_TESTING = OFF | M4RI_FOUND = TRUE | NOM4RI = OFF | SLOW_DEBUG = OFF | ENABLE_ASSERTIONS = ON | PYTHON_EXECUTABLE = PYTHON_EXECUTABLE-NOTFOUND | PYTHON_LIBRARY = PYTHON_LIBRARY-NOTFOUND | PYTHON_INCLUDE_DIRS =  | MY_TARGETS =  | LARGEMEM = OFF | LIMITMEM = OFF | BREAKID_LIBRARIES =  | BREAKID-VER = . | BOSPHORUS_LIBRARIES =  | BOSPH-VER = . | compilation date time = Oct 29 2020 17:34:11
c CMS compiled with gcc version 9.3.0
c executed with command line: approxmc --sparse 1 -s 02 /experiments/results/count_up_down_true-unreach-call_true-termination-2.c/02/counterSharp/con.dimacs
c -- header says num vars:          54194
c -- header says num clauses:      318146
c WARNING: Empty line at line number 319657 -- this is not part of the DIMACS specifications (http://www.satcompetition.org/2009/format-benchmarks2009.html). Ignoring.
c -- clauses added: 318146
c -- xor clauses added: 0
c -- vars added 54194
c [appmc] Sampling set size: 32
c [appmc] Sampling set: 2004, 2005, 2006, 2007, 2008, 2009, 2010, 2011, 2012, 2013, 2014, 2015, 2016, 2017, 2018, 2019, 2020, 2021, 2022, 2023, 2024, 2025, 2026, 2027, 2028, 2029, 2030, 2031, 2032, 2033, 2034, 2035, 
c [sparse] Using match: 0 sampling set size: 32 prev end inclusive is: -1 this end inclusive is: 50 next end inclusive is: 100 sampl size: 32
c [appmc] threshold set to 80 sparse: 1
c [appmc] Starting up, initial measurement
c [appmc] Starting at hash count: 1
c [appmc] [    0.00 ] round:  0 hashes:      1
c [appmc] [    0.00 ] bounded_sol_count looking for   81 solutions -- hashes active: 1
c [gauss] XOR-encoding clauses detached: 53856 deleted: 0 T: 0.00
c [appmc] [    5.32 ] round:  0 hashes:      1
c [appmc] [    5.32 ] bounded_sol_count looking for   81 solutions -- hashes active: 1
c [appmc] simplifying
c [gauss] XOR-encoding clauses reattached: 53856 T: 0.00
c [appmc] [   11.61 ] round:  1 hashes:      1
c [appmc] [   11.61 ] bounded_sol_count looking for   81 solutions -- hashes active: 1
c [appmc] [   11.61 ] round:  1 hashes:      0
c [appmc] [   11.61 ] bounded_sol_count looking for   81 solutions -- hashes active: 0
c [appmc] simplifying
c [appmc] [   11.61 ] round:  2 hashes:      1
c [appmc] [   11.61 ] bounded_sol_count looking for   81 solutions -- hashes active: 1
c [appmc] [   11.61 ] round:  2 hashes:      0
c [appmc] [   11.61 ] bounded_sol_count looking for   81 solutions -- hashes active: 0
c [appmc] simplifying
c [appmc] [   11.61 ] round:  3 hashes:      1
c [appmc] [   11.61 ] bounded_sol_count looking for   81 solutions -- hashes active: 1
c [appmc] [   11.61 ] round:  3 hashes:      0
c [appmc] [   11.61 ] bounded_sol_count looking for   81 solutions -- hashes active: 0
c [appmc] simplifying
c [appmc] [   11.61 ] round:  4 hashes:      1
c [appmc] [   11.61 ] bounded_sol_count looking for   81 solutions -- hashes active: 1
c [appmc] [   11.61 ] round:  4 hashes:      0
c [appmc] [   11.61 ] bounded_sol_count looking for   81 solutions -- hashes active: 0
c [appmc] simplifying
c [appmc] [   11.61 ] round:  5 hashes:      1
c [appmc] [   11.61 ] bounded_sol_count looking for   81 solutions -- hashes active: 1
c [appmc] [   11.61 ] round:  5 hashes:      0
c [appmc] [   11.61 ] bounded_sol_count looking for   81 solutions -- hashes active: 0
c [appmc] simplifying
c [appmc] [   11.61 ] round:  6 hashes:      1
c [appmc] [   11.61 ] bounded_sol_count looking for   81 solutions -- hashes active: 1
c [appmc] [   11.61 ] round:  6 hashes:      0
c [appmc] [   11.61 ] bounded_sol_count looking for   81 solutions -- hashes active: 0
c [appmc] simplifying
c [appmc] [   11.61 ] round:  7 hashes:      1
c [appmc] [   11.61 ] bounded_sol_count looking for   81 solutions -- hashes active: 1
c [appmc] [   11.61 ] round:  7 hashes:      0
c [appmc] [   11.61 ] bounded_sol_count looking for   81 solutions -- hashes active: 0
c [appmc] simplifying
c [appmc] [   11.61 ] round:  8 hashes:      1
c [appmc] [   11.61 ] bounded_sol_count looking for   81 solutions -- hashes active: 1
c [appmc] [   11.61 ] round:  8 hashes:      0
c [appmc] [   11.61 ] bounded_sol_count looking for   81 solutions -- hashes active: 0
** AMM **
c ApproxMC SHA revision df6d9fc8d112d758301d7527817e2eb1029fa5eb
c ApproxMC version 4.0.1
c ApproxMC compilation env CMAKE_CXX_COMPILER = /usr/bin/c++ | CMAKE_CXX_FLAGS =  -Wall -Wextra -Wunused -Wsign-compare -fno-omit-frame-pointer -Wtype-limits -Wuninitialized -Wno-deprecated -Wstrict-aliasing -Wpointer-arith -fvisibility=hidden -Wpointer-arith -Wformat-nonliteral -Winit-self -Wparentheses -Wunreachable-code -g -fvisibility=hidden -Wlogical-op -Wrestrict -Wnull-dereference -Wdouble-promotion -Wshadow -Wformat=2 -Wextra-semi -pedantic | COMPILE_DEFINES =  -DBOOST_TEST_DYN_LINK | STATICCOMPILE = OFF | Boost_FOUND = TRUE | ZLIB_FOUND = TRUE | VALGRIND_FOUND =  | GMP_FOUND = TRUE | ENABLE_ASSERTIONS = ON | MY_TARGETS =  | compilation date time = Oct 29 2020 17:34:59
c ApproxMC compiled with gcc version 9.3.0
c CryptoMiniSat version 5.8.0
c CMS Copyright Mate Soos (soos.mate@gmail.com)
c CMS SHA revision 6477e8bc43b0fda7038965bb148b64b8637c804b
c CMS is GPL licensed due to M4RI being linked. Build without M4RI to get MIT version
c Using VMTF code by Armin Biere from CaDiCaL
c Using Yalsat by Armin Biere, see Balint et al. Improving implementation of SLS solvers [...], SAT'14
c Using WalkSAT by Henry Kautz, see Kautz and Selman Pushing the envelope: planning, propositional logic, and stochastic search, AAAI'96,
c Using code from 'When Boolean Satisfiability Meets Gauss-E. in a Simplex Way'
c       by C.-S. Han and J.-H. Roland Jiang in CAV 2012. Fixes by M. Soos
c Using CCAnr from 'CCAnr: A Conf. Checking Based Local Search Solver [...]'
c       by Shaowei Cai, Chuan Luo, and Kaile Su, SAT 2015
c CMS compilation env CMAKE_CXX_COMPILER = /usr/bin/c++ | CMAKE_CXX_FLAGS =  -fvisibility=hidden -Wall -Wextra -Wunused -Wsign-compare -fno-omit-frame-pointer -Wtype-limits -Wuninitialized -Wno-deprecated -Wstrict-aliasing -Wpointer-arith -Wpointer-arith -Wformat-nonliteral -Winit-self -Wparentheses -Wunreachable-code -g -Wno-class-memaccess -mpopcnt -msse4.2 -ggdb3 -Wlogical-op -Wrestrict -Wnull-dereference -Wdouble-promotion -Wshadow -Wformat=2 -Wextra-semi -pedantic | COMPILE_DEFINES =  -DEXTENDED_FEATURES -DUSE_GAUSS -DBOOST_TEST_DYN_LINK -DUSE_ZLIB -DYALSAT_FPU -DUSE_M4RI | STATICCOMPILE = OFF | ONLY_SIMPLE = OFF | Boost_FOUND = TRUE | STATS = OFF | SQLITE3_FOUND = FALSE | ZLIB_FOUND = TRUE | VALGRIND_FOUND =  | ENABLE_TESTING = OFF | M4RI_FOUND = TRUE | NOM4RI = OFF | SLOW_DEBUG = OFF | ENABLE_ASSERTIONS = ON | PYTHON_EXECUTABLE = PYTHON_EXECUTABLE-NOTFOUND | PYTHON_LIBRARY = PYTHON_LIBRARY-NOTFOUND | PYTHON_INCLUDE_DIRS =  | MY_TARGETS =  | LARGEMEM = OFF | LIMITMEM = OFF | BREAKID_LIBRARIES =  | BREAKID-VER = . | BOSPHORUS_LIBRARIES =  | BOSPH-VER = . | compilation date time = Oct 29 2020 17:34:11
c CMS compiled with gcc version 9.3.0
c executed with command line: approxmc --sparse 1 -s 02 /experiments/results/count_up_down_true-unreach-call_true-termination-2.c/02/counterSharp/amm.dimacs
c -- header says num vars:          53202
c -- header says num clauses:      314669
c WARNING: Empty line at line number 316182 -- this is not part of the DIMACS specifications (http://www.satcompetition.org/2009/format-benchmarks2009.html). Ignoring.
c -- clauses added: 314669
c -- xor clauses added: 0
c -- vars added 53202
c [appmc] Sampling set size: 32
c [appmc] Sampling set: 1004, 1005, 1006, 1007, 1008, 1009, 1010, 1011, 1012, 1013, 1014, 1015, 1016, 1017, 1018, 1019, 1020, 1021, 1022, 1023, 1024, 1025, 1026, 1027, 1028, 1029, 1030, 1031, 1032, 1033, 1034, 1035, 
c [sparse] Using match: 0 sampling set size: 32 prev end inclusive is: -1 this end inclusive is: 50 next end inclusive is: 100 sampl size: 32
c [appmc] threshold set to 80 sparse: 1
c [appmc] Starting up, initial measurement
c [appmc] Starting at hash count: 1
c [appmc] [    0.00 ] round:  0 hashes:      1
c [appmc] [    0.00 ] bounded_sol_count looking for   81 solutions -- hashes active: 1
c [gauss] XOR-encoding clauses detached: 0 deleted: 0 T: 0.00
c [appmc] [    2.22 ] round:  0 hashes:      2
c [appmc] [    2.22 ] bounded_sol_count looking for   81 solutions -- hashes active: 2
c [gauss] XOR-encoding clauses detached: 49348 deleted: 70 T: 0.01
c [appmc] [    4.79 ] round:  0 hashes:      4
c [appmc] [    4.79 ] bounded_sol_count looking for   81 solutions -- hashes active: 4
c [gauss] XOR-encoding clauses detached: 1884 deleted: 0 T: 0.00
c [appmc] [    8.22 ] round:  0 hashes:      8
c [appmc] [    8.22 ] bounded_sol_count looking for   81 solutions -- hashes active: 8
c [gauss] XOR-encoding clauses detached: 2012 deleted: 0 T: 0.00
c [appmc] [   13.52 ] round:  0 hashes:     16
c [appmc] [   13.52 ] bounded_sol_count looking for   81 solutions -- hashes active: 16
c [gauss] XOR-encoding clauses detached: 500 deleted: 0 T: 0.00
c [appmc] [   20.03 ] round:  0 hashes:     24
c [appmc] [   20.03 ] bounded_sol_count looking for   81 solutions -- hashes active: 24
c [gauss] XOR-encoding clauses detached: 440 deleted: 0 T: 0.00
c [appmc] [   27.01 ] round:  0 hashes:     28
c [appmc] [   27.01 ] bounded_sol_count looking for   81 solutions -- hashes active: 28
c [gauss] XOR-encoding clauses detached: 144 deleted: 0 T: 0.00
c [appmc] [   29.76 ] round:  0 hashes:     26
c [appmc] [   29.76 ] bounded_sol_count looking for   81 solutions -- hashes active: 26
c [appmc] [   32.05 ] round:  0 hashes:     25
c [appmc] [   32.05 ] bounded_sol_count looking for   81 solutions -- hashes active: 25
c [appmc] simplifying
c [gauss] XOR-encoding clauses reattached: 54328 T: 0.00
c [appmc] [   40.66 ] round:  1 hashes:     26
c [appmc] [   40.66 ] bounded_sol_count looking for   81 solutions -- hashes active: 26
c CL with clash: 1398 -1339 1338 red: 0 xor: 0 full-xor: 0 num_clash_vars: 1 num_real_vars: 0 size: 3 missing: 2
c clash lit: 1338 value: l_Undef
c neither clash nor real: 1398 value: l_Undef
c neither clash nor real: -1339 value: l_Undef
c WHAAAAT Detach issue. All below must be 1 to work ---
c -- can_detach: 1
c -- mfinder.no_irred_nonxor_contains_clash_vars(): 0
c -- !conf.gaussconf.autodisable: 1
c -- conf.xor_detach_reattach: 1
c [appmc] [   44.81 ] round:  1 hashes:     25
c [appmc] [   44.81 ] bounded_sol_count looking for   81 solutions -- hashes active: 25
c [appmc] simplifying
c [appmc] [   53.57 ] round:  2 hashes:     26
c [appmc] [   53.57 ] bounded_sol_count looking for   81 solutions -- hashes active: 26
c CL with clash: -666 -667 723 -726 red: 0 xor: 0 full-xor: 0 num_clash_vars: 1 num_real_vars: 1 size: 4 missing: 2
c clash lit: -666 value: l_Undef
c neither clash nor real: -667 value: l_Undef
c neither clash nor real: -726 value: l_Undef
c WHAAAAT Detach issue. All below must be 1 to work ---
c -- can_detach: 1
c -- mfinder.no_irred_nonxor_contains_clash_vars(): 0
c -- !conf.gaussconf.autodisable: 1
c -- conf.xor_detach_reattach: 1
c [appmc] [   62.84 ] round:  2 hashes:     25
c [appmc] [   62.84 ] bounded_sol_count looking for   81 solutions -- hashes active: 25
c [appmc] simplifying
c [appmc] [   72.94 ] round:  3 hashes:     26
c [appmc] [   72.94 ] bounded_sol_count looking for   81 solutions -- hashes active: 26
c CL with clash: -389 390 440 443 red: 0 xor: 0 full-xor: 0 num_clash_vars: 1 num_real_vars: 1 size: 4 missing: 2
c clash lit: -389 value: l_Undef
c neither clash nor real: 390 value: l_Undef
c neither clash nor real: 443 value: l_Undef
c WHAAAAT Detach issue. All below must be 1 to work ---
c -- can_detach: 1
c -- mfinder.no_irred_nonxor_contains_clash_vars(): 0
c -- !conf.gaussconf.autodisable: 1
c -- conf.xor_detach_reattach: 1
c [appmc] [   77.76 ] round:  3 hashes:     25
c [appmc] [   77.76 ] bounded_sol_count looking for   81 solutions -- hashes active: 25
c [appmc] simplifying
c [appmc] [   87.76 ] round:  4 hashes:     26
c [appmc] [   87.76 ] bounded_sol_count looking for   81 solutions -- hashes active: 26
c CL with clash: -443 390 389 red: 0 xor: 0 full-xor: 0 num_clash_vars: 1 num_real_vars: 0 size: 3 missing: 2
c clash lit: 389 value: l_Undef
c neither clash nor real: -443 value: l_Undef
c neither clash nor real: 390 value: l_Undef
c WHAAAAT Detach issue. All below must be 1 to work ---
c -- can_detach: 1
c -- mfinder.no_irred_nonxor_contains_clash_vars(): 0
c -- !conf.gaussconf.autodisable: 1
c -- conf.xor_detach_reattach: 1
c [appmc] [   93.81 ] round:  4 hashes:     25
c [appmc] [   93.81 ] bounded_sol_count looking for   81 solutions -- hashes active: 25
c [appmc] simplifying
c [appmc] [  104.56 ] round:  5 hashes:     26
c [appmc] [  104.56 ] bounded_sol_count looking for   81 solutions -- hashes active: 26
c CL with clash: -501 -502 552 red: 0 xor: 0 full-xor: 0 num_clash_vars: 1 num_real_vars: 1 size: 3 missing: 1
c clash lit: -501 value: l_Undef
c neither clash nor real: -502 value: l_Undef
c WHAAAAT Detach issue. All below must be 1 to work ---
c -- can_detach: 1
c -- mfinder.no_irred_nonxor_contains_clash_vars(): 0
c -- !conf.gaussconf.autodisable: 1
c -- conf.xor_detach_reattach: 1
c [appmc] [  108.74 ] round:  5 hashes:     25
c [appmc] [  108.74 ] bounded_sol_count looking for   81 solutions -- hashes active: 25
c [appmc] simplifying
c [appmc] [  119.48 ] round:  6 hashes:     26
c [appmc] [  119.48 ] bounded_sol_count looking for   81 solutions -- hashes active: 26
c [gauss] XOR-encoding clauses detached: 51536 deleted: 0 T: 0.02
c [appmc] [  123.73 ] round:  6 hashes:     25
c [appmc] [  123.73 ] bounded_sol_count looking for   81 solutions -- hashes active: 25
c [appmc] simplifying
c [gauss] XOR-encoding clauses reattached: 51536 T: 0.00
c [appmc] [  135.05 ] round:  7 hashes:     26
c [appmc] [  135.05 ] bounded_sol_count looking for   81 solutions -- hashes active: 26
c [gauss] XOR-encoding clauses detached: 51460 deleted: 0 T: 0.02
c [appmc] [  139.44 ] round:  7 hashes:     25
c [appmc] [  139.44 ] bounded_sol_count looking for   81 solutions -- hashes active: 25
c [appmc] simplifying
c [gauss] XOR-encoding clauses reattached: 51460 T: 0.00
c [appmc] [  151.14 ] round:  8 hashes:     26
c [appmc] [  151.14 ] bounded_sol_count looking for   81 solutions -- hashes active: 26
c [gauss] XOR-encoding clauses detached: 51524 deleted: 0 T: 0.02
c [appmc] [  155.56 ] round:  8 hashes:     25
c [appmc] [  155.56 ] bounded_sol_count looking for   81 solutions -- hashes active: 25
c [appmc] FINISHED ApproxMC T: 156.58 s
c [appmc] Number of solutions is: 64*2**26
s mc 4294967296
** AMH **
c ApproxMC SHA revision df6d9fc8d112d758301d7527817e2eb1029fa5eb
c ApproxMC version 4.0.1
c ApproxMC compilation env CMAKE_CXX_COMPILER = /usr/bin/c++ | CMAKE_CXX_FLAGS =  -Wall -Wextra -Wunused -Wsign-compare -fno-omit-frame-pointer -Wtype-limits -Wuninitialized -Wno-deprecated -Wstrict-aliasing -Wpointer-arith -fvisibility=hidden -Wpointer-arith -Wformat-nonliteral -Winit-self -Wparentheses -Wunreachable-code -g -fvisibility=hidden -Wlogical-op -Wrestrict -Wnull-dereference -Wdouble-promotion -Wshadow -Wformat=2 -Wextra-semi -pedantic | COMPILE_DEFINES =  -DBOOST_TEST_DYN_LINK | STATICCOMPILE = OFF | Boost_FOUND = TRUE | ZLIB_FOUND = TRUE | VALGRIND_FOUND =  | GMP_FOUND = TRUE | ENABLE_ASSERTIONS = ON | MY_TARGETS =  | compilation date time = Oct 29 2020 17:34:59
c ApproxMC compiled with gcc version 9.3.0
c CryptoMiniSat version 5.8.0
c CMS Copyright Mate Soos (soos.mate@gmail.com)
c CMS SHA revision 6477e8bc43b0fda7038965bb148b64b8637c804b
c CMS is GPL licensed due to M4RI being linked. Build without M4RI to get MIT version
c Using VMTF code by Armin Biere from CaDiCaL
c Using Yalsat by Armin Biere, see Balint et al. Improving implementation of SLS solvers [...], SAT'14
c Using WalkSAT by Henry Kautz, see Kautz and Selman Pushing the envelope: planning, propositional logic, and stochastic search, AAAI'96,
c Using code from 'When Boolean Satisfiability Meets Gauss-E. in a Simplex Way'
c       by C.-S. Han and J.-H. Roland Jiang in CAV 2012. Fixes by M. Soos
c Using CCAnr from 'CCAnr: A Conf. Checking Based Local Search Solver [...]'
c       by Shaowei Cai, Chuan Luo, and Kaile Su, SAT 2015
c CMS compilation env CMAKE_CXX_COMPILER = /usr/bin/c++ | CMAKE_CXX_FLAGS =  -fvisibility=hidden -Wall -Wextra -Wunused -Wsign-compare -fno-omit-frame-pointer -Wtype-limits -Wuninitialized -Wno-deprecated -Wstrict-aliasing -Wpointer-arith -Wpointer-arith -Wformat-nonliteral -Winit-self -Wparentheses -Wunreachable-code -g -Wno-class-memaccess -mpopcnt -msse4.2 -ggdb3 -Wlogical-op -Wrestrict -Wnull-dereference -Wdouble-promotion -Wshadow -Wformat=2 -Wextra-semi -pedantic | COMPILE_DEFINES =  -DEXTENDED_FEATURES -DUSE_GAUSS -DBOOST_TEST_DYN_LINK -DUSE_ZLIB -DYALSAT_FPU -DUSE_M4RI | STATICCOMPILE = OFF | ONLY_SIMPLE = OFF | Boost_FOUND = TRUE | STATS = OFF | SQLITE3_FOUND = FALSE | ZLIB_FOUND = TRUE | VALGRIND_FOUND =  | ENABLE_TESTING = OFF | M4RI_FOUND = TRUE | NOM4RI = OFF | SLOW_DEBUG = OFF | ENABLE_ASSERTIONS = ON | PYTHON_EXECUTABLE = PYTHON_EXECUTABLE-NOTFOUND | PYTHON_LIBRARY = PYTHON_LIBRARY-NOTFOUND | PYTHON_INCLUDE_DIRS =  | MY_TARGETS =  | LARGEMEM = OFF | LIMITMEM = OFF | BREAKID_LIBRARIES =  | BREAKID-VER = . | BOSPHORUS_LIBRARIES =  | BOSPH-VER = . | compilation date time = Oct 29 2020 17:34:11
c CMS compiled with gcc version 9.3.0
c executed with command line: approxmc --sparse 1 -s 02 /experiments/results/count_up_down_true-unreach-call_true-termination-2.c/02/counterSharp/amh.dimacs
c -- header says num vars:          53202
c -- header says num clauses:      314669
c WARNING: Empty line at line number 316182 -- this is not part of the DIMACS specifications (http://www.satcompetition.org/2009/format-benchmarks2009.html). Ignoring.
c -- clauses added: 314669
c -- xor clauses added: 0
c -- vars added 53202
c [appmc] Sampling set size: 32
c [appmc] Sampling set: 1004, 1005, 1006, 1007, 1008, 1009, 1010, 1011, 1012, 1013, 1014, 1015, 1016, 1017, 1018, 1019, 1020, 1021, 1022, 1023, 1024, 1025, 1026, 1027, 1028, 1029, 1030, 1031, 1032, 1033, 1034, 1035, 
c [sparse] Using match: 0 sampling set size: 32 prev end inclusive is: -1 this end inclusive is: 50 next end inclusive is: 100 sampl size: 32
c [appmc] threshold set to 80 sparse: 1
c [appmc] Starting up, initial measurement
c [appmc] Starting at hash count: 1
c [appmc] [    0.00 ] round:  0 hashes:      1
c [appmc] [    0.00 ] bounded_sol_count looking for   81 solutions -- hashes active: 1
c [gauss] XOR-encoding clauses detached: 53860 deleted: 0 T: 0.00
c [appmc] [    6.95 ] round:  0 hashes:      2
c [appmc] [    6.95 ] bounded_sol_count looking for   81 solutions -- hashes active: 2
c [gauss] XOR-encoding clauses detached: 4016 deleted: 0 T: 0.00
c [appmc] [   11.38 ] round:  0 hashes:      4
c [appmc] [   11.38 ] bounded_sol_count looking for   81 solutions -- hashes active: 4
c [gauss] XOR-encoding clauses detached: 2008 deleted: 0 T: 0.00
c [appmc] [   16.41 ] round:  0 hashes:      3
c [appmc] [   16.41 ] bounded_sol_count looking for   81 solutions -- hashes active: 3
c [appmc] simplifying
c [gauss] XOR-encoding clauses reattached: 59884 T: 0.00
c [appmc] [   26.12 ] round:  1 hashes:      4
c [appmc] [   26.12 ] bounded_sol_count looking for   81 solutions -- hashes active: 4
c [gauss] XOR-encoding clauses detached: 57825 deleted: 0 T: 0.01
c [appmc] [   31.92 ] round:  1 hashes:      3
c [appmc] [   31.92 ] bounded_sol_count looking for   81 solutions -- hashes active: 3
c [appmc] simplifying
c [gauss] XOR-encoding clauses reattached: 57825 T: 0.00
c [appmc] [   42.00 ] round:  2 hashes:      4
c [appmc] [   42.00 ] bounded_sol_count looking for   81 solutions -- hashes active: 4
c [gauss] XOR-encoding clauses detached: 57490 deleted: 0 T: 0.01
c [appmc] [   47.38 ] round:  2 hashes:      3
c [appmc] [   47.38 ] bounded_sol_count looking for   81 solutions -- hashes active: 3
c [appmc] simplifying
c [gauss] XOR-encoding clauses reattached: 57490 T: 0.00
c [appmc] [   57.66 ] round:  3 hashes:      4
c [appmc] [   57.66 ] bounded_sol_count looking for   81 solutions -- hashes active: 4
c [gauss] XOR-encoding clauses detached: 57484 deleted: 0 T: 0.01
c [appmc] [   63.08 ] round:  3 hashes:      3
c [appmc] [   63.08 ] bounded_sol_count looking for   81 solutions -- hashes active: 3
c [appmc] simplifying
c [gauss] XOR-encoding clauses reattached: 57484 T: 0.00
c [appmc] [   73.34 ] round:  4 hashes:      4
c [appmc] [   73.34 ] bounded_sol_count looking for   81 solutions -- hashes active: 4
c [gauss] XOR-encoding clauses detached: 57435 deleted: 0 T: 0.01
c [appmc] [   79.54 ] round:  4 hashes:      3
c [appmc] [   79.54 ] bounded_sol_count looking for   81 solutions -- hashes active: 3
c [appmc] simplifying
c [gauss] XOR-encoding clauses reattached: 57435 T: 0.00
c [appmc] [   89.87 ] round:  5 hashes:      4
c [appmc] [   89.87 ] bounded_sol_count looking for   81 solutions -- hashes active: 4
c [gauss] XOR-encoding clauses detached: 55328 deleted: 0 T: 0.01
c [appmc] [   94.88 ] round:  5 hashes:      3
c [appmc] [   94.88 ] bounded_sol_count looking for   81 solutions -- hashes active: 3
c [appmc] simplifying
c [gauss] XOR-encoding clauses reattached: 55328 T: 0.00
c [appmc] [  105.30 ] round:  6 hashes:      4
c [appmc] [  105.30 ] bounded_sol_count looking for   81 solutions -- hashes active: 4
c [gauss] XOR-encoding clauses detached: 43299 deleted: 0 T: 0.01
c [appmc] [  111.09 ] round:  6 hashes:      3
c [appmc] [  111.09 ] bounded_sol_count looking for   81 solutions -- hashes active: 3
c [appmc] simplifying
c [gauss] XOR-encoding clauses reattached: 43299 T: 0.00
c [appmc] [  120.96 ] round:  7 hashes:      4
c [appmc] [  120.96 ] bounded_sol_count looking for   81 solutions -- hashes active: 4
c [gauss] XOR-encoding clauses detached: 55316 deleted: 0 T: 0.01
c [appmc] [  125.90 ] round:  7 hashes:      3
c [appmc] [  125.90 ] bounded_sol_count looking for   81 solutions -- hashes active: 3
c [appmc] simplifying
c [gauss] XOR-encoding clauses reattached: 55316 T: 0.00
c [appmc] [  137.54 ] round:  8 hashes:      4
c [appmc] [  137.54 ] bounded_sol_count looking for   81 solutions -- hashes active: 4
c [gauss] XOR-encoding clauses detached: 57277 deleted: 0 T: 0.01
c [appmc] [  143.05 ] round:  8 hashes:      3
c [appmc] [  143.05 ] bounded_sol_count looking for   81 solutions -- hashes active: 3
c [appmc] FINISHED ApproxMC T: 144.29 s
c [appmc] Number of solutions is: 62*2**4
s mc 992
** ASM **
c ApproxMC SHA revision df6d9fc8d112d758301d7527817e2eb1029fa5eb
c ApproxMC version 4.0.1
c ApproxMC compilation env CMAKE_CXX_COMPILER = /usr/bin/c++ | CMAKE_CXX_FLAGS =  -Wall -Wextra -Wunused -Wsign-compare -fno-omit-frame-pointer -Wtype-limits -Wuninitialized -Wno-deprecated -Wstrict-aliasing -Wpointer-arith -fvisibility=hidden -Wpointer-arith -Wformat-nonliteral -Winit-self -Wparentheses -Wunreachable-code -g -fvisibility=hidden -Wlogical-op -Wrestrict -Wnull-dereference -Wdouble-promotion -Wshadow -Wformat=2 -Wextra-semi -pedantic | COMPILE_DEFINES =  -DBOOST_TEST_DYN_LINK | STATICCOMPILE = OFF | Boost_FOUND = TRUE | ZLIB_FOUND = TRUE | VALGRIND_FOUND =  | GMP_FOUND = TRUE | ENABLE_ASSERTIONS = ON | MY_TARGETS =  | compilation date time = Oct 29 2020 17:34:59
c ApproxMC compiled with gcc version 9.3.0
c CryptoMiniSat version 5.8.0
c CMS Copyright Mate Soos (soos.mate@gmail.com)
c CMS SHA revision 6477e8bc43b0fda7038965bb148b64b8637c804b
c CMS is GPL licensed due to M4RI being linked. Build without M4RI to get MIT version
c Using VMTF code by Armin Biere from CaDiCaL
c Using Yalsat by Armin Biere, see Balint et al. Improving implementation of SLS solvers [...], SAT'14
c Using WalkSAT by Henry Kautz, see Kautz and Selman Pushing the envelope: planning, propositional logic, and stochastic search, AAAI'96,
c Using code from 'When Boolean Satisfiability Meets Gauss-E. in a Simplex Way'
c       by C.-S. Han and J.-H. Roland Jiang in CAV 2012. Fixes by M. Soos
c Using CCAnr from 'CCAnr: A Conf. Checking Based Local Search Solver [...]'
c       by Shaowei Cai, Chuan Luo, and Kaile Su, SAT 2015
c CMS compilation env CMAKE_CXX_COMPILER = /usr/bin/c++ | CMAKE_CXX_FLAGS =  -fvisibility=hidden -Wall -Wextra -Wunused -Wsign-compare -fno-omit-frame-pointer -Wtype-limits -Wuninitialized -Wno-deprecated -Wstrict-aliasing -Wpointer-arith -Wpointer-arith -Wformat-nonliteral -Winit-self -Wparentheses -Wunreachable-code -g -Wno-class-memaccess -mpopcnt -msse4.2 -ggdb3 -Wlogical-op -Wrestrict -Wnull-dereference -Wdouble-promotion -Wshadow -Wformat=2 -Wextra-semi -pedantic | COMPILE_DEFINES =  -DEXTENDED_FEATURES -DUSE_GAUSS -DBOOST_TEST_DYN_LINK -DUSE_ZLIB -DYALSAT_FPU -DUSE_M4RI | STATICCOMPILE = OFF | ONLY_SIMPLE = OFF | Boost_FOUND = TRUE | STATS = OFF | SQLITE3_FOUND = FALSE | ZLIB_FOUND = TRUE | VALGRIND_FOUND =  | ENABLE_TESTING = OFF | M4RI_FOUND = TRUE | NOM4RI = OFF | SLOW_DEBUG = OFF | ENABLE_ASSERTIONS = ON | PYTHON_EXECUTABLE = PYTHON_EXECUTABLE-NOTFOUND | PYTHON_LIBRARY = PYTHON_LIBRARY-NOTFOUND | PYTHON_INCLUDE_DIRS =  | MY_TARGETS =  | LARGEMEM = OFF | LIMITMEM = OFF | BREAKID_LIBRARIES =  | BREAKID-VER = . | BOSPHORUS_LIBRARIES =  | BOSPH-VER = . | compilation date time = Oct 29 2020 17:34:11
c CMS compiled with gcc version 9.3.0
c executed with command line: approxmc --sparse 1 -s 02 /experiments/results/count_up_down_true-unreach-call_true-termination-2.c/02/counterSharp/asm.dimacs
c -- header says num vars:          53204
c -- header says num clauses:      314675
c WARNING: Empty line at line number 316190 -- this is not part of the DIMACS specifications (http://www.satcompetition.org/2009/format-benchmarks2009.html). Ignoring.
c -- clauses added: 314675
c -- xor clauses added: 0
c -- vars added 53204
c [appmc] Sampling set size: 32
c [appmc] Sampling set: 1004, 1005, 1006, 1007, 1008, 1009, 1010, 1011, 1012, 1013, 1014, 1015, 1016, 1017, 1018, 1019, 1020, 1021, 1022, 1023, 1024, 1025, 1026, 1027, 1028, 1029, 1030, 1031, 1032, 1033, 1034, 1035, 
c [sparse] Using match: 0 sampling set size: 32 prev end inclusive is: -1 this end inclusive is: 50 next end inclusive is: 100 sampl size: 32
c [appmc] threshold set to 80 sparse: 1
c [appmc] Starting up, initial measurement
c [appmc] Starting at hash count: 1
c [appmc] [    0.00 ] round:  0 hashes:      1
c [appmc] [    0.00 ] bounded_sol_count looking for   81 solutions -- hashes active: 1
c [gauss] XOR-encoding clauses detached: 53860 deleted: 0 T: 0.00
c [appmc] [   14.02 ] round:  0 hashes:      2
c [appmc] [   14.02 ] bounded_sol_count looking for   81 solutions -- hashes active: 2
c [gauss] XOR-encoding clauses detached: 4012 deleted: 0 T: 0.00
c [appmc] [   19.23 ] round:  0 hashes:      4
c [appmc] [   19.23 ] bounded_sol_count looking for   81 solutions -- hashes active: 4
c [gauss] XOR-encoding clauses detached: 2008 deleted: 0 T: 0.00
c [appmc] [   23.50 ] round:  0 hashes:      3
c [appmc] [   23.50 ] bounded_sol_count looking for   81 solutions -- hashes active: 3
c [appmc] simplifying
c [gauss] XOR-encoding clauses reattached: 59880 T: 0.00
c [appmc] [   31.02 ] round:  1 hashes:      3
c [appmc] [   31.02 ] bounded_sol_count looking for   81 solutions -- hashes active: 3
c [gauss] XOR-encoding clauses detached: 14668 deleted: 0 T: 0.00
c [appmc] [   32.24 ] round:  1 hashes:      2
c [appmc] [   32.24 ] bounded_sol_count looking for   81 solutions -- hashes active: 2
c [appmc] simplifying
c [gauss] XOR-encoding clauses reattached: 14668 T: 0.00
c [appmc] [   38.85 ] round:  2 hashes:      3
c [appmc] [   38.85 ] bounded_sol_count looking for   81 solutions -- hashes active: 3
c [gauss] XOR-encoding clauses detached: 10508 deleted: 0 T: 0.00
c [appmc] [   39.45 ] round:  2 hashes:      2
c [appmc] [   39.45 ] bounded_sol_count looking for   81 solutions -- hashes active: 2
c [appmc] simplifying
c [gauss] XOR-encoding clauses reattached: 10508 T: 0.00
c [appmc] [   45.11 ] round:  3 hashes:      3
c [appmc] [   45.11 ] bounded_sol_count looking for   81 solutions -- hashes active: 3
c [gauss] XOR-encoding clauses detached: 12145 deleted: 0 T: 0.00
c [appmc] [   45.55 ] round:  3 hashes:      2
c [appmc] [   45.55 ] bounded_sol_count looking for   81 solutions -- hashes active: 2
c [appmc] simplifying
c [gauss] XOR-encoding clauses reattached: 12145 T: 0.00
c [appmc] [   51.27 ] round:  4 hashes:      3
c [appmc] [   51.27 ] bounded_sol_count looking for   81 solutions -- hashes active: 3
c [gauss] XOR-encoding clauses detached: 13713 deleted: 0 T: 0.00
c [appmc] [   51.66 ] round:  4 hashes:      2
c [appmc] [   51.66 ] bounded_sol_count looking for   81 solutions -- hashes active: 2
c [appmc] simplifying
c [gauss] XOR-encoding clauses reattached: 13713 T: 0.00
c [appmc] [   56.96 ] round:  5 hashes:      3
c [appmc] [   56.96 ] bounded_sol_count looking for   81 solutions -- hashes active: 3
c [gauss] XOR-encoding clauses detached: 10597 deleted: 0 T: 0.00
c [appmc] [   57.29 ] round:  5 hashes:      2
c [appmc] [   57.29 ] bounded_sol_count looking for   81 solutions -- hashes active: 2
c [appmc] simplifying
c [gauss] XOR-encoding clauses reattached: 10597 T: 0.00
c [appmc] [   59.98 ] round:  6 hashes:      3
c [appmc] [   59.98 ] bounded_sol_count looking for   81 solutions -- hashes active: 3
c [gauss] XOR-encoding clauses detached: 6385 deleted: 0 T: 0.00
c [appmc] [   60.28 ] round:  6 hashes:      2
c [appmc] [   60.28 ] bounded_sol_count looking for   81 solutions -- hashes active: 2
c [appmc] simplifying
c [gauss] XOR-encoding clauses reattached: 6385 T: 0.00
c [appmc] [   62.33 ] round:  7 hashes:      3
c [appmc] [   62.33 ] bounded_sol_count looking for   81 solutions -- hashes active: 3
c [gauss] XOR-encoding clauses detached: 5509 deleted: 0 T: 0.00
c [appmc] [   62.61 ] round:  7 hashes:      2
c [appmc] [   62.61 ] bounded_sol_count looking for   81 solutions -- hashes active: 2
c [appmc] simplifying
c [gauss] XOR-encoding clauses reattached: 5509 T: 0.00
c [appmc] [   64.29 ] round:  8 hashes:      3
c [appmc] [   64.29 ] bounded_sol_count looking for   81 solutions -- hashes active: 3
c [gauss] XOR-encoding clauses detached: 5269 deleted: 0 T: 0.00
c [appmc] [   64.57 ] round:  8 hashes:      2
c [appmc] [   64.57 ] bounded_sol_count looking for   81 solutions -- hashes active: 2
c [appmc] FINISHED ApproxMC T: 64.66 s
c [appmc] Number of solutions is: 64*2**3
s mc 512
** ASH **
c ApproxMC SHA revision df6d9fc8d112d758301d7527817e2eb1029fa5eb
c ApproxMC version 4.0.1
c ApproxMC compilation env CMAKE_CXX_COMPILER = /usr/bin/c++ | CMAKE_CXX_FLAGS =  -Wall -Wextra -Wunused -Wsign-compare -fno-omit-frame-pointer -Wtype-limits -Wuninitialized -Wno-deprecated -Wstrict-aliasing -Wpointer-arith -fvisibility=hidden -Wpointer-arith -Wformat-nonliteral -Winit-self -Wparentheses -Wunreachable-code -g -fvisibility=hidden -Wlogical-op -Wrestrict -Wnull-dereference -Wdouble-promotion -Wshadow -Wformat=2 -Wextra-semi -pedantic | COMPILE_DEFINES =  -DBOOST_TEST_DYN_LINK | STATICCOMPILE = OFF | Boost_FOUND = TRUE | ZLIB_FOUND = TRUE | VALGRIND_FOUND =  | GMP_FOUND = TRUE | ENABLE_ASSERTIONS = ON | MY_TARGETS =  | compilation date time = Oct 29 2020 17:34:59
c ApproxMC compiled with gcc version 9.3.0
c CryptoMiniSat version 5.8.0
c CMS Copyright Mate Soos (soos.mate@gmail.com)
c CMS SHA revision 6477e8bc43b0fda7038965bb148b64b8637c804b
c CMS is GPL licensed due to M4RI being linked. Build without M4RI to get MIT version
c Using VMTF code by Armin Biere from CaDiCaL
c Using Yalsat by Armin Biere, see Balint et al. Improving implementation of SLS solvers [...], SAT'14
c Using WalkSAT by Henry Kautz, see Kautz and Selman Pushing the envelope: planning, propositional logic, and stochastic search, AAAI'96,
c Using code from 'When Boolean Satisfiability Meets Gauss-E. in a Simplex Way'
c       by C.-S. Han and J.-H. Roland Jiang in CAV 2012. Fixes by M. Soos
c Using CCAnr from 'CCAnr: A Conf. Checking Based Local Search Solver [...]'
c       by Shaowei Cai, Chuan Luo, and Kaile Su, SAT 2015
c CMS compilation env CMAKE_CXX_COMPILER = /usr/bin/c++ | CMAKE_CXX_FLAGS =  -fvisibility=hidden -Wall -Wextra -Wunused -Wsign-compare -fno-omit-frame-pointer -Wtype-limits -Wuninitialized -Wno-deprecated -Wstrict-aliasing -Wpointer-arith -Wpointer-arith -Wformat-nonliteral -Winit-self -Wparentheses -Wunreachable-code -g -Wno-class-memaccess -mpopcnt -msse4.2 -ggdb3 -Wlogical-op -Wrestrict -Wnull-dereference -Wdouble-promotion -Wshadow -Wformat=2 -Wextra-semi -pedantic | COMPILE_DEFINES =  -DEXTENDED_FEATURES -DUSE_GAUSS -DBOOST_TEST_DYN_LINK -DUSE_ZLIB -DYALSAT_FPU -DUSE_M4RI | STATICCOMPILE = OFF | ONLY_SIMPLE = OFF | Boost_FOUND = TRUE | STATS = OFF | SQLITE3_FOUND = FALSE | ZLIB_FOUND = TRUE | VALGRIND_FOUND =  | ENABLE_TESTING = OFF | M4RI_FOUND = TRUE | NOM4RI = OFF | SLOW_DEBUG = OFF | ENABLE_ASSERTIONS = ON | PYTHON_EXECUTABLE = PYTHON_EXECUTABLE-NOTFOUND | PYTHON_LIBRARY = PYTHON_LIBRARY-NOTFOUND | PYTHON_INCLUDE_DIRS =  | MY_TARGETS =  | LARGEMEM = OFF | LIMITMEM = OFF | BREAKID_LIBRARIES =  | BREAKID-VER = . | BOSPHORUS_LIBRARIES =  | BOSPH-VER = . | compilation date time = Oct 29 2020 17:34:11
c CMS compiled with gcc version 9.3.0
c executed with command line: approxmc --sparse 1 -s 02 /experiments/results/count_up_down_true-unreach-call_true-termination-2.c/02/counterSharp/ash.dimacs
c -- header says num vars:          53204
c -- header says num clauses:      314675
c WARNING: Empty line at line number 316190 -- this is not part of the DIMACS specifications (http://www.satcompetition.org/2009/format-benchmarks2009.html). Ignoring.
c -- clauses added: 314675
c -- xor clauses added: 0
c -- vars added 53204
c [appmc] Sampling set size: 32
c [appmc] Sampling set: 1004, 1005, 1006, 1007, 1008, 1009, 1010, 1011, 1012, 1013, 1014, 1015, 1016, 1017, 1018, 1019, 1020, 1021, 1022, 1023, 1024, 1025, 1026, 1027, 1028, 1029, 1030, 1031, 1032, 1033, 1034, 1035, 
c [sparse] Using match: 0 sampling set size: 32 prev end inclusive is: -1 this end inclusive is: 50 next end inclusive is: 100 sampl size: 32
c [appmc] threshold set to 80 sparse: 1
c [appmc] Starting up, initial measurement
c [appmc] Starting at hash count: 1
c [appmc] [    0.00 ] round:  0 hashes:      1
c [appmc] [    0.00 ] bounded_sol_count looking for   81 solutions -- hashes active: 1
c [gauss] XOR-encoding clauses detached: 59720 deleted: 0 T: 0.01
c [appmc] [    5.96 ] round:  0 hashes:      2
c [appmc] [    5.96 ] bounded_sol_count looking for   81 solutions -- hashes active: 2
c [gauss] XOR-encoding clauses detached: 16 deleted: 0 T: 0.00
c [appmc] [    9.69 ] round:  0 hashes:      4
c [appmc] [    9.69 ] bounded_sol_count looking for   81 solutions -- hashes active: 4
c [gauss] XOR-encoding clauses detached: 8 deleted: 0 T: 0.00
c [appmc] [   11.83 ] round:  0 hashes:      3
c [appmc] [   11.83 ] bounded_sol_count looking for   81 solutions -- hashes active: 3
c [appmc] simplifying
c [gauss] XOR-encoding clauses reattached: 59744 T: 0.00
c [appmc] [   21.65 ] round:  1 hashes:      3
c [appmc] [   21.65 ] bounded_sol_count looking for   81 solutions -- hashes active: 3
c [gauss] XOR-encoding clauses detached: 57750 deleted: 0 T: 0.02
c [appmc] [   25.79 ] round:  1 hashes:      2
c [appmc] [   25.79 ] bounded_sol_count looking for   81 solutions -- hashes active: 2
c [appmc] simplifying
c [gauss] XOR-encoding clauses reattached: 57750 T: 0.00
c [appmc] [   36.20 ] round:  2 hashes:      3
c [appmc] [   36.20 ] bounded_sol_count looking for   81 solutions -- hashes active: 3
c [gauss] XOR-encoding clauses detached: 57732 deleted: 0 T: 0.01
c [appmc] [   41.01 ] round:  2 hashes:      2
c [appmc] [   41.01 ] bounded_sol_count looking for   81 solutions -- hashes active: 2
c [appmc] simplifying
c [gauss] XOR-encoding clauses reattached: 57732 T: 0.00
c [appmc] [   51.53 ] round:  3 hashes:      3
c [appmc] [   51.53 ] bounded_sol_count looking for   81 solutions -- hashes active: 3
c [gauss] XOR-encoding clauses detached: 57689 deleted: 0 T: 0.02
c [appmc] [   56.77 ] round:  3 hashes:      2
c [appmc] [   56.77 ] bounded_sol_count looking for   81 solutions -- hashes active: 2
c [appmc] simplifying
c [gauss] XOR-encoding clauses reattached: 57689 T: 0.00
c [appmc] [   67.49 ] round:  4 hashes:      3
c [appmc] [   67.49 ] bounded_sol_count looking for   81 solutions -- hashes active: 3
c [gauss] XOR-encoding clauses detached: 57570 deleted: 0 T: 0.02
c [appmc] [   73.30 ] round:  4 hashes:      2
c [appmc] [   73.30 ] bounded_sol_count looking for   81 solutions -- hashes active: 2
c [appmc] simplifying
c [gauss] XOR-encoding clauses reattached: 57570 T: 0.00
c [appmc] [   85.35 ] round:  5 hashes:      3
c [appmc] [   85.35 ] bounded_sol_count looking for   81 solutions -- hashes active: 3
c [gauss] XOR-encoding clauses detached: 57507 deleted: 0 T: 0.01
c [appmc] [   91.20 ] round:  5 hashes:      2
c [appmc] [   91.20 ] bounded_sol_count looking for   81 solutions -- hashes active: 2
c [appmc] simplifying
c [gauss] XOR-encoding clauses reattached: 57507 T: 0.00
c [appmc] [  102.80 ] round:  6 hashes:      3
c [appmc] [  102.80 ] bounded_sol_count looking for   81 solutions -- hashes active: 3
c [gauss] XOR-encoding clauses detached: 57448 deleted: 0 T: 0.02
c [appmc] [  107.93 ] round:  6 hashes:      2
c [appmc] [  107.93 ] bounded_sol_count looking for   81 solutions -- hashes active: 2
c [appmc] simplifying
c [gauss] XOR-encoding clauses reattached: 57448 T: 0.00
c [appmc] [  119.16 ] round:  7 hashes:      3
c [appmc] [  119.16 ] bounded_sol_count looking for   81 solutions -- hashes active: 3
c [gauss] XOR-encoding clauses detached: 57357 deleted: 0 T: 0.02
c [appmc] [  124.80 ] round:  7 hashes:      2
c [appmc] [  124.80 ] bounded_sol_count looking for   81 solutions -- hashes active: 2
c [appmc] simplifying
c [gauss] XOR-encoding clauses reattached: 57357 T: 0.00
c [appmc] [  136.40 ] round:  8 hashes:      3
c [appmc] [  136.40 ] bounded_sol_count looking for   81 solutions -- hashes active: 3
c [gauss] XOR-encoding clauses detached: 57282 deleted: 0 T: 0.01
c [appmc] [  141.93 ] round:  8 hashes:      2
c [appmc] [  141.93 ] bounded_sol_count looking for   81 solutions -- hashes active: 2
c [appmc] FINISHED ApproxMC T: 143.45 s
c [appmc] Number of solutions is: 62*2**3
s mc 496
