** CON **
[runlim] version:		1.10
[runlim] time limit:		311040000 seconds
[runlim] real time limit:	300 seconds
[runlim] space limit:		2048 MB
[runlim] argv[0]:		ganak
[runlim] argv[1]:		-t
[runlim] argv[2]:		300
[runlim] argv[3]:		-cs
[runlim] argv[4]:		1024
[runlim] argv[5]:		-seed
[runlim] argv[6]:		03
[runlim] argv[7]:		/experiments/results/bwd_loop1a-2.c/03/counterSharp/con.dimacs
[runlim] start:			Sun Nov  1 01:03:14 2020
[runlim] main pid:		1867
[runlim] end:			Sun Nov  1 01:03:14 2020
[runlim] status:		ok
[runlim] result:		0
[runlim] children:		0
[runlim] real:			0.83 seconds
[runlim] time:			0.00 seconds
[runlim] space:			0.0 MB
[runlim] samples:		0
** AMM **
[runlim] version:		1.10
[runlim] time limit:		311040000 seconds
[runlim] real time limit:	300 seconds
[runlim] space limit:		2048 MB
[runlim] argv[0]:		ganak
[runlim] argv[1]:		-t
[runlim] argv[2]:		300
[runlim] argv[3]:		-cs
[runlim] argv[4]:		1024
[runlim] argv[5]:		-seed
[runlim] argv[6]:		03
[runlim] argv[7]:		/experiments/results/bwd_loop1a-2.c/03/counterSharp/amm.dimacs
[runlim] start:			Sun Nov  1 01:03:14 2020
[runlim] main pid:		1869
[runlim] sample:		10.0 time, 10.8 real, 20.9 MB
[runlim] sample:		20.0 time, 20.8 real, 21.6 MB
[runlim] sample:		30.0 time, 30.8 real, 24.7 MB
[runlim] sample:		40.0 time, 40.8 real, 25.4 MB
[runlim] sample:		50.0 time, 50.8 real, 26.0 MB
[runlim] sample:		60.0 time, 60.8 real, 26.2 MB
[runlim] sample:		70.0 time, 70.8 real, 26.7 MB
[runlim] sample:		80.0 time, 80.8 real, 27.5 MB
[runlim] sample:		90.0 time, 90.8 real, 28.0 MB
[runlim] sample:		100.0 time, 100.8 real, 28.8 MB
[runlim] sample:		110.0 time, 110.8 real, 28.8 MB
[runlim] sample:		120.0 time, 120.8 real, 29.3 MB
[runlim] sample:		129.9 time, 130.8 real, 29.6 MB
[runlim] sample:		139.9 time, 140.8 real, 31.1 MB
[runlim] sample:		149.9 time, 150.8 real, 31.7 MB
[runlim] sample:		159.9 time, 160.8 real, 31.9 MB
[runlim] sample:		169.9 time, 170.8 real, 34.7 MB
[runlim] sample:		179.9 time, 180.8 real, 34.7 MB
[runlim] sample:		189.9 time, 190.8 real, 36.5 MB
[runlim] sample:		199.9 time, 200.8 real, 37.0 MB
[runlim] sample:		209.9 time, 210.8 real, 37.3 MB
[runlim] sample:		219.9 time, 220.8 real, 37.5 MB
[runlim] sample:		229.9 time, 230.8 real, 38.0 MB
[runlim] sample:		239.9 time, 240.8 real, 39.1 MB
[runlim] sample:		249.9 time, 250.8 real, 39.3 MB
[runlim] sample:		259.9 time, 260.8 real, 39.3 MB
[runlim] sample:		269.9 time, 270.8 real, 41.8 MB
[runlim] sample:		279.9 time, 280.8 real, 42.4 MB
[runlim] sample:		289.9 time, 290.8 real, 43.1 MB
[runlim] end:			Sun Nov  1 01:08:14 2020
[runlim] status:		out of time
[runlim] result:		2
[runlim] children:		0
[runlim] real:			300.06 seconds
[runlim] time:			299.13 seconds
[runlim] space:			43.1 MB
[runlim] samples:		2992
** AMH **
[runlim] version:		1.10
[runlim] time limit:		311040000 seconds
[runlim] real time limit:	300 seconds
[runlim] space limit:		2048 MB
[runlim] argv[0]:		ganak
[runlim] argv[1]:		-t
[runlim] argv[2]:		300
[runlim] argv[3]:		-cs
[runlim] argv[4]:		1024
[runlim] argv[5]:		-seed
[runlim] argv[6]:		03
[runlim] argv[7]:		/experiments/results/bwd_loop1a-2.c/03/counterSharp/amh.dimacs
[runlim] start:			Sun Nov  1 01:08:14 2020
[runlim] main pid:		1871
[runlim] end:			Sun Nov  1 01:08:18 2020
[runlim] status:		ok
[runlim] result:		0
[runlim] children:		0
[runlim] real:			4.26 seconds
[runlim] time:			4.09 seconds
[runlim] space:			18.8 MB
[runlim] samples:		41
** ASM **
[runlim] version:		1.10
[runlim] time limit:		311040000 seconds
[runlim] real time limit:	300 seconds
[runlim] space limit:		2048 MB
[runlim] argv[0]:		ganak
[runlim] argv[1]:		-t
[runlim] argv[2]:		300
[runlim] argv[3]:		-cs
[runlim] argv[4]:		1024
[runlim] argv[5]:		-seed
[runlim] argv[6]:		03
[runlim] argv[7]:		/experiments/results/bwd_loop1a-2.c/03/counterSharp/asm.dimacs
[runlim] start:			Sun Nov  1 01:08:18 2020
[runlim] main pid:		1873
[runlim] end:			Sun Nov  1 01:08:19 2020
[runlim] status:		ok
[runlim] result:		0
[runlim] children:		0
[runlim] real:			1.50 seconds
[runlim] time:			1.19 seconds
[runlim] space:			18.4 MB
[runlim] samples:		12
** ASH **
[runlim] version:		1.10
[runlim] time limit:		311040000 seconds
[runlim] real time limit:	300 seconds
[runlim] space limit:		2048 MB
[runlim] argv[0]:		ganak
[runlim] argv[1]:		-t
[runlim] argv[2]:		300
[runlim] argv[3]:		-cs
[runlim] argv[4]:		1024
[runlim] argv[5]:		-seed
[runlim] argv[6]:		03
[runlim] argv[7]:		/experiments/results/bwd_loop1a-2.c/03/counterSharp/ash.dimacs
[runlim] start:			Sun Nov  1 01:08:19 2020
[runlim] main pid:		1875
[runlim] end:			Sun Nov  1 01:08:20 2020
[runlim] status:		ok
[runlim] result:		0
[runlim] children:		0
[runlim] real:			1.37 seconds
[runlim] time:			0.79 seconds
[runlim] space:			17.0 MB
[runlim] samples:		8
