** CON **
[runlim] version:		1.10
[runlim] time limit:		311040000 seconds
[runlim] real time limit:	300 seconds
[runlim] space limit:		2048 MB
[runlim] argv[0]:		approxmc
[runlim] argv[1]:		--sparse
[runlim] argv[2]:		1
[runlim] argv[3]:		-s
[runlim] argv[4]:		05
[runlim] argv[5]:		/experiments/results/hhk2008.c/05/counterSharp/con.dimacs
[runlim] start:			Mon Nov  9 17:01:47 2020
[runlim] main pid:		5297
[runlim] end:			Mon Nov  9 17:01:47 2020
[runlim] status:		ok
[runlim] result:		0
[runlim] children:		0
[runlim] real:			0.67 seconds
[runlim] time:			0.00 seconds
[runlim] space:			0.0 MB
[runlim] samples:		0
** AMM **
[runlim] version:		1.10
[runlim] time limit:		311040000 seconds
[runlim] real time limit:	300 seconds
[runlim] space limit:		2048 MB
[runlim] argv[0]:		approxmc
[runlim] argv[1]:		--sparse
[runlim] argv[2]:		1
[runlim] argv[3]:		-s
[runlim] argv[4]:		05
[runlim] argv[5]:		/experiments/results/hhk2008.c/05/counterSharp/amm.dimacs
[runlim] start:			Mon Nov  9 17:01:47 2020
[runlim] main pid:		5299
[runlim] end:			Mon Nov  9 17:01:48 2020
[runlim] status:		ok
[runlim] result:		0
[runlim] children:		0
[runlim] real:			1.65 seconds
[runlim] time:			0.89 seconds
[runlim] space:			14.7 MB
[runlim] samples:		9
** AMH **
[runlim] version:		1.10
[runlim] time limit:		311040000 seconds
[runlim] real time limit:	300 seconds
[runlim] space limit:		2048 MB
[runlim] argv[0]:		approxmc
[runlim] argv[1]:		--sparse
[runlim] argv[2]:		1
[runlim] argv[3]:		-s
[runlim] argv[4]:		05
[runlim] argv[5]:		/experiments/results/hhk2008.c/05/counterSharp/amh.dimacs
[runlim] start:			Mon Nov  9 17:01:48 2020
[runlim] main pid:		5301
[runlim] end:			Mon Nov  9 17:01:48 2020
[runlim] status:		ok
[runlim] result:		0
[runlim] children:		0
[runlim] real:			0.84 seconds
[runlim] time:			0.09 seconds
[runlim] space:			8.0 MB
[runlim] samples:		1
** ASM **
[runlim] version:		1.10
[runlim] time limit:		311040000 seconds
[runlim] real time limit:	300 seconds
[runlim] space limit:		2048 MB
[runlim] argv[0]:		approxmc
[runlim] argv[1]:		--sparse
[runlim] argv[2]:		1
[runlim] argv[3]:		-s
[runlim] argv[4]:		05
[runlim] argv[5]:		/experiments/results/hhk2008.c/05/counterSharp/asm.dimacs
[runlim] start:			Mon Nov  9 17:01:48 2020
[runlim] main pid:		5303
[runlim] end:			Mon Nov  9 17:01:48 2020
[runlim] status:		ok
[runlim] result:		0
[runlim] children:		0
[runlim] real:			0.99 seconds
[runlim] time:			0.09 seconds
[runlim] space:			7.9 MB
[runlim] samples:		1
** ASH **
[runlim] version:		1.10
[runlim] time limit:		311040000 seconds
[runlim] real time limit:	300 seconds
[runlim] space limit:		2048 MB
[runlim] argv[0]:		approxmc
[runlim] argv[1]:		--sparse
[runlim] argv[2]:		1
[runlim] argv[3]:		-s
[runlim] argv[4]:		05
[runlim] argv[5]:		/experiments/results/hhk2008.c/05/counterSharp/ash.dimacs
[runlim] start:			Mon Nov  9 17:01:48 2020
[runlim] main pid:		5305
[runlim] end:			Mon Nov  9 17:01:49 2020
[runlim] status:		ok
[runlim] result:		0
[runlim] children:		0
[runlim] real:			1.13 seconds
[runlim] time:			0.09 seconds
[runlim] space:			8.0 MB
[runlim] samples:		1
