** CON **
c Setting the timout to: 100000
c Outputting solution to console
c GANAK version 1.0.0
c time bound set to 300s
c ganak GIT revision: 33f36bcdd4a32f4f20f64e667de10d13d1377953
c ganak build env: CMAKE_CXX_COMPILER = /usr/bin/c++ | CMAKE_CXX_FLAGS =  -mtune=native -Wall -Wextra -Wunused -Wsign-compare -fno-omit-frame-pointer -Wtype-limits -Wuninitialized -Wno-deprecated -Wstrict-aliasing -Wpointer-arith -Wpointer-arith -Wformat-nonliteral -Winit-self -Wparentheses -Wunreachable-code -ggdb3 | COMPILE_DEFINES =  | STATICCOMPILE = OFF | ONLY_SIMPLE =  | Boost_FOUND =  | ZLIB_FOUND =  | ENABLE_TESTING =  | ENABLE_ASSERTIONS = ON | MY_TARGETS =  | compilation date time = Oct 29 2020 17:35:28
c Setting the timout to: 300
** AMM **
c Setting the timout to: 100000
c Outputting solution to console
c GANAK version 1.0.0
c time bound set to 300s
c ganak GIT revision: 33f36bcdd4a32f4f20f64e667de10d13d1377953
c ganak build env: CMAKE_CXX_COMPILER = /usr/bin/c++ | CMAKE_CXX_FLAGS =  -mtune=native -Wall -Wextra -Wunused -Wsign-compare -fno-omit-frame-pointer -Wtype-limits -Wuninitialized -Wno-deprecated -Wstrict-aliasing -Wpointer-arith -Wpointer-arith -Wformat-nonliteral -Winit-self -Wparentheses -Wunreachable-code -ggdb3 | COMPILE_DEFINES =  | STATICCOMPILE = OFF | ONLY_SIMPLE =  | Boost_FOUND =  | ZLIB_FOUND =  | ENABLE_TESTING =  | ENABLE_ASSERTIONS = ON | MY_TARGETS =  | compilation date time = Oct 29 2020 17:35:28
c Setting the timout to: 300
c Solving /experiments/results/bwd_loop7-2.c/03/counterSharp/amm.dimacs
c variables (all/used/free): 	41937/41937/0
c clauses (all/long/binary/unit): 170246/143214/26529/503
c Sampling set is present, performing projected model counting 
c Sampling set size: 32
c Sampling set:  4 5 6 7 8 9 10 11 12 13 14 15 16 17 18 19 20 21 22 23 24 25 26 27 28 29 30 31 32 33 34 35
c 
c Preprocessing ..
c DONE
c variables (all/used/free): 	26829/26797/32
c clauses (all/long/binary/unit): 85161/35997/49164/0
c Maximum cache size:	1024 MB
c 
c Max decision level :25
c Max decision level :50
c Max decision level :75
c Max decision level :100
c Max decision level :125
c Max decision level :150
c Doing Restart
c Max decision level :175
c Max decision level :200
c Max decision level :225
c Max decision level :250
c Max decision level :275
c Max decision level :300
c Max decision level :325
c Max decision level :350
c Max decision level :375
c Max decision level :400
c Max decision level :425
c Max decision level :450
c Max decision level :475
c Cache full!!
c Cache full!!
c Cache full!!
c Cache full!!
c Cache full!!
c Cache full!!
c Cache full!!
c Max decision level :500
c Cache full!!
** AMH **
c Setting the timout to: 100000
c Outputting solution to console
c GANAK version 1.0.0
c time bound set to 300s
c ganak GIT revision: 33f36bcdd4a32f4f20f64e667de10d13d1377953
c ganak build env: CMAKE_CXX_COMPILER = /usr/bin/c++ | CMAKE_CXX_FLAGS =  -mtune=native -Wall -Wextra -Wunused -Wsign-compare -fno-omit-frame-pointer -Wtype-limits -Wuninitialized -Wno-deprecated -Wstrict-aliasing -Wpointer-arith -Wpointer-arith -Wformat-nonliteral -Winit-self -Wparentheses -Wunreachable-code -ggdb3 | COMPILE_DEFINES =  | STATICCOMPILE = OFF | ONLY_SIMPLE =  | Boost_FOUND =  | ZLIB_FOUND =  | ENABLE_TESTING =  | ENABLE_ASSERTIONS = ON | MY_TARGETS =  | compilation date time = Oct 29 2020 17:35:28
c Setting the timout to: 300
c Solving /experiments/results/bwd_loop7-2.c/03/counterSharp/amh.dimacs
c variables (all/used/free): 	41937/41937/0
c clauses (all/long/binary/unit): 170246/143214/26529/503
c Sampling set is present, performing projected model counting 
c Sampling set size: 32
c Sampling set:  4 5 6 7 8 9 10 11 12 13 14 15 16 17 18 19 20 21 22 23 24 25 26 27 28 29 30 31 32 33 34 35
c 
c Preprocessing ..
c DONE
c variables (all/used/free): 	23037/23005/32
c clauses (all/long/binary/unit): 66326/22656/43670/0
c Maximum cache size:	1024 MB
c 
c Max decision level :25
c Max decision level :50
c Max decision level :75
c Max decision level :100
c Max decision level :125
c Max decision level :150
c Max decision level :175
c Max decision level :200
c Max decision level :225
c Max decision level :250
c Max decision level :275
c Max decision level :300
c Max decision level :325
c Max decision level :350
c Max decision level :375
c Doing Restart
c Max decision level :400
c Max decision level :425
c Max decision level :450
c Cache full!!
c Cache full!!
c Cache full!!
c Cache full!!
c Cache full!!
c 
c 
c variables (total / active / free)	23037/23005/32
c clauses (removed) 			170246 (103900)
c decisions 				733967
c Max. decision level 			464
c conflicts 				1463
c conflict clauses (all/bin/unit) 	44114/5746/20
c 
c failed literals found by implicit BCP 	 29088
c implicit BCP miss rate 	 99.7606%
c bytes cache size     	635693528	
c bytes cache (overall) 	3110334884
c bytes cache components (overall) 	3088860476
c bytes cache (infra / comps) 21474408/614219120	
c bytes pure comp data (curr)    612912572
c bytes pure comp data (overall) 3057114064
c bytes cache with sysoverh (curr)    622408352
c bytes cache with sysoverh (overall) 3129266480
c cache (lookup / stores / hits) 			739030/738993/38
c cache miss rate 99.9949%
c avg. variable count (stores / hits) 	1901.04/664.395
c 
c 
c # solutions 
s pmc 1000
c # END
c 
c time: 219.995s
** ASM **
c Setting the timout to: 100000
c Outputting solution to console
c GANAK version 1.0.0
c time bound set to 300s
c ganak GIT revision: 33f36bcdd4a32f4f20f64e667de10d13d1377953
c ganak build env: CMAKE_CXX_COMPILER = /usr/bin/c++ | CMAKE_CXX_FLAGS =  -mtune=native -Wall -Wextra -Wunused -Wsign-compare -fno-omit-frame-pointer -Wtype-limits -Wuninitialized -Wno-deprecated -Wstrict-aliasing -Wpointer-arith -Wpointer-arith -Wformat-nonliteral -Winit-self -Wparentheses -Wunreachable-code -ggdb3 | COMPILE_DEFINES =  | STATICCOMPILE = OFF | ONLY_SIMPLE =  | Boost_FOUND =  | ZLIB_FOUND =  | ENABLE_TESTING =  | ENABLE_ASSERTIONS = ON | MY_TARGETS =  | compilation date time = Oct 29 2020 17:35:28
c Setting the timout to: 300
c Solving /experiments/results/bwd_loop7-2.c/03/counterSharp/asm.dimacs
c variables (all/used/free): 	41939/41939/0
c clauses (all/long/binary/unit): 170252/143215/26533/504
c Sampling set is present, performing projected model counting 
c Sampling set size: 32
c Sampling set:  4 5 6 7 8 9 10 11 12 13 14 15 16 17 18 19 20 21 22 23 24 25 26 27 28 29 30 31 32 33 34 35
c 
c Preprocessing ..
c DONE
c variables (all/used/free): 	23034/23002/32
c clauses (all/long/binary/unit): 66320/22655/43665/0
c Maximum cache size:	1024 MB
c 
c Max decision level :25
c Max decision level :50
c Max decision level :75
c Max decision level :100
c Max decision level :125
c Max decision level :150
c Max decision level :175
c Max decision level :200
c Max decision level :225
c Max decision level :250
c Max decision level :275
c Max decision level :300
c Max decision level :325
c Max decision level :350
c Max decision level :375
c Max decision level :400
c Max decision level :425
c Max decision level :450
c Max decision level :475
c Max decision level :500
c Max decision level :525
c Max decision level :550
c Doing Restart
c Cache full!!
c Cache full!!
c Cache full!!
c Cache full!!
c Cache full!!
c 
c 
c variables (total / active / free)	23034/23002/32
c clauses (removed) 			170252 (103931)
c decisions 				724491
c Max. decision level 			568
c conflicts 				2290
c conflict clauses (all/bin/unit) 	44202/5225/1
c 
c failed literals found by implicit BCP 	 28582
c implicit BCP miss rate 	 99.7614%
c bytes cache size     	644561536	
c bytes cache (overall) 	3008648076
c bytes cache components (overall) 	2987173668
c bytes cache (infra / comps) 21474408/623087128	
c bytes pure comp data (curr)    623028448
c bytes pure comp data (overall) 2966307880
c bytes cache with sysoverh (curr)    629795920
c bytes cache with sysoverh (overall) 3027064704
c cache (lookup / stores / hits) 			729551/729507/45
c cache miss rate 99.9938%
c avg. variable count (stores / hits) 	1935.48/103
c 
c 
c # solutions 
s pmc 994
c # END
c 
c time: 221.414s
** ASH **
c Setting the timout to: 100000
c Outputting solution to console
c GANAK version 1.0.0
c time bound set to 300s
c ganak GIT revision: 33f36bcdd4a32f4f20f64e667de10d13d1377953
c ganak build env: CMAKE_CXX_COMPILER = /usr/bin/c++ | CMAKE_CXX_FLAGS =  -mtune=native -Wall -Wextra -Wunused -Wsign-compare -fno-omit-frame-pointer -Wtype-limits -Wuninitialized -Wno-deprecated -Wstrict-aliasing -Wpointer-arith -Wpointer-arith -Wformat-nonliteral -Winit-self -Wparentheses -Wunreachable-code -ggdb3 | COMPILE_DEFINES =  | STATICCOMPILE = OFF | ONLY_SIMPLE =  | Boost_FOUND =  | ZLIB_FOUND =  | ENABLE_TESTING =  | ENABLE_ASSERTIONS = ON | MY_TARGETS =  | compilation date time = Oct 29 2020 17:35:28
c Setting the timout to: 300
c Solving /experiments/results/bwd_loop7-2.c/03/counterSharp/ash.dimacs
c variables (all/used/free): 	41939/41939/0
c clauses (all/long/binary/unit): 170252/143215/26533/504
c Sampling set is present, performing projected model counting 
c Sampling set size: 32
c Sampling set:  4 5 6 7 8 9 10 11 12 13 14 15 16 17 18 19 20 21 22 23 24 25 26 27 28 29 30 31 32 33 34 35
c 
c Preprocessing ..
c DONE
c variables (all/used/free): 	21597/21565/32
c clauses (all/long/binary/unit): 59225/17736/41489/0
c Maximum cache size:	1024 MB
c 
c Max decision level :25
c Max decision level :50
c Max decision level :75
c Max decision level :100
c Max decision level :125
c Max decision level :150
c Max decision level :175
c Max decision level :200
c Max decision level :225
c Max decision level :250
c Max decision level :275
c Max decision level :300
c Max decision level :325
c Max decision level :350
c Max decision level :375
c Max decision level :400
c Max decision level :425
c Max decision level :450
c Max decision level :475
c Max decision level :500
c Max decision level :525
c Max decision level :550
c Max decision level :575
c Doing Restart
c 
c 
c variables (total / active / free)	21597/21565/32
c clauses (removed) 			170252 (111027)
c decisions 				82656
c Max. decision level 			590
c conflicts 				1258
c conflict clauses (all/bin/unit) 	12263/2131/0
c 
c failed literals found by implicit BCP 	 6285
c implicit BCP miss rate 	 99.5387%
c bytes cache size     	299500312	
c bytes cache (overall) 	316600864
c bytes cache components (overall) 	296366456
c bytes cache (infra / comps) 20234408/279265904	
c bytes pure comp data (curr)    246809468
c bytes pure comp data (overall) 300057332
c bytes cache with sysoverh (curr)    283640624
c bytes cache with sysoverh (overall) 301154864
c cache (lookup / stores / hits) 			87678/87679/0
c cache miss rate 100%
c avg. variable count (stores / hits) 	3322.63/0
c 
c 
c # solutions 
s pmc 106
c # END
c 
c time: 22.7861s
