** CON **
[runlim] version:		1.10
[runlim] time limit:		311040000 seconds
[runlim] real time limit:	300 seconds
[runlim] space limit:		2048 MB
[runlim] argv[0]:		ganak
[runlim] argv[1]:		-t
[runlim] argv[2]:		300
[runlim] argv[3]:		-cs
[runlim] argv[4]:		1024
[runlim] argv[5]:		-seed
[runlim] argv[6]:		04
[runlim] argv[7]:		/experiments/results/hhk2008-2.c/04/counterSharp/con.dimacs
[runlim] start:			Sun Nov  1 13:23:40 2020
[runlim] main pid:		5118
[runlim] sample:		10.0 time, 10.9 real, 50.5 MB
[runlim] sample:		20.0 time, 20.9 real, 50.5 MB
[runlim] sample:		30.0 time, 30.9 real, 50.8 MB
[runlim] sample:		40.0 time, 40.9 real, 50.8 MB
[runlim] sample:		50.0 time, 50.9 real, 50.8 MB
[runlim] sample:		60.0 time, 60.9 real, 50.8 MB
[runlim] sample:		70.0 time, 70.9 real, 50.8 MB
[runlim] sample:		79.9 time, 80.9 real, 50.8 MB
[runlim] sample:		89.9 time, 90.9 real, 50.8 MB
[runlim] sample:		99.9 time, 100.9 real, 50.8 MB
[runlim] end:			Sun Nov  1 13:25:27 2020
[runlim] status:		ok
[runlim] result:		0
[runlim] children:		0
[runlim] real:			107.37 seconds
[runlim] time:			106.34 seconds
[runlim] space:			50.8 MB
[runlim] samples:		1064
** AMM **
[runlim] version:		1.10
[runlim] time limit:		311040000 seconds
[runlim] real time limit:	300 seconds
[runlim] space limit:		2048 MB
[runlim] argv[0]:		ganak
[runlim] argv[1]:		-t
[runlim] argv[2]:		300
[runlim] argv[3]:		-cs
[runlim] argv[4]:		1024
[runlim] argv[5]:		-seed
[runlim] argv[6]:		04
[runlim] argv[7]:		/experiments/results/hhk2008-2.c/04/counterSharp/amm.dimacs
[runlim] start:			Sun Nov  1 13:25:27 2020
[runlim] main pid:		5120
[runlim] sample:		10.0 time, 10.4 real, 51.2 MB
[runlim] sample:		20.0 time, 20.4 real, 51.5 MB
[runlim] sample:		30.0 time, 30.4 real, 51.5 MB
[runlim] sample:		40.0 time, 40.4 real, 51.5 MB
[runlim] sample:		50.0 time, 50.4 real, 51.5 MB
[runlim] sample:		60.0 time, 60.4 real, 51.5 MB
[runlim] sample:		70.0 time, 70.4 real, 51.5 MB
[runlim] sample:		80.0 time, 80.4 real, 51.7 MB
[runlim] sample:		90.0 time, 90.4 real, 51.7 MB
[runlim] sample:		100.0 time, 100.4 real, 51.7 MB
[runlim] sample:		110.0 time, 110.4 real, 51.7 MB
[runlim] sample:		120.0 time, 120.4 real, 51.7 MB
[runlim] sample:		129.9 time, 130.4 real, 51.7 MB
[runlim] sample:		139.9 time, 140.4 real, 51.7 MB
[runlim] sample:		149.9 time, 150.4 real, 119.8 MB
[runlim] sample:		159.9 time, 160.4 real, 122.0 MB
[runlim] sample:		169.9 time, 170.4 real, 122.0 MB
[runlim] sample:		179.9 time, 180.4 real, 124.0 MB
[runlim] sample:		189.9 time, 190.4 real, 124.0 MB
[runlim] sample:		199.9 time, 200.4 real, 127.1 MB
[runlim] sample:		209.9 time, 210.4 real, 127.1 MB
[runlim] sample:		219.9 time, 220.4 real, 129.1 MB
[runlim] sample:		229.9 time, 230.4 real, 131.1 MB
[runlim] sample:		239.9 time, 240.4 real, 131.1 MB
[runlim] sample:		249.9 time, 250.4 real, 131.1 MB
[runlim] sample:		259.9 time, 260.4 real, 131.1 MB
[runlim] sample:		269.9 time, 270.4 real, 131.1 MB
[runlim] sample:		279.9 time, 280.4 real, 131.1 MB
[runlim] sample:		289.9 time, 290.4 real, 133.1 MB
[runlim] end:			Sun Nov  1 13:30:27 2020
[runlim] status:		out of time
[runlim] result:		2
[runlim] children:		0
[runlim] real:			300.09 seconds
[runlim] time:			299.63 seconds
[runlim] space:			133.1 MB
[runlim] samples:		2997
** AMH **
[runlim] version:		1.10
[runlim] time limit:		311040000 seconds
[runlim] real time limit:	300 seconds
[runlim] space limit:		2048 MB
[runlim] argv[0]:		ganak
[runlim] argv[1]:		-t
[runlim] argv[2]:		300
[runlim] argv[3]:		-cs
[runlim] argv[4]:		1024
[runlim] argv[5]:		-seed
[runlim] argv[6]:		04
[runlim] argv[7]:		/experiments/results/hhk2008-2.c/04/counterSharp/amh.dimacs
[runlim] start:			Sun Nov  1 13:30:27 2020
[runlim] main pid:		5122
[runlim] sample:		10.0 time, 10.1 real, 52.3 MB
[runlim] sample:		20.0 time, 20.1 real, 52.5 MB
[runlim] sample:		30.0 time, 30.1 real, 52.5 MB
[runlim] sample:		40.0 time, 40.1 real, 52.5 MB
[runlim] sample:		50.0 time, 50.1 real, 52.5 MB
[runlim] sample:		60.0 time, 60.1 real, 52.5 MB
[runlim] sample:		70.0 time, 70.1 real, 52.8 MB
[runlim] sample:		80.0 time, 80.1 real, 52.8 MB
[runlim] sample:		90.0 time, 90.1 real, 52.8 MB
[runlim] sample:		100.0 time, 100.1 real, 53.3 MB
[runlim] sample:		110.0 time, 110.1 real, 54.9 MB
[runlim] sample:		120.0 time, 120.1 real, 54.9 MB
[runlim] sample:		130.0 time, 130.1 real, 55.1 MB
[runlim] sample:		140.0 time, 140.1 real, 55.1 MB
[runlim] sample:		150.0 time, 150.1 real, 55.1 MB
[runlim] sample:		160.0 time, 160.1 real, 55.1 MB
[runlim] sample:		170.0 time, 170.1 real, 55.1 MB
[runlim] sample:		180.0 time, 180.1 real, 55.1 MB
[runlim] sample:		190.0 time, 190.1 real, 55.1 MB
[runlim] sample:		200.0 time, 200.1 real, 55.1 MB
[runlim] sample:		210.0 time, 210.1 real, 55.1 MB
[runlim] sample:		220.0 time, 220.1 real, 55.1 MB
[runlim] sample:		230.0 time, 230.1 real, 55.1 MB
[runlim] sample:		240.0 time, 240.1 real, 55.1 MB
[runlim] sample:		250.0 time, 250.1 real, 55.1 MB
[runlim] sample:		260.0 time, 260.1 real, 55.1 MB
[runlim] sample:		270.0 time, 270.1 real, 55.1 MB
[runlim] sample:		280.0 time, 280.1 real, 55.1 MB
[runlim] sample:		290.0 time, 290.1 real, 55.1 MB
[runlim] sample:		300.0 time, 300.1 real, 55.1 MB
[runlim] end:			Sun Nov  1 13:35:27 2020
[runlim] status:		out of time
[runlim] result:		2
[runlim] children:		0
[runlim] real:			300.11 seconds
[runlim] time:			299.96 seconds
[runlim] space:			55.1 MB
[runlim] samples:		3000
** ASM **
[runlim] version:		1.10
[runlim] time limit:		311040000 seconds
[runlim] real time limit:	300 seconds
[runlim] space limit:		2048 MB
[runlim] argv[0]:		ganak
[runlim] argv[1]:		-t
[runlim] argv[2]:		300
[runlim] argv[3]:		-cs
[runlim] argv[4]:		1024
[runlim] argv[5]:		-seed
[runlim] argv[6]:		04
[runlim] argv[7]:		/experiments/results/hhk2008-2.c/04/counterSharp/asm.dimacs
[runlim] start:			Sun Nov  1 13:35:27 2020
[runlim] main pid:		5124
[runlim] sample:		10.0 time, 10.1 real, 52.2 MB
[runlim] sample:		20.0 time, 20.1 real, 52.5 MB
[runlim] sample:		30.0 time, 30.1 real, 52.5 MB
[runlim] sample:		40.0 time, 40.1 real, 52.5 MB
[runlim] sample:		50.0 time, 50.1 real, 52.5 MB
[runlim] sample:		60.0 time, 60.1 real, 52.5 MB
[runlim] sample:		70.0 time, 70.1 real, 52.5 MB
[runlim] sample:		80.0 time, 80.1 real, 52.7 MB
[runlim] sample:		90.0 time, 90.1 real, 52.7 MB
[runlim] sample:		100.0 time, 100.1 real, 52.7 MB
[runlim] sample:		110.0 time, 110.1 real, 52.7 MB
[runlim] sample:		120.0 time, 120.1 real, 52.7 MB
[runlim] sample:		130.0 time, 130.1 real, 52.7 MB
[runlim] sample:		140.0 time, 140.1 real, 52.7 MB
[runlim] sample:		150.0 time, 150.1 real, 52.7 MB
[runlim] sample:		160.0 time, 160.1 real, 52.7 MB
[runlim] sample:		170.0 time, 170.1 real, 52.7 MB
[runlim] sample:		180.0 time, 180.1 real, 52.7 MB
[runlim] sample:		190.0 time, 190.1 real, 52.7 MB
[runlim] sample:		200.0 time, 200.1 real, 52.7 MB
[runlim] sample:		210.0 time, 210.1 real, 52.7 MB
[runlim] sample:		220.0 time, 220.1 real, 52.7 MB
[runlim] sample:		230.0 time, 230.1 real, 52.7 MB
[runlim] sample:		240.0 time, 240.1 real, 52.7 MB
[runlim] sample:		250.0 time, 250.1 real, 52.7 MB
[runlim] sample:		260.0 time, 260.1 real, 52.7 MB
[runlim] sample:		270.0 time, 270.1 real, 52.7 MB
[runlim] sample:		280.0 time, 280.1 real, 52.7 MB
[runlim] sample:		290.0 time, 290.1 real, 52.7 MB
[runlim] end:			Sun Nov  1 13:40:27 2020
[runlim] status:		out of time
[runlim] result:		2
[runlim] children:		0
[runlim] real:			300.04 seconds
[runlim] time:			299.86 seconds
[runlim] space:			52.7 MB
[runlim] samples:		2999
** ASH **
[runlim] version:		1.10
[runlim] time limit:		311040000 seconds
[runlim] real time limit:	300 seconds
[runlim] space limit:		2048 MB
[runlim] argv[0]:		ganak
[runlim] argv[1]:		-t
[runlim] argv[2]:		300
[runlim] argv[3]:		-cs
[runlim] argv[4]:		1024
[runlim] argv[5]:		-seed
[runlim] argv[6]:		04
[runlim] argv[7]:		/experiments/results/hhk2008-2.c/04/counterSharp/ash.dimacs
[runlim] start:			Sun Nov  1 13:40:27 2020
[runlim] main pid:		5126
[runlim] sample:		10.0 time, 10.0 real, 51.3 MB
[runlim] sample:		20.0 time, 20.0 real, 51.3 MB
[runlim] sample:		30.0 time, 30.0 real, 51.3 MB
[runlim] sample:		40.0 time, 40.0 real, 51.3 MB
[runlim] sample:		50.0 time, 50.0 real, 51.5 MB
[runlim] sample:		60.0 time, 60.0 real, 51.5 MB
[runlim] sample:		70.0 time, 70.0 real, 51.5 MB
[runlim] sample:		80.0 time, 80.0 real, 51.5 MB
[runlim] sample:		90.0 time, 90.0 real, 51.5 MB
[runlim] sample:		100.0 time, 100.0 real, 51.7 MB
[runlim] sample:		110.0 time, 110.0 real, 51.8 MB
[runlim] sample:		120.0 time, 120.0 real, 51.8 MB
[runlim] sample:		130.0 time, 130.0 real, 52.7 MB
[runlim] sample:		140.0 time, 140.0 real, 52.7 MB
[runlim] sample:		150.0 time, 150.0 real, 52.7 MB
[runlim] sample:		160.0 time, 160.0 real, 52.7 MB
[runlim] sample:		170.0 time, 170.0 real, 52.7 MB
[runlim] sample:		180.0 time, 180.0 real, 52.7 MB
[runlim] sample:		190.0 time, 190.0 real, 52.7 MB
[runlim] sample:		200.0 time, 200.0 real, 52.7 MB
[runlim] sample:		210.0 time, 210.0 real, 52.7 MB
[runlim] sample:		220.0 time, 220.0 real, 52.7 MB
[runlim] sample:		229.9 time, 230.0 real, 52.7 MB
[runlim] sample:		239.9 time, 240.0 real, 52.7 MB
[runlim] sample:		249.9 time, 250.0 real, 52.7 MB
[runlim] sample:		259.9 time, 260.0 real, 52.7 MB
[runlim] sample:		269.9 time, 270.0 real, 52.7 MB
[runlim] sample:		279.9 time, 280.0 real, 52.7 MB
[runlim] sample:		289.9 time, 290.0 real, 52.7 MB
[runlim] sample:		299.9 time, 300.0 real, 52.7 MB
[runlim] end:			Sun Nov  1 13:45:27 2020
[runlim] status:		out of time
[runlim] result:		2
[runlim] children:		0
[runlim] real:			300.06 seconds
[runlim] time:			299.95 seconds
[runlim] space:			52.7 MB
[runlim] samples:		3000
