** CON **
[runlim] version:		1.10
[runlim] time limit:		311040000 seconds
[runlim] real time limit:	300 seconds
[runlim] space limit:		2048 MB
[runlim] argv[0]:		ganak
[runlim] argv[1]:		-t
[runlim] argv[2]:		300
[runlim] argv[3]:		-cs
[runlim] argv[4]:		1024
[runlim] argv[5]:		-seed
[runlim] argv[6]:		05
[runlim] argv[7]:		/experiments/results/Waldkirch-2.c/05/counterSharp/con.dimacs
[runlim] start:			Sun Nov  1 15:35:57 2020
[runlim] main pid:		6115
[runlim] end:			Sun Nov  1 15:36:07 2020
[runlim] status:		ok
[runlim] result:		0
[runlim] children:		0
[runlim] real:			10.50 seconds
[runlim] time:			9.59 seconds
[runlim] space:			39.9 MB
[runlim] samples:		96
** AMM **
[runlim] version:		1.10
[runlim] time limit:		311040000 seconds
[runlim] real time limit:	300 seconds
[runlim] space limit:		2048 MB
[runlim] argv[0]:		ganak
[runlim] argv[1]:		-t
[runlim] argv[2]:		300
[runlim] argv[3]:		-cs
[runlim] argv[4]:		1024
[runlim] argv[5]:		-seed
[runlim] argv[6]:		05
[runlim] argv[7]:		/experiments/results/Waldkirch-2.c/05/counterSharp/amm.dimacs
[runlim] start:			Sun Nov  1 15:36:07 2020
[runlim] main pid:		6117
[runlim] sample:		10.0 time, 10.5 real, 38.4 MB
[runlim] sample:		20.0 time, 20.5 real, 38.6 MB
[runlim] sample:		30.0 time, 30.5 real, 38.6 MB
[runlim] sample:		40.0 time, 40.5 real, 38.6 MB
[runlim] sample:		50.0 time, 50.5 real, 38.6 MB
[runlim] sample:		60.0 time, 60.5 real, 38.6 MB
[runlim] sample:		70.0 time, 70.5 real, 38.9 MB
[runlim] sample:		80.0 time, 80.5 real, 38.9 MB
[runlim] sample:		90.0 time, 90.5 real, 38.9 MB
[runlim] sample:		100.0 time, 100.5 real, 38.9 MB
[runlim] sample:		110.0 time, 110.5 real, 39.1 MB
[runlim] sample:		120.0 time, 120.5 real, 39.1 MB
[runlim] sample:		130.0 time, 130.5 real, 39.1 MB
[runlim] sample:		140.0 time, 140.5 real, 39.1 MB
[runlim] sample:		150.0 time, 150.5 real, 39.1 MB
[runlim] sample:		160.0 time, 160.5 real, 39.1 MB
[runlim] sample:		170.0 time, 170.5 real, 39.1 MB
[runlim] sample:		180.0 time, 180.5 real, 39.1 MB
[runlim] sample:		190.0 time, 190.5 real, 39.1 MB
[runlim] sample:		199.9 time, 200.5 real, 39.1 MB
[runlim] sample:		209.9 time, 210.5 real, 39.1 MB
[runlim] sample:		219.9 time, 220.5 real, 39.1 MB
[runlim] sample:		229.9 time, 230.5 real, 39.1 MB
[runlim] sample:		239.9 time, 240.5 real, 39.1 MB
[runlim] sample:		249.9 time, 250.5 real, 39.1 MB
[runlim] sample:		259.9 time, 260.5 real, 39.1 MB
[runlim] sample:		269.9 time, 270.5 real, 39.1 MB
[runlim] sample:		279.9 time, 280.5 real, 39.1 MB
[runlim] sample:		289.9 time, 290.5 real, 68.7 MB
[runlim] end:			Sun Nov  1 15:41:07 2020
[runlim] status:		out of time
[runlim] result:		2
[runlim] children:		0
[runlim] real:			300.02 seconds
[runlim] time:			299.45 seconds
[runlim] space:			69.5 MB
[runlim] samples:		2995
** AMH **
[runlim] version:		1.10
[runlim] time limit:		311040000 seconds
[runlim] real time limit:	300 seconds
[runlim] space limit:		2048 MB
[runlim] argv[0]:		ganak
[runlim] argv[1]:		-t
[runlim] argv[2]:		300
[runlim] argv[3]:		-cs
[runlim] argv[4]:		1024
[runlim] argv[5]:		-seed
[runlim] argv[6]:		05
[runlim] argv[7]:		/experiments/results/Waldkirch-2.c/05/counterSharp/amh.dimacs
[runlim] start:			Sun Nov  1 15:41:07 2020
[runlim] main pid:		6119
[runlim] sample:		10.0 time, 10.0 real, 38.1 MB
[runlim] sample:		20.0 time, 20.0 real, 38.1 MB
[runlim] sample:		30.0 time, 30.0 real, 38.4 MB
[runlim] sample:		40.0 time, 40.0 real, 38.4 MB
[runlim] sample:		50.0 time, 50.0 real, 39.2 MB
[runlim] sample:		60.0 time, 60.0 real, 39.5 MB
[runlim] sample:		70.0 time, 70.0 real, 39.5 MB
[runlim] sample:		80.0 time, 80.0 real, 39.5 MB
[runlim] sample:		90.0 time, 90.0 real, 39.5 MB
[runlim] sample:		100.0 time, 100.0 real, 39.5 MB
[runlim] sample:		110.0 time, 110.0 real, 39.5 MB
[runlim] sample:		120.0 time, 120.0 real, 39.7 MB
[runlim] sample:		129.9 time, 130.0 real, 39.7 MB
[runlim] sample:		139.9 time, 140.0 real, 39.7 MB
[runlim] sample:		149.9 time, 150.0 real, 39.7 MB
[runlim] sample:		159.9 time, 160.0 real, 39.7 MB
[runlim] sample:		169.9 time, 170.0 real, 39.7 MB
[runlim] sample:		179.9 time, 180.0 real, 39.7 MB
[runlim] sample:		189.9 time, 190.0 real, 39.7 MB
[runlim] sample:		199.9 time, 200.0 real, 39.7 MB
[runlim] sample:		209.9 time, 210.0 real, 39.7 MB
[runlim] sample:		219.9 time, 220.0 real, 39.7 MB
[runlim] sample:		229.9 time, 230.0 real, 39.7 MB
[runlim] sample:		239.9 time, 240.0 real, 39.7 MB
[runlim] sample:		249.9 time, 250.0 real, 39.7 MB
[runlim] sample:		259.9 time, 260.0 real, 39.7 MB
[runlim] sample:		269.9 time, 270.0 real, 39.7 MB
[runlim] sample:		279.9 time, 280.0 real, 39.7 MB
[runlim] sample:		289.9 time, 290.0 real, 39.7 MB
[runlim] sample:		299.9 time, 300.0 real, 39.7 MB
[runlim] end:			Sun Nov  1 15:46:07 2020
[runlim] status:		out of time
[runlim] result:		2
[runlim] children:		0
[runlim] real:			300.04 seconds
[runlim] time:			299.91 seconds
[runlim] space:			39.7 MB
[runlim] samples:		3000
** ASM **
[runlim] version:		1.10
[runlim] time limit:		311040000 seconds
[runlim] real time limit:	300 seconds
[runlim] space limit:		2048 MB
[runlim] argv[0]:		ganak
[runlim] argv[1]:		-t
[runlim] argv[2]:		300
[runlim] argv[3]:		-cs
[runlim] argv[4]:		1024
[runlim] argv[5]:		-seed
[runlim] argv[6]:		05
[runlim] argv[7]:		/experiments/results/Waldkirch-2.c/05/counterSharp/asm.dimacs
[runlim] start:			Sun Nov  1 15:46:07 2020
[runlim] main pid:		6121
[runlim] sample:		10.0 time, 10.0 real, 38.1 MB
[runlim] sample:		20.0 time, 20.0 real, 38.1 MB
[runlim] sample:		30.0 time, 30.0 real, 38.1 MB
[runlim] sample:		40.0 time, 40.0 real, 38.1 MB
[runlim] sample:		50.0 time, 50.0 real, 38.1 MB
[runlim] sample:		60.0 time, 60.0 real, 38.4 MB
[runlim] sample:		70.0 time, 70.0 real, 38.4 MB
[runlim] sample:		80.0 time, 80.0 real, 38.4 MB
[runlim] sample:		90.0 time, 90.0 real, 38.4 MB
[runlim] sample:		100.0 time, 100.0 real, 38.4 MB
[runlim] sample:		110.0 time, 110.0 real, 38.6 MB
[runlim] sample:		120.0 time, 120.0 real, 38.6 MB
[runlim] sample:		130.0 time, 130.0 real, 38.6 MB
[runlim] sample:		139.9 time, 140.0 real, 38.6 MB
[runlim] sample:		149.9 time, 150.0 real, 38.6 MB
[runlim] sample:		159.9 time, 160.0 real, 38.6 MB
[runlim] sample:		169.9 time, 170.0 real, 38.6 MB
[runlim] sample:		179.9 time, 180.0 real, 38.6 MB
[runlim] sample:		189.9 time, 190.0 real, 45.3 MB
[runlim] sample:		199.9 time, 200.0 real, 45.3 MB
[runlim] sample:		209.9 time, 210.0 real, 45.3 MB
[runlim] end:			Sun Nov  1 15:49:40 2020
[runlim] status:		ok
[runlim] result:		0
[runlim] children:		0
[runlim] real:			213.30 seconds
[runlim] time:			213.14 seconds
[runlim] space:			45.3 MB
[runlim] samples:		2132
** ASH **
[runlim] version:		1.10
[runlim] time limit:		311040000 seconds
[runlim] real time limit:	300 seconds
[runlim] space limit:		2048 MB
[runlim] argv[0]:		ganak
[runlim] argv[1]:		-t
[runlim] argv[2]:		300
[runlim] argv[3]:		-cs
[runlim] argv[4]:		1024
[runlim] argv[5]:		-seed
[runlim] argv[6]:		05
[runlim] argv[7]:		/experiments/results/Waldkirch-2.c/05/counterSharp/ash.dimacs
[runlim] start:			Sun Nov  1 15:49:40 2020
[runlim] main pid:		6123
[runlim] sample:		10.0 time, 10.3 real, 38.9 MB
[runlim] sample:		20.0 time, 20.3 real, 38.9 MB
[runlim] sample:		30.0 time, 30.3 real, 38.9 MB
[runlim] sample:		40.0 time, 40.3 real, 38.9 MB
[runlim] sample:		50.0 time, 50.3 real, 39.1 MB
[runlim] sample:		60.0 time, 60.3 real, 39.1 MB
[runlim] sample:		70.0 time, 70.3 real, 39.1 MB
[runlim] sample:		80.0 time, 80.3 real, 39.1 MB
[runlim] sample:		90.0 time, 90.3 real, 39.1 MB
[runlim] sample:		100.0 time, 100.3 real, 39.1 MB
[runlim] sample:		110.0 time, 110.3 real, 39.4 MB
[runlim] sample:		120.0 time, 120.3 real, 40.3 MB
[runlim] sample:		130.0 time, 130.3 real, 40.3 MB
[runlim] sample:		140.0 time, 140.3 real, 40.3 MB
[runlim] sample:		150.0 time, 150.3 real, 40.5 MB
[runlim] sample:		160.0 time, 160.3 real, 40.5 MB
[runlim] sample:		170.0 time, 170.3 real, 40.5 MB
[runlim] sample:		180.0 time, 180.3 real, 40.5 MB
[runlim] sample:		190.0 time, 190.3 real, 40.5 MB
[runlim] sample:		200.0 time, 200.3 real, 40.5 MB
[runlim] sample:		210.0 time, 210.3 real, 40.5 MB
[runlim] sample:		220.0 time, 220.3 real, 40.5 MB
[runlim] sample:		230.0 time, 230.3 real, 40.5 MB
[runlim] sample:		240.0 time, 240.3 real, 40.5 MB
[runlim] sample:		250.0 time, 250.3 real, 40.5 MB
[runlim] sample:		260.0 time, 260.3 real, 40.5 MB
[runlim] sample:		269.9 time, 270.3 real, 40.5 MB
[runlim] sample:		279.9 time, 280.3 real, 40.5 MB
[runlim] sample:		289.9 time, 290.3 real, 40.5 MB
[runlim] end:			Sun Nov  1 15:54:40 2020
[runlim] status:		out of time
[runlim] result:		2
[runlim] children:		0
[runlim] real:			300.02 seconds
[runlim] time:			299.65 seconds
[runlim] space:			40.5 MB
[runlim] samples:		2997
