** CON **
[runlim] version:		1.10
[runlim] time limit:		311040000 seconds
[runlim] real time limit:	300 seconds
[runlim] space limit:		2048 MB
[runlim] argv[0]:		approxmc
[runlim] argv[1]:		-s
[runlim] argv[2]:		02
[runlim] argv[3]:		/experiments/results/bwd_loop7-2.c/02/counterSharp/con.dimacs
[runlim] start:			Mon Aug  8 17:57:19 2022
[runlim] main pid:		1985
ERROR! Could not open file '/experiments/results/bwd_loop7-2.c/02/counterSharp/con.dimacs' for reading: No such file or directory
[runlim] end:			Mon Aug  8 17:57:19 2022
[runlim] status:		ok
[runlim] result:		0
[runlim] children:		0
[runlim] real:			0.40 seconds
[runlim] time:			0.00 seconds
[runlim] space:			0.0 MB
[runlim] samples:		0
** AMM **
[runlim] version:		1.10
[runlim] time limit:		311040000 seconds
[runlim] real time limit:	300 seconds
[runlim] space limit:		2048 MB
[runlim] argv[0]:		approxmc
[runlim] argv[1]:		-s
[runlim] argv[2]:		02
[runlim] argv[3]:		/experiments/results/bwd_loop7-2.c/02/counterSharp/amm.dimacs
[runlim] start:			Mon Aug  8 17:57:19 2022
[runlim] main pid:		1987
[runlim] end:			Mon Aug  8 17:57:24 2022
[runlim] status:		ok
[runlim] result:		0
[runlim] children:		0
[runlim] real:			5.27 seconds
[runlim] time:			4.74 seconds
[runlim] space:			59.9 MB
[runlim] samples:		48
** AMH **
[runlim] version:		1.10
[runlim] time limit:		311040000 seconds
[runlim] real time limit:	300 seconds
[runlim] space limit:		2048 MB
[runlim] argv[0]:		approxmc
[runlim] argv[1]:		-s
[runlim] argv[2]:		02
[runlim] argv[3]:		/experiments/results/bwd_loop7-2.c/02/counterSharp/amh.dimacs
[runlim] start:			Mon Aug  8 17:57:24 2022
[runlim] main pid:		1989
[runlim] end:			Mon Aug  8 17:57:29 2022
[runlim] status:		ok
[runlim] result:		0
[runlim] children:		0
[runlim] real:			5.15 seconds
[runlim] time:			4.78 seconds
[runlim] space:			53.2 MB
[runlim] samples:		48
** ASM **
[runlim] version:		1.10
[runlim] time limit:		311040000 seconds
[runlim] real time limit:	300 seconds
[runlim] space limit:		2048 MB
[runlim] argv[0]:		approxmc
[runlim] argv[1]:		-s
[runlim] argv[2]:		02
[runlim] argv[3]:		/experiments/results/bwd_loop7-2.c/02/counterSharp/asm.dimacs
[runlim] start:			Mon Aug  8 17:57:29 2022
[runlim] main pid:		1991
[runlim] sample:		9.9 time, 10.2 real, 54.2 MB
[runlim] end:			Mon Aug  8 17:57:44 2022
[runlim] status:		ok
[runlim] result:		0
[runlim] children:		0
[runlim] real:			15.40 seconds
[runlim] time:			15.15 seconds
[runlim] space:			62.4 MB
[runlim] samples:		152
** ASH **
[runlim] version:		1.10
[runlim] time limit:		311040000 seconds
[runlim] real time limit:	300 seconds
[runlim] space limit:		2048 MB
[runlim] argv[0]:		approxmc
[runlim] argv[1]:		-s
[runlim] argv[2]:		02
[runlim] argv[3]:		/experiments/results/bwd_loop7-2.c/02/counterSharp/ash.dimacs
[runlim] start:			Mon Aug  8 17:57:44 2022
[runlim] main pid:		1993
[runlim] end:			Mon Aug  8 17:57:52 2022
[runlim] status:		ok
[runlim] result:		0
[runlim] children:		0
[runlim] real:			8.82 seconds
[runlim] time:			8.38 seconds
[runlim] space:			60.8 MB
[runlim] samples:		84
