** CON **
[runlim] version:		1.10
[runlim] time limit:		311040000 seconds
[runlim] real time limit:	300 seconds
[runlim] space limit:		2048 MB
[runlim] argv[0]:		approxmc
[runlim] argv[1]:		--sparse
[runlim] argv[2]:		1
[runlim] argv[3]:		-s
[runlim] argv[4]:		03
[runlim] argv[5]:		/experiments/results/bwd_loop1a-2.c/03/counterSharp/con.dimacs
[runlim] start:			Fri Oct 30 12:55:42 2020
[runlim] main pid:		1634
approxmc: /approxmc/src/counter.cpp:447: ApproxMC::SolCount Counter::count(): Assertion `numHashList.size() > 0 && "UNSAT should not be possible"' failed.
[runlim] end:			Fri Oct 30 12:55:42 2020
[runlim] status:		signal(6)
[runlim] result:		11
[runlim] children:		0
[runlim] real:			0.57 seconds
[runlim] time:			0.19 seconds
[runlim] space:			17.9 MB
[runlim] samples:		2
** AMM **
[runlim] version:		1.10
[runlim] time limit:		311040000 seconds
[runlim] real time limit:	300 seconds
[runlim] space limit:		2048 MB
[runlim] argv[0]:		approxmc
[runlim] argv[1]:		--sparse
[runlim] argv[2]:		1
[runlim] argv[3]:		-s
[runlim] argv[4]:		03
[runlim] argv[5]:		/experiments/results/bwd_loop1a-2.c/03/counterSharp/amm.dimacs
[runlim] start:			Fri Oct 30 12:55:42 2020
[runlim] main pid:		1636
[runlim] end:			Fri Oct 30 12:55:43 2020
[runlim] status:		ok
[runlim] result:		0
[runlim] children:		0
[runlim] real:			1.83 seconds
[runlim] time:			1.18 seconds
[runlim] space:			23.5 MB
[runlim] samples:		12
** AMH **
[runlim] version:		1.10
[runlim] time limit:		311040000 seconds
[runlim] real time limit:	300 seconds
[runlim] space limit:		2048 MB
[runlim] argv[0]:		approxmc
[runlim] argv[1]:		--sparse
[runlim] argv[2]:		1
[runlim] argv[3]:		-s
[runlim] argv[4]:		03
[runlim] argv[5]:		/experiments/results/bwd_loop1a-2.c/03/counterSharp/amh.dimacs
[runlim] start:			Fri Oct 30 12:55:43 2020
[runlim] main pid:		1638
[runlim] end:			Fri Oct 30 12:55:49 2020
[runlim] status:		ok
[runlim] result:		0
[runlim] children:		0
[runlim] real:			6.81 seconds
[runlim] time:			5.89 seconds
[runlim] space:			24.4 MB
[runlim] samples:		59
** ASM **
[runlim] version:		1.10
[runlim] time limit:		311040000 seconds
[runlim] real time limit:	300 seconds
[runlim] space limit:		2048 MB
[runlim] argv[0]:		approxmc
[runlim] argv[1]:		--sparse
[runlim] argv[2]:		1
[runlim] argv[3]:		-s
[runlim] argv[4]:		03
[runlim] argv[5]:		/experiments/results/bwd_loop1a-2.c/03/counterSharp/asm.dimacs
[runlim] start:			Fri Oct 30 12:55:49 2020
[runlim] main pid:		1640
[runlim] end:			Fri Oct 30 12:55:56 2020
[runlim] status:		ok
[runlim] result:		0
[runlim] children:		0
[runlim] real:			7.39 seconds
[runlim] time:			6.49 seconds
[runlim] space:			23.5 MB
[runlim] samples:		65
** ASH **
[runlim] version:		1.10
[runlim] time limit:		311040000 seconds
[runlim] real time limit:	300 seconds
[runlim] space limit:		2048 MB
[runlim] argv[0]:		approxmc
[runlim] argv[1]:		--sparse
[runlim] argv[2]:		1
[runlim] argv[3]:		-s
[runlim] argv[4]:		03
[runlim] argv[5]:		/experiments/results/bwd_loop1a-2.c/03/counterSharp/ash.dimacs
[runlim] start:			Fri Oct 30 12:55:56 2020
[runlim] main pid:		1642
[runlim] end:			Fri Oct 30 12:56:00 2020
[runlim] status:		ok
[runlim] result:		0
[runlim] children:		0
[runlim] real:			4.15 seconds
[runlim] time:			3.68 seconds
[runlim] space:			23.2 MB
[runlim] samples:		37
