** counterSharp **
[runlim] version:		1.10
[runlim] time limit:		311040000 seconds
[runlim] real time limit:	14400 seconds
[runlim] space limit:		2048 MB
[runlim] argv[0]:		python
[runlim] argv[1]:		-m
[runlim] argv[2]:		counterSharp
[runlim] argv[3]:		--amm
[runlim] argv[4]:		/home/steuber/Dokumente/Bench/FP/experiments/results/Problem13_4.c/03/amm.dimacs
[runlim] argv[5]:		--amh
[runlim] argv[6]:		/home/steuber/Dokumente/Bench/FP/experiments/results/Problem13_4.c/03/amh.dimacs
[runlim] argv[7]:		--asm
[runlim] argv[8]:		/home/steuber/Dokumente/Bench/FP/experiments/results/Problem13_4.c/03/asm.dimacs
[runlim] argv[9]:		--ash
[runlim] argv[10]:		/home/steuber/Dokumente/Bench/FP/experiments/results/Problem13_4.c/03/ash.dimacs
[runlim] argv[11]:		-d
[runlim] argv[12]:		--function
[runlim] argv[13]:		testfun
[runlim] argv[14]:		--unwind
[runlim] argv[15]:		1
[runlim] argv[16]:		/home/steuber/Dokumente/Bench/FP/experiments/benchmarks/Problem13_4.c
[runlim] start:			Wed Aug 19 00:37:12 2020
[runlim] main pid:		11432
[counterSharp.util.Config] DEBUG: Input files: ['/home/steuber/Dokumente/Bench/FP/experiments/benchmarks/Problem13_4.c']
[runlim] sample:		9.7 time, 10.4 real, 46.2 MB
[runlim] sample:		19.7 time, 20.4 real, 76.7 MB
[counterSharp.source.SourceManager] DEBUG: /tmp/tmpl53cxdks.c
[counterSharp.cbmc.CBMCManager] DEBUG: cbmc --verbosity 4 --function testfun --dimacs --unwind 1 --property testfun.assertion.1 /tmp/tmpl53cxdks.c
[runlim] sample:		29.5 time, 30.4 real, 947.7 MB
[runlim] sample:		39.5 time, 40.4 real, 965.6 MB
[runlim] sample:		49.5 time, 50.4 real, 1131.7 MB
[runlim] sample:		59.5 time, 60.4 real, 1187.6 MB
[runlim] sample:		69.5 time, 70.4 real, 1226.0 MB
[runlim] sample:		79.5 time, 80.4 real, 1255.4 MB
[runlim] sample:		89.4 time, 90.4 real, 1280.9 MB
[runlim] sample:		99.4 time, 100.4 real, 1300.0 MB
[runlim] sample:		109.4 time, 110.4 real, 1316.0 MB
[runlim] sample:		119.4 time, 120.4 real, 1332.2 MB
[runlim] sample:		129.4 time, 130.4 real, 1354.4 MB
[runlim] sample:		139.4 time, 140.4 real, 1365.2 MB
[runlim] sample:		149.4 time, 150.4 real, 1379.1 MB
[runlim] sample:		159.3 time, 160.4 real, 1386.6 MB
[runlim] sample:		169.3 time, 170.4 real, 1395.1 MB
[runlim] sample:		179.3 time, 180.4 real, 1407.2 MB
[runlim] sample:		189.3 time, 190.4 real, 1414.9 MB
[runlim] sample:		199.3 time, 200.4 real, 1423.5 MB
[runlim] sample:		209.3 time, 210.4 real, 1429.9 MB
[runlim] sample:		219.2 time, 220.4 real, 1442.5 MB
[runlim] sample:		229.2 time, 230.4 real, 1447.2 MB
[runlim] sample:		239.2 time, 240.4 real, 1454.1 MB
[runlim] sample:		249.2 time, 250.4 real, 1460.3 MB
[runlim] sample:		259.2 time, 260.4 real, 1469.3 MB
[runlim] sample:		269.2 time, 270.4 real, 1475.3 MB
[runlim] sample:		279.2 time, 280.4 real, 1483.5 MB
[runlim] sample:		289.1 time, 290.4 real, 1489.7 MB
[runlim] sample:		299.1 time, 300.4 real, 1495.1 MB
[runlim] sample:		309.1 time, 310.4 real, 1503.9 MB
[runlim] sample:		319.1 time, 320.4 real, 1510.1 MB
[runlim] sample:		329.1 time, 330.4 real, 1515.5 MB
[runlim] sample:		339.1 time, 340.4 real, 1520.4 MB
[runlim] sample:		349.0 time, 350.4 real, 1529.2 MB
[runlim] sample:		359.0 time, 360.4 real, 1534.1 MB
[runlim] sample:		369.0 time, 370.4 real, 1540.2 MB
[runlim] sample:		379.0 time, 380.4 real, 1546.4 MB
[runlim] sample:		389.0 time, 390.4 real, 1551.1 MB
[runlim] sample:		399.0 time, 400.4 real, 1556.2 MB
[runlim] sample:		409.0 time, 410.4 real, 1561.9 MB
[runlim] sample:		418.9 time, 420.4 real, 1567.1 MB
[runlim] sample:		428.9 time, 430.4 real, 1571.2 MB
[runlim] sample:		438.9 time, 440.4 real, 1575.6 MB
[runlim] sample:		448.9 time, 450.4 real, 1579.7 MB
[runlim] sample:		458.9 time, 460.4 real, 1584.3 MB
[runlim] sample:		468.9 time, 470.4 real, 1588.7 MB
[runlim] sample:		478.8 time, 480.4 real, 1596.2 MB
[runlim] sample:		488.8 time, 490.4 real, 1599.8 MB
[runlim] sample:		498.8 time, 500.4 real, 1604.7 MB
[runlim] sample:		508.8 time, 510.4 real, 1608.3 MB
[runlim] sample:		518.8 time, 520.4 real, 1616.6 MB
[runlim] sample:		528.7 time, 530.4 real, 1618.9 MB
[runlim] sample:		538.7 time, 540.4 real, 1622.2 MB
[runlim] sample:		548.7 time, 550.4 real, 1626.1 MB
[runlim] sample:		558.7 time, 560.4 real, 1630.7 MB
[runlim] sample:		568.7 time, 570.4 real, 1636.1 MB
[runlim] sample:		578.7 time, 580.4 real, 1640.0 MB
[runlim] sample:		588.6 time, 590.4 real, 1645.2 MB
[runlim] sample:		598.6 time, 600.4 real, 1648.8 MB
[runlim] sample:		608.6 time, 610.4 real, 1652.4 MB
[runlim] sample:		618.6 time, 620.4 real, 1656.3 MB
[runlim] sample:		628.6 time, 630.4 real, 1659.9 MB
[runlim] sample:		638.6 time, 640.4 real, 1665.0 MB
[runlim] sample:		648.6 time, 650.4 real, 1668.6 MB
[runlim] sample:		658.5 time, 660.4 real, 1672.0 MB
[runlim] sample:		668.5 time, 670.4 real, 1675.1 MB
[runlim] sample:		678.5 time, 680.4 real, 1679.2 MB
[runlim] sample:		688.5 time, 690.4 real, 1683.8 MB
[runlim] sample:		698.5 time, 700.4 real, 1697.2 MB
[runlim] sample:		708.5 time, 710.4 real, 1699.3 MB
[runlim] sample:		718.4 time, 720.4 real, 1703.4 MB
[runlim] sample:		728.4 time, 730.4 real, 1707.0 MB
[runlim] sample:		738.4 time, 740.4 real, 1710.7 MB
[runlim] sample:		748.4 time, 750.4 real, 1714.3 MB
[runlim] sample:		758.4 time, 760.4 real, 1716.8 MB
[runlim] sample:		768.4 time, 770.4 real, 1719.4 MB
[runlim] sample:		778.3 time, 780.4 real, 1730.5 MB
[runlim] sample:		788.3 time, 790.4 real, 1737.0 MB
[runlim] sample:		798.3 time, 800.4 real, 1737.0 MB
[runlim] sample:		808.3 time, 810.4 real, 1737.2 MB
[runlim] sample:		818.3 time, 820.4 real, 1737.2 MB
[runlim] sample:		828.3 time, 830.4 real, 1738.8 MB
[runlim] sample:		838.3 time, 840.4 real, 1740.0 MB
[runlim] sample:		848.2 time, 850.4 real, 1740.0 MB
[runlim] sample:		858.2 time, 860.4 real, 1740.0 MB
[runlim] sample:		868.2 time, 870.4 real, 1740.6 MB
[runlim] sample:		878.2 time, 880.4 real, 1741.1 MB
[runlim] sample:		888.2 time, 890.4 real, 1741.9 MB
[runlim] sample:		898.2 time, 900.4 real, 1742.9 MB
[runlim] sample:		908.2 time, 910.4 real, 1743.7 MB
[runlim] sample:		918.1 time, 920.4 real, 1744.4 MB
[runlim] sample:		928.1 time, 930.4 real, 1745.5 MB
[runlim] sample:		938.1 time, 940.4 real, 1747.0 MB
[runlim] sample:		948.1 time, 950.4 real, 1748.3 MB
[runlim] sample:		958.1 time, 960.4 real, 1750.6 MB
[runlim] sample:		968.1 time, 970.4 real, 1751.6 MB
[runlim] sample:		978.1 time, 980.4 real, 1753.2 MB
[runlim] sample:		988.0 time, 990.4 real, 1754.5 MB
[runlim] sample:		998.0 time, 1000.4 real, 1755.0 MB
[runlim] sample:		1008.0 time, 1010.4 real, 1756.0 MB
[runlim] sample:		1018.0 time, 1020.4 real, 1757.6 MB
[runlim] sample:		1028.0 time, 1030.4 real, 1759.1 MB
[runlim] sample:		1038.0 time, 1040.4 real, 1759.9 MB
[runlim] sample:		1048.0 time, 1050.4 real, 1761.4 MB
[runlim] sample:		1058.0 time, 1060.4 real, 1762.5 MB
[runlim] sample:		1067.9 time, 1070.4 real, 1766.9 MB
[runlim] sample:		1077.9 time, 1080.4 real, 1766.9 MB
[runlim] sample:		1087.9 time, 1090.4 real, 1767.4 MB
[runlim] sample:		1097.9 time, 1100.4 real, 1768.1 MB
[runlim] sample:		1107.9 time, 1110.4 real, 1769.2 MB
[runlim] sample:		1117.9 time, 1120.4 real, 1770.7 MB
[runlim] sample:		1127.9 time, 1130.4 real, 1771.5 MB
[runlim] sample:		1137.8 time, 1140.4 real, 1772.8 MB
[runlim] sample:		1147.8 time, 1150.4 real, 1773.8 MB
[runlim] sample:		1157.8 time, 1160.4 real, 1775.1 MB
[runlim] sample:		1167.8 time, 1170.4 real, 1776.1 MB
[runlim] sample:		1177.8 time, 1180.4 real, 1776.9 MB
[runlim] sample:		1187.8 time, 1190.4 real, 1777.9 MB
[runlim] sample:		1197.8 time, 1200.4 real, 1779.5 MB
[runlim] sample:		1207.8 time, 1210.4 real, 1780.5 MB
[runlim] sample:		1217.7 time, 1220.4 real, 1783.1 MB
[runlim] sample:		1227.7 time, 1230.4 real, 1783.9 MB
[runlim] sample:		1237.7 time, 1240.4 real, 1785.2 MB
[runlim] sample:		1247.7 time, 1250.4 real, 1786.7 MB
[runlim] sample:		1257.7 time, 1260.4 real, 1787.2 MB
[runlim] sample:		1267.7 time, 1270.4 real, 1788.3 MB
[runlim] sample:		1277.7 time, 1280.4 real, 1789.5 MB
[runlim] sample:		1287.7 time, 1290.4 real, 1790.6 MB
[runlim] sample:		1297.6 time, 1300.4 real, 1791.6 MB
[runlim] sample:		1307.6 time, 1310.4 real, 1792.9 MB
[runlim] sample:		1317.6 time, 1320.4 real, 1793.7 MB
[runlim] sample:		1327.6 time, 1330.4 real, 1796.0 MB
[runlim] sample:		1337.6 time, 1340.4 real, 1796.8 MB
[runlim] sample:		1347.6 time, 1350.4 real, 1797.8 MB
[runlim] sample:		1357.6 time, 1360.4 real, 1799.1 MB
[runlim] sample:		1367.5 time, 1370.4 real, 1800.1 MB
[runlim] sample:		1377.5 time, 1380.4 real, 1801.7 MB
[runlim] sample:		1387.5 time, 1390.4 real, 1802.4 MB
[runlim] sample:		1397.5 time, 1400.4 real, 1804.0 MB
[runlim] sample:		1407.5 time, 1410.4 real, 1804.8 MB
[runlim] sample:		1417.4 time, 1420.4 real, 1806.0 MB
[runlim] sample:		1427.4 time, 1430.4 real, 1808.6 MB
[runlim] sample:		1437.4 time, 1440.4 real, 1809.4 MB
[runlim] sample:		1447.4 time, 1450.4 real, 1810.2 MB
[runlim] sample:		1457.4 time, 1460.4 real, 1810.7 MB
[runlim] sample:		1467.4 time, 1470.4 real, 1812.0 MB
[runlim] sample:		1477.4 time, 1480.4 real, 1812.8 MB
[runlim] sample:		1487.3 time, 1490.4 real, 1813.5 MB
[runlim] sample:		1497.3 time, 1500.4 real, 1815.1 MB
[runlim] sample:		1507.3 time, 1510.4 real, 1815.8 MB
[runlim] sample:		1517.3 time, 1520.4 real, 1816.4 MB
[runlim] sample:		1527.3 time, 1530.4 real, 1817.4 MB
[runlim] sample:		1537.3 time, 1540.4 real, 1818.2 MB
[runlim] sample:		1547.2 time, 1550.4 real, 1819.7 MB
[runlim] sample:		1557.2 time, 1560.4 real, 1820.2 MB
[runlim] sample:		1567.2 time, 1570.4 real, 1821.3 MB
[runlim] sample:		1577.2 time, 1580.4 real, 1822.0 MB
[runlim] sample:		1587.2 time, 1590.4 real, 1823.6 MB
[runlim] sample:		1597.2 time, 1600.4 real, 1824.9 MB
[runlim] sample:		1607.2 time, 1610.4 real, 1825.9 MB
[runlim] sample:		1617.1 time, 1620.4 real, 1828.2 MB
[runlim] sample:		1627.1 time, 1630.4 real, 1828.7 MB
[runlim] sample:		1637.1 time, 1640.4 real, 1830.5 MB
[runlim] sample:		1647.1 time, 1650.4 real, 1831.8 MB
[runlim] sample:		1657.1 time, 1660.4 real, 1832.9 MB
[runlim] sample:		1667.1 time, 1670.4 real, 1833.9 MB
[runlim] sample:		1677.1 time, 1680.4 real, 1835.2 MB
[runlim] sample:		1687.0 time, 1690.4 real, 1836.2 MB
[runlim] sample:		1697.0 time, 1700.4 real, 1838.3 MB
[runlim] sample:		1707.0 time, 1710.4 real, 1839.0 MB
[runlim] sample:		1717.0 time, 1720.4 real, 1840.3 MB
[runlim] sample:		1727.0 time, 1730.4 real, 1841.1 MB
[runlim] sample:		1737.0 time, 1740.4 real, 1842.1 MB
[runlim] sample:		1747.0 time, 1750.4 real, 1842.9 MB
[runlim] sample:		1756.9 time, 1760.4 real, 1843.9 MB
[runlim] sample:		1766.9 time, 1770.4 real, 1845.0 MB
[runlim] sample:		1776.9 time, 1780.4 real, 1845.5 MB
[runlim] sample:		1786.9 time, 1790.4 real, 1846.5 MB
[runlim] sample:		1796.9 time, 1800.4 real, 1847.8 MB
[runlim] sample:		1806.9 time, 1810.4 real, 1849.1 MB
[runlim] sample:		1816.8 time, 1820.4 real, 1851.2 MB
[runlim] sample:		1826.8 time, 1830.4 real, 1852.2 MB
[runlim] sample:		1836.8 time, 1840.4 real, 1853.0 MB
[runlim] sample:		1846.8 time, 1850.4 real, 1853.7 MB
[runlim] sample:		1856.8 time, 1860.4 real, 1854.8 MB
[runlim] sample:		1866.8 time, 1870.4 real, 1856.1 MB
[runlim] sample:		1876.8 time, 1880.4 real, 1857.1 MB
[runlim] sample:		1886.8 time, 1890.4 real, 1858.1 MB
[runlim] sample:		1896.7 time, 1900.4 real, 1859.2 MB
[runlim] sample:		1906.7 time, 1910.4 real, 1859.7 MB
[runlim] sample:		1916.7 time, 1920.4 real, 1861.2 MB
[runlim] sample:		1926.7 time, 1930.4 real, 1862.0 MB
[runlim] sample:		1936.7 time, 1940.4 real, 1863.5 MB
[runlim] sample:		1946.7 time, 1950.4 real, 1864.3 MB
[runlim] sample:		1956.7 time, 1960.4 real, 1865.1 MB
[runlim] sample:		1966.6 time, 1970.4 real, 1865.9 MB
[runlim] sample:		1976.6 time, 1980.4 real, 1866.9 MB
[runlim] sample:		1986.6 time, 1990.4 real, 1869.2 MB
[runlim] sample:		1996.6 time, 2000.4 real, 1870.0 MB
[runlim] sample:		2006.6 time, 2010.4 real, 1871.5 MB
[runlim] sample:		2016.6 time, 2020.4 real, 1872.3 MB
[runlim] sample:		2026.6 time, 2030.4 real, 1873.1 MB
[runlim] sample:		2036.6 time, 2040.4 real, 1873.6 MB
[runlim] sample:		2046.5 time, 2050.4 real, 1874.6 MB
[runlim] sample:		2056.5 time, 2060.4 real, 1875.9 MB
[runlim] sample:		2066.5 time, 2070.4 real, 1876.9 MB
[runlim] sample:		2076.5 time, 2080.4 real, 1879.3 MB
[runlim] sample:		2086.5 time, 2090.4 real, 1879.8 MB
[runlim] sample:		2096.5 time, 2100.4 real, 1881.1 MB
[runlim] sample:		2106.5 time, 2110.4 real, 1882.1 MB
[runlim] sample:		2116.4 time, 2120.4 real, 1883.1 MB
[runlim] sample:		2126.4 time, 2130.4 real, 1884.2 MB
[runlim] sample:		2136.4 time, 2140.4 real, 1885.2 MB
[runlim] sample:		2146.4 time, 2150.4 real, 1886.0 MB
[runlim] sample:		2156.4 time, 2160.4 real, 1887.0 MB
[runlim] sample:		2166.3 time, 2170.4 real, 1887.8 MB
[runlim] sample:		2176.3 time, 2180.4 real, 1888.8 MB
[runlim] sample:		2186.3 time, 2190.4 real, 1889.8 MB
[runlim] sample:		2196.3 time, 2200.4 real, 1890.6 MB
[runlim] sample:		2206.3 time, 2210.4 real, 1891.4 MB
[runlim] sample:		2216.3 time, 2220.4 real, 1892.4 MB
[runlim] sample:		2226.2 time, 2230.4 real, 1893.2 MB
[runlim] sample:		2236.2 time, 2240.4 real, 1894.2 MB
[runlim] sample:		2246.2 time, 2250.4 real, 1895.5 MB
[runlim] sample:		2256.2 time, 2260.4 real, 1896.0 MB
[runlim] sample:		2266.2 time, 2270.4 real, 1897.3 MB
[runlim] sample:		2276.2 time, 2280.4 real, 1898.1 MB
[runlim] sample:		2286.2 time, 2290.4 real, 1899.4 MB
[runlim] sample:		2296.1 time, 2300.4 real, 1900.1 MB
[runlim] sample:		2306.1 time, 2310.4 real, 1901.4 MB
[runlim] sample:		2316.1 time, 2320.4 real, 1902.5 MB
[runlim] sample:		2326.1 time, 2330.4 real, 1903.2 MB
[runlim] sample:		2336.1 time, 2340.4 real, 1904.3 MB
[runlim] sample:		2346.1 time, 2350.4 real, 1908.9 MB
[runlim] sample:		2356.1 time, 2360.4 real, 1908.9 MB
[runlim] sample:		2366.0 time, 2370.4 real, 1909.2 MB
[runlim] sample:		2376.0 time, 2380.4 real, 1910.2 MB
[runlim] sample:		2386.0 time, 2390.4 real, 1911.0 MB
[runlim] sample:		2396.0 time, 2400.4 real, 1912.3 MB
[runlim] sample:		2406.0 time, 2410.4 real, 1913.0 MB
[runlim] sample:		2416.0 time, 2420.4 real, 1914.3 MB
[runlim] sample:		2426.0 time, 2430.4 real, 1915.6 MB
[runlim] sample:		2435.9 time, 2440.4 real, 1916.6 MB
[runlim] sample:		2445.9 time, 2450.4 real, 1916.9 MB
[runlim] sample:		2455.9 time, 2460.4 real, 1917.7 MB
[runlim] sample:		2465.9 time, 2470.4 real, 1918.7 MB
[runlim] sample:		2475.9 time, 2480.4 real, 1919.7 MB
[runlim] sample:		2485.9 time, 2490.4 real, 1920.8 MB
[runlim] sample:		2495.8 time, 2500.4 real, 1921.8 MB
[runlim] sample:		2505.8 time, 2510.4 real, 1922.6 MB
[runlim] sample:		2515.8 time, 2520.4 real, 1923.9 MB
[runlim] sample:		2525.8 time, 2530.4 real, 1924.9 MB
[runlim] sample:		2535.8 time, 2540.4 real, 1925.9 MB
[runlim] sample:		2545.8 time, 2550.4 real, 1927.2 MB
[runlim] sample:		2555.8 time, 2560.4 real, 1928.2 MB
[runlim] sample:		2565.8 time, 2570.4 real, 1928.8 MB
[runlim] sample:		2575.7 time, 2580.4 real, 1929.5 MB
[runlim] sample:		2585.7 time, 2590.4 real, 1931.1 MB
[runlim] sample:		2595.7 time, 2600.4 real, 1931.6 MB
[runlim] sample:		2605.7 time, 2610.4 real, 1933.1 MB
[runlim] sample:		2615.7 time, 2620.4 real, 1934.2 MB
[runlim] sample:		2625.7 time, 2630.4 real, 1939.6 MB
[runlim] sample:		2635.7 time, 2640.4 real, 1939.6 MB
[runlim] sample:		2645.6 time, 2650.4 real, 1939.6 MB
[runlim] sample:		2655.6 time, 2660.4 real, 1940.9 MB
[runlim] sample:		2665.6 time, 2670.4 real, 1942.2 MB
[runlim] sample:		2675.6 time, 2680.4 real, 1943.2 MB
[runlim] sample:		2685.6 time, 2690.4 real, 1944.0 MB
[runlim] sample:		2695.6 time, 2700.4 real, 1945.0 MB
[runlim] sample:		2705.5 time, 2710.4 real, 1946.6 MB
[runlim] sample:		2715.5 time, 2720.4 real, 1947.3 MB
[runlim] sample:		2725.5 time, 2730.4 real, 1948.1 MB
[runlim] sample:		2735.5 time, 2740.4 real, 1948.6 MB
[runlim] sample:		2745.5 time, 2750.4 real, 1949.6 MB
[runlim] sample:		2755.5 time, 2760.4 real, 1950.7 MB
[runlim] sample:		2765.5 time, 2770.4 real, 1951.2 MB
[runlim] sample:		2775.5 time, 2780.4 real, 1954.5 MB
[runlim] sample:		2785.4 time, 2790.4 real, 1955.6 MB
[runlim] sample:		2795.4 time, 2800.4 real, 1956.6 MB
[runlim] sample:		2805.4 time, 2810.4 real, 1957.4 MB
[runlim] sample:		2815.4 time, 2820.4 real, 1958.4 MB
[runlim] sample:		2825.4 time, 2830.4 real, 1959.2 MB
[runlim] sample:		2835.4 time, 2840.4 real, 1960.0 MB
[runlim] sample:		2845.3 time, 2850.4 real, 1961.2 MB
[runlim] sample:		2855.3 time, 2860.4 real, 1961.8 MB
[runlim] sample:		2865.3 time, 2870.4 real, 1962.8 MB
[runlim] sample:		2875.3 time, 2880.4 real, 1964.1 MB
[runlim] sample:		2885.3 time, 2890.4 real, 1965.4 MB
[runlim] sample:		2895.3 time, 2900.4 real, 1966.9 MB
[runlim] sample:		2905.3 time, 2910.4 real, 1968.0 MB
[runlim] sample:		2915.2 time, 2920.4 real, 1968.7 MB
[runlim] sample:		2925.2 time, 2930.4 real, 1970.0 MB
[runlim] sample:		2935.2 time, 2940.4 real, 1970.3 MB
[runlim] sample:		2945.2 time, 2950.4 real, 1971.3 MB
[runlim] sample:		2955.2 time, 2960.4 real, 1972.1 MB
[runlim] sample:		2965.2 time, 2970.4 real, 1972.9 MB
[runlim] sample:		2975.2 time, 2980.4 real, 1974.1 MB
[runlim] sample:		2985.1 time, 2990.4 real, 1975.2 MB
[runlim] sample:		2995.1 time, 3000.4 real, 1976.5 MB
[runlim] sample:		3005.1 time, 3010.4 real, 1977.0 MB
[runlim] sample:		3015.1 time, 3020.4 real, 1978.3 MB
[runlim] sample:		3025.1 time, 3030.4 real, 1979.8 MB
[runlim] sample:		3035.1 time, 3040.4 real, 1980.3 MB
[runlim] sample:		3045.1 time, 3050.4 real, 1981.4 MB
[runlim] sample:		3055.0 time, 3060.4 real, 1982.1 MB
[runlim] sample:		3065.0 time, 3070.4 real, 1985.5 MB
[runlim] sample:		3075.0 time, 3080.4 real, 1985.7 MB
[runlim] sample:		3085.0 time, 3090.4 real, 1987.0 MB
[runlim] sample:		3095.0 time, 3100.4 real, 1987.5 MB
[runlim] sample:		3105.0 time, 3110.4 real, 1989.1 MB
[runlim] sample:		3115.0 time, 3120.4 real, 1990.4 MB
[runlim] sample:		3124.9 time, 3130.4 real, 1991.2 MB
[runlim] sample:		3134.9 time, 3140.4 real, 1992.2 MB
[runlim] sample:		3144.9 time, 3150.4 real, 1993.2 MB
[runlim] sample:		3154.9 time, 3160.4 real, 1993.7 MB
[runlim] sample:		3164.9 time, 3170.4 real, 1994.5 MB
[runlim] sample:		3174.8 time, 3180.4 real, 1996.1 MB
[runlim] sample:		3184.8 time, 3190.4 real, 2019.7 MB
[runlim] sample:		3194.8 time, 3200.4 real, 2020.7 MB
[runlim] sample:		3204.8 time, 3210.4 real, 2021.2 MB
[runlim] sample:		3214.8 time, 3220.4 real, 2022.5 MB
[runlim] sample:		3224.8 time, 3230.4 real, 2023.8 MB
[runlim] sample:		3234.8 time, 3240.4 real, 2024.6 MB
[runlim] sample:		3244.8 time, 3250.4 real, 2025.3 MB
[runlim] sample:		3254.7 time, 3260.4 real, 2025.9 MB
[runlim] sample:		3264.7 time, 3270.4 real, 2026.4 MB
[runlim] sample:		3274.7 time, 3280.4 real, 2027.9 MB
[runlim] sample:		3284.7 time, 3290.4 real, 2028.9 MB
[runlim] sample:		3294.7 time, 3300.4 real, 2030.0 MB
[runlim] sample:		3304.7 time, 3310.4 real, 2031.3 MB
[runlim] sample:		3314.7 time, 3320.4 real, 2032.3 MB
[runlim] sample:		3324.6 time, 3330.4 real, 2033.1 MB
[runlim] sample:		3334.6 time, 3340.4 real, 2033.8 MB
[runlim] sample:		3344.6 time, 3350.4 real, 2034.6 MB
[runlim] sample:		3354.6 time, 3360.4 real, 2035.9 MB
[runlim] sample:		3364.6 time, 3370.4 real, 2036.4 MB
[runlim] sample:		3374.6 time, 3380.4 real, 2036.9 MB
[runlim] sample:		3384.5 time, 3390.4 real, 2037.7 MB
[runlim] sample:		3394.5 time, 3400.4 real, 2042.4 MB
[runlim] sample:		3404.5 time, 3410.4 real, 2042.4 MB
[runlim] sample:		3414.5 time, 3420.4 real, 2042.9 MB
[runlim] sample:		3424.5 time, 3430.4 real, 2043.6 MB
[runlim] sample:		3434.5 time, 3440.4 real, 2044.7 MB
[runlim] sample:		3444.5 time, 3450.4 real, 2046.0 MB
[runlim] sample:		3454.4 time, 3460.4 real, 2047.0 MB
[runlim] sample:		3464.4 time, 3470.4 real, 2047.5 MB
[runlim] end:			Wed Aug 19 01:35:05 2020
[runlim] status:		out of memory
[runlim] result:		3
[runlim] children:		34487
[runlim] real:			3473.48 seconds
[runlim] time:			3467.51 seconds
[runlim] space:			2048.0 MB
[runlim] samples:		34731
** AMM **
[runlim] version:		1.10
[runlim] time limit:		311040000 seconds
[runlim] real time limit:	14400 seconds
[runlim] space limit:		2048 MB
[runlim] argv[0]:		approxmc
[runlim] argv[1]:		--sparse
[runlim] argv[2]:		1
[runlim] argv[3]:		/home/steuber/Dokumente/Bench/FP/experiments/results/Problem13_4.c/03/amm.dimacs
[runlim] start:			Wed Aug 19 01:35:05 2020
[runlim] main pid:		11573
ERROR! Could not open file '/home/steuber/Dokumente/Bench/FP/experiments/results/Problem13_4.c/03/amm.dimacs' for reading: No such file or directory
[runlim] end:			Wed Aug 19 01:35:05 2020
[runlim] status:		ok
[runlim] result:		0
[runlim] children:		0
[runlim] real:			0.51 seconds
[runlim] time:			0.00 seconds
[runlim] space:			0.0 MB
[runlim] samples:		0
** AMH **
[runlim] version:		1.10
[runlim] time limit:		311040000 seconds
[runlim] real time limit:	14400 seconds
[runlim] space limit:		2048 MB
[runlim] argv[0]:		approxmc
[runlim] argv[1]:		--sparse
[runlim] argv[2]:		1
[runlim] argv[3]:		/home/steuber/Dokumente/Bench/FP/experiments/results/Problem13_4.c/03/amh.dimacs
[runlim] start:			Wed Aug 19 01:35:05 2020
[runlim] main pid:		11575
ERROR! Could not open file '/home/steuber/Dokumente/Bench/FP/experiments/results/Problem13_4.c/03/amh.dimacs' for reading: No such file or directory
[runlim] end:			Wed Aug 19 01:35:05 2020
[runlim] status:		ok
[runlim] result:		0
[runlim] children:		0
[runlim] real:			0.52 seconds
[runlim] time:			0.00 seconds
[runlim] space:			0.0 MB
[runlim] samples:		0
** ASM **
[runlim] version:		1.10
[runlim] time limit:		311040000 seconds
[runlim] real time limit:	14400 seconds
[runlim] space limit:		2048 MB
[runlim] argv[0]:		approxmc
[runlim] argv[1]:		--sparse
[runlim] argv[2]:		1
[runlim] argv[3]:		/home/steuber/Dokumente/Bench/FP/experiments/results/Problem13_4.c/03/asm.dimacs
[runlim] start:			Wed Aug 19 01:35:05 2020
[runlim] main pid:		11577
ERROR! Could not open file '/home/steuber/Dokumente/Bench/FP/experiments/results/Problem13_4.c/03/asm.dimacs' for reading: No such file or directory
[runlim] end:			Wed Aug 19 01:35:05 2020
[runlim] status:		ok
[runlim] result:		0
[runlim] children:		0
[runlim] real:			0.53 seconds
[runlim] time:			0.00 seconds
[runlim] space:			0.0 MB
[runlim] samples:		0
** ASH **
[runlim] version:		1.10
[runlim] time limit:		311040000 seconds
[runlim] real time limit:	14400 seconds
[runlim] space limit:		2048 MB
[runlim] argv[0]:		approxmc
[runlim] argv[1]:		--sparse
[runlim] argv[2]:		1
[runlim] argv[3]:		/home/steuber/Dokumente/Bench/FP/experiments/results/Problem13_4.c/03/ash.dimacs
[runlim] start:			Wed Aug 19 01:35:05 2020
[runlim] main pid:		11579
ERROR! Could not open file '/home/steuber/Dokumente/Bench/FP/experiments/results/Problem13_4.c/03/ash.dimacs' for reading: No such file or directory
[runlim] end:			Wed Aug 19 01:35:05 2020
[runlim] status:		ok
[runlim] result:		0
[runlim] children:		0
[runlim] real:			0.54 seconds
[runlim] time:			0.00 seconds
[runlim] space:			0.0 MB
[runlim] samples:		0
