** CON **
[runlim] version:		1.10
[runlim] time limit:		311040000 seconds
[runlim] real time limit:	300 seconds
[runlim] space limit:		2048 MB
[runlim] argv[0]:		approxmc
[runlim] argv[1]:		--sparse
[runlim] argv[2]:		1
[runlim] argv[3]:		-s
[runlim] argv[4]:		02
[runlim] argv[5]:		/experiments/results/example1a-2.c/02/counterSharp/con.dimacs
[runlim] start:			Mon Nov  9 13:24:52 2020
[runlim] main pid:		3659
[runlim] end:			Mon Nov  9 13:24:54 2020
[runlim] status:		ok
[runlim] result:		0
[runlim] children:		0
[runlim] real:			2.29 seconds
[runlim] time:			1.29 seconds
[runlim] space:			19.2 MB
[runlim] samples:		13
** AMM **
[runlim] version:		1.10
[runlim] time limit:		311040000 seconds
[runlim] real time limit:	300 seconds
[runlim] space limit:		2048 MB
[runlim] argv[0]:		approxmc
[runlim] argv[1]:		--sparse
[runlim] argv[2]:		1
[runlim] argv[3]:		-s
[runlim] argv[4]:		02
[runlim] argv[5]:		/experiments/results/example1a-2.c/02/counterSharp/amm.dimacs
[runlim] start:			Mon Nov  9 13:24:54 2020
[runlim] main pid:		3661
[runlim] sample:		10.0 time, 10.3 real, 35.2 MB
[runlim] sample:		20.0 time, 20.3 real, 35.5 MB
[runlim] sample:		30.0 time, 30.3 real, 35.6 MB
[runlim] sample:		40.0 time, 40.3 real, 35.6 MB
[runlim] sample:		50.0 time, 50.3 real, 35.6 MB
[runlim] sample:		60.0 time, 60.3 real, 35.6 MB
[runlim] end:			Mon Nov  9 13:25:57 2020
[runlim] status:		ok
[runlim] result:		0
[runlim] children:		0
[runlim] real:			63.34 seconds
[runlim] time:			62.98 seconds
[runlim] space:			35.6 MB
[runlim] samples:		630
** AMH **
[runlim] version:		1.10
[runlim] time limit:		311040000 seconds
[runlim] real time limit:	300 seconds
[runlim] space limit:		2048 MB
[runlim] argv[0]:		approxmc
[runlim] argv[1]:		--sparse
[runlim] argv[2]:		1
[runlim] argv[3]:		-s
[runlim] argv[4]:		02
[runlim] argv[5]:		/experiments/results/example1a-2.c/02/counterSharp/amh.dimacs
[runlim] start:			Mon Nov  9 13:25:57 2020
[runlim] main pid:		3663
[runlim] end:			Mon Nov  9 13:26:04 2020
[runlim] status:		ok
[runlim] result:		0
[runlim] children:		0
[runlim] real:			7.88 seconds
[runlim] time:			7.49 seconds
[runlim] space:			33.5 MB
[runlim] samples:		75
** ASM **
[runlim] version:		1.10
[runlim] time limit:		311040000 seconds
[runlim] real time limit:	300 seconds
[runlim] space limit:		2048 MB
[runlim] argv[0]:		approxmc
[runlim] argv[1]:		--sparse
[runlim] argv[2]:		1
[runlim] argv[3]:		-s
[runlim] argv[4]:		02
[runlim] argv[5]:		/experiments/results/example1a-2.c/02/counterSharp/asm.dimacs
[runlim] start:			Mon Nov  9 13:26:04 2020
[runlim] main pid:		3665
[runlim] end:			Mon Nov  9 13:26:08 2020
[runlim] status:		ok
[runlim] result:		0
[runlim] children:		0
[runlim] real:			4.23 seconds
[runlim] time:			3.28 seconds
[runlim] space:			19.9 MB
[runlim] samples:		33
** ASH **
[runlim] version:		1.10
[runlim] time limit:		311040000 seconds
[runlim] real time limit:	300 seconds
[runlim] space limit:		2048 MB
[runlim] argv[0]:		approxmc
[runlim] argv[1]:		--sparse
[runlim] argv[2]:		1
[runlim] argv[3]:		-s
[runlim] argv[4]:		02
[runlim] argv[5]:		/experiments/results/example1a-2.c/02/counterSharp/ash.dimacs
[runlim] start:			Mon Nov  9 13:26:08 2020
[runlim] main pid:		3667
[runlim] end:			Mon Nov  9 13:26:16 2020
[runlim] status:		ok
[runlim] result:		0
[runlim] children:		0
[runlim] real:			8.45 seconds
[runlim] time:			8.18 seconds
[runlim] space:			33.2 MB
[runlim] samples:		82
