** CON **
[runlim] version:		1.10
[runlim] time limit:		311040000 seconds
[runlim] real time limit:	300 seconds
[runlim] space limit:		2048 MB
[runlim] argv[0]:		ganak
[runlim] argv[1]:		-t
[runlim] argv[2]:		300
[runlim] argv[3]:		-cs
[runlim] argv[4]:		1024
[runlim] argv[5]:		-seed
[runlim] argv[6]:		01
[runlim] argv[7]:		/experiments/results/Problem10_16.c/01/counterSharp/con.dimacs
[runlim] start:			Sat Oct 31 16:09:03 2020
[runlim] main pid:		517
Cannot open file: /experiments/results/Problem10_16.c/01/counterSharp/con.dimacs
[runlim] end:			Sat Oct 31 16:09:03 2020
[runlim] status:		ok
[runlim] result:		0
[runlim] children:		0
[runlim] real:			0.94 seconds
[runlim] time:			0.00 seconds
[runlim] space:			0.0 MB
[runlim] samples:		0
** AMM **
[runlim] version:		1.10
[runlim] time limit:		311040000 seconds
[runlim] real time limit:	300 seconds
[runlim] space limit:		2048 MB
[runlim] argv[0]:		ganak
[runlim] argv[1]:		-t
[runlim] argv[2]:		300
[runlim] argv[3]:		-cs
[runlim] argv[4]:		1024
[runlim] argv[5]:		-seed
[runlim] argv[6]:		01
[runlim] argv[7]:		/experiments/results/Problem10_16.c/01/counterSharp/amm.dimacs
[runlim] start:			Sat Oct 31 16:09:03 2020
[runlim] main pid:		519
[runlim] sample:		10.0 time, 10.9 real, 209.6 MB
[runlim] sample:		20.0 time, 20.9 real, 210.1 MB
[runlim] sample:		30.0 time, 30.9 real, 210.9 MB
[runlim] sample:		40.0 time, 40.9 real, 210.9 MB
[runlim] sample:		50.0 time, 50.9 real, 211.4 MB
[runlim] sample:		60.0 time, 60.9 real, 211.4 MB
[runlim] sample:		70.0 time, 70.9 real, 212.2 MB
[runlim] sample:		80.0 time, 80.9 real, 212.4 MB
[runlim] sample:		90.0 time, 90.9 real, 212.4 MB
[runlim] sample:		100.0 time, 100.9 real, 212.4 MB
[runlim] sample:		110.0 time, 110.9 real, 212.7 MB
[runlim] sample:		120.0 time, 120.9 real, 214.2 MB
[runlim] sample:		130.0 time, 130.9 real, 214.2 MB
[runlim] sample:		140.0 time, 140.9 real, 214.5 MB
[runlim] sample:		150.0 time, 150.9 real, 214.7 MB
[runlim] sample:		160.0 time, 160.9 real, 214.7 MB
[runlim] sample:		170.0 time, 170.9 real, 215.8 MB
[runlim] sample:		180.0 time, 180.9 real, 215.8 MB
[runlim] sample:		190.0 time, 190.9 real, 215.8 MB
[runlim] sample:		200.0 time, 200.9 real, 215.8 MB
[runlim] sample:		210.0 time, 210.9 real, 215.8 MB
[runlim] sample:		220.0 time, 220.9 real, 215.8 MB
[runlim] sample:		230.0 time, 230.9 real, 215.8 MB
[runlim] sample:		240.0 time, 240.9 real, 215.8 MB
[runlim] sample:		250.0 time, 250.9 real, 215.8 MB
[runlim] sample:		260.0 time, 260.9 real, 215.8 MB
[runlim] sample:		270.0 time, 270.9 real, 215.8 MB
[runlim] sample:		280.0 time, 280.9 real, 215.8 MB
[runlim] sample:		290.0 time, 290.9 real, 215.8 MB
[runlim] end:			Sat Oct 31 16:14:03 2020
[runlim] status:		out of time
[runlim] result:		2
[runlim] children:		0
[runlim] real:			300.06 seconds
[runlim] time:			299.05 seconds
[runlim] space:			215.9 MB
[runlim] samples:		2991
** AMH **
[runlim] version:		1.10
[runlim] time limit:		311040000 seconds
[runlim] real time limit:	300 seconds
[runlim] space limit:		2048 MB
[runlim] argv[0]:		ganak
[runlim] argv[1]:		-t
[runlim] argv[2]:		300
[runlim] argv[3]:		-cs
[runlim] argv[4]:		1024
[runlim] argv[5]:		-seed
[runlim] argv[6]:		01
[runlim] argv[7]:		/experiments/results/Problem10_16.c/01/counterSharp/amh.dimacs
[runlim] start:			Sat Oct 31 16:14:03 2020
[runlim] main pid:		521
[runlim] sample:		10.0 time, 10.1 real, 44.8 MB
[runlim] sample:		20.0 time, 20.1 real, 45.0 MB
[runlim] sample:		30.0 time, 30.1 real, 45.3 MB
[runlim] sample:		40.0 time, 40.1 real, 45.3 MB
[runlim] sample:		50.0 time, 50.1 real, 45.3 MB
[runlim] sample:		60.0 time, 60.1 real, 45.3 MB
[runlim] sample:		70.0 time, 70.1 real, 143.5 MB
[runlim] sample:		80.0 time, 80.1 real, 143.5 MB
[runlim] sample:		90.0 time, 90.1 real, 143.5 MB
[runlim] sample:		100.0 time, 100.1 real, 143.5 MB
[runlim] sample:		110.0 time, 110.1 real, 143.5 MB
[runlim] sample:		120.0 time, 120.1 real, 143.5 MB
[runlim] sample:		130.0 time, 130.1 real, 143.5 MB
[runlim] sample:		140.0 time, 140.1 real, 143.5 MB
[runlim] sample:		150.0 time, 150.1 real, 143.5 MB
[runlim] sample:		160.0 time, 160.1 real, 143.5 MB
[runlim] sample:		170.0 time, 170.1 real, 143.5 MB
[runlim] sample:		180.0 time, 180.1 real, 143.8 MB
[runlim] sample:		190.0 time, 190.1 real, 143.8 MB
[runlim] sample:		200.0 time, 200.1 real, 143.8 MB
[runlim] sample:		210.0 time, 210.1 real, 143.8 MB
[runlim] sample:		219.9 time, 220.1 real, 143.8 MB
[runlim] sample:		229.9 time, 230.1 real, 143.8 MB
[runlim] sample:		239.9 time, 240.1 real, 143.8 MB
[runlim] sample:		249.9 time, 250.1 real, 143.8 MB
[runlim] sample:		259.9 time, 260.1 real, 143.8 MB
[runlim] sample:		269.9 time, 270.1 real, 143.8 MB
[runlim] sample:		279.9 time, 280.1 real, 143.8 MB
[runlim] sample:		289.9 time, 290.1 real, 143.8 MB
[runlim] sample:		299.9 time, 300.1 real, 143.8 MB
[runlim] end:			Sat Oct 31 16:19:03 2020
[runlim] status:		out of time
[runlim] result:		2
[runlim] children:		0
[runlim] real:			300.08 seconds
[runlim] time:			299.95 seconds
[runlim] space:			143.8 MB
[runlim] samples:		3000
** ASM **
[runlim] version:		1.10
[runlim] time limit:		311040000 seconds
[runlim] real time limit:	300 seconds
[runlim] space limit:		2048 MB
[runlim] argv[0]:		ganak
[runlim] argv[1]:		-t
[runlim] argv[2]:		300
[runlim] argv[3]:		-cs
[runlim] argv[4]:		1024
[runlim] argv[5]:		-seed
[runlim] argv[6]:		01
[runlim] argv[7]:		/experiments/results/Problem10_16.c/01/counterSharp/asm.dimacs
[runlim] start:			Sat Oct 31 16:19:03 2020
[runlim] main pid:		523
[runlim] sample:		10.0 time, 10.1 real, 45.2 MB
[runlim] sample:		19.9 time, 20.1 real, 45.2 MB
[runlim] sample:		29.9 time, 30.1 real, 45.2 MB
[runlim] sample:		39.9 time, 40.1 real, 45.2 MB
[runlim] sample:		49.9 time, 50.1 real, 45.2 MB
[runlim] sample:		59.9 time, 60.1 real, 45.2 MB
[runlim] sample:		69.9 time, 70.1 real, 145.9 MB
[runlim] sample:		79.9 time, 80.1 real, 145.9 MB
[runlim] sample:		89.9 time, 90.1 real, 145.9 MB
[runlim] sample:		99.9 time, 100.1 real, 145.9 MB
[runlim] sample:		109.9 time, 110.1 real, 145.9 MB
[runlim] sample:		119.9 time, 120.1 real, 145.9 MB
[runlim] sample:		129.9 time, 130.1 real, 145.9 MB
[runlim] sample:		139.9 time, 140.1 real, 145.9 MB
[runlim] sample:		149.9 time, 150.1 real, 145.9 MB
[runlim] sample:		159.9 time, 160.1 real, 145.9 MB
[runlim] sample:		169.9 time, 170.1 real, 146.1 MB
[runlim] sample:		179.9 time, 180.1 real, 146.4 MB
[runlim] sample:		189.9 time, 190.1 real, 146.4 MB
[runlim] sample:		199.9 time, 200.1 real, 146.4 MB
[runlim] sample:		209.9 time, 210.1 real, 146.4 MB
[runlim] sample:		219.9 time, 220.1 real, 146.4 MB
[runlim] sample:		229.9 time, 230.1 real, 146.4 MB
[runlim] sample:		239.9 time, 240.1 real, 146.6 MB
[runlim] sample:		249.9 time, 250.1 real, 146.9 MB
[runlim] sample:		259.9 time, 260.1 real, 146.9 MB
[runlim] sample:		269.9 time, 270.1 real, 146.9 MB
[runlim] sample:		279.9 time, 280.1 real, 146.9 MB
[runlim] sample:		289.9 time, 290.1 real, 146.9 MB
[runlim] sample:		299.9 time, 300.1 real, 146.9 MB
[runlim] end:			Sat Oct 31 16:24:03 2020
[runlim] status:		out of time
[runlim] result:		2
[runlim] children:		0
[runlim] real:			300.10 seconds
[runlim] time:			299.90 seconds
[runlim] space:			146.9 MB
[runlim] samples:		3000
** ASH **
[runlim] version:		1.10
[runlim] time limit:		311040000 seconds
[runlim] real time limit:	300 seconds
[runlim] space limit:		2048 MB
[runlim] argv[0]:		ganak
[runlim] argv[1]:		-t
[runlim] argv[2]:		300
[runlim] argv[3]:		-cs
[runlim] argv[4]:		1024
[runlim] argv[5]:		-seed
[runlim] argv[6]:		01
[runlim] argv[7]:		/experiments/results/Problem10_16.c/01/counterSharp/ash.dimacs
[runlim] start:			Sat Oct 31 16:24:03 2020
[runlim] main pid:		525
[runlim] sample:		10.0 time, 10.1 real, 66.0 MB
[runlim] sample:		19.9 time, 20.1 real, 66.0 MB
[runlim] sample:		29.9 time, 30.1 real, 66.2 MB
[runlim] sample:		39.9 time, 40.1 real, 66.2 MB
[runlim] sample:		49.9 time, 50.1 real, 67.2 MB
[runlim] sample:		59.9 time, 60.1 real, 67.8 MB
[runlim] sample:		69.9 time, 70.1 real, 68.6 MB
[runlim] sample:		79.9 time, 80.1 real, 68.6 MB
[runlim] sample:		89.9 time, 90.1 real, 68.6 MB
[runlim] sample:		99.9 time, 100.1 real, 68.6 MB
[runlim] sample:		109.9 time, 110.1 real, 68.6 MB
[runlim] sample:		119.9 time, 120.1 real, 68.6 MB
[runlim] sample:		129.9 time, 130.1 real, 68.6 MB
[runlim] sample:		139.9 time, 140.1 real, 68.6 MB
[runlim] sample:		149.9 time, 150.1 real, 68.6 MB
[runlim] sample:		159.9 time, 160.1 real, 70.6 MB
[runlim] sample:		169.9 time, 170.1 real, 70.6 MB
[runlim] sample:		179.9 time, 180.1 real, 70.6 MB
[runlim] sample:		189.9 time, 190.1 real, 70.6 MB
[runlim] sample:		199.9 time, 200.1 real, 70.6 MB
[runlim] sample:		209.9 time, 210.1 real, 70.6 MB
[runlim] sample:		219.9 time, 220.1 real, 70.6 MB
[runlim] sample:		229.9 time, 230.1 real, 70.6 MB
[runlim] sample:		239.9 time, 240.1 real, 72.6 MB
[runlim] sample:		249.9 time, 250.1 real, 72.6 MB
[runlim] sample:		259.9 time, 260.1 real, 72.6 MB
[runlim] sample:		269.9 time, 270.1 real, 72.6 MB
[runlim] sample:		279.9 time, 280.1 real, 72.6 MB
[runlim] sample:		289.9 time, 290.1 real, 72.6 MB
[runlim] end:			Sat Oct 31 16:29:03 2020
[runlim] status:		out of time
[runlim] result:		2
[runlim] children:		0
[runlim] real:			300.03 seconds
[runlim] time:			299.78 seconds
[runlim] space:			72.6 MB
[runlim] samples:		2999
