** CON **
[runlim] version:		1.10
[runlim] time limit:		311040000 seconds
[runlim] real time limit:	300 seconds
[runlim] space limit:		2048 MB
[runlim] argv[0]:		ganak
[runlim] argv[1]:		-t
[runlim] argv[2]:		300
[runlim] argv[3]:		-cs
[runlim] argv[4]:		1024
[runlim] argv[5]:		-seed
[runlim] argv[6]:		03
[runlim] argv[7]:		/experiments/results/count_up_down_true-unreach-call_true-termination-2.c/03/counterSharp/con.dimacs
[runlim] start:			Sun Nov  1 03:41:02 2020
[runlim] main pid:		3155
[runlim] end:			Sun Nov  1 03:41:06 2020
[runlim] status:		ok
[runlim] result:		0
[runlim] children:		0
[runlim] real:			4.71 seconds
[runlim] time:			4.08 seconds
[runlim] space:			29.2 MB
[runlim] samples:		41
** AMM **
[runlim] version:		1.10
[runlim] time limit:		311040000 seconds
[runlim] real time limit:	300 seconds
[runlim] space limit:		2048 MB
[runlim] argv[0]:		ganak
[runlim] argv[1]:		-t
[runlim] argv[2]:		300
[runlim] argv[3]:		-cs
[runlim] argv[4]:		1024
[runlim] argv[5]:		-seed
[runlim] argv[6]:		03
[runlim] argv[7]:		/experiments/results/count_up_down_true-unreach-call_true-termination-2.c/03/counterSharp/amm.dimacs
[runlim] start:			Sun Nov  1 03:41:06 2020
[runlim] main pid:		3157
[runlim] sample:		10.0 time, 10.7 real, 28.9 MB
[runlim] sample:		20.0 time, 20.7 real, 29.2 MB
[runlim] sample:		30.0 time, 30.7 real, 29.2 MB
[runlim] sample:		40.0 time, 40.7 real, 29.2 MB
[runlim] sample:		50.0 time, 50.7 real, 29.5 MB
[runlim] sample:		60.0 time, 60.7 real, 29.5 MB
[runlim] sample:		70.0 time, 70.7 real, 29.5 MB
[runlim] sample:		80.0 time, 80.7 real, 29.5 MB
[runlim] sample:		90.0 time, 90.7 real, 29.5 MB
[runlim] sample:		100.0 time, 100.7 real, 29.5 MB
[runlim] sample:		110.0 time, 110.7 real, 29.5 MB
[runlim] sample:		120.0 time, 120.7 real, 29.5 MB
[runlim] sample:		130.0 time, 130.7 real, 29.5 MB
[runlim] sample:		140.0 time, 140.7 real, 29.5 MB
[runlim] sample:		150.0 time, 150.7 real, 29.5 MB
[runlim] sample:		160.0 time, 160.7 real, 29.5 MB
[runlim] sample:		170.0 time, 170.7 real, 29.5 MB
[runlim] sample:		180.0 time, 180.7 real, 29.5 MB
[runlim] sample:		190.0 time, 190.7 real, 29.5 MB
[runlim] sample:		200.0 time, 200.7 real, 29.9 MB
[runlim] sample:		210.0 time, 210.7 real, 29.9 MB
[runlim] sample:		219.9 time, 220.7 real, 58.9 MB
[runlim] sample:		229.9 time, 230.7 real, 58.9 MB
[runlim] sample:		239.9 time, 240.7 real, 58.9 MB
[runlim] sample:		249.9 time, 250.7 real, 58.9 MB
[runlim] sample:		259.9 time, 260.7 real, 58.9 MB
[runlim] sample:		269.9 time, 270.7 real, 58.9 MB
[runlim] sample:		279.9 time, 280.7 real, 58.9 MB
[runlim] sample:		289.9 time, 290.7 real, 58.9 MB
[runlim] end:			Sun Nov  1 03:46:06 2020
[runlim] status:		out of time
[runlim] result:		2
[runlim] children:		0
[runlim] real:			300.04 seconds
[runlim] time:			299.25 seconds
[runlim] space:			58.9 MB
[runlim] samples:		2993
** AMH **
[runlim] version:		1.10
[runlim] time limit:		311040000 seconds
[runlim] real time limit:	300 seconds
[runlim] space limit:		2048 MB
[runlim] argv[0]:		ganak
[runlim] argv[1]:		-t
[runlim] argv[2]:		300
[runlim] argv[3]:		-cs
[runlim] argv[4]:		1024
[runlim] argv[5]:		-seed
[runlim] argv[6]:		03
[runlim] argv[7]:		/experiments/results/count_up_down_true-unreach-call_true-termination-2.c/03/counterSharp/amh.dimacs
[runlim] start:			Sun Nov  1 03:46:06 2020
[runlim] main pid:		3159
[runlim] sample:		10.0 time, 10.0 real, 30.0 MB
[runlim] sample:		20.0 time, 20.0 real, 30.0 MB
[runlim] sample:		30.0 time, 30.0 real, 30.2 MB
[runlim] sample:		40.0 time, 40.0 real, 30.2 MB
[runlim] sample:		50.0 time, 50.0 real, 30.2 MB
[runlim] sample:		60.0 time, 60.0 real, 30.2 MB
[runlim] sample:		70.0 time, 70.0 real, 30.5 MB
[runlim] sample:		80.0 time, 80.0 real, 30.5 MB
[runlim] sample:		90.0 time, 90.0 real, 30.5 MB
[runlim] sample:		100.0 time, 100.0 real, 30.5 MB
[runlim] sample:		110.0 time, 110.0 real, 30.5 MB
[runlim] sample:		120.0 time, 120.0 real, 30.5 MB
[runlim] sample:		130.0 time, 130.0 real, 30.5 MB
[runlim] sample:		140.0 time, 140.0 real, 30.5 MB
[runlim] sample:		150.0 time, 150.0 real, 30.5 MB
[runlim] sample:		160.0 time, 160.0 real, 254.2 MB
[runlim] sample:		170.0 time, 170.0 real, 256.2 MB
[runlim] sample:		180.0 time, 180.0 real, 256.2 MB
[runlim] sample:		190.0 time, 190.0 real, 256.2 MB
[runlim] sample:		200.0 time, 200.0 real, 256.2 MB
[runlim] sample:		210.0 time, 210.0 real, 256.2 MB
[runlim] sample:		220.0 time, 220.0 real, 256.2 MB
[runlim] sample:		230.0 time, 230.0 real, 256.2 MB
[runlim] sample:		240.0 time, 240.0 real, 256.2 MB
[runlim] sample:		250.0 time, 250.0 real, 258.2 MB
[runlim] sample:		260.0 time, 260.0 real, 258.2 MB
[runlim] end:			Sun Nov  1 03:50:28 2020
[runlim] status:		ok
[runlim] result:		0
[runlim] children:		0
[runlim] real:			262.07 seconds
[runlim] time:			261.96 seconds
[runlim] space:			454.6 MB
[runlim] samples:		2620
** ASM **
[runlim] version:		1.10
[runlim] time limit:		311040000 seconds
[runlim] real time limit:	300 seconds
[runlim] space limit:		2048 MB
[runlim] argv[0]:		ganak
[runlim] argv[1]:		-t
[runlim] argv[2]:		300
[runlim] argv[3]:		-cs
[runlim] argv[4]:		1024
[runlim] argv[5]:		-seed
[runlim] argv[6]:		03
[runlim] argv[7]:		/experiments/results/count_up_down_true-unreach-call_true-termination-2.c/03/counterSharp/asm.dimacs
[runlim] start:			Sun Nov  1 03:50:28 2020
[runlim] main pid:		3161
[runlim] sample:		10.0 time, 10.1 real, 30.2 MB
[runlim] sample:		20.0 time, 20.1 real, 30.2 MB
[runlim] sample:		30.0 time, 30.1 real, 30.2 MB
[runlim] sample:		40.0 time, 40.1 real, 30.5 MB
[runlim] sample:		50.0 time, 50.1 real, 30.5 MB
[runlim] sample:		60.0 time, 60.1 real, 30.5 MB
[runlim] sample:		70.0 time, 70.1 real, 30.7 MB
[runlim] sample:		80.0 time, 80.1 real, 30.7 MB
[runlim] sample:		90.0 time, 90.1 real, 30.7 MB
[runlim] sample:		100.0 time, 100.1 real, 30.7 MB
[runlim] sample:		110.0 time, 110.1 real, 30.7 MB
[runlim] sample:		120.0 time, 120.1 real, 30.7 MB
[runlim] sample:		130.0 time, 130.1 real, 30.7 MB
[runlim] sample:		140.0 time, 140.1 real, 30.7 MB
[runlim] sample:		150.0 time, 150.1 real, 30.7 MB
[runlim] sample:		159.9 time, 160.1 real, 30.7 MB
[runlim] sample:		169.9 time, 170.1 real, 37.1 MB
[runlim] end:			Sun Nov  1 03:53:26 2020
[runlim] status:		ok
[runlim] result:		0
[runlim] children:		0
[runlim] real:			178.76 seconds
[runlim] time:			178.55 seconds
[runlim] space:			37.1 MB
[runlim] samples:		1786
** ASH **
[runlim] version:		1.10
[runlim] time limit:		311040000 seconds
[runlim] real time limit:	300 seconds
[runlim] space limit:		2048 MB
[runlim] argv[0]:		ganak
[runlim] argv[1]:		-t
[runlim] argv[2]:		300
[runlim] argv[3]:		-cs
[runlim] argv[4]:		1024
[runlim] argv[5]:		-seed
[runlim] argv[6]:		03
[runlim] argv[7]:		/experiments/results/count_up_down_true-unreach-call_true-termination-2.c/03/counterSharp/ash.dimacs
[runlim] start:			Sun Nov  1 03:53:26 2020
[runlim] main pid:		3163
[runlim] sample:		10.0 time, 10.8 real, 29.9 MB
[runlim] sample:		20.0 time, 20.8 real, 29.9 MB
[runlim] sample:		30.0 time, 30.8 real, 30.2 MB
[runlim] sample:		40.0 time, 40.8 real, 30.7 MB
[runlim] sample:		49.9 time, 50.8 real, 30.7 MB
[runlim] sample:		59.9 time, 60.8 real, 30.7 MB
[runlim] sample:		69.9 time, 70.8 real, 30.7 MB
[runlim] sample:		79.9 time, 80.8 real, 31.0 MB
[runlim] sample:		89.9 time, 90.8 real, 31.0 MB
[runlim] sample:		99.9 time, 100.8 real, 31.0 MB
[runlim] sample:		109.9 time, 110.8 real, 31.0 MB
[runlim] sample:		119.9 time, 120.8 real, 31.0 MB
[runlim] sample:		129.9 time, 130.8 real, 31.0 MB
[runlim] sample:		139.9 time, 140.8 real, 31.0 MB
[runlim] sample:		149.9 time, 150.8 real, 31.0 MB
[runlim] sample:		159.9 time, 160.8 real, 31.0 MB
[runlim] sample:		169.9 time, 170.8 real, 31.0 MB
[runlim] sample:		179.9 time, 180.8 real, 31.0 MB
[runlim] sample:		189.9 time, 190.8 real, 31.0 MB
[runlim] sample:		199.9 time, 200.8 real, 31.0 MB
[runlim] sample:		209.9 time, 210.8 real, 31.0 MB
[runlim] sample:		219.9 time, 220.8 real, 31.0 MB
[runlim] sample:		229.9 time, 230.8 real, 31.0 MB
[runlim] sample:		239.9 time, 240.8 real, 294.5 MB
[runlim] sample:		249.9 time, 250.8 real, 294.5 MB
[runlim] sample:		259.9 time, 260.8 real, 294.5 MB
[runlim] sample:		269.9 time, 270.8 real, 294.5 MB
[runlim] sample:		279.9 time, 280.8 real, 294.5 MB
[runlim] sample:		289.9 time, 290.8 real, 294.5 MB
[runlim] end:			Sun Nov  1 03:58:26 2020
[runlim] status:		out of time
[runlim] result:		2
[runlim] children:		0
[runlim] real:			300.08 seconds
[runlim] time:			299.18 seconds
[runlim] space:			414.8 MB
[runlim] samples:		2993
