** CON **
c ApproxMC SHA revision 618b35b37e4d6019e0a84e37cc482187f35ee334
c ApproxMC version 4.0.1
c ApproxMC compilation env CMAKE_CXX_COMPILER = /usr/bin/c++ | CMAKE_CXX_FLAGS =  -Wall -Wextra -Wunused -Wsign-compare -fno-omit-frame-pointer -Wtype-limits -Wuninitialized -Wno-deprecated -Wstrict-aliasing -Wpointer-arith -fvisibility=hidden -Wpointer-arith -Wformat-nonliteral -Winit-self -Wparentheses -Wunreachable-code -g -fvisibility=hidden -Wlogical-op -Wrestrict -Wnull-dereference -Wdouble-promotion -Wshadow -Wformat=2 -Wextra-semi -pedantic | COMPILE_DEFINES =  -DBOOST_TEST_DYN_LINK | STATICCOMPILE = OFF | Boost_FOUND = TRUE | ZLIB_FOUND = TRUE | VALGRIND_FOUND =  | GMP_FOUND = TRUE | ENABLE_ASSERTIONS = ON | MY_TARGETS =  | compilation date time = Nov  9 2020 10:31:14
c ApproxMC compiled with gcc version 9.3.0
c CryptoMiniSat version 5.8.0
c CMS Copyright Mate Soos (soos.mate@gmail.com)
c CMS SHA revision 6477e8bc43b0fda7038965bb148b64b8637c804b
c CMS is GPL licensed due to M4RI being linked. Build without M4RI to get MIT version
c Using VMTF code by Armin Biere from CaDiCaL
c Using Yalsat by Armin Biere, see Balint et al. Improving implementation of SLS solvers [...], SAT'14
c Using WalkSAT by Henry Kautz, see Kautz and Selman Pushing the envelope: planning, propositional logic, and stochastic search, AAAI'96,
c Using code from 'When Boolean Satisfiability Meets Gauss-E. in a Simplex Way'
c       by C.-S. Han and J.-H. Roland Jiang in CAV 2012. Fixes by M. Soos
c Using CCAnr from 'CCAnr: A Conf. Checking Based Local Search Solver [...]'
c       by Shaowei Cai, Chuan Luo, and Kaile Su, SAT 2015
c CMS compilation env CMAKE_CXX_COMPILER = /usr/bin/c++ | CMAKE_CXX_FLAGS =  -fvisibility=hidden -Wall -Wextra -Wunused -Wsign-compare -fno-omit-frame-pointer -Wtype-limits -Wuninitialized -Wno-deprecated -Wstrict-aliasing -Wpointer-arith -Wpointer-arith -Wformat-nonliteral -Winit-self -Wparentheses -Wunreachable-code -g -Wno-class-memaccess -mpopcnt -msse4.2 -ggdb3 -Wlogical-op -Wrestrict -Wnull-dereference -Wdouble-promotion -Wshadow -Wformat=2 -Wextra-semi -pedantic | COMPILE_DEFINES =  -DEXTENDED_FEATURES -DUSE_GAUSS -DBOOST_TEST_DYN_LINK -DUSE_ZLIB -DYALSAT_FPU -DUSE_M4RI | STATICCOMPILE = OFF | ONLY_SIMPLE = OFF | Boost_FOUND = TRUE | STATS = OFF | SQLITE3_FOUND = FALSE | ZLIB_FOUND = TRUE | VALGRIND_FOUND =  | ENABLE_TESTING = OFF | M4RI_FOUND = TRUE | NOM4RI = OFF | SLOW_DEBUG = OFF | ENABLE_ASSERTIONS = ON | PYTHON_EXECUTABLE = PYTHON_EXECUTABLE-NOTFOUND | PYTHON_LIBRARY = PYTHON_LIBRARY-NOTFOUND | PYTHON_INCLUDE_DIRS =  | MY_TARGETS =  | LARGEMEM = OFF | LIMITMEM = OFF | BREAKID_LIBRARIES =  | BREAKID-VER = . | BOSPHORUS_LIBRARIES =  | BOSPH-VER = . | compilation date time = Oct 29 2020 17:34:11
c CMS compiled with gcc version 9.3.0
c executed with command line: approxmc --sparse 1 -s 05 /experiments/results/example1a-2.c/05/counterSharp/con.dimacs
c -- header says num vars:          13605
c -- header says num clauses:       55328
c WARNING: Empty line at line number 55645 -- this is not part of the DIMACS specifications (http://www.satcompetition.org/2009/format-benchmarks2009.html). Ignoring.
c -- clauses added: 55328
c -- xor clauses added: 0
c -- vars added 13605
c [appmc] Sampling set size: 32
c [appmc] Sampling set: 412, 413, 414, 415, 416, 417, 418, 419, 420, 421, 422, 423, 424, 425, 426, 427, 428, 429, 430, 431, 432, 433, 434, 435, 436, 437, 438, 439, 440, 441, 442, 443, 
c [sparse] Using match: 0 sampling set size: 32 prev end inclusive is: -1 this end inclusive is: 50 next end inclusive is: 100 sampl size: 32
c [appmc] threshold set to 80 sparse: 1
c [appmc] Starting up, initial measurement
c [appmc] Checking if there are at least threshold+1 solutions...
c [appmc] simplifying
c [appmc] [    1.34 ] bounded_sol_count looking for   81 solutions -- hashes active: 0
c [appmc] Did not find at least threshold+1 (80) we found only 0, i.e. we got exact count
c [appmc] Formula was UNSAT 
c [appmc] FINISHED ApproxMC T: 1.34 s
c [appmc] Formula was UNSAT 
c [appmc] Number of solutions is: 0*2**0
s mc 0
** AMM **
c ApproxMC SHA revision 618b35b37e4d6019e0a84e37cc482187f35ee334
c ApproxMC version 4.0.1
c ApproxMC compilation env CMAKE_CXX_COMPILER = /usr/bin/c++ | CMAKE_CXX_FLAGS =  -Wall -Wextra -Wunused -Wsign-compare -fno-omit-frame-pointer -Wtype-limits -Wuninitialized -Wno-deprecated -Wstrict-aliasing -Wpointer-arith -fvisibility=hidden -Wpointer-arith -Wformat-nonliteral -Winit-self -Wparentheses -Wunreachable-code -g -fvisibility=hidden -Wlogical-op -Wrestrict -Wnull-dereference -Wdouble-promotion -Wshadow -Wformat=2 -Wextra-semi -pedantic | COMPILE_DEFINES =  -DBOOST_TEST_DYN_LINK | STATICCOMPILE = OFF | Boost_FOUND = TRUE | ZLIB_FOUND = TRUE | VALGRIND_FOUND =  | GMP_FOUND = TRUE | ENABLE_ASSERTIONS = ON | MY_TARGETS =  | compilation date time = Nov  9 2020 10:31:14
c ApproxMC compiled with gcc version 9.3.0
c CryptoMiniSat version 5.8.0
c CMS Copyright Mate Soos (soos.mate@gmail.com)
c CMS SHA revision 6477e8bc43b0fda7038965bb148b64b8637c804b
c CMS is GPL licensed due to M4RI being linked. Build without M4RI to get MIT version
c Using VMTF code by Armin Biere from CaDiCaL
c Using Yalsat by Armin Biere, see Balint et al. Improving implementation of SLS solvers [...], SAT'14
c Using WalkSAT by Henry Kautz, see Kautz and Selman Pushing the envelope: planning, propositional logic, and stochastic search, AAAI'96,
c Using code from 'When Boolean Satisfiability Meets Gauss-E. in a Simplex Way'
c       by C.-S. Han and J.-H. Roland Jiang in CAV 2012. Fixes by M. Soos
c Using CCAnr from 'CCAnr: A Conf. Checking Based Local Search Solver [...]'
c       by Shaowei Cai, Chuan Luo, and Kaile Su, SAT 2015
c CMS compilation env CMAKE_CXX_COMPILER = /usr/bin/c++ | CMAKE_CXX_FLAGS =  -fvisibility=hidden -Wall -Wextra -Wunused -Wsign-compare -fno-omit-frame-pointer -Wtype-limits -Wuninitialized -Wno-deprecated -Wstrict-aliasing -Wpointer-arith -Wpointer-arith -Wformat-nonliteral -Winit-self -Wparentheses -Wunreachable-code -g -Wno-class-memaccess -mpopcnt -msse4.2 -ggdb3 -Wlogical-op -Wrestrict -Wnull-dereference -Wdouble-promotion -Wshadow -Wformat=2 -Wextra-semi -pedantic | COMPILE_DEFINES =  -DEXTENDED_FEATURES -DUSE_GAUSS -DBOOST_TEST_DYN_LINK -DUSE_ZLIB -DYALSAT_FPU -DUSE_M4RI | STATICCOMPILE = OFF | ONLY_SIMPLE = OFF | Boost_FOUND = TRUE | STATS = OFF | SQLITE3_FOUND = FALSE | ZLIB_FOUND = TRUE | VALGRIND_FOUND =  | ENABLE_TESTING = OFF | M4RI_FOUND = TRUE | NOM4RI = OFF | SLOW_DEBUG = OFF | ENABLE_ASSERTIONS = ON | PYTHON_EXECUTABLE = PYTHON_EXECUTABLE-NOTFOUND | PYTHON_LIBRARY = PYTHON_LIBRARY-NOTFOUND | PYTHON_INCLUDE_DIRS =  | MY_TARGETS =  | LARGEMEM = OFF | LIMITMEM = OFF | BREAKID_LIBRARIES =  | BREAKID-VER = . | BOSPHORUS_LIBRARIES =  | BOSPH-VER = . | compilation date time = Oct 29 2020 17:34:11
c CMS compiled with gcc version 9.3.0
c executed with command line: approxmc --sparse 1 -s 05 /experiments/results/example1a-2.c/05/counterSharp/amm.dimacs
c -- header says num vars:          13496
c -- header says num clauses:       54961
c WARNING: Empty line at line number 55280 -- this is not part of the DIMACS specifications (http://www.satcompetition.org/2009/format-benchmarks2009.html). Ignoring.
c -- clauses added: 54961
c -- xor clauses added: 0
c -- vars added 13496
c [appmc] Sampling set size: 32
c [appmc] Sampling set: 208, 209, 210, 211, 212, 213, 214, 215, 216, 217, 218, 219, 220, 221, 222, 223, 224, 225, 226, 227, 228, 229, 230, 231, 232, 233, 234, 235, 236, 237, 238, 239, 
c [sparse] Using match: 0 sampling set size: 32 prev end inclusive is: -1 this end inclusive is: 50 next end inclusive is: 100 sampl size: 32
c [appmc] threshold set to 80 sparse: 1
c [appmc] Starting up, initial measurement
c [appmc] Checking if there are at least threshold+1 solutions...
c [appmc] simplifying
c [appmc] [    6.49 ] bounded_sol_count looking for   81 solutions -- hashes active: 0
c [appmc] Starting at hash count: 1
c [appmc] [    6.63 ] round:  0 hashes:      1
c [appmc] [    6.63 ] bounded_sol_count looking for   81 solutions -- hashes active: 1
c [appmc] [    6.76 ] round:  0 hashes:      2
c [appmc] [    6.76 ] bounded_sol_count looking for   81 solutions -- hashes active: 2
c [appmc] [    6.89 ] round:  0 hashes:      4
c [appmc] [    6.89 ] bounded_sol_count looking for   81 solutions -- hashes active: 4
c [appmc] [    7.14 ] round:  0 hashes:      8
c [appmc] [    7.14 ] bounded_sol_count looking for   81 solutions -- hashes active: 8
c [appmc] [    7.45 ] round:  0 hashes:     16
c [appmc] [    7.45 ] bounded_sol_count looking for   81 solutions -- hashes active: 16
c [appmc] [    7.81 ] round:  0 hashes:     24
c [appmc] [    7.81 ] bounded_sol_count looking for   81 solutions -- hashes active: 24
c [appmc] [    8.18 ] round:  0 hashes:     28
c [appmc] [    8.18 ] bounded_sol_count looking for   81 solutions -- hashes active: 28
c [appmc] [    8.27 ] round:  0 hashes:     26
c [appmc] [    8.27 ] bounded_sol_count looking for   81 solutions -- hashes active: 26
c [appmc] [    8.42 ] round:  0 hashes:     25
c [appmc] [    8.42 ] bounded_sol_count looking for   81 solutions -- hashes active: 25
c [appmc] simplifying
c [appmc] [   10.29 ] round:  1 hashes:     26
c [appmc] [   10.29 ] bounded_sol_count looking for   81 solutions -- hashes active: 26
c [appmc] [   10.61 ] round:  1 hashes:     25
c [appmc] [   10.61 ] bounded_sol_count looking for   81 solutions -- hashes active: 25
c [appmc] simplifying
c [appmc] [   17.26 ] round:  2 hashes:     26
c [appmc] [   17.26 ] bounded_sol_count looking for   81 solutions -- hashes active: 26
c [appmc] [   17.57 ] round:  2 hashes:     25
c [appmc] [   17.57 ] bounded_sol_count looking for   81 solutions -- hashes active: 25
c [appmc] simplifying
c [appmc] [   24.30 ] round:  3 hashes:     26
c [appmc] [   24.30 ] bounded_sol_count looking for   81 solutions -- hashes active: 26
c [appmc] [   24.60 ] round:  3 hashes:     25
c [appmc] [   24.60 ] bounded_sol_count looking for   81 solutions -- hashes active: 25
c [appmc] simplifying
c [appmc] [   31.98 ] round:  4 hashes:     26
c [appmc] [   31.98 ] bounded_sol_count looking for   81 solutions -- hashes active: 26
c [appmc] [   32.28 ] round:  4 hashes:     25
c [appmc] [   32.28 ] bounded_sol_count looking for   81 solutions -- hashes active: 25
c [appmc] simplifying
c [appmc] [   35.72 ] round:  5 hashes:     26
c [appmc] [   35.72 ] bounded_sol_count looking for   81 solutions -- hashes active: 26
c [appmc] [   36.04 ] round:  5 hashes:     25
c [appmc] [   36.04 ] bounded_sol_count looking for   81 solutions -- hashes active: 25
c [appmc] simplifying
c [appmc] [   41.94 ] round:  6 hashes:     26
c [appmc] [   41.94 ] bounded_sol_count looking for   81 solutions -- hashes active: 26
c [appmc] [   42.28 ] round:  6 hashes:     25
c [appmc] [   42.28 ] bounded_sol_count looking for   81 solutions -- hashes active: 25
c [appmc] simplifying
c [appmc] [   44.41 ] round:  7 hashes:     26
c [appmc] [   44.41 ] bounded_sol_count looking for   81 solutions -- hashes active: 26
c [appmc] [   44.74 ] round:  7 hashes:     25
c [appmc] [   44.74 ] bounded_sol_count looking for   81 solutions -- hashes active: 25
c [appmc] simplifying
c [appmc] [   50.95 ] round:  8 hashes:     26
c [appmc] [   50.95 ] bounded_sol_count looking for   81 solutions -- hashes active: 26
c [appmc] [   51.28 ] round:  8 hashes:     25
c [appmc] [   51.28 ] bounded_sol_count looking for   81 solutions -- hashes active: 25
c [appmc] FINISHED ApproxMC T: 51.37 s
c [appmc] Number of solutions is: 64*2**26
s mc 4294967296
** AMH **
c ApproxMC SHA revision 618b35b37e4d6019e0a84e37cc482187f35ee334
c ApproxMC version 4.0.1
c ApproxMC compilation env CMAKE_CXX_COMPILER = /usr/bin/c++ | CMAKE_CXX_FLAGS =  -Wall -Wextra -Wunused -Wsign-compare -fno-omit-frame-pointer -Wtype-limits -Wuninitialized -Wno-deprecated -Wstrict-aliasing -Wpointer-arith -fvisibility=hidden -Wpointer-arith -Wformat-nonliteral -Winit-self -Wparentheses -Wunreachable-code -g -fvisibility=hidden -Wlogical-op -Wrestrict -Wnull-dereference -Wdouble-promotion -Wshadow -Wformat=2 -Wextra-semi -pedantic | COMPILE_DEFINES =  -DBOOST_TEST_DYN_LINK | STATICCOMPILE = OFF | Boost_FOUND = TRUE | ZLIB_FOUND = TRUE | VALGRIND_FOUND =  | GMP_FOUND = TRUE | ENABLE_ASSERTIONS = ON | MY_TARGETS =  | compilation date time = Nov  9 2020 10:31:14
c ApproxMC compiled with gcc version 9.3.0
c CryptoMiniSat version 5.8.0
c CMS Copyright Mate Soos (soos.mate@gmail.com)
c CMS SHA revision 6477e8bc43b0fda7038965bb148b64b8637c804b
c CMS is GPL licensed due to M4RI being linked. Build without M4RI to get MIT version
c Using VMTF code by Armin Biere from CaDiCaL
c Using Yalsat by Armin Biere, see Balint et al. Improving implementation of SLS solvers [...], SAT'14
c Using WalkSAT by Henry Kautz, see Kautz and Selman Pushing the envelope: planning, propositional logic, and stochastic search, AAAI'96,
c Using code from 'When Boolean Satisfiability Meets Gauss-E. in a Simplex Way'
c       by C.-S. Han and J.-H. Roland Jiang in CAV 2012. Fixes by M. Soos
c Using CCAnr from 'CCAnr: A Conf. Checking Based Local Search Solver [...]'
c       by Shaowei Cai, Chuan Luo, and Kaile Su, SAT 2015
c CMS compilation env CMAKE_CXX_COMPILER = /usr/bin/c++ | CMAKE_CXX_FLAGS =  -fvisibility=hidden -Wall -Wextra -Wunused -Wsign-compare -fno-omit-frame-pointer -Wtype-limits -Wuninitialized -Wno-deprecated -Wstrict-aliasing -Wpointer-arith -Wpointer-arith -Wformat-nonliteral -Winit-self -Wparentheses -Wunreachable-code -g -Wno-class-memaccess -mpopcnt -msse4.2 -ggdb3 -Wlogical-op -Wrestrict -Wnull-dereference -Wdouble-promotion -Wshadow -Wformat=2 -Wextra-semi -pedantic | COMPILE_DEFINES =  -DEXTENDED_FEATURES -DUSE_GAUSS -DBOOST_TEST_DYN_LINK -DUSE_ZLIB -DYALSAT_FPU -DUSE_M4RI | STATICCOMPILE = OFF | ONLY_SIMPLE = OFF | Boost_FOUND = TRUE | STATS = OFF | SQLITE3_FOUND = FALSE | ZLIB_FOUND = TRUE | VALGRIND_FOUND =  | ENABLE_TESTING = OFF | M4RI_FOUND = TRUE | NOM4RI = OFF | SLOW_DEBUG = OFF | ENABLE_ASSERTIONS = ON | PYTHON_EXECUTABLE = PYTHON_EXECUTABLE-NOTFOUND | PYTHON_LIBRARY = PYTHON_LIBRARY-NOTFOUND | PYTHON_INCLUDE_DIRS =  | MY_TARGETS =  | LARGEMEM = OFF | LIMITMEM = OFF | BREAKID_LIBRARIES =  | BREAKID-VER = . | BOSPHORUS_LIBRARIES =  | BOSPH-VER = . | compilation date time = Oct 29 2020 17:34:11
c CMS compiled with gcc version 9.3.0
c executed with command line: approxmc --sparse 1 -s 05 /experiments/results/example1a-2.c/05/counterSharp/amh.dimacs
c -- header says num vars:          13496
c -- header says num clauses:       54961
c WARNING: Empty line at line number 55280 -- this is not part of the DIMACS specifications (http://www.satcompetition.org/2009/format-benchmarks2009.html). Ignoring.
c -- clauses added: 54961
c -- xor clauses added: 0
c -- vars added 13496
c [appmc] Sampling set size: 32
c [appmc] Sampling set: 208, 209, 210, 211, 212, 213, 214, 215, 216, 217, 218, 219, 220, 221, 222, 223, 224, 225, 226, 227, 228, 229, 230, 231, 232, 233, 234, 235, 236, 237, 238, 239, 
c [sparse] Using match: 0 sampling set size: 32 prev end inclusive is: -1 this end inclusive is: 50 next end inclusive is: 100 sampl size: 32
c [appmc] threshold set to 80 sparse: 1
c [appmc] Starting up, initial measurement
c [appmc] Checking if there are at least threshold+1 solutions...
c [appmc] simplifying
c [appmc] [    5.08 ] bounded_sol_count looking for   81 solutions -- hashes active: 0
c [appmc] Starting at hash count: 1
c [appmc] [    5.16 ] round:  0 hashes:      1
c [appmc] [    5.16 ] bounded_sol_count looking for   81 solutions -- hashes active: 1
c [appmc] [    5.24 ] round:  0 hashes:      2
c [appmc] [    5.24 ] bounded_sol_count looking for   81 solutions -- hashes active: 2
c [appmc] [    5.27 ] round:  0 hashes:      4
c [appmc] [    5.27 ] bounded_sol_count looking for   81 solutions -- hashes active: 4
c [appmc] [    5.32 ] round:  0 hashes:      3
c [appmc] [    5.32 ] bounded_sol_count looking for   81 solutions -- hashes active: 3
c [appmc] simplifying
c [appmc] [    5.53 ] round:  1 hashes:      4
c [appmc] [    5.53 ] bounded_sol_count looking for   81 solutions -- hashes active: 4
c [appmc] [    5.58 ] round:  1 hashes:      3
c [appmc] [    5.58 ] bounded_sol_count looking for   81 solutions -- hashes active: 3
c [appmc] simplifying
c [appmc] [    5.80 ] round:  2 hashes:      4
c [appmc] [    5.80 ] bounded_sol_count looking for   81 solutions -- hashes active: 4
c [appmc] [    5.86 ] round:  2 hashes:      3
c [appmc] [    5.86 ] bounded_sol_count looking for   81 solutions -- hashes active: 3
c [appmc] simplifying
c [appmc] [    6.08 ] round:  3 hashes:      4
c [appmc] [    6.08 ] bounded_sol_count looking for   81 solutions -- hashes active: 4
c [appmc] [    6.14 ] round:  3 hashes:      3
c [appmc] [    6.14 ] bounded_sol_count looking for   81 solutions -- hashes active: 3
c [appmc] simplifying
c [appmc] [    6.42 ] round:  4 hashes:      4
c [appmc] [    6.42 ] bounded_sol_count looking for   81 solutions -- hashes active: 4
c [appmc] [    6.48 ] round:  4 hashes:      3
c [appmc] [    6.48 ] bounded_sol_count looking for   81 solutions -- hashes active: 3
c [appmc] simplifying
c [appmc] [    6.67 ] round:  5 hashes:      4
c [appmc] [    6.67 ] bounded_sol_count looking for   81 solutions -- hashes active: 4
c [appmc] [    6.73 ] round:  5 hashes:      3
c [appmc] [    6.73 ] bounded_sol_count looking for   81 solutions -- hashes active: 3
c [appmc] simplifying
c [appmc] [    6.92 ] round:  6 hashes:      4
c [appmc] [    6.92 ] bounded_sol_count looking for   81 solutions -- hashes active: 4
c [appmc] [    6.98 ] round:  6 hashes:      3
c [appmc] [    6.98 ] bounded_sol_count looking for   81 solutions -- hashes active: 3
c [appmc] simplifying
c [appmc] [    7.18 ] round:  7 hashes:      4
c [appmc] [    7.18 ] bounded_sol_count looking for   81 solutions -- hashes active: 4
c [appmc] [    7.24 ] round:  7 hashes:      3
c [appmc] [    7.24 ] bounded_sol_count looking for   81 solutions -- hashes active: 3
c [appmc] simplifying
c [appmc] [    7.44 ] round:  8 hashes:      4
c [appmc] [    7.44 ] bounded_sol_count looking for   81 solutions -- hashes active: 4
c [appmc] [    7.49 ] round:  8 hashes:      3
c [appmc] [    7.49 ] bounded_sol_count looking for   81 solutions -- hashes active: 3
c [appmc] FINISHED ApproxMC T: 7.51 s
c [appmc] Number of solutions is: 63*2**4
s mc 1008
** ASM **
c ApproxMC SHA revision 618b35b37e4d6019e0a84e37cc482187f35ee334
c ApproxMC version 4.0.1
c ApproxMC compilation env CMAKE_CXX_COMPILER = /usr/bin/c++ | CMAKE_CXX_FLAGS =  -Wall -Wextra -Wunused -Wsign-compare -fno-omit-frame-pointer -Wtype-limits -Wuninitialized -Wno-deprecated -Wstrict-aliasing -Wpointer-arith -fvisibility=hidden -Wpointer-arith -Wformat-nonliteral -Winit-self -Wparentheses -Wunreachable-code -g -fvisibility=hidden -Wlogical-op -Wrestrict -Wnull-dereference -Wdouble-promotion -Wshadow -Wformat=2 -Wextra-semi -pedantic | COMPILE_DEFINES =  -DBOOST_TEST_DYN_LINK | STATICCOMPILE = OFF | Boost_FOUND = TRUE | ZLIB_FOUND = TRUE | VALGRIND_FOUND =  | GMP_FOUND = TRUE | ENABLE_ASSERTIONS = ON | MY_TARGETS =  | compilation date time = Nov  9 2020 10:31:14
c ApproxMC compiled with gcc version 9.3.0
c CryptoMiniSat version 5.8.0
c CMS Copyright Mate Soos (soos.mate@gmail.com)
c CMS SHA revision 6477e8bc43b0fda7038965bb148b64b8637c804b
c CMS is GPL licensed due to M4RI being linked. Build without M4RI to get MIT version
c Using VMTF code by Armin Biere from CaDiCaL
c Using Yalsat by Armin Biere, see Balint et al. Improving implementation of SLS solvers [...], SAT'14
c Using WalkSAT by Henry Kautz, see Kautz and Selman Pushing the envelope: planning, propositional logic, and stochastic search, AAAI'96,
c Using code from 'When Boolean Satisfiability Meets Gauss-E. in a Simplex Way'
c       by C.-S. Han and J.-H. Roland Jiang in CAV 2012. Fixes by M. Soos
c Using CCAnr from 'CCAnr: A Conf. Checking Based Local Search Solver [...]'
c       by Shaowei Cai, Chuan Luo, and Kaile Su, SAT 2015
c CMS compilation env CMAKE_CXX_COMPILER = /usr/bin/c++ | CMAKE_CXX_FLAGS =  -fvisibility=hidden -Wall -Wextra -Wunused -Wsign-compare -fno-omit-frame-pointer -Wtype-limits -Wuninitialized -Wno-deprecated -Wstrict-aliasing -Wpointer-arith -Wpointer-arith -Wformat-nonliteral -Winit-self -Wparentheses -Wunreachable-code -g -Wno-class-memaccess -mpopcnt -msse4.2 -ggdb3 -Wlogical-op -Wrestrict -Wnull-dereference -Wdouble-promotion -Wshadow -Wformat=2 -Wextra-semi -pedantic | COMPILE_DEFINES =  -DEXTENDED_FEATURES -DUSE_GAUSS -DBOOST_TEST_DYN_LINK -DUSE_ZLIB -DYALSAT_FPU -DUSE_M4RI | STATICCOMPILE = OFF | ONLY_SIMPLE = OFF | Boost_FOUND = TRUE | STATS = OFF | SQLITE3_FOUND = FALSE | ZLIB_FOUND = TRUE | VALGRIND_FOUND =  | ENABLE_TESTING = OFF | M4RI_FOUND = TRUE | NOM4RI = OFF | SLOW_DEBUG = OFF | ENABLE_ASSERTIONS = ON | PYTHON_EXECUTABLE = PYTHON_EXECUTABLE-NOTFOUND | PYTHON_LIBRARY = PYTHON_LIBRARY-NOTFOUND | PYTHON_INCLUDE_DIRS =  | MY_TARGETS =  | LARGEMEM = OFF | LIMITMEM = OFF | BREAKID_LIBRARIES =  | BREAKID-VER = . | BOSPHORUS_LIBRARIES =  | BOSPH-VER = . | compilation date time = Oct 29 2020 17:34:11
c CMS compiled with gcc version 9.3.0
c executed with command line: approxmc --sparse 1 -s 05 /experiments/results/example1a-2.c/05/counterSharp/asm.dimacs
c -- header says num vars:          13498
c -- header says num clauses:       54967
c WARNING: Empty line at line number 55288 -- this is not part of the DIMACS specifications (http://www.satcompetition.org/2009/format-benchmarks2009.html). Ignoring.
c -- clauses added: 54967
c -- xor clauses added: 0
c -- vars added 13498
c [appmc] Sampling set size: 32
c [appmc] Sampling set: 208, 209, 210, 211, 212, 213, 214, 215, 216, 217, 218, 219, 220, 221, 222, 223, 224, 225, 226, 227, 228, 229, 230, 231, 232, 233, 234, 235, 236, 237, 238, 239, 
c [sparse] Using match: 0 sampling set size: 32 prev end inclusive is: -1 this end inclusive is: 50 next end inclusive is: 100 sampl size: 32
c [appmc] threshold set to 80 sparse: 1
c [appmc] Starting up, initial measurement
c [appmc] Checking if there are at least threshold+1 solutions...
c [appmc] simplifying
c [appmc] [    3.31 ] bounded_sol_count looking for   81 solutions -- hashes active: 0
c [appmc] Did not find at least threshold+1 (80) we found only 0, i.e. we got exact count
c [appmc] Formula was UNSAT 
c [appmc] FINISHED ApproxMC T: 3.32 s
c [appmc] Formula was UNSAT 
c [appmc] Number of solutions is: 0*2**0
s mc 0
** ASH **
c ApproxMC SHA revision 618b35b37e4d6019e0a84e37cc482187f35ee334
c ApproxMC version 4.0.1
c ApproxMC compilation env CMAKE_CXX_COMPILER = /usr/bin/c++ | CMAKE_CXX_FLAGS =  -Wall -Wextra -Wunused -Wsign-compare -fno-omit-frame-pointer -Wtype-limits -Wuninitialized -Wno-deprecated -Wstrict-aliasing -Wpointer-arith -fvisibility=hidden -Wpointer-arith -Wformat-nonliteral -Winit-self -Wparentheses -Wunreachable-code -g -fvisibility=hidden -Wlogical-op -Wrestrict -Wnull-dereference -Wdouble-promotion -Wshadow -Wformat=2 -Wextra-semi -pedantic | COMPILE_DEFINES =  -DBOOST_TEST_DYN_LINK | STATICCOMPILE = OFF | Boost_FOUND = TRUE | ZLIB_FOUND = TRUE | VALGRIND_FOUND =  | GMP_FOUND = TRUE | ENABLE_ASSERTIONS = ON | MY_TARGETS =  | compilation date time = Nov  9 2020 10:31:14
c ApproxMC compiled with gcc version 9.3.0
c CryptoMiniSat version 5.8.0
c CMS Copyright Mate Soos (soos.mate@gmail.com)
c CMS SHA revision 6477e8bc43b0fda7038965bb148b64b8637c804b
c CMS is GPL licensed due to M4RI being linked. Build without M4RI to get MIT version
c Using VMTF code by Armin Biere from CaDiCaL
c Using Yalsat by Armin Biere, see Balint et al. Improving implementation of SLS solvers [...], SAT'14
c Using WalkSAT by Henry Kautz, see Kautz and Selman Pushing the envelope: planning, propositional logic, and stochastic search, AAAI'96,
c Using code from 'When Boolean Satisfiability Meets Gauss-E. in a Simplex Way'
c       by C.-S. Han and J.-H. Roland Jiang in CAV 2012. Fixes by M. Soos
c Using CCAnr from 'CCAnr: A Conf. Checking Based Local Search Solver [...]'
c       by Shaowei Cai, Chuan Luo, and Kaile Su, SAT 2015
c CMS compilation env CMAKE_CXX_COMPILER = /usr/bin/c++ | CMAKE_CXX_FLAGS =  -fvisibility=hidden -Wall -Wextra -Wunused -Wsign-compare -fno-omit-frame-pointer -Wtype-limits -Wuninitialized -Wno-deprecated -Wstrict-aliasing -Wpointer-arith -Wpointer-arith -Wformat-nonliteral -Winit-self -Wparentheses -Wunreachable-code -g -Wno-class-memaccess -mpopcnt -msse4.2 -ggdb3 -Wlogical-op -Wrestrict -Wnull-dereference -Wdouble-promotion -Wshadow -Wformat=2 -Wextra-semi -pedantic | COMPILE_DEFINES =  -DEXTENDED_FEATURES -DUSE_GAUSS -DBOOST_TEST_DYN_LINK -DUSE_ZLIB -DYALSAT_FPU -DUSE_M4RI | STATICCOMPILE = OFF | ONLY_SIMPLE = OFF | Boost_FOUND = TRUE | STATS = OFF | SQLITE3_FOUND = FALSE | ZLIB_FOUND = TRUE | VALGRIND_FOUND =  | ENABLE_TESTING = OFF | M4RI_FOUND = TRUE | NOM4RI = OFF | SLOW_DEBUG = OFF | ENABLE_ASSERTIONS = ON | PYTHON_EXECUTABLE = PYTHON_EXECUTABLE-NOTFOUND | PYTHON_LIBRARY = PYTHON_LIBRARY-NOTFOUND | PYTHON_INCLUDE_DIRS =  | MY_TARGETS =  | LARGEMEM = OFF | LIMITMEM = OFF | BREAKID_LIBRARIES =  | BREAKID-VER = . | BOSPHORUS_LIBRARIES =  | BOSPH-VER = . | compilation date time = Oct 29 2020 17:34:11
c CMS compiled with gcc version 9.3.0
c executed with command line: approxmc --sparse 1 -s 05 /experiments/results/example1a-2.c/05/counterSharp/ash.dimacs
c -- header says num vars:          13498
c -- header says num clauses:       54967
c WARNING: Empty line at line number 55288 -- this is not part of the DIMACS specifications (http://www.satcompetition.org/2009/format-benchmarks2009.html). Ignoring.
c -- clauses added: 54967
c -- xor clauses added: 0
c -- vars added 13498
c [appmc] Sampling set size: 32
c [appmc] Sampling set: 208, 209, 210, 211, 212, 213, 214, 215, 216, 217, 218, 219, 220, 221, 222, 223, 224, 225, 226, 227, 228, 229, 230, 231, 232, 233, 234, 235, 236, 237, 238, 239, 
c [sparse] Using match: 0 sampling set size: 32 prev end inclusive is: -1 this end inclusive is: 50 next end inclusive is: 100 sampl size: 32
c [appmc] threshold set to 80 sparse: 1
c [appmc] Starting up, initial measurement
c [appmc] Checking if there are at least threshold+1 solutions...
c [appmc] simplifying
c [appmc] [    5.12 ] bounded_sol_count looking for   81 solutions -- hashes active: 0
c [appmc] Starting at hash count: 1
c [appmc] [    5.22 ] round:  0 hashes:      1
c [appmc] [    5.22 ] bounded_sol_count looking for   81 solutions -- hashes active: 1
c [appmc] [    5.30 ] round:  0 hashes:      2
c [appmc] [    5.30 ] bounded_sol_count looking for   81 solutions -- hashes active: 2
c [appmc] [    5.33 ] round:  0 hashes:      4
c [appmc] [    5.33 ] bounded_sol_count looking for   81 solutions -- hashes active: 4
c [appmc] [    5.38 ] round:  0 hashes:      3
c [appmc] [    5.38 ] bounded_sol_count looking for   81 solutions -- hashes active: 3
c [appmc] simplifying
c [appmc] [    5.64 ] round:  1 hashes:      4
c [appmc] [    5.65 ] bounded_sol_count looking for   81 solutions -- hashes active: 4
c [appmc] [    5.70 ] round:  1 hashes:      3
c [appmc] [    5.70 ] bounded_sol_count looking for   81 solutions -- hashes active: 3
c [appmc] simplifying
c [appmc] [    5.95 ] round:  2 hashes:      4
c [appmc] [    5.95 ] bounded_sol_count looking for   81 solutions -- hashes active: 4
c [appmc] [    6.00 ] round:  2 hashes:      3
c [appmc] [    6.00 ] bounded_sol_count looking for   81 solutions -- hashes active: 3
c [appmc] simplifying
c [appmc] [    6.27 ] round:  3 hashes:      4
c [appmc] [    6.27 ] bounded_sol_count looking for   81 solutions -- hashes active: 4
c [appmc] [    6.32 ] round:  3 hashes:      3
c [appmc] [    6.32 ] bounded_sol_count looking for   81 solutions -- hashes active: 3
c [appmc] simplifying
c [appmc] [    6.64 ] round:  4 hashes:      4
c [appmc] [    6.64 ] bounded_sol_count looking for   81 solutions -- hashes active: 4
c [appmc] [    6.70 ] round:  4 hashes:      3
c [appmc] [    6.70 ] bounded_sol_count looking for   81 solutions -- hashes active: 3
c [appmc] simplifying
c [appmc] [    7.02 ] round:  5 hashes:      4
c [appmc] [    7.02 ] bounded_sol_count looking for   81 solutions -- hashes active: 4
c [appmc] [    7.07 ] round:  5 hashes:      3
c [appmc] [    7.07 ] bounded_sol_count looking for   81 solutions -- hashes active: 3
c [appmc] simplifying
c [appmc] [    7.32 ] round:  6 hashes:      4
c [appmc] [    7.32 ] bounded_sol_count looking for   81 solutions -- hashes active: 4
c [appmc] [    7.37 ] round:  6 hashes:      3
c [appmc] [    7.37 ] bounded_sol_count looking for   81 solutions -- hashes active: 3
c [appmc] simplifying
c [appmc] [    7.62 ] round:  7 hashes:      4
c [appmc] [    7.62 ] bounded_sol_count looking for   81 solutions -- hashes active: 4
c [appmc] [    7.67 ] round:  7 hashes:      3
c [appmc] [    7.67 ] bounded_sol_count looking for   81 solutions -- hashes active: 3
c [appmc] simplifying
c [appmc] [    7.94 ] round:  8 hashes:      4
c [appmc] [    7.94 ] bounded_sol_count looking for   81 solutions -- hashes active: 4
c [appmc] [    7.99 ] round:  8 hashes:      3
c [appmc] [    7.99 ] bounded_sol_count looking for   81 solutions -- hashes active: 3
c [appmc] FINISHED ApproxMC T: 8.01 s
c [appmc] Number of solutions is: 63*2**4
s mc 1008
