** CON **
[runlim] version:		1.10
[runlim] time limit:		311040000 seconds
[runlim] real time limit:	300 seconds
[runlim] space limit:		2048 MB
[runlim] argv[0]:		approxmc
[runlim] argv[1]:		-s
[runlim] argv[2]:		04
[runlim] argv[3]:		/experiments/results/confidence.c/04/counterSharp/con.dimacs
[runlim] start:			Mon Aug  8 17:39:14 2022
[runlim] main pid:		1063
[runlim] end:			Mon Aug  8 17:39:14 2022
[runlim] status:		ok
[runlim] result:		0
[runlim] children:		0
[runlim] real:			0.57 seconds
[runlim] time:			0.05 seconds
[runlim] space:			9.1 MB
[runlim] samples:		1
** AMM **
[runlim] version:		1.10
[runlim] time limit:		311040000 seconds
[runlim] real time limit:	300 seconds
[runlim] space limit:		2048 MB
[runlim] argv[0]:		approxmc
[runlim] argv[1]:		-s
[runlim] argv[2]:		04
[runlim] argv[3]:		/experiments/results/confidence.c/04/counterSharp/amm.dimacs
[runlim] start:			Mon Aug  8 17:39:14 2022
[runlim] main pid:		1065
[runlim] end:			Mon Aug  8 17:39:17 2022
[runlim] status:		ok
[runlim] result:		0
[runlim] children:		0
[runlim] real:			3.63 seconds
[runlim] time:			2.97 seconds
[runlim] space:			12.8 MB
[runlim] samples:		30
** AMH **
[runlim] version:		1.10
[runlim] time limit:		311040000 seconds
[runlim] real time limit:	300 seconds
[runlim] space limit:		2048 MB
[runlim] argv[0]:		approxmc
[runlim] argv[1]:		-s
[runlim] argv[2]:		04
[runlim] argv[3]:		/experiments/results/confidence.c/04/counterSharp/amh.dimacs
[runlim] start:			Mon Aug  8 17:39:17 2022
[runlim] main pid:		1067
[runlim] end:			Mon Aug  8 17:39:21 2022
[runlim] status:		ok
[runlim] result:		0
[runlim] children:		0
[runlim] real:			4.57 seconds
[runlim] time:			3.88 seconds
[runlim] space:			14.6 MB
[runlim] samples:		39
** ASM **
[runlim] version:		1.10
[runlim] time limit:		311040000 seconds
[runlim] real time limit:	300 seconds
[runlim] space limit:		2048 MB
[runlim] argv[0]:		approxmc
[runlim] argv[1]:		-s
[runlim] argv[2]:		04
[runlim] argv[3]:		/experiments/results/confidence.c/04/counterSharp/asm.dimacs
[runlim] start:			Mon Aug  8 17:39:21 2022
[runlim] main pid:		1069
[runlim] end:			Mon Aug  8 17:39:21 2022
[runlim] status:		ok
[runlim] result:		0
[runlim] children:		0
[runlim] real:			0.73 seconds
[runlim] time:			0.00 seconds
[runlim] space:			7.0 MB
[runlim] samples:		1
** ASH **
[runlim] version:		1.10
[runlim] time limit:		311040000 seconds
[runlim] real time limit:	300 seconds
[runlim] space limit:		2048 MB
[runlim] argv[0]:		approxmc
[runlim] argv[1]:		-s
[runlim] argv[2]:		04
[runlim] argv[3]:		/experiments/results/confidence.c/04/counterSharp/ash.dimacs
[runlim] start:			Mon Aug  8 17:39:21 2022
[runlim] main pid:		1071
[runlim] end:			Mon Aug  8 17:39:26 2022
[runlim] status:		ok
[runlim] result:		0
[runlim] children:		0
[runlim] real:			5.06 seconds
[runlim] time:			4.26 seconds
[runlim] space:			12.9 MB
[runlim] samples:		43
