** CON **
c ApproxMC SHA revision efa1667e4e09b2d5f2c61042efe377ce3107fdd3
c ApproxMC version 4.0.1
c ApproxMC compilation env CMAKE_CXX_COMPILER = /usr/bin/c++ | CMAKE_CXX_FLAGS =  -Wall -Wextra -Wunused -Wsign-compare -fno-omit-frame-pointer -Wtype-limits -Wuninitialized -Wno-deprecated -Wstrict-aliasing -Wpointer-arith -fvisibility=hidden -Wpointer-arith -Wformat-nonliteral -Winit-self -Wparentheses -Wunreachable-code -g -fvisibility=hidden -Wlogical-op -Wrestrict -Wnull-dereference -Wdouble-promotion -Wshadow -Wformat=2 -Wextra-semi -pedantic | COMPILE_DEFINES =  -DBOOST_TEST_DYN_LINK | STATICCOMPILE = OFF | Boost_FOUND = TRUE | ZLIB_FOUND = TRUE | VALGRIND_FOUND =  | GMP_FOUND = TRUE | ENABLE_ASSERTIONS = ON | MY_TARGETS =  | compilation date time = Aug  8 2022 16:18:18
c ApproxMC compiled with gcc version 9.4.0
c CryptoMiniSat version 5.11.0
c CMS Copyright (C) 2009-2020 Authors of CryptoMiniSat, see AUTHORS file
c CMS SHA revision 716b89be078f98fb615cf30a1f663b4903c08d9d
c CMS is MIT licensed
c Using VMTF code by Armin Biere from CaDiCaL
c Using Yalsat by Armin Biere, see Balint et al. Improving implementation of SLS solvers [...], SAT'14
c Using WalkSAT by Henry Kautz, see Kautz and Selman Pushing the envelope: planning, propositional logic, and stochastic search, AAAI'96,
c Using code from 'When Boolean Satisfiability Meets Gauss-E. in a Simplex Way'
c       by C.-S. Han and J.-H. Roland Jiang in CAV 2012. Fixes by M. Soos
c Using CCAnr from 'CCAnr: A Conf. Checking Based Local Search Solver [...]'
c       by Shaowei Cai, Chuan Luo, and Kaile Su, SAT 2015
c CMS compilation env CMAKE_CXX_COMPILER = /usr/bin/c++ | CMAKE_CXX_FLAGS =  -fvisibility=hidden -Wall -Wextra -Wunused -Wsign-compare -fno-omit-frame-pointer -Wtype-limits -Wuninitialized -Wno-deprecated -Wstrict-aliasing -Wpointer-arith -Wpointer-arith -Wformat-nonliteral -Winit-self -Wparentheses -Wunreachable-code -g -Wno-class-memaccess -mpopcnt -msse4.2 -ggdb3 -Wlogical-op -Wrestrict -Wnull-dereference -Wdouble-promotion -Wshadow -Wformat=2 -Wextra-semi -pedantic | COMPILE_DEFINES =  -DRDB0_ONLY_FEATURES -DBOOST_TEST_DYN_LINK -DUSE_ZLIB -DYALSAT_FPU | STATICCOMPILE = OFF | ONLY_SIMPLE = OFF | Boost_FOUND = TRUE | STATS = OFF | SQLITE3_FOUND = FALSE | ZLIB_FOUND = TRUE | VALGRIND_FOUND =  | ENABLE_TESTING = OFF | M4RI_FOUND =  | NOM4RI = ON | SLOW_DEBUG = OFF | ENABLE_ASSERTIONS = ON | PYTHON_EXECUTABLE =  | PYTHON_LIBRARY =  | PYTHON_INCLUDE_DIRS =  | MY_TARGETS =  | LARGEMEM = OFF | LIMITMEM = OFF | BREAKID_LIBRARIES =  | BREAKID-VER = . | BOSPHORUS_LIBRARIES =  | BOSPH-VER = . | compilation date time = Aug  8 2022 16:16:45
c CMS compiled with gcc version 9.4.0
c executed with command line: approxmc -s 04 /experiments/results/confidence.c/04/counterSharp/con.dimacs
c Arjun SHA revision 416b100492d00bc51dbe98963e981906ddb47d83
c -- header says num vars:           3163
c -- header says num clauses:       14312
c WARNING: Empty line at line number 14373 -- this is not part of the DIMACS specifications (http://www.satcompetition.org/2009/format-benchmarks2009.html). Ignoring.
c -- clauses added: 14312
c -- xor clauses added: 0
c -- vars added 3163
c Original sampling vars: 69 70 71 72 73 74 75 76 77 78 79 80 81 82 83 84 85 86 87 88 89 90 91 92 93 94 95 96 97 98 99 100 
c [appmc] Orig sampling vars size: 32
c --> Executing OCC strategy token(s): 'occ-xor,'
c [occ] mem usage for occur      0 MB
c [occ] Linked in IRRED BIN by default: 2111
c [occ] Linked in RED   BIN by default: 0
c [occ] mem usage for occur      0 MB
c Mem for watch alloc      : 0           MB (4.91      %)
c Mem for watch array      : 0           MB (2.58      %)
c --> Executing OCC strategy token: occ-xor
c [occ-xor] sort occur list T: 0.00
c [xor-clean-equiv] removed equivalent xors: 0 left with: 131
c [occ-xor] found    131 avg sz 3.0 min sz  3 max sz  3 T: 0.00 T-out: N T-r: 99.99%
c [occ] mem usage for occur      0 MB
c [occ] Linked in IRRED BIN by default: 2111
c [occ] Linked in RED   BIN by default: 0
c [occ] mem usage for occur      0 MB
c Mem for watch alloc      : 0           MB (4.64      %)
c Mem for watch array      : 0           MB (2.44      %)
c [occ-gates] found:   180 avg-s: 2.0 T: 0.00 T-out: N T-r: 99.76%
c [occ] mem usage for occur      0 MB
c [occ] Linked in IRRED BIN by default: 2111
c [occ] Linked in RED   BIN by default: 0
c [occ] mem usage for occur      0 MB
c Mem for watch alloc      : 0           MB (4.64      %)
c Mem for watch array      : 0           MB (2.44      %)
c [arjun-simp] GATE-based Potential was: 0 Non-zero OCCs were: 0 removed: 0 perc: 0.00 T: 0.01
c [occ] mem usage for occur      0 MB
c [occ] Linked in IRRED BIN by default: 2111
c [occ] Linked in RED   BIN by default: 0
c [occ] mem usage for occur      0 MB
c Mem for watch alloc      : 0           MB (4.64      %)
c Mem for watch array      : 0           MB (2.44      %)
c [gate-definable] no-cls-match-filt: 8 pico ran: 0 unsat: 0 0-occ: 0 too-many-occ: 0 empty-res: 0
c [arjun-simp] IRREG-GATE-based removed: 24 perc: 75.00 T: 0.00
c [occ] mem usage for occur      0 MB
c [occ] Linked in IRRED BIN by default: 2111
c [occ] Linked in RED   BIN by default: 0
c [occ] mem usage for occur      0 MB
c Mem for watch alloc      : 0           MB (4.64      %)
c Mem for watch array      : 0           MB (2.44      %)
c [cms-equiv-sub] equiv_subformula: 0 empty_occ: 0 T: 0.00
c [arjun-simp] equiv-subform removed: 0 perc: 0.00 total equiv_subform now: 0 T: 0.00
c [arjun-simp] CMS::simplify() with no BVE, intree probe...
c [arjun-simp] CMS::simplify() with no BVE finished. T: 0.00
c [arjun-simp] Removed eq lits: 0 new size: 8
c [arjun-simp] Removed set       : 0 new size: 8
c [arjun-simp] Removed set       : 0 new size: 8
c [arjun-simp] Removed eq lits: 0 new size: 8
c [arjun-simp] probe removed: 0 perc: 0.00 T: 0.00
c [occ] mem usage for occur      0 MB
c [occ] Linked in IRRED BIN by default: 608
c [occ] Linked in RED   BIN by default: 13
c [occ] mem usage for occur      0 MB
c Mem for watch alloc      : 0           MB (5.05      %)
c Mem for watch array      : 0           MB (1.80      %)
c [cms-equiv-sub] equiv_subformula: 0 empty_occ: 0 T: 0.00
c [arjun-simp] equiv-subform removed: 0 perc: 0.00 total equiv_subform now: 0 T: 0.00
c [arjun-simp] IRREG-GATE-based removed: 0 perc: 0.00 T: 0.00
c [arjun] simplification finished  removed: 24 perc: 75.00 T: 0.02
c [arjun] Duplicating CNF...
c [arjun] Duplicated CNF. T: 0.00
c [arjun] CMS::simplify() with *only* BVE...
c [arjun] CMS::simplify() with *only* BVE finished. T: 0.03
c [arjun] Adding fixed clauses time: 0.00
c [arjun] Start unknown size: 8
c [arjun] backward round finished T: 0.00
c [arjun] get_indep_set finished T: 0.04
c ind 3070 3069 848 847 846 845 3068 620 0
c [arjun] final set size:            8 percent of original: 25.0000 %
c [arjun] of which empty occs:       0 percent of original: 0.0000 %
c [appmc] Sampling set size: 8
c [appmc] Sampling set: 620, 845, 846, 847, 848, 3068, 3069, 3070, 
c [appmc] threshold set to 72 sparse: 0
c [appmc] Starting up, initial measurement
c [appmc] Checking if there are at least threshold+1 solutions...
c [appmc] simplifying
c [appmc] [    0.02 ] bounded_sol_count looking for   73 solutions -- hashes active: 0
c [appmc] repeat solutions:      0 checked:      0 out of:      0
c [appmc] Starting at hash count: 1
c [appmc] [    0.02 ] round:  0 hashes:      1
c [appmc] [    0.02 ] bounded_sol_count looking for   73 solutions -- hashes active: 1
c [appmc] repeat solutions:     24 checked:     73 out of:     73
c [appmc] [    0.02 ] round:  0 hashes:      2
c [appmc] [    0.02 ] bounded_sol_count looking for   73 solutions -- hashes active: 2
c [appmc] repeat solutions:     35 checked:    122 out of:    122
c [appmc] simplifying
c [appmc] [    0.02 ] round:  1 hashes:      2
c [appmc] [    0.02 ] bounded_sol_count looking for   73 solutions -- hashes active: 2
c [appmc] repeat solutions:     16 checked:     73 out of:     73
c [appmc] [    0.02 ] round:  1 hashes:      1
c [appmc] [    0.02 ] bounded_sol_count looking for   73 solutions -- hashes active: 1
c [appmc] repeat solutions:     79 checked:     73 out of:    118
c [appmc] simplifying
c [appmc] [    0.02 ] round:  2 hashes:      2
c [appmc] [    0.02 ] bounded_sol_count looking for   73 solutions -- hashes active: 2
c [appmc] repeat solutions:     16 checked:     73 out of:     73
c [appmc] [    0.02 ] round:  2 hashes:      1
c [appmc] [    0.02 ] bounded_sol_count looking for   73 solutions -- hashes active: 1
c [appmc] repeat solutions:     83 checked:     73 out of:    118
c [appmc] simplifying
c [appmc] [    0.03 ] round:  3 hashes:      2
c [appmc] [    0.03 ] bounded_sol_count looking for   73 solutions -- hashes active: 2
c [appmc] repeat solutions:     15 checked:     73 out of:     73
c [appmc] [    0.03 ] round:  3 hashes:      1
c [appmc] [    0.03 ] bounded_sol_count looking for   73 solutions -- hashes active: 1
c [appmc] repeat solutions:     79 checked:     73 out of:    117
c [appmc] simplifying
c [appmc] [    0.03 ] round:  4 hashes:      2
c [appmc] [    0.03 ] bounded_sol_count looking for   73 solutions -- hashes active: 2
c [appmc] repeat solutions:     19 checked:     73 out of:     73
c [appmc] [    0.03 ] round:  4 hashes:      1
c [appmc] [    0.03 ] bounded_sol_count looking for   73 solutions -- hashes active: 1
c [appmc] repeat solutions:     78 checked:     73 out of:    114
c [appmc] simplifying
c [appmc] [    0.03 ] round:  5 hashes:      2
c [appmc] [    0.03 ] bounded_sol_count looking for   73 solutions -- hashes active: 2
c [appmc] repeat solutions:     21 checked:     73 out of:     73
c [appmc] [    0.03 ] round:  5 hashes:      1
c [appmc] [    0.03 ] bounded_sol_count looking for   73 solutions -- hashes active: 1
c [appmc] repeat solutions:     77 checked:     73 out of:    114
c [appmc] simplifying
c [appmc] [    0.03 ] round:  6 hashes:      2
c [appmc] [    0.03 ] bounded_sol_count looking for   73 solutions -- hashes active: 2
c [appmc] repeat solutions:     20 checked:     73 out of:     73
c [appmc] [    0.03 ] round:  6 hashes:      1
c [appmc] [    0.03 ] bounded_sol_count looking for   73 solutions -- hashes active: 1
c [appmc] repeat solutions:     80 checked:     73 out of:    115
c [appmc] simplifying
c [appmc] [    0.03 ] round:  7 hashes:      2
c [appmc] [    0.03 ] bounded_sol_count looking for   73 solutions -- hashes active: 2
c [appmc] repeat solutions:     36 checked:     73 out of:     73
c [appmc] [    0.03 ] round:  7 hashes:      3
c [appmc] [    0.03 ] bounded_sol_count looking for   73 solutions -- hashes active: 3
c [appmc] repeat solutions:     37 checked:    110 out of:    110
c [appmc] simplifying
c [appmc] [    0.04 ] round:  8 hashes:      3
c [appmc] [    0.04 ] bounded_sol_count looking for   73 solutions -- hashes active: 3
c [appmc] repeat solutions:     14 checked:     73 out of:     73
c [appmc] [    0.04 ] round:  8 hashes:      2
c [appmc] [    0.04 ] bounded_sol_count looking for   73 solutions -- hashes active: 2
c [appmc] repeat solutions:     36 checked:     73 out of:     91
c [appmc] [    0.04 ] round:  8 hashes:      1
c [appmc] [    0.04 ] bounded_sol_count looking for   73 solutions -- hashes active: 1
c [appmc] repeat solutions:     80 checked:     73 out of:    117
c [appmc] ApproxMC T: 0.04 s
c ------- FINAL TOTAL SEARCH STATS ---------
c UIP search time          : 0.00        (0.00      % time)
c restarts                 : 525         (0.85      confls per restart)
c blocked restarts         : 0           (0.00      per normal restart)
c time                     : 0.00        
c decisions                : 2192        (0.00      % random)
c propagations             : 7714        (0         props/s)
c decisions/conflicts      : 4.93        
c conflicts                : 445         
c conf lits non-minim      : 3204        (7.20      lit/confl)
c conf lits final          : 6.63        
c red which0               : 42          (9.44      % of confl)
c props/decision           : 0.00        
c props/conflict           : 0.00        
c 0-depth assigns          : 1988        (13253.33  % vars)
c 0-depth assigns by CNF   : 1987        (13246.67  % vars)
c reduceDB time            : 0.00        (0.00      % time)
c OccSimplifier time       : 0.00        (0.35      % time)
c [occur] 0.00 is overhead
c [occur] link-in T: 0.00 cleanup T: 0.00
c [occ-substr] long subBySub: 513 subByStr: 306 lits-rem-str: 477 T: 0.00
c SCC time                 : 0.00        (0.35      % time)
c [scc] new: 734 BP 0M  T: 0.00
c vrep replace time        : 0.00        (0.00      % time)
c vrep tree roots          : 57          
c vrep trees' crown        : 714         (12.53     leafs/tree)
c distill long time        : 0.00        (0.00      % time)
c distill bin time         : 0.00        (0.00      % time)
c strength cache-irred time: 0.00        (0.00      % time)
c strength cache-red time  : 0.00        (0.00      % time)
c avg cls in red 0         : 0.58        
c avg cls in red 1         : 22.84       
c avg cls in red 2         : 6.87        
c Conflicts in UIP         : 445         (5292.01   confl/time_this_thread)
c Max Memory (rss) used    : 10548 kB    
c Total time (this thread) : 0.08        
c [appmc+arjun] Total time: 0.08
c [appmc] Number of solutions is: 62*2**2
s SATISFIABLE
s mc 248
** AMM **
c ApproxMC SHA revision efa1667e4e09b2d5f2c61042efe377ce3107fdd3
c ApproxMC version 4.0.1
c ApproxMC compilation env CMAKE_CXX_COMPILER = /usr/bin/c++ | CMAKE_CXX_FLAGS =  -Wall -Wextra -Wunused -Wsign-compare -fno-omit-frame-pointer -Wtype-limits -Wuninitialized -Wno-deprecated -Wstrict-aliasing -Wpointer-arith -fvisibility=hidden -Wpointer-arith -Wformat-nonliteral -Winit-self -Wparentheses -Wunreachable-code -g -fvisibility=hidden -Wlogical-op -Wrestrict -Wnull-dereference -Wdouble-promotion -Wshadow -Wformat=2 -Wextra-semi -pedantic | COMPILE_DEFINES =  -DBOOST_TEST_DYN_LINK | STATICCOMPILE = OFF | Boost_FOUND = TRUE | ZLIB_FOUND = TRUE | VALGRIND_FOUND =  | GMP_FOUND = TRUE | ENABLE_ASSERTIONS = ON | MY_TARGETS =  | compilation date time = Aug  8 2022 16:18:18
c ApproxMC compiled with gcc version 9.4.0
c CryptoMiniSat version 5.11.0
c CMS Copyright (C) 2009-2020 Authors of CryptoMiniSat, see AUTHORS file
c CMS SHA revision 716b89be078f98fb615cf30a1f663b4903c08d9d
c CMS is MIT licensed
c Using VMTF code by Armin Biere from CaDiCaL
c Using Yalsat by Armin Biere, see Balint et al. Improving implementation of SLS solvers [...], SAT'14
c Using WalkSAT by Henry Kautz, see Kautz and Selman Pushing the envelope: planning, propositional logic, and stochastic search, AAAI'96,
c Using code from 'When Boolean Satisfiability Meets Gauss-E. in a Simplex Way'
c       by C.-S. Han and J.-H. Roland Jiang in CAV 2012. Fixes by M. Soos
c Using CCAnr from 'CCAnr: A Conf. Checking Based Local Search Solver [...]'
c       by Shaowei Cai, Chuan Luo, and Kaile Su, SAT 2015
c CMS compilation env CMAKE_CXX_COMPILER = /usr/bin/c++ | CMAKE_CXX_FLAGS =  -fvisibility=hidden -Wall -Wextra -Wunused -Wsign-compare -fno-omit-frame-pointer -Wtype-limits -Wuninitialized -Wno-deprecated -Wstrict-aliasing -Wpointer-arith -Wpointer-arith -Wformat-nonliteral -Winit-self -Wparentheses -Wunreachable-code -g -Wno-class-memaccess -mpopcnt -msse4.2 -ggdb3 -Wlogical-op -Wrestrict -Wnull-dereference -Wdouble-promotion -Wshadow -Wformat=2 -Wextra-semi -pedantic | COMPILE_DEFINES =  -DRDB0_ONLY_FEATURES -DBOOST_TEST_DYN_LINK -DUSE_ZLIB -DYALSAT_FPU | STATICCOMPILE = OFF | ONLY_SIMPLE = OFF | Boost_FOUND = TRUE | STATS = OFF | SQLITE3_FOUND = FALSE | ZLIB_FOUND = TRUE | VALGRIND_FOUND =  | ENABLE_TESTING = OFF | M4RI_FOUND =  | NOM4RI = ON | SLOW_DEBUG = OFF | ENABLE_ASSERTIONS = ON | PYTHON_EXECUTABLE =  | PYTHON_LIBRARY =  | PYTHON_INCLUDE_DIRS =  | MY_TARGETS =  | LARGEMEM = OFF | LIMITMEM = OFF | BREAKID_LIBRARIES =  | BREAKID-VER = . | BOSPHORUS_LIBRARIES =  | BOSPH-VER = . | compilation date time = Aug  8 2022 16:16:45
c CMS compiled with gcc version 9.4.0
c executed with command line: approxmc -s 04 /experiments/results/confidence.c/04/counterSharp/amm.dimacs
c Arjun SHA revision 416b100492d00bc51dbe98963e981906ddb47d83
c -- header says num vars:           3188
c -- header says num clauses:       14409
c WARNING: Empty line at line number 14473 -- this is not part of the DIMACS specifications (http://www.satcompetition.org/2009/format-benchmarks2009.html). Ignoring.
c -- clauses added: 14409
c -- xor clauses added: 0
c -- vars added 3188
c Original sampling vars: 49 50 51 52 53 54 55 56 57 58 59 60 61 62 63 64 65 66 67 68 69 70 71 72 73 74 75 76 77 78 79 80 
c [appmc] Orig sampling vars size: 32
c --> Executing OCC strategy token(s): 'occ-xor,'
c [occ] mem usage for occur      0 MB
c [occ] Linked in IRRED BIN by default: 2923
c [occ] Linked in RED   BIN by default: 0
c [occ] mem usage for occur      0 MB
c Mem for watch alloc      : 0           MB (5.65      %)
c Mem for watch array      : 0           MB (2.50      %)
c --> Executing OCC strategy token: occ-xor
c [occ-xor] sort occur list T: 0.00
c [xor-clean-equiv] removed equivalent xors: 0 left with: 295
c [occ-xor] found    295 avg sz 3.0 min sz  3 max sz  3 T: 0.00 T-out: N T-r: 99.95%
c [occ] mem usage for occur      0 MB
c [occ] Linked in IRRED BIN by default: 2923
c [occ] Linked in RED   BIN by default: 0
c [occ] mem usage for occur      0 MB
c Mem for watch alloc      : 0           MB (5.65      %)
c Mem for watch array      : 0           MB (2.50      %)
c [occ-gates] found:   836 avg-s: 2.0 T: 0.00 T-out: N T-r: 99.16%
c [occ] mem usage for occur      0 MB
c [occ] Linked in IRRED BIN by default: 2923
c [occ] Linked in RED   BIN by default: 0
c [occ] mem usage for occur      0 MB
c Mem for watch alloc      : 0           MB (5.66      %)
c Mem for watch array      : 0           MB (2.50      %)
c [arjun-simp] GATE-based Potential was: 0 Non-zero OCCs were: 0 removed: 0 perc: 0.00 T: 0.01
c [occ] mem usage for occur      0 MB
c [occ] Linked in IRRED BIN by default: 2923
c [occ] Linked in RED   BIN by default: 0
c [occ] mem usage for occur      0 MB
c Mem for watch alloc      : 0           MB (5.39      %)
c Mem for watch array      : 0           MB (2.38      %)
c [gate-definable] no-cls-match-filt: 0 pico ran: 32 unsat: 0 0-occ: 0 too-many-occ: 0 empty-res: 0
c [arjun-simp] IRREG-GATE-based removed: 0 perc: 0.00 T: 0.00
c [occ] mem usage for occur      0 MB
c [occ] Linked in IRRED BIN by default: 2923
c [occ] Linked in RED   BIN by default: 0
c [occ] mem usage for occur      0 MB
c Mem for watch alloc      : 0           MB (5.39      %)
c Mem for watch array      : 0           MB (2.38      %)
c [cms-equiv-sub] equiv_subformula: 0 empty_occ: 0 T: 0.00
c [arjun-simp] equiv-subform removed: 0 perc: 0.00 total equiv_subform now: 0 T: 0.00
c [arjun-simp] CMS::simplify() with no BVE, intree probe...
c [arjun-simp] CMS::simplify() with no BVE finished. T: 0.02
c [arjun-simp] Removed eq lits: 0 new size: 32
c [arjun-simp] Removed set       : 0 new size: 32
c [arjun-simp] Removed set       : 0 new size: 32
c [arjun-simp] Removed eq lits: 0 new size: 32
c [arjun-simp] probe removed: 0 perc: 0.00 T: 0.00
c [occ] mem usage for occur      0 MB
c [occ] Linked in IRRED BIN by default: 2288
c [occ] Linked in RED   BIN by default: 5
c [occ] mem usage for occur      0 MB
c Mem for watch alloc      : 0           MB (6.29      %)
c Mem for watch array      : 0           MB (1.78      %)
c [cms-equiv-sub] equiv_subformula: 0 empty_occ: 0 T: 0.00
c [arjun-simp] equiv-subform removed: 0 perc: 0.00 total equiv_subform now: 0 T: 0.00
c [arjun-simp] IRREG-GATE-based removed: 0 perc: 0.00 T: 0.00
c [arjun] simplification finished  removed: 0 perc: 0.00 T: 0.04
c [arjun] Duplicating CNF...
c [arjun] Duplicated CNF. T: 0.01
c [arjun] CMS::simplify() with *only* BVE...
c [arjun] CMS::simplify() with *only* BVE finished. T: 0.60
c [arjun] Adding fixed clauses time: 0.00
c [arjun] Start unknown size: 32
c [arjun] backward round finished T: 0.01
c [arjun] get_indep_set finished T: 0.66
c ind 3099 3098 3097 3100 3123 3122 3121 3120 3119 3118 3117 3116 3115 3114 3113 3112 3111 3110 3109 3108 3107 3106 3105 3104 3103 3102 3096 3095 3101 3094 16 3125 0
c [arjun] final set size:           32 percent of original: 100.0000 %
c [arjun] of which empty occs:       0 percent of original: 0.0000 %
c [appmc] Sampling set size: 32
c [appmc] Sampling set: 16, 3094, 3095, 3096, 3097, 3098, 3099, 3100, 3101, 3102, 3103, 3104, 3105, 3106, 3107, 3108, 3109, 3110, 3111, 3112, 3113, 3114, 3115, 3116, 3117, 3118, 3119, 3120, 3121, 3122, 3123, 3125, 
c [appmc] threshold set to 72 sparse: 0
c [appmc] Starting up, initial measurement
c [appmc] Checking if there are at least threshold+1 solutions...
c [appmc] simplifying
c [appmc] [    0.37 ] bounded_sol_count looking for   73 solutions -- hashes active: 0
c [appmc] repeat solutions:      0 checked:      0 out of:      0
c [appmc] Starting at hash count: 1
c [appmc] [    0.40 ] round:  0 hashes:      1
c [appmc] [    0.40 ] bounded_sol_count looking for   73 solutions -- hashes active: 1
c [appmc] repeat solutions:     39 checked:     73 out of:     73
c [appmc] [    0.41 ] round:  0 hashes:      2
c [appmc] [    0.41 ] bounded_sol_count looking for   73 solutions -- hashes active: 2
c [appmc] repeat solutions:     37 checked:    107 out of:    107
c [appmc] [    0.42 ] round:  0 hashes:      4
c [appmc] [    0.42 ] bounded_sol_count looking for   73 solutions -- hashes active: 4
c [appmc] repeat solutions:     19 checked:    143 out of:    143
c [appmc] [    0.44 ] round:  0 hashes:      8
c [appmc] [    0.44 ] bounded_sol_count looking for   73 solutions -- hashes active: 8
c [appmc] repeat solutions:      8 checked:    197 out of:    197
c [appmc] [    0.47 ] round:  0 hashes:     16
c [appmc] [    0.47 ] bounded_sol_count looking for   73 solutions -- hashes active: 16
c [appmc] repeat solutions:      0 checked:    262 out of:    262
c [appmc] [    0.50 ] round:  0 hashes:     24
c [appmc] [    0.50 ] bounded_sol_count looking for   73 solutions -- hashes active: 24
c [appmc] repeat solutions:      0 checked:    335 out of:    335
c [appmc] [    0.53 ] round:  0 hashes:     28
c [appmc] [    0.53 ] bounded_sol_count looking for   73 solutions -- hashes active: 28
c [appmc] repeat solutions:      5 checked:    408 out of:    408
c [appmc] [    0.54 ] round:  0 hashes:     26
c [appmc] [    0.54 ] bounded_sol_count looking for   73 solutions -- hashes active: 26
c [appmc] repeat solutions:     22 checked:    408 out of:    411
c [appmc] [    0.54 ] round:  0 hashes:     25
c [appmc] [    0.54 ] bounded_sol_count looking for   73 solutions -- hashes active: 25
c [appmc] repeat solutions:     50 checked:    408 out of:    421
c [appmc] simplifying
c [appmc] [    0.73 ] round:  1 hashes:     25
c [appmc] [    0.73 ] bounded_sol_count looking for   73 solutions -- hashes active: 25
c [appmc] repeat solutions:      0 checked:     73 out of:     73
c [appmc] [    0.77 ] round:  1 hashes:     24
c [appmc] [    0.77 ] bounded_sol_count looking for   73 solutions -- hashes active: 24
c [appmc] repeat solutions:     64 checked:     73 out of:    137
c [appmc] simplifying
c [appmc] [    0.94 ] round:  2 hashes:     25
c [appmc] [    0.94 ] bounded_sol_count looking for   73 solutions -- hashes active: 25
c [appmc] repeat solutions:      0 checked:     73 out of:     73
c [appmc] [    0.97 ] round:  2 hashes:     24
c [appmc] [    0.97 ] bounded_sol_count looking for   73 solutions -- hashes active: 24
c [appmc] repeat solutions:     64 checked:     73 out of:    137
c [appmc] simplifying
c [appmc] [    1.14 ] round:  3 hashes:     25
c [appmc] [    1.14 ] bounded_sol_count looking for   73 solutions -- hashes active: 25
c [appmc] repeat solutions:      0 checked:     73 out of:     73
c [appmc] [    1.17 ] round:  3 hashes:     24
c [appmc] [    1.17 ] bounded_sol_count looking for   73 solutions -- hashes active: 24
c [appmc] repeat solutions:     64 checked:     73 out of:    137
c [appmc] simplifying
c [appmc] [    1.32 ] round:  4 hashes:     25
c [appmc] [    1.32 ] bounded_sol_count looking for   73 solutions -- hashes active: 25
c [appmc] repeat solutions:      0 checked:     73 out of:     73
c [appmc] [    1.35 ] round:  4 hashes:     24
c [appmc] [    1.35 ] bounded_sol_count looking for   73 solutions -- hashes active: 24
c [appmc] repeat solutions:     64 checked:     73 out of:    137
c [appmc] simplifying
c [appmc] [    1.54 ] round:  5 hashes:     25
c [appmc] [    1.54 ] bounded_sol_count looking for   73 solutions -- hashes active: 25
c [appmc] repeat solutions:      0 checked:     73 out of:     73
c [appmc] [    1.58 ] round:  5 hashes:     24
c [appmc] [    1.58 ] bounded_sol_count looking for   73 solutions -- hashes active: 24
c [appmc] repeat solutions:     64 checked:     73 out of:    137
c [appmc] simplifying
c [appmc] [    1.77 ] round:  6 hashes:     25
c [appmc] [    1.77 ] bounded_sol_count looking for   73 solutions -- hashes active: 25
c [appmc] repeat solutions:      0 checked:     73 out of:     73
c [appmc] [    1.80 ] round:  6 hashes:     24
c [appmc] [    1.80 ] bounded_sol_count looking for   73 solutions -- hashes active: 24
c [appmc] repeat solutions:     64 checked:     73 out of:    137
c [appmc] simplifying
c [appmc] [    1.98 ] round:  7 hashes:     25
c [appmc] [    1.98 ] bounded_sol_count looking for   73 solutions -- hashes active: 25
c [appmc] repeat solutions:      0 checked:     73 out of:     73
c [appmc] [    2.01 ] round:  7 hashes:     24
c [appmc] [    2.01 ] bounded_sol_count looking for   73 solutions -- hashes active: 24
c [appmc] repeat solutions:     64 checked:     73 out of:    137
c [appmc] simplifying
c [appmc] [    2.18 ] round:  8 hashes:     25
c [appmc] [    2.18 ] bounded_sol_count looking for   73 solutions -- hashes active: 25
c [appmc] repeat solutions:      0 checked:     73 out of:     73
c [appmc] [    2.21 ] round:  8 hashes:     24
c [appmc] [    2.21 ] bounded_sol_count looking for   73 solutions -- hashes active: 24
c [appmc] repeat solutions:     64 checked:     73 out of:    137
c [appmc] ApproxMC T: 2.21 s
c ------- FINAL TOTAL SEARCH STATS ---------
c UIP search time          : 0.38        (13.03     % time)
c restarts                 : 1030        (1.22      confls per restart)
c blocked restarts         : 0           (0.00      per normal restart)
c time                     : 0.38        
c decisions                : 139278      (0.00      % random)
c propagations             : 1481K       (3934K     props/s)
c decisions/conflicts      : 110.89      
c conflicts                : 1256        
c conf lits non-minim      : 50995       (40.60     lit/confl)
c conf lits final          : 29.34       
c red which0               : 12          (0.96      % of confl)
c props/decision           : 0.00        
c props/conflict           : 0.00        
c 0-depth assigns          : 493         (34.09     % vars)
c 0-depth assigns by CNF   : 493         (34.09     % vars)
c reduceDB time            : 0.00        (0.00      % time)
c OccSimplifier time       : 0.64        (22.32     % time)
c [occur] 0.04 is overhead
c [occur] link-in T: 0.02 cleanup T: 0.01
c [occ-substr] long subBySub: 1597 subByStr: 9634 lits-rem-str: 20588 T: 0.56
c SCC time                 : 0.00        (0.00      % time)
c [scc] new: 240 BP 0M  T: 0.00
c vrep replace time        : 0.00        (0.04      % time)
c vrep tree roots          : 77          
c vrep trees' crown        : 240         (3.12      leafs/tree)
c distill long time        : 0.00        (0.00      % time)
c distill bin time         : 0.00        (0.00      % time)
c strength cache-irred time: 0.00        (0.00      % time)
c strength cache-red time  : 0.00        (0.00      % time)
c avg cls in red 0         : 17.58       
c avg cls in red 1         : 737.44      
c avg cls in red 2         : 147.93      
c Conflicts in UIP         : 1256        (434.71    confl/time_this_thread)
c Max Memory (rss) used    : 14548 kB    
c Total time (this thread) : 2.89        
c [appmc+arjun] Total time: 2.89
c [appmc] Number of solutions is: 64*2**25
s SATISFIABLE
s mc 2147483648
** AMH **
c ApproxMC SHA revision efa1667e4e09b2d5f2c61042efe377ce3107fdd3
c ApproxMC version 4.0.1
c ApproxMC compilation env CMAKE_CXX_COMPILER = /usr/bin/c++ | CMAKE_CXX_FLAGS =  -Wall -Wextra -Wunused -Wsign-compare -fno-omit-frame-pointer -Wtype-limits -Wuninitialized -Wno-deprecated -Wstrict-aliasing -Wpointer-arith -fvisibility=hidden -Wpointer-arith -Wformat-nonliteral -Winit-self -Wparentheses -Wunreachable-code -g -fvisibility=hidden -Wlogical-op -Wrestrict -Wnull-dereference -Wdouble-promotion -Wshadow -Wformat=2 -Wextra-semi -pedantic | COMPILE_DEFINES =  -DBOOST_TEST_DYN_LINK | STATICCOMPILE = OFF | Boost_FOUND = TRUE | ZLIB_FOUND = TRUE | VALGRIND_FOUND =  | GMP_FOUND = TRUE | ENABLE_ASSERTIONS = ON | MY_TARGETS =  | compilation date time = Aug  8 2022 16:18:18
c ApproxMC compiled with gcc version 9.4.0
c CryptoMiniSat version 5.11.0
c CMS Copyright (C) 2009-2020 Authors of CryptoMiniSat, see AUTHORS file
c CMS SHA revision 716b89be078f98fb615cf30a1f663b4903c08d9d
c CMS is MIT licensed
c Using VMTF code by Armin Biere from CaDiCaL
c Using Yalsat by Armin Biere, see Balint et al. Improving implementation of SLS solvers [...], SAT'14
c Using WalkSAT by Henry Kautz, see Kautz and Selman Pushing the envelope: planning, propositional logic, and stochastic search, AAAI'96,
c Using code from 'When Boolean Satisfiability Meets Gauss-E. in a Simplex Way'
c       by C.-S. Han and J.-H. Roland Jiang in CAV 2012. Fixes by M. Soos
c Using CCAnr from 'CCAnr: A Conf. Checking Based Local Search Solver [...]'
c       by Shaowei Cai, Chuan Luo, and Kaile Su, SAT 2015
c CMS compilation env CMAKE_CXX_COMPILER = /usr/bin/c++ | CMAKE_CXX_FLAGS =  -fvisibility=hidden -Wall -Wextra -Wunused -Wsign-compare -fno-omit-frame-pointer -Wtype-limits -Wuninitialized -Wno-deprecated -Wstrict-aliasing -Wpointer-arith -Wpointer-arith -Wformat-nonliteral -Winit-self -Wparentheses -Wunreachable-code -g -Wno-class-memaccess -mpopcnt -msse4.2 -ggdb3 -Wlogical-op -Wrestrict -Wnull-dereference -Wdouble-promotion -Wshadow -Wformat=2 -Wextra-semi -pedantic | COMPILE_DEFINES =  -DRDB0_ONLY_FEATURES -DBOOST_TEST_DYN_LINK -DUSE_ZLIB -DYALSAT_FPU | STATICCOMPILE = OFF | ONLY_SIMPLE = OFF | Boost_FOUND = TRUE | STATS = OFF | SQLITE3_FOUND = FALSE | ZLIB_FOUND = TRUE | VALGRIND_FOUND =  | ENABLE_TESTING = OFF | M4RI_FOUND =  | NOM4RI = ON | SLOW_DEBUG = OFF | ENABLE_ASSERTIONS = ON | PYTHON_EXECUTABLE =  | PYTHON_LIBRARY =  | PYTHON_INCLUDE_DIRS =  | MY_TARGETS =  | LARGEMEM = OFF | LIMITMEM = OFF | BREAKID_LIBRARIES =  | BREAKID-VER = . | BOSPHORUS_LIBRARIES =  | BOSPH-VER = . | compilation date time = Aug  8 2022 16:16:45
c CMS compiled with gcc version 9.4.0
c executed with command line: approxmc -s 04 /experiments/results/confidence.c/04/counterSharp/amh.dimacs
c Arjun SHA revision 416b100492d00bc51dbe98963e981906ddb47d83
c -- header says num vars:           3188
c -- header says num clauses:       14409
c WARNING: Empty line at line number 14473 -- this is not part of the DIMACS specifications (http://www.satcompetition.org/2009/format-benchmarks2009.html). Ignoring.
c -- clauses added: 14409
c -- xor clauses added: 0
c -- vars added 3188
c Original sampling vars: 49 50 51 52 53 54 55 56 57 58 59 60 61 62 63 64 65 66 67 68 69 70 71 72 73 74 75 76 77 78 79 80 
c [appmc] Orig sampling vars size: 32
c --> Executing OCC strategy token(s): 'occ-xor,'
c [occ] mem usage for occur      0 MB
c [occ] Linked in IRRED BIN by default: 3132
c [occ] Linked in RED   BIN by default: 0
c [occ] mem usage for occur      0 MB
c Mem for watch alloc      : 0           MB (5.56      %)
c Mem for watch array      : 0           MB (2.44      %)
c --> Executing OCC strategy token: occ-xor
c [occ-xor] sort occur list T: 0.00
c [xor-clean-equiv] removed equivalent xors: 0 left with: 306
c [occ-xor] found    306 avg sz 3.0 min sz  3 max sz  3 T: 0.00 T-out: N T-r: 99.95%
c [occ] mem usage for occur      0 MB
c [occ] Linked in IRRED BIN by default: 3132
c [occ] Linked in RED   BIN by default: 0
c [occ] mem usage for occur      0 MB
c Mem for watch alloc      : 0           MB (5.56      %)
c Mem for watch array      : 0           MB (2.44      %)
c [occ-gates] found:   851 avg-s: 2.0 T: 0.00 T-out: N T-r: 99.15%
c [occ] mem usage for occur      0 MB
c [occ] Linked in IRRED BIN by default: 3132
c [occ] Linked in RED   BIN by default: 0
c [occ] mem usage for occur      0 MB
c Mem for watch alloc      : 0           MB (5.56      %)
c Mem for watch array      : 0           MB (2.44      %)
c [arjun-simp] GATE-based Potential was: 0 Non-zero OCCs were: 0 removed: 0 perc: 0.00 T: 0.01
c [occ] mem usage for occur      0 MB
c [occ] Linked in IRRED BIN by default: 3132
c [occ] Linked in RED   BIN by default: 0
c [occ] mem usage for occur      0 MB
c Mem for watch alloc      : 0           MB (5.34      %)
c Mem for watch array      : 0           MB (2.35      %)
c [gate-definable] no-cls-match-filt: 32 pico ran: 0 unsat: 0 0-occ: 0 too-many-occ: 0 empty-res: 0
c [arjun-simp] IRREG-GATE-based removed: 0 perc: 0.00 T: 0.00
c [occ] mem usage for occur      0 MB
c [occ] Linked in IRRED BIN by default: 3132
c [occ] Linked in RED   BIN by default: 0
c [occ] mem usage for occur      0 MB
c Mem for watch alloc      : 0           MB (5.34      %)
c Mem for watch array      : 0           MB (2.35      %)
c [cms-equiv-sub] equiv_subformula: 0 empty_occ: 0 T: 0.00
c [arjun-simp] equiv-subform removed: 0 perc: 0.00 total equiv_subform now: 0 T: 0.00
c [arjun-simp] CMS::simplify() with no BVE, intree probe...
c [arjun-simp] CMS::simplify() with no BVE finished. T: 0.02
c [arjun-simp] Removed eq lits: 0 new size: 32
c [arjun-simp] Removed set       : 0 new size: 32
c [arjun-simp] Removed set       : 1 new size: 31
c [arjun-simp] Removed eq lits: 0 new size: 31
c [arjun-simp] probe removed: 1 perc: 3.12 T: 0.00
c [occ] mem usage for occur      0 MB
c [occ] Linked in IRRED BIN by default: 3080
c [occ] Linked in RED   BIN by default: 43
c [occ] mem usage for occur      0 MB
c Mem for watch alloc      : 0           MB (6.29      %)
c Mem for watch array      : 0           MB (1.74      %)
c [cms-equiv-sub] equiv_subformula: 0 empty_occ: 0 T: 0.00
c [arjun-simp] equiv-subform removed: 0 perc: 0.00 total equiv_subform now: 0 T: 0.00
c [arjun-simp] IRREG-GATE-based removed: 0 perc: 0.00 T: 0.00
c [arjun] simplification finished  removed: 1 perc: 3.12 T: 0.05
c [arjun] Duplicating CNF...
c [arjun] Duplicated CNF. T: 0.00
c [arjun] CMS::simplify() with *only* BVE...
c [arjun] CMS::simplify() with *only* BVE finished. T: 0.87
c [arjun] Adding fixed clauses time: 0.00
c [arjun] Start unknown size: 31
c [arjun] backward round finished T: 0.01
c [arjun] get_indep_set finished T: 0.94
c ind 3123 3122 3121 3120 3119 3118 3117 3116 3115 3114 3113 3112 3111 3110 3109 3108 3107 3106 3105 3104 3103 3102 3101 3100 3099 3098 3097 3096 3095 3094 3125 0
c [arjun] final set size:           31 percent of original: 96.8750 %
c [arjun] of which empty occs:       0 percent of original: 0.0000 %
c [appmc] Sampling set size: 31
c [appmc] Sampling set: 3094, 3095, 3096, 3097, 3098, 3099, 3100, 3101, 3102, 3103, 3104, 3105, 3106, 3107, 3108, 3109, 3110, 3111, 3112, 3113, 3114, 3115, 3116, 3117, 3118, 3119, 3120, 3121, 3122, 3123, 3125, 
c [appmc] threshold set to 72 sparse: 0
c [appmc] Starting up, initial measurement
c [appmc] Checking if there are at least threshold+1 solutions...
c [appmc] simplifying
c [appmc] [    0.55 ] bounded_sol_count looking for   73 solutions -- hashes active: 0
c [appmc] repeat solutions:      0 checked:      0 out of:      0
c [appmc] Starting at hash count: 1
c [appmc] [    0.57 ] round:  0 hashes:      1
c [appmc] [    0.57 ] bounded_sol_count looking for   73 solutions -- hashes active: 1
c [appmc] repeat solutions:     39 checked:     73 out of:     73
c [appmc] [    0.57 ] round:  0 hashes:      2
c [appmc] [    0.57 ] bounded_sol_count looking for   73 solutions -- hashes active: 2
c [appmc] repeat solutions:     36 checked:    107 out of:    107
c [appmc] [    0.58 ] round:  0 hashes:      4
c [appmc] [    0.58 ] bounded_sol_count looking for   73 solutions -- hashes active: 4
c [appmc] repeat solutions:     17 checked:    144 out of:    144
c [appmc] [    0.60 ] round:  0 hashes:      8
c [appmc] [    0.60 ] bounded_sol_count looking for   73 solutions -- hashes active: 8
c [appmc] repeat solutions:      5 checked:    200 out of:    200
c [appmc] [    0.62 ] round:  0 hashes:     16
c [appmc] [    0.62 ] bounded_sol_count looking for   73 solutions -- hashes active: 16
c [appmc] repeat solutions:      0 checked:    268 out of:    268
c [appmc] [    0.64 ] round:  0 hashes:     23
c [appmc] [    0.64 ] bounded_sol_count looking for   73 solutions -- hashes active: 23
c [appmc] repeat solutions:      1 checked:    341 out of:    341
c [appmc] [    0.67 ] round:  0 hashes:     27
c [appmc] [    0.67 ] bounded_sol_count looking for   73 solutions -- hashes active: 27
c [appmc] repeat solutions:      5 checked:    413 out of:    413
c [appmc] [    0.68 ] round:  0 hashes:     25
c [appmc] [    0.68 ] bounded_sol_count looking for   73 solutions -- hashes active: 25
c [appmc] repeat solutions:     30 checked:    413 out of:    424
c [appmc] [    0.69 ] round:  0 hashes:     24
c [appmc] [    0.69 ] bounded_sol_count looking for   73 solutions -- hashes active: 24
c [appmc] repeat solutions:     81 checked:    413 out of:    458
c [appmc] simplifying
c [appmc] [    0.93 ] round:  1 hashes:     25
c [appmc] [    0.93 ] bounded_sol_count looking for   73 solutions -- hashes active: 25
c [appmc] repeat solutions:      0 checked:     73 out of:     73
c [appmc] [    0.96 ] round:  1 hashes:     24
c [appmc] [    0.96 ] bounded_sol_count looking for   73 solutions -- hashes active: 24
c [appmc] repeat solutions:     64 checked:     73 out of:    137
c [appmc] simplifying
c [appmc] [    1.18 ] round:  2 hashes:     25
c [appmc] [    1.18 ] bounded_sol_count looking for   73 solutions -- hashes active: 25
c [appmc] repeat solutions:      0 checked:     73 out of:     73
c [appmc] [    1.21 ] round:  2 hashes:     24
c [appmc] [    1.21 ] bounded_sol_count looking for   73 solutions -- hashes active: 24
c [appmc] repeat solutions:     64 checked:     73 out of:    137
c [appmc] simplifying
c [appmc] [    1.43 ] round:  3 hashes:     25
c [appmc] [    1.43 ] bounded_sol_count looking for   73 solutions -- hashes active: 25
c [appmc] repeat solutions:      0 checked:     73 out of:     73
c [appmc] [    1.46 ] round:  3 hashes:     24
c [appmc] [    1.46 ] bounded_sol_count looking for   73 solutions -- hashes active: 24
c [appmc] repeat solutions:     64 checked:     73 out of:    137
c [appmc] simplifying
c [appmc] [    1.70 ] round:  4 hashes:     25
c [appmc] [    1.70 ] bounded_sol_count looking for   73 solutions -- hashes active: 25
c [appmc] repeat solutions:      0 checked:     73 out of:     73
c [appmc] [    1.73 ] round:  4 hashes:     24
c [appmc] [    1.73 ] bounded_sol_count looking for   73 solutions -- hashes active: 24
c [appmc] repeat solutions:     64 checked:     73 out of:    137
c [appmc] simplifying
c [appmc] [    2.02 ] round:  5 hashes:     25
c [appmc] [    2.02 ] bounded_sol_count looking for   73 solutions -- hashes active: 25
c [appmc] repeat solutions:      0 checked:     73 out of:     73
c [appmc] [    2.05 ] round:  5 hashes:     24
c [appmc] [    2.05 ] bounded_sol_count looking for   73 solutions -- hashes active: 24
c [appmc] repeat solutions:     64 checked:     73 out of:    137
c [appmc] simplifying
c [appmc] [    2.29 ] round:  6 hashes:     25
c [appmc] [    2.29 ] bounded_sol_count looking for   73 solutions -- hashes active: 25
c [appmc] repeat solutions:      0 checked:     73 out of:     73
c [appmc] [    2.31 ] round:  6 hashes:     24
c [appmc] [    2.31 ] bounded_sol_count looking for   73 solutions -- hashes active: 24
c [appmc] repeat solutions:     64 checked:     73 out of:    137
c [appmc] simplifying
c [appmc] [    2.56 ] round:  7 hashes:     25
c [appmc] [    2.56 ] bounded_sol_count looking for   73 solutions -- hashes active: 25
c [appmc] repeat solutions:      0 checked:     73 out of:     73
c [appmc] [    2.58 ] round:  7 hashes:     24
c [appmc] [    2.58 ] bounded_sol_count looking for   73 solutions -- hashes active: 24
c [appmc] repeat solutions:     64 checked:     73 out of:    137
c [appmc] simplifying
c [appmc] [    2.85 ] round:  8 hashes:     25
c [appmc] [    2.85 ] bounded_sol_count looking for   73 solutions -- hashes active: 25
c [appmc] repeat solutions:      0 checked:     73 out of:     73
c [appmc] [    2.87 ] round:  8 hashes:     24
c [appmc] [    2.87 ] bounded_sol_count looking for   73 solutions -- hashes active: 24
c [appmc] repeat solutions:     64 checked:     73 out of:    137
c [appmc] ApproxMC T: 2.88 s
c ------- FINAL TOTAL SEARCH STATS ---------
c UIP search time          : 0.29        (7.62      % time)
c restarts                 : 1052        (1.07      confls per restart)
c blocked restarts         : 0           (0.00      per normal restart)
c time                     : 0.29        
c decisions                : 136806      (0.00      % random)
c propagations             : 1474K       (5034K     props/s)
c decisions/conflicts      : 121.50      
c conflicts                : 1126        
c conf lits non-minim      : 44224       (39.28     lit/confl)
c conf lits final          : 29.43       
c red which0               : 1           (0.09      % of confl)
c props/decision           : 0.00        
c props/conflict           : 0.00        
c 0-depth assigns          : 321         (22.67     % vars)
c 0-depth assigns by CNF   : 316         (22.32     % vars)
c reduceDB time            : 0.00        (0.00      % time)
c OccSimplifier time       : 0.75        (19.48     % time)
c [occur] 0.04 is overhead
c [occur] link-in T: 0.02 cleanup T: 0.01
c [occ-substr] long subBySub: 2589 subByStr: 10518 lits-rem-str: 23466 T: 0.51
c SCC time                 : 0.00        (0.01      % time)
c [scc] new: 273 BP 0M  T: 0.00
c vrep replace time        : 0.00        (0.00      % time)
c vrep tree roots          : 107         
c vrep trees' crown        : 261         (2.44      leafs/tree)
c distill long time        : 0.00        (0.00      % time)
c distill bin time         : 0.00        (0.00      % time)
c strength cache-irred time: 0.00        (0.00      % time)
c strength cache-red time  : 0.00        (0.00      % time)
c avg cls in red 0         : 0.42        
c avg cls in red 1         : 455.32      
c avg cls in red 2         : 123.78      
c Conflicts in UIP         : 1126        (293.00    confl/time_this_thread)
c Max Memory (rss) used    : 15124 kB    
c Total time (this thread) : 3.84        
c [appmc+arjun] Total time: 3.84
c [appmc] Number of solutions is: 64*2**25
s SATISFIABLE
s mc 2147483648
** ASM **
c ApproxMC SHA revision efa1667e4e09b2d5f2c61042efe377ce3107fdd3
c ApproxMC version 4.0.1
c ApproxMC compilation env CMAKE_CXX_COMPILER = /usr/bin/c++ | CMAKE_CXX_FLAGS =  -Wall -Wextra -Wunused -Wsign-compare -fno-omit-frame-pointer -Wtype-limits -Wuninitialized -Wno-deprecated -Wstrict-aliasing -Wpointer-arith -fvisibility=hidden -Wpointer-arith -Wformat-nonliteral -Winit-self -Wparentheses -Wunreachable-code -g -fvisibility=hidden -Wlogical-op -Wrestrict -Wnull-dereference -Wdouble-promotion -Wshadow -Wformat=2 -Wextra-semi -pedantic | COMPILE_DEFINES =  -DBOOST_TEST_DYN_LINK | STATICCOMPILE = OFF | Boost_FOUND = TRUE | ZLIB_FOUND = TRUE | VALGRIND_FOUND =  | GMP_FOUND = TRUE | ENABLE_ASSERTIONS = ON | MY_TARGETS =  | compilation date time = Aug  8 2022 16:18:18
c ApproxMC compiled with gcc version 9.4.0
c CryptoMiniSat version 5.11.0
c CMS Copyright (C) 2009-2020 Authors of CryptoMiniSat, see AUTHORS file
c CMS SHA revision 716b89be078f98fb615cf30a1f663b4903c08d9d
c CMS is MIT licensed
c Using VMTF code by Armin Biere from CaDiCaL
c Using Yalsat by Armin Biere, see Balint et al. Improving implementation of SLS solvers [...], SAT'14
c Using WalkSAT by Henry Kautz, see Kautz and Selman Pushing the envelope: planning, propositional logic, and stochastic search, AAAI'96,
c Using code from 'When Boolean Satisfiability Meets Gauss-E. in a Simplex Way'
c       by C.-S. Han and J.-H. Roland Jiang in CAV 2012. Fixes by M. Soos
c Using CCAnr from 'CCAnr: A Conf. Checking Based Local Search Solver [...]'
c       by Shaowei Cai, Chuan Luo, and Kaile Su, SAT 2015
c CMS compilation env CMAKE_CXX_COMPILER = /usr/bin/c++ | CMAKE_CXX_FLAGS =  -fvisibility=hidden -Wall -Wextra -Wunused -Wsign-compare -fno-omit-frame-pointer -Wtype-limits -Wuninitialized -Wno-deprecated -Wstrict-aliasing -Wpointer-arith -Wpointer-arith -Wformat-nonliteral -Winit-self -Wparentheses -Wunreachable-code -g -Wno-class-memaccess -mpopcnt -msse4.2 -ggdb3 -Wlogical-op -Wrestrict -Wnull-dereference -Wdouble-promotion -Wshadow -Wformat=2 -Wextra-semi -pedantic | COMPILE_DEFINES =  -DRDB0_ONLY_FEATURES -DBOOST_TEST_DYN_LINK -DUSE_ZLIB -DYALSAT_FPU | STATICCOMPILE = OFF | ONLY_SIMPLE = OFF | Boost_FOUND = TRUE | STATS = OFF | SQLITE3_FOUND = FALSE | ZLIB_FOUND = TRUE | VALGRIND_FOUND =  | ENABLE_TESTING = OFF | M4RI_FOUND =  | NOM4RI = ON | SLOW_DEBUG = OFF | ENABLE_ASSERTIONS = ON | PYTHON_EXECUTABLE =  | PYTHON_LIBRARY =  | PYTHON_INCLUDE_DIRS =  | MY_TARGETS =  | LARGEMEM = OFF | LIMITMEM = OFF | BREAKID_LIBRARIES =  | BREAKID-VER = . | BOSPHORUS_LIBRARIES =  | BOSPH-VER = . | compilation date time = Aug  8 2022 16:16:45
c CMS compiled with gcc version 9.4.0
c executed with command line: approxmc -s 04 /experiments/results/confidence.c/04/counterSharp/asm.dimacs
c Arjun SHA revision 416b100492d00bc51dbe98963e981906ddb47d83
c -- header says num vars:           3190
c -- header says num clauses:       14415
c WARNING: Empty line at line number 14481 -- this is not part of the DIMACS specifications (http://www.satcompetition.org/2009/format-benchmarks2009.html). Ignoring.
c -- clauses added: 14415
c -- xor clauses added: 0
c -- vars added 3190
c Original sampling vars: 49 50 51 52 53 54 55 56 57 58 59 60 61 62 63 64 65 66 67 68 69 70 71 72 73 74 75 76 77 78 79 80 
c [appmc] Orig sampling vars size: 32
c --> Executing OCC strategy token(s): 'occ-xor,'
c [occ] mem usage for occur      0 MB
c [occ] Linked in IRRED BIN by default: 3062
c [occ] Linked in RED   BIN by default: 0
c [occ] mem usage for occur      0 MB
c Mem for watch alloc      : 0           MB (5.68      %)
c Mem for watch array      : 0           MB (2.50      %)
c --> Executing OCC strategy token: occ-xor
c [occ-xor] sort occur list T: 0.00
c [xor-clean-equiv] removed equivalent xors: 0 left with: 305
c [occ-xor] found    305 avg sz 3.0 min sz  3 max sz  3 T: 0.00 T-out: N T-r: 99.95%
c [occ] mem usage for occur      0 MB
c [occ] Linked in IRRED BIN by default: 3062
c [occ] Linked in RED   BIN by default: 0
c [occ] mem usage for occur      0 MB
c Mem for watch alloc      : 0           MB (5.68      %)
c Mem for watch array      : 0           MB (2.50      %)
c [occ-gates] found:   849 avg-s: 2.0 T: 0.00 T-out: N T-r: 99.15%
c [occ] mem usage for occur      0 MB
c [occ] Linked in IRRED BIN by default: 3062
c [occ] Linked in RED   BIN by default: 0
c [occ] mem usage for occur      0 MB
c Mem for watch alloc      : 0           MB (5.68      %)
c Mem for watch array      : 0           MB (2.50      %)
c [arjun-simp] GATE-based Potential was: 0 Non-zero OCCs were: 0 removed: 0 perc: 0.00 T: 0.01
c [occ] mem usage for occur      0 MB
c [occ] Linked in IRRED BIN by default: 3062
c [occ] Linked in RED   BIN by default: 0
c [occ] mem usage for occur      0 MB
c Mem for watch alloc      : 0           MB (5.41      %)
c Mem for watch array      : 0           MB (2.38      %)
c [gate-definable] no-cls-match-filt: 0 pico ran: 32 unsat: 0 0-occ: 0 too-many-occ: 0 empty-res: 0
c [arjun-simp] IRREG-GATE-based removed: 0 perc: 0.00 T: 0.01
c [occ] mem usage for occur      0 MB
c [occ] Linked in IRRED BIN by default: 3062
c [occ] Linked in RED   BIN by default: 0
c [occ] mem usage for occur      0 MB
c Mem for watch alloc      : 0           MB (5.41      %)
c Mem for watch array      : 0           MB (2.38      %)
c [cms-equiv-sub] equiv_subformula: 0 empty_occ: 0 T: 0.00
c [arjun-simp] equiv-subform removed: 0 perc: 0.00 total equiv_subform now: 0 T: 0.00
c [arjun-simp] CMS::simplify() with no BVE, intree probe...
c [arjun-simp] CMS::simplify() with no BVE finished. T: 0.02
c [arjun-simp] Removed eq lits: 0 new size: 32
c [arjun-simp] Removed set       : 32 new size: 0
c [arjun] CNF is UNSAT, setting sampling set to empty
c [arjun] get_indep_set finished T: 0.04
c ind 0
c [arjun] final set size:            0 percent of original: 0.0000 %
c [arjun] of which empty occs:       0 percent of original: 0.0000 %
c [appmc+arjun] Total time: 0.0590
c [appmc] Number of solutions is: 0*2**0
s UNSATISFIABLE
s mc 0
** ASH **
c ApproxMC SHA revision efa1667e4e09b2d5f2c61042efe377ce3107fdd3
c ApproxMC version 4.0.1
c ApproxMC compilation env CMAKE_CXX_COMPILER = /usr/bin/c++ | CMAKE_CXX_FLAGS =  -Wall -Wextra -Wunused -Wsign-compare -fno-omit-frame-pointer -Wtype-limits -Wuninitialized -Wno-deprecated -Wstrict-aliasing -Wpointer-arith -fvisibility=hidden -Wpointer-arith -Wformat-nonliteral -Winit-self -Wparentheses -Wunreachable-code -g -fvisibility=hidden -Wlogical-op -Wrestrict -Wnull-dereference -Wdouble-promotion -Wshadow -Wformat=2 -Wextra-semi -pedantic | COMPILE_DEFINES =  -DBOOST_TEST_DYN_LINK | STATICCOMPILE = OFF | Boost_FOUND = TRUE | ZLIB_FOUND = TRUE | VALGRIND_FOUND =  | GMP_FOUND = TRUE | ENABLE_ASSERTIONS = ON | MY_TARGETS =  | compilation date time = Aug  8 2022 16:18:18
c ApproxMC compiled with gcc version 9.4.0
c CryptoMiniSat version 5.11.0
c CMS Copyright (C) 2009-2020 Authors of CryptoMiniSat, see AUTHORS file
c CMS SHA revision 716b89be078f98fb615cf30a1f663b4903c08d9d
c CMS is MIT licensed
c Using VMTF code by Armin Biere from CaDiCaL
c Using Yalsat by Armin Biere, see Balint et al. Improving implementation of SLS solvers [...], SAT'14
c Using WalkSAT by Henry Kautz, see Kautz and Selman Pushing the envelope: planning, propositional logic, and stochastic search, AAAI'96,
c Using code from 'When Boolean Satisfiability Meets Gauss-E. in a Simplex Way'
c       by C.-S. Han and J.-H. Roland Jiang in CAV 2012. Fixes by M. Soos
c Using CCAnr from 'CCAnr: A Conf. Checking Based Local Search Solver [...]'
c       by Shaowei Cai, Chuan Luo, and Kaile Su, SAT 2015
c CMS compilation env CMAKE_CXX_COMPILER = /usr/bin/c++ | CMAKE_CXX_FLAGS =  -fvisibility=hidden -Wall -Wextra -Wunused -Wsign-compare -fno-omit-frame-pointer -Wtype-limits -Wuninitialized -Wno-deprecated -Wstrict-aliasing -Wpointer-arith -Wpointer-arith -Wformat-nonliteral -Winit-self -Wparentheses -Wunreachable-code -g -Wno-class-memaccess -mpopcnt -msse4.2 -ggdb3 -Wlogical-op -Wrestrict -Wnull-dereference -Wdouble-promotion -Wshadow -Wformat=2 -Wextra-semi -pedantic | COMPILE_DEFINES =  -DRDB0_ONLY_FEATURES -DBOOST_TEST_DYN_LINK -DUSE_ZLIB -DYALSAT_FPU | STATICCOMPILE = OFF | ONLY_SIMPLE = OFF | Boost_FOUND = TRUE | STATS = OFF | SQLITE3_FOUND = FALSE | ZLIB_FOUND = TRUE | VALGRIND_FOUND =  | ENABLE_TESTING = OFF | M4RI_FOUND =  | NOM4RI = ON | SLOW_DEBUG = OFF | ENABLE_ASSERTIONS = ON | PYTHON_EXECUTABLE =  | PYTHON_LIBRARY =  | PYTHON_INCLUDE_DIRS =  | MY_TARGETS =  | LARGEMEM = OFF | LIMITMEM = OFF | BREAKID_LIBRARIES =  | BREAKID-VER = . | BOSPHORUS_LIBRARIES =  | BOSPH-VER = . | compilation date time = Aug  8 2022 16:16:45
c CMS compiled with gcc version 9.4.0
c executed with command line: approxmc -s 04 /experiments/results/confidence.c/04/counterSharp/ash.dimacs
c Arjun SHA revision 416b100492d00bc51dbe98963e981906ddb47d83
c -- header says num vars:           3190
c -- header says num clauses:       14415
c WARNING: Empty line at line number 14481 -- this is not part of the DIMACS specifications (http://www.satcompetition.org/2009/format-benchmarks2009.html). Ignoring.
c -- clauses added: 14415
c -- xor clauses added: 0
c -- vars added 3190
c Original sampling vars: 49 50 51 52 53 54 55 56 57 58 59 60 61 62 63 64 65 66 67 68 69 70 71 72 73 74 75 76 77 78 79 80 
c [appmc] Orig sampling vars size: 32
c --> Executing OCC strategy token(s): 'occ-xor,'
c [occ] mem usage for occur      0 MB
c [occ] Linked in IRRED BIN by default: 3127
c [occ] Linked in RED   BIN by default: 0
c [occ] mem usage for occur      0 MB
c Mem for watch alloc      : 0           MB (5.72      %)
c Mem for watch array      : 0           MB (2.51      %)
c --> Executing OCC strategy token: occ-xor
c [occ-xor] sort occur list T: 0.00
c [xor-clean-equiv] removed equivalent xors: 0 left with: 306
c [occ-xor] found    306 avg sz 3.0 min sz  3 max sz  3 T: 0.00 T-out: N T-r: 99.95%
c [occ] mem usage for occur      0 MB
c [occ] Linked in IRRED BIN by default: 3127
c [occ] Linked in RED   BIN by default: 0
c [occ] mem usage for occur      0 MB
c Mem for watch alloc      : 0           MB (5.72      %)
c Mem for watch array      : 0           MB (2.51      %)
c [occ-gates] found:   850 avg-s: 2.0 T: 0.00 T-out: N T-r: 99.15%
c [occ] mem usage for occur      0 MB
c [occ] Linked in IRRED BIN by default: 3127
c [occ] Linked in RED   BIN by default: 0
c [occ] mem usage for occur      0 MB
c Mem for watch alloc      : 0           MB (5.73      %)
c Mem for watch array      : 0           MB (2.51      %)
c [arjun-simp] GATE-based Potential was: 0 Non-zero OCCs were: 0 removed: 0 perc: 0.00 T: 0.01
c [occ] mem usage for occur      0 MB
c [occ] Linked in IRRED BIN by default: 3127
c [occ] Linked in RED   BIN by default: 0
c [occ] mem usage for occur      0 MB
c Mem for watch alloc      : 0           MB (5.45      %)
c Mem for watch array      : 0           MB (2.39      %)
c [gate-definable] no-cls-match-filt: 32 pico ran: 0 unsat: 0 0-occ: 0 too-many-occ: 0 empty-res: 0
c [arjun-simp] IRREG-GATE-based removed: 0 perc: 0.00 T: 0.00
c [occ] mem usage for occur      0 MB
c [occ] Linked in IRRED BIN by default: 3127
c [occ] Linked in RED   BIN by default: 0
c [occ] mem usage for occur      0 MB
c Mem for watch alloc      : 0           MB (5.45      %)
c Mem for watch array      : 0           MB (2.39      %)
c [cms-equiv-sub] equiv_subformula: 0 empty_occ: 0 T: 0.00
c [arjun-simp] equiv-subform removed: 0 perc: 0.00 total equiv_subform now: 0 T: 0.00
c [arjun-simp] CMS::simplify() with no BVE, intree probe...
c [arjun-simp] CMS::simplify() with no BVE finished. T: 0.02
c [arjun-simp] Removed eq lits: 0 new size: 32
c [arjun-simp] Removed set       : 0 new size: 32
c [arjun-simp] Removed set       : 1 new size: 31
c [arjun-simp] Removed eq lits: 0 new size: 31
c [arjun-simp] probe removed: 1 perc: 3.12 T: 0.00
c [occ] mem usage for occur      0 MB
c [occ] Linked in IRRED BIN by default: 3079
c [occ] Linked in RED   BIN by default: 43
c [occ] mem usage for occur      0 MB
c Mem for watch alloc      : 0           MB (6.45      %)
c Mem for watch array      : 0           MB (1.78      %)
c [cms-equiv-sub] equiv_subformula: 0 empty_occ: 0 T: 0.00
c [arjun-simp] equiv-subform removed: 0 perc: 0.00 total equiv_subform now: 0 T: 0.00
c [arjun-simp] IRREG-GATE-based removed: 0 perc: 0.00 T: 0.00
c [arjun] simplification finished  removed: 1 perc: 3.12 T: 0.05
c [arjun] Duplicating CNF...
c [arjun] Duplicated CNF. T: 0.00
c [arjun] CMS::simplify() with *only* BVE...
c [arjun] CMS::simplify() with *only* BVE finished. T: 0.98
c [arjun] Adding fixed clauses time: 0.00
c [arjun] Start unknown size: 31
c [arjun] backward round finished T: 0.02
c [arjun] get_indep_set finished T: 1.06
c ind 3125 3124 3123 3122 3121 3120 3119 3118 3117 3116 3115 3114 3113 3112 3111 3110 3109 3108 3107 3106 3105 3104 3103 3102 3101 3100 3099 3098 3097 3096 3127 0
c [arjun] final set size:           31 percent of original: 96.8750 %
c [arjun] of which empty occs:       0 percent of original: 0.0000 %
c [appmc] Sampling set size: 31
c [appmc] Sampling set: 3096, 3097, 3098, 3099, 3100, 3101, 3102, 3103, 3104, 3105, 3106, 3107, 3108, 3109, 3110, 3111, 3112, 3113, 3114, 3115, 3116, 3117, 3118, 3119, 3120, 3121, 3122, 3123, 3124, 3125, 3127, 
c [appmc] threshold set to 72 sparse: 0
c [appmc] Starting up, initial measurement
c [appmc] Checking if there are at least threshold+1 solutions...
c [appmc] simplifying
c [appmc] [    0.60 ] bounded_sol_count looking for   73 solutions -- hashes active: 0
c [appmc] repeat solutions:      0 checked:      0 out of:      0
c [appmc] Starting at hash count: 1
c [appmc] [    0.61 ] round:  0 hashes:      1
c [appmc] [    0.61 ] bounded_sol_count looking for   73 solutions -- hashes active: 1
c [appmc] repeat solutions:     41 checked:     73 out of:     73
c [appmc] [    0.62 ] round:  0 hashes:      2
c [appmc] [    0.62 ] bounded_sol_count looking for   73 solutions -- hashes active: 2
c [appmc] repeat solutions:     37 checked:    105 out of:    105
c [appmc] [    0.63 ] round:  0 hashes:      4
c [appmc] [    0.63 ] bounded_sol_count looking for   73 solutions -- hashes active: 4
c [appmc] repeat solutions:     20 checked:    141 out of:    141
c [appmc] [    0.65 ] round:  0 hashes:      8
c [appmc] [    0.65 ] bounded_sol_count looking for   73 solutions -- hashes active: 8
c [appmc] repeat solutions:      3 checked:    194 out of:    194
c [appmc] [    0.67 ] round:  0 hashes:     16
c [appmc] [    0.67 ] bounded_sol_count looking for   73 solutions -- hashes active: 16
c [appmc] repeat solutions:      0 checked:    264 out of:    264
c [appmc] [    0.70 ] round:  0 hashes:     23
c [appmc] [    0.70 ] bounded_sol_count looking for   73 solutions -- hashes active: 23
c [appmc] repeat solutions:      0 checked:    337 out of:    337
c [appmc] [    0.73 ] round:  0 hashes:     27
c [appmc] [    0.73 ] bounded_sol_count looking for   73 solutions -- hashes active: 27
c [appmc] repeat solutions:      4 checked:    410 out of:    410
c [appmc] [    0.74 ] round:  0 hashes:     25
c [appmc] [    0.74 ] bounded_sol_count looking for   73 solutions -- hashes active: 25
c [appmc] repeat solutions:     31 checked:    410 out of:    422
c [appmc] [    0.75 ] round:  0 hashes:     24
c [appmc] [    0.75 ] bounded_sol_count looking for   73 solutions -- hashes active: 24
c [appmc] repeat solutions:     82 checked:    410 out of:    455
c [appmc] simplifying
c [appmc] [    1.05 ] round:  1 hashes:     25
c [appmc] [    1.05 ] bounded_sol_count looking for   73 solutions -- hashes active: 25
c [appmc] repeat solutions:      0 checked:     73 out of:     73
c [appmc] [    1.07 ] round:  1 hashes:     24
c [appmc] [    1.08 ] bounded_sol_count looking for   73 solutions -- hashes active: 24
c [appmc] repeat solutions:     64 checked:     73 out of:    137
c [appmc] simplifying
c [appmc] [    1.32 ] round:  2 hashes:     25
c [appmc] [    1.32 ] bounded_sol_count looking for   73 solutions -- hashes active: 25
c [appmc] repeat solutions:      0 checked:     73 out of:     73
c [appmc] [    1.35 ] round:  2 hashes:     24
c [appmc] [    1.35 ] bounded_sol_count looking for   73 solutions -- hashes active: 24
c [appmc] repeat solutions:     64 checked:     73 out of:    137
c [appmc] simplifying
c [appmc] [    1.60 ] round:  3 hashes:     25
c [appmc] [    1.60 ] bounded_sol_count looking for   73 solutions -- hashes active: 25
c [appmc] repeat solutions:      0 checked:     73 out of:     73
c [appmc] [    1.63 ] round:  3 hashes:     24
c [appmc] [    1.63 ] bounded_sol_count looking for   73 solutions -- hashes active: 24
c [appmc] repeat solutions:     64 checked:     73 out of:    137
c [appmc] simplifying
c [appmc] [    1.88 ] round:  4 hashes:     25
c [appmc] [    1.88 ] bounded_sol_count looking for   73 solutions -- hashes active: 25
c [appmc] repeat solutions:      0 checked:     73 out of:     73
c [appmc] [    1.91 ] round:  4 hashes:     24
c [appmc] [    1.91 ] bounded_sol_count looking for   73 solutions -- hashes active: 24
c [appmc] repeat solutions:     64 checked:     73 out of:    137
c [appmc] simplifying
c [appmc] [    2.15 ] round:  5 hashes:     25
c [appmc] [    2.15 ] bounded_sol_count looking for   73 solutions -- hashes active: 25
c [appmc] repeat solutions:      0 checked:     73 out of:     73
c [appmc] [    2.18 ] round:  5 hashes:     24
c [appmc] [    2.18 ] bounded_sol_count looking for   73 solutions -- hashes active: 24
c [appmc] repeat solutions:     64 checked:     73 out of:    137
c [appmc] simplifying
c [appmc] [    2.45 ] round:  6 hashes:     25
c [appmc] [    2.45 ] bounded_sol_count looking for   73 solutions -- hashes active: 25
c [appmc] repeat solutions:      0 checked:     73 out of:     73
c [appmc] [    2.48 ] round:  6 hashes:     24
c [appmc] [    2.48 ] bounded_sol_count looking for   73 solutions -- hashes active: 24
c [appmc] repeat solutions:     64 checked:     73 out of:    137
c [appmc] simplifying
c [appmc] [    2.79 ] round:  7 hashes:     25
c [appmc] [    2.79 ] bounded_sol_count looking for   73 solutions -- hashes active: 25
c [appmc] repeat solutions:      0 checked:     73 out of:     73
c [appmc] [    2.82 ] round:  7 hashes:     24
c [appmc] [    2.82 ] bounded_sol_count looking for   73 solutions -- hashes active: 24
c [appmc] repeat solutions:     64 checked:     73 out of:    137
c [appmc] simplifying
c [appmc] [    3.05 ] round:  8 hashes:     25
c [appmc] [    3.05 ] bounded_sol_count looking for   73 solutions -- hashes active: 25
c [appmc] repeat solutions:      0 checked:     73 out of:     73
c [appmc] [    3.07 ] round:  8 hashes:     24
c [appmc] [    3.07 ] bounded_sol_count looking for   73 solutions -- hashes active: 24
c [appmc] repeat solutions:     64 checked:     73 out of:    137
c [appmc] ApproxMC T: 3.08 s
c ------- FINAL TOTAL SEARCH STATS ---------
c UIP search time          : 0.33        (8.05      % time)
c restarts                 : 1049        (0.96      confls per restart)
c blocked restarts         : 0           (0.00      per normal restart)
c time                     : 0.33        
c decisions                : 137036      (0.00      % random)
c propagations             : 1556K       (4657K     props/s)
c decisions/conflicts      : 135.68      
c conflicts                : 1010        
c conf lits non-minim      : 41130       (40.72     lit/confl)
c conf lits final          : 29.42       
c red which0               : 2           (0.20      % of confl)
c props/decision           : 0.00        
c props/conflict           : 0.00        
c 0-depth assigns          : 354         (23.79     % vars)
c 0-depth assigns by CNF   : 324         (21.77     % vars)
c reduceDB time            : 0.00        (0.00      % time)
c OccSimplifier time       : 0.84        (20.24     % time)
c [occur] 0.05 is overhead
c [occur] link-in T: 0.04 cleanup T: 0.01
c [occ-substr] long subBySub: 2717 subByStr: 10256 lits-rem-str: 22509 T: 0.58
c SCC time                 : 0.00        (0.00      % time)
c [scc] new: 269 BP 0M  T: 0.00
c vrep replace time        : 0.00        (0.03      % time)
c vrep tree roots          : 105         
c vrep trees' crown        : 259         (2.47      leafs/tree)
c distill long time        : 0.00        (0.00      % time)
c distill bin time         : 0.00        (0.00      % time)
c strength cache-irred time: 0.00        (0.00      % time)
c strength cache-red time  : 0.00        (0.00      % time)
c avg cls in red 0         : 1.99        
c avg cls in red 1         : 637.34      
c avg cls in red 2         : 94.97       
c Conflicts in UIP         : 1010        (243.26    confl/time_this_thread)
c Max Memory (rss) used    : 14976 kB    
c Total time (this thread) : 4.15        
c [appmc+arjun] Total time: 4.15
c [appmc] Number of solutions is: 64*2**25
s SATISFIABLE
s mc 2147483648
