** CON **
[runlim] version:		1.10
[runlim] time limit:		311040000 seconds
[runlim] real time limit:	300 seconds
[runlim] space limit:		2048 MB
[runlim] argv[0]:		approxmc
[runlim] argv[1]:		--sparse
[runlim] argv[2]:		1
[runlim] argv[3]:		-s
[runlim] argv[4]:		05
[runlim] argv[5]:		/experiments/results/usqrt.c/05/counterSharp/con.dimacs
[runlim] start:			Mon Nov  9 10:48:23 2020
[runlim] main pid:		338
ERROR! Could not open file '/experiments/results/usqrt.c/05/counterSharp/con.dimacs' for reading: No such file or directory
[runlim] end:			Mon Nov  9 10:48:23 2020
[runlim] status:		ok
[runlim] result:		0
[runlim] children:		0
[runlim] real:			0.32 seconds
[runlim] time:			0.00 seconds
[runlim] space:			0.0 MB
[runlim] samples:		0
** AMM **
[runlim] version:		1.10
[runlim] time limit:		311040000 seconds
[runlim] real time limit:	300 seconds
[runlim] space limit:		2048 MB
[runlim] argv[0]:		approxmc
[runlim] argv[1]:		--sparse
[runlim] argv[2]:		1
[runlim] argv[3]:		-s
[runlim] argv[4]:		05
[runlim] argv[5]:		/experiments/results/usqrt.c/05/counterSharp/amm.dimacs
[runlim] start:			Mon Nov  9 10:48:23 2020
[runlim] main pid:		340
[runlim] end:			Mon Nov  9 10:48:25 2020
[runlim] status:		ok
[runlim] result:		0
[runlim] children:		0
[runlim] real:			2.32 seconds
[runlim] time:			1.88 seconds
[runlim] space:			15.5 MB
[runlim] samples:		19
** AMH **
[runlim] version:		1.10
[runlim] time limit:		311040000 seconds
[runlim] real time limit:	300 seconds
[runlim] space limit:		2048 MB
[runlim] argv[0]:		approxmc
[runlim] argv[1]:		--sparse
[runlim] argv[2]:		1
[runlim] argv[3]:		-s
[runlim] argv[4]:		05
[runlim] argv[5]:		/experiments/results/usqrt.c/05/counterSharp/amh.dimacs
[runlim] start:			Mon Nov  9 10:48:25 2020
[runlim] main pid:		342
[runlim] end:			Mon Nov  9 10:48:27 2020
[runlim] status:		ok
[runlim] result:		0
[runlim] children:		0
[runlim] real:			2.83 seconds
[runlim] time:			2.48 seconds
[runlim] space:			15.4 MB
[runlim] samples:		25
** ASM **
[runlim] version:		1.10
[runlim] time limit:		311040000 seconds
[runlim] real time limit:	300 seconds
[runlim] space limit:		2048 MB
[runlim] argv[0]:		approxmc
[runlim] argv[1]:		--sparse
[runlim] argv[2]:		1
[runlim] argv[3]:		-s
[runlim] argv[4]:		05
[runlim] argv[5]:		/experiments/results/usqrt.c/05/counterSharp/asm.dimacs
[runlim] start:			Mon Nov  9 10:48:27 2020
[runlim] main pid:		344
[runlim] sample:		10.0 time, 10.8 real, 23.6 MB
[runlim] sample:		20.0 time, 20.8 real, 34.4 MB
[runlim] sample:		30.0 time, 30.8 real, 35.6 MB
[runlim] sample:		40.0 time, 40.8 real, 48.4 MB
[runlim] sample:		50.0 time, 50.8 real, 50.4 MB
[runlim] sample:		60.0 time, 60.8 real, 50.4 MB
[runlim] sample:		70.0 time, 70.8 real, 52.6 MB
[runlim] sample:		80.0 time, 80.8 real, 54.6 MB
[runlim] sample:		90.0 time, 90.8 real, 54.6 MB
[runlim] sample:		100.0 time, 100.8 real, 54.6 MB
[runlim] end:			Mon Nov  9 10:50:11 2020
[runlim] status:		ok
[runlim] result:		0
[runlim] children:		0
[runlim] real:			104.93 seconds
[runlim] time:			104.05 seconds
[runlim] space:			54.6 MB
[runlim] samples:		1041
** ASH **
[runlim] version:		1.10
[runlim] time limit:		311040000 seconds
[runlim] real time limit:	300 seconds
[runlim] space limit:		2048 MB
[runlim] argv[0]:		approxmc
[runlim] argv[1]:		--sparse
[runlim] argv[2]:		1
[runlim] argv[3]:		-s
[runlim] argv[4]:		05
[runlim] argv[5]:		/experiments/results/usqrt.c/05/counterSharp/ash.dimacs
[runlim] start:			Mon Nov  9 10:50:11 2020
[runlim] main pid:		346
[runlim] end:			Mon Nov  9 10:50:14 2020
[runlim] status:		ok
[runlim] result:		0
[runlim] children:		0
[runlim] real:			3.51 seconds
[runlim] time:			2.48 seconds
[runlim] space:			15.3 MB
[runlim] samples:		25
