** CON **
[runlim] version:		1.10
[runlim] time limit:		311040000 seconds
[runlim] real time limit:	300 seconds
[runlim] space limit:		2048 MB
[runlim] argv[0]:		approxmc
[runlim] argv[1]:		-s
[runlim] argv[2]:		03
[runlim] argv[3]:		/experiments/results/rangesum03.c/03/counterSharp/con.dimacs
[runlim] start:			Mon Aug  8 16:48:07 2022
[runlim] main pid:		314
ERROR! Could not open file '/experiments/results/rangesum03.c/03/counterSharp/con.dimacs' for reading: No such file or directory
[runlim] end:			Mon Aug  8 16:48:07 2022
[runlim] status:		ok
[runlim] result:		0
[runlim] children:		0
[runlim] real:			0.37 seconds
[runlim] time:			0.00 seconds
[runlim] space:			0.0 MB
[runlim] samples:		0
** AMM **
[runlim] version:		1.10
[runlim] time limit:		311040000 seconds
[runlim] real time limit:	300 seconds
[runlim] space limit:		2048 MB
[runlim] argv[0]:		approxmc
[runlim] argv[1]:		-s
[runlim] argv[2]:		03
[runlim] argv[3]:		/experiments/results/rangesum03.c/03/counterSharp/amm.dimacs
[runlim] start:			Mon Aug  8 16:48:07 2022
[runlim] main pid:		316
ERROR! Could not open file '/experiments/results/rangesum03.c/03/counterSharp/amm.dimacs' for reading: No such file or directory
[runlim] end:			Mon Aug  8 16:48:07 2022
[runlim] status:		ok
[runlim] result:		0
[runlim] children:		0
[runlim] real:			0.38 seconds
[runlim] time:			0.00 seconds
[runlim] space:			0.0 MB
[runlim] samples:		0
** AMH **
[runlim] version:		1.10
[runlim] time limit:		311040000 seconds
[runlim] real time limit:	300 seconds
[runlim] space limit:		2048 MB
[runlim] argv[0]:		approxmc
[runlim] argv[1]:		-s
[runlim] argv[2]:		03
[runlim] argv[3]:		/experiments/results/rangesum03.c/03/counterSharp/amh.dimacs
[runlim] start:			Mon Aug  8 16:48:07 2022
[runlim] main pid:		318
[runlim] end:			Mon Aug  8 16:48:07 2022
[runlim] status:		ok
[runlim] result:		0
[runlim] children:		0
[runlim] real:			0.82 seconds
[runlim] time:			0.39 seconds
[runlim] space:			15.9 MB
[runlim] samples:		4
** ASM **
[runlim] version:		1.10
[runlim] time limit:		311040000 seconds
[runlim] real time limit:	300 seconds
[runlim] space limit:		2048 MB
[runlim] argv[0]:		approxmc
[runlim] argv[1]:		-s
[runlim] argv[2]:		03
[runlim] argv[3]:		/experiments/results/rangesum03.c/03/counterSharp/asm.dimacs
[runlim] start:			Mon Aug  8 16:48:07 2022
[runlim] main pid:		320
[runlim] end:			Mon Aug  8 16:48:08 2022
[runlim] status:		ok
[runlim] result:		0
[runlim] children:		0
[runlim] real:			1.32 seconds
[runlim] time:			0.40 seconds
[runlim] space:			14.8 MB
[runlim] samples:		4
** ASH **
[runlim] version:		1.10
[runlim] time limit:		311040000 seconds
[runlim] real time limit:	300 seconds
[runlim] space limit:		2048 MB
[runlim] argv[0]:		approxmc
[runlim] argv[1]:		-s
[runlim] argv[2]:		03
[runlim] argv[3]:		/experiments/results/rangesum03.c/03/counterSharp/ash.dimacs
[runlim] start:			Mon Aug  8 16:48:08 2022
[runlim] main pid:		322
[runlim] end:			Mon Aug  8 16:48:08 2022
[runlim] status:		ok
[runlim] result:		0
[runlim] children:		0
[runlim] real:			0.33 seconds
[runlim] time:			0.00 seconds
[runlim] space:			0.0 MB
[runlim] samples:		0
