** CON **
c ApproxMC SHA revision efa1667e4e09b2d5f2c61042efe377ce3107fdd3
c ApproxMC version 4.0.1
c ApproxMC compilation env CMAKE_CXX_COMPILER = /usr/bin/c++ | CMAKE_CXX_FLAGS =  -Wall -Wextra -Wunused -Wsign-compare -fno-omit-frame-pointer -Wtype-limits -Wuninitialized -Wno-deprecated -Wstrict-aliasing -Wpointer-arith -fvisibility=hidden -Wpointer-arith -Wformat-nonliteral -Winit-self -Wparentheses -Wunreachable-code -g -fvisibility=hidden -Wlogical-op -Wrestrict -Wnull-dereference -Wdouble-promotion -Wshadow -Wformat=2 -Wextra-semi -pedantic | COMPILE_DEFINES =  -DBOOST_TEST_DYN_LINK | STATICCOMPILE = OFF | Boost_FOUND = TRUE | ZLIB_FOUND = TRUE | VALGRIND_FOUND =  | GMP_FOUND = TRUE | ENABLE_ASSERTIONS = ON | MY_TARGETS =  | compilation date time = Aug  8 2022 16:18:18
c ApproxMC compiled with gcc version 9.4.0
c CryptoMiniSat version 5.11.0
c CMS Copyright (C) 2009-2020 Authors of CryptoMiniSat, see AUTHORS file
c CMS SHA revision 716b89be078f98fb615cf30a1f663b4903c08d9d
c CMS is MIT licensed
c Using VMTF code by Armin Biere from CaDiCaL
c Using Yalsat by Armin Biere, see Balint et al. Improving implementation of SLS solvers [...], SAT'14
c Using WalkSAT by Henry Kautz, see Kautz and Selman Pushing the envelope: planning, propositional logic, and stochastic search, AAAI'96,
c Using code from 'When Boolean Satisfiability Meets Gauss-E. in a Simplex Way'
c       by C.-S. Han and J.-H. Roland Jiang in CAV 2012. Fixes by M. Soos
c Using CCAnr from 'CCAnr: A Conf. Checking Based Local Search Solver [...]'
c       by Shaowei Cai, Chuan Luo, and Kaile Su, SAT 2015
c CMS compilation env CMAKE_CXX_COMPILER = /usr/bin/c++ | CMAKE_CXX_FLAGS =  -fvisibility=hidden -Wall -Wextra -Wunused -Wsign-compare -fno-omit-frame-pointer -Wtype-limits -Wuninitialized -Wno-deprecated -Wstrict-aliasing -Wpointer-arith -Wpointer-arith -Wformat-nonliteral -Winit-self -Wparentheses -Wunreachable-code -g -Wno-class-memaccess -mpopcnt -msse4.2 -ggdb3 -Wlogical-op -Wrestrict -Wnull-dereference -Wdouble-promotion -Wshadow -Wformat=2 -Wextra-semi -pedantic | COMPILE_DEFINES =  -DRDB0_ONLY_FEATURES -DBOOST_TEST_DYN_LINK -DUSE_ZLIB -DYALSAT_FPU | STATICCOMPILE = OFF | ONLY_SIMPLE = OFF | Boost_FOUND = TRUE | STATS = OFF | SQLITE3_FOUND = FALSE | ZLIB_FOUND = TRUE | VALGRIND_FOUND =  | ENABLE_TESTING = OFF | M4RI_FOUND =  | NOM4RI = ON | SLOW_DEBUG = OFF | ENABLE_ASSERTIONS = ON | PYTHON_EXECUTABLE =  | PYTHON_LIBRARY =  | PYTHON_INCLUDE_DIRS =  | MY_TARGETS =  | LARGEMEM = OFF | LIMITMEM = OFF | BREAKID_LIBRARIES =  | BREAKID-VER = . | BOSPHORUS_LIBRARIES =  | BOSPH-VER = . | compilation date time = Aug  8 2022 16:16:45
c CMS compiled with gcc version 9.4.0
c executed with command line: approxmc -s 04 /experiments/results/usqrt-broken.c/04/counterSharp/con.dimacs
c Arjun SHA revision 416b100492d00bc51dbe98963e981906ddb47d83
** AMM **
c ApproxMC SHA revision efa1667e4e09b2d5f2c61042efe377ce3107fdd3
c ApproxMC version 4.0.1
c ApproxMC compilation env CMAKE_CXX_COMPILER = /usr/bin/c++ | CMAKE_CXX_FLAGS =  -Wall -Wextra -Wunused -Wsign-compare -fno-omit-frame-pointer -Wtype-limits -Wuninitialized -Wno-deprecated -Wstrict-aliasing -Wpointer-arith -fvisibility=hidden -Wpointer-arith -Wformat-nonliteral -Winit-self -Wparentheses -Wunreachable-code -g -fvisibility=hidden -Wlogical-op -Wrestrict -Wnull-dereference -Wdouble-promotion -Wshadow -Wformat=2 -Wextra-semi -pedantic | COMPILE_DEFINES =  -DBOOST_TEST_DYN_LINK | STATICCOMPILE = OFF | Boost_FOUND = TRUE | ZLIB_FOUND = TRUE | VALGRIND_FOUND =  | GMP_FOUND = TRUE | ENABLE_ASSERTIONS = ON | MY_TARGETS =  | compilation date time = Aug  8 2022 16:18:18
c ApproxMC compiled with gcc version 9.4.0
c CryptoMiniSat version 5.11.0
c CMS Copyright (C) 2009-2020 Authors of CryptoMiniSat, see AUTHORS file
c CMS SHA revision 716b89be078f98fb615cf30a1f663b4903c08d9d
c CMS is MIT licensed
c Using VMTF code by Armin Biere from CaDiCaL
c Using Yalsat by Armin Biere, see Balint et al. Improving implementation of SLS solvers [...], SAT'14
c Using WalkSAT by Henry Kautz, see Kautz and Selman Pushing the envelope: planning, propositional logic, and stochastic search, AAAI'96,
c Using code from 'When Boolean Satisfiability Meets Gauss-E. in a Simplex Way'
c       by C.-S. Han and J.-H. Roland Jiang in CAV 2012. Fixes by M. Soos
c Using CCAnr from 'CCAnr: A Conf. Checking Based Local Search Solver [...]'
c       by Shaowei Cai, Chuan Luo, and Kaile Su, SAT 2015
c CMS compilation env CMAKE_CXX_COMPILER = /usr/bin/c++ | CMAKE_CXX_FLAGS =  -fvisibility=hidden -Wall -Wextra -Wunused -Wsign-compare -fno-omit-frame-pointer -Wtype-limits -Wuninitialized -Wno-deprecated -Wstrict-aliasing -Wpointer-arith -Wpointer-arith -Wformat-nonliteral -Winit-self -Wparentheses -Wunreachable-code -g -Wno-class-memaccess -mpopcnt -msse4.2 -ggdb3 -Wlogical-op -Wrestrict -Wnull-dereference -Wdouble-promotion -Wshadow -Wformat=2 -Wextra-semi -pedantic | COMPILE_DEFINES =  -DRDB0_ONLY_FEATURES -DBOOST_TEST_DYN_LINK -DUSE_ZLIB -DYALSAT_FPU | STATICCOMPILE = OFF | ONLY_SIMPLE = OFF | Boost_FOUND = TRUE | STATS = OFF | SQLITE3_FOUND = FALSE | ZLIB_FOUND = TRUE | VALGRIND_FOUND =  | ENABLE_TESTING = OFF | M4RI_FOUND =  | NOM4RI = ON | SLOW_DEBUG = OFF | ENABLE_ASSERTIONS = ON | PYTHON_EXECUTABLE =  | PYTHON_LIBRARY =  | PYTHON_INCLUDE_DIRS =  | MY_TARGETS =  | LARGEMEM = OFF | LIMITMEM = OFF | BREAKID_LIBRARIES =  | BREAKID-VER = . | BOSPHORUS_LIBRARIES =  | BOSPH-VER = . | compilation date time = Aug  8 2022 16:16:45
c CMS compiled with gcc version 9.4.0
c executed with command line: approxmc -s 04 /experiments/results/usqrt-broken.c/04/counterSharp/amm.dimacs
c Arjun SHA revision 416b100492d00bc51dbe98963e981906ddb47d83
c -- header says num vars:           7987
c -- header says num clauses:       39012
c WARNING: Empty line at line number 39310 -- this is not part of the DIMACS specifications (http://www.satcompetition.org/2009/format-benchmarks2009.html). Ignoring.
c -- clauses added: 39012
c -- xor clauses added: 0
c -- vars added 7987
c Original sampling vars: 67 68 69 70 71 72 73 74 75 76 77 78 79 80 81 82 83 84 85 86 87 88 89 90 91 92 93 94 95 96 97 98 
c [appmc] Orig sampling vars size: 32
c --> Executing OCC strategy token(s): 'occ-xor,'
c [occ] mem usage for occur      2 MB
c [occ] Linked in IRRED BIN by default: 4780
c [occ] Linked in RED   BIN by default: 0
c [occ] mem usage for occur      0 MB
c Mem for watch alloc      : 1           MB (11.65     %)
c Mem for watch array      : 0           MB (3.47      %)
c --> Executing OCC strategy token: occ-xor
c [occ-xor] sort occur list T: 0.00
c [xor-clean-equiv] removed equivalent xors: 0 left with: 1234
c [occ-xor] found   1234 avg sz 3.0 min sz  3 max sz  3 T: 0.01 T-out: N T-r: 99.83%
c [occ] mem usage for occur      2 MB
c [occ] Linked in IRRED BIN by default: 4780
c [occ] Linked in RED   BIN by default: 0
c [occ] mem usage for occur      0 MB
c Mem for watch alloc      : 1           MB (11.26     %)
c Mem for watch array      : 0           MB (3.35      %)
c [occ-gates] found:  1743 avg-s: 2.0 T: 0.00 T-out: N T-r: 97.54%
c [occ] mem usage for occur      2 MB
c [occ] Linked in IRRED BIN by default: 4780
c [occ] Linked in RED   BIN by default: 0
c [occ] mem usage for occur      0 MB
c Mem for watch alloc      : 1           MB (11.28     %)
c Mem for watch array      : 0           MB (3.35      %)
c [arjun-simp] GATE-based Potential was: 0 Non-zero OCCs were: 0 removed: 0 perc: 0.00 T: 0.04
c [occ] mem usage for occur      2 MB
c [occ] Linked in IRRED BIN by default: 4780
c [occ] Linked in RED   BIN by default: 0
c [occ] mem usage for occur      0 MB
c Mem for watch alloc      : 1           MB (11.10     %)
c Mem for watch array      : 0           MB (3.29      %)
c [gate-definable] no-cls-match-filt: 0 pico ran: 32 unsat: 0 0-occ: 0 too-many-occ: 0 empty-res: 0
c [arjun-simp] IRREG-GATE-based removed: 0 perc: 0.00 T: 0.01
c [occ] mem usage for occur      2 MB
c [occ] Linked in IRRED BIN by default: 4780
c [occ] Linked in RED   BIN by default: 0
c [occ] mem usage for occur      0 MB
c Mem for watch alloc      : 1           MB (11.10     %)
c Mem for watch array      : 0           MB (3.29      %)
c [cms-equiv-sub] equiv_subformula: 0 empty_occ: 0 T: 0.00
c [arjun-simp] equiv-subform removed: 0 perc: 0.00 total equiv_subform now: 0 T: 0.01
c [arjun-simp] CMS::simplify() with no BVE, intree probe...
c [arjun-simp] CMS::simplify() with no BVE finished. T: 0.09
c [arjun-simp] Removed eq lits: 0 new size: 32
c [arjun-simp] Removed set       : 0 new size: 32
c [arjun-simp] Removed set       : 1 new size: 31
c [arjun-simp] Removed eq lits: 0 new size: 31
c [arjun-simp] probe removed: 1 perc: 3.12 T: 0.01
c [occ] mem usage for occur      1 MB
c [occ] Linked in IRRED BIN by default: 5420
c [occ] Linked in RED   BIN by default: 150
c [occ] mem usage for occur      0 MB
c Mem for watch alloc      : 1           MB (12.63     %)
c Mem for watch array      : 0           MB (2.82      %)
c [cms-equiv-sub] equiv_subformula: 0 empty_occ: 0 T: 0.00
c [arjun-simp] equiv-subform removed: 0 perc: 0.00 total equiv_subform now: 0 T: 0.01
c [arjun-simp] IRREG-GATE-based removed: 0 perc: 0.00 T: 0.01
c [arjun] simplification finished  removed: 1 perc: 3.12 T: 0.18
c [arjun] Duplicating CNF...
c [arjun] Duplicated CNF. T: 0.01
c [arjun] CMS::simplify() with *only* BVE...
c [arjun] CMS::simplify() with *only* BVE finished. T: 1.34
c [arjun] Adding fixed clauses time: 0.00
c [arjun] Start unknown size: 31
c [arjun] backward round finished T: 0.00
c [arjun] get_indep_set finished T: 1.53
c ind 7921 7919 7917 7915 7913 7911 7909 7907 7905 7903 7901 7899 7897 7895 7893 7952 7950 7948 7946 7944 7942 7940 7938 7936 7934 7932 7930 7928 7926 7924 7954 0
c [arjun] final set size:           31 percent of original: 96.8750 %
c [arjun] of which empty occs:       0 percent of original: 0.0000 %
c [appmc] Sampling set size: 31
c [appmc] Sampling set: 7893, 7895, 7897, 7899, 7901, 7903, 7905, 7907, 7909, 7911, 7913, 7915, 7917, 7919, 7921, 7924, 7926, 7928, 7930, 7932, 7934, 7936, 7938, 7940, 7942, 7944, 7946, 7948, 7950, 7952, 7954, 
c [appmc] threshold set to 72 sparse: 0
c [appmc] Starting up, initial measurement
c [appmc] Checking if there are at least threshold+1 solutions...
c [appmc] simplifying
c [appmc] [    0.75 ] bounded_sol_count looking for   73 solutions -- hashes active: 0
c [appmc] repeat solutions:      0 checked:      0 out of:      0
c [appmc] Starting at hash count: 1
c [appmc] [    0.77 ] round:  0 hashes:      1
c [appmc] [    0.77 ] bounded_sol_count looking for   73 solutions -- hashes active: 1
c [appmc] repeat solutions:     38 checked:     73 out of:     73
c [appmc] [    0.78 ] round:  0 hashes:      2
c [appmc] [    0.78 ] bounded_sol_count looking for   73 solutions -- hashes active: 2
c [appmc] repeat solutions:     38 checked:    108 out of:    108
c [appmc] [    0.79 ] round:  0 hashes:      4
c [appmc] [    0.79 ] bounded_sol_count looking for   73 solutions -- hashes active: 4
c [appmc] repeat solutions:     35 checked:    143 out of:    143
c [appmc] [    0.81 ] round:  0 hashes:      8
c [appmc] [    0.81 ] bounded_sol_count looking for   73 solutions -- hashes active: 8
c [appmc] repeat solutions:      5 checked:    181 out of:    181
c [appmc] [    0.84 ] round:  0 hashes:     16
c [appmc] [    0.84 ] bounded_sol_count looking for   73 solutions -- hashes active: 16
c [appmc] repeat solutions:      1 checked:    249 out of:    249
c [appmc] [    0.86 ] round:  0 hashes:     23
c [appmc] [    0.86 ] bounded_sol_count looking for   73 solutions -- hashes active: 23
c [appmc] repeat solutions:      0 checked:    321 out of:    321
c [appmc] [    0.89 ] round:  0 hashes:     27
c [appmc] [    0.89 ] bounded_sol_count looking for   73 solutions -- hashes active: 27
c [appmc] repeat solutions:      5 checked:    394 out of:    394
c [appmc] [    0.89 ] round:  0 hashes:     25
c [appmc] [    0.89 ] bounded_sol_count looking for   73 solutions -- hashes active: 25
c [appmc] repeat solutions:     29 checked:    394 out of:    405
c [appmc] [    0.91 ] round:  0 hashes:     24
c [appmc] [    0.91 ] bounded_sol_count looking for   73 solutions -- hashes active: 24
c [appmc] repeat solutions:     82 checked:    394 out of:    440
c [appmc] simplifying
c [appmc] [    1.01 ] round:  1 hashes:     25
c [appmc] [    1.01 ] bounded_sol_count looking for   73 solutions -- hashes active: 25
c [appmc] repeat solutions:      0 checked:     73 out of:     73
c [appmc] [    1.03 ] round:  1 hashes:     24
c [appmc] [    1.03 ] bounded_sol_count looking for   73 solutions -- hashes active: 24
c [appmc] repeat solutions:     64 checked:     73 out of:    137
c [appmc] simplifying
c [appmc] [    1.14 ] round:  2 hashes:     25
c [appmc] [    1.14 ] bounded_sol_count looking for   73 solutions -- hashes active: 25
c [appmc] repeat solutions:      0 checked:     73 out of:     73
c [appmc] [    1.16 ] round:  2 hashes:     24
c [appmc] [    1.16 ] bounded_sol_count looking for   73 solutions -- hashes active: 24
c [appmc] repeat solutions:     64 checked:     73 out of:    137
c [appmc] simplifying
c [appmc] [    1.27 ] round:  3 hashes:     25
c [appmc] [    1.27 ] bounded_sol_count looking for   73 solutions -- hashes active: 25
c [appmc] repeat solutions:      0 checked:     73 out of:     73
c [appmc] [    1.30 ] round:  3 hashes:     24
c [appmc] [    1.31 ] bounded_sol_count looking for   73 solutions -- hashes active: 24
c [appmc] repeat solutions:     64 checked:     73 out of:    137
c [appmc] simplifying
c [appmc] [    1.41 ] round:  4 hashes:     25
c [appmc] [    1.41 ] bounded_sol_count looking for   73 solutions -- hashes active: 25
c [appmc] repeat solutions:      0 checked:     73 out of:     73
c [appmc] [    1.43 ] round:  4 hashes:     24
c [appmc] [    1.43 ] bounded_sol_count looking for   73 solutions -- hashes active: 24
c [appmc] repeat solutions:     64 checked:     73 out of:    137
c [appmc] simplifying
c [appmc] [    1.52 ] round:  5 hashes:     25
c [appmc] [    1.52 ] bounded_sol_count looking for   73 solutions -- hashes active: 25
c [appmc] repeat solutions:      0 checked:     73 out of:     73
c [appmc] [    1.55 ] round:  5 hashes:     24
c [appmc] [    1.55 ] bounded_sol_count looking for   73 solutions -- hashes active: 24
c [appmc] repeat solutions:     64 checked:     73 out of:    137
c [appmc] simplifying
c [appmc] [    1.65 ] round:  6 hashes:     25
c [appmc] [    1.65 ] bounded_sol_count looking for   73 solutions -- hashes active: 25
c [appmc] repeat solutions:      0 checked:     73 out of:     73
c [appmc] [    1.67 ] round:  6 hashes:     24
c [appmc] [    1.67 ] bounded_sol_count looking for   73 solutions -- hashes active: 24
c [appmc] repeat solutions:     64 checked:     73 out of:    137
c [appmc] simplifying
c [appmc] [    1.77 ] round:  7 hashes:     25
c [appmc] [    1.77 ] bounded_sol_count looking for   73 solutions -- hashes active: 25
c [appmc] repeat solutions:      0 checked:     73 out of:     73
c [appmc] [    1.80 ] round:  7 hashes:     24
c [appmc] [    1.80 ] bounded_sol_count looking for   73 solutions -- hashes active: 24
c [appmc] repeat solutions:     64 checked:     73 out of:    137
c [appmc] simplifying
c [appmc] [    1.90 ] round:  8 hashes:     25
c [appmc] [    1.90 ] bounded_sol_count looking for   73 solutions -- hashes active: 25
c [appmc] repeat solutions:      0 checked:     73 out of:     73
c [appmc] [    1.93 ] round:  8 hashes:     24
c [appmc] [    1.93 ] bounded_sol_count looking for   73 solutions -- hashes active: 24
c [appmc] repeat solutions:     64 checked:     73 out of:    137
c [appmc] ApproxMC T: 1.94 s
c ------- FINAL TOTAL SEARCH STATS ---------
c UIP search time          : 0.29        (8.31      % time)
c restarts                 : 1034        (1.18      confls per restart)
c blocked restarts         : 0           (0.00      per normal restart)
c time                     : 0.29        
c decisions                : 136338      (0.00      % random)
c propagations             : 1035K       (3555K     props/s)
c decisions/conflicts      : 111.94      
c conflicts                : 1218        
c conf lits non-minim      : 45319       (37.21     lit/confl)
c conf lits final          : 29.40       
c red which0               : 3           (0.25      % of confl)
c props/decision           : 0.00        
c props/conflict           : 0.00        
c 0-depth assigns          : 867         (72.01     % vars)
c 0-depth assigns by CNF   : 867         (72.01     % vars)
c reduceDB time            : 0.00        (0.00      % time)
c OccSimplifier time       : 0.67        (19.26     % time)
c [occur] 0.02 is overhead
c [occur] link-in T: 0.01 cleanup T: 0.01
c [occ-substr] long subBySub: 9999 subByStr: 3632 lits-rem-str: 9098 T: 0.65
c SCC time                 : 0.00        (0.02      % time)
c [scc] new: 496 BP 0M  T: 0.00
c vrep replace time        : 0.01        (0.34      % time)
c vrep tree roots          : 157         
c vrep trees' crown        : 457         (2.91      leafs/tree)
c distill long time        : 0.00        (0.00      % time)
c distill bin time         : 0.00        (0.00      % time)
c strength cache-irred time: 0.00        (0.00      % time)
c strength cache-red time  : 0.00        (0.00      % time)
c avg cls in red 0         : 5.20        
c avg cls in red 1         : 768.03      
c avg cls in red 2         : 138.64      
c Conflicts in UIP         : 1218        (347.81    confl/time_this_thread)
c Max Memory (rss) used    : 26152 kB    
c Total time (this thread) : 3.50        
c [appmc+arjun] Total time: 3.50
c [appmc] Number of solutions is: 64*2**25
s SATISFIABLE
s mc 2147483648
** AMH **
c ApproxMC SHA revision efa1667e4e09b2d5f2c61042efe377ce3107fdd3
c ApproxMC version 4.0.1
c ApproxMC compilation env CMAKE_CXX_COMPILER = /usr/bin/c++ | CMAKE_CXX_FLAGS =  -Wall -Wextra -Wunused -Wsign-compare -fno-omit-frame-pointer -Wtype-limits -Wuninitialized -Wno-deprecated -Wstrict-aliasing -Wpointer-arith -fvisibility=hidden -Wpointer-arith -Wformat-nonliteral -Winit-self -Wparentheses -Wunreachable-code -g -fvisibility=hidden -Wlogical-op -Wrestrict -Wnull-dereference -Wdouble-promotion -Wshadow -Wformat=2 -Wextra-semi -pedantic | COMPILE_DEFINES =  -DBOOST_TEST_DYN_LINK | STATICCOMPILE = OFF | Boost_FOUND = TRUE | ZLIB_FOUND = TRUE | VALGRIND_FOUND =  | GMP_FOUND = TRUE | ENABLE_ASSERTIONS = ON | MY_TARGETS =  | compilation date time = Aug  8 2022 16:18:18
c ApproxMC compiled with gcc version 9.4.0
c CryptoMiniSat version 5.11.0
c CMS Copyright (C) 2009-2020 Authors of CryptoMiniSat, see AUTHORS file
c CMS SHA revision 716b89be078f98fb615cf30a1f663b4903c08d9d
c CMS is MIT licensed
c Using VMTF code by Armin Biere from CaDiCaL
c Using Yalsat by Armin Biere, see Balint et al. Improving implementation of SLS solvers [...], SAT'14
c Using WalkSAT by Henry Kautz, see Kautz and Selman Pushing the envelope: planning, propositional logic, and stochastic search, AAAI'96,
c Using code from 'When Boolean Satisfiability Meets Gauss-E. in a Simplex Way'
c       by C.-S. Han and J.-H. Roland Jiang in CAV 2012. Fixes by M. Soos
c Using CCAnr from 'CCAnr: A Conf. Checking Based Local Search Solver [...]'
c       by Shaowei Cai, Chuan Luo, and Kaile Su, SAT 2015
c CMS compilation env CMAKE_CXX_COMPILER = /usr/bin/c++ | CMAKE_CXX_FLAGS =  -fvisibility=hidden -Wall -Wextra -Wunused -Wsign-compare -fno-omit-frame-pointer -Wtype-limits -Wuninitialized -Wno-deprecated -Wstrict-aliasing -Wpointer-arith -Wpointer-arith -Wformat-nonliteral -Winit-self -Wparentheses -Wunreachable-code -g -Wno-class-memaccess -mpopcnt -msse4.2 -ggdb3 -Wlogical-op -Wrestrict -Wnull-dereference -Wdouble-promotion -Wshadow -Wformat=2 -Wextra-semi -pedantic | COMPILE_DEFINES =  -DRDB0_ONLY_FEATURES -DBOOST_TEST_DYN_LINK -DUSE_ZLIB -DYALSAT_FPU | STATICCOMPILE = OFF | ONLY_SIMPLE = OFF | Boost_FOUND = TRUE | STATS = OFF | SQLITE3_FOUND = FALSE | ZLIB_FOUND = TRUE | VALGRIND_FOUND =  | ENABLE_TESTING = OFF | M4RI_FOUND =  | NOM4RI = ON | SLOW_DEBUG = OFF | ENABLE_ASSERTIONS = ON | PYTHON_EXECUTABLE =  | PYTHON_LIBRARY =  | PYTHON_INCLUDE_DIRS =  | MY_TARGETS =  | LARGEMEM = OFF | LIMITMEM = OFF | BREAKID_LIBRARIES =  | BREAKID-VER = . | BOSPHORUS_LIBRARIES =  | BOSPH-VER = . | compilation date time = Aug  8 2022 16:16:45
c CMS compiled with gcc version 9.4.0
c executed with command line: approxmc -s 04 /experiments/results/usqrt-broken.c/04/counterSharp/amh.dimacs
c Arjun SHA revision 416b100492d00bc51dbe98963e981906ddb47d83
c -- header says num vars:           7987
c -- header says num clauses:       39012
c WARNING: Empty line at line number 39310 -- this is not part of the DIMACS specifications (http://www.satcompetition.org/2009/format-benchmarks2009.html). Ignoring.
c -- clauses added: 39012
c -- xor clauses added: 0
c -- vars added 7987
c Original sampling vars: 67 68 69 70 71 72 73 74 75 76 77 78 79 80 81 82 83 84 85 86 87 88 89 90 91 92 93 94 95 96 97 98 
c [appmc] Orig sampling vars size: 32
c --> Executing OCC strategy token(s): 'occ-xor,'
c [occ] mem usage for occur      2 MB
c [occ] Linked in IRRED BIN by default: 4877
c [occ] Linked in RED   BIN by default: 0
c [occ] mem usage for occur      0 MB
c Mem for watch alloc      : 1           MB (11.68     %)
c Mem for watch array      : 0           MB (3.47      %)
c --> Executing OCC strategy token: occ-xor
c [occ-xor] sort occur list T: 0.00
c [xor-clean-equiv] removed equivalent xors: 0 left with: 1235
c [occ-xor] found   1235 avg sz 3.0 min sz  3 max sz  3 T: 0.00 T-out: N T-r: 99.83%
c [occ] mem usage for occur      2 MB
c [occ] Linked in IRRED BIN by default: 4877
c [occ] Linked in RED   BIN by default: 0
c [occ] mem usage for occur      0 MB
c Mem for watch alloc      : 1           MB (11.28     %)
c Mem for watch array      : 0           MB (3.36      %)
c [occ-gates] found:  1743 avg-s: 2.0 T: 0.00 T-out: N T-r: 97.54%
c [occ] mem usage for occur      2 MB
c [occ] Linked in IRRED BIN by default: 4877
c [occ] Linked in RED   BIN by default: 0
c [occ] mem usage for occur      0 MB
c Mem for watch alloc      : 1           MB (11.31     %)
c Mem for watch array      : 0           MB (3.36      %)
c [arjun-simp] GATE-based Potential was: 0 Non-zero OCCs were: 0 removed: 0 perc: 0.00 T: 0.04
c [occ] mem usage for occur      2 MB
c [occ] Linked in IRRED BIN by default: 4877
c [occ] Linked in RED   BIN by default: 0
c [occ] mem usage for occur      0 MB
c Mem for watch alloc      : 1           MB (11.17     %)
c Mem for watch array      : 0           MB (3.31      %)
c [gate-definable] no-cls-match-filt: 32 pico ran: 0 unsat: 0 0-occ: 0 too-many-occ: 0 empty-res: 0
c [arjun-simp] IRREG-GATE-based removed: 0 perc: 0.00 T: 0.01
c [occ] mem usage for occur      2 MB
c [occ] Linked in IRRED BIN by default: 4877
c [occ] Linked in RED   BIN by default: 0
c [occ] mem usage for occur      0 MB
c Mem for watch alloc      : 1           MB (11.17     %)
c Mem for watch array      : 0           MB (3.31      %)
c [cms-equiv-sub] equiv_subformula: 0 empty_occ: 0 T: 0.00
c [arjun-simp] equiv-subform removed: 0 perc: 0.00 total equiv_subform now: 0 T: 0.01
c [arjun-simp] CMS::simplify() with no BVE, intree probe...
c [arjun-simp] CMS::simplify() with no BVE finished. T: 0.09
c [arjun-simp] Removed eq lits: 0 new size: 32
c [arjun-simp] Removed set       : 0 new size: 32
c [arjun-simp] Removed set       : 1 new size: 31
c [arjun-simp] Removed eq lits: 0 new size: 31
c [arjun-simp] probe removed: 1 perc: 3.12 T: 0.01
c [occ] mem usage for occur      1 MB
c [occ] Linked in IRRED BIN by default: 5037
c [occ] Linked in RED   BIN by default: 156
c [occ] mem usage for occur      0 MB
c Mem for watch alloc      : 1           MB (12.78     %)
c Mem for watch array      : 0           MB (2.83      %)
c [cms-equiv-sub] equiv_subformula: 0 empty_occ: 0 T: 0.00
c [arjun-simp] equiv-subform removed: 0 perc: 0.00 total equiv_subform now: 0 T: 0.01
c [arjun-simp] IRREG-GATE-based removed: 0 perc: 0.00 T: 0.01
c [arjun] simplification finished  removed: 1 perc: 3.12 T: 0.18
c [arjun] Duplicating CNF...
c [arjun] Duplicated CNF. T: 0.02
c [arjun] CMS::simplify() with *only* BVE...
c [arjun] CMS::simplify() with *only* BVE finished. T: 1.43
c [arjun] Adding fixed clauses time: 0.00
c [arjun] Start unknown size: 31
c [arjun] backward round finished T: -0.00
c [arjun] get_indep_set finished T: 1.62
c ind 7921 7919 7917 7915 7913 7911 7909 7907 7905 7903 7901 7899 7897 7895 7893 7952 7950 7948 7946 7944 7942 7940 7938 7936 7934 7932 7930 7928 7926 7924 7954 0
c [arjun] final set size:           31 percent of original: 96.8750 %
c [arjun] of which empty occs:       0 percent of original: 0.0000 %
c [appmc] Sampling set size: 31
c [appmc] Sampling set: 7893, 7895, 7897, 7899, 7901, 7903, 7905, 7907, 7909, 7911, 7913, 7915, 7917, 7919, 7921, 7924, 7926, 7928, 7930, 7932, 7934, 7936, 7938, 7940, 7942, 7944, 7946, 7948, 7950, 7952, 7954, 
c [appmc] threshold set to 72 sparse: 0
c [appmc] Starting up, initial measurement
c [appmc] Checking if there are at least threshold+1 solutions...
c [appmc] simplifying
c [appmc] [    0.87 ] bounded_sol_count looking for   73 solutions -- hashes active: 0
c [appmc] repeat solutions:      0 checked:      0 out of:      0
c [appmc] Starting at hash count: 1
c [appmc] [    0.88 ] round:  0 hashes:      1
c [appmc] [    0.88 ] bounded_sol_count looking for   73 solutions -- hashes active: 1
c [appmc] repeat solutions:     31 checked:     73 out of:     73
c [appmc] [    0.89 ] round:  0 hashes:      2
c [appmc] [    0.89 ] bounded_sol_count looking for   73 solutions -- hashes active: 2
c [appmc] repeat solutions:     37 checked:    115 out of:    115
c [appmc] [    0.91 ] round:  0 hashes:      4
c [appmc] [    0.91 ] bounded_sol_count looking for   73 solutions -- hashes active: 4
c [appmc] repeat solutions:     17 checked:    151 out of:    151
c [appmc] [    0.92 ] round:  0 hashes:      8
c [appmc] [    0.92 ] bounded_sol_count looking for   73 solutions -- hashes active: 8
c [appmc] repeat solutions:      6 checked:    207 out of:    207
c [appmc] [    0.95 ] round:  0 hashes:     16
c [appmc] [    0.95 ] bounded_sol_count looking for   73 solutions -- hashes active: 16
c [appmc] repeat solutions:      1 checked:    274 out of:    274
c [appmc] [    0.97 ] round:  0 hashes:     23
c [appmc] [    0.98 ] bounded_sol_count looking for   73 solutions -- hashes active: 23
c [appmc] repeat solutions:      0 checked:    346 out of:    346
c [appmc] [    1.00 ] round:  0 hashes:     27
c [appmc] [    1.00 ] bounded_sol_count looking for   73 solutions -- hashes active: 27
c [appmc] repeat solutions:      7 checked:    419 out of:    419
c [appmc] [    1.01 ] round:  0 hashes:     25
c [appmc] [    1.01 ] bounded_sol_count looking for   73 solutions -- hashes active: 25
c [appmc] repeat solutions:     29 checked:    419 out of:    428
c [appmc] [    1.03 ] round:  0 hashes:     24
c [appmc] [    1.03 ] bounded_sol_count looking for   73 solutions -- hashes active: 24
c [appmc] repeat solutions:     80 checked:    419 out of:    463
c [appmc] simplifying
c [appmc] [    1.12 ] round:  1 hashes:     25
c [appmc] [    1.12 ] bounded_sol_count looking for   73 solutions -- hashes active: 25
c [appmc] repeat solutions:      0 checked:     73 out of:     73
c [appmc] [    1.15 ] round:  1 hashes:     24
c [appmc] [    1.15 ] bounded_sol_count looking for   73 solutions -- hashes active: 24
c [appmc] repeat solutions:     64 checked:     73 out of:    137
c [appmc] simplifying
c [appmc] [    1.25 ] round:  2 hashes:     25
c [appmc] [    1.25 ] bounded_sol_count looking for   73 solutions -- hashes active: 25
c [appmc] repeat solutions:      0 checked:     73 out of:     73
c [appmc] [    1.27 ] round:  2 hashes:     24
c [appmc] [    1.27 ] bounded_sol_count looking for   73 solutions -- hashes active: 24
c [appmc] repeat solutions:     64 checked:     73 out of:    137
c [appmc] simplifying
c [appmc] [    1.38 ] round:  3 hashes:     25
c [appmc] [    1.38 ] bounded_sol_count looking for   73 solutions -- hashes active: 25
c [appmc] repeat solutions:      0 checked:     73 out of:     73
c [appmc] [    1.40 ] round:  3 hashes:     24
c [appmc] [    1.40 ] bounded_sol_count looking for   73 solutions -- hashes active: 24
c [appmc] repeat solutions:     64 checked:     73 out of:    137
c [appmc] simplifying
c [appmc] [    1.51 ] round:  4 hashes:     25
c [appmc] [    1.51 ] bounded_sol_count looking for   73 solutions -- hashes active: 25
c [appmc] repeat solutions:      0 checked:     73 out of:     73
c [appmc] [    1.53 ] round:  4 hashes:     24
c [appmc] [    1.53 ] bounded_sol_count looking for   73 solutions -- hashes active: 24
c [appmc] repeat solutions:     64 checked:     73 out of:    137
c [appmc] simplifying
c [appmc] [    1.63 ] round:  5 hashes:     25
c [appmc] [    1.63 ] bounded_sol_count looking for   73 solutions -- hashes active: 25
c [appmc] repeat solutions:      0 checked:     73 out of:     73
c [appmc] [    1.66 ] round:  5 hashes:     24
c [appmc] [    1.66 ] bounded_sol_count looking for   73 solutions -- hashes active: 24
c [appmc] repeat solutions:     64 checked:     73 out of:    137
c [appmc] simplifying
c [appmc] [    1.77 ] round:  6 hashes:     25
c [appmc] [    1.77 ] bounded_sol_count looking for   73 solutions -- hashes active: 25
c [appmc] repeat solutions:      0 checked:     73 out of:     73
c [appmc] [    1.80 ] round:  6 hashes:     24
c [appmc] [    1.80 ] bounded_sol_count looking for   73 solutions -- hashes active: 24
c [appmc] repeat solutions:     64 checked:     73 out of:    137
c [appmc] simplifying
c [appmc] [    1.90 ] round:  7 hashes:     25
c [appmc] [    1.90 ] bounded_sol_count looking for   73 solutions -- hashes active: 25
c [appmc] repeat solutions:      0 checked:     73 out of:     73
c [appmc] [    1.92 ] round:  7 hashes:     24
c [appmc] [    1.92 ] bounded_sol_count looking for   73 solutions -- hashes active: 24
c [appmc] repeat solutions:     64 checked:     73 out of:    137
c [appmc] simplifying
c [appmc] [    2.02 ] round:  8 hashes:     25
c [appmc] [    2.02 ] bounded_sol_count looking for   73 solutions -- hashes active: 25
c [appmc] repeat solutions:      0 checked:     73 out of:     73
c [appmc] [    2.05 ] round:  8 hashes:     24
c [appmc] [    2.05 ] bounded_sol_count looking for   73 solutions -- hashes active: 24
c [appmc] repeat solutions:     64 checked:     73 out of:    137
c [appmc] ApproxMC T: 2.05 s
c ------- FINAL TOTAL SEARCH STATS ---------
c UIP search time          : 0.26        (7.10      % time)
c restarts                 : 1057        (1.01      confls per restart)
c blocked restarts         : 0           (0.00      per normal restart)
c time                     : 0.26        
c decisions                : 137205      (0.00      % random)
c propagations             : 1054K       (4003K     props/s)
c decisions/conflicts      : 128.23      
c conflicts                : 1070        
c conf lits non-minim      : 41137       (38.45     lit/confl)
c conf lits final          : 29.52       
c red which0               : 0           (0.00      % of confl)
c props/decision           : 0.00        
c props/conflict           : 0.00        
c 0-depth assigns          : 780         (63.93     % vars)
c 0-depth assigns by CNF   : 780         (63.93     % vars)
c reduceDB time            : 0.00        (0.00      % time)
c OccSimplifier time       : 0.75        (20.08     % time)
c [occur] 0.03 is overhead
c [occur] link-in T: 0.03 cleanup T: 0.00
c [occ-substr] long subBySub: 4661 subByStr: 1854 lits-rem-str: 10881 T: 0.70
c SCC time                 : 0.00        (0.12      % time)
c [scc] new: 479 BP 0M  T: 0.00
c vrep replace time        : 0.01        (0.22      % time)
c vrep tree roots          : 105         
c vrep trees' crown        : 479         (4.56      leafs/tree)
c distill long time        : 0.00        (0.00      % time)
c distill bin time         : 0.00        (0.00      % time)
c strength cache-irred time: 0.00        (0.00      % time)
c strength cache-red time  : 0.00        (0.00      % time)
c avg cls in red 0         : 0.00        
c avg cls in red 1         : 818.31      
c avg cls in red 2         : 92.58       
c Conflicts in UIP         : 1070        (288.20    confl/time_this_thread)
c Max Memory (rss) used    : 26216 kB    
c Total time (this thread) : 3.71        
c [appmc+arjun] Total time: 3.71
c [appmc] Number of solutions is: 64*2**25
s SATISFIABLE
s mc 2147483648
** ASM **
c ApproxMC SHA revision efa1667e4e09b2d5f2c61042efe377ce3107fdd3
c ApproxMC version 4.0.1
c ApproxMC compilation env CMAKE_CXX_COMPILER = /usr/bin/c++ | CMAKE_CXX_FLAGS =  -Wall -Wextra -Wunused -Wsign-compare -fno-omit-frame-pointer -Wtype-limits -Wuninitialized -Wno-deprecated -Wstrict-aliasing -Wpointer-arith -fvisibility=hidden -Wpointer-arith -Wformat-nonliteral -Winit-self -Wparentheses -Wunreachable-code -g -fvisibility=hidden -Wlogical-op -Wrestrict -Wnull-dereference -Wdouble-promotion -Wshadow -Wformat=2 -Wextra-semi -pedantic | COMPILE_DEFINES =  -DBOOST_TEST_DYN_LINK | STATICCOMPILE = OFF | Boost_FOUND = TRUE | ZLIB_FOUND = TRUE | VALGRIND_FOUND =  | GMP_FOUND = TRUE | ENABLE_ASSERTIONS = ON | MY_TARGETS =  | compilation date time = Aug  8 2022 16:18:18
c ApproxMC compiled with gcc version 9.4.0
c CryptoMiniSat version 5.11.0
c CMS Copyright (C) 2009-2020 Authors of CryptoMiniSat, see AUTHORS file
c CMS SHA revision 716b89be078f98fb615cf30a1f663b4903c08d9d
c CMS is MIT licensed
c Using VMTF code by Armin Biere from CaDiCaL
c Using Yalsat by Armin Biere, see Balint et al. Improving implementation of SLS solvers [...], SAT'14
c Using WalkSAT by Henry Kautz, see Kautz and Selman Pushing the envelope: planning, propositional logic, and stochastic search, AAAI'96,
c Using code from 'When Boolean Satisfiability Meets Gauss-E. in a Simplex Way'
c       by C.-S. Han and J.-H. Roland Jiang in CAV 2012. Fixes by M. Soos
c Using CCAnr from 'CCAnr: A Conf. Checking Based Local Search Solver [...]'
c       by Shaowei Cai, Chuan Luo, and Kaile Su, SAT 2015
c CMS compilation env CMAKE_CXX_COMPILER = /usr/bin/c++ | CMAKE_CXX_FLAGS =  -fvisibility=hidden -Wall -Wextra -Wunused -Wsign-compare -fno-omit-frame-pointer -Wtype-limits -Wuninitialized -Wno-deprecated -Wstrict-aliasing -Wpointer-arith -Wpointer-arith -Wformat-nonliteral -Winit-self -Wparentheses -Wunreachable-code -g -Wno-class-memaccess -mpopcnt -msse4.2 -ggdb3 -Wlogical-op -Wrestrict -Wnull-dereference -Wdouble-promotion -Wshadow -Wformat=2 -Wextra-semi -pedantic | COMPILE_DEFINES =  -DRDB0_ONLY_FEATURES -DBOOST_TEST_DYN_LINK -DUSE_ZLIB -DYALSAT_FPU | STATICCOMPILE = OFF | ONLY_SIMPLE = OFF | Boost_FOUND = TRUE | STATS = OFF | SQLITE3_FOUND = FALSE | ZLIB_FOUND = TRUE | VALGRIND_FOUND =  | ENABLE_TESTING = OFF | M4RI_FOUND =  | NOM4RI = ON | SLOW_DEBUG = OFF | ENABLE_ASSERTIONS = ON | PYTHON_EXECUTABLE =  | PYTHON_LIBRARY =  | PYTHON_INCLUDE_DIRS =  | MY_TARGETS =  | LARGEMEM = OFF | LIMITMEM = OFF | BREAKID_LIBRARIES =  | BREAKID-VER = . | BOSPHORUS_LIBRARIES =  | BOSPH-VER = . | compilation date time = Aug  8 2022 16:16:45
c CMS compiled with gcc version 9.4.0
c executed with command line: approxmc -s 04 /experiments/results/usqrt-broken.c/04/counterSharp/asm.dimacs
c Arjun SHA revision 416b100492d00bc51dbe98963e981906ddb47d83
c -- header says num vars:           7989
c -- header says num clauses:       39018
c WARNING: Empty line at line number 39318 -- this is not part of the DIMACS specifications (http://www.satcompetition.org/2009/format-benchmarks2009.html). Ignoring.
c -- clauses added: 39018
c -- xor clauses added: 0
c -- vars added 7989
c Original sampling vars: 67 68 69 70 71 72 73 74 75 76 77 78 79 80 81 82 83 84 85 86 87 88 89 90 91 92 93 94 95 96 97 98 
c [appmc] Orig sampling vars size: 32
c --> Executing OCC strategy token(s): 'occ-xor,'
c [occ] mem usage for occur      2 MB
c [occ] Linked in IRRED BIN by default: 4872
c [occ] Linked in RED   BIN by default: 0
c [occ] mem usage for occur      0 MB
c Mem for watch alloc      : 1           MB (11.64     %)
c Mem for watch array      : 0           MB (3.46      %)
c --> Executing OCC strategy token: occ-xor
c [occ-xor] sort occur list T: 0.00
c [xor-clean-equiv] removed equivalent xors: 0 left with: 1235
c [occ-xor] found   1235 avg sz 3.0 min sz  3 max sz  3 T: 0.01 T-out: N T-r: 99.83%
c [occ] mem usage for occur      2 MB
c [occ] Linked in IRRED BIN by default: 4872
c [occ] Linked in RED   BIN by default: 0
c [occ] mem usage for occur      0 MB
c Mem for watch alloc      : 1           MB (11.25     %)
c Mem for watch array      : 0           MB (3.35      %)
c [occ-gates] found:  1742 avg-s: 2.0 T: 0.00 T-out: N T-r: 97.54%
c [occ] mem usage for occur      2 MB
c [occ] Linked in IRRED BIN by default: 4872
c [occ] Linked in RED   BIN by default: 0
c [occ] mem usage for occur      0 MB
c Mem for watch alloc      : 1           MB (11.28     %)
c Mem for watch array      : 0           MB (3.35      %)
c [arjun-simp] GATE-based Potential was: 0 Non-zero OCCs were: 0 removed: 0 perc: 0.00 T: 0.04
c [occ] mem usage for occur      2 MB
c [occ] Linked in IRRED BIN by default: 4872
c [occ] Linked in RED   BIN by default: 0
c [occ] mem usage for occur      0 MB
c Mem for watch alloc      : 1           MB (11.14     %)
c Mem for watch array      : 0           MB (3.31      %)
c [gate-definable] no-cls-match-filt: 32 pico ran: 0 unsat: 0 0-occ: 0 too-many-occ: 0 empty-res: 0
c [arjun-simp] IRREG-GATE-based removed: 0 perc: 0.00 T: 0.00
c [occ] mem usage for occur      2 MB
c [occ] Linked in IRRED BIN by default: 4872
c [occ] Linked in RED   BIN by default: 0
c [occ] mem usage for occur      0 MB
c Mem for watch alloc      : 1           MB (11.14     %)
c Mem for watch array      : 0           MB (3.31      %)
c [cms-equiv-sub] equiv_subformula: 0 empty_occ: 0 T: 0.00
c [arjun-simp] equiv-subform removed: 0 perc: 0.00 total equiv_subform now: 0 T: 0.01
c [arjun-simp] CMS::simplify() with no BVE, intree probe...
c [arjun-simp] CMS::simplify() with no BVE finished. T: 0.09
c [arjun-simp] Removed eq lits: 0 new size: 32
c [arjun-simp] Removed set       : 0 new size: 32
c [arjun-simp] Removed set       : 1 new size: 31
c [arjun-simp] Removed eq lits: 0 new size: 31
c [arjun-simp] probe removed: 1 perc: 3.12 T: 0.01
c [occ] mem usage for occur      1 MB
c [occ] Linked in IRRED BIN by default: 5036
c [occ] Linked in RED   BIN by default: 158
c [occ] mem usage for occur      0 MB
c Mem for watch alloc      : 1           MB (12.77     %)
c Mem for watch array      : 0           MB (2.82      %)
c [cms-equiv-sub] equiv_subformula: 0 empty_occ: 0 T: 0.00
c [arjun-simp] equiv-subform removed: 0 perc: 0.00 total equiv_subform now: 0 T: 0.01
c [arjun-simp] IRREG-GATE-based removed: 0 perc: 0.00 T: 0.01
c [arjun] simplification finished  removed: 1 perc: 3.12 T: 0.24
c [arjun] Duplicating CNF...
c [arjun] Duplicated CNF. T: 0.02
c [arjun] CMS::simplify() with *only* BVE...
c [arjun] CMS::simplify() with *only* BVE finished. T: 2.42
c [arjun] Adding fixed clauses time: 0.00
c [arjun] Start unknown size: 31
c [arjun] backward round finished T: 0.22
c [arjun] get_indep_set finished T: 2.89
c ind 7923 7921 7919 7917 7915 7913 7911 7909 7907 7905 7903 7901 7899 7897 7895 7954 7952 7950 7948 7946 7944 7942 7940 7938 7936 7934 7932 7930 7928 7926 7956 0
c [arjun] final set size:           31 percent of original: 96.8750 %
c [arjun] of which empty occs:       0 percent of original: 0.0000 %
c [appmc] Sampling set size: 31
c [appmc] Sampling set: 7895, 7897, 7899, 7901, 7903, 7905, 7907, 7909, 7911, 7913, 7915, 7917, 7919, 7921, 7923, 7926, 7928, 7930, 7932, 7934, 7936, 7938, 7940, 7942, 7944, 7946, 7948, 7950, 7952, 7954, 7956, 
c [appmc] threshold set to 72 sparse: 0
c [appmc] Starting up, initial measurement
c [appmc] Checking if there are at least threshold+1 solutions...
c [appmc] simplifying
c [appmc] [    1.47 ] bounded_sol_count looking for   73 solutions -- hashes active: 0
c [appmc] repeat solutions:      0 checked:      0 out of:      0
c [appmc] Starting at hash count: 1
c [appmc] [    1.56 ] round:  0 hashes:      1
c [appmc] [    1.56 ] bounded_sol_count looking for   73 solutions -- hashes active: 1
c [appmc] repeat solutions:     40 checked:     73 out of:     73
c [appmc] [    1.59 ] round:  0 hashes:      2
c [appmc] [    1.59 ] bounded_sol_count looking for   73 solutions -- hashes active: 2
c [appmc] repeat solutions:     36 checked:    106 out of:    106
c [appmc] [    1.63 ] round:  0 hashes:      4
c [appmc] [    1.63 ] bounded_sol_count looking for   73 solutions -- hashes active: 4
c [appmc] repeat solutions:     16 checked:    143 out of:    143
c [appmc] [    1.69 ] round:  0 hashes:      8
c [appmc] [    1.69 ] bounded_sol_count looking for   73 solutions -- hashes active: 8
c [appmc] repeat solutions:      4 checked:    200 out of:    200
c [appmc] [    1.78 ] round:  0 hashes:     16
c [appmc] [    1.78 ] bounded_sol_count looking for   73 solutions -- hashes active: 16
c [appmc] repeat solutions:      0 checked:    269 out of:    269
c [appmc] [    1.91 ] round:  0 hashes:     23
c [appmc] [    1.91 ] bounded_sol_count looking for   73 solutions -- hashes active: 23
c [appmc] repeat solutions:      0 checked:    342 out of:    342
c [appmc] [    2.05 ] round:  0 hashes:     27
c [appmc] [    2.05 ] bounded_sol_count looking for   73 solutions -- hashes active: 27
c [appmc] repeat solutions:      5 checked:    415 out of:    415
c [appmc] [    2.08 ] round:  0 hashes:     25
c [appmc] [    2.08 ] bounded_sol_count looking for   73 solutions -- hashes active: 25
c [appmc] repeat solutions:     21 checked:    415 out of:    418
c [appmc] [    2.13 ] round:  0 hashes:     24
c [appmc] [    2.13 ] bounded_sol_count looking for   73 solutions -- hashes active: 24
c [appmc] repeat solutions:     50 checked:    415 out of:    429
c [appmc] simplifying
c [appmc] [    3.10 ] round:  1 hashes:     24
c [appmc] [    3.10 ] bounded_sol_count looking for   73 solutions -- hashes active: 24
c [appmc] repeat solutions:      0 checked:     73 out of:     73
c [appmc] [    3.23 ] round:  1 hashes:     23
c [appmc] [    3.23 ] bounded_sol_count looking for   73 solutions -- hashes active: 23
c [appmc] repeat solutions:     64 checked:     73 out of:    137
c [appmc] simplifying
c [appmc] [    3.97 ] round:  2 hashes:     24
c [appmc] [    3.97 ] bounded_sol_count looking for   73 solutions -- hashes active: 24
c [appmc] repeat solutions:      0 checked:     73 out of:     73
c [appmc] [    4.12 ] round:  2 hashes:     23
c [appmc] [    4.12 ] bounded_sol_count looking for   73 solutions -- hashes active: 23
c [appmc] repeat solutions:     64 checked:     73 out of:    137
c [appmc] simplifying
c [appmc] [    4.85 ] round:  3 hashes:     24
c [appmc] [    4.85 ] bounded_sol_count looking for   73 solutions -- hashes active: 24
c [appmc] repeat solutions:      0 checked:     73 out of:     73
c [appmc] [    4.98 ] round:  3 hashes:     23
c [appmc] [    4.98 ] bounded_sol_count looking for   73 solutions -- hashes active: 23
c [appmc] repeat solutions:     64 checked:     73 out of:    137
c [appmc] simplifying
c [appmc] [    5.73 ] round:  4 hashes:     24
c [appmc] [    5.73 ] bounded_sol_count looking for   73 solutions -- hashes active: 24
c [appmc] repeat solutions:      0 checked:     73 out of:     73
c [appmc] [    5.86 ] round:  4 hashes:     23
c [appmc] [    5.86 ] bounded_sol_count looking for   73 solutions -- hashes active: 23
c [appmc] repeat solutions:     64 checked:     73 out of:    137
c [appmc] simplifying
c [appmc] [    6.58 ] round:  5 hashes:     24
c [appmc] [    6.59 ] bounded_sol_count looking for   73 solutions -- hashes active: 24
c [appmc] repeat solutions:      0 checked:     73 out of:     73
c [appmc] [    6.73 ] round:  5 hashes:     23
c [appmc] [    6.73 ] bounded_sol_count looking for   73 solutions -- hashes active: 23
c [appmc] repeat solutions:     64 checked:     73 out of:    137
c [appmc] simplifying
c [appmc] [    7.45 ] round:  6 hashes:     24
c [appmc] [    7.45 ] bounded_sol_count looking for   73 solutions -- hashes active: 24
c [appmc] repeat solutions:      0 checked:     73 out of:     73
c [appmc] [    7.60 ] round:  6 hashes:     23
c [appmc] [    7.60 ] bounded_sol_count looking for   73 solutions -- hashes active: 23
c [appmc] repeat solutions:     64 checked:     73 out of:    137
c [appmc] simplifying
c [appmc] [    8.32 ] round:  7 hashes:     24
c [appmc] [    8.32 ] bounded_sol_count looking for   73 solutions -- hashes active: 24
c [appmc] repeat solutions:      0 checked:     73 out of:     73
c [appmc] [    8.47 ] round:  7 hashes:     23
c [appmc] [    8.47 ] bounded_sol_count looking for   73 solutions -- hashes active: 23
c [appmc] repeat solutions:     64 checked:     73 out of:    137
c [appmc] simplifying
c [appmc] [    9.16 ] round:  8 hashes:     24
c [appmc] [    9.16 ] bounded_sol_count looking for   73 solutions -- hashes active: 24
c [appmc] repeat solutions:      0 checked:     73 out of:     73
c [appmc] [    9.30 ] round:  8 hashes:     23
c [appmc] [    9.30 ] bounded_sol_count looking for   73 solutions -- hashes active: 23
c [appmc] repeat solutions:     64 checked:     73 out of:    137
c [appmc] ApproxMC T: 9.33 s
c ------- FINAL TOTAL SEARCH STATS ---------
c UIP search time          : 1.82        (14.80     % time)
c restarts                 : 1040        (2.07      confls per restart)
c blocked restarts         : 0           (0.00      per normal restart)
c time                     : 1.82        
c decisions                : 132309      (0.00      % random)
c propagations             : 4580K       (2520K     props/s)
c decisions/conflicts      : 61.42       
c conflicts                : 2154        
c conf lits non-minim      : 130971      (60.80     lit/confl)
c conf lits final          : 30.21       
c red which0               : 9           (0.42      % of confl)
c props/decision           : 0.00        
c props/conflict           : 0.00        
c 0-depth assigns          : 785         (24.06     % vars)
c 0-depth assigns by CNF   : 785         (24.06     % vars)
c reduceDB time            : 0.00        (0.00      % time)
c OccSimplifier time       : 2.61        (21.25     % time)
c [occur] 0.08 is overhead
c [occur] link-in T: 0.05 cleanup T: 0.03
c [occ-substr] long subBySub: 14111 subByStr: 19616 lits-rem-str: 45421 T: 2.33
c SCC time                 : 0.00        (0.03      % time)
c [scc] new: 548 BP 0M  T: 0.00
c vrep replace time        : 0.02        (0.13      % time)
c vrep tree roots          : 111         
c vrep trees' crown        : 485         (4.37      leafs/tree)
c distill long time        : 0.00        (0.00      % time)
c distill bin time         : 0.00        (0.00      % time)
c strength cache-irred time: 0.00        (0.00      % time)
c strength cache-red time  : 0.00        (0.00      % time)
c avg cls in red 0         : 25.83       
c avg cls in red 1         : 2041.01     
c avg cls in red 2         : 366.53      
c Conflicts in UIP         : 2154        (175.40    confl/time_this_thread)
c Max Memory (rss) used    : 29184 kB    
c Total time (this thread) : 12.28       
c [appmc+arjun] Total time: 12.28
c [appmc] Number of solutions is: 64*2**24
s SATISFIABLE
s mc 1073741824
** ASH **
c ApproxMC SHA revision efa1667e4e09b2d5f2c61042efe377ce3107fdd3
c ApproxMC version 4.0.1
c ApproxMC compilation env CMAKE_CXX_COMPILER = /usr/bin/c++ | CMAKE_CXX_FLAGS =  -Wall -Wextra -Wunused -Wsign-compare -fno-omit-frame-pointer -Wtype-limits -Wuninitialized -Wno-deprecated -Wstrict-aliasing -Wpointer-arith -fvisibility=hidden -Wpointer-arith -Wformat-nonliteral -Winit-self -Wparentheses -Wunreachable-code -g -fvisibility=hidden -Wlogical-op -Wrestrict -Wnull-dereference -Wdouble-promotion -Wshadow -Wformat=2 -Wextra-semi -pedantic | COMPILE_DEFINES =  -DBOOST_TEST_DYN_LINK | STATICCOMPILE = OFF | Boost_FOUND = TRUE | ZLIB_FOUND = TRUE | VALGRIND_FOUND =  | GMP_FOUND = TRUE | ENABLE_ASSERTIONS = ON | MY_TARGETS =  | compilation date time = Aug  8 2022 16:18:18
c ApproxMC compiled with gcc version 9.4.0
c CryptoMiniSat version 5.11.0
c CMS Copyright (C) 2009-2020 Authors of CryptoMiniSat, see AUTHORS file
c CMS SHA revision 716b89be078f98fb615cf30a1f663b4903c08d9d
c CMS is MIT licensed
c Using VMTF code by Armin Biere from CaDiCaL
c Using Yalsat by Armin Biere, see Balint et al. Improving implementation of SLS solvers [...], SAT'14
c Using WalkSAT by Henry Kautz, see Kautz and Selman Pushing the envelope: planning, propositional logic, and stochastic search, AAAI'96,
c Using code from 'When Boolean Satisfiability Meets Gauss-E. in a Simplex Way'
c       by C.-S. Han and J.-H. Roland Jiang in CAV 2012. Fixes by M. Soos
c Using CCAnr from 'CCAnr: A Conf. Checking Based Local Search Solver [...]'
c       by Shaowei Cai, Chuan Luo, and Kaile Su, SAT 2015
c CMS compilation env CMAKE_CXX_COMPILER = /usr/bin/c++ | CMAKE_CXX_FLAGS =  -fvisibility=hidden -Wall -Wextra -Wunused -Wsign-compare -fno-omit-frame-pointer -Wtype-limits -Wuninitialized -Wno-deprecated -Wstrict-aliasing -Wpointer-arith -Wpointer-arith -Wformat-nonliteral -Winit-self -Wparentheses -Wunreachable-code -g -Wno-class-memaccess -mpopcnt -msse4.2 -ggdb3 -Wlogical-op -Wrestrict -Wnull-dereference -Wdouble-promotion -Wshadow -Wformat=2 -Wextra-semi -pedantic | COMPILE_DEFINES =  -DRDB0_ONLY_FEATURES -DBOOST_TEST_DYN_LINK -DUSE_ZLIB -DYALSAT_FPU | STATICCOMPILE = OFF | ONLY_SIMPLE = OFF | Boost_FOUND = TRUE | STATS = OFF | SQLITE3_FOUND = FALSE | ZLIB_FOUND = TRUE | VALGRIND_FOUND =  | ENABLE_TESTING = OFF | M4RI_FOUND =  | NOM4RI = ON | SLOW_DEBUG = OFF | ENABLE_ASSERTIONS = ON | PYTHON_EXECUTABLE =  | PYTHON_LIBRARY =  | PYTHON_INCLUDE_DIRS =  | MY_TARGETS =  | LARGEMEM = OFF | LIMITMEM = OFF | BREAKID_LIBRARIES =  | BREAKID-VER = . | BOSPHORUS_LIBRARIES =  | BOSPH-VER = . | compilation date time = Aug  8 2022 16:16:45
c CMS compiled with gcc version 9.4.0
c executed with command line: approxmc -s 04 /experiments/results/usqrt-broken.c/04/counterSharp/ash.dimacs
c Arjun SHA revision 416b100492d00bc51dbe98963e981906ddb47d83
c -- header says num vars:           7989
c -- header says num clauses:       39018
c WARNING: Empty line at line number 39318 -- this is not part of the DIMACS specifications (http://www.satcompetition.org/2009/format-benchmarks2009.html). Ignoring.
c -- clauses added: 39018
c -- xor clauses added: 0
c -- vars added 7989
c Original sampling vars: 67 68 69 70 71 72 73 74 75 76 77 78 79 80 81 82 83 84 85 86 87 88 89 90 91 92 93 94 95 96 97 98 
c [appmc] Orig sampling vars size: 32
c --> Executing OCC strategy token(s): 'occ-xor,'
c [occ] mem usage for occur      2 MB
c [occ] Linked in IRRED BIN by default: 4837
c [occ] Linked in RED   BIN by default: 0
c [occ] mem usage for occur      0 MB
c Mem for watch alloc      : 1           MB (11.67     %)
c Mem for watch array      : 0           MB (3.47      %)
c --> Executing OCC strategy token: occ-xor
c [occ-xor] sort occur list T: 0.00
c [xor-clean-equiv] removed equivalent xors: 0 left with: 1235
c [occ-xor] found   1235 avg sz 3.0 min sz  3 max sz  3 T: 0.01 T-out: N T-r: 99.83%
c [occ] mem usage for occur      2 MB
c [occ] Linked in IRRED BIN by default: 4837
c [occ] Linked in RED   BIN by default: 0
c [occ] mem usage for occur      0 MB
c Mem for watch alloc      : 1           MB (11.28     %)
c Mem for watch array      : 0           MB (3.36      %)
c [occ-gates] found:  1740 avg-s: 2.0 T: 0.00 T-out: N T-r: 97.54%
c [occ] mem usage for occur      2 MB
c [occ] Linked in IRRED BIN by default: 4837
c [occ] Linked in RED   BIN by default: 0
c [occ] mem usage for occur      0 MB
c Mem for watch alloc      : 1           MB (11.30     %)
c Mem for watch array      : 0           MB (3.36      %)
c [arjun-simp] GATE-based Potential was: 0 Non-zero OCCs were: 0 removed: 0 perc: 0.00 T: 0.05
c [occ] mem usage for occur      2 MB
c [occ] Linked in IRRED BIN by default: 4837
c [occ] Linked in RED   BIN by default: 0
c [occ] mem usage for occur      0 MB
c Mem for watch alloc      : 1           MB (11.16     %)
c Mem for watch array      : 0           MB (3.31      %)
c [gate-definable] no-cls-match-filt: 32 pico ran: 0 unsat: 0 0-occ: 0 too-many-occ: 0 empty-res: 0
c [arjun-simp] IRREG-GATE-based removed: 0 perc: 0.00 T: 0.01
c [occ] mem usage for occur      2 MB
c [occ] Linked in IRRED BIN by default: 4837
c [occ] Linked in RED   BIN by default: 0
c [occ] mem usage for occur      0 MB
c Mem for watch alloc      : 1           MB (11.16     %)
c Mem for watch array      : 0           MB (3.31      %)
c [cms-equiv-sub] equiv_subformula: 0 empty_occ: 0 T: 0.00
c [arjun-simp] equiv-subform removed: 0 perc: 0.00 total equiv_subform now: 0 T: 0.01
c [arjun-simp] CMS::simplify() with no BVE, intree probe...
c [arjun-simp] CMS::simplify() with no BVE finished. T: 0.10
c [arjun-simp] Removed eq lits: 0 new size: 32
c [arjun-simp] Removed set       : 0 new size: 32
c [arjun-simp] Removed set       : 1 new size: 31
c [arjun-simp] Removed eq lits: 0 new size: 31
c [arjun-simp] probe removed: 1 perc: 3.12 T: 0.01
c [occ] mem usage for occur      1 MB
c [occ] Linked in IRRED BIN by default: 4999
c [occ] Linked in RED   BIN by default: 155
c [occ] mem usage for occur      0 MB
c Mem for watch alloc      : 1           MB (12.81     %)
c Mem for watch array      : 0           MB (2.84      %)
c [cms-equiv-sub] equiv_subformula: 0 empty_occ: 0 T: 0.00
c [arjun-simp] equiv-subform removed: 0 perc: 0.00 total equiv_subform now: 0 T: 0.01
c [arjun-simp] IRREG-GATE-based removed: 0 perc: 0.00 T: 0.01
c [arjun] simplification finished  removed: 1 perc: 3.12 T: 0.19
c [arjun] Duplicating CNF...
c [arjun] Duplicated CNF. T: 0.01
c [arjun] CMS::simplify() with *only* BVE...
c [arjun] CMS::simplify() with *only* BVE finished. T: 2.34
c [arjun] Adding fixed clauses time: 0.00
c [arjun] Start unknown size: 31
c [arjun] backward round finished T: 0.66
c [arjun] get_indep_set finished T: 3.21
c ind 7923 7921 7919 7917 7915 7913 7911 7909 7907 7905 7903 7901 7899 7897 7895 7954 7952 7950 7948 7946 7944 7942 7940 7938 7936 7934 7932 7930 7928 7926 7956 0
c [arjun] final set size:           31 percent of original: 96.8750 %
c [arjun] of which empty occs:       0 percent of original: 0.0000 %
c [appmc] Sampling set size: 31
c [appmc] Sampling set: 7895, 7897, 7899, 7901, 7903, 7905, 7907, 7909, 7911, 7913, 7915, 7917, 7919, 7921, 7923, 7926, 7928, 7930, 7932, 7934, 7936, 7938, 7940, 7942, 7944, 7946, 7948, 7950, 7952, 7954, 7956, 
c [appmc] threshold set to 72 sparse: 0
c [appmc] Starting up, initial measurement
c [appmc] Checking if there are at least threshold+1 solutions...
c [appmc] simplifying
c [appmc] [    1.33 ] bounded_sol_count looking for   73 solutions -- hashes active: 0
c [appmc] repeat solutions:      0 checked:      0 out of:      0
c [appmc] Starting at hash count: 1
c [appmc] [    1.40 ] round:  0 hashes:      1
c [appmc] [    1.40 ] bounded_sol_count looking for   73 solutions -- hashes active: 1
c [appmc] repeat solutions:     39 checked:     73 out of:     73
c [appmc] [    1.44 ] round:  0 hashes:      2
c [appmc] [    1.44 ] bounded_sol_count looking for   73 solutions -- hashes active: 2
c [appmc] repeat solutions:     38 checked:    107 out of:    107
c [appmc] [    1.48 ] round:  0 hashes:      4
c [appmc] [    1.48 ] bounded_sol_count looking for   73 solutions -- hashes active: 4
c [appmc] repeat solutions:     17 checked:    142 out of:    142
c [appmc] [    1.54 ] round:  0 hashes:      8
c [appmc] [    1.54 ] bounded_sol_count looking for   73 solutions -- hashes active: 8
c [appmc] repeat solutions:      4 checked:    198 out of:    198
c [appmc] [    1.62 ] round:  0 hashes:     16
c [appmc] [    1.62 ] bounded_sol_count looking for   73 solutions -- hashes active: 16
c [appmc] repeat solutions:      0 checked:    267 out of:    267
c [appmc] [    1.71 ] round:  0 hashes:     23
c [appmc] [    1.71 ] bounded_sol_count looking for   73 solutions -- hashes active: 23
c [appmc] repeat solutions:      1 checked:    340 out of:    340
c [appmc] [    1.79 ] round:  0 hashes:     27
c [appmc] [    1.79 ] bounded_sol_count looking for   73 solutions -- hashes active: 27
c [appmc] repeat solutions:      4 checked:    412 out of:    412
c [appmc] [    1.81 ] round:  0 hashes:     25
c [appmc] [    1.81 ] bounded_sol_count looking for   73 solutions -- hashes active: 25
c [appmc] repeat solutions:     24 checked:    412 out of:    416
c [appmc] [    1.86 ] round:  0 hashes:     24
c [appmc] [    1.86 ] bounded_sol_count looking for   73 solutions -- hashes active: 24
c [appmc] repeat solutions:     49 checked:    412 out of:    424
c [appmc] simplifying
c [appmc] [    2.86 ] round:  1 hashes:     24
c [appmc] [    2.86 ] bounded_sol_count looking for   73 solutions -- hashes active: 24
c [appmc] repeat solutions:      0 checked:     73 out of:     73
c [appmc] [    2.99 ] round:  1 hashes:     23
c [appmc] [    2.99 ] bounded_sol_count looking for   73 solutions -- hashes active: 23
c [appmc] repeat solutions:     64 checked:     73 out of:    137
c [appmc] simplifying
c [appmc] [    3.64 ] round:  2 hashes:     24
c [appmc] [    3.64 ] bounded_sol_count looking for   73 solutions -- hashes active: 24
c [appmc] repeat solutions:      0 checked:     73 out of:     73
c [appmc] [    3.79 ] round:  2 hashes:     23
c [appmc] [    3.79 ] bounded_sol_count looking for   73 solutions -- hashes active: 23
c [appmc] repeat solutions:     64 checked:     73 out of:    137
c [appmc] simplifying
c [appmc] [    4.51 ] round:  3 hashes:     24
c [appmc] [    4.51 ] bounded_sol_count looking for   73 solutions -- hashes active: 24
c [appmc] repeat solutions:      0 checked:     73 out of:     73
c [appmc] [    4.64 ] round:  3 hashes:     23
c [appmc] [    4.64 ] bounded_sol_count looking for   73 solutions -- hashes active: 23
c [appmc] repeat solutions:     64 checked:     73 out of:    137
c [appmc] simplifying
c [appmc] [    5.35 ] round:  4 hashes:     24
c [appmc] [    5.35 ] bounded_sol_count looking for   73 solutions -- hashes active: 24
c [appmc] repeat solutions:      0 checked:     73 out of:     73
c [appmc] [    5.47 ] round:  4 hashes:     23
c [appmc] [    5.47 ] bounded_sol_count looking for   73 solutions -- hashes active: 23
c [appmc] repeat solutions:     64 checked:     73 out of:    137
c [appmc] simplifying
c [appmc] [    6.18 ] round:  5 hashes:     24
c [appmc] [    6.18 ] bounded_sol_count looking for   73 solutions -- hashes active: 24
c [appmc] repeat solutions:      0 checked:     73 out of:     73
c [appmc] [    6.32 ] round:  5 hashes:     23
c [appmc] [    6.32 ] bounded_sol_count looking for   73 solutions -- hashes active: 23
c [appmc] repeat solutions:     64 checked:     73 out of:    137
c [appmc] simplifying
c [appmc] [    7.01 ] round:  6 hashes:     24
c [appmc] [    7.01 ] bounded_sol_count looking for   73 solutions -- hashes active: 24
c [appmc] repeat solutions:      0 checked:     73 out of:     73
c [appmc] [    7.15 ] round:  6 hashes:     23
c [appmc] [    7.15 ] bounded_sol_count looking for   73 solutions -- hashes active: 23
c [appmc] repeat solutions:     64 checked:     73 out of:    137
c [appmc] simplifying
c [appmc] [    7.85 ] round:  7 hashes:     24
c [appmc] [    7.85 ] bounded_sol_count looking for   73 solutions -- hashes active: 24
c [appmc] repeat solutions:      0 checked:     73 out of:     73
c [appmc] [    7.99 ] round:  7 hashes:     23
c [appmc] [    7.99 ] bounded_sol_count looking for   73 solutions -- hashes active: 23
c [appmc] repeat solutions:     64 checked:     73 out of:    137
c [appmc] simplifying
c [appmc] [    8.68 ] round:  8 hashes:     24
c [appmc] [    8.68 ] bounded_sol_count looking for   73 solutions -- hashes active: 24
c [appmc] repeat solutions:      0 checked:     73 out of:     73
c [appmc] [    8.81 ] round:  8 hashes:     23
c [appmc] [    8.81 ] bounded_sol_count looking for   73 solutions -- hashes active: 23
c [appmc] repeat solutions:     64 checked:     73 out of:    137
c [appmc] ApproxMC T: 8.82 s
c ------- FINAL TOTAL SEARCH STATS ---------
c UIP search time          : 1.62        (13.46     % time)
c restarts                 : 1034        (1.68      confls per restart)
c blocked restarts         : 0           (0.00      per normal restart)
c time                     : 1.62        
c decisions                : 131648      (0.00      % random)
c propagations             : 4576K       (2819K     props/s)
c decisions/conflicts      : 75.62       
c conflicts                : 1741        
c conf lits non-minim      : 86069       (49.44     lit/confl)
c conf lits final          : 29.33       
c red which0               : 1           (0.06      % of confl)
c props/decision           : 0.00        
c props/conflict           : 0.00        
c 0-depth assigns          : 789         (24.22     % vars)
c 0-depth assigns by CNF   : 789         (24.22     % vars)
c reduceDB time            : 0.00        (0.00      % time)
c OccSimplifier time       : 2.24        (18.59     % time)
c [occur] 0.07 is overhead
c [occur] link-in T: 0.04 cleanup T: 0.03
c [occ-substr] long subBySub: 14099 subByStr: 19602 lits-rem-str: 46552 T: 1.98
c SCC time                 : 0.02        (0.20      % time)
c [scc] new: 548 BP 0M  T: 0.02
c vrep replace time        : 0.01        (0.10      % time)
c vrep tree roots          : 111         
c vrep trees' crown        : 485         (4.37      leafs/tree)
c distill long time        : 0.00        (0.00      % time)
c distill bin time         : 0.00        (0.00      % time)
c strength cache-irred time: 0.00        (0.00      % time)
c strength cache-red time  : 0.00        (0.00      % time)
c avg cls in red 0         : 1.00        
c avg cls in red 1         : 1959.33     
c avg cls in red 2         : 142.54      
c Conflicts in UIP         : 1741        (144.39    confl/time_this_thread)
c Max Memory (rss) used    : 29504 kB    
c Total time (this thread) : 12.06       
c [appmc+arjun] Total time: 12.06
c [appmc] Number of solutions is: 64*2**24
s SATISFIABLE
s mc 1073741824
