
Abstract Syntax:
[ 1:]
int main( ):
[ 2:] $2{x} := [0,999]
[ 3:] $3{y} := [0,999]
[ 4:] input:
[ 5:] while [ 6:] ( $2{x} >= 0 ) do
[ 7:]   $2{x} := $2{x} - 1
[ 8:]   $3{y} := $3{y} + [-1,1]
[ 9:]
      od
[10:] assert( $3{y} > 500 )
[11:] $1{$1} := 0
[12:] return
[13:]
polyhedra

Forward Analysis:
[ 1:]: top
[ 2:]: top
[ 3:]: $2{x} >= 0 && -$2{x} >= -999
[ 4:]: $2{x} >= 0 && $3{y} >= 0 && -$3{y} >= -999 && -$2{x} >= -999
[ 5:]: $2{x} >= 0 && $3{y} >= 0 && -$3{y} >= -999 && -$2{x} >= -999
[ 6:] unwind 0: $2{x} >= 0 && $3{y} >= 0 && -$3{y} >= -999 && -$2{x} >= -999
[ 6:] unwind 1: $2{x} >= -1 && $3{y} >= -1 && -$3{y} >= -1000 && -$2{x}+$3{y} >= -999 && -$2{x} >= -999 && -$2{x}-$3{y} >= -1998
[ 6:] unwind 2: $2{x} >= -1 && $3{y} >= -2 && -$3{y} >= -1001 && -$2{x}+$3{y} >= -999 && -$2{x} >= -999 && -$2{x}-$3{y} >= -1998
[ 6:] unwind >2: $2{x} >= -1 && -$2{x}+$3{y} >= -999 && -$2{x} >= -998 && -$2{x}-$3{y} >= -1998
[ 7:]: $2{x} >= 0 && -$2{x}+$3{y} >= -999 && -$2{x} >= -999 && -$2{x}-$3{y} >= -1998
[ 8:]: $2{x} >= -1 && -$2{x}+$3{y} >= -998 && -$2{x} >= -998 && -$2{x}-$3{y} >= -1997
[ 9:]: $2{x} >= -1 && -$2{x}+$3{y} >= -999 && -$2{x} >= -998 && -$2{x}-$3{y} >= -1998
[10:]: $3{y} >= -1000 && -$3{y} >= -1999 && $2{x} == -1
[11:]: $3{y} >= 501 && -$3{y} >= -1999 && $2{x} == -1
[12:]: $3{y} >= 501 && -$3{y} >= -1999 && $1{$1} == 0 && $2{x} == -1
[13:]: bottom
y x 
Backward OverApproximating Analysis Sat :
[13:]: top
[12:]: bottom
[11:]: bottom
[10:]: $3{y} >= 501 && -$3{y} >= -1999 && $2{x} == -1
[ 9:]: $2{x} >= -1 && $3{y} >= 503 && -$3{y} >= -1000 && -$2{x} >= -1
[ 8:]: $2{x} >= -1 && $3{y} >= 504 && -$3{y} >= -999 && -$2{x} >= -1
[ 7:]: $2{x} >= 0 && $3{y} >= 504 && -$3{y} >= -999 && -$2{x} >= -2
[ 6:] unwind >2: $2{x} >= -1 && $3{y} >= 502 && -$3{y} >= -1001 && -$2{x} >= 0
[ 6:] unwind 2: $2{x} >= -1 && $3{y} >= 503 && -$3{y} >= -1000 && -$2{x} >= -1
[ 6:] unwind 1: $2{x} >= -1 && $3{y} >= 504 && -$3{y} >= -999 && -$2{x} >= -2
[ 6:] unwind 0: $2{x} >= -1 && $3{y} >= 504 && -$3{y} >= -999 && -$2{x} >= -2
[ 5:]: $2{x} >= 0 && $3{y} >= 504 && -$3{y} >= -999 && -$2{x} >= -2
[ 4:]: $2{x} >= 0 && $3{y} >= 504 && -$3{y} >= -999 && -$2{x} >= -2
[ 3:]: bottom
[ 2:]: bottom
[ 1:]: bottom
y x 
Backward OverApproximating Analysis Viol :
[13:]: top
[12:]: bottom
[11:]: bottom
[10:]: $3{y} >= -1000 && -$3{y} >= -500 && $2{x} == -1
[ 9:]: $2{x} >= -1 && $3{y} >= -1 && -$3{y} >= -498 && -$2{x} >= -1
[ 8:]: $2{x} >= -1 && $3{y} >= 0 && -$3{y} >= -497 && -$2{x} >= -1
[ 7:]: $2{x} >= 0 && $3{y} >= 0 && -$3{y} >= -497 && -$2{x} >= -2
[ 6:] unwind >2: $2{x} >= -1 && $3{y} >= -2 && -$3{y} >= -499 && -$2{x} >= 0
[ 6:] unwind 2: $2{x} >= -1 && $3{y} >= -1 && -$3{y} >= -498 && -$2{x} >= -1
[ 6:] unwind 1: $2{x} >= -1 && $3{y} >= 0 && -$3{y} >= -497 && -$2{x} >= -2
[ 6:] unwind 0: $2{x} >= -1 && $3{y} >= 0 && -$3{y} >= -497 && -$2{x} >= -2
[ 5:]: $2{x} >= 0 && $3{y} >= 0 && -$3{y} >= -497 && -$2{x} >= -2
[ 4:]: $2{x} >= 0 && $3{y} >= 0 && -$3{y} >= -497 && -$2{x} >= -2
[ 3:]: bottom
[ 2:]: bottom
[ 1:]: bottom
Analysis Result: 
APPROX. PROBABLITY OF SATISFACTION BETWEEN: 0.0015 percent AND 0.9986 percent 
APPROX. PROBABLITY OF VIOLATION BETWEEN: 0.0015 percent AND 0.9986 percent 
Total Time: 0.032795 s
Analysis Time: 0.032281 s
Probability Time: 0.000515 s
Done.
