** CON **
[runlim] version:		1.10
[runlim] time limit:		311040000 seconds
[runlim] real time limit:	300 seconds
[runlim] space limit:		2048 MB
[runlim] argv[0]:		ganak
[runlim] argv[1]:		-t
[runlim] argv[2]:		300
[runlim] argv[3]:		-cs
[runlim] argv[4]:		1024
[runlim] argv[5]:		-seed
[runlim] argv[6]:		03
[runlim] argv[7]:		/experiments/results/example7b.c/03/counterSharp/con.dimacs
[runlim] start:			Sun Nov  1 07:53:19 2020
[runlim] main pid:		3960
[runlim] end:			Sun Nov  1 07:53:19 2020
[runlim] status:		ok
[runlim] result:		0
[runlim] children:		0
[runlim] real:			0.91 seconds
[runlim] time:			0.00 seconds
[runlim] space:			0.0 MB
[runlim] samples:		0
** AMM **
[runlim] version:		1.10
[runlim] time limit:		311040000 seconds
[runlim] real time limit:	300 seconds
[runlim] space limit:		2048 MB
[runlim] argv[0]:		ganak
[runlim] argv[1]:		-t
[runlim] argv[2]:		300
[runlim] argv[3]:		-cs
[runlim] argv[4]:		1024
[runlim] argv[5]:		-seed
[runlim] argv[6]:		03
[runlim] argv[7]:		/experiments/results/example7b.c/03/counterSharp/amm.dimacs
[runlim] start:			Sun Nov  1 07:53:19 2020
[runlim] main pid:		3962
[runlim] sample:		10.0 time, 10.9 real, 95.3 MB
[runlim] sample:		19.9 time, 20.9 real, 173.1 MB
[runlim] sample:		29.9 time, 30.9 real, 261.2 MB
[runlim] sample:		39.9 time, 40.9 real, 336.2 MB
[runlim] sample:		49.9 time, 50.9 real, 422.7 MB
[runlim] sample:		59.9 time, 60.9 real, 504.3 MB
[runlim] sample:		69.9 time, 70.9 real, 583.4 MB
[runlim] sample:		79.9 time, 80.9 real, 661.2 MB
[runlim] sample:		89.9 time, 90.9 real, 740.9 MB
[runlim] sample:		99.9 time, 100.9 real, 818.7 MB
[runlim] sample:		109.9 time, 110.9 real, 894.0 MB
[runlim] sample:		119.9 time, 120.9 real, 961.7 MB
[runlim] sample:		129.9 time, 130.9 real, 1024.6 MB
[runlim] sample:		139.9 time, 140.9 real, 1042.9 MB
[runlim] sample:		149.9 time, 150.9 real, 1042.9 MB
[runlim] sample:		159.9 time, 160.9 real, 1044.9 MB
[runlim] sample:		169.9 time, 170.9 real, 1044.9 MB
[runlim] sample:		179.9 time, 180.9 real, 1047.1 MB
[runlim] sample:		189.9 time, 190.9 real, 1047.1 MB
[runlim] sample:		199.9 time, 200.9 real, 1048.4 MB
[runlim] sample:		209.9 time, 210.9 real, 1050.4 MB
[runlim] sample:		219.9 time, 220.9 real, 1050.4 MB
[runlim] sample:		229.9 time, 230.9 real, 1052.4 MB
[runlim] sample:		239.8 time, 240.9 real, 1052.4 MB
[runlim] sample:		249.8 time, 250.9 real, 1054.4 MB
[runlim] sample:		259.9 time, 260.9 real, 1054.4 MB
[runlim] sample:		269.8 time, 270.9 real, 1056.4 MB
[runlim] sample:		279.8 time, 280.9 real, 1056.4 MB
[runlim] sample:		289.8 time, 290.9 real, 1058.4 MB
[runlim] end:			Sun Nov  1 07:58:19 2020
[runlim] status:		out of time
[runlim] result:		2
[runlim] children:		0
[runlim] real:			300.04 seconds
[runlim] time:			298.92 seconds
[runlim] space:			1058.4 MB
[runlim] samples:		2991
** AMH **
[runlim] version:		1.10
[runlim] time limit:		311040000 seconds
[runlim] real time limit:	300 seconds
[runlim] space limit:		2048 MB
[runlim] argv[0]:		ganak
[runlim] argv[1]:		-t
[runlim] argv[2]:		300
[runlim] argv[3]:		-cs
[runlim] argv[4]:		1024
[runlim] argv[5]:		-seed
[runlim] argv[6]:		03
[runlim] argv[7]:		/experiments/results/example7b.c/03/counterSharp/amh.dimacs
[runlim] start:			Sun Nov  1 07:58:19 2020
[runlim] main pid:		3964
[runlim] end:			Sun Nov  1 07:58:21 2020
[runlim] status:		ok
[runlim] result:		0
[runlim] children:		0
[runlim] real:			2.20 seconds
[runlim] time:			2.08 seconds
[runlim] space:			23.0 MB
[runlim] samples:		21
** ASM **
[runlim] version:		1.10
[runlim] time limit:		311040000 seconds
[runlim] real time limit:	300 seconds
[runlim] space limit:		2048 MB
[runlim] argv[0]:		ganak
[runlim] argv[1]:		-t
[runlim] argv[2]:		300
[runlim] argv[3]:		-cs
[runlim] argv[4]:		1024
[runlim] argv[5]:		-seed
[runlim] argv[6]:		03
[runlim] argv[7]:		/experiments/results/example7b.c/03/counterSharp/asm.dimacs
[runlim] start:			Sun Nov  1 07:58:21 2020
[runlim] main pid:		3966
[runlim] end:			Sun Nov  1 07:58:23 2020
[runlim] status:		ok
[runlim] result:		0
[runlim] children:		0
[runlim] real:			2.54 seconds
[runlim] time:			2.28 seconds
[runlim] space:			21.4 MB
[runlim] samples:		23
** ASH **
[runlim] version:		1.10
[runlim] time limit:		311040000 seconds
[runlim] real time limit:	300 seconds
[runlim] space limit:		2048 MB
[runlim] argv[0]:		ganak
[runlim] argv[1]:		-t
[runlim] argv[2]:		300
[runlim] argv[3]:		-cs
[runlim] argv[4]:		1024
[runlim] argv[5]:		-seed
[runlim] argv[6]:		03
[runlim] argv[7]:		/experiments/results/example7b.c/03/counterSharp/ash.dimacs
[runlim] start:			Sun Nov  1 07:58:23 2020
[runlim] main pid:		3968
[runlim] end:			Sun Nov  1 07:58:25 2020
[runlim] status:		ok
[runlim] result:		0
[runlim] children:		0
[runlim] real:			2.49 seconds
[runlim] time:			1.89 seconds
[runlim] space:			20.9 MB
[runlim] samples:		19
