** CON **
[runlim] version:		1.10
[runlim] time limit:		311040000 seconds
[runlim] real time limit:	300 seconds
[runlim] space limit:		2048 MB
[runlim] argv[0]:		approxmc
[runlim] argv[1]:		-s
[runlim] argv[2]:		05
[runlim] argv[3]:		/experiments/results/example7a.c/05/counterSharp/con.dimacs
[runlim] start:			Mon Aug  8 18:24:06 2022
[runlim] main pid:		2901
[runlim] end:			Mon Aug  8 18:24:06 2022
[runlim] status:		ok
[runlim] result:		0
[runlim] children:		0
[runlim] real:			0.72 seconds
[runlim] time:			0.00 seconds
[runlim] space:			0.0 MB
[runlim] samples:		0
** AMM **
[runlim] version:		1.10
[runlim] time limit:		311040000 seconds
[runlim] real time limit:	300 seconds
[runlim] space limit:		2048 MB
[runlim] argv[0]:		approxmc
[runlim] argv[1]:		-s
[runlim] argv[2]:		05
[runlim] argv[3]:		/experiments/results/example7a.c/05/counterSharp/amm.dimacs
[runlim] start:			Mon Aug  8 18:24:06 2022
[runlim] main pid:		2903
[runlim] end:			Mon Aug  8 18:24:07 2022
[runlim] status:		ok
[runlim] result:		0
[runlim] children:		0
[runlim] real:			1.99 seconds
[runlim] time:			1.19 seconds
[runlim] space:			17.8 MB
[runlim] samples:		12
** AMH **
[runlim] version:		1.10
[runlim] time limit:		311040000 seconds
[runlim] real time limit:	300 seconds
[runlim] space limit:		2048 MB
[runlim] argv[0]:		approxmc
[runlim] argv[1]:		-s
[runlim] argv[2]:		05
[runlim] argv[3]:		/experiments/results/example7a.c/05/counterSharp/amh.dimacs
[runlim] start:			Mon Aug  8 18:24:07 2022
[runlim] main pid:		2905
[runlim] end:			Mon Aug  8 18:24:09 2022
[runlim] status:		ok
[runlim] result:		0
[runlim] children:		0
[runlim] real:			2.12 seconds
[runlim] time:			1.07 seconds
[runlim] space:			10.6 MB
[runlim] samples:		11
** ASM **
[runlim] version:		1.10
[runlim] time limit:		311040000 seconds
[runlim] real time limit:	300 seconds
[runlim] space limit:		2048 MB
[runlim] argv[0]:		approxmc
[runlim] argv[1]:		-s
[runlim] argv[2]:		05
[runlim] argv[3]:		/experiments/results/example7a.c/05/counterSharp/asm.dimacs
[runlim] start:			Mon Aug  8 18:24:09 2022
[runlim] main pid:		2907
[runlim] end:			Mon Aug  8 18:24:10 2022
[runlim] status:		ok
[runlim] result:		0
[runlim] children:		0
[runlim] real:			1.09 seconds
[runlim] time:			0.89 seconds
[runlim] space:			10.3 MB
[runlim] samples:		9
** ASH **
[runlim] version:		1.10
[runlim] time limit:		311040000 seconds
[runlim] real time limit:	300 seconds
[runlim] space limit:		2048 MB
[runlim] argv[0]:		approxmc
[runlim] argv[1]:		-s
[runlim] argv[2]:		05
[runlim] argv[3]:		/experiments/results/example7a.c/05/counterSharp/ash.dimacs
[runlim] start:			Mon Aug  8 18:24:10 2022
[runlim] main pid:		2909
[runlim] end:			Mon Aug  8 18:24:11 2022
[runlim] status:		ok
[runlim] result:		0
[runlim] children:		0
[runlim] real:			1.12 seconds
[runlim] time:			0.99 seconds
[runlim] space:			10.7 MB
[runlim] samples:		10
