[runlim] version:		1.10
[runlim] time limit:		311040000 seconds
[runlim] real time limit:	900 seconds
[runlim] space limit:		2048 MB
[runlim] argv[0]:		python
[runlim] argv[1]:		-m
[runlim] argv[2]:		counterSharp
[runlim] argv[3]:		--amm
[runlim] argv[4]:		/tmp/steuber/experiment/amm.dimacs
[runlim] argv[5]:		--amh
[runlim] argv[6]:		/tmp/steuber/experiment/amh.dimacs
[runlim] argv[7]:		--asm
[runlim] argv[8]:		/tmp/steuber/experiment/asm.dimacs
[runlim] argv[9]:		--ash
[runlim] argv[10]:		/tmp/steuber/experiment/ash.dimacs
[runlim] argv[11]:		--con
[runlim] argv[12]:		/tmp/steuber/experiment/con.dimacs
[runlim] argv[13]:		-d
[runlim] argv[14]:		--function
[runlim] argv[15]:		testfun
[runlim] argv[16]:		--unwind
[runlim] argv[17]:		1001
[runlim] argv[18]:		/home/i12/steuber/counting/counterSharp-experiments/benchmarks/example7b-2.c
[runlim] start:			Thu Oct 29 15:04:32 2020
[runlim] main pid:		10239
[counterSharp.util.Config] DEBUG: Input files: ['/home/i12/steuber/counting/counterSharp-experiments/benchmarks/example7b-2.c']
[counterSharp.source.SourceManager] DEBUG: /tmp/steuber/experiment/tmpet964sw7.c
[counterSharp.cbmc.CBMCManager] DEBUG: cbmc --verbosity 4 --function testfun --dimacs --slice-formula --unwind 1001 --no-assertions --no-assumptions --unwinding-assertions /tmp/steuber/experiment/tmpet964sw7.c
[runlim] sample:		1.6 time, 11.0 real, 126.2 MB
[counterSharp.cbmc.CBMCManager] DEBUG: cbmc --verbosity 4 --function testfun --dimacs --slice-formula --unwind 1001 --property testfun.assertion.1 /tmp/steuber/experiment/tmpet964sw7.c
[runlim] sample:		3.5 time, 21.0 real, 347.3 MB
[runlim] sample:		3.0 time, 31.0 real, 401.5 MB
[counterSharp.cbmc.CBMCManager] DEBUG: cbmc --verbosity 4 --function testfun --dimacs --slice-formula --unwind 1001 --property testfun.assertion.2 /tmp/steuber/experiment/tmpet964sw7.c
[runlim] sample:		7.7 time, 41.0 real, 522.4 MB
[counterSharp.cbmc.CBMCManager] DEBUG: cbmc --verbosity 4 --function testfun --dimacs --slice-formula --unwind 1001 --property testfun.assertion.3 /tmp/steuber/experiment/tmpet964sw7.c
[runlim] sample:		12.4 time, 51.0 real, 401.0 MB
[counterSharp.cbmc.CBMCManager] DEBUG: cbmc --verbosity 4 --function testfun --dimacs --slice-formula --unwind 1001 --property testfun.assertion.4 /tmp/steuber/experiment/tmpet964sw7.c
[runlim] sample:		11.5 time, 61.0 real, 443.3 MB
[runlim] sample:		10.4 time, 71.0 real, 402.8 MB
[runlim] end:			Thu Oct 29 15:05:43 2020
[runlim] status:		ok
[runlim] result:		0
[runlim] children:		599
[runlim] real:			71.89 seconds
[runlim] time:			14.66 seconds
[runlim] space:			889.2 MB
[runlim] samples:		709
