** counterSharp **
[runlim] version:		1.10
[runlim] time limit:		311040000 seconds
[runlim] real time limit:	14400 seconds
[runlim] space limit:		2048 MB
[runlim] argv[0]:		python
[runlim] argv[1]:		-m
[runlim] argv[2]:		counterSharp
[runlim] argv[3]:		--amm
[runlim] argv[4]:		/home/steuber/Dokumente/Bench/FP/experiments/results/rangesum07.c/05/amm.dimacs
[runlim] argv[5]:		--amh
[runlim] argv[6]:		/home/steuber/Dokumente/Bench/FP/experiments/results/rangesum07.c/05/amh.dimacs
[runlim] argv[7]:		--asm
[runlim] argv[8]:		/home/steuber/Dokumente/Bench/FP/experiments/results/rangesum07.c/05/asm.dimacs
[runlim] argv[9]:		--ash
[runlim] argv[10]:		/home/steuber/Dokumente/Bench/FP/experiments/results/rangesum07.c/05/ash.dimacs
[runlim] argv[11]:		-d
[runlim] argv[12]:		--function
[runlim] argv[13]:		testfun
[runlim] argv[14]:		--unwind
[runlim] argv[15]:		8
[runlim] argv[16]:		/home/steuber/Dokumente/Bench/FP/experiments/benchmarks/rangesum07.c
[runlim] start:			Tue Aug 18 15:14:28 2020
[runlim] main pid:		9311
[counterSharp.util.Config] DEBUG: Input files: ['/home/steuber/Dokumente/Bench/FP/experiments/benchmarks/rangesum07.c']
[counterSharp.source.SourceManager] DEBUG: /tmp/tmplt976d0k.c
[counterSharp.cbmc.CBMCManager] DEBUG: cbmc --verbosity 4 --function testfun --dimacs --unwind 8 --property testfun.assertion.1 /tmp/tmplt976d0k.c
[counterSharp.cbmc.CBMCManager] DEBUG: cbmc --verbosity 4 --function testfun --dimacs --unwind 8 --property testfun.assertion.2 /tmp/tmplt976d0k.c
[counterSharp.cbmc.CBMCManager] DEBUG: cbmc --verbosity 4 --function testfun --dimacs --unwind 8 --property testfun.assertion.3 /tmp/tmplt976d0k.c
[counterSharp.cbmc.CBMCManager] DEBUG: cbmc --verbosity 4 --function testfun --dimacs --unwind 8 --property testfun.assertion.4 /tmp/tmplt976d0k.c
[counterSharp.cbmc.CBMCManager] INFO: Did not write file /home/steuber/Dokumente/Bench/FP/experiments/results/rangesum07.c/05/amm.dimacs: State not reachable
[runlim] end:			Tue Aug 18 15:14:28 2020
[runlim] status:		ok
[runlim] result:		0
[runlim] children:		3
[runlim] real:			0.98 seconds
[runlim] time:			0.29 seconds
[runlim] space:			27.4 MB
[runlim] samples:		6
** AMM **
[runlim] version:		1.10
[runlim] time limit:		311040000 seconds
[runlim] real time limit:	14400 seconds
[runlim] space limit:		2048 MB
[runlim] argv[0]:		approxmc
[runlim] argv[1]:		--sparse
[runlim] argv[2]:		1
[runlim] argv[3]:		/home/steuber/Dokumente/Bench/FP/experiments/results/rangesum07.c/05/amm.dimacs
[runlim] start:			Tue Aug 18 15:14:28 2020
[runlim] main pid:		9343
ERROR! Could not open file '/home/steuber/Dokumente/Bench/FP/experiments/results/rangesum07.c/05/amm.dimacs' for reading: No such file or directory
[runlim] end:			Tue Aug 18 15:14:28 2020
[runlim] status:		ok
[runlim] result:		0
[runlim] children:		0
[runlim] real:			0.99 seconds
[runlim] time:			0.00 seconds
[runlim] space:			0.0 MB
[runlim] samples:		0
** AMH **
[runlim] version:		1.10
[runlim] time limit:		311040000 seconds
[runlim] real time limit:	14400 seconds
[runlim] space limit:		2048 MB
[runlim] argv[0]:		approxmc
[runlim] argv[1]:		--sparse
[runlim] argv[2]:		1
[runlim] argv[3]:		/home/steuber/Dokumente/Bench/FP/experiments/results/rangesum07.c/05/amh.dimacs
[runlim] start:			Tue Aug 18 15:14:28 2020
[runlim] main pid:		9345
[runlim] sample:		10.0 time, 11.0 real, 25.5 MB
[runlim] end:			Tue Aug 18 15:14:47 2020
[runlim] status:		ok
[runlim] result:		0
[runlim] children:		0
[runlim] real:			19.16 seconds
[runlim] time:			18.07 seconds
[runlim] space:			42.0 MB
[runlim] samples:		181
** ASM **
[runlim] version:		1.10
[runlim] time limit:		311040000 seconds
[runlim] real time limit:	14400 seconds
[runlim] space limit:		2048 MB
[runlim] argv[0]:		approxmc
[runlim] argv[1]:		--sparse
[runlim] argv[2]:		1
[runlim] argv[3]:		/home/steuber/Dokumente/Bench/FP/experiments/results/rangesum07.c/05/asm.dimacs
[runlim] start:			Tue Aug 18 15:14:47 2020
[runlim] main pid:		9348
[runlim] sample:		10.0 time, 10.2 real, 27.7 MB
[runlim] end:			Tue Aug 18 15:15:04 2020
[runlim] status:		ok
[runlim] result:		0
[runlim] children:		0
[runlim] real:			17.83 seconds
[runlim] time:			17.57 seconds
[runlim] space:			42.3 MB
[runlim] samples:		176
** ASH **
[runlim] version:		1.10
[runlim] time limit:		311040000 seconds
[runlim] real time limit:	14400 seconds
[runlim] space limit:		2048 MB
[runlim] argv[0]:		approxmc
[runlim] argv[1]:		--sparse
[runlim] argv[2]:		1
[runlim] argv[3]:		/home/steuber/Dokumente/Bench/FP/experiments/results/rangesum07.c/05/ash.dimacs
[runlim] start:			Tue Aug 18 15:15:04 2020
[runlim] main pid:		9350
[runlim] sample:		10.0 time, 10.8 real, 55.1 MB
[runlim] sample:		20.0 time, 20.8 real, 55.9 MB
[runlim] sample:		29.9 time, 30.8 real, 57.2 MB
[runlim] sample:		39.9 time, 40.8 real, 74.1 MB
[runlim] sample:		49.9 time, 50.8 real, 74.1 MB
[runlim] sample:		59.9 time, 60.8 real, 73.8 MB
[runlim] sample:		69.9 time, 70.8 real, 48.8 MB
[runlim] sample:		79.9 time, 80.8 real, 72.1 MB
[runlim] sample:		89.9 time, 90.8 real, 72.6 MB
[runlim] sample:		99.9 time, 100.8 real, 74.1 MB
[runlim] sample:		109.8 time, 110.8 real, 75.7 MB
[runlim] sample:		119.8 time, 120.8 real, 75.8 MB
[runlim] sample:		129.8 time, 130.8 real, 80.2 MB
[runlim] sample:		139.8 time, 140.8 real, 80.7 MB
[runlim] sample:		149.8 time, 150.8 real, 81.1 MB
[runlim] sample:		159.8 time, 160.8 real, 81.1 MB
[runlim] sample:		169.8 time, 170.8 real, 81.1 MB
[runlim] sample:		179.8 time, 180.8 real, 82.9 MB
[runlim] sample:		189.8 time, 190.8 real, 83.2 MB
[runlim] sample:		199.7 time, 200.8 real, 104.9 MB
[runlim] sample:		209.7 time, 210.8 real, 107.7 MB
[runlim] sample:		219.7 time, 220.8 real, 83.2 MB
[runlim] sample:		229.7 time, 230.8 real, 108.2 MB
[runlim] sample:		239.7 time, 240.8 real, 83.2 MB
[runlim] sample:		249.7 time, 250.8 real, 83.2 MB
[runlim] sample:		259.7 time, 260.8 real, 83.2 MB
[runlim] sample:		269.7 time, 270.8 real, 83.2 MB
[runlim] sample:		279.6 time, 280.8 real, 105.1 MB
[runlim] sample:		289.6 time, 290.8 real, 104.9 MB
[runlim] sample:		299.6 time, 300.8 real, 106.4 MB
[runlim] sample:		309.6 time, 310.8 real, 83.2 MB
[runlim] sample:		319.6 time, 320.8 real, 83.3 MB
[runlim] sample:		329.6 time, 330.8 real, 83.6 MB
[runlim] sample:		339.6 time, 340.8 real, 83.6 MB
[runlim] sample:		349.6 time, 350.8 real, 83.8 MB
[runlim] sample:		359.5 time, 360.8 real, 83.8 MB
[runlim] sample:		369.5 time, 370.8 real, 83.8 MB
[runlim] sample:		379.5 time, 380.8 real, 83.8 MB
[runlim] sample:		389.5 time, 390.8 real, 84.3 MB
[runlim] sample:		399.5 time, 400.8 real, 84.3 MB
[runlim] sample:		409.5 time, 410.8 real, 84.3 MB
[runlim] sample:		419.5 time, 420.8 real, 84.3 MB
[runlim] sample:		429.4 time, 430.8 real, 84.3 MB
[runlim] sample:		439.4 time, 440.8 real, 84.3 MB
[runlim] sample:		449.4 time, 450.8 real, 84.3 MB
[runlim] sample:		459.4 time, 460.8 real, 84.3 MB
[runlim] sample:		469.4 time, 470.8 real, 84.3 MB
[runlim] sample:		479.4 time, 480.8 real, 84.3 MB
[runlim] sample:		489.4 time, 490.8 real, 84.3 MB
[runlim] sample:		499.4 time, 500.8 real, 84.6 MB
[runlim] sample:		509.4 time, 510.8 real, 84.6 MB
[runlim] sample:		519.3 time, 520.8 real, 84.6 MB
[runlim] sample:		529.3 time, 530.8 real, 84.6 MB
[runlim] sample:		539.3 time, 540.8 real, 84.6 MB
[runlim] sample:		549.3 time, 550.8 real, 84.6 MB
[runlim] sample:		559.3 time, 560.8 real, 84.6 MB
[runlim] sample:		569.3 time, 570.8 real, 84.6 MB
[runlim] sample:		579.3 time, 580.8 real, 84.6 MB
[runlim] sample:		589.3 time, 590.8 real, 84.6 MB
[runlim] sample:		599.2 time, 600.8 real, 84.6 MB
[runlim] sample:		609.2 time, 610.8 real, 84.6 MB
[runlim] sample:		619.2 time, 620.8 real, 84.6 MB
[runlim] sample:		629.2 time, 630.8 real, 84.6 MB
[runlim] sample:		639.2 time, 640.8 real, 84.6 MB
[runlim] sample:		649.2 time, 650.8 real, 84.6 MB
[runlim] sample:		659.2 time, 660.8 real, 84.6 MB
[runlim] sample:		669.1 time, 670.8 real, 84.6 MB
[runlim] sample:		679.1 time, 680.8 real, 84.6 MB
[runlim] sample:		689.1 time, 690.8 real, 84.6 MB
[runlim] sample:		699.1 time, 700.8 real, 84.6 MB
[runlim] sample:		709.1 time, 710.8 real, 84.6 MB
[runlim] sample:		719.1 time, 720.8 real, 84.6 MB
[runlim] sample:		729.0 time, 730.8 real, 84.6 MB
[runlim] sample:		739.0 time, 740.8 real, 84.6 MB
[runlim] sample:		749.0 time, 750.8 real, 84.6 MB
[runlim] sample:		759.0 time, 760.8 real, 84.6 MB
[runlim] sample:		769.0 time, 770.8 real, 84.6 MB
[runlim] sample:		779.0 time, 780.8 real, 84.6 MB
[runlim] sample:		789.0 time, 790.8 real, 84.6 MB
[runlim] sample:		799.0 time, 800.8 real, 84.6 MB
[runlim] sample:		809.0 time, 810.8 real, 84.6 MB
[runlim] sample:		818.9 time, 820.8 real, 84.6 MB
[runlim] sample:		828.9 time, 830.8 real, 85.1 MB
[runlim] sample:		838.9 time, 840.8 real, 85.1 MB
[runlim] sample:		848.9 time, 850.8 real, 85.1 MB
[runlim] sample:		858.9 time, 860.8 real, 85.1 MB
[runlim] sample:		868.9 time, 870.8 real, 85.1 MB
[runlim] sample:		878.9 time, 880.8 real, 85.1 MB
[runlim] sample:		888.8 time, 890.8 real, 85.1 MB
[runlim] sample:		898.8 time, 900.8 real, 85.1 MB
[runlim] sample:		908.8 time, 910.8 real, 85.1 MB
[runlim] sample:		918.8 time, 920.8 real, 85.1 MB
[runlim] sample:		928.8 time, 930.8 real, 85.1 MB
[runlim] sample:		938.8 time, 940.8 real, 85.1 MB
[runlim] sample:		948.8 time, 950.8 real, 85.1 MB
[runlim] sample:		958.8 time, 960.8 real, 85.1 MB
[runlim] sample:		968.7 time, 970.8 real, 85.1 MB
[runlim] sample:		978.7 time, 980.8 real, 85.1 MB
[runlim] sample:		988.7 time, 990.8 real, 85.1 MB
[runlim] sample:		998.7 time, 1000.8 real, 85.1 MB
[runlim] sample:		1008.7 time, 1010.8 real, 85.1 MB
[runlim] sample:		1018.7 time, 1020.8 real, 85.1 MB
[runlim] sample:		1028.7 time, 1030.8 real, 85.1 MB
[runlim] sample:		1038.7 time, 1040.8 real, 85.1 MB
[runlim] sample:		1048.6 time, 1050.8 real, 85.1 MB
[runlim] sample:		1058.6 time, 1060.8 real, 85.1 MB
[runlim] sample:		1068.6 time, 1070.8 real, 85.1 MB
[runlim] sample:		1078.6 time, 1080.8 real, 85.3 MB
[runlim] sample:		1088.6 time, 1090.8 real, 85.3 MB
[runlim] sample:		1098.6 time, 1100.8 real, 85.3 MB
[runlim] sample:		1108.5 time, 1110.8 real, 85.3 MB
[runlim] sample:		1118.5 time, 1120.8 real, 85.3 MB
[runlim] sample:		1128.5 time, 1130.8 real, 85.3 MB
[runlim] sample:		1138.5 time, 1140.8 real, 85.3 MB
[runlim] sample:		1148.5 time, 1150.8 real, 85.3 MB
[runlim] sample:		1158.5 time, 1160.8 real, 85.3 MB
[runlim] sample:		1168.5 time, 1170.8 real, 85.3 MB
[runlim] sample:		1178.4 time, 1180.8 real, 85.3 MB
[runlim] sample:		1188.4 time, 1190.8 real, 85.3 MB
[runlim] sample:		1198.4 time, 1200.8 real, 85.6 MB
[runlim] sample:		1208.4 time, 1210.8 real, 85.6 MB
[runlim] sample:		1218.4 time, 1220.8 real, 85.6 MB
[runlim] sample:		1228.4 time, 1230.8 real, 85.6 MB
[runlim] sample:		1238.3 time, 1240.8 real, 85.6 MB
[runlim] sample:		1248.3 time, 1250.8 real, 85.6 MB
[runlim] sample:		1258.3 time, 1260.8 real, 85.6 MB
[runlim] sample:		1268.3 time, 1270.8 real, 85.6 MB
[runlim] sample:		1278.3 time, 1280.8 real, 85.6 MB
[runlim] sample:		1288.3 time, 1290.8 real, 85.6 MB
[runlim] sample:		1298.3 time, 1300.8 real, 85.6 MB
[runlim] sample:		1308.3 time, 1310.8 real, 85.6 MB
[runlim] sample:		1318.2 time, 1320.8 real, 85.6 MB
[runlim] sample:		1328.2 time, 1330.8 real, 85.6 MB
[runlim] sample:		1338.2 time, 1340.8 real, 85.6 MB
[runlim] sample:		1348.2 time, 1350.8 real, 85.6 MB
[runlim] sample:		1358.2 time, 1360.8 real, 85.6 MB
[runlim] sample:		1368.2 time, 1370.8 real, 85.6 MB
[runlim] sample:		1378.2 time, 1380.8 real, 85.9 MB
[runlim] sample:		1388.2 time, 1390.8 real, 85.9 MB
[runlim] sample:		1398.1 time, 1400.8 real, 85.9 MB
[runlim] sample:		1408.1 time, 1410.8 real, 85.9 MB
[runlim] sample:		1418.1 time, 1420.8 real, 85.9 MB
[runlim] sample:		1428.1 time, 1430.8 real, 85.9 MB
[runlim] sample:		1438.1 time, 1440.8 real, 85.9 MB
[runlim] sample:		1448.1 time, 1450.8 real, 85.9 MB
[runlim] sample:		1458.1 time, 1460.8 real, 85.9 MB
[runlim] sample:		1468.0 time, 1470.8 real, 85.9 MB
[runlim] sample:		1478.0 time, 1480.8 real, 85.9 MB
[runlim] sample:		1488.0 time, 1490.8 real, 85.9 MB
[runlim] sample:		1498.0 time, 1500.8 real, 85.9 MB
[runlim] sample:		1508.0 time, 1510.8 real, 85.9 MB
[runlim] sample:		1518.0 time, 1520.8 real, 85.9 MB
[runlim] sample:		1528.0 time, 1530.8 real, 85.9 MB
[runlim] sample:		1537.9 time, 1540.8 real, 85.9 MB
[runlim] sample:		1547.9 time, 1550.8 real, 85.9 MB
[runlim] sample:		1557.9 time, 1560.8 real, 85.9 MB
[runlim] sample:		1567.9 time, 1570.8 real, 85.9 MB
[runlim] sample:		1577.9 time, 1580.8 real, 86.1 MB
[runlim] sample:		1587.9 time, 1590.8 real, 86.1 MB
[runlim] sample:		1597.8 time, 1600.8 real, 86.1 MB
[runlim] sample:		1607.8 time, 1610.8 real, 86.1 MB
[runlim] sample:		1617.8 time, 1620.8 real, 86.1 MB
[runlim] sample:		1627.8 time, 1630.8 real, 86.1 MB
[runlim] sample:		1637.8 time, 1640.8 real, 86.1 MB
[runlim] sample:		1647.8 time, 1650.8 real, 86.1 MB
[runlim] sample:		1657.8 time, 1660.8 real, 86.1 MB
[runlim] sample:		1667.7 time, 1670.8 real, 86.1 MB
[runlim] sample:		1677.7 time, 1680.8 real, 86.1 MB
[runlim] sample:		1687.7 time, 1690.8 real, 86.1 MB
[runlim] sample:		1697.7 time, 1700.8 real, 86.1 MB
[runlim] sample:		1707.7 time, 1710.8 real, 86.1 MB
[runlim] sample:		1717.7 time, 1720.8 real, 86.1 MB
[runlim] sample:		1727.7 time, 1730.8 real, 101.8 MB
[runlim] sample:		1737.7 time, 1740.8 real, 101.8 MB
[runlim] sample:		1747.6 time, 1750.8 real, 101.8 MB
[runlim] sample:		1757.6 time, 1760.8 real, 101.8 MB
[runlim] sample:		1767.6 time, 1770.8 real, 101.8 MB
[runlim] sample:		1777.6 time, 1780.8 real, 101.8 MB
[runlim] sample:		1787.6 time, 1790.8 real, 101.8 MB
[runlim] sample:		1797.6 time, 1800.8 real, 101.8 MB
[runlim] sample:		1807.6 time, 1810.8 real, 101.8 MB
[runlim] sample:		1817.5 time, 1820.8 real, 101.8 MB
[runlim] sample:		1827.5 time, 1830.8 real, 101.8 MB
[runlim] sample:		1837.5 time, 1840.8 real, 101.8 MB
[runlim] sample:		1847.5 time, 1850.8 real, 101.8 MB
[runlim] sample:		1857.5 time, 1860.8 real, 101.8 MB
[runlim] sample:		1867.5 time, 1870.8 real, 101.8 MB
[runlim] sample:		1877.4 time, 1880.8 real, 101.8 MB
[runlim] sample:		1887.4 time, 1890.8 real, 101.8 MB
[runlim] sample:		1897.4 time, 1900.8 real, 102.1 MB
[runlim] sample:		1907.4 time, 1910.8 real, 102.1 MB
[runlim] sample:		1917.4 time, 1920.8 real, 102.1 MB
[runlim] sample:		1927.4 time, 1930.8 real, 102.1 MB
[runlim] sample:		1937.3 time, 1940.8 real, 102.1 MB
[runlim] sample:		1947.3 time, 1950.8 real, 102.1 MB
[runlim] sample:		1957.3 time, 1960.8 real, 102.1 MB
[runlim] sample:		1967.3 time, 1970.8 real, 102.1 MB
[runlim] sample:		1977.3 time, 1980.8 real, 102.1 MB
[runlim] sample:		1987.3 time, 1990.8 real, 102.6 MB
[runlim] sample:		1997.3 time, 2000.8 real, 102.6 MB
[runlim] sample:		2007.2 time, 2010.8 real, 102.6 MB
[runlim] sample:		2017.2 time, 2020.8 real, 102.6 MB
[runlim] sample:		2027.2 time, 2030.8 real, 102.6 MB
[runlim] sample:		2037.2 time, 2040.8 real, 102.6 MB
[runlim] sample:		2047.2 time, 2050.8 real, 102.6 MB
[runlim] sample:		2057.2 time, 2060.8 real, 102.6 MB
[runlim] sample:		2067.2 time, 2070.8 real, 103.1 MB
[runlim] sample:		2077.2 time, 2080.8 real, 103.1 MB
[runlim] sample:		2087.1 time, 2090.8 real, 103.1 MB
[runlim] sample:		2097.1 time, 2100.8 real, 103.1 MB
[runlim] sample:		2107.1 time, 2110.8 real, 103.1 MB
[runlim] sample:		2117.1 time, 2120.8 real, 103.1 MB
[runlim] sample:		2127.1 time, 2130.8 real, 103.1 MB
[runlim] sample:		2137.1 time, 2140.8 real, 103.1 MB
[runlim] sample:		2147.0 time, 2150.8 real, 103.1 MB
[runlim] sample:		2157.0 time, 2160.8 real, 103.1 MB
[runlim] sample:		2167.0 time, 2170.8 real, 103.1 MB
[runlim] sample:		2177.0 time, 2180.8 real, 103.1 MB
[runlim] sample:		2187.0 time, 2190.8 real, 103.6 MB
[runlim] sample:		2197.0 time, 2200.8 real, 105.2 MB
[runlim] sample:		2206.9 time, 2210.8 real, 105.2 MB
[runlim] sample:		2216.9 time, 2220.8 real, 105.2 MB
[runlim] sample:		2226.9 time, 2230.8 real, 105.2 MB
[runlim] sample:		2236.9 time, 2240.8 real, 105.2 MB
[runlim] sample:		2246.9 time, 2250.8 real, 105.2 MB
[runlim] sample:		2256.9 time, 2260.8 real, 105.2 MB
[runlim] sample:		2266.9 time, 2270.8 real, 105.2 MB
[runlim] sample:		2276.8 time, 2280.8 real, 105.2 MB
[runlim] sample:		2286.8 time, 2290.8 real, 105.2 MB
[runlim] sample:		2296.8 time, 2300.8 real, 105.2 MB
[runlim] sample:		2306.8 time, 2310.8 real, 105.2 MB
[runlim] sample:		2316.8 time, 2320.8 real, 105.2 MB
[runlim] sample:		2326.8 time, 2330.8 real, 105.2 MB
[runlim] sample:		2336.8 time, 2340.8 real, 105.2 MB
[runlim] sample:		2346.8 time, 2350.8 real, 105.2 MB
[runlim] sample:		2356.7 time, 2360.8 real, 105.2 MB
[runlim] sample:		2366.7 time, 2370.8 real, 105.2 MB
[runlim] sample:		2376.7 time, 2380.8 real, 105.2 MB
[runlim] sample:		2386.7 time, 2390.8 real, 105.2 MB
[runlim] sample:		2396.7 time, 2400.8 real, 105.2 MB
[runlim] sample:		2406.7 time, 2410.8 real, 105.2 MB
[runlim] sample:		2416.6 time, 2420.8 real, 105.2 MB
[runlim] sample:		2426.6 time, 2430.8 real, 105.2 MB
[runlim] sample:		2436.6 time, 2440.8 real, 105.2 MB
[runlim] sample:		2446.6 time, 2450.8 real, 105.2 MB
[runlim] sample:		2456.6 time, 2460.8 real, 105.2 MB
[runlim] sample:		2466.6 time, 2470.8 real, 105.2 MB
[runlim] sample:		2476.6 time, 2480.8 real, 105.2 MB
[runlim] sample:		2486.5 time, 2490.8 real, 105.2 MB
[runlim] sample:		2496.5 time, 2500.8 real, 105.2 MB
[runlim] sample:		2506.5 time, 2510.8 real, 105.2 MB
[runlim] sample:		2516.5 time, 2520.8 real, 105.2 MB
[runlim] sample:		2526.5 time, 2530.8 real, 105.2 MB
[runlim] sample:		2536.5 time, 2540.8 real, 105.2 MB
[runlim] sample:		2546.5 time, 2550.8 real, 105.9 MB
[runlim] sample:		2556.4 time, 2560.8 real, 106.2 MB
[runlim] sample:		2566.4 time, 2570.8 real, 106.2 MB
[runlim] sample:		2576.4 time, 2580.8 real, 106.4 MB
[runlim] sample:		2586.4 time, 2590.8 real, 106.4 MB
[runlim] sample:		2596.4 time, 2600.8 real, 106.4 MB
[runlim] sample:		2606.4 time, 2610.8 real, 107.5 MB
[runlim] sample:		2616.3 time, 2620.8 real, 107.5 MB
[runlim] sample:		2626.3 time, 2630.8 real, 107.5 MB
[runlim] sample:		2636.3 time, 2640.8 real, 107.5 MB
[runlim] sample:		2646.3 time, 2650.8 real, 108.0 MB
[runlim] sample:		2656.3 time, 2660.8 real, 108.8 MB
[runlim] sample:		2666.2 time, 2670.8 real, 108.8 MB
[runlim] sample:		2676.2 time, 2680.8 real, 108.8 MB
[runlim] sample:		2686.2 time, 2690.8 real, 108.8 MB
[runlim] sample:		2696.2 time, 2700.8 real, 108.8 MB
[runlim] sample:		2706.2 time, 2710.8 real, 109.3 MB
[runlim] sample:		2716.2 time, 2720.8 real, 109.3 MB
[runlim] sample:		2726.2 time, 2730.8 real, 109.8 MB
[runlim] sample:		2736.1 time, 2740.8 real, 109.8 MB
[runlim] sample:		2746.1 time, 2750.8 real, 109.8 MB
[runlim] sample:		2756.1 time, 2760.8 real, 109.8 MB
[runlim] sample:		2766.1 time, 2770.8 real, 110.0 MB
[runlim] sample:		2776.1 time, 2780.8 real, 110.0 MB
[runlim] sample:		2786.1 time, 2790.8 real, 110.0 MB
[runlim] sample:		2796.1 time, 2800.8 real, 110.3 MB
[runlim] sample:		2806.0 time, 2810.8 real, 110.3 MB
[runlim] sample:		2816.0 time, 2820.8 real, 110.3 MB
[runlim] sample:		2826.0 time, 2830.8 real, 110.3 MB
[runlim] sample:		2836.0 time, 2840.8 real, 110.6 MB
[runlim] sample:		2846.0 time, 2850.8 real, 110.6 MB
[runlim] sample:		2856.0 time, 2860.8 real, 110.6 MB
[runlim] sample:		2865.9 time, 2870.8 real, 110.6 MB
[runlim] sample:		2875.9 time, 2880.8 real, 110.6 MB
[runlim] sample:		2885.9 time, 2890.8 real, 110.8 MB
[runlim] sample:		2895.9 time, 2900.8 real, 111.1 MB
[runlim] sample:		2905.9 time, 2910.8 real, 111.6 MB
[runlim] sample:		2915.9 time, 2920.8 real, 112.1 MB
[runlim] sample:		2925.8 time, 2930.8 real, 112.3 MB
[runlim] sample:		2935.8 time, 2940.8 real, 112.3 MB
[runlim] sample:		2945.8 time, 2950.8 real, 112.9 MB
[runlim] sample:		2955.8 time, 2960.8 real, 113.1 MB
[runlim] sample:		2965.8 time, 2970.8 real, 113.1 MB
[runlim] sample:		2975.8 time, 2980.8 real, 113.1 MB
[runlim] sample:		2985.8 time, 2990.8 real, 113.1 MB
[runlim] sample:		2995.7 time, 3000.8 real, 113.1 MB
[runlim] sample:		3005.7 time, 3010.8 real, 113.1 MB
[runlim] sample:		3015.7 time, 3020.8 real, 113.1 MB
[runlim] sample:		3025.7 time, 3030.8 real, 113.1 MB
[runlim] sample:		3035.7 time, 3040.8 real, 113.1 MB
[runlim] sample:		3045.7 time, 3050.8 real, 113.1 MB
[runlim] sample:		3055.7 time, 3060.8 real, 113.9 MB
[runlim] sample:		3065.6 time, 3070.8 real, 114.7 MB
[runlim] sample:		3075.6 time, 3080.8 real, 114.7 MB
[runlim] sample:		3085.6 time, 3090.8 real, 114.7 MB
[runlim] sample:		3095.6 time, 3100.8 real, 114.7 MB
[runlim] sample:		3105.6 time, 3110.8 real, 114.7 MB
[runlim] sample:		3115.6 time, 3120.8 real, 114.7 MB
[runlim] sample:		3125.6 time, 3130.8 real, 114.7 MB
[runlim] sample:		3135.5 time, 3140.8 real, 114.7 MB
[runlim] sample:		3145.5 time, 3150.8 real, 114.7 MB
[runlim] sample:		3155.5 time, 3160.8 real, 114.9 MB
[runlim] sample:		3165.5 time, 3170.8 real, 114.9 MB
[runlim] sample:		3175.4 time, 3180.8 real, 114.9 MB
[runlim] sample:		3185.4 time, 3190.8 real, 114.9 MB
[runlim] sample:		3195.4 time, 3200.8 real, 114.9 MB
[runlim] sample:		3205.4 time, 3210.8 real, 114.9 MB
[runlim] sample:		3215.4 time, 3220.8 real, 114.9 MB
[runlim] sample:		3225.4 time, 3230.8 real, 115.4 MB
[runlim] sample:		3235.4 time, 3240.8 real, 115.4 MB
[runlim] sample:		3245.3 time, 3250.8 real, 115.4 MB
[runlim] sample:		3255.3 time, 3260.8 real, 115.4 MB
[runlim] sample:		3265.3 time, 3270.8 real, 115.4 MB
[runlim] sample:		3275.3 time, 3280.8 real, 115.4 MB
[runlim] sample:		3285.3 time, 3290.8 real, 115.4 MB
[runlim] sample:		3295.3 time, 3300.8 real, 115.4 MB
[runlim] sample:		3305.3 time, 3310.8 real, 115.4 MB
[runlim] sample:		3315.2 time, 3320.8 real, 115.4 MB
[runlim] sample:		3325.2 time, 3330.8 real, 115.4 MB
[runlim] sample:		3335.2 time, 3340.8 real, 115.4 MB
[runlim] sample:		3345.2 time, 3350.8 real, 116.2 MB
[runlim] sample:		3355.2 time, 3360.8 real, 116.2 MB
[runlim] sample:		3365.2 time, 3370.8 real, 116.7 MB
[runlim] sample:		3375.2 time, 3380.8 real, 116.7 MB
[runlim] sample:		3385.1 time, 3390.8 real, 116.7 MB
[runlim] sample:		3395.1 time, 3400.8 real, 116.7 MB
[runlim] sample:		3405.1 time, 3410.8 real, 116.7 MB
[runlim] sample:		3415.1 time, 3420.8 real, 116.7 MB
[runlim] sample:		3425.1 time, 3430.8 real, 116.7 MB
[runlim] sample:		3435.0 time, 3440.8 real, 117.2 MB
[runlim] sample:		3445.0 time, 3450.8 real, 117.2 MB
[runlim] sample:		3455.0 time, 3460.8 real, 117.2 MB
[runlim] sample:		3465.0 time, 3470.8 real, 117.7 MB
[runlim] sample:		3475.0 time, 3480.8 real, 117.7 MB
[runlim] sample:		3485.0 time, 3490.8 real, 117.7 MB
[runlim] sample:		3494.9 time, 3500.8 real, 117.7 MB
[runlim] sample:		3504.9 time, 3510.8 real, 117.7 MB
[runlim] sample:		3514.9 time, 3520.8 real, 117.7 MB
[runlim] sample:		3524.9 time, 3530.8 real, 117.7 MB
[runlim] sample:		3534.9 time, 3540.8 real, 117.7 MB
[runlim] sample:		3544.9 time, 3550.8 real, 117.7 MB
[runlim] sample:		3554.9 time, 3560.8 real, 117.7 MB
[runlim] sample:		3564.8 time, 3570.8 real, 117.7 MB
[runlim] sample:		3574.8 time, 3580.8 real, 117.7 MB
[runlim] sample:		3584.8 time, 3590.8 real, 117.7 MB
[runlim] sample:		3594.8 time, 3600.8 real, 118.0 MB
[runlim] sample:		3604.8 time, 3610.8 real, 118.2 MB
[runlim] sample:		3614.8 time, 3620.8 real, 118.2 MB
[runlim] sample:		3624.7 time, 3630.8 real, 118.2 MB
[runlim] sample:		3634.7 time, 3640.8 real, 118.2 MB
[runlim] sample:		3644.7 time, 3650.8 real, 118.2 MB
[runlim] sample:		3654.7 time, 3660.8 real, 118.2 MB
[runlim] sample:		3664.7 time, 3670.8 real, 118.2 MB
[runlim] sample:		3674.7 time, 3680.8 real, 118.2 MB
[runlim] sample:		3684.7 time, 3690.8 real, 118.2 MB
[runlim] sample:		3694.6 time, 3700.8 real, 118.2 MB
[runlim] sample:		3704.6 time, 3710.8 real, 118.2 MB
[runlim] sample:		3714.6 time, 3720.8 real, 118.2 MB
[runlim] sample:		3724.6 time, 3730.8 real, 118.2 MB
[runlim] sample:		3734.6 time, 3740.8 real, 118.5 MB
[runlim] sample:		3744.6 time, 3750.8 real, 118.5 MB
[runlim] sample:		3754.5 time, 3760.8 real, 118.5 MB
[runlim] sample:		3764.5 time, 3770.8 real, 118.5 MB
[runlim] sample:		3774.5 time, 3780.8 real, 118.5 MB
[runlim] sample:		3784.5 time, 3790.8 real, 118.5 MB
[runlim] sample:		3794.5 time, 3800.8 real, 118.8 MB
[runlim] sample:		3804.5 time, 3810.8 real, 119.3 MB
[runlim] sample:		3814.4 time, 3820.8 real, 119.3 MB
[runlim] sample:		3824.4 time, 3830.8 real, 119.3 MB
[runlim] sample:		3834.4 time, 3840.8 real, 119.3 MB
[runlim] sample:		3844.4 time, 3850.8 real, 119.3 MB
[runlim] sample:		3854.4 time, 3860.8 real, 119.3 MB
[runlim] sample:		3864.4 time, 3870.8 real, 119.3 MB
[runlim] sample:		3874.3 time, 3880.8 real, 119.3 MB
[runlim] sample:		3884.3 time, 3890.8 real, 119.5 MB
[runlim] sample:		3894.3 time, 3900.8 real, 119.8 MB
[runlim] sample:		3904.3 time, 3910.8 real, 119.8 MB
[runlim] sample:		3914.3 time, 3920.8 real, 119.8 MB
[runlim] sample:		3924.3 time, 3930.8 real, 119.8 MB
[runlim] sample:		3934.2 time, 3940.8 real, 119.8 MB
[runlim] sample:		3944.2 time, 3950.8 real, 119.8 MB
[runlim] sample:		3954.2 time, 3960.8 real, 119.8 MB
[runlim] sample:		3964.2 time, 3970.8 real, 119.8 MB
[runlim] sample:		3974.2 time, 3980.8 real, 119.8 MB
[runlim] sample:		3984.2 time, 3990.8 real, 119.8 MB
[runlim] sample:		3994.2 time, 4000.8 real, 119.8 MB
[runlim] sample:		4004.1 time, 4010.8 real, 119.8 MB
[runlim] sample:		4014.1 time, 4020.8 real, 119.8 MB
[runlim] sample:		4024.1 time, 4030.8 real, 119.8 MB
[runlim] sample:		4034.1 time, 4040.8 real, 119.8 MB
[runlim] sample:		4044.1 time, 4050.8 real, 119.8 MB
[runlim] sample:		4054.1 time, 4060.8 real, 119.8 MB
[runlim] sample:		4064.1 time, 4070.8 real, 119.8 MB
[runlim] sample:		4074.0 time, 4080.8 real, 119.8 MB
[runlim] sample:		4084.0 time, 4090.8 real, 119.8 MB
[runlim] sample:		4094.0 time, 4100.8 real, 119.8 MB
[runlim] sample:		4104.0 time, 4110.8 real, 119.8 MB
[runlim] sample:		4114.0 time, 4120.8 real, 119.8 MB
[runlim] sample:		4123.9 time, 4130.8 real, 119.8 MB
[runlim] sample:		4133.9 time, 4140.8 real, 119.8 MB
[runlim] sample:		4143.9 time, 4150.8 real, 119.8 MB
[runlim] sample:		4153.9 time, 4160.8 real, 119.8 MB
[runlim] sample:		4163.9 time, 4170.8 real, 119.8 MB
[runlim] sample:		4173.9 time, 4180.8 real, 119.8 MB
[runlim] sample:		4183.9 time, 4190.8 real, 119.8 MB
[runlim] sample:		4193.9 time, 4200.8 real, 119.8 MB
[runlim] sample:		4203.8 time, 4210.8 real, 119.8 MB
[runlim] sample:		4213.8 time, 4220.8 real, 119.8 MB
[runlim] sample:		4223.8 time, 4230.8 real, 120.0 MB
[runlim] sample:		4233.8 time, 4240.8 real, 120.2 MB
[runlim] sample:		4243.8 time, 4250.8 real, 120.2 MB
[runlim] sample:		4253.8 time, 4260.8 real, 120.2 MB
[runlim] sample:		4263.7 time, 4270.8 real, 120.2 MB
[runlim] sample:		4273.7 time, 4280.8 real, 120.2 MB
[runlim] sample:		4283.7 time, 4290.8 real, 120.2 MB
[runlim] sample:		4293.7 time, 4300.8 real, 120.2 MB
[runlim] sample:		4303.7 time, 4310.8 real, 120.2 MB
[runlim] sample:		4313.7 time, 4320.8 real, 120.2 MB
[runlim] sample:		4323.6 time, 4330.8 real, 120.2 MB
[runlim] sample:		4333.6 time, 4340.8 real, 120.2 MB
[runlim] sample:		4343.6 time, 4350.8 real, 120.2 MB
[runlim] sample:		4353.6 time, 4360.8 real, 120.2 MB
[runlim] sample:		4363.6 time, 4370.8 real, 122.8 MB
[runlim] sample:		4373.6 time, 4380.8 real, 79.1 MB
[runlim] sample:		4383.6 time, 4390.8 real, 85.4 MB
[runlim] sample:		4393.6 time, 4400.8 real, 108.3 MB
[runlim] sample:		4403.5 time, 4410.8 real, 108.3 MB
[runlim] sample:		4413.5 time, 4420.8 real, 108.6 MB
[runlim] sample:		4423.5 time, 4430.8 real, 108.8 MB
[runlim] sample:		4433.5 time, 4440.8 real, 108.8 MB
[runlim] sample:		4443.4 time, 4450.8 real, 108.8 MB
[runlim] sample:		4453.4 time, 4460.8 real, 108.8 MB
[runlim] sample:		4463.4 time, 4470.8 real, 108.8 MB
[runlim] sample:		4473.4 time, 4480.8 real, 109.3 MB
[runlim] sample:		4483.4 time, 4490.8 real, 109.6 MB
[runlim] sample:		4493.4 time, 4500.8 real, 122.7 MB
[runlim] sample:		4503.4 time, 4510.8 real, 79.8 MB
[runlim] sample:		4513.3 time, 4520.8 real, 109.0 MB
[runlim] sample:		4523.3 time, 4530.8 real, 109.3 MB
[runlim] sample:		4533.3 time, 4540.8 real, 109.5 MB
[runlim] sample:		4543.3 time, 4550.8 real, 109.8 MB
[runlim] sample:		4553.3 time, 4560.8 real, 109.8 MB
[runlim] sample:		4563.3 time, 4570.8 real, 110.0 MB
[runlim] sample:		4573.2 time, 4580.8 real, 110.0 MB
[runlim] sample:		4583.2 time, 4590.8 real, 110.0 MB
[runlim] sample:		4593.2 time, 4600.8 real, 110.3 MB
[runlim] sample:		4603.2 time, 4610.8 real, 111.0 MB
[runlim] sample:		4613.2 time, 4620.8 real, 111.0 MB
[runlim] sample:		4623.2 time, 4630.8 real, 111.0 MB
[runlim] sample:		4633.1 time, 4640.8 real, 111.0 MB
[runlim] sample:		4643.1 time, 4650.8 real, 111.0 MB
[runlim] sample:		4653.1 time, 4660.8 real, 111.3 MB
[runlim] sample:		4663.1 time, 4670.8 real, 111.3 MB
[runlim] sample:		4673.1 time, 4680.8 real, 111.6 MB
[runlim] sample:		4683.1 time, 4690.8 real, 111.6 MB
[runlim] sample:		4693.1 time, 4700.8 real, 111.6 MB
[runlim] sample:		4703.0 time, 4710.8 real, 111.6 MB
[runlim] sample:		4713.0 time, 4720.8 real, 111.6 MB
[runlim] sample:		4723.0 time, 4730.8 real, 111.6 MB
[runlim] sample:		4733.0 time, 4740.8 real, 111.6 MB
[runlim] sample:		4743.0 time, 4750.8 real, 111.6 MB
[runlim] sample:		4752.9 time, 4760.8 real, 111.8 MB
[runlim] sample:		4762.9 time, 4770.8 real, 111.8 MB
[runlim] sample:		4772.9 time, 4780.8 real, 111.8 MB
[runlim] sample:		4782.9 time, 4790.8 real, 111.8 MB
[runlim] sample:		4792.9 time, 4800.8 real, 123.4 MB
[runlim] sample:		4802.9 time, 4810.8 real, 84.5 MB
[runlim] sample:		4812.9 time, 4820.8 real, 118.6 MB
[runlim] sample:		4822.9 time, 4830.8 real, 128.9 MB
[runlim] sample:		4832.8 time, 4840.8 real, 133.4 MB
[runlim] sample:		4842.8 time, 4850.8 real, 82.7 MB
[runlim] sample:		4852.8 time, 4860.8 real, 109.2 MB
[runlim] sample:		4862.8 time, 4870.8 real, 109.4 MB
[runlim] sample:		4872.8 time, 4880.8 real, 109.4 MB
[runlim] sample:		4882.7 time, 4890.8 real, 109.9 MB
[runlim] sample:		4892.7 time, 4900.8 real, 110.2 MB
[runlim] sample:		4902.7 time, 4910.8 real, 110.2 MB
[runlim] sample:		4912.7 time, 4920.8 real, 110.5 MB
[runlim] sample:		4922.7 time, 4930.8 real, 110.5 MB
[runlim] sample:		4932.7 time, 4940.8 real, 110.5 MB
[runlim] sample:		4942.6 time, 4950.8 real, 110.5 MB
[runlim] sample:		4952.6 time, 4960.8 real, 111.2 MB
[runlim] sample:		4962.6 time, 4970.8 real, 111.2 MB
[runlim] sample:		4972.6 time, 4980.8 real, 111.2 MB
[runlim] sample:		4982.6 time, 4990.8 real, 111.2 MB
[runlim] sample:		4992.6 time, 5000.8 real, 111.2 MB
[runlim] sample:		5002.6 time, 5010.8 real, 111.2 MB
[runlim] sample:		5012.5 time, 5020.8 real, 111.2 MB
[runlim] sample:		5022.5 time, 5030.8 real, 111.2 MB
[runlim] sample:		5032.5 time, 5040.8 real, 111.2 MB
[runlim] sample:		5042.5 time, 5050.8 real, 111.2 MB
[runlim] sample:		5052.5 time, 5060.8 real, 111.2 MB
[runlim] sample:		5062.5 time, 5070.8 real, 111.2 MB
[runlim] sample:		5072.4 time, 5080.8 real, 111.2 MB
[runlim] sample:		5082.4 time, 5090.8 real, 111.2 MB
[runlim] sample:		5092.4 time, 5100.8 real, 111.2 MB
[runlim] sample:		5102.4 time, 5110.8 real, 111.5 MB
[runlim] sample:		5112.4 time, 5120.8 real, 111.5 MB
[runlim] sample:		5122.4 time, 5130.8 real, 111.5 MB
[runlim] sample:		5132.4 time, 5140.8 real, 111.5 MB
[runlim] sample:		5142.3 time, 5150.8 real, 111.5 MB
[runlim] sample:		5152.3 time, 5160.8 real, 111.5 MB
[runlim] sample:		5162.3 time, 5170.8 real, 111.5 MB
[runlim] sample:		5172.3 time, 5180.8 real, 111.5 MB
[runlim] sample:		5182.3 time, 5190.8 real, 111.5 MB
[runlim] sample:		5192.3 time, 5200.8 real, 111.7 MB
[runlim] sample:		5202.2 time, 5210.8 real, 111.7 MB
[runlim] sample:		5212.2 time, 5220.8 real, 111.7 MB
[runlim] sample:		5222.2 time, 5230.8 real, 111.7 MB
[runlim] sample:		5232.2 time, 5240.8 real, 111.7 MB
[runlim] sample:		5242.2 time, 5250.8 real, 111.7 MB
[runlim] sample:		5252.1 time, 5260.8 real, 111.7 MB
[runlim] sample:		5262.1 time, 5270.8 real, 111.7 MB
[runlim] sample:		5272.1 time, 5280.8 real, 111.7 MB
[runlim] sample:		5282.1 time, 5290.8 real, 111.7 MB
[runlim] sample:		5292.1 time, 5300.8 real, 111.7 MB
[runlim] sample:		5302.1 time, 5310.8 real, 111.7 MB
[runlim] sample:		5312.1 time, 5320.8 real, 111.7 MB
[runlim] sample:		5322.0 time, 5330.8 real, 111.7 MB
[runlim] sample:		5332.0 time, 5340.8 real, 111.7 MB
[runlim] sample:		5342.0 time, 5350.8 real, 111.7 MB
[runlim] sample:		5352.0 time, 5360.8 real, 111.7 MB
[runlim] sample:		5362.0 time, 5370.8 real, 111.7 MB
[runlim] sample:		5372.0 time, 5380.8 real, 111.7 MB
[runlim] sample:		5382.0 time, 5390.8 real, 112.3 MB
[runlim] sample:		5391.9 time, 5400.8 real, 112.3 MB
[runlim] sample:		5401.9 time, 5410.8 real, 112.5 MB
[runlim] sample:		5411.9 time, 5420.8 real, 112.5 MB
[runlim] sample:		5421.9 time, 5430.8 real, 112.5 MB
[runlim] sample:		5431.9 time, 5440.8 real, 112.5 MB
[runlim] sample:		5441.9 time, 5450.8 real, 112.5 MB
[runlim] sample:		5451.9 time, 5460.8 real, 112.5 MB
[runlim] sample:		5461.8 time, 5470.8 real, 113.0 MB
[runlim] sample:		5471.8 time, 5480.8 real, 113.0 MB
[runlim] sample:		5481.8 time, 5490.8 real, 124.4 MB
[runlim] sample:		5491.8 time, 5500.8 real, 124.4 MB
[runlim] sample:		5501.8 time, 5510.8 real, 83.6 MB
[runlim] sample:		5511.8 time, 5520.8 real, 109.8 MB
[runlim] sample:		5521.7 time, 5530.8 real, 110.3 MB
[runlim] sample:		5531.7 time, 5540.8 real, 110.5 MB
[runlim] sample:		5541.7 time, 5550.8 real, 111.1 MB
[runlim] sample:		5551.7 time, 5560.8 real, 111.3 MB
[runlim] sample:		5561.7 time, 5570.8 real, 111.3 MB
[runlim] sample:		5571.7 time, 5580.8 real, 111.3 MB
[runlim] sample:		5581.6 time, 5590.8 real, 111.3 MB
[runlim] sample:		5591.6 time, 5600.8 real, 111.3 MB
[runlim] sample:		5601.6 time, 5610.8 real, 111.3 MB
[runlim] sample:		5611.6 time, 5620.8 real, 111.3 MB
[runlim] sample:		5621.6 time, 5630.8 real, 111.3 MB
[runlim] sample:		5631.6 time, 5640.8 real, 111.3 MB
[runlim] sample:		5641.6 time, 5650.8 real, 111.3 MB
[runlim] sample:		5651.6 time, 5660.8 real, 111.3 MB
[runlim] sample:		5661.5 time, 5670.8 real, 111.3 MB
[runlim] sample:		5671.5 time, 5680.8 real, 112.1 MB
[runlim] sample:		5681.5 time, 5690.8 real, 112.1 MB
[runlim] sample:		5691.5 time, 5700.8 real, 112.1 MB
[runlim] sample:		5701.5 time, 5710.8 real, 112.1 MB
[runlim] sample:		5711.5 time, 5720.8 real, 112.1 MB
[runlim] sample:		5721.4 time, 5730.8 real, 112.4 MB
[runlim] sample:		5731.4 time, 5740.8 real, 112.4 MB
[runlim] sample:		5741.4 time, 5750.8 real, 112.4 MB
[runlim] sample:		5751.4 time, 5760.8 real, 112.4 MB
[runlim] sample:		5761.4 time, 5770.8 real, 112.4 MB
[runlim] sample:		5771.4 time, 5780.8 real, 112.4 MB
[runlim] sample:		5781.4 time, 5790.8 real, 112.4 MB
[runlim] sample:		5791.3 time, 5800.8 real, 112.4 MB
[runlim] sample:		5801.3 time, 5810.8 real, 112.4 MB
[runlim] sample:		5811.3 time, 5820.8 real, 112.4 MB
[runlim] sample:		5821.3 time, 5830.8 real, 112.4 MB
[runlim] sample:		5831.3 time, 5840.8 real, 112.4 MB
[runlim] sample:		5841.3 time, 5850.8 real, 112.4 MB
[runlim] sample:		5851.2 time, 5860.8 real, 112.4 MB
[runlim] sample:		5861.2 time, 5870.8 real, 112.4 MB
[runlim] sample:		5871.2 time, 5880.8 real, 112.4 MB
[runlim] sample:		5881.2 time, 5890.8 real, 112.4 MB
[runlim] sample:		5891.2 time, 5900.8 real, 112.4 MB
[runlim] sample:		5901.2 time, 5910.8 real, 112.4 MB
[runlim] sample:		5911.1 time, 5920.8 real, 112.4 MB
[runlim] sample:		5921.1 time, 5930.8 real, 112.4 MB
[runlim] sample:		5931.1 time, 5940.8 real, 112.4 MB
[runlim] sample:		5941.1 time, 5950.8 real, 112.4 MB
[runlim] sample:		5951.1 time, 5960.8 real, 112.4 MB
[runlim] sample:		5961.1 time, 5970.8 real, 112.4 MB
[runlim] sample:		5971.1 time, 5980.8 real, 112.4 MB
[runlim] sample:		5981.0 time, 5990.8 real, 112.4 MB
[runlim] sample:		5991.0 time, 6000.8 real, 112.4 MB
[runlim] sample:		6001.0 time, 6010.8 real, 112.4 MB
[runlim] sample:		6011.0 time, 6020.8 real, 112.4 MB
[runlim] sample:		6021.0 time, 6030.8 real, 112.4 MB
[runlim] sample:		6031.0 time, 6040.8 real, 112.4 MB
[runlim] sample:		6040.9 time, 6050.8 real, 112.4 MB
[runlim] sample:		6050.9 time, 6060.8 real, 112.4 MB
[runlim] sample:		6060.9 time, 6070.8 real, 112.4 MB
[runlim] sample:		6070.9 time, 6080.8 real, 112.4 MB
[runlim] sample:		6080.9 time, 6090.8 real, 112.4 MB
[runlim] sample:		6090.9 time, 6100.8 real, 112.4 MB
[runlim] sample:		6100.8 time, 6110.8 real, 112.4 MB
[runlim] sample:		6110.8 time, 6120.8 real, 112.4 MB
[runlim] sample:		6120.8 time, 6130.8 real, 112.4 MB
[runlim] sample:		6130.8 time, 6140.8 real, 112.4 MB
[runlim] sample:		6140.8 time, 6150.8 real, 112.4 MB
[runlim] sample:		6150.8 time, 6160.8 real, 112.6 MB
[runlim] sample:		6160.7 time, 6170.8 real, 112.6 MB
[runlim] sample:		6170.7 time, 6180.8 real, 112.6 MB
[runlim] sample:		6180.7 time, 6190.8 real, 112.6 MB
[runlim] sample:		6190.7 time, 6200.8 real, 112.6 MB
[runlim] sample:		6200.7 time, 6210.8 real, 112.6 MB
[runlim] sample:		6210.6 time, 6220.8 real, 112.6 MB
[runlim] sample:		6220.6 time, 6230.8 real, 112.6 MB
[runlim] sample:		6230.6 time, 6240.8 real, 112.6 MB
[runlim] sample:		6240.6 time, 6250.8 real, 112.6 MB
[runlim] sample:		6250.6 time, 6260.8 real, 112.6 MB
[runlim] sample:		6260.6 time, 6270.8 real, 112.6 MB
[runlim] sample:		6270.6 time, 6280.8 real, 112.6 MB
[runlim] sample:		6280.5 time, 6290.8 real, 112.6 MB
[runlim] sample:		6290.5 time, 6300.8 real, 112.6 MB
[runlim] sample:		6300.5 time, 6310.8 real, 112.6 MB
[runlim] sample:		6310.5 time, 6320.8 real, 112.6 MB
[runlim] sample:		6320.5 time, 6330.8 real, 112.6 MB
[runlim] sample:		6330.5 time, 6340.8 real, 112.6 MB
[runlim] sample:		6340.4 time, 6350.8 real, 112.6 MB
[runlim] sample:		6350.4 time, 6360.8 real, 112.6 MB
[runlim] sample:		6360.4 time, 6370.8 real, 112.6 MB
[runlim] sample:		6370.4 time, 6380.8 real, 112.6 MB
[runlim] sample:		6380.4 time, 6390.8 real, 124.7 MB
[runlim] sample:		6390.4 time, 6400.8 real, 106.0 MB
[runlim] sample:		6400.4 time, 6410.8 real, 106.8 MB
[runlim] sample:		6410.3 time, 6420.8 real, 82.1 MB
[runlim] sample:		6420.3 time, 6430.8 real, 109.8 MB
[runlim] sample:		6430.3 time, 6440.8 real, 110.4 MB
[runlim] sample:		6440.3 time, 6450.8 real, 110.9 MB
[runlim] sample:		6450.3 time, 6460.8 real, 110.9 MB
[runlim] sample:		6460.3 time, 6470.8 real, 111.1 MB
[runlim] sample:		6470.2 time, 6480.8 real, 111.1 MB
[runlim] sample:		6480.2 time, 6490.8 real, 111.1 MB
[runlim] sample:		6490.2 time, 6500.8 real, 111.1 MB
[runlim] sample:		6500.2 time, 6510.8 real, 111.1 MB
[runlim] sample:		6510.2 time, 6520.8 real, 111.1 MB
[runlim] sample:		6520.2 time, 6530.8 real, 111.4 MB
[runlim] sample:		6530.2 time, 6540.8 real, 111.4 MB
[runlim] sample:		6540.2 time, 6550.8 real, 125.3 MB
[runlim] sample:		6550.1 time, 6560.8 real, 85.7 MB
[runlim] sample:		6560.1 time, 6570.8 real, 110.4 MB
[runlim] sample:		6570.1 time, 6580.8 real, 111.5 MB
[runlim] sample:		6580.1 time, 6590.8 real, 111.5 MB
[runlim] sample:		6590.1 time, 6600.8 real, 111.5 MB
[runlim] sample:		6600.1 time, 6610.8 real, 111.5 MB
[runlim] sample:		6610.1 time, 6620.8 real, 112.0 MB
[runlim] sample:		6620.0 time, 6630.8 real, 112.8 MB
[runlim] sample:		6630.0 time, 6640.8 real, 112.8 MB
[runlim] sample:		6640.0 time, 6650.8 real, 112.8 MB
[runlim] sample:		6650.0 time, 6660.8 real, 112.8 MB
[runlim] sample:		6660.0 time, 6670.8 real, 112.8 MB
[runlim] sample:		6669.9 time, 6680.8 real, 112.8 MB
[runlim] sample:		6679.9 time, 6690.8 real, 112.8 MB
[runlim] sample:		6689.9 time, 6700.8 real, 112.8 MB
[runlim] sample:		6699.9 time, 6710.8 real, 113.0 MB
[runlim] sample:		6709.9 time, 6720.8 real, 113.0 MB
[runlim] sample:		6719.9 time, 6730.8 real, 113.0 MB
[runlim] sample:		6729.9 time, 6740.8 real, 113.0 MB
[runlim] sample:		6739.9 time, 6750.8 real, 113.0 MB
[runlim] sample:		6749.8 time, 6760.8 real, 125.9 MB
[runlim] sample:		6759.8 time, 6770.8 real, 89.7 MB
[runlim] sample:		6769.8 time, 6780.8 real, 111.1 MB
[runlim] sample:		6779.8 time, 6790.8 real, 125.8 MB
[runlim] sample:		6789.8 time, 6800.8 real, 125.8 MB
[runlim] sample:		6799.8 time, 6810.8 real, 125.8 MB
[runlim] sample:		6809.8 time, 6820.8 real, 125.8 MB
[runlim] sample:		6819.7 time, 6830.8 real, 125.8 MB
[runlim] sample:		6829.7 time, 6840.8 real, 110.6 MB
[runlim] sample:		6839.7 time, 6850.8 real, 110.9 MB
[runlim] sample:		6849.7 time, 6860.8 real, 125.8 MB
[runlim] sample:		6859.7 time, 6870.8 real, 127.1 MB
[runlim] sample:		6869.6 time, 6880.8 real, 127.1 MB
[runlim] sample:		6879.6 time, 6890.8 real, 127.1 MB
[runlim] sample:		6889.6 time, 6900.8 real, 127.1 MB
[runlim] sample:		6899.6 time, 6910.8 real, 127.1 MB
[runlim] sample:		6909.5 time, 6920.8 real, 127.1 MB
[runlim] sample:		6919.5 time, 6930.8 real, 127.1 MB
[runlim] sample:		6929.5 time, 6940.8 real, 127.1 MB
[runlim] sample:		6939.5 time, 6950.8 real, 127.1 MB
[runlim] sample:		6949.5 time, 6960.8 real, 127.1 MB
[runlim] sample:		6959.4 time, 6970.8 real, 127.1 MB
[runlim] sample:		6969.4 time, 6980.8 real, 127.1 MB
[runlim] sample:		6979.4 time, 6990.8 real, 127.1 MB
[runlim] sample:		6989.4 time, 7000.8 real, 127.1 MB
[runlim] sample:		6999.4 time, 7010.8 real, 127.1 MB
[runlim] sample:		7009.4 time, 7020.8 real, 127.1 MB
[runlim] sample:		7019.4 time, 7030.8 real, 127.1 MB
[runlim] sample:		7029.3 time, 7040.8 real, 127.1 MB
[runlim] sample:		7039.3 time, 7050.8 real, 127.1 MB
[runlim] sample:		7049.3 time, 7060.8 real, 127.1 MB
[runlim] sample:		7059.3 time, 7070.8 real, 127.1 MB
[runlim] sample:		7069.3 time, 7080.8 real, 127.1 MB
[runlim] sample:		7079.3 time, 7090.8 real, 127.1 MB
[runlim] sample:		7089.2 time, 7100.8 real, 127.1 MB
[runlim] sample:		7099.2 time, 7110.8 real, 127.1 MB
[runlim] sample:		7109.2 time, 7120.8 real, 127.1 MB
[runlim] sample:		7119.2 time, 7130.8 real, 127.1 MB
[runlim] sample:		7129.2 time, 7140.8 real, 127.1 MB
[runlim] sample:		7139.2 time, 7150.8 real, 127.1 MB
[runlim] sample:		7149.1 time, 7160.8 real, 127.1 MB
[runlim] sample:		7159.1 time, 7170.8 real, 127.1 MB
[runlim] sample:		7169.1 time, 7180.8 real, 127.1 MB
[runlim] sample:		7179.1 time, 7190.8 real, 127.1 MB
[runlim] sample:		7189.1 time, 7200.8 real, 127.1 MB
[runlim] sample:		7199.1 time, 7210.8 real, 127.1 MB
[runlim] sample:		7209.1 time, 7220.8 real, 127.1 MB
[runlim] sample:		7219.0 time, 7230.8 real, 127.1 MB
[runlim] sample:		7229.0 time, 7240.8 real, 127.1 MB
[runlim] sample:		7239.0 time, 7250.8 real, 127.1 MB
[runlim] sample:		7249.0 time, 7260.8 real, 127.1 MB
[runlim] sample:		7259.0 time, 7270.8 real, 127.1 MB
[runlim] sample:		7268.9 time, 7280.8 real, 82.6 MB
[runlim] sample:		7278.9 time, 7290.8 real, 88.7 MB
[runlim] sample:		7288.9 time, 7300.8 real, 111.1 MB
[runlim] sample:		7298.9 time, 7310.8 real, 111.4 MB
[runlim] sample:		7308.9 time, 7320.8 real, 111.4 MB
[runlim] sample:		7318.9 time, 7330.8 real, 111.4 MB
[runlim] sample:		7328.9 time, 7340.8 real, 111.6 MB
[runlim] sample:		7338.8 time, 7350.8 real, 111.6 MB
[runlim] sample:		7348.8 time, 7360.8 real, 111.6 MB
[runlim] sample:		7358.8 time, 7370.8 real, 111.6 MB
[runlim] sample:		7368.8 time, 7380.8 real, 126.3 MB
[runlim] sample:		7378.8 time, 7390.8 real, 126.3 MB
[runlim] sample:		7388.8 time, 7400.8 real, 126.9 MB
[runlim] sample:		7398.8 time, 7410.8 real, 126.9 MB
[runlim] sample:		7408.7 time, 7420.8 real, 126.9 MB
[runlim] sample:		7418.7 time, 7430.8 real, 126.9 MB
[runlim] sample:		7428.7 time, 7440.8 real, 126.9 MB
[runlim] sample:		7438.7 time, 7450.8 real, 126.9 MB
[runlim] sample:		7448.7 time, 7460.8 real, 126.9 MB
[runlim] sample:		7458.6 time, 7470.8 real, 126.9 MB
[runlim] sample:		7468.6 time, 7480.8 real, 126.9 MB
[runlim] sample:		7478.6 time, 7490.8 real, 126.9 MB
[runlim] sample:		7488.6 time, 7500.8 real, 126.9 MB
[runlim] sample:		7498.6 time, 7510.8 real, 126.9 MB
[runlim] sample:		7508.6 time, 7520.8 real, 126.9 MB
[runlim] sample:		7518.6 time, 7530.8 real, 126.9 MB
[runlim] sample:		7528.6 time, 7540.8 real, 126.9 MB
[runlim] sample:		7538.5 time, 7550.8 real, 85.4 MB
[runlim] sample:		7548.5 time, 7560.8 real, 111.4 MB
[runlim] sample:		7558.5 time, 7570.8 real, 126.3 MB
[runlim] sample:		7568.5 time, 7580.8 real, 103.2 MB
[runlim] sample:		7578.5 time, 7590.8 real, 79.6 MB
[runlim] sample:		7588.4 time, 7600.8 real, 90.4 MB
[runlim] sample:		7598.4 time, 7610.8 real, 112.1 MB
[runlim] sample:		7608.4 time, 7620.8 real, 112.1 MB
[runlim] sample:		7618.4 time, 7630.8 real, 112.9 MB
[runlim] sample:		7628.4 time, 7640.8 real, 112.9 MB
[runlim] sample:		7638.4 time, 7650.8 real, 112.9 MB
[runlim] sample:		7648.4 time, 7660.8 real, 112.9 MB
[runlim] sample:		7658.3 time, 7670.8 real, 112.9 MB
[runlim] sample:		7668.3 time, 7680.8 real, 126.8 MB
[runlim] sample:		7678.3 time, 7690.8 real, 80.3 MB
[runlim] sample:		7688.3 time, 7700.8 real, 88.7 MB
[runlim] sample:		7698.3 time, 7710.8 real, 111.3 MB
[runlim] sample:		7708.3 time, 7720.8 real, 111.9 MB
[runlim] sample:		7718.2 time, 7730.8 real, 111.9 MB
[runlim] sample:		7728.2 time, 7740.8 real, 127.1 MB
[runlim] sample:		7738.2 time, 7750.8 real, 86.9 MB
[runlim] sample:		7748.2 time, 7760.8 real, 119.2 MB
[runlim] sample:		7758.2 time, 7770.8 real, 121.2 MB
[runlim] sample:		7768.2 time, 7780.8 real, 121.7 MB
[runlim] sample:		7778.1 time, 7790.8 real, 121.7 MB
[runlim] sample:		7788.1 time, 7800.8 real, 122.5 MB
[runlim] sample:		7798.1 time, 7810.8 real, 132.3 MB
[runlim] sample:		7808.1 time, 7820.8 real, 138.6 MB
[runlim] sample:		7818.1 time, 7830.8 real, 138.6 MB
[runlim] sample:		7828.1 time, 7840.8 real, 138.6 MB
[runlim] sample:		7838.1 time, 7850.8 real, 138.6 MB
[runlim] sample:		7848.0 time, 7860.8 real, 138.6 MB
[runlim] sample:		7858.0 time, 7870.8 real, 138.6 MB
[runlim] sample:		7868.0 time, 7880.8 real, 138.6 MB
[runlim] sample:		7878.0 time, 7890.8 real, 138.6 MB
[runlim] sample:		7888.0 time, 7900.8 real, 138.6 MB
[runlim] sample:		7898.0 time, 7910.8 real, 85.1 MB
[runlim] sample:		7907.9 time, 7920.8 real, 111.3 MB
[runlim] sample:		7917.9 time, 7930.8 real, 112.6 MB
[runlim] sample:		7927.9 time, 7940.8 real, 112.6 MB
[runlim] sample:		7937.9 time, 7950.8 real, 112.6 MB
[runlim] sample:		7947.9 time, 7960.8 real, 127.6 MB
[runlim] sample:		7957.9 time, 7970.8 real, 88.4 MB
[runlim] sample:		7967.8 time, 7980.8 real, 111.3 MB
[runlim] sample:		7977.8 time, 7990.8 real, 111.8 MB
[runlim] sample:		7987.8 time, 8000.8 real, 112.6 MB
[runlim] sample:		7997.8 time, 8010.8 real, 112.6 MB
[runlim] sample:		8007.8 time, 8020.8 real, 112.6 MB
[runlim] sample:		8017.8 time, 8030.8 real, 127.5 MB
[runlim] sample:		8027.7 time, 8040.8 real, 127.5 MB
[runlim] sample:		8037.7 time, 8050.8 real, 127.5 MB
[runlim] sample:		8047.7 time, 8060.8 real, 127.5 MB
[runlim] sample:		8057.7 time, 8070.8 real, 103.2 MB
[runlim] sample:		8067.7 time, 8080.8 real, 104.7 MB
[runlim] sample:		8077.7 time, 8090.8 real, 84.3 MB
[runlim] sample:		8087.6 time, 8100.8 real, 111.1 MB
[runlim] sample:		8097.6 time, 8110.8 real, 111.8 MB
[runlim] sample:		8107.6 time, 8120.8 real, 112.6 MB
[runlim] sample:		8117.6 time, 8130.8 real, 112.9 MB
[runlim] sample:		8127.6 time, 8140.8 real, 113.1 MB
[runlim] sample:		8137.6 time, 8150.8 real, 113.1 MB
[runlim] sample:		8147.6 time, 8160.8 real, 113.4 MB
[runlim] sample:		8157.5 time, 8170.8 real, 113.4 MB
[runlim] sample:		8167.5 time, 8180.8 real, 127.0 MB
[runlim] sample:		8177.5 time, 8190.8 real, 127.0 MB
[runlim] sample:		8187.5 time, 8200.8 real, 127.0 MB
[runlim] sample:		8197.5 time, 8210.8 real, 127.0 MB
[runlim] sample:		8207.5 time, 8220.8 real, 127.0 MB
[runlim] sample:		8217.4 time, 8230.8 real, 127.0 MB
[runlim] sample:		8227.4 time, 8240.8 real, 127.0 MB
[runlim] sample:		8237.4 time, 8250.8 real, 127.0 MB
[runlim] sample:		8247.4 time, 8260.8 real, 127.3 MB
[runlim] sample:		8257.4 time, 8270.8 real, 127.3 MB
[runlim] sample:		8267.4 time, 8280.8 real, 106.1 MB
[runlim] sample:		8277.3 time, 8290.8 real, 85.7 MB
[runlim] sample:		8287.3 time, 8300.8 real, 112.4 MB
[runlim] sample:		8297.3 time, 8310.8 real, 112.4 MB
[runlim] sample:		8307.3 time, 8320.8 real, 113.2 MB
[runlim] sample:		8317.3 time, 8330.8 real, 113.2 MB
[runlim] sample:		8327.3 time, 8340.8 real, 113.4 MB
[runlim] sample:		8337.3 time, 8350.8 real, 113.7 MB
[runlim] sample:		8347.2 time, 8360.8 real, 114.2 MB
[runlim] sample:		8357.2 time, 8370.8 real, 128.1 MB
[runlim] sample:		8367.2 time, 8380.8 real, 128.1 MB
[runlim] sample:		8377.2 time, 8390.8 real, 128.1 MB
[runlim] sample:		8387.2 time, 8400.8 real, 128.1 MB
[runlim] sample:		8397.2 time, 8410.8 real, 128.1 MB
[runlim] sample:		8407.2 time, 8420.8 real, 128.1 MB
[runlim] sample:		8417.1 time, 8430.8 real, 128.1 MB
[runlim] sample:		8427.1 time, 8440.8 real, 128.1 MB
[runlim] sample:		8437.1 time, 8450.8 real, 128.1 MB
[runlim] sample:		8447.1 time, 8460.8 real, 128.1 MB
[runlim] sample:		8457.1 time, 8470.8 real, 129.9 MB
[runlim] sample:		8467.1 time, 8480.8 real, 129.9 MB
[runlim] sample:		8477.0 time, 8490.8 real, 129.9 MB
[runlim] sample:		8487.0 time, 8500.8 real, 129.9 MB
[runlim] sample:		8497.0 time, 8510.8 real, 129.9 MB
[runlim] sample:		8507.0 time, 8520.8 real, 129.9 MB
[runlim] sample:		8517.0 time, 8530.8 real, 129.9 MB
[runlim] sample:		8527.0 time, 8540.8 real, 129.9 MB
[runlim] sample:		8537.0 time, 8550.8 real, 129.9 MB
[runlim] sample:		8546.9 time, 8560.8 real, 129.9 MB
[runlim] sample:		8556.9 time, 8570.8 real, 129.9 MB
[runlim] sample:		8566.9 time, 8580.8 real, 129.9 MB
[runlim] sample:		8576.9 time, 8590.8 real, 129.9 MB
[runlim] sample:		8586.9 time, 8600.8 real, 129.9 MB
[runlim] sample:		8596.9 time, 8610.8 real, 129.9 MB
[runlim] sample:		8606.9 time, 8620.8 real, 103.0 MB
[runlim] sample:		8616.9 time, 8630.8 real, 101.5 MB
[runlim] sample:		8626.8 time, 8640.8 real, 109.9 MB
[runlim] sample:		8636.8 time, 8650.8 real, 90.1 MB
[runlim] sample:		8646.8 time, 8660.8 real, 112.0 MB
[runlim] sample:		8656.8 time, 8670.8 real, 90.2 MB
[runlim] sample:		8666.8 time, 8680.8 real, 79.8 MB
[runlim] sample:		8676.8 time, 8690.8 real, 110.3 MB
[runlim] sample:		8686.8 time, 8700.8 real, 137.0 MB
[runlim] sample:		8696.7 time, 8710.8 real, 111.3 MB
[runlim] sample:		8706.7 time, 8720.8 real, 112.5 MB
[runlim] sample:		8716.7 time, 8730.8 real, 128.8 MB
[runlim] sample:		8726.7 time, 8740.8 real, 128.8 MB
[runlim] sample:		8736.7 time, 8750.8 real, 110.3 MB
[runlim] sample:		8746.6 time, 8760.8 real, 101.7 MB
[runlim] sample:		8756.6 time, 8770.8 real, 102.4 MB
[runlim] sample:		8766.6 time, 8780.8 real, 102.2 MB
[runlim] sample:		8776.6 time, 8790.8 real, 112.6 MB
[runlim] sample:		8786.6 time, 8800.8 real, 80.3 MB
[runlim] sample:		8796.5 time, 8810.8 real, 110.5 MB
[runlim] sample:		8806.5 time, 8820.8 real, 126.5 MB
[runlim] sample:		8816.5 time, 8830.8 real, 127.8 MB
[runlim] sample:		8826.5 time, 8840.8 real, 127.8 MB
[runlim] sample:		8836.5 time, 8850.8 real, 104.8 MB
[runlim] sample:		8846.5 time, 8860.8 real, 81.9 MB
[runlim] sample:		8856.5 time, 8870.8 real, 89.5 MB
[runlim] sample:		8866.5 time, 8880.8 real, 111.2 MB
[runlim] sample:		8876.4 time, 8890.8 real, 112.2 MB
[runlim] sample:		8886.4 time, 8900.8 real, 112.7 MB
[runlim] sample:		8896.4 time, 8910.8 real, 112.7 MB
[runlim] sample:		8906.4 time, 8920.8 real, 112.7 MB
[runlim] sample:		8916.4 time, 8930.8 real, 112.7 MB
[runlim] sample:		8926.3 time, 8940.8 real, 127.1 MB
[runlim] sample:		8936.3 time, 8950.8 real, 103.5 MB
[runlim] sample:		8946.3 time, 8960.8 real, 111.9 MB
[runlim] sample:		8956.3 time, 8970.8 real, 108.6 MB
[runlim] sample:		8966.3 time, 8980.8 real, 88.5 MB
[runlim] sample:		8976.3 time, 8990.8 real, 111.7 MB
[runlim] sample:		8986.2 time, 9000.8 real, 126.9 MB
[runlim] sample:		8996.2 time, 9010.8 real, 108.0 MB
[runlim] sample:		9006.2 time, 9020.8 real, 107.7 MB
[runlim] sample:		9016.2 time, 9030.8 real, 110.4 MB
[runlim] sample:		9026.2 time, 9040.8 real, 110.1 MB
[runlim] sample:		9036.1 time, 9050.8 real, 88.9 MB
[runlim] sample:		9046.1 time, 9060.8 real, 111.3 MB
[runlim] sample:		9056.1 time, 9070.8 real, 112.1 MB
[runlim] sample:		9066.1 time, 9080.8 real, 127.3 MB
[runlim] sample:		9076.1 time, 9090.8 real, 108.1 MB
[runlim] sample:		9086.1 time, 9100.8 real, 108.7 MB
[runlim] sample:		9096.1 time, 9110.8 real, 109.2 MB
[runlim] sample:		9106.0 time, 9120.8 real, 109.6 MB
[runlim] sample:		9116.0 time, 9130.8 real, 111.2 MB
[runlim] sample:		9126.0 time, 9140.8 real, 111.7 MB
[runlim] sample:		9136.0 time, 9150.8 real, 102.0 MB
[runlim] sample:		9146.0 time, 9160.8 real, 101.8 MB
[runlim] sample:		9156.0 time, 9170.8 real, 102.8 MB
[runlim] sample:		9165.9 time, 9180.8 real, 105.6 MB
[runlim] sample:		9175.9 time, 9190.8 real, 108.4 MB
[runlim] sample:		9185.9 time, 9200.8 real, 107.6 MB
[runlim] sample:		9195.9 time, 9210.8 real, 109.4 MB
[runlim] sample:		9205.9 time, 9220.8 real, 106.1 MB
[runlim] sample:		9215.9 time, 9230.8 real, 104.1 MB
[runlim] sample:		9225.9 time, 9240.8 real, 112.2 MB
[runlim] sample:		9235.8 time, 9250.8 real, 109.7 MB
[runlim] sample:		9245.8 time, 9260.8 real, 108.7 MB
[runlim] sample:		9255.8 time, 9270.8 real, 108.1 MB
[runlim] sample:		9265.8 time, 9280.8 real, 106.1 MB
[runlim] sample:		9275.8 time, 9290.8 real, 105.3 MB
[runlim] sample:		9285.8 time, 9300.8 real, 104.8 MB
[runlim] sample:		9295.8 time, 9310.8 real, 106.6 MB
[runlim] sample:		9305.7 time, 9320.8 real, 107.9 MB
[runlim] sample:		9315.7 time, 9330.8 real, 110.2 MB
[runlim] sample:		9325.7 time, 9340.8 real, 107.4 MB
[runlim] sample:		9335.7 time, 9350.8 real, 108.7 MB
[runlim] sample:		9345.7 time, 9360.8 real, 107.9 MB
[runlim] sample:		9355.6 time, 9370.8 real, 109.7 MB
[runlim] sample:		9365.6 time, 9380.8 real, 112.4 MB
[runlim] sample:		9375.6 time, 9390.8 real, 87.5 MB
[runlim] sample:		9385.6 time, 9400.8 real, 119.8 MB
[runlim] sample:		9395.6 time, 9410.8 real, 129.6 MB
[runlim] sample:		9405.6 time, 9420.8 real, 138.4 MB
[runlim] sample:		9415.5 time, 9430.8 real, 138.9 MB
[runlim] sample:		9425.5 time, 9440.8 real, 139.2 MB
[runlim] sample:		9435.5 time, 9450.8 real, 139.7 MB
[runlim] sample:		9445.5 time, 9460.8 real, 139.7 MB
[runlim] sample:		9455.5 time, 9470.8 real, 139.7 MB
[runlim] sample:		9465.5 time, 9480.8 real, 139.7 MB
[runlim] sample:		9475.5 time, 9490.8 real, 139.7 MB
[runlim] sample:		9485.4 time, 9500.8 real, 108.9 MB
[runlim] sample:		9495.4 time, 9510.8 real, 107.4 MB
[runlim] sample:		9505.4 time, 9520.8 real, 106.4 MB
[runlim] sample:		9515.4 time, 9530.8 real, 104.4 MB
[runlim] sample:		9525.4 time, 9540.8 real, 103.4 MB
[runlim] sample:		9535.4 time, 9550.8 real, 111.5 MB
[runlim] sample:		9545.4 time, 9560.8 real, 108.5 MB
[runlim] sample:		9555.3 time, 9570.8 real, 106.4 MB
[runlim] sample:		9565.3 time, 9580.8 real, 104.4 MB
[runlim] sample:		9575.3 time, 9590.8 real, 103.1 MB
[runlim] sample:		9585.3 time, 9600.8 real, 104.7 MB
[runlim] sample:		9595.3 time, 9610.8 real, 103.6 MB
[runlim] sample:		9605.2 time, 9620.8 real, 102.9 MB
[runlim] sample:		9615.2 time, 9630.8 real, 101.6 MB
[runlim] sample:		9625.2 time, 9640.8 real, 111.5 MB
[runlim] sample:		9635.2 time, 9650.8 real, 103.4 MB
[runlim] sample:		9645.2 time, 9660.8 real, 102.9 MB
[runlim] sample:		9655.2 time, 9670.8 real, 111.2 MB
[runlim] sample:		9665.1 time, 9680.8 real, 102.6 MB
[runlim] sample:		9675.1 time, 9690.8 real, 102.9 MB
[runlim] sample:		9685.1 time, 9700.8 real, 105.9 MB
[runlim] sample:		9695.1 time, 9710.8 real, 103.6 MB
[runlim] sample:		9705.1 time, 9720.8 real, 112.7 MB
[runlim] sample:		9715.1 time, 9730.8 real, 82.8 MB
[runlim] sample:		9725.0 time, 9740.8 real, 137.8 MB
[runlim] sample:		9735.0 time, 9750.8 real, 111.4 MB
[runlim] sample:		9745.0 time, 9760.8 real, 139.7 MB
[runlim] sample:		9755.0 time, 9770.8 real, 113.0 MB
[runlim] sample:		9765.0 time, 9780.8 real, 113.5 MB
[runlim] sample:		9775.0 time, 9790.8 real, 113.5 MB
[runlim] sample:		9785.0 time, 9800.8 real, 136.7 MB
[runlim] sample:		9794.9 time, 9810.8 real, 146.1 MB
[runlim] sample:		9804.9 time, 9820.8 real, 113.5 MB
[runlim] sample:		9814.9 time, 9830.8 real, 113.5 MB
[runlim] sample:		9824.9 time, 9840.8 real, 113.5 MB
[runlim] sample:		9834.9 time, 9850.8 real, 113.5 MB
[runlim] sample:		9844.9 time, 9860.8 real, 144.6 MB
[runlim] sample:		9854.8 time, 9870.8 real, 113.5 MB
[runlim] sample:		9864.8 time, 9880.8 real, 129.5 MB
[runlim] sample:		9874.8 time, 9890.8 real, 129.5 MB
[runlim] sample:		9884.8 time, 9900.8 real, 129.5 MB
[runlim] sample:		9894.8 time, 9910.8 real, 129.5 MB
[runlim] sample:		9904.8 time, 9920.8 real, 129.5 MB
[runlim] sample:		9914.8 time, 9930.8 real, 129.5 MB
[runlim] sample:		9924.7 time, 9940.8 real, 129.5 MB
[runlim] sample:		9934.7 time, 9950.8 real, 104.0 MB
[runlim] sample:		9944.7 time, 9960.8 real, 104.2 MB
[runlim] sample:		9954.7 time, 9970.8 real, 103.9 MB
[runlim] sample:		9964.7 time, 9980.8 real, 102.4 MB
[runlim] sample:		9974.7 time, 9990.8 real, 103.1 MB
[runlim] sample:		9984.6 time, 10000.8 real, 103.6 MB
[runlim] sample:		9994.6 time, 10010.8 real, 103.4 MB
[runlim] sample:		10004.6 time, 10020.8 real, 111.5 MB
[runlim] sample:		10014.6 time, 10030.8 real, 110.5 MB
[runlim] sample:		10024.6 time, 10040.8 real, 110.5 MB
[runlim] sample:		10034.6 time, 10050.8 real, 110.8 MB
[runlim] sample:		10044.6 time, 10060.8 real, 108.2 MB
[runlim] sample:		10054.5 time, 10070.8 real, 109.2 MB
[runlim] sample:		10064.5 time, 10080.8 real, 108.9 MB
[runlim] sample:		10074.5 time, 10090.8 real, 109.0 MB
[runlim] sample:		10084.5 time, 10100.8 real, 108.7 MB
[runlim] sample:		10094.5 time, 10110.8 real, 107.4 MB
[runlim] sample:		10104.5 time, 10120.8 real, 106.9 MB
[runlim] sample:		10114.5 time, 10130.8 real, 109.1 MB
[runlim] sample:		10124.4 time, 10140.8 real, 107.8 MB
[runlim] sample:		10134.4 time, 10150.8 real, 106.6 MB
[runlim] sample:		10144.4 time, 10160.8 real, 104.0 MB
[runlim] sample:		10154.4 time, 10170.8 real, 103.0 MB
[runlim] sample:		10164.4 time, 10180.8 real, 102.5 MB
[runlim] sample:		10174.4 time, 10190.8 real, 111.9 MB
[runlim] sample:		10184.3 time, 10200.8 real, 111.1 MB
[runlim] sample:		10194.3 time, 10210.8 real, 110.6 MB
[runlim] sample:		10204.3 time, 10220.8 real, 103.5 MB
[runlim] sample:		10214.3 time, 10230.8 real, 110.9 MB
[runlim] sample:		10224.3 time, 10240.8 real, 110.4 MB
[runlim] sample:		10234.2 time, 10250.8 real, 108.3 MB
[runlim] sample:		10244.2 time, 10260.8 real, 106.0 MB
[runlim] sample:		10254.2 time, 10270.8 real, 103.5 MB
[runlim] sample:		10264.2 time, 10280.8 real, 112.1 MB
[runlim] sample:		10274.2 time, 10290.8 real, 109.3 MB
[runlim] sample:		10284.2 time, 10300.8 real, 108.6 MB
[runlim] sample:		10294.2 time, 10310.8 real, 106.3 MB
[runlim] sample:		10304.1 time, 10320.8 real, 106.1 MB
[runlim] sample:		10314.1 time, 10330.8 real, 104.8 MB
[runlim] sample:		10324.1 time, 10340.8 real, 103.3 MB
[runlim] sample:		10334.1 time, 10350.8 real, 111.4 MB
[runlim] sample:		10344.1 time, 10360.8 real, 111.6 MB
[runlim] sample:		10354.0 time, 10370.8 real, 107.6 MB
[runlim] sample:		10364.0 time, 10380.8 real, 104.8 MB
[runlim] sample:		10374.0 time, 10390.8 real, 105.0 MB
[runlim] sample:		10384.0 time, 10400.8 real, 105.5 MB
[runlim] sample:		10394.0 time, 10410.8 real, 106.3 MB
[runlim] sample:		10404.0 time, 10420.8 real, 107.8 MB
[runlim] sample:		10414.0 time, 10430.8 real, 106.6 MB
[runlim] sample:		10423.9 time, 10440.8 real, 107.6 MB
[runlim] sample:		10433.9 time, 10450.8 real, 108.9 MB
[runlim] sample:		10443.9 time, 10460.8 real, 106.9 MB
[runlim] sample:		10453.9 time, 10470.8 real, 107.1 MB
[runlim] sample:		10463.9 time, 10480.8 real, 109.4 MB
[runlim] sample:		10473.9 time, 10490.8 real, 111.4 MB
[runlim] sample:		10483.9 time, 10500.8 real, 106.1 MB
[runlim] sample:		10493.8 time, 10510.8 real, 103.8 MB
[runlim] sample:		10503.8 time, 10520.8 real, 112.5 MB
[runlim] sample:		10513.8 time, 10530.8 real, 109.1 MB
[runlim] sample:		10523.8 time, 10540.8 real, 108.6 MB
[runlim] sample:		10533.8 time, 10550.8 real, 108.4 MB
[runlim] sample:		10543.8 time, 10560.8 real, 106.6 MB
[runlim] sample:		10553.8 time, 10570.8 real, 103.5 MB
[runlim] sample:		10563.7 time, 10580.8 real, 112.4 MB
[runlim] sample:		10573.7 time, 10590.8 real, 111.9 MB
[runlim] sample:		10583.7 time, 10600.8 real, 109.4 MB
[runlim] sample:		10593.7 time, 10610.8 real, 109.9 MB
[runlim] sample:		10603.7 time, 10620.8 real, 110.4 MB
[runlim] sample:		10613.6 time, 10630.8 real, 107.6 MB
[runlim] sample:		10623.6 time, 10640.8 real, 105.6 MB
[runlim] sample:		10633.6 time, 10650.8 real, 114.0 MB
[runlim] sample:		10643.6 time, 10660.8 real, 111.5 MB
[runlim] sample:		10653.6 time, 10670.8 real, 109.0 MB
[runlim] sample:		10663.6 time, 10680.8 real, 106.9 MB
[runlim] sample:		10673.6 time, 10690.8 real, 105.2 MB
[runlim] sample:		10683.5 time, 10700.8 real, 112.8 MB
[runlim] sample:		10693.5 time, 10710.8 real, 112.7 MB
[runlim] sample:		10703.5 time, 10720.8 real, 109.2 MB
[runlim] sample:		10713.5 time, 10730.8 real, 107.4 MB
[runlim] sample:		10723.5 time, 10740.8 real, 106.9 MB
[runlim] sample:		10733.5 time, 10750.8 real, 108.2 MB
[runlim] sample:		10743.5 time, 10760.8 real, 109.7 MB
[runlim] sample:		10753.4 time, 10770.8 real, 111.0 MB
[runlim] sample:		10763.4 time, 10780.8 real, 112.6 MB
[runlim] sample:		10773.4 time, 10790.8 real, 112.9 MB
[runlim] sample:		10783.4 time, 10800.8 real, 110.3 MB
[runlim] sample:		10793.4 time, 10810.8 real, 110.6 MB
[runlim] sample:		10803.4 time, 10820.8 real, 112.4 MB
[runlim] sample:		10813.4 time, 10830.8 real, 109.0 MB
[runlim] sample:		10823.3 time, 10840.8 real, 107.5 MB
[runlim] sample:		10833.3 time, 10850.8 real, 107.5 MB
[runlim] sample:		10843.3 time, 10860.8 real, 108.0 MB
[runlim] sample:		10853.3 time, 10870.8 real, 111.1 MB
[runlim] sample:		10863.3 time, 10880.8 real, 112.8 MB
[runlim] sample:		10873.3 time, 10890.8 real, 112.1 MB
[runlim] sample:		10883.2 time, 10900.8 real, 111.6 MB
[runlim] sample:		10893.2 time, 10910.8 real, 110.6 MB
[runlim] sample:		10903.2 time, 10920.8 real, 109.3 MB
[runlim] sample:		10913.2 time, 10930.8 real, 108.8 MB
[runlim] sample:		10923.2 time, 10940.8 real, 111.6 MB
[runlim] sample:		10933.2 time, 10950.8 real, 107.6 MB
[runlim] sample:		10943.1 time, 10960.8 real, 104.7 MB
[runlim] sample:		10953.1 time, 10970.8 real, 103.7 MB
[runlim] sample:		10963.1 time, 10980.8 real, 109.0 MB
[runlim] sample:		10973.1 time, 10990.8 real, 106.0 MB
[runlim] sample:		10983.1 time, 11000.8 real, 103.2 MB
[runlim] sample:		10993.1 time, 11010.8 real, 111.9 MB
[runlim] sample:		11003.0 time, 11020.8 real, 109.8 MB
[runlim] sample:		11013.0 time, 11030.8 real, 107.8 MB
[runlim] sample:		11023.0 time, 11040.8 real, 106.5 MB
[runlim] sample:		11033.0 time, 11050.8 real, 105.5 MB
[runlim] sample:		11043.0 time, 11060.8 real, 112.9 MB
[runlim] sample:		11053.0 time, 11070.8 real, 103.7 MB
[runlim] sample:		11063.0 time, 11080.8 real, 112.4 MB
[runlim] sample:		11072.9 time, 11090.8 real, 111.9 MB
[runlim] sample:		11082.9 time, 11100.8 real, 112.1 MB
[runlim] sample:		11092.9 time, 11110.8 real, 112.2 MB
[runlim] sample:		11102.9 time, 11120.8 real, 112.9 MB
[runlim] sample:		11112.9 time, 11130.8 real, 113.7 MB
[runlim] sample:		11122.9 time, 11140.8 real, 114.1 MB
[runlim] sample:		11132.9 time, 11150.8 real, 111.3 MB
[runlim] sample:		11142.9 time, 11160.8 real, 111.4 MB
[runlim] sample:		11152.8 time, 11170.8 real, 111.6 MB
[runlim] sample:		11162.8 time, 11180.8 real, 110.1 MB
[runlim] sample:		11172.8 time, 11190.8 real, 113.7 MB
[runlim] sample:		11182.8 time, 11200.8 real, 109.8 MB
[runlim] sample:		11192.8 time, 11210.8 real, 109.1 MB
[runlim] sample:		11202.8 time, 11220.8 real, 108.3 MB
[runlim] sample:		11212.7 time, 11230.8 real, 110.6 MB
[runlim] sample:		11222.7 time, 11240.8 real, 104.2 MB
[runlim] sample:		11232.7 time, 11250.8 real, 112.9 MB
[runlim] sample:		11242.7 time, 11260.8 real, 112.4 MB
[runlim] sample:		11252.7 time, 11270.8 real, 111.4 MB
[runlim] sample:		11262.7 time, 11280.8 real, 113.1 MB
[runlim] sample:		11272.7 time, 11290.8 real, 105.0 MB
[runlim] sample:		11282.6 time, 11300.8 real, 104.8 MB
[runlim] sample:		11292.6 time, 11310.8 real, 113.4 MB
[runlim] sample:		11302.6 time, 11320.8 real, 108.1 MB
[runlim] sample:		11312.6 time, 11330.8 real, 111.4 MB
[runlim] sample:		11322.6 time, 11340.8 real, 108.6 MB
[runlim] sample:		11332.6 time, 11350.8 real, 106.3 MB
[runlim] sample:		11342.5 time, 11360.8 real, 113.9 MB
[runlim] sample:		11352.5 time, 11370.8 real, 110.9 MB
[runlim] sample:		11362.5 time, 11380.8 real, 109.8 MB
[runlim] sample:		11372.5 time, 11390.8 real, 107.3 MB
[runlim] sample:		11382.5 time, 11400.8 real, 106.3 MB
[runlim] sample:		11392.5 time, 11410.8 real, 103.7 MB
[runlim] sample:		11402.5 time, 11420.8 real, 113.3 MB
[runlim] sample:		11412.5 time, 11430.8 real, 109.1 MB
[runlim] sample:		11422.4 time, 11440.8 real, 109.0 MB
[runlim] sample:		11432.4 time, 11450.8 real, 108.8 MB
[runlim] sample:		11442.4 time, 11460.8 real, 106.0 MB
[runlim] sample:		11452.4 time, 11470.8 real, 106.8 MB
[runlim] sample:		11462.4 time, 11480.8 real, 104.8 MB
[runlim] sample:		11472.4 time, 11490.8 real, 113.7 MB
[runlim] sample:		11482.4 time, 11500.8 real, 114.2 MB
[runlim] sample:		11492.3 time, 11510.8 real, 113.1 MB
[runlim] sample:		11502.3 time, 11520.8 real, 113.4 MB
[runlim] sample:		11512.3 time, 11530.8 real, 112.1 MB
[runlim] sample:		11522.3 time, 11540.8 real, 110.1 MB
[runlim] sample:		11532.3 time, 11550.8 real, 111.1 MB
[runlim] sample:		11542.3 time, 11560.8 real, 111.3 MB
[runlim] sample:		11552.2 time, 11570.8 real, 111.4 MB
[runlim] sample:		11562.2 time, 11580.8 real, 108.4 MB
[runlim] sample:		11572.2 time, 11590.8 real, 106.3 MB
[runlim] sample:		11582.2 time, 11600.8 real, 106.5 MB
[runlim] sample:		11592.2 time, 11610.8 real, 114.7 MB
[runlim] sample:		11602.2 time, 11620.8 real, 103.7 MB
[runlim] sample:		11612.2 time, 11630.8 real, 113.6 MB
[runlim] sample:		11622.1 time, 11640.8 real, 104.5 MB
[runlim] sample:		11632.1 time, 11650.8 real, 106.0 MB
[runlim] sample:		11642.1 time, 11660.8 real, 112.6 MB
[runlim] sample:		11652.1 time, 11670.8 real, 111.3 MB
[runlim] sample:		11662.1 time, 11680.8 real, 110.1 MB
[runlim] sample:		11672.1 time, 11690.8 real, 108.5 MB
[runlim] sample:		11682.0 time, 11700.8 real, 113.1 MB
[runlim] sample:		11692.0 time, 11710.8 real, 106.8 MB
[runlim] sample:		11702.0 time, 11720.8 real, 113.9 MB
[runlim] sample:		11712.0 time, 11730.8 real, 111.3 MB
[runlim] sample:		11722.0 time, 11740.8 real, 109.3 MB
[runlim] sample:		11732.0 time, 11750.8 real, 107.8 MB
[runlim] sample:		11742.0 time, 11760.8 real, 106.5 MB
[runlim] sample:		11752.0 time, 11770.8 real, 105.2 MB
[runlim] sample:		11761.9 time, 11780.8 real, 104.7 MB
[runlim] sample:		11771.9 time, 11790.8 real, 114.4 MB
[runlim] sample:		11781.9 time, 11800.8 real, 113.1 MB
[runlim] sample:		11791.9 time, 11810.8 real, 110.3 MB
[runlim] sample:		11801.9 time, 11820.8 real, 109.1 MB
[runlim] sample:		11811.9 time, 11830.8 real, 110.1 MB
[runlim] sample:		11821.8 time, 11840.8 real, 109.6 MB
[runlim] sample:		11831.8 time, 11850.8 real, 108.5 MB
[runlim] sample:		11841.8 time, 11860.8 real, 107.5 MB
[runlim] sample:		11851.8 time, 11870.8 real, 109.6 MB
[runlim] sample:		11861.8 time, 11880.8 real, 107.0 MB
[runlim] sample:		11871.8 time, 11890.8 real, 107.3 MB
[runlim] sample:		11881.8 time, 11900.8 real, 108.8 MB
[runlim] sample:		11891.7 time, 11910.8 real, 105.8 MB
[runlim] sample:		11901.7 time, 11920.8 real, 112.9 MB
[runlim] sample:		11911.7 time, 11930.8 real, 109.6 MB
[runlim] sample:		11921.7 time, 11940.8 real, 107.0 MB
[runlim] sample:		11931.7 time, 11950.8 real, 106.5 MB
[runlim] sample:		11941.7 time, 11960.8 real, 113.9 MB
[runlim] sample:		11951.6 time, 11970.8 real, 111.0 MB
[runlim] sample:		11961.6 time, 11980.8 real, 110.9 MB
[runlim] sample:		11971.6 time, 11990.8 real, 112.3 MB
[runlim] sample:		11981.6 time, 12000.8 real, 113.1 MB
[runlim] sample:		11991.6 time, 12010.8 real, 111.3 MB
[runlim] sample:		12001.6 time, 12020.8 real, 111.5 MB
[runlim] sample:		12011.5 time, 12030.8 real, 110.3 MB
[runlim] sample:		12021.5 time, 12040.8 real, 113.1 MB
[runlim] sample:		12031.5 time, 12050.8 real, 112.1 MB
[runlim] sample:		12041.5 time, 12060.8 real, 112.1 MB
[runlim] sample:		12051.5 time, 12070.8 real, 112.6 MB
[runlim] sample:		12061.5 time, 12080.8 real, 107.0 MB
[runlim] sample:		12071.5 time, 12090.8 real, 110.0 MB
[runlim] sample:		12081.4 time, 12100.8 real, 105.7 MB
[runlim] sample:		12091.4 time, 12110.8 real, 114.1 MB
[runlim] sample:		12101.4 time, 12120.8 real, 111.3 MB
[runlim] sample:		12111.4 time, 12130.8 real, 110.0 MB
[runlim] sample:		12121.4 time, 12140.8 real, 108.2 MB
[runlim] sample:		12131.4 time, 12150.8 real, 105.7 MB
[runlim] sample:		12141.4 time, 12160.8 real, 113.8 MB
[runlim] sample:		12151.3 time, 12170.8 real, 111.3 MB
[runlim] sample:		12161.3 time, 12180.8 real, 110.3 MB
[runlim] sample:		12171.3 time, 12190.8 real, 110.0 MB
[runlim] sample:		12181.3 time, 12200.8 real, 107.7 MB
[runlim] sample:		12191.3 time, 12210.8 real, 104.7 MB
[runlim] sample:		12201.2 time, 12220.8 real, 107.0 MB
[runlim] sample:		12211.2 time, 12230.8 real, 105.5 MB
[runlim] sample:		12221.2 time, 12240.8 real, 104.7 MB
[runlim] sample:		12231.2 time, 12250.8 real, 114.1 MB
[runlim] sample:		12241.2 time, 12260.8 real, 113.8 MB
[runlim] sample:		12251.2 time, 12270.8 real, 107.2 MB
[runlim] sample:		12261.2 time, 12280.8 real, 114.8 MB
[runlim] sample:		12271.1 time, 12290.8 real, 112.6 MB
[runlim] sample:		12281.1 time, 12300.8 real, 111.8 MB
[runlim] sample:		12291.1 time, 12310.8 real, 111.0 MB
[runlim] sample:		12301.1 time, 12320.8 real, 113.3 MB
[runlim] sample:		12311.1 time, 12330.8 real, 114.6 MB
[runlim] sample:		12321.0 time, 12340.8 real, 109.8 MB
[runlim] sample:		12331.0 time, 12350.8 real, 107.2 MB
[runlim] sample:		12341.0 time, 12360.8 real, 107.0 MB
[runlim] sample:		12351.0 time, 12370.8 real, 111.0 MB
[runlim] sample:		12361.0 time, 12380.8 real, 110.0 MB
[runlim] sample:		12371.0 time, 12390.8 real, 106.5 MB
[runlim] sample:		12381.0 time, 12400.8 real, 106.7 MB
[runlim] sample:		12391.0 time, 12410.8 real, 106.5 MB
[runlim] sample:		12400.9 time, 12420.8 real, 109.0 MB
[runlim] sample:		12410.9 time, 12430.8 real, 109.5 MB
[runlim] sample:		12420.9 time, 12440.8 real, 109.8 MB
[runlim] sample:		12430.9 time, 12450.8 real, 109.5 MB
[runlim] sample:		12440.9 time, 12460.8 real, 114.3 MB
[runlim] sample:		12450.9 time, 12470.8 real, 111.0 MB
[runlim] sample:		12460.8 time, 12480.8 real, 107.2 MB
[runlim] sample:		12470.8 time, 12490.8 real, 104.4 MB
[runlim] sample:		12480.8 time, 12500.8 real, 113.3 MB
[runlim] sample:		12490.8 time, 12510.8 real, 111.3 MB
[runlim] sample:		12500.8 time, 12520.8 real, 110.6 MB
[runlim] sample:		12510.8 time, 12530.8 real, 109.0 MB
[runlim] sample:		12520.7 time, 12540.8 real, 107.8 MB
[runlim] sample:		12530.7 time, 12550.8 real, 106.2 MB
[runlim] sample:		12540.7 time, 12560.8 real, 104.9 MB
[runlim] sample:		12550.7 time, 12570.8 real, 113.8 MB
[runlim] sample:		12560.7 time, 12580.8 real, 113.6 MB
[runlim] sample:		12570.7 time, 12590.8 real, 110.8 MB
[runlim] sample:		12580.6 time, 12600.8 real, 111.6 MB
[runlim] sample:		12590.6 time, 12610.8 real, 109.0 MB
[runlim] sample:		12600.6 time, 12620.8 real, 108.2 MB
[runlim] sample:		12610.6 time, 12630.8 real, 108.0 MB
[runlim] sample:		12620.6 time, 12640.8 real, 106.2 MB
[runlim] sample:		12630.6 time, 12650.8 real, 114.3 MB
[runlim] sample:		12640.5 time, 12660.8 real, 112.8 MB
[runlim] sample:		12650.5 time, 12670.8 real, 115.1 MB
[runlim] sample:		12660.5 time, 12680.8 real, 107.0 MB
[runlim] sample:		12670.5 time, 12690.8 real, 104.9 MB
[runlim] sample:		12680.5 time, 12700.8 real, 106.2 MB
[runlim] sample:		12690.5 time, 12710.8 real, 106.2 MB
[runlim] sample:		12700.5 time, 12720.8 real, 115.4 MB
[runlim] sample:		12710.4 time, 12730.8 real, 113.3 MB
[runlim] sample:		12720.4 time, 12740.8 real, 113.6 MB
[runlim] sample:		12730.4 time, 12750.8 real, 113.3 MB
[runlim] sample:		12740.4 time, 12760.8 real, 105.2 MB
[runlim] sample:		12750.4 time, 12770.8 real, 107.5 MB
[runlim] sample:		12760.4 time, 12780.8 real, 115.1 MB
[runlim] sample:		12770.4 time, 12790.8 real, 111.3 MB
[runlim] sample:		12780.3 time, 12800.8 real, 109.0 MB
[runlim] sample:		12790.3 time, 12810.8 real, 105.7 MB
[runlim] sample:		12800.3 time, 12820.8 real, 104.7 MB
[runlim] sample:		12810.3 time, 12830.8 real, 113.3 MB
[runlim] sample:		12820.3 time, 12840.8 real, 114.9 MB
[runlim] sample:		12830.2 time, 12850.8 real, 110.2 MB
[runlim] sample:		12840.2 time, 12860.8 real, 108.2 MB
[runlim] sample:		12850.2 time, 12870.8 real, 104.9 MB
[runlim] sample:		12860.2 time, 12880.8 real, 114.1 MB
[runlim] sample:		12870.2 time, 12890.8 real, 111.6 MB
[runlim] sample:		12880.2 time, 12900.8 real, 109.3 MB
[runlim] sample:		12890.2 time, 12910.8 real, 107.0 MB
[runlim] sample:		12900.1 time, 12920.8 real, 105.7 MB
[runlim] sample:		12910.1 time, 12930.8 real, 114.6 MB
[runlim] sample:		12920.1 time, 12940.8 real, 111.6 MB
[runlim] sample:		12930.1 time, 12950.8 real, 110.8 MB
[runlim] sample:		12940.1 time, 12960.8 real, 112.8 MB
[runlim] sample:		12950.0 time, 12970.8 real, 110.8 MB
[runlim] sample:		12960.0 time, 12980.8 real, 110.0 MB
[runlim] sample:		12970.0 time, 12990.8 real, 109.0 MB
[runlim] sample:		12980.0 time, 13000.8 real, 107.0 MB
[runlim] sample:		12990.0 time, 13010.8 real, 106.2 MB
[runlim] sample:		13000.0 time, 13020.8 real, 104.9 MB
[runlim] sample:		13010.0 time, 13030.8 real, 112.3 MB
[runlim] sample:		13019.9 time, 13040.8 real, 111.8 MB
[runlim] sample:		13029.9 time, 13050.8 real, 113.9 MB
[runlim] sample:		13039.9 time, 13060.8 real, 107.0 MB
[runlim] sample:		13049.9 time, 13070.8 real, 104.7 MB
[runlim] sample:		13059.9 time, 13080.8 real, 114.6 MB
[runlim] sample:		13069.9 time, 13090.8 real, 114.1 MB
[runlim] sample:		13079.8 time, 13100.8 real, 112.6 MB
[runlim] sample:		13089.8 time, 13110.8 real, 111.8 MB
[runlim] sample:		13099.8 time, 13120.8 real, 111.3 MB
[runlim] sample:		13109.8 time, 13130.8 real, 108.7 MB
[runlim] sample:		13119.8 time, 13140.8 real, 107.5 MB
[runlim] sample:		13129.7 time, 13150.8 real, 115.1 MB
[runlim] sample:		13139.7 time, 13160.8 real, 113.7 MB
[runlim] sample:		13149.7 time, 13170.8 real, 111.4 MB
[runlim] sample:		13159.7 time, 13180.8 real, 108.1 MB
[runlim] sample:		13169.7 time, 13190.8 real, 107.6 MB
[runlim] sample:		13179.7 time, 13200.8 real, 107.6 MB
[runlim] sample:		13189.6 time, 13210.8 real, 106.3 MB
[runlim] sample:		13199.6 time, 13220.8 real, 106.3 MB
[runlim] sample:		13209.6 time, 13230.8 real, 112.4 MB
[runlim] sample:		13219.6 time, 13240.8 real, 108.9 MB
[runlim] sample:		13229.6 time, 13250.8 real, 105.6 MB
[runlim] sample:		13239.5 time, 13260.8 real, 114.0 MB
[runlim] sample:		13249.5 time, 13270.8 real, 111.9 MB
[runlim] sample:		13259.5 time, 13280.8 real, 108.4 MB
[runlim] sample:		13269.5 time, 13290.8 real, 105.1 MB
[runlim] sample:		13279.5 time, 13300.8 real, 114.2 MB
[runlim] sample:		13289.5 time, 13310.8 real, 112.2 MB
[runlim] sample:		13299.5 time, 13320.8 real, 111.4 MB
[runlim] sample:		13309.4 time, 13330.8 real, 109.4 MB
[runlim] sample:		13319.4 time, 13340.8 real, 106.9 MB
[runlim] sample:		13329.4 time, 13350.8 real, 108.4 MB
[runlim] sample:		13339.4 time, 13360.8 real, 108.1 MB
[runlim] sample:		13349.4 time, 13370.8 real, 109.7 MB
[runlim] sample:		13359.4 time, 13380.8 real, 104.8 MB
[runlim] sample:		13369.3 time, 13390.8 real, 113.2 MB
[runlim] sample:		13379.3 time, 13400.8 real, 115.0 MB
[runlim] sample:		13389.3 time, 13410.8 real, 112.6 MB
[runlim] sample:		13399.3 time, 13420.8 real, 111.9 MB
[runlim] sample:		13409.3 time, 13430.8 real, 114.2 MB
[runlim] sample:		13419.2 time, 13440.8 real, 112.4 MB
[runlim] sample:		13429.2 time, 13450.8 real, 112.2 MB
[runlim] sample:		13439.2 time, 13460.8 real, 113.9 MB
[runlim] sample:		13449.2 time, 13470.8 real, 115.0 MB
[runlim] sample:		13459.2 time, 13480.8 real, 111.9 MB
[runlim] sample:		13469.2 time, 13490.8 real, 109.1 MB
[runlim] sample:		13479.2 time, 13500.8 real, 108.9 MB
[runlim] sample:		13489.2 time, 13510.8 real, 112.7 MB
[runlim] sample:		13499.1 time, 13520.8 real, 110.9 MB
[runlim] sample:		13509.1 time, 13530.8 real, 106.6 MB
[runlim] sample:		13519.1 time, 13540.8 real, 104.6 MB
[runlim] sample:		13529.1 time, 13550.8 real, 112.4 MB
[runlim] sample:		13539.1 time, 13560.8 real, 112.6 MB
[runlim] sample:		13549.0 time, 13570.8 real, 114.0 MB
[runlim] sample:		13559.0 time, 13580.8 real, 114.7 MB
[runlim] sample:		13569.0 time, 13590.8 real, 106.1 MB
[runlim] sample:		13579.0 time, 13600.8 real, 109.8 MB
[runlim] sample:		13589.0 time, 13610.8 real, 113.9 MB
[runlim] sample:		13599.0 time, 13620.8 real, 110.9 MB
[runlim] sample:		13609.0 time, 13630.8 real, 106.6 MB
[runlim] sample:		13618.9 time, 13640.8 real, 114.2 MB
[runlim] sample:		13628.9 time, 13650.8 real, 109.9 MB
[runlim] sample:		13638.9 time, 13660.8 real, 107.4 MB
[runlim] sample:		13648.9 time, 13670.8 real, 105.6 MB
[runlim] sample:		13658.9 time, 13680.8 real, 114.7 MB
[runlim] sample:		13668.8 time, 13690.8 real, 112.7 MB
[runlim] sample:		13678.8 time, 13700.8 real, 111.2 MB
[runlim] sample:		13688.8 time, 13710.8 real, 108.7 MB
[runlim] sample:		13698.8 time, 13720.8 real, 106.9 MB
[runlim] sample:		13708.8 time, 13730.8 real, 115.5 MB
[runlim] sample:		13718.8 time, 13740.8 real, 112.9 MB
[runlim] sample:		13728.8 time, 13750.8 real, 113.0 MB
[runlim] sample:		13738.7 time, 13760.8 real, 108.9 MB
[runlim] sample:		13748.7 time, 13770.8 real, 108.4 MB
[runlim] sample:		13758.7 time, 13780.8 real, 106.1 MB
[runlim] sample:		13768.7 time, 13790.8 real, 112.7 MB
[runlim] sample:		13778.7 time, 13800.8 real, 108.9 MB
[runlim] sample:		13788.6 time, 13810.8 real, 110.9 MB
[runlim] sample:		13798.6 time, 13820.8 real, 107.1 MB
[runlim] sample:		13808.6 time, 13830.8 real, 106.4 MB
[runlim] sample:		13818.6 time, 13840.8 real, 115.3 MB
[runlim] sample:		13828.6 time, 13850.8 real, 115.3 MB
[runlim] sample:		13838.5 time, 13860.8 real, 111.7 MB
[runlim] sample:		13848.5 time, 13870.8 real, 111.7 MB
[runlim] sample:		13858.5 time, 13880.8 real, 112.2 MB
[runlim] sample:		13868.5 time, 13890.8 real, 112.1 MB
[runlim] sample:		13878.5 time, 13900.8 real, 113.8 MB
[runlim] sample:		13888.5 time, 13910.8 real, 114.6 MB
[runlim] sample:		13898.5 time, 13920.8 real, 114.9 MB
[runlim] sample:		13908.5 time, 13930.8 real, 112.3 MB
[runlim] sample:		13918.4 time, 13940.8 real, 111.3 MB
[runlim] sample:		13928.4 time, 13950.8 real, 108.3 MB
[runlim] sample:		13938.4 time, 13960.8 real, 114.6 MB
[runlim] sample:		13948.4 time, 13970.8 real, 112.6 MB
[runlim] sample:		13958.3 time, 13980.8 real, 109.3 MB
[runlim] sample:		13968.3 time, 13990.8 real, 106.0 MB
[runlim] sample:		13978.3 time, 14000.8 real, 115.1 MB
[runlim] sample:		13988.3 time, 14010.8 real, 111.8 MB
[runlim] sample:		13998.3 time, 14020.8 real, 106.1 MB
[runlim] sample:		14008.3 time, 14030.8 real, 114.0 MB
[runlim] sample:		14018.2 time, 14040.8 real, 111.5 MB
[runlim] sample:		14028.2 time, 14050.8 real, 108.4 MB
[runlim] sample:		14038.2 time, 14060.8 real, 116.0 MB
[runlim] sample:		14048.2 time, 14070.8 real, 114.7 MB
[runlim] sample:		14058.1 time, 14080.8 real, 111.4 MB
[runlim] sample:		14068.1 time, 14090.8 real, 108.9 MB
[runlim] sample:		14078.1 time, 14100.8 real, 116.3 MB
[runlim] sample:		14088.1 time, 14110.8 real, 114.8 MB
[runlim] sample:		14098.1 time, 14120.8 real, 113.0 MB
[runlim] sample:		14108.1 time, 14130.8 real, 109.9 MB
[runlim] sample:		14118.1 time, 14140.8 real, 107.1 MB
[runlim] sample:		14128.0 time, 14150.8 real, 114.2 MB
[runlim] sample:		14138.0 time, 14160.8 real, 112.2 MB
[runlim] sample:		14148.0 time, 14170.8 real, 112.2 MB
[runlim] sample:		14158.0 time, 14180.8 real, 112.7 MB
[runlim] sample:		14168.0 time, 14190.8 real, 111.2 MB
[runlim] sample:		14178.0 time, 14200.8 real, 109.1 MB
[runlim] sample:		14188.0 time, 14210.8 real, 109.7 MB
[runlim] sample:		14197.9 time, 14220.8 real, 109.5 MB
[runlim] sample:		14207.9 time, 14230.8 real, 110.7 MB
[runlim] sample:		14217.9 time, 14240.8 real, 108.2 MB
[runlim] sample:		14227.9 time, 14250.8 real, 117.3 MB
[runlim] sample:		14237.9 time, 14260.8 real, 116.4 MB
[runlim] sample:		14247.8 time, 14270.8 real, 117.4 MB
[runlim] sample:		14257.8 time, 14280.8 real, 115.6 MB
[runlim] sample:		14267.8 time, 14290.8 real, 112.8 MB
[runlim] sample:		14277.8 time, 14300.8 real, 111.3 MB
[runlim] sample:		14287.8 time, 14310.8 real, 109.2 MB
[runlim] sample:		14297.7 time, 14320.8 real, 110.8 MB
[runlim] sample:		14307.7 time, 14330.8 real, 109.7 MB
[runlim] sample:		14317.7 time, 14340.8 real, 118.8 MB
[runlim] sample:		14327.7 time, 14350.8 real, 116.8 MB
[runlim] sample:		14337.7 time, 14360.8 real, 114.5 MB
[runlim] sample:		14347.6 time, 14370.8 real, 113.5 MB
[runlim] sample:		14357.6 time, 14380.8 real, 115.3 MB
[runlim] sample:		14367.6 time, 14390.8 real, 113.6 MB
[runlim] end:			Tue Aug 18 19:15:04 2020
[runlim] status:		out of time
[runlim] result:		2
[runlim] children:		0
[runlim] real:			14400.06 seconds
[runlim] time:			14376.80 seconds
[runlim] space:			160.0 MB
[runlim] samples:		143992
