[runlim] version:		1.10
[runlim] time limit:		311040000 seconds
[runlim] real time limit:	900 seconds
[runlim] space limit:		2048 MB
[runlim] argv[0]:		python
[runlim] argv[1]:		-m
[runlim] argv[2]:		counterSharp
[runlim] argv[3]:		--amm
[runlim] argv[4]:		/tmp/steuber/experiment/amm.dimacs
[runlim] argv[5]:		--amh
[runlim] argv[6]:		/tmp/steuber/experiment/amh.dimacs
[runlim] argv[7]:		--asm
[runlim] argv[8]:		/tmp/steuber/experiment/asm.dimacs
[runlim] argv[9]:		--ash
[runlim] argv[10]:		/tmp/steuber/experiment/ash.dimacs
[runlim] argv[11]:		--con
[runlim] argv[12]:		/tmp/steuber/experiment/con.dimacs
[runlim] argv[13]:		-d
[runlim] argv[14]:		--function
[runlim] argv[15]:		testfun
[runlim] argv[16]:		--unwind
[runlim] argv[17]:		500
[runlim] argv[18]:		/home/i12/steuber/counting/counterSharp-experiments/benchmarks/Log-2.c
[runlim] start:			Thu Oct 29 15:58:23 2020
[runlim] main pid:		22053
[counterSharp.util.Config] DEBUG: Input files: ['/home/i12/steuber/counting/counterSharp-experiments/benchmarks/Log-2.c']
[counterSharp.source.SourceManager] DEBUG: /tmp/steuber/experiment/tmp99dhuqgt.c
[counterSharp.cbmc.CBMCManager] DEBUG: cbmc --verbosity 4 --function testfun --dimacs --slice-formula --unwind 500 --no-assertions --no-assumptions --unwinding-assertions /tmp/steuber/experiment/tmp99dhuqgt.c
[runlim] sample:		9.7 time, 10.5 real, 37.4 MB
[runlim] sample:		19.7 time, 20.5 real, 39.2 MB
[runlim] sample:		29.7 time, 30.5 real, 43.2 MB
[runlim] sample:		39.7 time, 40.5 real, 45.6 MB
[runlim] sample:		49.7 time, 50.5 real, 45.6 MB
[runlim] sample:		59.7 time, 60.5 real, 45.6 MB
[runlim] sample:		69.7 time, 70.5 real, 46.9 MB
[runlim] sample:		79.7 time, 80.5 real, 48.7 MB
[runlim] sample:		89.7 time, 90.5 real, 50.7 MB
[runlim] sample:		99.7 time, 100.5 real, 53.3 MB
[runlim] sample:		109.6 time, 110.5 real, 53.3 MB
[runlim] sample:		119.6 time, 120.5 real, 53.3 MB
[runlim] sample:		129.6 time, 130.5 real, 53.9 MB
[runlim] sample:		139.6 time, 140.5 real, 53.9 MB
[runlim] sample:		149.6 time, 150.5 real, 54.4 MB
[runlim] sample:		159.6 time, 160.5 real, 55.7 MB
[runlim] sample:		169.6 time, 170.5 real, 56.7 MB
[runlim] sample:		179.6 time, 180.5 real, 58.0 MB
[runlim] sample:		189.6 time, 190.5 real, 59.3 MB
[runlim] sample:		199.6 time, 200.5 real, 61.6 MB
[runlim] sample:		209.6 time, 210.5 real, 61.6 MB
[runlim] sample:		219.6 time, 220.5 real, 61.6 MB
[runlim] sample:		229.6 time, 230.5 real, 61.6 MB
[runlim] sample:		239.6 time, 240.5 real, 61.6 MB
[runlim] sample:		249.6 time, 250.5 real, 61.6 MB
[runlim] sample:		259.6 time, 260.5 real, 61.6 MB
[runlim] sample:		269.6 time, 270.5 real, 62.4 MB
[runlim] sample:		279.6 time, 280.5 real, 63.1 MB
[runlim] sample:		289.6 time, 290.5 real, 63.9 MB
[runlim] sample:		299.6 time, 300.5 real, 64.7 MB
[runlim] sample:		309.6 time, 310.5 real, 65.7 MB
[runlim] sample:		319.6 time, 320.5 real, 66.5 MB
[runlim] sample:		329.6 time, 330.5 real, 68.6 MB
[runlim] sample:		339.6 time, 340.5 real, 69.6 MB
[runlim] sample:		349.6 time, 350.5 real, 69.6 MB
[runlim] sample:		359.6 time, 360.5 real, 69.6 MB
[runlim] sample:		369.6 time, 370.5 real, 69.6 MB
[runlim] sample:		379.6 time, 380.5 real, 71.1 MB
[runlim] sample:		389.6 time, 390.5 real, 71.1 MB
[runlim] sample:		399.5 time, 400.5 real, 71.1 MB
[runlim] sample:		409.5 time, 410.5 real, 71.1 MB
[runlim] sample:		419.5 time, 420.5 real, 71.6 MB
[runlim] sample:		429.5 time, 430.5 real, 72.3 MB
[runlim] sample:		439.5 time, 440.5 real, 72.8 MB
[runlim] sample:		449.5 time, 450.5 real, 73.6 MB
[runlim] sample:		459.4 time, 460.5 real, 74.6 MB
[runlim] sample:		469.4 time, 470.5 real, 75.4 MB
[runlim] sample:		479.4 time, 480.5 real, 76.2 MB
[runlim] sample:		489.4 time, 490.5 real, 78.3 MB
[runlim] sample:		499.4 time, 500.5 real, 79.0 MB
[runlim] sample:		509.4 time, 510.5 real, 79.0 MB
[runlim] sample:		519.4 time, 520.5 real, 79.0 MB
[runlim] sample:		529.4 time, 530.5 real, 79.0 MB
[runlim] sample:		539.3 time, 540.5 real, 79.0 MB
[runlim] sample:		549.3 time, 550.5 real, 79.0 MB
[runlim] sample:		559.3 time, 560.5 real, 79.0 MB
[runlim] sample:		569.3 time, 570.5 real, 79.0 MB
[runlim] sample:		579.3 time, 580.5 real, 79.0 MB
[runlim] sample:		589.3 time, 590.5 real, 79.5 MB
[runlim] sample:		599.3 time, 600.5 real, 80.1 MB
[runlim] sample:		609.2 time, 610.5 real, 80.6 MB
[runlim] sample:		619.2 time, 620.5 real, 81.4 MB
[runlim] sample:		629.2 time, 630.5 real, 81.9 MB
[runlim] sample:		639.2 time, 640.5 real, 82.4 MB
[runlim] sample:		649.2 time, 650.5 real, 83.2 MB
[runlim] sample:		659.2 time, 660.5 real, 84.5 MB
[runlim] sample:		669.2 time, 670.5 real, 85.3 MB
[runlim] sample:		679.2 time, 680.5 real, 87.6 MB
[runlim] sample:		689.2 time, 690.5 real, 87.6 MB
[runlim] sample:		699.2 time, 700.5 real, 87.6 MB
[runlim] sample:		709.2 time, 710.5 real, 87.6 MB
[runlim] sample:		719.2 time, 720.5 real, 87.6 MB
[runlim] sample:		729.2 time, 730.5 real, 87.6 MB
[runlim] sample:		739.2 time, 740.5 real, 87.6 MB
[runlim] sample:		749.2 time, 750.5 real, 87.6 MB
[runlim] sample:		759.2 time, 760.5 real, 87.6 MB
[runlim] sample:		769.2 time, 770.5 real, 87.6 MB
[runlim] sample:		779.2 time, 780.5 real, 87.6 MB
[runlim] sample:		789.2 time, 790.5 real, 87.6 MB
[runlim] sample:		799.2 time, 800.5 real, 88.1 MB
[runlim] sample:		809.2 time, 810.5 real, 88.6 MB
[runlim] sample:		819.2 time, 820.5 real, 89.1 MB
[runlim] sample:		829.2 time, 830.5 real, 89.7 MB
[runlim] sample:		839.2 time, 840.5 real, 90.2 MB
[runlim] sample:		849.2 time, 850.5 real, 90.7 MB
[runlim] sample:		859.2 time, 860.5 real, 91.2 MB
[runlim] sample:		869.2 time, 870.5 real, 92.0 MB
[runlim] sample:		879.2 time, 880.5 real, 92.5 MB
[runlim] sample:		889.2 time, 890.5 real, 93.0 MB
[runlim] end:			Thu Oct 29 16:13:23 2020
[runlim] status:		out of time
[runlim] result:		2
[runlim] children:		8993
[runlim] real:			900.11 seconds
[runlim] time:			898.79 seconds
[runlim] space:			95.1 MB
[runlim] samples:		8996
