** CON **
c Setting the timout to: 100000
c Outputting solution to console
c GANAK version 1.0.0
c time bound set to 300s
c ganak GIT revision: 33f36bcdd4a32f4f20f64e667de10d13d1377953
c ganak build env: CMAKE_CXX_COMPILER = /usr/bin/c++ | CMAKE_CXX_FLAGS =  -mtune=native -Wall -Wextra -Wunused -Wsign-compare -fno-omit-frame-pointer -Wtype-limits -Wuninitialized -Wno-deprecated -Wstrict-aliasing -Wpointer-arith -Wpointer-arith -Wformat-nonliteral -Winit-self -Wparentheses -Wunreachable-code -ggdb3 | COMPILE_DEFINES =  | STATICCOMPILE = OFF | ONLY_SIMPLE =  | Boost_FOUND =  | ZLIB_FOUND =  | ENABLE_TESTING =  | ENABLE_ASSERTIONS = ON | MY_TARGETS =  | compilation date time = Oct 29 2020 17:35:28
c Setting the timout to: 300
c Solving /experiments/results/hhk2008.c/01/counterSharp/con.dimacs
c variables (all/used/free): 	1465/1465/0
c clauses (all/long/binary/unit): 5087/3466/1606/15
c Sampling set is present, performing projected model counting 
c Sampling set size: 64
c Sampling set:  28 29 30 31 32 33 34 35 36 37 38 39 40 41 42 43 44 45 46 47 48 49 50 51 52 53 54 55 56 57 58 59 60 61 62 63 64 65 66 67 68 69 70 71 72 73 74 75 76 77 78 79 80 81 82 83 84 85 86 87 88 89 90 91
c 
c Preprocessing ..
c DONE

c FOUND UNSAT DURING PREPROCESSING 
c 
c 
c variables (total / active / free)	1465/1465/0
c clauses (removed) 			5087 (0)
c decisions 				0
c Max. decision level 			0
c conflicts 				0
c conflict clauses (all/bin/unit) 	0/0/15
c 
c failed literals found by implicit BCP 	 0
c implicit BCP miss rate 	 0%
c bytes cache size     	104	
c bytes cache (overall) 	104
c bytes cache components (overall) 	0
c bytes cache (infra / comps) 104/0	
c bytes pure comp data (curr)    0
c bytes pure comp data (overall) 0
c bytes cache with sysoverh (curr)    0
c bytes cache with sysoverh (overall) 0
c cache (lookup / stores / hits) 			0/0/0
c cache miss rate 0%
c avg. variable count (stores / hits) 	-nan/0
c 
c 
c # solutions 
s pmc 0
c # END
c 
c time: 0.003774s
** AMM **
c Setting the timout to: 100000
c Outputting solution to console
c GANAK version 1.0.0
c time bound set to 300s
c ganak GIT revision: 33f36bcdd4a32f4f20f64e667de10d13d1377953
c ganak build env: CMAKE_CXX_COMPILER = /usr/bin/c++ | CMAKE_CXX_FLAGS =  -mtune=native -Wall -Wextra -Wunused -Wsign-compare -fno-omit-frame-pointer -Wtype-limits -Wuninitialized -Wno-deprecated -Wstrict-aliasing -Wpointer-arith -Wpointer-arith -Wformat-nonliteral -Winit-self -Wparentheses -Wunreachable-code -ggdb3 | COMPILE_DEFINES =  | STATICCOMPILE = OFF | ONLY_SIMPLE =  | Boost_FOUND =  | ZLIB_FOUND =  | ENABLE_TESTING =  | ENABLE_ASSERTIONS = ON | MY_TARGETS =  | compilation date time = Oct 29 2020 17:35:28
c Setting the timout to: 300
c Solving /experiments/results/hhk2008.c/01/counterSharp/amm.dimacs
c variables (all/used/free): 	1548/1548/0
c clauses (all/long/binary/unit): 5392/3737/1645/10
c Sampling set is present, performing projected model counting 
c Sampling set size: 64
c Sampling set:  16 17 18 19 20 21 22 23 24 25 26 27 28 29 30 31 32 33 34 35 36 37 38 39 40 41 42 43 44 45 46 47 48 49 50 51 52 53 54 55 56 57 58 59 60 61 62 63 64 65 66 67 68 69 70 71 72 73 74 75 76 77 78 79
c 
c Preprocessing ..
c DONE
c variables (all/used/free): 	1530/1498/32
c clauses (all/long/binary/unit): 5335/3698/1637/0
c Maximum cache size:	1024 MB
c 
c Max decision level :25
c Max decision level :50
c Doing Restart
** AMH **
c Setting the timout to: 100000
c Outputting solution to console
c GANAK version 1.0.0
c time bound set to 300s
c ganak GIT revision: 33f36bcdd4a32f4f20f64e667de10d13d1377953
c ganak build env: CMAKE_CXX_COMPILER = /usr/bin/c++ | CMAKE_CXX_FLAGS =  -mtune=native -Wall -Wextra -Wunused -Wsign-compare -fno-omit-frame-pointer -Wtype-limits -Wuninitialized -Wno-deprecated -Wstrict-aliasing -Wpointer-arith -Wpointer-arith -Wformat-nonliteral -Winit-self -Wparentheses -Wunreachable-code -ggdb3 | COMPILE_DEFINES =  | STATICCOMPILE = OFF | ONLY_SIMPLE =  | Boost_FOUND =  | ZLIB_FOUND =  | ENABLE_TESTING =  | ENABLE_ASSERTIONS = ON | MY_TARGETS =  | compilation date time = Oct 29 2020 17:35:28
c Setting the timout to: 300
c Solving /experiments/results/hhk2008.c/01/counterSharp/amh.dimacs
c variables (all/used/free): 	1548/1548/0
c clauses (all/long/binary/unit): 5392/3737/1645/10
c Sampling set is present, performing projected model counting 
c Sampling set size: 64
c Sampling set:  16 17 18 19 20 21 22 23 24 25 26 27 28 29 30 31 32 33 34 35 36 37 38 39 40 41 42 43 44 45 46 47 48 49 50 51 52 53 54 55 56 57 58 59 60 61 62 63 64 65 66 67 68 69 70 71 72 73 74 75 76 77 78 79
c 
c Preprocessing ..
c DONE
c variables (all/used/free): 	1523/1491/32
c clauses (all/long/binary/unit): 5262/3676/1586/0
c Maximum cache size:	1024 MB
c 
c We have solved halfed
c We have solved halfed
c Max decision level :25
c 
c 
c variables (total / active / free)	1523/1491/32
c clauses (removed) 			5392 (130)
c decisions 				118
c Max. decision level 			30
c conflicts 				23
c conflict clauses (all/bin/unit) 	300/64/0
c 
c failed literals found by implicit BCP 	 131
c implicit BCP miss rate 	 99.4037%
c bytes cache size     	20245832	
c bytes cache (overall) 	20245832
c bytes cache components (overall) 	11424
c bytes cache (infra / comps) 20234408/11424	
c bytes pure comp data (curr)    108020
c bytes pure comp data (overall) 108020
c bytes cache with sysoverh (curr)    19040
c bytes cache with sysoverh (overall) 19040
c cache (lookup / stores / hits) 			122/119/4
c cache miss rate 96.7213%
c avg. variable count (stores / hits) 	556.21/221.5
c 
c 
c # solutions 
s pmc 100
c # END
c 
c time: 0.063352s
** ASM **
c Setting the timout to: 100000
c Outputting solution to console
c GANAK version 1.0.0
c time bound set to 300s
c ganak GIT revision: 33f36bcdd4a32f4f20f64e667de10d13d1377953
c ganak build env: CMAKE_CXX_COMPILER = /usr/bin/c++ | CMAKE_CXX_FLAGS =  -mtune=native -Wall -Wextra -Wunused -Wsign-compare -fno-omit-frame-pointer -Wtype-limits -Wuninitialized -Wno-deprecated -Wstrict-aliasing -Wpointer-arith -Wpointer-arith -Wformat-nonliteral -Winit-self -Wparentheses -Wunreachable-code -ggdb3 | COMPILE_DEFINES =  | STATICCOMPILE = OFF | ONLY_SIMPLE =  | Boost_FOUND =  | ZLIB_FOUND =  | ENABLE_TESTING =  | ENABLE_ASSERTIONS = ON | MY_TARGETS =  | compilation date time = Oct 29 2020 17:35:28
c Setting the timout to: 300
c Solving /experiments/results/hhk2008.c/01/counterSharp/asm.dimacs
c variables (all/used/free): 	1550/1550/0
c clauses (all/long/binary/unit): 5398/3738/1649/11
c Sampling set is present, performing projected model counting 
c Sampling set size: 64
c Sampling set:  16 17 18 19 20 21 22 23 24 25 26 27 28 29 30 31 32 33 34 35 36 37 38 39 40 41 42 43 44 45 46 47 48 49 50 51 52 53 54 55 56 57 58 59 60 61 62 63 64 65 66 67 68 69 70 71 72 73 74 75 76 77 78 79
c 
c Preprocessing ..
c DONE
c variables (all/used/free): 	1520/1488/32
c clauses (all/long/binary/unit): 5241/3676/1565/0
c Maximum cache size:	1024 MB
c 
c We have solved halfed
c We have solved halfed
c 
c 
c variables (total / active / free)	1520/1488/32
c clauses (removed) 			5398 (157)
c decisions 				66
c Max. decision level 			8
c conflicts 				22
c conflict clauses (all/bin/unit) 	483/85/0
c 
c failed literals found by implicit BCP 	 174
c implicit BCP miss rate 	 99.12%
c bytes cache size     	20239496	
c bytes cache (overall) 	20240728
c bytes cache components (overall) 	6320
c bytes cache (infra / comps) 20234408/5088	
c bytes pure comp data (curr)    18446744073709536352
c bytes pure comp data (overall) 63456
c bytes cache with sysoverh (curr)    8480
c bytes cache with sysoverh (overall) 10496
c cache (lookup / stores / hits) 			69/67/3
c cache miss rate 95.6522%
c avg. variable count (stores / hits) 	652.113/54.3333
c 
c 
c # solutions 
s pmc 50
c # END
c 
c time: 0.054075s
** ASH **
c Setting the timout to: 100000
c Outputting solution to console
c GANAK version 1.0.0
c time bound set to 300s
c ganak GIT revision: 33f36bcdd4a32f4f20f64e667de10d13d1377953
c ganak build env: CMAKE_CXX_COMPILER = /usr/bin/c++ | CMAKE_CXX_FLAGS =  -mtune=native -Wall -Wextra -Wunused -Wsign-compare -fno-omit-frame-pointer -Wtype-limits -Wuninitialized -Wno-deprecated -Wstrict-aliasing -Wpointer-arith -Wpointer-arith -Wformat-nonliteral -Winit-self -Wparentheses -Wunreachable-code -ggdb3 | COMPILE_DEFINES =  | STATICCOMPILE = OFF | ONLY_SIMPLE =  | Boost_FOUND =  | ZLIB_FOUND =  | ENABLE_TESTING =  | ENABLE_ASSERTIONS = ON | MY_TARGETS =  | compilation date time = Oct 29 2020 17:35:28
c Setting the timout to: 300
c Solving /experiments/results/hhk2008.c/01/counterSharp/ash.dimacs
c variables (all/used/free): 	1550/1550/0
c clauses (all/long/binary/unit): 5398/3738/1649/11
c Sampling set is present, performing projected model counting 
c Sampling set size: 64
c Sampling set:  16 17 18 19 20 21 22 23 24 25 26 27 28 29 30 31 32 33 34 35 36 37 38 39 40 41 42 43 44 45 46 47 48 49 50 51 52 53 54 55 56 57 58 59 60 61 62 63 64 65 66 67 68 69 70 71 72 73 74 75 76 77 78 79
c 
c Preprocessing ..
c DONE
c variables (all/used/free): 	1488/1456/32
c clauses (all/long/binary/unit): 5160/3547/1613/0
c Maximum cache size:	1024 MB
c 
c We have solved halfed
c We have solved halfed
c 
c 
c variables (total / active / free)	1488/1456/32
c clauses (removed) 			5398 (238)
c decisions 				50
c Max. decision level 			8
c conflicts 				1
c conflict clauses (all/bin/unit) 	320/31/0
c 
c failed literals found by implicit BCP 	 138
c implicit BCP miss rate 	 98.9544%
c bytes cache size     	20239304	
c bytes cache (overall) 	20239304
c bytes cache components (overall) 	4896
c bytes cache (infra / comps) 20234408/4896	
c bytes pure comp data (curr)    43472
c bytes pure comp data (overall) 43472
c bytes cache with sysoverh (curr)    8160
c bytes cache with sysoverh (overall) 8160
c cache (lookup / stores / hits) 			50/51/0
c cache miss rate 100%
c avg. variable count (stores / hits) 	592.235/0
c 
c 
c # solutions 
s pmc 50
c # END
c 
c time: 0.047987s
