** CON **
[runlim] version:		1.10
[runlim] time limit:		311040000 seconds
[runlim] real time limit:	300 seconds
[runlim] space limit:		2048 MB
[runlim] argv[0]:		approxmc
[runlim] argv[1]:		--sparse
[runlim] argv[2]:		1
[runlim] argv[3]:		-s
[runlim] argv[4]:		01
[runlim] argv[5]:		/experiments/results/Mono3_1-2.c/01/counterSharp/con.dimacs
[runlim] start:			Fri Oct 30 18:06:03 2020
[runlim] main pid:		5200
ERROR! Could not open file '/experiments/results/Mono3_1-2.c/01/counterSharp/con.dimacs' for reading: No such file or directory
[runlim] end:			Fri Oct 30 18:06:03 2020
[runlim] status:		ok
[runlim] result:		0
[runlim] children:		0
[runlim] real:			0.64 seconds
[runlim] time:			0.00 seconds
[runlim] space:			0.0 MB
[runlim] samples:		0
** AMM **
[runlim] version:		1.10
[runlim] time limit:		311040000 seconds
[runlim] real time limit:	300 seconds
[runlim] space limit:		2048 MB
[runlim] argv[0]:		approxmc
[runlim] argv[1]:		--sparse
[runlim] argv[2]:		1
[runlim] argv[3]:		-s
[runlim] argv[4]:		01
[runlim] argv[5]:		/experiments/results/Mono3_1-2.c/01/counterSharp/amm.dimacs
[runlim] start:			Fri Oct 30 18:06:03 2020
[runlim] main pid:		5202
ERROR! Could not open file '/experiments/results/Mono3_1-2.c/01/counterSharp/amm.dimacs' for reading: No such file or directory
[runlim] end:			Fri Oct 30 18:06:03 2020
[runlim] status:		ok
[runlim] result:		0
[runlim] children:		0
[runlim] real:			0.64 seconds
[runlim] time:			0.00 seconds
[runlim] space:			0.0 MB
[runlim] samples:		0
** AMH **
[runlim] version:		1.10
[runlim] time limit:		311040000 seconds
[runlim] real time limit:	300 seconds
[runlim] space limit:		2048 MB
[runlim] argv[0]:		approxmc
[runlim] argv[1]:		--sparse
[runlim] argv[2]:		1
[runlim] argv[3]:		-s
[runlim] argv[4]:		01
[runlim] argv[5]:		/experiments/results/Mono3_1-2.c/01/counterSharp/amh.dimacs
[runlim] start:			Fri Oct 30 18:06:03 2020
[runlim] main pid:		5204
ERROR! Could not open file '/experiments/results/Mono3_1-2.c/01/counterSharp/amh.dimacs' for reading: No such file or directory
[runlim] end:			Fri Oct 30 18:06:03 2020
[runlim] status:		ok
[runlim] result:		0
[runlim] children:		0
[runlim] real:			0.65 seconds
[runlim] time:			0.00 seconds
[runlim] space:			0.0 MB
[runlim] samples:		0
** ASM **
[runlim] version:		1.10
[runlim] time limit:		311040000 seconds
[runlim] real time limit:	300 seconds
[runlim] space limit:		2048 MB
[runlim] argv[0]:		approxmc
[runlim] argv[1]:		--sparse
[runlim] argv[2]:		1
[runlim] argv[3]:		-s
[runlim] argv[4]:		01
[runlim] argv[5]:		/experiments/results/Mono3_1-2.c/01/counterSharp/asm.dimacs
[runlim] start:			Fri Oct 30 18:06:03 2020
[runlim] main pid:		5206
ERROR! Could not open file '/experiments/results/Mono3_1-2.c/01/counterSharp/asm.dimacs' for reading: No such file or directory
[runlim] end:			Fri Oct 30 18:06:03 2020
[runlim] status:		ok
[runlim] result:		0
[runlim] children:		0
[runlim] real:			0.65 seconds
[runlim] time:			0.00 seconds
[runlim] space:			0.0 MB
[runlim] samples:		0
** ASH **
[runlim] version:		1.10
[runlim] time limit:		311040000 seconds
[runlim] real time limit:	300 seconds
[runlim] space limit:		2048 MB
[runlim] argv[0]:		approxmc
[runlim] argv[1]:		--sparse
[runlim] argv[2]:		1
[runlim] argv[3]:		-s
[runlim] argv[4]:		01
[runlim] argv[5]:		/experiments/results/Mono3_1-2.c/01/counterSharp/ash.dimacs
[runlim] start:			Fri Oct 30 18:06:03 2020
[runlim] main pid:		5208
ERROR! Could not open file '/experiments/results/Mono3_1-2.c/01/counterSharp/ash.dimacs' for reading: No such file or directory
[runlim] end:			Fri Oct 30 18:06:03 2020
[runlim] status:		ok
[runlim] result:		0
[runlim] children:		0
[runlim] real:			0.66 seconds
[runlim] time:			0.00 seconds
[runlim] space:			0.0 MB
[runlim] samples:		0
