** counterSharp **
[runlim] version:		1.10
[runlim] time limit:		311040000 seconds
[runlim] real time limit:	14400 seconds
[runlim] space limit:		2048 MB
[runlim] argv[0]:		python
[runlim] argv[1]:		-m
[runlim] argv[2]:		counterSharp
[runlim] argv[3]:		--amm
[runlim] argv[4]:		/home/steuber/Dokumente/Bench/FP/experiments/results/usqrt.c/05/amm.dimacs
[runlim] argv[5]:		--amh
[runlim] argv[6]:		/home/steuber/Dokumente/Bench/FP/experiments/results/usqrt.c/05/amh.dimacs
[runlim] argv[7]:		--asm
[runlim] argv[8]:		/home/steuber/Dokumente/Bench/FP/experiments/results/usqrt.c/05/asm.dimacs
[runlim] argv[9]:		--ash
[runlim] argv[10]:		/home/steuber/Dokumente/Bench/FP/experiments/results/usqrt.c/05/ash.dimacs
[runlim] argv[11]:		-d
[runlim] argv[12]:		--function
[runlim] argv[13]:		usqrt
[runlim] argv[14]:		--unwind
[runlim] argv[15]:		33
[runlim] argv[16]:		/home/steuber/Dokumente/Bench/FP/experiments/benchmarks/usqrt.c
[runlim] start:			Mon Aug 17 13:57:42 2020
[runlim] main pid:		4316
[counterSharp.util.Config] DEBUG: Input files: ['/home/steuber/Dokumente/Bench/FP/experiments/benchmarks/usqrt.c']
[counterSharp.source.SourceManager] DEBUG: /tmp/tmphjnh8yuu.c
[counterSharp.cbmc.CBMCManager] DEBUG: cbmc --verbosity 4 --function usqrt --dimacs --unwind 33 --property usqrt.assertion.1 /tmp/tmphjnh8yuu.c
[counterSharp.cbmc.CBMCManager] DEBUG: cbmc --verbosity 4 --function usqrt --dimacs --unwind 33 --property usqrt.assertion.2 /tmp/tmphjnh8yuu.c
[counterSharp.cbmc.CBMCManager] DEBUG: cbmc --verbosity 4 --function usqrt --dimacs --unwind 33 --property usqrt.assertion.3 /tmp/tmphjnh8yuu.c
[counterSharp.cbmc.CBMCManager] DEBUG: cbmc --verbosity 4 --function usqrt --dimacs --unwind 33 --property usqrt.assertion.4 /tmp/tmphjnh8yuu.c
[runlim] end:			Mon Aug 17 13:57:43 2020
[runlim] status:		ok
[runlim] result:		0
[runlim] children:		4
[runlim] real:			1.30 seconds
[runlim] time:			0.25 seconds
[runlim] space:			29.1 MB
[runlim] samples:		6
** AMM **
[runlim] version:		1.10
[runlim] time limit:		311040000 seconds
[runlim] real time limit:	14400 seconds
[runlim] space limit:		2048 MB
[runlim] argv[0]:		approxmc
[runlim] argv[1]:		--sparse
[runlim] argv[2]:		1
[runlim] argv[3]:		/home/steuber/Dokumente/Bench/FP/experiments/results/usqrt.c/05/amm.dimacs
[runlim] start:			Mon Aug 17 13:57:43 2020
[runlim] main pid:		4336
[runlim] end:			Mon Aug 17 13:57:44 2020
[runlim] status:		ok
[runlim] result:		0
[runlim] children:		0
[runlim] real:			1.95 seconds
[runlim] time:			1.59 seconds
[runlim] space:			14.8 MB
[runlim] samples:		16
** AMH **
[runlim] version:		1.10
[runlim] time limit:		311040000 seconds
[runlim] real time limit:	14400 seconds
[runlim] space limit:		2048 MB
[runlim] argv[0]:		approxmc
[runlim] argv[1]:		--sparse
[runlim] argv[2]:		1
[runlim] argv[3]:		/home/steuber/Dokumente/Bench/FP/experiments/results/usqrt.c/05/amh.dimacs
[runlim] start:			Mon Aug 17 13:57:44 2020
[runlim] main pid:		4338
[runlim] end:			Mon Aug 17 13:57:46 2020
[runlim] status:		ok
[runlim] result:		0
[runlim] children:		0
[runlim] real:			2.56 seconds
[runlim] time:			1.58 seconds
[runlim] space:			15.0 MB
[runlim] samples:		16
** ASM **
[runlim] version:		1.10
[runlim] time limit:		311040000 seconds
[runlim] real time limit:	14400 seconds
[runlim] space limit:		2048 MB
[runlim] argv[0]:		approxmc
[runlim] argv[1]:		--sparse
[runlim] argv[2]:		1
[runlim] argv[3]:		/home/steuber/Dokumente/Bench/FP/experiments/results/usqrt.c/05/asm.dimacs
[runlim] start:			Mon Aug 17 13:57:46 2020
[runlim] main pid:		4340
[runlim] sample:		10.0 time, 10.6 real, 21.0 MB
[runlim] sample:		20.0 time, 20.6 real, 23.5 MB
[runlim] sample:		30.0 time, 30.6 real, 30.6 MB
[runlim] sample:		39.9 time, 40.6 real, 33.2 MB
[runlim] sample:		49.9 time, 50.6 real, 33.9 MB
[runlim] sample:		59.9 time, 60.6 real, 35.5 MB
[runlim] sample:		69.9 time, 70.6 real, 42.5 MB
[runlim] sample:		79.9 time, 80.6 real, 42.5 MB
[runlim] sample:		89.9 time, 90.6 real, 48.4 MB
[runlim] sample:		99.8 time, 100.6 real, 48.4 MB
[runlim] sample:		109.8 time, 110.6 real, 48.4 MB
[runlim] sample:		119.8 time, 120.6 real, 48.4 MB
[runlim] sample:		129.8 time, 130.6 real, 48.5 MB
[runlim] sample:		139.8 time, 140.6 real, 48.5 MB
[runlim] sample:		149.8 time, 150.6 real, 48.5 MB
[runlim] sample:		159.8 time, 160.6 real, 48.5 MB
[runlim] sample:		169.7 time, 170.6 real, 49.0 MB
[runlim] sample:		179.7 time, 180.6 real, 49.0 MB
[runlim] sample:		189.7 time, 190.6 real, 49.0 MB
[runlim] sample:		199.7 time, 200.6 real, 49.5 MB
[runlim] sample:		209.7 time, 210.6 real, 49.5 MB
[runlim] sample:		219.7 time, 220.6 real, 50.3 MB
[runlim] sample:		229.6 time, 230.6 real, 51.4 MB
[runlim] sample:		239.6 time, 240.6 real, 51.4 MB
[runlim] sample:		249.6 time, 250.6 real, 52.4 MB
[runlim] sample:		259.6 time, 260.6 real, 54.0 MB
[runlim] sample:		269.6 time, 270.6 real, 54.0 MB
[runlim] sample:		279.6 time, 280.6 real, 54.2 MB
[runlim] sample:		289.6 time, 290.6 real, 54.2 MB
[runlim] sample:		299.5 time, 300.6 real, 54.2 MB
[runlim] sample:		309.5 time, 310.6 real, 54.2 MB
[runlim] sample:		319.5 time, 320.6 real, 54.9 MB
[runlim] sample:		329.5 time, 330.6 real, 54.9 MB
[runlim] sample:		339.5 time, 340.6 real, 55.0 MB
[runlim] sample:		349.5 time, 350.6 real, 55.0 MB
[runlim] sample:		359.4 time, 360.6 real, 55.0 MB
[runlim] sample:		369.4 time, 370.6 real, 55.0 MB
[runlim] sample:		379.4 time, 380.6 real, 55.0 MB
[runlim] sample:		389.4 time, 390.6 real, 55.0 MB
[runlim] sample:		399.4 time, 400.6 real, 55.0 MB
[runlim] sample:		409.4 time, 410.6 real, 55.1 MB
[runlim] sample:		419.4 time, 420.6 real, 55.1 MB
[runlim] sample:		429.3 time, 430.6 real, 55.1 MB
[runlim] sample:		439.3 time, 440.6 real, 55.1 MB
[runlim] sample:		449.3 time, 450.6 real, 55.1 MB
[runlim] sample:		459.3 time, 460.6 real, 55.1 MB
[runlim] sample:		469.3 time, 470.6 real, 55.1 MB
[runlim] sample:		479.3 time, 480.6 real, 55.1 MB
[runlim] sample:		489.2 time, 490.6 real, 55.1 MB
[runlim] sample:		499.2 time, 500.6 real, 55.1 MB
[runlim] sample:		509.2 time, 510.6 real, 55.1 MB
[runlim] sample:		519.2 time, 520.6 real, 55.1 MB
[runlim] sample:		529.2 time, 530.6 real, 55.1 MB
[runlim] sample:		539.2 time, 540.6 real, 55.1 MB
[runlim] sample:		549.2 time, 550.6 real, 55.1 MB
[runlim] sample:		559.1 time, 560.6 real, 55.1 MB
[runlim] sample:		569.1 time, 570.6 real, 55.1 MB
[runlim] sample:		579.1 time, 580.6 real, 55.1 MB
[runlim] sample:		589.1 time, 590.6 real, 55.1 MB
[runlim] sample:		599.1 time, 600.6 real, 55.1 MB
[runlim] sample:		609.1 time, 610.6 real, 55.1 MB
[runlim] sample:		619.1 time, 620.6 real, 61.8 MB
[runlim] sample:		629.0 time, 630.6 real, 61.8 MB
[runlim] sample:		639.0 time, 640.6 real, 61.8 MB
[runlim] sample:		649.0 time, 650.6 real, 61.8 MB
[runlim] sample:		659.0 time, 660.6 real, 61.8 MB
[runlim] sample:		669.0 time, 670.6 real, 61.8 MB
[runlim] sample:		679.0 time, 680.6 real, 61.8 MB
[runlim] sample:		689.0 time, 690.6 real, 61.8 MB
[runlim] sample:		698.9 time, 700.6 real, 61.8 MB
[runlim] sample:		708.9 time, 710.6 real, 61.8 MB
[runlim] sample:		718.9 time, 720.6 real, 61.8 MB
[runlim] sample:		728.9 time, 730.6 real, 61.8 MB
[runlim] sample:		738.9 time, 740.6 real, 61.8 MB
[runlim] sample:		748.9 time, 750.6 real, 61.8 MB
[runlim] sample:		758.9 time, 760.6 real, 61.8 MB
[runlim] sample:		768.8 time, 770.6 real, 61.8 MB
[runlim] sample:		778.8 time, 780.6 real, 61.8 MB
[runlim] sample:		788.8 time, 790.6 real, 61.8 MB
[runlim] sample:		798.8 time, 800.6 real, 61.8 MB
[runlim] sample:		808.8 time, 810.6 real, 73.1 MB
[runlim] sample:		818.8 time, 820.6 real, 74.8 MB
[runlim] sample:		828.7 time, 830.6 real, 76.7 MB
[runlim] sample:		838.7 time, 840.6 real, 74.3 MB
[runlim] sample:		848.7 time, 850.6 real, 61.8 MB
[runlim] sample:		858.7 time, 860.6 real, 61.8 MB
[runlim] sample:		868.7 time, 870.6 real, 73.9 MB
[runlim] sample:		878.7 time, 880.6 real, 75.8 MB
[runlim] sample:		888.7 time, 890.6 real, 61.8 MB
[runlim] sample:		898.6 time, 900.6 real, 61.8 MB
[runlim] sample:		908.6 time, 910.6 real, 61.8 MB
[runlim] sample:		918.6 time, 920.6 real, 61.8 MB
[runlim] sample:		928.6 time, 930.6 real, 61.8 MB
[runlim] sample:		938.6 time, 940.6 real, 61.8 MB
[runlim] sample:		948.6 time, 950.6 real, 61.8 MB
[runlim] sample:		958.6 time, 960.6 real, 61.8 MB
[runlim] sample:		968.5 time, 970.6 real, 61.8 MB
[runlim] sample:		978.5 time, 980.6 real, 61.8 MB
[runlim] sample:		988.5 time, 990.6 real, 61.8 MB
[runlim] sample:		998.5 time, 1000.6 real, 61.8 MB
[runlim] sample:		1008.5 time, 1010.6 real, 61.8 MB
[runlim] sample:		1018.5 time, 1020.6 real, 61.8 MB
[runlim] sample:		1028.4 time, 1030.6 real, 61.8 MB
[runlim] sample:		1038.4 time, 1040.6 real, 61.8 MB
[runlim] sample:		1048.4 time, 1050.6 real, 75.6 MB
[runlim] sample:		1058.4 time, 1060.6 real, 77.3 MB
[runlim] sample:		1068.4 time, 1070.6 real, 62.2 MB
[runlim] sample:		1078.3 time, 1080.6 real, 62.2 MB
[runlim] sample:		1088.3 time, 1090.6 real, 62.2 MB
[runlim] sample:		1098.3 time, 1100.6 real, 62.2 MB
[runlim] sample:		1108.3 time, 1110.6 real, 62.2 MB
[runlim] sample:		1118.3 time, 1120.6 real, 62.2 MB
[runlim] sample:		1128.3 time, 1130.6 real, 62.2 MB
[runlim] sample:		1138.3 time, 1140.6 real, 62.2 MB
[runlim] sample:		1148.2 time, 1150.6 real, 62.2 MB
[runlim] sample:		1158.2 time, 1160.6 real, 62.2 MB
[runlim] sample:		1168.2 time, 1170.6 real, 62.2 MB
[runlim] sample:		1178.2 time, 1180.6 real, 62.2 MB
[runlim] sample:		1188.2 time, 1190.6 real, 62.2 MB
[runlim] sample:		1198.2 time, 1200.6 real, 62.2 MB
[runlim] sample:		1208.1 time, 1210.6 real, 62.2 MB
[runlim] sample:		1218.1 time, 1220.6 real, 62.2 MB
[runlim] sample:		1228.1 time, 1230.6 real, 62.2 MB
[runlim] sample:		1238.1 time, 1240.6 real, 62.2 MB
[runlim] sample:		1248.1 time, 1250.6 real, 62.2 MB
[runlim] sample:		1258.1 time, 1260.6 real, 62.2 MB
[runlim] sample:		1268.0 time, 1270.6 real, 62.3 MB
[runlim] sample:		1278.0 time, 1280.6 real, 62.3 MB
[runlim] sample:		1288.0 time, 1290.6 real, 62.3 MB
[runlim] sample:		1298.0 time, 1300.6 real, 62.6 MB
[runlim] sample:		1308.0 time, 1310.6 real, 62.6 MB
[runlim] sample:		1318.0 time, 1320.6 real, 62.6 MB
[runlim] sample:		1328.0 time, 1330.6 real, 62.6 MB
[runlim] sample:		1337.9 time, 1340.6 real, 62.6 MB
[runlim] sample:		1347.9 time, 1350.6 real, 62.6 MB
[runlim] sample:		1357.9 time, 1360.6 real, 62.6 MB
[runlim] sample:		1367.9 time, 1370.6 real, 62.6 MB
[runlim] sample:		1377.9 time, 1380.6 real, 62.6 MB
[runlim] sample:		1387.9 time, 1390.6 real, 62.6 MB
[runlim] sample:		1397.8 time, 1400.6 real, 62.6 MB
[runlim] sample:		1407.8 time, 1410.6 real, 62.6 MB
[runlim] sample:		1417.8 time, 1420.6 real, 62.8 MB
[runlim] sample:		1427.8 time, 1430.6 real, 62.8 MB
[runlim] sample:		1437.8 time, 1440.6 real, 62.8 MB
[runlim] sample:		1447.8 time, 1450.6 real, 62.8 MB
[runlim] sample:		1457.8 time, 1460.6 real, 62.8 MB
[runlim] sample:		1467.7 time, 1470.6 real, 62.8 MB
[runlim] sample:		1477.7 time, 1480.6 real, 62.8 MB
[runlim] sample:		1487.7 time, 1490.6 real, 62.8 MB
[runlim] sample:		1497.7 time, 1500.6 real, 62.8 MB
[runlim] sample:		1507.7 time, 1510.6 real, 62.8 MB
[runlim] sample:		1517.7 time, 1520.6 real, 62.8 MB
[runlim] sample:		1527.7 time, 1530.6 real, 74.2 MB
[runlim] sample:		1537.7 time, 1540.6 real, 74.2 MB
[runlim] sample:		1547.6 time, 1550.6 real, 74.2 MB
[runlim] sample:		1557.6 time, 1560.6 real, 74.2 MB
[runlim] sample:		1567.6 time, 1570.6 real, 75.9 MB
[runlim] sample:		1577.6 time, 1580.6 real, 77.0 MB
[runlim] sample:		1587.6 time, 1590.6 real, 78.1 MB
[runlim] sample:		1597.6 time, 1600.6 real, 79.0 MB
[runlim] sample:		1607.5 time, 1610.6 real, 79.7 MB
[runlim] sample:		1617.5 time, 1620.6 real, 79.7 MB
[runlim] sample:		1627.5 time, 1630.6 real, 79.7 MB
[runlim] sample:		1637.5 time, 1640.6 real, 79.7 MB
[runlim] sample:		1647.5 time, 1650.6 real, 79.7 MB
[runlim] sample:		1657.5 time, 1660.6 real, 79.7 MB
[runlim] sample:		1667.4 time, 1670.6 real, 80.8 MB
[runlim] sample:		1677.4 time, 1680.6 real, 81.7 MB
[runlim] sample:		1687.4 time, 1690.6 real, 82.2 MB
[runlim] sample:		1697.4 time, 1700.6 real, 82.2 MB
[runlim] sample:		1707.4 time, 1710.6 real, 82.2 MB
[runlim] sample:		1717.4 time, 1720.6 real, 82.2 MB
[runlim] sample:		1727.3 time, 1730.6 real, 82.2 MB
[runlim] sample:		1737.3 time, 1740.6 real, 82.2 MB
[runlim] sample:		1747.3 time, 1750.6 real, 82.2 MB
[runlim] sample:		1757.3 time, 1760.6 real, 82.2 MB
[runlim] sample:		1767.3 time, 1770.6 real, 82.2 MB
[runlim] sample:		1777.3 time, 1780.6 real, 82.2 MB
approxmc: /home/steuber/Dokumente/Bench/FP/tools/approxmc/src/counter.cpp:447: ApproxMC::SolCount Counter::count(): Assertion `numHashList.size() > 0 && "UNSAT should not be possible"' failed.
[runlim] end:			Mon Aug 17 14:27:36 2020
[runlim] status:		signal(6)
[runlim] result:		11
[runlim] children:		0
[runlim] real:			1790.53 seconds
[runlim] time:			1787.07 seconds
[runlim] space:			82.4 MB
[runlim] samples:		17899
** ASH **
[runlim] version:		1.10
[runlim] time limit:		311040000 seconds
[runlim] real time limit:	14400 seconds
[runlim] space limit:		2048 MB
[runlim] argv[0]:		approxmc
[runlim] argv[1]:		--sparse
[runlim] argv[2]:		1
[runlim] argv[3]:		/home/steuber/Dokumente/Bench/FP/experiments/results/usqrt.c/05/ash.dimacs
[runlim] start:			Mon Aug 17 14:27:36 2020
[runlim] main pid:		4418
[runlim] end:			Mon Aug 17 14:27:40 2020
[runlim] status:		ok
[runlim] result:		0
[runlim] children:		0
[runlim] real:			4.31 seconds
[runlim] time:			3.69 seconds
[runlim] space:			15.4 MB
[runlim] samples:		37
