** CON **
c ApproxMC SHA revision df6d9fc8d112d758301d7527817e2eb1029fa5eb
c ApproxMC version 4.0.1
c ApproxMC compilation env CMAKE_CXX_COMPILER = /usr/bin/c++ | CMAKE_CXX_FLAGS =  -Wall -Wextra -Wunused -Wsign-compare -fno-omit-frame-pointer -Wtype-limits -Wuninitialized -Wno-deprecated -Wstrict-aliasing -Wpointer-arith -fvisibility=hidden -Wpointer-arith -Wformat-nonliteral -Winit-self -Wparentheses -Wunreachable-code -g -fvisibility=hidden -Wlogical-op -Wrestrict -Wnull-dereference -Wdouble-promotion -Wshadow -Wformat=2 -Wextra-semi -pedantic | COMPILE_DEFINES =  -DBOOST_TEST_DYN_LINK | STATICCOMPILE = OFF | Boost_FOUND = TRUE | ZLIB_FOUND = TRUE | VALGRIND_FOUND =  | GMP_FOUND = TRUE | ENABLE_ASSERTIONS = ON | MY_TARGETS =  | compilation date time = Oct 29 2020 17:34:59
c ApproxMC compiled with gcc version 9.3.0
c CryptoMiniSat version 5.8.0
c CMS Copyright Mate Soos (soos.mate@gmail.com)
c CMS SHA revision 6477e8bc43b0fda7038965bb148b64b8637c804b
c CMS is GPL licensed due to M4RI being linked. Build without M4RI to get MIT version
c Using VMTF code by Armin Biere from CaDiCaL
c Using Yalsat by Armin Biere, see Balint et al. Improving implementation of SLS solvers [...], SAT'14
c Using WalkSAT by Henry Kautz, see Kautz and Selman Pushing the envelope: planning, propositional logic, and stochastic search, AAAI'96,
c Using code from 'When Boolean Satisfiability Meets Gauss-E. in a Simplex Way'
c       by C.-S. Han and J.-H. Roland Jiang in CAV 2012. Fixes by M. Soos
c Using CCAnr from 'CCAnr: A Conf. Checking Based Local Search Solver [...]'
c       by Shaowei Cai, Chuan Luo, and Kaile Su, SAT 2015
c CMS compilation env CMAKE_CXX_COMPILER = /usr/bin/c++ | CMAKE_CXX_FLAGS =  -fvisibility=hidden -Wall -Wextra -Wunused -Wsign-compare -fno-omit-frame-pointer -Wtype-limits -Wuninitialized -Wno-deprecated -Wstrict-aliasing -Wpointer-arith -Wpointer-arith -Wformat-nonliteral -Winit-self -Wparentheses -Wunreachable-code -g -Wno-class-memaccess -mpopcnt -msse4.2 -ggdb3 -Wlogical-op -Wrestrict -Wnull-dereference -Wdouble-promotion -Wshadow -Wformat=2 -Wextra-semi -pedantic | COMPILE_DEFINES =  -DEXTENDED_FEATURES -DUSE_GAUSS -DBOOST_TEST_DYN_LINK -DUSE_ZLIB -DYALSAT_FPU -DUSE_M4RI | STATICCOMPILE = OFF | ONLY_SIMPLE = OFF | Boost_FOUND = TRUE | STATS = OFF | SQLITE3_FOUND = FALSE | ZLIB_FOUND = TRUE | VALGRIND_FOUND =  | ENABLE_TESTING = OFF | M4RI_FOUND = TRUE | NOM4RI = OFF | SLOW_DEBUG = OFF | ENABLE_ASSERTIONS = ON | PYTHON_EXECUTABLE = PYTHON_EXECUTABLE-NOTFOUND | PYTHON_LIBRARY = PYTHON_LIBRARY-NOTFOUND | PYTHON_INCLUDE_DIRS =  | MY_TARGETS =  | LARGEMEM = OFF | LIMITMEM = OFF | BREAKID_LIBRARIES =  | BREAKID-VER = . | BOSPHORUS_LIBRARIES =  | BOSPH-VER = . | compilation date time = Oct 29 2020 17:34:11
c CMS compiled with gcc version 9.3.0
c executed with command line: approxmc --sparse 1 -s 04 /experiments/results/Problem10_16.c/04/counterSharp/con.dimacs
** AMM **
c ApproxMC SHA revision df6d9fc8d112d758301d7527817e2eb1029fa5eb
c ApproxMC version 4.0.1
c ApproxMC compilation env CMAKE_CXX_COMPILER = /usr/bin/c++ | CMAKE_CXX_FLAGS =  -Wall -Wextra -Wunused -Wsign-compare -fno-omit-frame-pointer -Wtype-limits -Wuninitialized -Wno-deprecated -Wstrict-aliasing -Wpointer-arith -fvisibility=hidden -Wpointer-arith -Wformat-nonliteral -Winit-self -Wparentheses -Wunreachable-code -g -fvisibility=hidden -Wlogical-op -Wrestrict -Wnull-dereference -Wdouble-promotion -Wshadow -Wformat=2 -Wextra-semi -pedantic | COMPILE_DEFINES =  -DBOOST_TEST_DYN_LINK | STATICCOMPILE = OFF | Boost_FOUND = TRUE | ZLIB_FOUND = TRUE | VALGRIND_FOUND =  | GMP_FOUND = TRUE | ENABLE_ASSERTIONS = ON | MY_TARGETS =  | compilation date time = Oct 29 2020 17:34:59
c ApproxMC compiled with gcc version 9.3.0
c CryptoMiniSat version 5.8.0
c CMS Copyright Mate Soos (soos.mate@gmail.com)
c CMS SHA revision 6477e8bc43b0fda7038965bb148b64b8637c804b
c CMS is GPL licensed due to M4RI being linked. Build without M4RI to get MIT version
c Using VMTF code by Armin Biere from CaDiCaL
c Using Yalsat by Armin Biere, see Balint et al. Improving implementation of SLS solvers [...], SAT'14
c Using WalkSAT by Henry Kautz, see Kautz and Selman Pushing the envelope: planning, propositional logic, and stochastic search, AAAI'96,
c Using code from 'When Boolean Satisfiability Meets Gauss-E. in a Simplex Way'
c       by C.-S. Han and J.-H. Roland Jiang in CAV 2012. Fixes by M. Soos
c Using CCAnr from 'CCAnr: A Conf. Checking Based Local Search Solver [...]'
c       by Shaowei Cai, Chuan Luo, and Kaile Su, SAT 2015
c CMS compilation env CMAKE_CXX_COMPILER = /usr/bin/c++ | CMAKE_CXX_FLAGS =  -fvisibility=hidden -Wall -Wextra -Wunused -Wsign-compare -fno-omit-frame-pointer -Wtype-limits -Wuninitialized -Wno-deprecated -Wstrict-aliasing -Wpointer-arith -Wpointer-arith -Wformat-nonliteral -Winit-self -Wparentheses -Wunreachable-code -g -Wno-class-memaccess -mpopcnt -msse4.2 -ggdb3 -Wlogical-op -Wrestrict -Wnull-dereference -Wdouble-promotion -Wshadow -Wformat=2 -Wextra-semi -pedantic | COMPILE_DEFINES =  -DEXTENDED_FEATURES -DUSE_GAUSS -DBOOST_TEST_DYN_LINK -DUSE_ZLIB -DYALSAT_FPU -DUSE_M4RI | STATICCOMPILE = OFF | ONLY_SIMPLE = OFF | Boost_FOUND = TRUE | STATS = OFF | SQLITE3_FOUND = FALSE | ZLIB_FOUND = TRUE | VALGRIND_FOUND =  | ENABLE_TESTING = OFF | M4RI_FOUND = TRUE | NOM4RI = OFF | SLOW_DEBUG = OFF | ENABLE_ASSERTIONS = ON | PYTHON_EXECUTABLE = PYTHON_EXECUTABLE-NOTFOUND | PYTHON_LIBRARY = PYTHON_LIBRARY-NOTFOUND | PYTHON_INCLUDE_DIRS =  | MY_TARGETS =  | LARGEMEM = OFF | LIMITMEM = OFF | BREAKID_LIBRARIES =  | BREAKID-VER = . | BOSPHORUS_LIBRARIES =  | BOSPH-VER = . | compilation date time = Oct 29 2020 17:34:11
c CMS compiled with gcc version 9.3.0
c executed with command line: approxmc --sparse 1 -s 04 /experiments/results/Problem10_16.c/04/counterSharp/amm.dimacs
c -- header says num vars:          78641
c -- header says num clauses:      549297
c WARNING: Empty line at line number 570600 -- this is not part of the DIMACS specifications (http://www.satcompetition.org/2009/format-benchmarks2009.html). Ignoring.
c -- clauses added: 549297
c -- xor clauses added: 0
c -- vars added 78641
c [appmc] Sampling set size: 128
c [appmc] Sampling var set contains over 100 variables, not displaying
c [sparse] Using match: 2 sampling set size: 128 prev end inclusive is: 100 this end inclusive is: 150 next end inclusive is: 200 sampl size: 128
c [appmc] threshold set to 80 sparse: 1
c [appmc] Starting up, initial measurement
c [appmc] Starting at hash count: 1
c [appmc] [    0.00 ] round:  0 hashes:      1
c [appmc] [    0.00 ] bounded_sol_count looking for   81 solutions -- hashes active: 1
c [gauss] XOR-encoding clauses detached: 0 deleted: 0 T: 0.00
c [appmc] [    1.93 ] round:  0 hashes:      2
c [appmc] [    1.93 ] bounded_sol_count looking for   81 solutions -- hashes active: 2
c [gauss] XOR-encoding clauses detached: 497 deleted: 7 T: 0.00
c [appmc] [    2.28 ] round:  0 hashes:      4
c [appmc] [    2.28 ] bounded_sol_count looking for   81 solutions -- hashes active: 4
c [gauss] XOR-encoding clauses detached: 528 deleted: 0 T: 0.00
c [appmc] [    2.77 ] round:  0 hashes:      8
c [appmc] [    2.77 ] bounded_sol_count looking for   81 solutions -- hashes active: 8
c [gauss] XOR-encoding clauses detached: 948 deleted: 0 T: 0.00
c [appmc] [    3.39 ] round:  0 hashes:     16
c [appmc] [    3.39 ] bounded_sol_count looking for   81 solutions -- hashes active: 16
c [gauss] XOR-encoding clauses detached: 1888 deleted: 0 T: 0.00
c [appmc] [    4.04 ] round:  0 hashes:     32
c [appmc] [    4.04 ] bounded_sol_count looking for   81 solutions -- hashes active: 32
c [gauss] XOR-encoding clauses detached: 3496 deleted: 0 T: 0.01
c [appmc] [    4.73 ] round:  0 hashes:     64
c [appmc] [    4.73 ] bounded_sol_count looking for   81 solutions -- hashes active: 64
c [gauss] XOR-encoding clauses detached: 5476 deleted: 0 T: 0.00
c [appmc] [    5.48 ] round:  0 hashes:     96
c [appmc] [    5.48 ] bounded_sol_count looking for   81 solutions -- hashes active: 96
c [gauss] XOR-encoding clauses detached: 3581 deleted: 0 T: 0.01
c [appmc] [    6.22 ] round:  0 hashes:    112
c [appmc] [    6.22 ] bounded_sol_count looking for   81 solutions -- hashes active: 112
c [gauss] XOR-encoding clauses detached: 1376 deleted: 0 T: 0.00
c [appmc] [    6.96 ] round:  0 hashes:    120
c [appmc] [    6.96 ] bounded_sol_count looking for   81 solutions -- hashes active: 120
c [gauss] XOR-encoding clauses detached: 580 deleted: 0 T: 0.00
c [appmc] [    7.69 ] round:  0 hashes:    124
c [appmc] [    7.69 ] bounded_sol_count looking for   81 solutions -- hashes active: 124
c [gauss] XOR-encoding clauses detached: 260 deleted: 0 T: 0.01
c [appmc] [    7.83 ] round:  0 hashes:    122
c [appmc] [    7.83 ] bounded_sol_count looking for   81 solutions -- hashes active: 122
c [appmc] [    8.10 ] round:  0 hashes:    121
c [appmc] [    8.10 ] bounded_sol_count looking for   81 solutions -- hashes active: 121
c [appmc] simplifying
c [gauss] XOR-encoding clauses reattached: 18630 T: 0.00
c [appmc] [   13.03 ] round:  1 hashes:    122
c [appmc] [   13.03 ] bounded_sol_count looking for   81 solutions -- hashes active: 122
c [gauss] XOR-encoding clauses detached: 18520 deleted: 0 T: 0.00
c [appmc] [   13.64 ] round:  1 hashes:    121
c [appmc] [   13.64 ] bounded_sol_count looking for   81 solutions -- hashes active: 121
c [appmc] simplifying
c [gauss] XOR-encoding clauses reattached: 18520 T: 0.00
c [appmc] [   15.95 ] round:  2 hashes:    122
c [appmc] [   15.95 ] bounded_sol_count looking for   81 solutions -- hashes active: 122
c [gauss] XOR-encoding clauses detached: 18800 deleted: 0 T: 0.00
c [appmc] [   16.56 ] round:  2 hashes:    121
c [appmc] [   16.56 ] bounded_sol_count looking for   81 solutions -- hashes active: 121
c [appmc] simplifying
c [gauss] XOR-encoding clauses reattached: 18800 T: 0.00
c [appmc] [   17.70 ] round:  3 hashes:    122
c [appmc] [   17.70 ] bounded_sol_count looking for   81 solutions -- hashes active: 122
c [gauss] XOR-encoding clauses detached: 18520 deleted: 0 T: 0.00
c [appmc] [   18.32 ] round:  3 hashes:    121
c [appmc] [   18.32 ] bounded_sol_count looking for   81 solutions -- hashes active: 121
c [appmc] simplifying
c [gauss] XOR-encoding clauses reattached: 18520 T: 0.00
c [appmc] [   19.33 ] round:  4 hashes:    122
c [appmc] [   19.33 ] bounded_sol_count looking for   81 solutions -- hashes active: 122
c [gauss] XOR-encoding clauses detached: 18428 deleted: 0 T: 0.00
c [appmc] [   19.97 ] round:  4 hashes:    121
c [appmc] [   19.97 ] bounded_sol_count looking for   81 solutions -- hashes active: 121
c [appmc] simplifying
c [gauss] XOR-encoding clauses reattached: 18428 T: 0.00
c [appmc] [   20.92 ] round:  5 hashes:    122
c [appmc] [   20.92 ] bounded_sol_count looking for   81 solutions -- hashes active: 122
c [gauss] XOR-encoding clauses detached: 18100 deleted: 0 T: 0.00
c [appmc] [   21.58 ] round:  5 hashes:    121
c [appmc] [   21.58 ] bounded_sol_count looking for   81 solutions -- hashes active: 121
c [appmc] simplifying
c [gauss] XOR-encoding clauses reattached: 18100 T: 0.00
c [appmc] [   22.46 ] round:  6 hashes:    122
c [appmc] [   22.46 ] bounded_sol_count looking for   81 solutions -- hashes active: 122
c [gauss] XOR-encoding clauses detached: 18452 deleted: 0 T: 0.00
c [appmc] [   23.14 ] round:  6 hashes:    121
c [appmc] [   23.14 ] bounded_sol_count looking for   81 solutions -- hashes active: 121
c [appmc] simplifying
c [gauss] XOR-encoding clauses reattached: 18452 T: 0.00
c [appmc] [   24.05 ] round:  7 hashes:    122
c [appmc] [   24.05 ] bounded_sol_count looking for   81 solutions -- hashes active: 122
c [gauss] XOR-encoding clauses detached: 18848 deleted: 0 T: 0.00
c [appmc] [   24.75 ] round:  7 hashes:    121
c [appmc] [   24.75 ] bounded_sol_count looking for   81 solutions -- hashes active: 121
c [appmc] simplifying
c [gauss] XOR-encoding clauses reattached: 18848 T: 0.00
c [appmc] [   25.64 ] round:  8 hashes:    122
c [appmc] [   25.64 ] bounded_sol_count looking for   81 solutions -- hashes active: 122
c [gauss] XOR-encoding clauses detached: 18140 deleted: 0 T: 0.00
c [appmc] [   26.37 ] round:  8 hashes:    121
c [appmc] [   26.37 ] bounded_sol_count looking for   81 solutions -- hashes active: 121
c [appmc] FINISHED ApproxMC T: 26.57 s
c [appmc] Number of solutions is: 64*2**122
s mc 340282366920938463463374607431768211456
** AMH **
c ApproxMC SHA revision df6d9fc8d112d758301d7527817e2eb1029fa5eb
c ApproxMC version 4.0.1
c ApproxMC compilation env CMAKE_CXX_COMPILER = /usr/bin/c++ | CMAKE_CXX_FLAGS =  -Wall -Wextra -Wunused -Wsign-compare -fno-omit-frame-pointer -Wtype-limits -Wuninitialized -Wno-deprecated -Wstrict-aliasing -Wpointer-arith -fvisibility=hidden -Wpointer-arith -Wformat-nonliteral -Winit-self -Wparentheses -Wunreachable-code -g -fvisibility=hidden -Wlogical-op -Wrestrict -Wnull-dereference -Wdouble-promotion -Wshadow -Wformat=2 -Wextra-semi -pedantic | COMPILE_DEFINES =  -DBOOST_TEST_DYN_LINK | STATICCOMPILE = OFF | Boost_FOUND = TRUE | ZLIB_FOUND = TRUE | VALGRIND_FOUND =  | GMP_FOUND = TRUE | ENABLE_ASSERTIONS = ON | MY_TARGETS =  | compilation date time = Oct 29 2020 17:34:59
c ApproxMC compiled with gcc version 9.3.0
c CryptoMiniSat version 5.8.0
c CMS Copyright Mate Soos (soos.mate@gmail.com)
c CMS SHA revision 6477e8bc43b0fda7038965bb148b64b8637c804b
c CMS is GPL licensed due to M4RI being linked. Build without M4RI to get MIT version
c Using VMTF code by Armin Biere from CaDiCaL
c Using Yalsat by Armin Biere, see Balint et al. Improving implementation of SLS solvers [...], SAT'14
c Using WalkSAT by Henry Kautz, see Kautz and Selman Pushing the envelope: planning, propositional logic, and stochastic search, AAAI'96,
c Using code from 'When Boolean Satisfiability Meets Gauss-E. in a Simplex Way'
c       by C.-S. Han and J.-H. Roland Jiang in CAV 2012. Fixes by M. Soos
c Using CCAnr from 'CCAnr: A Conf. Checking Based Local Search Solver [...]'
c       by Shaowei Cai, Chuan Luo, and Kaile Su, SAT 2015
c CMS compilation env CMAKE_CXX_COMPILER = /usr/bin/c++ | CMAKE_CXX_FLAGS =  -fvisibility=hidden -Wall -Wextra -Wunused -Wsign-compare -fno-omit-frame-pointer -Wtype-limits -Wuninitialized -Wno-deprecated -Wstrict-aliasing -Wpointer-arith -Wpointer-arith -Wformat-nonliteral -Winit-self -Wparentheses -Wunreachable-code -g -Wno-class-memaccess -mpopcnt -msse4.2 -ggdb3 -Wlogical-op -Wrestrict -Wnull-dereference -Wdouble-promotion -Wshadow -Wformat=2 -Wextra-semi -pedantic | COMPILE_DEFINES =  -DEXTENDED_FEATURES -DUSE_GAUSS -DBOOST_TEST_DYN_LINK -DUSE_ZLIB -DYALSAT_FPU -DUSE_M4RI | STATICCOMPILE = OFF | ONLY_SIMPLE = OFF | Boost_FOUND = TRUE | STATS = OFF | SQLITE3_FOUND = FALSE | ZLIB_FOUND = TRUE | VALGRIND_FOUND =  | ENABLE_TESTING = OFF | M4RI_FOUND = TRUE | NOM4RI = OFF | SLOW_DEBUG = OFF | ENABLE_ASSERTIONS = ON | PYTHON_EXECUTABLE = PYTHON_EXECUTABLE-NOTFOUND | PYTHON_LIBRARY = PYTHON_LIBRARY-NOTFOUND | PYTHON_INCLUDE_DIRS =  | MY_TARGETS =  | LARGEMEM = OFF | LIMITMEM = OFF | BREAKID_LIBRARIES =  | BREAKID-VER = . | BOSPHORUS_LIBRARIES =  | BOSPH-VER = . | compilation date time = Oct 29 2020 17:34:11
c CMS compiled with gcc version 9.3.0
c executed with command line: approxmc --sparse 1 -s 04 /experiments/results/Problem10_16.c/04/counterSharp/amh.dimacs
c -- header says num vars:          78641
c -- header says num clauses:      549297
c WARNING: Empty line at line number 570600 -- this is not part of the DIMACS specifications (http://www.satcompetition.org/2009/format-benchmarks2009.html). Ignoring.
c -- clauses added: 549297
c -- xor clauses added: 0
c -- vars added 78641
c [appmc] Sampling set size: 128
c [appmc] Sampling var set contains over 100 variables, not displaying
c [sparse] Using match: 2 sampling set size: 128 prev end inclusive is: 100 this end inclusive is: 150 next end inclusive is: 200 sampl size: 128
c [appmc] threshold set to 80 sparse: 1
c [appmc] Starting up, initial measurement
c [appmc] Starting at hash count: 1
c [appmc] [    0.00 ] round:  0 hashes:      1
c [appmc] [    0.00 ] bounded_sol_count looking for   81 solutions -- hashes active: 1
c [gauss] XOR-encoding clauses detached: 0 deleted: 0 T: 0.00
c [appmc] [    1.96 ] round:  0 hashes:      2
c [appmc] [    1.96 ] bounded_sol_count looking for   81 solutions -- hashes active: 2
c [gauss] XOR-encoding clauses detached: 492 deleted: 27 T: 0.00
c [appmc] [    2.32 ] round:  0 hashes:      4
c [appmc] [    2.32 ] bounded_sol_count looking for   81 solutions -- hashes active: 4
c [gauss] XOR-encoding clauses detached: 464 deleted: 0 T: 0.00
c [appmc] [    2.99 ] round:  0 hashes:      8
c [appmc] [    2.99 ] bounded_sol_count looking for   81 solutions -- hashes active: 8
c [gauss] XOR-encoding clauses detached: 548 deleted: 0 T: 0.00
c [appmc] [    3.73 ] round:  0 hashes:     16
c [appmc] [    3.73 ] bounded_sol_count looking for   81 solutions -- hashes active: 16
c [gauss] XOR-encoding clauses detached: 724 deleted: 0 T: 0.01
c [appmc] [    4.58 ] round:  0 hashes:     32
c [appmc] [    4.58 ] bounded_sol_count looking for   81 solutions -- hashes active: 32
c [gauss] XOR-encoding clauses detached: 1402 deleted: 0 T: 0.01
c [appmc] [    5.26 ] round:  0 hashes:     24
c [appmc] [    5.26 ] bounded_sol_count looking for   81 solutions -- hashes active: 24
c [appmc] [    6.22 ] round:  0 hashes:     28
c [appmc] [    6.22 ] bounded_sol_count looking for   81 solutions -- hashes active: 28
c [appmc] [    7.16 ] round:  0 hashes:     30
c [appmc] [    7.17 ] bounded_sol_count looking for   81 solutions -- hashes active: 30
c [appmc] [    8.53 ] round:  0 hashes:     31
c [appmc] [    8.53 ] bounded_sol_count looking for   81 solutions -- hashes active: 31
c [appmc] simplifying
c [gauss] XOR-encoding clauses reattached: 3630 T: 0.00
c [appmc] [   12.62 ] round:  1 hashes:     31
c [appmc] [   12.62 ] bounded_sol_count looking for   81 solutions -- hashes active: 31
c [gauss] XOR-encoding clauses detached: 2844 deleted: 0 T: 0.00
c [appmc] [   15.23 ] round:  1 hashes:     30
c [appmc] [   15.23 ] bounded_sol_count looking for   81 solutions -- hashes active: 30
c [appmc] simplifying
c [gauss] XOR-encoding clauses reattached: 2844 T: 0.00
c [appmc] [   18.16 ] round:  2 hashes:     31
c [appmc] [   18.16 ] bounded_sol_count looking for   81 solutions -- hashes active: 31
c [gauss] XOR-encoding clauses detached: 2900 deleted: 0 T: 0.00
c [appmc] [   19.85 ] round:  2 hashes:     30
c [appmc] [   19.85 ] bounded_sol_count looking for   81 solutions -- hashes active: 30
c [appmc] simplifying
c [gauss] XOR-encoding clauses reattached: 2900 T: 0.00
c [appmc] [   21.19 ] round:  3 hashes:     31
c [appmc] [   21.19 ] bounded_sol_count looking for   81 solutions -- hashes active: 31
c [gauss] XOR-encoding clauses detached: 2919 deleted: 0 T: 0.00
c [appmc] [   23.11 ] round:  3 hashes:     32
c [appmc] [   23.11 ] bounded_sol_count looking for   81 solutions -- hashes active: 32
c [gauss] XOR-encoding clauses detached: 84 deleted: 0 T: 0.00
c [appmc] simplifying
c [gauss] XOR-encoding clauses reattached: 3003 T: 0.00
c [appmc] [   24.10 ] round:  4 hashes:     32
c [appmc] [   24.10 ] bounded_sol_count looking for   81 solutions -- hashes active: 32
c [gauss] XOR-encoding clauses detached: 3044 deleted: 0 T: 0.00
c [appmc] [   25.00 ] round:  4 hashes:     31
c [appmc] [   25.00 ] bounded_sol_count looking for   81 solutions -- hashes active: 31
c [appmc] [   26.50 ] round:  4 hashes:     30
c [appmc] [   26.50 ] bounded_sol_count looking for   81 solutions -- hashes active: 30
c [appmc] simplifying
c [gauss] XOR-encoding clauses reattached: 3044 T: 0.00
c [appmc] [   27.49 ] round:  5 hashes:     31
c [appmc] [   27.49 ] bounded_sol_count looking for   81 solutions -- hashes active: 31
c [gauss] XOR-encoding clauses detached: 2885 deleted: 0 T: 0.00
c [appmc] [   29.71 ] round:  5 hashes:     30
c [appmc] [   29.71 ] bounded_sol_count looking for   81 solutions -- hashes active: 30
c [appmc] simplifying
c [gauss] XOR-encoding clauses reattached: 2885 T: 0.00
c [appmc] [   30.63 ] round:  6 hashes:     31
c [appmc] [   30.63 ] bounded_sol_count looking for   81 solutions -- hashes active: 31
c [gauss] XOR-encoding clauses detached: 2946 deleted: 0 T: 0.00
c [appmc] [   32.33 ] round:  6 hashes:     30
c [appmc] [   32.33 ] bounded_sol_count looking for   81 solutions -- hashes active: 30
c [appmc] simplifying
c [gauss] XOR-encoding clauses reattached: 2946 T: 0.00
c [appmc] [   33.17 ] round:  7 hashes:     31
c [appmc] [   33.17 ] bounded_sol_count looking for   81 solutions -- hashes active: 31
c [gauss] XOR-encoding clauses detached: 2869 deleted: 0 T: 0.00
c [appmc] [   35.01 ] round:  7 hashes:     30
c [appmc] [   35.01 ] bounded_sol_count looking for   81 solutions -- hashes active: 30
c [appmc] simplifying
c [gauss] XOR-encoding clauses reattached: 2869 T: 0.00
c [appmc] [   35.89 ] round:  8 hashes:     31
c [appmc] [   35.89 ] bounded_sol_count looking for   81 solutions -- hashes active: 31
c [gauss] XOR-encoding clauses detached: 3009 deleted: 0 T: 0.00
c [appmc] [   37.56 ] round:  8 hashes:     30
c [appmc] [   37.56 ] bounded_sol_count looking for   81 solutions -- hashes active: 30
c [appmc] FINISHED ApproxMC T: 37.77 s
c [appmc] Number of solutions is: 73*2**31
s mc 156766306304
** ASM **
c ApproxMC SHA revision df6d9fc8d112d758301d7527817e2eb1029fa5eb
c ApproxMC version 4.0.1
c ApproxMC compilation env CMAKE_CXX_COMPILER = /usr/bin/c++ | CMAKE_CXX_FLAGS =  -Wall -Wextra -Wunused -Wsign-compare -fno-omit-frame-pointer -Wtype-limits -Wuninitialized -Wno-deprecated -Wstrict-aliasing -Wpointer-arith -fvisibility=hidden -Wpointer-arith -Wformat-nonliteral -Winit-self -Wparentheses -Wunreachable-code -g -fvisibility=hidden -Wlogical-op -Wrestrict -Wnull-dereference -Wdouble-promotion -Wshadow -Wformat=2 -Wextra-semi -pedantic | COMPILE_DEFINES =  -DBOOST_TEST_DYN_LINK | STATICCOMPILE = OFF | Boost_FOUND = TRUE | ZLIB_FOUND = TRUE | VALGRIND_FOUND =  | GMP_FOUND = TRUE | ENABLE_ASSERTIONS = ON | MY_TARGETS =  | compilation date time = Oct 29 2020 17:34:59
c ApproxMC compiled with gcc version 9.3.0
c CryptoMiniSat version 5.8.0
c CMS Copyright Mate Soos (soos.mate@gmail.com)
c CMS SHA revision 6477e8bc43b0fda7038965bb148b64b8637c804b
c CMS is GPL licensed due to M4RI being linked. Build without M4RI to get MIT version
c Using VMTF code by Armin Biere from CaDiCaL
c Using Yalsat by Armin Biere, see Balint et al. Improving implementation of SLS solvers [...], SAT'14
c Using WalkSAT by Henry Kautz, see Kautz and Selman Pushing the envelope: planning, propositional logic, and stochastic search, AAAI'96,
c Using code from 'When Boolean Satisfiability Meets Gauss-E. in a Simplex Way'
c       by C.-S. Han and J.-H. Roland Jiang in CAV 2012. Fixes by M. Soos
c Using CCAnr from 'CCAnr: A Conf. Checking Based Local Search Solver [...]'
c       by Shaowei Cai, Chuan Luo, and Kaile Su, SAT 2015
c CMS compilation env CMAKE_CXX_COMPILER = /usr/bin/c++ | CMAKE_CXX_FLAGS =  -fvisibility=hidden -Wall -Wextra -Wunused -Wsign-compare -fno-omit-frame-pointer -Wtype-limits -Wuninitialized -Wno-deprecated -Wstrict-aliasing -Wpointer-arith -Wpointer-arith -Wformat-nonliteral -Winit-self -Wparentheses -Wunreachable-code -g -Wno-class-memaccess -mpopcnt -msse4.2 -ggdb3 -Wlogical-op -Wrestrict -Wnull-dereference -Wdouble-promotion -Wshadow -Wformat=2 -Wextra-semi -pedantic | COMPILE_DEFINES =  -DEXTENDED_FEATURES -DUSE_GAUSS -DBOOST_TEST_DYN_LINK -DUSE_ZLIB -DYALSAT_FPU -DUSE_M4RI | STATICCOMPILE = OFF | ONLY_SIMPLE = OFF | Boost_FOUND = TRUE | STATS = OFF | SQLITE3_FOUND = FALSE | ZLIB_FOUND = TRUE | VALGRIND_FOUND =  | ENABLE_TESTING = OFF | M4RI_FOUND = TRUE | NOM4RI = OFF | SLOW_DEBUG = OFF | ENABLE_ASSERTIONS = ON | PYTHON_EXECUTABLE = PYTHON_EXECUTABLE-NOTFOUND | PYTHON_LIBRARY = PYTHON_LIBRARY-NOTFOUND | PYTHON_INCLUDE_DIRS =  | MY_TARGETS =  | LARGEMEM = OFF | LIMITMEM = OFF | BREAKID_LIBRARIES =  | BREAKID-VER = . | BOSPHORUS_LIBRARIES =  | BOSPH-VER = . | compilation date time = Oct 29 2020 17:34:11
c CMS compiled with gcc version 9.3.0
c executed with command line: approxmc --sparse 1 -s 04 /experiments/results/Problem10_16.c/04/counterSharp/asm.dimacs
c -- header says num vars:          78673
c -- header says num clauses:      549408
c WARNING: Empty line at line number 570742 -- this is not part of the DIMACS specifications (http://www.satcompetition.org/2009/format-benchmarks2009.html). Ignoring.
c -- clauses added: 549408
c -- xor clauses added: 0
c -- vars added 78673
c [appmc] Sampling set size: 128
c [appmc] Sampling var set contains over 100 variables, not displaying
c [sparse] Using match: 2 sampling set size: 128 prev end inclusive is: 100 this end inclusive is: 150 next end inclusive is: 200 sampl size: 128
c [appmc] threshold set to 80 sparse: 1
c [appmc] Starting up, initial measurement
c [appmc] Starting at hash count: 1
c [appmc] [    0.00 ] round:  0 hashes:      1
c [appmc] [    0.00 ] bounded_sol_count looking for   81 solutions -- hashes active: 1
c [gauss] XOR-encoding clauses detached: 0 deleted: 0 T: 0.00
c [appmc] [    1.97 ] round:  0 hashes:      2
c [appmc] [    1.97 ] bounded_sol_count looking for   81 solutions -- hashes active: 2
c [gauss] XOR-encoding clauses detached: 491 deleted: 44 T: 0.00
c [appmc] [    2.52 ] round:  0 hashes:      4
c [appmc] [    2.52 ] bounded_sol_count looking for   81 solutions -- hashes active: 4
c [gauss] XOR-encoding clauses detached: 455 deleted: 0 T: 0.01
c [appmc] [    3.36 ] round:  0 hashes:      8
c [appmc] [    3.36 ] bounded_sol_count looking for   81 solutions -- hashes active: 8
c [gauss] XOR-encoding clauses detached: 590 deleted: 0 T: 0.00
c [appmc] [    4.34 ] round:  0 hashes:     16
c [appmc] [    4.34 ] bounded_sol_count looking for   81 solutions -- hashes active: 16
c [gauss] XOR-encoding clauses detached: 740 deleted: 0 T: 0.01
c [appmc] [    5.30 ] round:  0 hashes:     32
c [appmc] [    5.30 ] bounded_sol_count looking for   81 solutions -- hashes active: 32
c [gauss] XOR-encoding clauses detached: 1398 deleted: 0 T: 0.01
c [appmc] [    6.37 ] round:  0 hashes:     24
c [appmc] [    6.37 ] bounded_sol_count looking for   81 solutions -- hashes active: 24
c [appmc] [    7.44 ] round:  0 hashes:     28
c [appmc] [    7.44 ] bounded_sol_count looking for   81 solutions -- hashes active: 28
c [appmc] [    8.74 ] round:  0 hashes:     30
c [appmc] [    8.74 ] bounded_sol_count looking for   81 solutions -- hashes active: 30
c [appmc] [   10.40 ] round:  0 hashes:     31
c [appmc] [   10.40 ] bounded_sol_count looking for   81 solutions -- hashes active: 31
c [appmc] simplifying
c [gauss] XOR-encoding clauses reattached: 3674 T: 0.00
c [appmc] [   16.44 ] round:  1 hashes:     31
c [appmc] [   16.44 ] bounded_sol_count looking for   81 solutions -- hashes active: 31
c [gauss] XOR-encoding clauses detached: 2832 deleted: 0 T: 0.00
c [appmc] [   18.52 ] round:  1 hashes:     30
c [appmc] [   18.52 ] bounded_sol_count looking for   81 solutions -- hashes active: 30
c [appmc] simplifying
c [gauss] XOR-encoding clauses reattached: 2832 T: 0.00
c [appmc] [   22.06 ] round:  2 hashes:     31
c [appmc] [   22.06 ] bounded_sol_count looking for   81 solutions -- hashes active: 31
c [gauss] XOR-encoding clauses detached: 2929 deleted: 0 T: 0.00
c [appmc] [   23.90 ] round:  2 hashes:     30
c [appmc] [   23.90 ] bounded_sol_count looking for   81 solutions -- hashes active: 30
c [appmc] simplifying
c [gauss] XOR-encoding clauses reattached: 2929 T: 0.00
c [appmc] [   25.87 ] round:  3 hashes:     31
c [appmc] [   25.87 ] bounded_sol_count looking for   81 solutions -- hashes active: 31
c [gauss] XOR-encoding clauses detached: 2914 deleted: 0 T: 0.00
c [appmc] [   27.90 ] round:  3 hashes:     30
c [appmc] [   27.90 ] bounded_sol_count looking for   81 solutions -- hashes active: 30
c [appmc] simplifying
c [gauss] XOR-encoding clauses reattached: 2914 T: 0.00
c [appmc] [   28.97 ] round:  4 hashes:     31
c [appmc] [   28.97 ] bounded_sol_count looking for   81 solutions -- hashes active: 31
c [gauss] XOR-encoding clauses detached: 2986 deleted: 0 T: 0.00
c [appmc] [   31.25 ] round:  4 hashes:     32
c [appmc] [   31.25 ] bounded_sol_count looking for   81 solutions -- hashes active: 32
c [gauss] XOR-encoding clauses detached: 96 deleted: 0 T: 0.00
c [appmc] simplifying
c [gauss] XOR-encoding clauses reattached: 3082 T: 0.00
c [appmc] [   32.38 ] round:  5 hashes:     32
c [appmc] [   32.38 ] bounded_sol_count looking for   81 solutions -- hashes active: 32
c [gauss] XOR-encoding clauses detached: 2953 deleted: 0 T: 0.00
c [appmc] [   33.05 ] round:  5 hashes:     31
c [appmc] [   33.05 ] bounded_sol_count looking for   81 solutions -- hashes active: 31
c [appmc] [   33.98 ] round:  5 hashes:     30
c [appmc] [   33.98 ] bounded_sol_count looking for   81 solutions -- hashes active: 30
c [appmc] simplifying
c [gauss] XOR-encoding clauses reattached: 2953 T: 0.00
c [appmc] [   35.02 ] round:  6 hashes:     31
c [appmc] [   35.02 ] bounded_sol_count looking for   81 solutions -- hashes active: 31
c [gauss] XOR-encoding clauses detached: 2961 deleted: 0 T: 0.00
c [appmc] [   36.92 ] round:  6 hashes:     30
c [appmc] [   36.92 ] bounded_sol_count looking for   81 solutions -- hashes active: 30
c [appmc] simplifying
c [gauss] XOR-encoding clauses reattached: 2961 T: 0.00
c [appmc] [   37.89 ] round:  7 hashes:     31
c [appmc] [   37.89 ] bounded_sol_count looking for   81 solutions -- hashes active: 31
c [gauss] XOR-encoding clauses detached: 2885 deleted: 0 T: 0.00
c [appmc] [   39.66 ] round:  7 hashes:     30
c [appmc] [   39.66 ] bounded_sol_count looking for   81 solutions -- hashes active: 30
c [appmc] simplifying
c [gauss] XOR-encoding clauses reattached: 2885 T: 0.00
c [appmc] [   40.82 ] round:  8 hashes:     31
c [appmc] [   40.82 ] bounded_sol_count looking for   81 solutions -- hashes active: 31
c [gauss] XOR-encoding clauses detached: 3025 deleted: 0 T: 0.00
c [appmc] [   42.73 ] round:  8 hashes:     30
c [appmc] [   42.73 ] bounded_sol_count looking for   81 solutions -- hashes active: 30
c [appmc] FINISHED ApproxMC T: 43.24 s
c [appmc] Number of solutions is: 69*2**31
s mc 148176371712
** ASH **
c ApproxMC SHA revision df6d9fc8d112d758301d7527817e2eb1029fa5eb
c ApproxMC version 4.0.1
c ApproxMC compilation env CMAKE_CXX_COMPILER = /usr/bin/c++ | CMAKE_CXX_FLAGS =  -Wall -Wextra -Wunused -Wsign-compare -fno-omit-frame-pointer -Wtype-limits -Wuninitialized -Wno-deprecated -Wstrict-aliasing -Wpointer-arith -fvisibility=hidden -Wpointer-arith -Wformat-nonliteral -Winit-self -Wparentheses -Wunreachable-code -g -fvisibility=hidden -Wlogical-op -Wrestrict -Wnull-dereference -Wdouble-promotion -Wshadow -Wformat=2 -Wextra-semi -pedantic | COMPILE_DEFINES =  -DBOOST_TEST_DYN_LINK | STATICCOMPILE = OFF | Boost_FOUND = TRUE | ZLIB_FOUND = TRUE | VALGRIND_FOUND =  | GMP_FOUND = TRUE | ENABLE_ASSERTIONS = ON | MY_TARGETS =  | compilation date time = Oct 29 2020 17:34:59
c ApproxMC compiled with gcc version 9.3.0
c CryptoMiniSat version 5.8.0
c CMS Copyright Mate Soos (soos.mate@gmail.com)
c CMS SHA revision 6477e8bc43b0fda7038965bb148b64b8637c804b
c CMS is GPL licensed due to M4RI being linked. Build without M4RI to get MIT version
c Using VMTF code by Armin Biere from CaDiCaL
c Using Yalsat by Armin Biere, see Balint et al. Improving implementation of SLS solvers [...], SAT'14
c Using WalkSAT by Henry Kautz, see Kautz and Selman Pushing the envelope: planning, propositional logic, and stochastic search, AAAI'96,
c Using code from 'When Boolean Satisfiability Meets Gauss-E. in a Simplex Way'
c       by C.-S. Han and J.-H. Roland Jiang in CAV 2012. Fixes by M. Soos
c Using CCAnr from 'CCAnr: A Conf. Checking Based Local Search Solver [...]'
c       by Shaowei Cai, Chuan Luo, and Kaile Su, SAT 2015
c CMS compilation env CMAKE_CXX_COMPILER = /usr/bin/c++ | CMAKE_CXX_FLAGS =  -fvisibility=hidden -Wall -Wextra -Wunused -Wsign-compare -fno-omit-frame-pointer -Wtype-limits -Wuninitialized -Wno-deprecated -Wstrict-aliasing -Wpointer-arith -Wpointer-arith -Wformat-nonliteral -Winit-self -Wparentheses -Wunreachable-code -g -Wno-class-memaccess -mpopcnt -msse4.2 -ggdb3 -Wlogical-op -Wrestrict -Wnull-dereference -Wdouble-promotion -Wshadow -Wformat=2 -Wextra-semi -pedantic | COMPILE_DEFINES =  -DEXTENDED_FEATURES -DUSE_GAUSS -DBOOST_TEST_DYN_LINK -DUSE_ZLIB -DYALSAT_FPU -DUSE_M4RI | STATICCOMPILE = OFF | ONLY_SIMPLE = OFF | Boost_FOUND = TRUE | STATS = OFF | SQLITE3_FOUND = FALSE | ZLIB_FOUND = TRUE | VALGRIND_FOUND =  | ENABLE_TESTING = OFF | M4RI_FOUND = TRUE | NOM4RI = OFF | SLOW_DEBUG = OFF | ENABLE_ASSERTIONS = ON | PYTHON_EXECUTABLE = PYTHON_EXECUTABLE-NOTFOUND | PYTHON_LIBRARY = PYTHON_LIBRARY-NOTFOUND | PYTHON_INCLUDE_DIRS =  | MY_TARGETS =  | LARGEMEM = OFF | LIMITMEM = OFF | BREAKID_LIBRARIES =  | BREAKID-VER = . | BOSPHORUS_LIBRARIES =  | BOSPH-VER = . | compilation date time = Oct 29 2020 17:34:11
c CMS compiled with gcc version 9.3.0
c executed with command line: approxmc --sparse 1 -s 04 /experiments/results/Problem10_16.c/04/counterSharp/ash.dimacs
c -- header says num vars:          78673
c -- header says num clauses:      549408
c WARNING: Empty line at line number 570742 -- this is not part of the DIMACS specifications (http://www.satcompetition.org/2009/format-benchmarks2009.html). Ignoring.
c -- clauses added: 549408
c -- xor clauses added: 0
c -- vars added 78673
c [appmc] Sampling set size: 128
c [appmc] Sampling var set contains over 100 variables, not displaying
c [sparse] Using match: 2 sampling set size: 128 prev end inclusive is: 100 this end inclusive is: 150 next end inclusive is: 200 sampl size: 128
c [appmc] threshold set to 80 sparse: 1
c [appmc] Starting up, initial measurement
c [appmc] Starting at hash count: 1
c [appmc] [    0.00 ] round:  0 hashes:      1
c [appmc] [    0.00 ] bounded_sol_count looking for   81 solutions -- hashes active: 1
c [gauss] XOR-encoding clauses detached: 0 deleted: 0 T: 0.00
c [appmc] [    2.71 ] round:  0 hashes:      2
c [appmc] [    2.71 ] bounded_sol_count looking for   81 solutions -- hashes active: 2
c [gauss] XOR-encoding clauses detached: 517 deleted: 47 T: 0.00
c [appmc] [    3.74 ] round:  0 hashes:      4
c [appmc] [    3.74 ] bounded_sol_count looking for   81 solutions -- hashes active: 4
c [gauss] XOR-encoding clauses detached: 400 deleted: 0 T: 0.00
c [appmc] [    5.09 ] round:  0 hashes:      8
c [appmc] [    5.09 ] bounded_sol_count looking for   81 solutions -- hashes active: 8
c [gauss] XOR-encoding clauses detached: 470 deleted: 0 T: 0.00
c [appmc] [    6.39 ] round:  0 hashes:     16
c [appmc] [    6.39 ] bounded_sol_count looking for   81 solutions -- hashes active: 16
c [gauss] XOR-encoding clauses detached: 771 deleted: 0 T: 0.00
c [appmc] [   10.02 ] round:  0 hashes:     32
c [appmc] [   10.02 ] bounded_sol_count looking for   81 solutions -- hashes active: 32
c [gauss] XOR-encoding clauses detached: 1277 deleted: 0 T: 0.01
c [appmc] [   10.67 ] round:  0 hashes:     24
c [appmc] [   10.67 ] bounded_sol_count looking for   81 solutions -- hashes active: 24
c [appmc] [   18.80 ] round:  0 hashes:     28
c [appmc] [   18.80 ] bounded_sol_count looking for   81 solutions -- hashes active: 28
c [appmc] [   26.18 ] round:  0 hashes:     26
c [appmc] [   26.18 ] bounded_sol_count looking for   81 solutions -- hashes active: 26
c [appmc] [   31.16 ] round:  0 hashes:     27
c [appmc] [   31.16 ] bounded_sol_count looking for   81 solutions -- hashes active: 27
c [appmc] simplifying
c [gauss] XOR-encoding clauses reattached: 3435 T: 0.00
c [appmc] [   42.40 ] round:  1 hashes:     28
c [appmc] [   42.40 ] bounded_sol_count looking for   81 solutions -- hashes active: 28
c [gauss] XOR-encoding clauses detached: 2583 deleted: 0 T: 0.00
c [appmc] [   46.57 ] round:  1 hashes:     27
c [appmc] [   46.57 ] bounded_sol_count looking for   81 solutions -- hashes active: 27
c [appmc] simplifying
c [gauss] XOR-encoding clauses reattached: 2583 T: 0.00
c [appmc] [   53.08 ] round:  2 hashes:     28
c [appmc] [   53.08 ] bounded_sol_count looking for   81 solutions -- hashes active: 28
c [gauss] XOR-encoding clauses detached: 2581 deleted: 0 T: 0.00
c [appmc] [   57.81 ] round:  2 hashes:     27
c [appmc] [   57.81 ] bounded_sol_count looking for   81 solutions -- hashes active: 27
c [appmc] simplifying
c [gauss] XOR-encoding clauses reattached: 2581 T: 0.00
c [appmc] [   64.25 ] round:  3 hashes:     28
c [appmc] [   64.25 ] bounded_sol_count looking for   81 solutions -- hashes active: 28
c [gauss] XOR-encoding clauses detached: 2602 deleted: 0 T: 0.00
c [appmc] [   67.46 ] round:  3 hashes:     27
c [appmc] [   67.46 ] bounded_sol_count looking for   81 solutions -- hashes active: 27
c [appmc] [   71.48 ] round:  3 hashes:     26
c [appmc] [   71.48 ] bounded_sol_count looking for   81 solutions -- hashes active: 26
c [appmc] simplifying
c [gauss] XOR-encoding clauses reattached: 2602 T: 0.00
c [appmc] [   72.34 ] round:  4 hashes:     27
c [appmc] [   72.34 ] bounded_sol_count looking for   81 solutions -- hashes active: 27
c [gauss] XOR-encoding clauses detached: 2488 deleted: 0 T: 0.00
c [appmc] [   80.23 ] round:  4 hashes:     26
c [appmc] [   80.23 ] bounded_sol_count looking for   81 solutions -- hashes active: 26
c [appmc] simplifying
c [gauss] XOR-encoding clauses reattached: 2488 T: 0.00
c [appmc] [   80.83 ] round:  5 hashes:     27
c [appmc] [   80.83 ] bounded_sol_count looking for   81 solutions -- hashes active: 27
c [gauss] XOR-encoding clauses detached: 2566 deleted: 0 T: 0.00
c [appmc] [   86.99 ] round:  5 hashes:     28
c [appmc] [   86.99 ] bounded_sol_count looking for   81 solutions -- hashes active: 28
c [gauss] XOR-encoding clauses detached: 96 deleted: 0 T: 0.00
c [appmc] simplifying
c [gauss] XOR-encoding clauses reattached: 2662 T: 0.00
c [appmc] [   89.49 ] round:  6 hashes:     28
c [appmc] [   89.49 ] bounded_sol_count looking for   81 solutions -- hashes active: 28
c [gauss] XOR-encoding clauses detached: 2659 deleted: 0 T: 0.00
c [appmc] [   91.89 ] round:  6 hashes:     27
c [appmc] [   91.89 ] bounded_sol_count looking for   81 solutions -- hashes active: 27
c [appmc] [   96.32 ] round:  6 hashes:     26
c [appmc] [   96.32 ] bounded_sol_count looking for   81 solutions -- hashes active: 26
c [appmc] simplifying
c [gauss] XOR-encoding clauses reattached: 2659 T: 0.00
c [appmc] [   96.84 ] round:  7 hashes:     27
c [appmc] [   96.84 ] bounded_sol_count looking for   81 solutions -- hashes active: 27
c [gauss] XOR-encoding clauses detached: 2455 deleted: 0 T: 0.00
c [appmc] [  103.67 ] round:  7 hashes:     28
c [appmc] [  103.67 ] bounded_sol_count looking for   81 solutions -- hashes active: 28
c [gauss] XOR-encoding clauses detached: 104 deleted: 0 T: 0.00
c [appmc] simplifying
c [gauss] XOR-encoding clauses reattached: 2559 T: 0.00
c [appmc] [  106.14 ] round:  8 hashes:     28
c [appmc] [  106.14 ] bounded_sol_count looking for   81 solutions -- hashes active: 28
c [gauss] XOR-encoding clauses detached: 2532 deleted: 0 T: 0.00
c [appmc] [  109.40 ] round:  8 hashes:     27
c [appmc] [  109.40 ] bounded_sol_count looking for   81 solutions -- hashes active: 27
c [appmc] [  115.53 ] round:  8 hashes:     26
c [appmc] [  115.53 ] bounded_sol_count looking for   81 solutions -- hashes active: 26
c [appmc] FINISHED ApproxMC T: 116.38 s
c [appmc] Number of solutions is: 80*2**27
s mc 10737418240
