** CON **
[runlim] version:		1.10
[runlim] time limit:		311040000 seconds
[runlim] real time limit:	300 seconds
[runlim] space limit:		2048 MB
[runlim] argv[0]:		approxmc
[runlim] argv[1]:		-s
[runlim] argv[2]:		03
[runlim] argv[3]:		/experiments/results/floor-broken.c/03/counterSharp/con.dimacs
[runlim] start:			Mon Aug  8 17:45:47 2022
[runlim] main pid:		1282
ERROR! Could not open file '/experiments/results/floor-broken.c/03/counterSharp/con.dimacs' for reading: No such file or directory
[runlim] end:			Mon Aug  8 17:45:47 2022
[runlim] status:		ok
[runlim] result:		0
[runlim] children:		0
[runlim] real:			0.95 seconds
[runlim] time:			0.00 seconds
[runlim] space:			0.0 MB
[runlim] samples:		0
** AMM **
[runlim] version:		1.10
[runlim] time limit:		311040000 seconds
[runlim] real time limit:	300 seconds
[runlim] space limit:		2048 MB
[runlim] argv[0]:		approxmc
[runlim] argv[1]:		-s
[runlim] argv[2]:		03
[runlim] argv[3]:		/experiments/results/floor-broken.c/03/counterSharp/amm.dimacs
[runlim] start:			Mon Aug  8 17:45:47 2022
[runlim] main pid:		1284
[runlim] sample:		10.0 time, 11.0 real, 39.1 MB
[runlim] end:			Mon Aug  8 17:46:00 2022
[runlim] status:		ok
[runlim] result:		0
[runlim] children:		0
[runlim] real:			13.15 seconds
[runlim] time:			12.09 seconds
[runlim] space:			44.0 MB
[runlim] samples:		121
** AMH **
[runlim] version:		1.10
[runlim] time limit:		311040000 seconds
[runlim] real time limit:	300 seconds
[runlim] space limit:		2048 MB
[runlim] argv[0]:		approxmc
[runlim] argv[1]:		-s
[runlim] argv[2]:		03
[runlim] argv[3]:		/experiments/results/floor-broken.c/03/counterSharp/amh.dimacs
[runlim] start:			Mon Aug  8 17:46:00 2022
[runlim] main pid:		1286
[runlim] sample:		10.0 time, 10.2 real, 53.2 MB
[runlim] end:			Mon Aug  8 17:46:10 2022
[runlim] status:		ok
[runlim] result:		0
[runlim] children:		0
[runlim] real:			10.38 seconds
[runlim] time:			10.19 seconds
[runlim] space:			58.9 MB
[runlim] samples:		102
** ASM **
[runlim] version:		1.10
[runlim] time limit:		311040000 seconds
[runlim] real time limit:	300 seconds
[runlim] space limit:		2048 MB
[runlim] argv[0]:		approxmc
[runlim] argv[1]:		-s
[runlim] argv[2]:		03
[runlim] argv[3]:		/experiments/results/floor-broken.c/03/counterSharp/asm.dimacs
[runlim] start:			Mon Aug  8 17:46:10 2022
[runlim] main pid:		1288
[runlim] sample:		10.0 time, 10.4 real, 55.2 MB
[runlim] end:			Mon Aug  8 17:46:20 2022
[runlim] status:		ok
[runlim] result:		0
[runlim] children:		0
[runlim] real:			10.65 seconds
[runlim] time:			10.18 seconds
[runlim] space:			57.9 MB
[runlim] samples:		102
** ASH **
[runlim] version:		1.10
[runlim] time limit:		311040000 seconds
[runlim] real time limit:	300 seconds
[runlim] space limit:		2048 MB
[runlim] argv[0]:		approxmc
[runlim] argv[1]:		-s
[runlim] argv[2]:		03
[runlim] argv[3]:		/experiments/results/floor-broken.c/03/counterSharp/ash.dimacs
[runlim] start:			Mon Aug  8 17:46:20 2022
[runlim] main pid:		1290
[runlim] sample:		10.0 time, 10.7 real, 39.4 MB
[runlim] end:			Mon Aug  8 17:46:38 2022
[runlim] status:		ok
[runlim] result:		0
[runlim] children:		0
[runlim] real:			18.58 seconds
[runlim] time:			17.88 seconds
[runlim] space:			50.2 MB
[runlim] samples:		179
