** CON **
[runlim] version:		1.10
[runlim] time limit:		311040000 seconds
[runlim] real time limit:	300 seconds
[runlim] space limit:		2048 MB
[runlim] argv[0]:		approxmc
[runlim] argv[1]:		--sparse
[runlim] argv[2]:		1
[runlim] argv[3]:		-s
[runlim] argv[4]:		05
[runlim] argv[5]:		/experiments/results/for_bounded_loop1.c/05/counterSharp/con.dimacs
[runlim] start:			Fri Oct 30 16:31:32 2020
[runlim] main pid:		3957
approxmc: /approxmc/src/counter.cpp:447: ApproxMC::SolCount Counter::count(): Assertion `numHashList.size() > 0 && "UNSAT should not be possible"' failed.
[runlim] end:			Fri Oct 30 16:31:32 2020
[runlim] status:		signal(6)
[runlim] result:		11
[runlim] children:		0
[runlim] real:			0.46 seconds
[runlim] time:			0.00 seconds
[runlim] space:			0.0 MB
[runlim] samples:		0
** AMM **
[runlim] version:		1.10
[runlim] time limit:		311040000 seconds
[runlim] real time limit:	300 seconds
[runlim] space limit:		2048 MB
[runlim] argv[0]:		approxmc
[runlim] argv[1]:		--sparse
[runlim] argv[2]:		1
[runlim] argv[3]:		-s
[runlim] argv[4]:		05
[runlim] argv[5]:		/experiments/results/for_bounded_loop1.c/05/counterSharp/amm.dimacs
[runlim] start:			Fri Oct 30 16:31:32 2020
[runlim] main pid:		3959
[runlim] end:			Fri Oct 30 16:31:32 2020
[runlim] status:		ok
[runlim] result:		0
[runlim] children:		0
[runlim] real:			0.89 seconds
[runlim] time:			0.38 seconds
[runlim] space:			11.4 MB
[runlim] samples:		4
** AMH **
[runlim] version:		1.10
[runlim] time limit:		311040000 seconds
[runlim] real time limit:	300 seconds
[runlim] space limit:		2048 MB
[runlim] argv[0]:		approxmc
[runlim] argv[1]:		--sparse
[runlim] argv[2]:		1
[runlim] argv[3]:		-s
[runlim] argv[4]:		05
[runlim] argv[5]:		/experiments/results/for_bounded_loop1.c/05/counterSharp/amh.dimacs
[runlim] start:			Fri Oct 30 16:31:32 2020
[runlim] main pid:		3961
approxmc: /approxmc/src/counter.cpp:447: ApproxMC::SolCount Counter::count(): Assertion `numHashList.size() > 0 && "UNSAT should not be possible"' failed.
[runlim] end:			Fri Oct 30 16:31:32 2020
[runlim] status:		signal(6)
[runlim] result:		11
[runlim] children:		0
[runlim] real:			0.99 seconds
[runlim] time:			0.05 seconds
[runlim] space:			10.3 MB
[runlim] samples:		1
** ASM **
[runlim] version:		1.10
[runlim] time limit:		311040000 seconds
[runlim] real time limit:	300 seconds
[runlim] space limit:		2048 MB
[runlim] argv[0]:		approxmc
[runlim] argv[1]:		--sparse
[runlim] argv[2]:		1
[runlim] argv[3]:		-s
[runlim] argv[4]:		05
[runlim] argv[5]:		/experiments/results/for_bounded_loop1.c/05/counterSharp/asm.dimacs
[runlim] start:			Fri Oct 30 16:31:32 2020
[runlim] main pid:		3963
approxmc: /approxmc/src/counter.cpp:447: ApproxMC::SolCount Counter::count(): Assertion `numHashList.size() > 0 && "UNSAT should not be possible"' failed.
[runlim] end:			Fri Oct 30 16:31:33 2020
[runlim] status:		signal(6)
[runlim] result:		11
[runlim] children:		0
[runlim] real:			1.25 seconds
[runlim] time:			0.05 seconds
[runlim] space:			10.8 MB
[runlim] samples:		2
** ASH **
[runlim] version:		1.10
[runlim] time limit:		311040000 seconds
[runlim] real time limit:	300 seconds
[runlim] space limit:		2048 MB
[runlim] argv[0]:		approxmc
[runlim] argv[1]:		--sparse
[runlim] argv[2]:		1
[runlim] argv[3]:		-s
[runlim] argv[4]:		05
[runlim] argv[5]:		/experiments/results/for_bounded_loop1.c/05/counterSharp/ash.dimacs
[runlim] start:			Fri Oct 30 16:31:33 2020
[runlim] main pid:		3965
approxmc: /approxmc/src/counter.cpp:447: ApproxMC::SolCount Counter::count(): Assertion `numHashList.size() > 0 && "UNSAT should not be possible"' failed.
[runlim] end:			Fri Oct 30 16:31:33 2020
[runlim] status:		signal(6)
[runlim] result:		11
[runlim] children:		0
[runlim] real:			0.56 seconds
[runlim] time:			0.05 seconds
[runlim] space:			10.9 MB
[runlim] samples:		3
