** CON **
[runlim] version:		1.10
[runlim] time limit:		311040000 seconds
[runlim] real time limit:	300 seconds
[runlim] space limit:		2048 MB
[runlim] argv[0]:		approxmc
[runlim] argv[1]:		-s
[runlim] argv[2]:		05
[runlim] argv[3]:		/experiments/results/floor-broken.c/05/counterSharp/con.dimacs
[runlim] start:			Mon Aug  8 17:47:30 2022
[runlim] main pid:		1328
ERROR! Could not open file '/experiments/results/floor-broken.c/05/counterSharp/con.dimacs' for reading: No such file or directory
[runlim] end:			Mon Aug  8 17:47:30 2022
[runlim] status:		ok
[runlim] result:		0
[runlim] children:		0
[runlim] real:			0.30 seconds
[runlim] time:			0.00 seconds
[runlim] space:			0.0 MB
[runlim] samples:		0
** AMM **
[runlim] version:		1.10
[runlim] time limit:		311040000 seconds
[runlim] real time limit:	300 seconds
[runlim] space limit:		2048 MB
[runlim] argv[0]:		approxmc
[runlim] argv[1]:		-s
[runlim] argv[2]:		05
[runlim] argv[3]:		/experiments/results/floor-broken.c/05/counterSharp/amm.dimacs
[runlim] start:			Mon Aug  8 17:47:30 2022
[runlim] main pid:		1330
[runlim] sample:		10.0 time, 10.3 real, 42.0 MB
[runlim] end:			Mon Aug  8 17:47:42 2022
[runlim] status:		ok
[runlim] result:		0
[runlim] children:		0
[runlim] real:			12.36 seconds
[runlim] time:			11.98 seconds
[runlim] space:			48.7 MB
[runlim] samples:		120
** AMH **
[runlim] version:		1.10
[runlim] time limit:		311040000 seconds
[runlim] real time limit:	300 seconds
[runlim] space limit:		2048 MB
[runlim] argv[0]:		approxmc
[runlim] argv[1]:		-s
[runlim] argv[2]:		05
[runlim] argv[3]:		/experiments/results/floor-broken.c/05/counterSharp/amh.dimacs
[runlim] start:			Mon Aug  8 17:47:42 2022
[runlim] main pid:		1332
[runlim] sample:		10.0 time, 10.4 real, 53.2 MB
[runlim] end:			Mon Aug  8 17:47:52 2022
[runlim] status:		ok
[runlim] result:		0
[runlim] children:		0
[runlim] real:			10.66 seconds
[runlim] time:			10.28 seconds
[runlim] space:			53.2 MB
[runlim] samples:		103
** ASM **
[runlim] version:		1.10
[runlim] time limit:		311040000 seconds
[runlim] real time limit:	300 seconds
[runlim] space limit:		2048 MB
[runlim] argv[0]:		approxmc
[runlim] argv[1]:		-s
[runlim] argv[2]:		05
[runlim] argv[3]:		/experiments/results/floor-broken.c/05/counterSharp/asm.dimacs
[runlim] start:			Mon Aug  8 17:47:52 2022
[runlim] main pid:		1334
[runlim] end:			Mon Aug  8 17:48:02 2022
[runlim] status:		ok
[runlim] result:		0
[runlim] children:		0
[runlim] real:			10.54 seconds
[runlim] time:			9.78 seconds
[runlim] space:			66.0 MB
[runlim] samples:		98
** ASH **
[runlim] version:		1.10
[runlim] time limit:		311040000 seconds
[runlim] real time limit:	300 seconds
[runlim] space limit:		2048 MB
[runlim] argv[0]:		approxmc
[runlim] argv[1]:		-s
[runlim] argv[2]:		05
[runlim] argv[3]:		/experiments/results/floor-broken.c/05/counterSharp/ash.dimacs
[runlim] start:			Mon Aug  8 17:48:02 2022
[runlim] main pid:		1336
[runlim] sample:		9.9 time, 10.5 real, 39.3 MB
[runlim] end:			Mon Aug  8 17:48:20 2022
[runlim] status:		ok
[runlim] result:		0
[runlim] children:		0
[runlim] real:			18.39 seconds
[runlim] time:			17.70 seconds
[runlim] space:			49.9 MB
[runlim] samples:		178
