** CON **
[runlim] version:		1.10
[runlim] time limit:		311040000 seconds
[runlim] real time limit:	300 seconds
[runlim] space limit:		2048 MB
[runlim] argv[0]:		ganak
[runlim] argv[1]:		-t
[runlim] argv[2]:		300
[runlim] argv[3]:		-cs
[runlim] argv[4]:		1024
[runlim] argv[5]:		-seed
[runlim] argv[6]:		05
[runlim] argv[7]:		/experiments/results/for_bounded_loop1-2.c/05/counterSharp/con.dimacs
[runlim] start:			Sun Nov  1 10:41:40 2020
[runlim] main pid:		4505
[runlim] end:			Sun Nov  1 10:41:41 2020
[runlim] status:		ok
[runlim] result:		0
[runlim] children:		0
[runlim] real:			1.27 seconds
[runlim] time:			0.98 seconds
[runlim] space:			173.8 MB
[runlim] samples:		10
** AMM **
[runlim] version:		1.10
[runlim] time limit:		311040000 seconds
[runlim] real time limit:	300 seconds
[runlim] space limit:		2048 MB
[runlim] argv[0]:		ganak
[runlim] argv[1]:		-t
[runlim] argv[2]:		300
[runlim] argv[3]:		-cs
[runlim] argv[4]:		1024
[runlim] argv[5]:		-seed
[runlim] argv[6]:		05
[runlim] argv[7]:		/experiments/results/for_bounded_loop1-2.c/05/counterSharp/amm.dimacs
[runlim] start:			Sun Nov  1 10:41:41 2020
[runlim] main pid:		4507
[runlim] sample:		10.0 time, 10.3 real, 176.2 MB
[runlim] sample:		20.0 time, 20.3 real, 179.8 MB
[runlim] sample:		30.0 time, 30.3 real, 184.0 MB
[runlim] sample:		40.0 time, 40.3 real, 184.0 MB
[runlim] sample:		50.0 time, 50.3 real, 372.7 MB
[runlim] sample:		60.0 time, 60.3 real, 566.7 MB
[runlim] sample:		70.0 time, 70.3 real, 1837.3 MB
[runlim] end:			Sun Nov  1 10:42:53 2020
[runlim] status:		out of memory
[runlim] result:		3
[runlim] children:		0
[runlim] real:			72.01 seconds
[runlim] time:			71.69 seconds
[runlim] space:			2050.7 MB
[runlim] samples:		717
** AMH **
[runlim] version:		1.10
[runlim] time limit:		311040000 seconds
[runlim] real time limit:	300 seconds
[runlim] space limit:		2048 MB
[runlim] argv[0]:		ganak
[runlim] argv[1]:		-t
[runlim] argv[2]:		300
[runlim] argv[3]:		-cs
[runlim] argv[4]:		1024
[runlim] argv[5]:		-seed
[runlim] argv[6]:		05
[runlim] argv[7]:		/experiments/results/for_bounded_loop1-2.c/05/counterSharp/amh.dimacs
[runlim] start:			Sun Nov  1 10:42:53 2020
[runlim] main pid:		4509
[runlim] sample:		10.0 time, 10.0 real, 176.0 MB
[runlim] sample:		20.0 time, 20.0 real, 176.8 MB
[runlim] sample:		30.0 time, 30.0 real, 177.8 MB
[runlim] sample:		40.0 time, 40.0 real, 179.6 MB
[runlim] sample:		50.0 time, 50.0 real, 181.4 MB
[runlim] sample:		60.0 time, 60.0 real, 183.0 MB
[runlim] sample:		70.0 time, 70.0 real, 184.0 MB
[runlim] sample:		80.0 time, 80.0 real, 184.8 MB
[runlim] sample:		90.0 time, 90.0 real, 185.0 MB
[runlim] sample:		100.0 time, 100.0 real, 185.0 MB
[runlim] sample:		110.0 time, 110.0 real, 185.0 MB
[runlim] sample:		120.0 time, 120.0 real, 185.0 MB
[runlim] sample:		130.0 time, 130.0 real, 185.0 MB
[runlim] sample:		140.0 time, 140.0 real, 185.0 MB
[runlim] sample:		150.0 time, 150.0 real, 185.0 MB
[runlim] sample:		160.0 time, 160.0 real, 185.0 MB
[runlim] sample:		170.0 time, 170.0 real, 185.0 MB
[runlim] end:			Sun Nov  1 10:45:49 2020
[runlim] status:		out of memory
[runlim] result:		3
[runlim] children:		0
[runlim] real:			176.07 seconds
[runlim] time:			175.97 seconds
[runlim] space:			2197.3 MB
[runlim] samples:		1760
** ASM **
[runlim] version:		1.10
[runlim] time limit:		311040000 seconds
[runlim] real time limit:	300 seconds
[runlim] space limit:		2048 MB
[runlim] argv[0]:		ganak
[runlim] argv[1]:		-t
[runlim] argv[2]:		300
[runlim] argv[3]:		-cs
[runlim] argv[4]:		1024
[runlim] argv[5]:		-seed
[runlim] argv[6]:		05
[runlim] argv[7]:		/experiments/results/for_bounded_loop1-2.c/05/counterSharp/asm.dimacs
[runlim] start:			Sun Nov  1 10:45:49 2020
[runlim] main pid:		4511
[runlim] sample:		10.0 time, 10.1 real, 176.5 MB
[runlim] sample:		20.0 time, 20.1 real, 177.3 MB
[runlim] sample:		30.0 time, 30.1 real, 178.3 MB
[runlim] sample:		40.0 time, 40.1 real, 179.8 MB
[runlim] sample:		50.0 time, 50.1 real, 181.6 MB
[runlim] sample:		60.0 time, 60.1 real, 183.4 MB
[runlim] sample:		70.0 time, 70.1 real, 184.2 MB
[runlim] sample:		80.0 time, 80.1 real, 185.0 MB
[runlim] sample:		90.0 time, 90.1 real, 185.5 MB
[runlim] sample:		100.0 time, 100.1 real, 185.5 MB
[runlim] sample:		110.0 time, 110.1 real, 185.5 MB
[runlim] sample:		120.0 time, 120.1 real, 185.5 MB
[runlim] sample:		130.0 time, 130.1 real, 185.5 MB
[runlim] sample:		140.0 time, 140.1 real, 185.5 MB
[runlim] sample:		150.0 time, 150.1 real, 185.5 MB
[runlim] sample:		160.0 time, 160.1 real, 185.5 MB
[runlim] sample:		170.0 time, 170.1 real, 212.1 MB
[runlim] end:			Sun Nov  1 10:48:42 2020
[runlim] status:		out of memory
[runlim] result:		3
[runlim] children:		0
[runlim] real:			173.14 seconds
[runlim] time:			172.97 seconds
[runlim] space:			2078.2 MB
[runlim] samples:		1730
** ASH **
[runlim] version:		1.10
[runlim] time limit:		311040000 seconds
[runlim] real time limit:	300 seconds
[runlim] space limit:		2048 MB
[runlim] argv[0]:		ganak
[runlim] argv[1]:		-t
[runlim] argv[2]:		300
[runlim] argv[3]:		-cs
[runlim] argv[4]:		1024
[runlim] argv[5]:		-seed
[runlim] argv[6]:		05
[runlim] argv[7]:		/experiments/results/for_bounded_loop1-2.c/05/counterSharp/ash.dimacs
[runlim] start:			Sun Nov  1 10:48:42 2020
[runlim] main pid:		4513
[runlim] sample:		10.0 time, 10.1 real, 175.9 MB
[runlim] sample:		20.0 time, 20.1 real, 176.7 MB
[runlim] sample:		30.0 time, 30.1 real, 177.2 MB
[runlim] sample:		40.0 time, 40.1 real, 178.5 MB
[runlim] sample:		50.0 time, 50.1 real, 179.8 MB
[runlim] sample:		60.0 time, 60.1 real, 180.6 MB
[runlim] sample:		70.0 time, 70.1 real, 181.3 MB
[runlim] sample:		80.0 time, 80.1 real, 181.9 MB
[runlim] sample:		90.0 time, 90.1 real, 182.4 MB
[runlim] sample:		100.0 time, 100.1 real, 182.6 MB
[runlim] sample:		110.0 time, 110.1 real, 183.1 MB
[runlim] sample:		119.9 time, 120.1 real, 183.1 MB
[runlim] sample:		129.9 time, 130.1 real, 183.1 MB
[runlim] sample:		139.9 time, 140.1 real, 183.1 MB
[runlim] sample:		149.9 time, 150.1 real, 183.1 MB
[runlim] sample:		159.9 time, 160.1 real, 183.1 MB
[runlim] sample:		169.9 time, 170.1 real, 183.1 MB
[runlim] sample:		179.9 time, 180.1 real, 183.2 MB
[runlim] sample:		189.9 time, 190.1 real, 183.2 MB
[runlim] sample:		199.9 time, 200.1 real, 183.2 MB
[runlim] sample:		209.9 time, 210.1 real, 183.2 MB
[runlim] sample:		219.9 time, 220.1 real, 1358.0 MB
[runlim] end:			Sun Nov  1 10:52:23 2020
[runlim] status:		out of memory
[runlim] result:		3
[runlim] children:		0
[runlim] real:			221.30 seconds
[runlim] time:			221.01 seconds
[runlim] space:			2259.7 MB
[runlim] samples:		2211
