** CON **
[runlim] version:		1.10
[runlim] time limit:		311040000 seconds
[runlim] real time limit:	300 seconds
[runlim] space limit:		2048 MB
[runlim] argv[0]:		ganak
[runlim] argv[1]:		-t
[runlim] argv[2]:		300
[runlim] argv[3]:		-cs
[runlim] argv[4]:		1024
[runlim] argv[5]:		-seed
[runlim] argv[6]:		01
[runlim] argv[7]:		/experiments/results/for_bounded_loop1-2.c/01/counterSharp/con.dimacs
[runlim] start:			Sun Nov  1 09:58:24 2020
[runlim] main pid:		4381
[runlim] end:			Sun Nov  1 09:58:25 2020
[runlim] status:		ok
[runlim] result:		0
[runlim] children:		0
[runlim] real:			1.33 seconds
[runlim] time:			0.98 seconds
[runlim] space:			174.5 MB
[runlim] samples:		10
** AMM **
[runlim] version:		1.10
[runlim] time limit:		311040000 seconds
[runlim] real time limit:	300 seconds
[runlim] space limit:		2048 MB
[runlim] argv[0]:		ganak
[runlim] argv[1]:		-t
[runlim] argv[2]:		300
[runlim] argv[3]:		-cs
[runlim] argv[4]:		1024
[runlim] argv[5]:		-seed
[runlim] argv[6]:		01
[runlim] argv[7]:		/experiments/results/for_bounded_loop1-2.c/01/counterSharp/amm.dimacs
[runlim] start:			Sun Nov  1 09:58:25 2020
[runlim] main pid:		4383
[runlim] sample:		10.0 time, 10.3 real, 174.6 MB
[runlim] sample:		20.0 time, 20.3 real, 178.4 MB
[runlim] sample:		30.0 time, 30.3 real, 182.3 MB
[runlim] sample:		40.0 time, 40.3 real, 182.3 MB
[runlim] sample:		50.0 time, 50.3 real, 369.8 MB
[runlim] sample:		60.0 time, 60.3 real, 747.1 MB
[runlim] sample:		70.0 time, 70.3 real, 1994.2 MB
[runlim] end:			Sun Nov  1 09:59:35 2020
[runlim] status:		out of memory
[runlim] result:		3
[runlim] children:		0
[runlim] real:			70.89 seconds
[runlim] time:			70.47 seconds
[runlim] space:			2058.1 MB
[runlim] samples:		705
** AMH **
[runlim] version:		1.10
[runlim] time limit:		311040000 seconds
[runlim] real time limit:	300 seconds
[runlim] space limit:		2048 MB
[runlim] argv[0]:		ganak
[runlim] argv[1]:		-t
[runlim] argv[2]:		300
[runlim] argv[3]:		-cs
[runlim] argv[4]:		1024
[runlim] argv[5]:		-seed
[runlim] argv[6]:		01
[runlim] argv[7]:		/experiments/results/for_bounded_loop1-2.c/01/counterSharp/amh.dimacs
[runlim] start:			Sun Nov  1 09:59:35 2020
[runlim] main pid:		4385
[runlim] sample:		10.0 time, 10.9 real, 177.6 MB
[runlim] sample:		20.0 time, 20.9 real, 178.3 MB
[runlim] sample:		30.0 time, 30.9 real, 179.4 MB
[runlim] sample:		40.0 time, 40.9 real, 181.2 MB
[runlim] sample:		50.0 time, 50.9 real, 183.2 MB
[runlim] sample:		60.0 time, 60.9 real, 184.8 MB
[runlim] sample:		70.0 time, 70.9 real, 185.8 MB
[runlim] sample:		80.0 time, 80.9 real, 186.6 MB
[runlim] sample:		90.0 time, 90.9 real, 186.6 MB
[runlim] sample:		100.0 time, 100.9 real, 187.3 MB
[runlim] sample:		110.0 time, 110.9 real, 187.3 MB
[runlim] sample:		120.0 time, 120.9 real, 187.3 MB
[runlim] sample:		129.9 time, 130.9 real, 187.3 MB
[runlim] sample:		139.9 time, 140.9 real, 187.3 MB
[runlim] sample:		149.9 time, 150.9 real, 187.3 MB
[runlim] sample:		159.9 time, 160.9 real, 215.2 MB
[runlim] end:			Sun Nov  1 10:02:19 2020
[runlim] status:		out of memory
[runlim] result:		3
[runlim] children:		0
[runlim] real:			164.05 seconds
[runlim] time:			163.05 seconds
[runlim] space:			2213.6 MB
[runlim] samples:		1631
** ASM **
[runlim] version:		1.10
[runlim] time limit:		311040000 seconds
[runlim] real time limit:	300 seconds
[runlim] space limit:		2048 MB
[runlim] argv[0]:		ganak
[runlim] argv[1]:		-t
[runlim] argv[2]:		300
[runlim] argv[3]:		-cs
[runlim] argv[4]:		1024
[runlim] argv[5]:		-seed
[runlim] argv[6]:		01
[runlim] argv[7]:		/experiments/results/for_bounded_loop1-2.c/01/counterSharp/asm.dimacs
[runlim] start:			Sun Nov  1 10:02:19 2020
[runlim] main pid:		4387
[runlim] sample:		10.0 time, 10.1 real, 176.7 MB
[runlim] sample:		20.0 time, 20.1 real, 177.4 MB
[runlim] sample:		30.0 time, 30.1 real, 178.5 MB
[runlim] sample:		40.0 time, 40.1 real, 180.5 MB
[runlim] sample:		50.0 time, 50.1 real, 182.6 MB
[runlim] sample:		60.0 time, 60.1 real, 184.1 MB
[runlim] sample:		70.0 time, 70.1 real, 184.9 MB
[runlim] sample:		80.0 time, 80.1 real, 186.2 MB
[runlim] sample:		90.0 time, 90.1 real, 186.2 MB
[runlim] sample:		100.0 time, 100.1 real, 186.2 MB
[runlim] sample:		110.0 time, 110.1 real, 186.4 MB
[runlim] sample:		120.0 time, 120.1 real, 186.4 MB
[runlim] sample:		130.0 time, 130.1 real, 186.4 MB
[runlim] sample:		140.0 time, 140.1 real, 186.4 MB
[runlim] sample:		150.0 time, 150.1 real, 186.4 MB
[runlim] sample:		160.0 time, 160.1 real, 1111.8 MB
[runlim] end:			Sun Nov  1 10:05:00 2020
[runlim] status:		out of memory
[runlim] result:		3
[runlim] children:		0
[runlim] real:			161.52 seconds
[runlim] time:			161.36 seconds
[runlim] space:			2182.3 MB
[runlim] samples:		1614
** ASH **
[runlim] version:		1.10
[runlim] time limit:		311040000 seconds
[runlim] real time limit:	300 seconds
[runlim] space limit:		2048 MB
[runlim] argv[0]:		ganak
[runlim] argv[1]:		-t
[runlim] argv[2]:		300
[runlim] argv[3]:		-cs
[runlim] argv[4]:		1024
[runlim] argv[5]:		-seed
[runlim] argv[6]:		01
[runlim] argv[7]:		/experiments/results/for_bounded_loop1-2.c/01/counterSharp/ash.dimacs
[runlim] start:			Sun Nov  1 10:05:00 2020
[runlim] main pid:		4389
[runlim] sample:		10.0 time, 10.5 real, 176.0 MB
[runlim] sample:		20.0 time, 20.5 real, 176.7 MB
[runlim] sample:		30.0 time, 30.5 real, 177.5 MB
[runlim] sample:		40.0 time, 40.5 real, 178.8 MB
[runlim] sample:		50.0 time, 50.5 real, 179.8 MB
[runlim] sample:		60.0 time, 60.5 real, 180.9 MB
[runlim] sample:		70.0 time, 70.5 real, 181.6 MB
[runlim] sample:		80.0 time, 80.5 real, 182.1 MB
[runlim] sample:		90.0 time, 90.5 real, 182.7 MB
[runlim] sample:		100.0 time, 100.5 real, 182.9 MB
[runlim] sample:		110.0 time, 110.5 real, 184.1 MB
[runlim] sample:		120.0 time, 120.5 real, 184.1 MB
[runlim] sample:		130.0 time, 130.5 real, 184.1 MB
[runlim] sample:		140.0 time, 140.5 real, 184.1 MB
[runlim] sample:		150.0 time, 150.5 real, 184.1 MB
[runlim] sample:		160.0 time, 160.5 real, 184.1 MB
[runlim] sample:		170.0 time, 170.5 real, 184.1 MB
[runlim] sample:		180.0 time, 180.5 real, 184.1 MB
[runlim] sample:		190.0 time, 190.5 real, 184.1 MB
[runlim] sample:		200.0 time, 200.5 real, 184.1 MB
[runlim] sample:		210.0 time, 210.5 real, 184.1 MB
[runlim] end:			Sun Nov  1 10:08:34 2020
[runlim] status:		out of memory
[runlim] result:		3
[runlim] children:		0
[runlim] real:			214.59 seconds
[runlim] time:			213.95 seconds
[runlim] space:			2213.0 MB
[runlim] samples:		2140
