** CON **
[runlim] version:		1.10
[runlim] time limit:		311040000 seconds
[runlim] real time limit:	300 seconds
[runlim] space limit:		2048 MB
[runlim] argv[0]:		approxmc
[runlim] argv[1]:		--sparse
[runlim] argv[2]:		1
[runlim] argv[3]:		-s
[runlim] argv[4]:		04
[runlim] argv[5]:		/experiments/results/hhk2008-2.c/04/counterSharp/con.dimacs
[runlim] start:			Mon Nov  9 17:50:02 2020
[runlim] main pid:		5435
[runlim] end:			Mon Nov  9 17:50:11 2020
[runlim] status:		ok
[runlim] result:		0
[runlim] children:		0
[runlim] real:			9.65 seconds
[runlim] time:			8.97 seconds
[runlim] space:			132.6 MB
[runlim] samples:		90
** AMM **
[runlim] version:		1.10
[runlim] time limit:		311040000 seconds
[runlim] real time limit:	300 seconds
[runlim] space limit:		2048 MB
[runlim] argv[0]:		approxmc
[runlim] argv[1]:		--sparse
[runlim] argv[2]:		1
[runlim] argv[3]:		-s
[runlim] argv[4]:		04
[runlim] argv[5]:		/experiments/results/hhk2008-2.c/04/counterSharp/amm.dimacs
[runlim] start:			Mon Nov  9 17:50:11 2020
[runlim] main pid:		5437
[runlim] sample:		10.0 time, 10.7 real, 89.9 MB
[runlim] sample:		20.0 time, 20.7 real, 96.5 MB
[runlim] end:			Mon Nov  9 17:50:31 2020
[runlim] status:		ok
[runlim] result:		0
[runlim] children:		0
[runlim] real:			20.80 seconds
[runlim] time:			20.09 seconds
[runlim] space:			131.6 MB
[runlim] samples:		201
** AMH **
[runlim] version:		1.10
[runlim] time limit:		311040000 seconds
[runlim] real time limit:	300 seconds
[runlim] space limit:		2048 MB
[runlim] argv[0]:		approxmc
[runlim] argv[1]:		--sparse
[runlim] argv[2]:		1
[runlim] argv[3]:		-s
[runlim] argv[4]:		04
[runlim] argv[5]:		/experiments/results/hhk2008-2.c/04/counterSharp/amh.dimacs
[runlim] start:			Mon Nov  9 17:50:31 2020
[runlim] main pid:		5439
[runlim] sample:		10.0 time, 10.8 real, 109.6 MB
[runlim] sample:		20.0 time, 20.8 real, 313.5 MB
[runlim] sample:		30.0 time, 30.8 real, 316.3 MB
[runlim] sample:		40.0 time, 40.8 real, 327.2 MB
[runlim] sample:		50.0 time, 50.8 real, 327.2 MB
[runlim] sample:		60.0 time, 60.8 real, 343.4 MB
[runlim] sample:		70.0 time, 70.8 real, 343.4 MB
[runlim] sample:		80.0 time, 80.8 real, 343.6 MB
[runlim] sample:		90.0 time, 90.8 real, 158.9 MB
[runlim] sample:		100.0 time, 100.8 real, 352.5 MB
[runlim] sample:		110.0 time, 110.8 real, 352.5 MB
[runlim] sample:		120.0 time, 120.8 real, 354.5 MB
[runlim] sample:		130.0 time, 130.8 real, 354.5 MB
[runlim] sample:		139.9 time, 140.8 real, 187.1 MB
[runlim] sample:		150.0 time, 150.8 real, 382.3 MB
[runlim] sample:		160.0 time, 160.8 real, 382.3 MB
[runlim] sample:		169.9 time, 170.8 real, 187.1 MB
[runlim] sample:		179.9 time, 180.8 real, 214.8 MB
[runlim] sample:		189.9 time, 190.8 real, 409.1 MB
[runlim] sample:		199.9 time, 200.8 real, 409.5 MB
[runlim] sample:		209.9 time, 210.8 real, 410.2 MB
[runlim] sample:		219.9 time, 220.8 real, 221.6 MB
[runlim] sample:		229.9 time, 230.8 real, 359.0 MB
[runlim] sample:		239.9 time, 240.8 real, 359.1 MB
[runlim] sample:		249.9 time, 250.8 real, 366.3 MB
[runlim] sample:		259.9 time, 260.8 real, 174.3 MB
[runlim] sample:		269.9 time, 270.8 real, 365.4 MB
[runlim] sample:		279.9 time, 280.8 real, 365.7 MB
[runlim] sample:		289.9 time, 290.8 real, 177.4 MB
[runlim] end:			Mon Nov  9 17:55:31 2020
[runlim] status:		out of time
[runlim] result:		2
[runlim] children:		0
[runlim] real:			300.12 seconds
[runlim] time:			299.22 seconds
[runlim] space:			410.2 MB
[runlim] samples:		2993
** ASM **
[runlim] version:		1.10
[runlim] time limit:		311040000 seconds
[runlim] real time limit:	300 seconds
[runlim] space limit:		2048 MB
[runlim] argv[0]:		approxmc
[runlim] argv[1]:		--sparse
[runlim] argv[2]:		1
[runlim] argv[3]:		-s
[runlim] argv[4]:		04
[runlim] argv[5]:		/experiments/results/hhk2008-2.c/04/counterSharp/asm.dimacs
[runlim] start:			Mon Nov  9 17:55:31 2020
[runlim] main pid:		5441
[runlim] sample:		9.9 time, 10.1 real, 112.3 MB
[runlim] sample:		19.9 time, 20.1 real, 223.0 MB
[runlim] sample:		29.9 time, 30.1 real, 231.1 MB
[runlim] sample:		39.9 time, 40.1 real, 243.4 MB
[runlim] sample:		49.9 time, 50.1 real, 256.5 MB
[runlim] sample:		59.9 time, 60.1 real, 273.6 MB
[runlim] sample:		69.9 time, 70.1 real, 310.7 MB
[runlim] sample:		79.9 time, 80.1 real, 311.5 MB
[runlim] sample:		89.9 time, 90.1 real, 311.8 MB
[runlim] sample:		99.9 time, 100.1 real, 317.1 MB
[runlim] sample:		109.9 time, 110.1 real, 370.9 MB
[runlim] sample:		119.9 time, 120.1 real, 370.9 MB
[runlim] sample:		129.9 time, 130.1 real, 370.9 MB
[runlim] sample:		139.9 time, 140.1 real, 377.3 MB
[runlim] sample:		149.9 time, 150.1 real, 383.2 MB
[runlim] sample:		159.9 time, 160.1 real, 413.9 MB
[runlim] sample:		169.9 time, 170.1 real, 413.9 MB
[runlim] sample:		179.9 time, 180.1 real, 414.1 MB
[runlim] sample:		189.9 time, 190.1 real, 421.1 MB
[runlim] sample:		199.9 time, 200.1 real, 429.8 MB
[runlim] sample:		209.9 time, 210.1 real, 435.0 MB
[runlim] sample:		219.9 time, 220.1 real, 450.0 MB
[runlim] sample:		229.9 time, 230.1 real, 450.0 MB
[runlim] sample:		239.9 time, 240.1 real, 450.0 MB
[runlim] sample:		249.9 time, 250.1 real, 450.0 MB
[runlim] sample:		259.9 time, 260.1 real, 450.0 MB
[runlim] sample:		269.9 time, 270.1 real, 450.3 MB
[runlim] sample:		279.9 time, 280.1 real, 450.3 MB
[runlim] sample:		289.9 time, 290.1 real, 452.4 MB
[runlim] end:			Mon Nov  9 18:00:31 2020
[runlim] status:		out of time
[runlim] result:		2
[runlim] children:		0
[runlim] real:			300.04 seconds
[runlim] time:			299.79 seconds
[runlim] space:			456.0 MB
[runlim] samples:		2999
** ASH **
[runlim] version:		1.10
[runlim] time limit:		311040000 seconds
[runlim] real time limit:	300 seconds
[runlim] space limit:		2048 MB
[runlim] argv[0]:		approxmc
[runlim] argv[1]:		--sparse
[runlim] argv[2]:		1
[runlim] argv[3]:		-s
[runlim] argv[4]:		04
[runlim] argv[5]:		/experiments/results/hhk2008-2.c/04/counterSharp/ash.dimacs
[runlim] start:			Mon Nov  9 18:00:31 2020
[runlim] main pid:		5443
[runlim] sample:		10.0 time, 10.0 real, 111.0 MB
[runlim] sample:		20.0 time, 20.0 real, 227.7 MB
[runlim] sample:		30.0 time, 30.0 real, 261.1 MB
[runlim] sample:		40.0 time, 40.0 real, 317.0 MB
[runlim] sample:		50.0 time, 50.0 real, 340.7 MB
[runlim] sample:		60.0 time, 60.0 real, 340.7 MB
[runlim] sample:		70.0 time, 70.0 real, 351.3 MB
[runlim] sample:		80.0 time, 80.0 real, 351.3 MB
[runlim] sample:		90.0 time, 90.0 real, 366.1 MB
[runlim] sample:		100.0 time, 100.0 real, 366.1 MB
[runlim] sample:		110.0 time, 110.0 real, 366.1 MB
[runlim] sample:		120.0 time, 120.0 real, 366.3 MB
[runlim] sample:		129.9 time, 130.0 real, 175.6 MB
[runlim] sample:		139.9 time, 140.0 real, 372.5 MB
[runlim] sample:		149.9 time, 150.0 real, 372.5 MB
[runlim] sample:		159.9 time, 160.0 real, 372.5 MB
[runlim] sample:		169.9 time, 170.0 real, 372.5 MB
[runlim] sample:		179.9 time, 180.0 real, 372.5 MB
[runlim] sample:		189.9 time, 190.0 real, 372.5 MB
[runlim] sample:		199.9 time, 200.0 real, 372.5 MB
[runlim] sample:		209.9 time, 210.0 real, 372.5 MB
[runlim] sample:		219.9 time, 220.0 real, 370.1 MB
[runlim] sample:		229.9 time, 230.0 real, 370.1 MB
[runlim] sample:		239.9 time, 240.0 real, 370.1 MB
[runlim] sample:		249.9 time, 250.0 real, 175.7 MB
[runlim] sample:		259.9 time, 260.0 real, 382.3 MB
[runlim] sample:		269.9 time, 270.0 real, 382.3 MB
[runlim] sample:		279.9 time, 280.0 real, 382.3 MB
[runlim] sample:		289.9 time, 290.0 real, 389.2 MB
[runlim] sample:		299.9 time, 300.0 real, 201.2 MB
[runlim] end:			Mon Nov  9 18:05:31 2020
[runlim] status:		out of time
[runlim] result:		2
[runlim] children:		0
[runlim] real:			300.06 seconds
[runlim] time:			299.92 seconds
[runlim] space:			389.2 MB
[runlim] samples:		3000
