** CON **
[runlim] version:		1.10
[runlim] time limit:		311040000 seconds
[runlim] real time limit:	300 seconds
[runlim] space limit:		2048 MB
[runlim] argv[0]:		ganak
[runlim] argv[1]:		-t
[runlim] argv[2]:		300
[runlim] argv[3]:		-cs
[runlim] argv[4]:		1024
[runlim] argv[5]:		-seed
[runlim] argv[6]:		04
[runlim] argv[7]:		/experiments/results/bwd_loop7.c/04/counterSharp/con.dimacs
[runlim] start:			Sun Nov  1 01:49:33 2020
[runlim] main pid:		2381
Cannot open file: /experiments/results/bwd_loop7.c/04/counterSharp/con.dimacs
[runlim] end:			Sun Nov  1 01:49:33 2020
[runlim] status:		ok
[runlim] result:		0
[runlim] children:		0
[runlim] real:			0.37 seconds
[runlim] time:			0.00 seconds
[runlim] space:			0.0 MB
[runlim] samples:		0
** AMM **
[runlim] version:		1.10
[runlim] time limit:		311040000 seconds
[runlim] real time limit:	300 seconds
[runlim] space limit:		2048 MB
[runlim] argv[0]:		ganak
[runlim] argv[1]:		-t
[runlim] argv[2]:		300
[runlim] argv[3]:		-cs
[runlim] argv[4]:		1024
[runlim] argv[5]:		-seed
[runlim] argv[6]:		04
[runlim] argv[7]:		/experiments/results/bwd_loop7.c/04/counterSharp/amm.dimacs
[runlim] start:			Sun Nov  1 01:49:33 2020
[runlim] main pid:		2383
[runlim] sample:		10.0 time, 10.4 real, 171.0 MB
[runlim] sample:		20.0 time, 20.4 real, 316.1 MB
[runlim] sample:		30.0 time, 30.4 real, 466.1 MB
[runlim] sample:		40.0 time, 40.4 real, 603.5 MB
[runlim] sample:		50.0 time, 50.4 real, 751.7 MB
[runlim] sample:		60.0 time, 60.4 real, 887.9 MB
[runlim] sample:		70.0 time, 70.4 real, 1040.5 MB
[runlim] sample:		80.0 time, 80.4 real, 1062.9 MB
[runlim] sample:		90.0 time, 90.4 real, 1063.2 MB
[runlim] sample:		100.0 time, 100.4 real, 1063.2 MB
[runlim] sample:		110.0 time, 110.4 real, 1063.2 MB
[runlim] sample:		120.0 time, 120.4 real, 1063.2 MB
[runlim] sample:		130.0 time, 130.4 real, 1063.2 MB
[runlim] sample:		139.9 time, 140.4 real, 1063.2 MB
[runlim] sample:		149.9 time, 150.4 real, 1063.2 MB
[runlim] sample:		159.9 time, 160.4 real, 1063.2 MB
[runlim] sample:		169.9 time, 170.4 real, 1063.2 MB
[runlim] sample:		179.9 time, 180.4 real, 1063.2 MB
[runlim] sample:		189.9 time, 190.4 real, 1063.2 MB
[runlim] sample:		199.9 time, 200.4 real, 1063.2 MB
[runlim] sample:		209.9 time, 210.4 real, 1064.6 MB
[runlim] sample:		219.9 time, 220.4 real, 1064.6 MB
[runlim] sample:		229.9 time, 230.4 real, 1064.6 MB
[runlim] sample:		239.9 time, 240.4 real, 1064.6 MB
[runlim] sample:		249.9 time, 250.4 real, 1064.6 MB
[runlim] sample:		259.9 time, 260.4 real, 1064.6 MB
[runlim] sample:		269.9 time, 270.4 real, 1064.6 MB
[runlim] sample:		279.9 time, 280.4 real, 1064.6 MB
[runlim] sample:		289.9 time, 290.4 real, 1064.6 MB
[runlim] end:			Sun Nov  1 01:54:33 2020
[runlim] status:		out of time
[runlim] result:		2
[runlim] children:		0
[runlim] real:			300.10 seconds
[runlim] time:			299.62 seconds
[runlim] space:			1064.6 MB
[runlim] samples:		2997
** AMH **
[runlim] version:		1.10
[runlim] time limit:		311040000 seconds
[runlim] real time limit:	300 seconds
[runlim] space limit:		2048 MB
[runlim] argv[0]:		ganak
[runlim] argv[1]:		-t
[runlim] argv[2]:		300
[runlim] argv[3]:		-cs
[runlim] argv[4]:		1024
[runlim] argv[5]:		-seed
[runlim] argv[6]:		04
[runlim] argv[7]:		/experiments/results/bwd_loop7.c/04/counterSharp/amh.dimacs
[runlim] start:			Sun Nov  1 01:54:33 2020
[runlim] main pid:		2385
[runlim] end:			Sun Nov  1 01:54:36 2020
[runlim] status:		ok
[runlim] result:		0
[runlim] children:		0
[runlim] real:			3.25 seconds
[runlim] time:			3.08 seconds
[runlim] space:			108.4 MB
[runlim] samples:		31
** ASM **
[runlim] version:		1.10
[runlim] time limit:		311040000 seconds
[runlim] real time limit:	300 seconds
[runlim] space limit:		2048 MB
[runlim] argv[0]:		ganak
[runlim] argv[1]:		-t
[runlim] argv[2]:		300
[runlim] argv[3]:		-cs
[runlim] argv[4]:		1024
[runlim] argv[5]:		-seed
[runlim] argv[6]:		04
[runlim] argv[7]:		/experiments/results/bwd_loop7.c/04/counterSharp/asm.dimacs
[runlim] start:			Sun Nov  1 01:54:36 2020
[runlim] main pid:		2387
[runlim] end:			Sun Nov  1 01:54:40 2020
[runlim] status:		ok
[runlim] result:		0
[runlim] children:		0
[runlim] real:			4.58 seconds
[runlim] time:			4.28 seconds
[runlim] space:			106.6 MB
[runlim] samples:		43
** ASH **
[runlim] version:		1.10
[runlim] time limit:		311040000 seconds
[runlim] real time limit:	300 seconds
[runlim] space limit:		2048 MB
[runlim] argv[0]:		ganak
[runlim] argv[1]:		-t
[runlim] argv[2]:		300
[runlim] argv[3]:		-cs
[runlim] argv[4]:		1024
[runlim] argv[5]:		-seed
[runlim] argv[6]:		04
[runlim] argv[7]:		/experiments/results/bwd_loop7.c/04/counterSharp/ash.dimacs
[runlim] start:			Sun Nov  1 01:54:40 2020
[runlim] main pid:		2389
[runlim] end:			Sun Nov  1 01:54:42 2020
[runlim] status:		ok
[runlim] result:		0
[runlim] children:		0
[runlim] real:			2.73 seconds
[runlim] time:			2.09 seconds
[runlim] space:			100.0 MB
[runlim] samples:		21
