** CON **
[runlim] version:		1.10
[runlim] time limit:		311040000 seconds
[runlim] real time limit:	300 seconds
[runlim] space limit:		2048 MB
[runlim] argv[0]:		approxmc
[runlim] argv[1]:		-s
[runlim] argv[2]:		03
[runlim] argv[3]:		/experiments/results/for_bounded_loop1-2.c/03/counterSharp/con.dimacs
[runlim] start:			Mon Aug  8 21:38:34 2022
[runlim] main pid:		3460
[runlim] end:			Mon Aug  8 21:38:36 2022
[runlim] status:		ok
[runlim] result:		0
[runlim] children:		0
[runlim] real:			2.25 seconds
[runlim] time:			1.10 seconds
[runlim] space:			218.3 MB
[runlim] samples:		13
** AMM **
[runlim] version:		1.10
[runlim] time limit:		311040000 seconds
[runlim] real time limit:	300 seconds
[runlim] space limit:		2048 MB
[runlim] argv[0]:		approxmc
[runlim] argv[1]:		-s
[runlim] argv[2]:		03
[runlim] argv[3]:		/experiments/results/for_bounded_loop1-2.c/03/counterSharp/amm.dimacs
[runlim] start:			Mon Aug  8 21:38:36 2022
[runlim] main pid:		3462
[runlim] sample:		9.8 time, 10.3 real, 212.4 MB
[runlim] sample:		19.8 time, 20.3 real, 362.1 MB
[runlim] sample:		29.8 time, 30.3 real, 502.1 MB
[runlim] sample:		39.8 time, 40.3 real, 503.7 MB
[runlim] sample:		49.8 time, 50.3 real, 553.1 MB
[runlim] sample:		59.8 time, 60.3 real, 450.8 MB
[runlim] sample:		69.8 time, 70.3 real, 480.7 MB
[runlim] end:			Mon Aug  8 21:39:49 2022
[runlim] status:		ok
[runlim] result:		0
[runlim] children:		0
[runlim] real:			73.10 seconds
[runlim] time:			72.63 seconds
[runlim] space:			752.0 MB
[runlim] samples:		728
** AMH **
[runlim] version:		1.10
[runlim] time limit:		311040000 seconds
[runlim] real time limit:	300 seconds
[runlim] space limit:		2048 MB
[runlim] argv[0]:		approxmc
[runlim] argv[1]:		-s
[runlim] argv[2]:		03
[runlim] argv[3]:		/experiments/results/for_bounded_loop1-2.c/03/counterSharp/amh.dimacs
[runlim] start:			Mon Aug  8 21:39:49 2022
[runlim] main pid:		3464
[runlim] sample:		9.9 time, 10.1 real, 227.5 MB
[runlim] sample:		19.9 time, 20.1 real, 381.8 MB
[runlim] sample:		29.9 time, 30.1 real, 537.9 MB
[runlim] sample:		39.9 time, 40.1 real, 539.3 MB
[runlim] sample:		49.9 time, 50.1 real, 550.3 MB
[runlim] sample:		59.8 time, 60.1 real, 634.4 MB
[runlim] sample:		69.8 time, 70.1 real, 487.8 MB
[runlim] sample:		79.8 time, 80.1 real, 559.1 MB
[runlim] end:			Mon Aug  8 21:41:10 2022
[runlim] status:		ok
[runlim] result:		0
[runlim] children:		0
[runlim] real:			81.66 seconds
[runlim] time:			81.35 seconds
[runlim] space:			801.9 MB
[runlim] samples:		815
** ASM **
[runlim] version:		1.10
[runlim] time limit:		311040000 seconds
[runlim] real time limit:	300 seconds
[runlim] space limit:		2048 MB
[runlim] argv[0]:		approxmc
[runlim] argv[1]:		-s
[runlim] argv[2]:		03
[runlim] argv[3]:		/experiments/results/for_bounded_loop1-2.c/03/counterSharp/asm.dimacs
[runlim] start:			Mon Aug  8 21:41:10 2022
[runlim] main pid:		3466
[runlim] sample:		9.8 time, 10.7 real, 227.6 MB
[runlim] sample:		19.9 time, 20.7 real, 381.9 MB
[runlim] sample:		29.8 time, 30.7 real, 537.1 MB
[runlim] sample:		39.9 time, 40.7 real, 540.1 MB
[runlim] sample:		49.8 time, 50.7 real, 551.8 MB
[runlim] sample:		59.9 time, 60.7 real, 574.5 MB
[runlim] sample:		69.8 time, 70.7 real, 484.5 MB
[runlim] sample:		79.8 time, 80.7 real, 503.0 MB
[runlim] sample:		89.8 time, 90.7 real, 512.2 MB
[runlim] sample:		99.8 time, 100.7 real, 520.1 MB
[runlim] sample:		109.8 time, 110.7 real, 531.4 MB
[runlim] end:			Mon Aug  8 21:43:01 2022
[runlim] status:		ok
[runlim] result:		0
[runlim] children:		0
[runlim] real:			111.88 seconds
[runlim] time:			111.03 seconds
[runlim] space:			779.3 MB
[runlim] samples:		1112
** ASH **
[runlim] version:		1.10
[runlim] time limit:		311040000 seconds
[runlim] real time limit:	300 seconds
[runlim] space limit:		2048 MB
[runlim] argv[0]:		approxmc
[runlim] argv[1]:		-s
[runlim] argv[2]:		03
[runlim] argv[3]:		/experiments/results/for_bounded_loop1-2.c/03/counterSharp/ash.dimacs
[runlim] start:			Mon Aug  8 21:43:01 2022
[runlim] main pid:		3468
[runlim] sample:		9.8 time, 10.9 real, 227.3 MB
[runlim] sample:		19.8 time, 20.9 real, 399.4 MB
[runlim] sample:		29.8 time, 30.9 real, 538.9 MB
[runlim] sample:		39.8 time, 40.9 real, 542.1 MB
[runlim] sample:		49.8 time, 50.9 real, 553.5 MB
[runlim] sample:		59.8 time, 60.9 real, 617.7 MB
[runlim] sample:		69.8 time, 70.9 real, 658.5 MB
[runlim] sample:		79.8 time, 80.9 real, 686.4 MB
[runlim] sample:		89.8 time, 90.9 real, 554.6 MB
[runlim] sample:		99.8 time, 100.9 real, 558.4 MB
[runlim] sample:		109.8 time, 110.9 real, 564.7 MB
[runlim] sample:		119.8 time, 120.9 real, 568.0 MB
[runlim] sample:		129.8 time, 130.9 real, 572.6 MB
[runlim] sample:		139.8 time, 140.9 real, 587.6 MB
[runlim] sample:		149.8 time, 150.9 real, 589.9 MB
[runlim] sample:		159.8 time, 160.9 real, 485.3 MB
[runlim] sample:		169.8 time, 170.9 real, 525.3 MB
[runlim] sample:		179.8 time, 180.9 real, 525.5 MB
[runlim] sample:		189.8 time, 190.9 real, 525.5 MB
[runlim] sample:		199.8 time, 200.9 real, 525.5 MB
[runlim] sample:		209.8 time, 210.9 real, 525.5 MB
[runlim] sample:		219.8 time, 220.9 real, 525.5 MB
[runlim] sample:		229.8 time, 230.9 real, 525.5 MB
[runlim] sample:		239.8 time, 240.9 real, 525.5 MB
[runlim] sample:		249.8 time, 250.9 real, 525.5 MB
[runlim] sample:		259.8 time, 260.9 real, 525.5 MB
[runlim] sample:		269.7 time, 270.9 real, 525.5 MB
[runlim] sample:		279.7 time, 280.9 real, 525.5 MB
[runlim] end:			Mon Aug  8 21:47:47 2022
[runlim] status:		ok
[runlim] result:		0
[runlim] children:		0
[runlim] real:			286.75 seconds
[runlim] time:			285.54 seconds
[runlim] space:			866.7 MB
[runlim] samples:		2858
