** CON **
c ApproxMC SHA revision df6d9fc8d112d758301d7527817e2eb1029fa5eb
c ApproxMC version 4.0.1
c ApproxMC compilation env CMAKE_CXX_COMPILER = /usr/bin/c++ | CMAKE_CXX_FLAGS =  -Wall -Wextra -Wunused -Wsign-compare -fno-omit-frame-pointer -Wtype-limits -Wuninitialized -Wno-deprecated -Wstrict-aliasing -Wpointer-arith -fvisibility=hidden -Wpointer-arith -Wformat-nonliteral -Winit-self -Wparentheses -Wunreachable-code -g -fvisibility=hidden -Wlogical-op -Wrestrict -Wnull-dereference -Wdouble-promotion -Wshadow -Wformat=2 -Wextra-semi -pedantic | COMPILE_DEFINES =  -DBOOST_TEST_DYN_LINK | STATICCOMPILE = OFF | Boost_FOUND = TRUE | ZLIB_FOUND = TRUE | VALGRIND_FOUND =  | GMP_FOUND = TRUE | ENABLE_ASSERTIONS = ON | MY_TARGETS =  | compilation date time = Oct 29 2020 17:34:59
c ApproxMC compiled with gcc version 9.3.0
c CryptoMiniSat version 5.8.0
c CMS Copyright Mate Soos (soos.mate@gmail.com)
c CMS SHA revision 6477e8bc43b0fda7038965bb148b64b8637c804b
c CMS is GPL licensed due to M4RI being linked. Build without M4RI to get MIT version
c Using VMTF code by Armin Biere from CaDiCaL
c Using Yalsat by Armin Biere, see Balint et al. Improving implementation of SLS solvers [...], SAT'14
c Using WalkSAT by Henry Kautz, see Kautz and Selman Pushing the envelope: planning, propositional logic, and stochastic search, AAAI'96,
c Using code from 'When Boolean Satisfiability Meets Gauss-E. in a Simplex Way'
c       by C.-S. Han and J.-H. Roland Jiang in CAV 2012. Fixes by M. Soos
c Using CCAnr from 'CCAnr: A Conf. Checking Based Local Search Solver [...]'
c       by Shaowei Cai, Chuan Luo, and Kaile Su, SAT 2015
c CMS compilation env CMAKE_CXX_COMPILER = /usr/bin/c++ | CMAKE_CXX_FLAGS =  -fvisibility=hidden -Wall -Wextra -Wunused -Wsign-compare -fno-omit-frame-pointer -Wtype-limits -Wuninitialized -Wno-deprecated -Wstrict-aliasing -Wpointer-arith -Wpointer-arith -Wformat-nonliteral -Winit-self -Wparentheses -Wunreachable-code -g -Wno-class-memaccess -mpopcnt -msse4.2 -ggdb3 -Wlogical-op -Wrestrict -Wnull-dereference -Wdouble-promotion -Wshadow -Wformat=2 -Wextra-semi -pedantic | COMPILE_DEFINES =  -DEXTENDED_FEATURES -DUSE_GAUSS -DBOOST_TEST_DYN_LINK -DUSE_ZLIB -DYALSAT_FPU -DUSE_M4RI | STATICCOMPILE = OFF | ONLY_SIMPLE = OFF | Boost_FOUND = TRUE | STATS = OFF | SQLITE3_FOUND = FALSE | ZLIB_FOUND = TRUE | VALGRIND_FOUND =  | ENABLE_TESTING = OFF | M4RI_FOUND = TRUE | NOM4RI = OFF | SLOW_DEBUG = OFF | ENABLE_ASSERTIONS = ON | PYTHON_EXECUTABLE = PYTHON_EXECUTABLE-NOTFOUND | PYTHON_LIBRARY = PYTHON_LIBRARY-NOTFOUND | PYTHON_INCLUDE_DIRS =  | MY_TARGETS =  | LARGEMEM = OFF | LIMITMEM = OFF | BREAKID_LIBRARIES =  | BREAKID-VER = . | BOSPHORUS_LIBRARIES =  | BOSPH-VER = . | compilation date time = Oct 29 2020 17:34:11
c CMS compiled with gcc version 9.3.0
c executed with command line: approxmc --sparse 1 -s 04 /experiments/results/Log.c/04/counterSharp/con.dimacs
c -- header says num vars:           3076
c -- header says num clauses:       11255
c WARNING: Empty line at line number 11350 -- this is not part of the DIMACS specifications (http://www.satcompetition.org/2009/format-benchmarks2009.html). Ignoring.
c -- clauses added: 11255
c -- xor clauses added: 0
c -- vars added 3076
c [appmc] Sampling set size: 32
c [appmc] Sampling set: 119, 120, 121, 122, 123, 124, 125, 126, 127, 128, 129, 130, 131, 132, 133, 134, 135, 136, 137, 138, 139, 140, 141, 142, 143, 144, 145, 146, 147, 148, 149, 150, 
c [sparse] Using match: 0 sampling set size: 32 prev end inclusive is: -1 this end inclusive is: 50 next end inclusive is: 100 sampl size: 32
c [appmc] threshold set to 80 sparse: 1
c [appmc] Starting up, initial measurement
c [appmc] Starting at hash count: 1
c [appmc] [    0.00 ] round:  0 hashes:      1
c [appmc] [    0.00 ] bounded_sol_count looking for   81 solutions -- hashes active: 1
c [gauss] XOR-encoding clauses detached: 0 deleted: 0 T: 0.00
c [appmc] [    0.05 ] round:  0 hashes:      1
c [appmc] [    0.05 ] bounded_sol_count looking for   81 solutions -- hashes active: 1
c [appmc] simplifying
c [gauss] XOR-encoding clauses reattached: 0 T: 0.00
c [appmc] [    0.05 ] round:  1 hashes:      1
c [appmc] [    0.05 ] bounded_sol_count looking for   81 solutions -- hashes active: 1
c [appmc] [    0.05 ] round:  1 hashes:      0
c [appmc] [    0.05 ] bounded_sol_count looking for   81 solutions -- hashes active: 0
c [appmc] simplifying
c [appmc] [    0.05 ] round:  2 hashes:      1
c [appmc] [    0.05 ] bounded_sol_count looking for   81 solutions -- hashes active: 1
c [appmc] [    0.05 ] round:  2 hashes:      0
c [appmc] [    0.05 ] bounded_sol_count looking for   81 solutions -- hashes active: 0
c [appmc] simplifying
c [appmc] [    0.05 ] round:  3 hashes:      1
c [appmc] [    0.05 ] bounded_sol_count looking for   81 solutions -- hashes active: 1
c [appmc] [    0.05 ] round:  3 hashes:      0
c [appmc] [    0.05 ] bounded_sol_count looking for   81 solutions -- hashes active: 0
c [appmc] simplifying
c [appmc] [    0.05 ] round:  4 hashes:      1
c [appmc] [    0.05 ] bounded_sol_count looking for   81 solutions -- hashes active: 1
c [appmc] [    0.05 ] round:  4 hashes:      0
c [appmc] [    0.05 ] bounded_sol_count looking for   81 solutions -- hashes active: 0
c [appmc] simplifying
c [appmc] [    0.05 ] round:  5 hashes:      1
c [appmc] [    0.05 ] bounded_sol_count looking for   81 solutions -- hashes active: 1
c [appmc] [    0.05 ] round:  5 hashes:      0
c [appmc] [    0.05 ] bounded_sol_count looking for   81 solutions -- hashes active: 0
c [appmc] simplifying
c [appmc] [    0.05 ] round:  6 hashes:      1
c [appmc] [    0.05 ] bounded_sol_count looking for   81 solutions -- hashes active: 1
c [appmc] [    0.05 ] round:  6 hashes:      0
c [appmc] [    0.05 ] bounded_sol_count looking for   81 solutions -- hashes active: 0
c [appmc] simplifying
c [appmc] [    0.05 ] round:  7 hashes:      1
c [appmc] [    0.05 ] bounded_sol_count looking for   81 solutions -- hashes active: 1
c [appmc] [    0.05 ] round:  7 hashes:      0
c [appmc] [    0.05 ] bounded_sol_count looking for   81 solutions -- hashes active: 0
c [appmc] simplifying
c [appmc] [    0.05 ] round:  8 hashes:      1
c [appmc] [    0.05 ] bounded_sol_count looking for   81 solutions -- hashes active: 1
c [appmc] [    0.05 ] round:  8 hashes:      0
c [appmc] [    0.05 ] bounded_sol_count looking for   81 solutions -- hashes active: 0
** AMM **
c ApproxMC SHA revision df6d9fc8d112d758301d7527817e2eb1029fa5eb
c ApproxMC version 4.0.1
c ApproxMC compilation env CMAKE_CXX_COMPILER = /usr/bin/c++ | CMAKE_CXX_FLAGS =  -Wall -Wextra -Wunused -Wsign-compare -fno-omit-frame-pointer -Wtype-limits -Wuninitialized -Wno-deprecated -Wstrict-aliasing -Wpointer-arith -fvisibility=hidden -Wpointer-arith -Wformat-nonliteral -Winit-self -Wparentheses -Wunreachable-code -g -fvisibility=hidden -Wlogical-op -Wrestrict -Wnull-dereference -Wdouble-promotion -Wshadow -Wformat=2 -Wextra-semi -pedantic | COMPILE_DEFINES =  -DBOOST_TEST_DYN_LINK | STATICCOMPILE = OFF | Boost_FOUND = TRUE | ZLIB_FOUND = TRUE | VALGRIND_FOUND =  | GMP_FOUND = TRUE | ENABLE_ASSERTIONS = ON | MY_TARGETS =  | compilation date time = Oct 29 2020 17:34:59
c ApproxMC compiled with gcc version 9.3.0
c CryptoMiniSat version 5.8.0
c CMS Copyright Mate Soos (soos.mate@gmail.com)
c CMS SHA revision 6477e8bc43b0fda7038965bb148b64b8637c804b
c CMS is GPL licensed due to M4RI being linked. Build without M4RI to get MIT version
c Using VMTF code by Armin Biere from CaDiCaL
c Using Yalsat by Armin Biere, see Balint et al. Improving implementation of SLS solvers [...], SAT'14
c Using WalkSAT by Henry Kautz, see Kautz and Selman Pushing the envelope: planning, propositional logic, and stochastic search, AAAI'96,
c Using code from 'When Boolean Satisfiability Meets Gauss-E. in a Simplex Way'
c       by C.-S. Han and J.-H. Roland Jiang in CAV 2012. Fixes by M. Soos
c Using CCAnr from 'CCAnr: A Conf. Checking Based Local Search Solver [...]'
c       by Shaowei Cai, Chuan Luo, and Kaile Su, SAT 2015
c CMS compilation env CMAKE_CXX_COMPILER = /usr/bin/c++ | CMAKE_CXX_FLAGS =  -fvisibility=hidden -Wall -Wextra -Wunused -Wsign-compare -fno-omit-frame-pointer -Wtype-limits -Wuninitialized -Wno-deprecated -Wstrict-aliasing -Wpointer-arith -Wpointer-arith -Wformat-nonliteral -Winit-self -Wparentheses -Wunreachable-code -g -Wno-class-memaccess -mpopcnt -msse4.2 -ggdb3 -Wlogical-op -Wrestrict -Wnull-dereference -Wdouble-promotion -Wshadow -Wformat=2 -Wextra-semi -pedantic | COMPILE_DEFINES =  -DEXTENDED_FEATURES -DUSE_GAUSS -DBOOST_TEST_DYN_LINK -DUSE_ZLIB -DYALSAT_FPU -DUSE_M4RI | STATICCOMPILE = OFF | ONLY_SIMPLE = OFF | Boost_FOUND = TRUE | STATS = OFF | SQLITE3_FOUND = FALSE | ZLIB_FOUND = TRUE | VALGRIND_FOUND =  | ENABLE_TESTING = OFF | M4RI_FOUND = TRUE | NOM4RI = OFF | SLOW_DEBUG = OFF | ENABLE_ASSERTIONS = ON | PYTHON_EXECUTABLE = PYTHON_EXECUTABLE-NOTFOUND | PYTHON_LIBRARY = PYTHON_LIBRARY-NOTFOUND | PYTHON_INCLUDE_DIRS =  | MY_TARGETS =  | LARGEMEM = OFF | LIMITMEM = OFF | BREAKID_LIBRARIES =  | BREAKID-VER = . | BOSPHORUS_LIBRARIES =  | BOSPH-VER = . | compilation date time = Oct 29 2020 17:34:11
c CMS compiled with gcc version 9.3.0
c executed with command line: approxmc --sparse 1 -s 04 /experiments/results/Log.c/04/counterSharp/amm.dimacs
c -- header says num vars:           3390
c -- header says num clauses:       12365
c WARNING: Empty line at line number 12466 -- this is not part of the DIMACS specifications (http://www.satcompetition.org/2009/format-benchmarks2009.html). Ignoring.
c -- clauses added: 12365
c -- xor clauses added: 0
c -- vars added 3390
c [appmc] Sampling set size: 32
c [appmc] Sampling set: 67, 68, 69, 70, 71, 72, 73, 74, 75, 76, 77, 78, 79, 80, 81, 82, 83, 84, 85, 86, 87, 88, 89, 90, 91, 92, 93, 94, 95, 96, 97, 98, 
c [sparse] Using match: 0 sampling set size: 32 prev end inclusive is: -1 this end inclusive is: 50 next end inclusive is: 100 sampl size: 32
c [appmc] threshold set to 80 sparse: 1
c [appmc] Starting up, initial measurement
c [appmc] Starting at hash count: 1
c [appmc] [    0.00 ] round:  0 hashes:      1
c [appmc] [    0.00 ] bounded_sol_count looking for   81 solutions -- hashes active: 1
c [gauss] XOR-encoding clauses detached: 0 deleted: 0 T: 0.00
c [appmc] [    0.06 ] round:  0 hashes:      2
c [appmc] [    0.06 ] bounded_sol_count looking for   81 solutions -- hashes active: 2
c [gauss] XOR-encoding clauses detached: 0 deleted: 0 T: 0.00
c [appmc] [    0.07 ] round:  0 hashes:      4
c [appmc] [    0.07 ] bounded_sol_count looking for   81 solutions -- hashes active: 4
c [gauss] XOR-encoding clauses detached: 632 deleted: 51 T: 0.00
c [appmc] [    0.09 ] round:  0 hashes:      8
c [appmc] [    0.09 ] bounded_sol_count looking for   81 solutions -- hashes active: 8
c [gauss] XOR-encoding clauses detached: 296 deleted: 0 T: 0.00
c [appmc] [    0.12 ] round:  0 hashes:     16
c [appmc] [    0.12 ] bounded_sol_count looking for   81 solutions -- hashes active: 16
c [gauss] XOR-encoding clauses detached: 500 deleted: 0 T: 0.00
c [appmc] [    0.15 ] round:  0 hashes:     24
c [appmc] [    0.15 ] bounded_sol_count looking for   81 solutions -- hashes active: 24
c [gauss] XOR-encoding clauses detached: 348 deleted: 0 T: 0.00
c [appmc] [    0.18 ] round:  0 hashes:     28
c [appmc] [    0.18 ] bounded_sol_count looking for   81 solutions -- hashes active: 28
c [gauss] XOR-encoding clauses detached: 200 deleted: 0 T: 0.00
c [appmc] [    0.18 ] round:  0 hashes:     26
c [appmc] [    0.18 ] bounded_sol_count looking for   81 solutions -- hashes active: 26
c [appmc] [    0.20 ] round:  0 hashes:     25
c [appmc] [    0.20 ] bounded_sol_count looking for   81 solutions -- hashes active: 25
c [appmc] simplifying
c [gauss] XOR-encoding clauses reattached: 1976 T: 0.00
c [appmc] [    0.31 ] round:  1 hashes:     26
c [appmc] [    0.31 ] bounded_sol_count looking for   81 solutions -- hashes active: 26
c CL with clash: 157 103 160 -102 red: 0 xor: 0 full-xor: 0 num_clash_vars: 1 num_real_vars: 1 size: 4 missing: 2
c clash lit: -102 value: l_Undef
c neither clash nor real: 103 value: l_Undef
c neither clash nor real: 160 value: l_Undef
c WHAAAAT Detach issue. All below must be 1 to work ---
c -- can_detach: 1
c -- mfinder.no_irred_nonxor_contains_clash_vars(): 0
c -- !conf.gaussconf.autodisable: 1
c -- conf.xor_detach_reattach: 1
c [appmc] [    0.34 ] round:  1 hashes:     25
c [appmc] [    0.34 ] bounded_sol_count looking for   81 solutions -- hashes active: 25
c [appmc] simplifying
c [appmc] [    0.38 ] round:  2 hashes:     26
c [appmc] [    0.38 ] bounded_sol_count looking for   81 solutions -- hashes active: 26
c CL with clash: 16 17 -164 -166 -168 -170 -172 -174 -176 -178 -180 -182 -184 -186 -188 -190 -192 -194 -196 -198 -200 -202 -204 -206 -208 -210 -212 -214 -216 -217 -218 -219 red: 0 xor: 0 full-xor: 0 num_clash_vars: 1 num_real_vars: 29 size: 32 missing: 2
c clash lit: -217 value: l_Undef
c neither clash nor real: -218 value: l_Undef
c neither clash nor real: -219 value: l_Undef
c WHAAAAT Detach issue. All below must be 1 to work ---
c -- can_detach: 1
c -- mfinder.no_irred_nonxor_contains_clash_vars(): 0
c -- !conf.gaussconf.autodisable: 1
c -- conf.xor_detach_reattach: 1
c [appmc] [    0.41 ] round:  2 hashes:     25
c [appmc] [    0.41 ] bounded_sol_count looking for   81 solutions -- hashes active: 25
c [appmc] simplifying
c [appmc] [    0.46 ] round:  3 hashes:     26
c [appmc] [    0.46 ] bounded_sol_count looking for   81 solutions -- hashes active: 26
c CL with clash: -192 -194 -196 -198 -200 -202 -204 -206 -208 -210 -212 -214 -216 -217 -218 -219 -220 red: 0 xor: 0 full-xor: 0 num_clash_vars: 1 num_real_vars: 13 size: 17 missing: 3
c clash lit: -217 value: l_Undef
c neither clash nor real: -218 value: l_Undef
c neither clash nor real: -219 value: l_Undef
c neither clash nor real: -220 value: l_Undef
c WHAAAAT Detach issue. All below must be 1 to work ---
c -- can_detach: 1
c -- mfinder.no_irred_nonxor_contains_clash_vars(): 0
c -- !conf.gaussconf.autodisable: 1
c -- conf.xor_detach_reattach: 1
c [appmc] [    0.49 ] round:  3 hashes:     25
c [appmc] [    0.49 ] bounded_sol_count looking for   81 solutions -- hashes active: 25
c [appmc] simplifying
c [appmc] [    0.54 ] round:  4 hashes:     26
c [appmc] [    0.54 ] bounded_sol_count looking for   81 solutions -- hashes active: 26
c CL with clash: -159 -160 -161 215 red: 0 xor: 0 full-xor: 0 num_clash_vars: 1 num_real_vars: 1 size: 4 missing: 2
c clash lit: -159 value: l_Undef
c neither clash nor real: -160 value: l_Undef
c neither clash nor real: -161 value: l_Undef
c WHAAAAT Detach issue. All below must be 1 to work ---
c -- can_detach: 1
c -- mfinder.no_irred_nonxor_contains_clash_vars(): 0
c -- !conf.gaussconf.autodisable: 1
c -- conf.xor_detach_reattach: 1
c [appmc] [    0.57 ] round:  4 hashes:     25
c [appmc] [    0.57 ] bounded_sol_count looking for   81 solutions -- hashes active: 25
c [appmc] simplifying
c [appmc] [    0.62 ] round:  5 hashes:     26
c [appmc] [    0.62 ] bounded_sol_count looking for   81 solutions -- hashes active: 26
c CL with clash: -217 -218 273 277 red: 0 xor: 0 full-xor: 0 num_clash_vars: 1 num_real_vars: 1 size: 4 missing: 2
c clash lit: -217 value: l_Undef
c neither clash nor real: -218 value: l_Undef
c neither clash nor real: 277 value: l_Undef
c WHAAAAT Detach issue. All below must be 1 to work ---
c -- can_detach: 1
c -- mfinder.no_irred_nonxor_contains_clash_vars(): 0
c -- !conf.gaussconf.autodisable: 1
c -- conf.xor_detach_reattach: 1
c [appmc] [    0.65 ] round:  5 hashes:     25
c [appmc] [    0.65 ] bounded_sol_count looking for   81 solutions -- hashes active: 25
c [appmc] simplifying
c [appmc] [    0.69 ] round:  6 hashes:     26
c [appmc] [    0.69 ] bounded_sol_count looking for   81 solutions -- hashes active: 26
c CL with clash: 102 -103 160 red: 0 xor: 0 full-xor: 0 num_clash_vars: 1 num_real_vars: 0 size: 3 missing: 2
c clash lit: 102 value: l_Undef
c neither clash nor real: -103 value: l_Undef
c neither clash nor real: 160 value: l_Undef
c WHAAAAT Detach issue. All below must be 1 to work ---
c -- can_detach: 1
c -- mfinder.no_irred_nonxor_contains_clash_vars(): 0
c -- !conf.gaussconf.autodisable: 1
c -- conf.xor_detach_reattach: 1
c [appmc] [    0.73 ] round:  6 hashes:     25
c [appmc] [    0.73 ] bounded_sol_count looking for   81 solutions -- hashes active: 25
c [appmc] simplifying
c [appmc] [    0.78 ] round:  7 hashes:     26
c [appmc] [    0.78 ] bounded_sol_count looking for   81 solutions -- hashes active: 26
c CL with clash: -1 -83 -85 -87 -89 -91 -93 -95 -97 -99 -101 -102 -103 -105 red: 0 xor: 0 full-xor: 0 num_clash_vars: 1 num_real_vars: 10 size: 14 missing: 3
c clash lit: -102 value: l_Undef
c neither clash nor real: -1 value: l_Undef
c neither clash nor real: -103 value: l_Undef
c neither clash nor real: -105 value: l_Undef
c WHAAAAT Detach issue. All below must be 1 to work ---
c -- can_detach: 1
c -- mfinder.no_irred_nonxor_contains_clash_vars(): 0
c -- !conf.gaussconf.autodisable: 1
c -- conf.xor_detach_reattach: 1
c [appmc] [    0.81 ] round:  7 hashes:     25
c [appmc] [    0.81 ] bounded_sol_count looking for   81 solutions -- hashes active: 25
c [appmc] simplifying
c [appmc] [    0.86 ] round:  8 hashes:     26
c [appmc] [    0.86 ] bounded_sol_count looking for   81 solutions -- hashes active: 26
c CL with clash: 159 161 -219 red: 0 xor: 0 full-xor: 0 num_clash_vars: 1 num_real_vars: 0 size: 3 missing: 2
c clash lit: 159 value: l_Undef
c neither clash nor real: 161 value: l_Undef
c neither clash nor real: -219 value: l_Undef
c WHAAAAT Detach issue. All below must be 1 to work ---
c -- can_detach: 1
c -- mfinder.no_irred_nonxor_contains_clash_vars(): 0
c -- !conf.gaussconf.autodisable: 1
c -- conf.xor_detach_reattach: 1
c [appmc] [    0.90 ] round:  8 hashes:     25
c [appmc] [    0.90 ] bounded_sol_count looking for   81 solutions -- hashes active: 25
c [appmc] FINISHED ApproxMC T: 0.91 s
c [appmc] Number of solutions is: 64*2**26
s mc 4294967296
** AMH **
c ApproxMC SHA revision df6d9fc8d112d758301d7527817e2eb1029fa5eb
c ApproxMC version 4.0.1
c ApproxMC compilation env CMAKE_CXX_COMPILER = /usr/bin/c++ | CMAKE_CXX_FLAGS =  -Wall -Wextra -Wunused -Wsign-compare -fno-omit-frame-pointer -Wtype-limits -Wuninitialized -Wno-deprecated -Wstrict-aliasing -Wpointer-arith -fvisibility=hidden -Wpointer-arith -Wformat-nonliteral -Winit-self -Wparentheses -Wunreachable-code -g -fvisibility=hidden -Wlogical-op -Wrestrict -Wnull-dereference -Wdouble-promotion -Wshadow -Wformat=2 -Wextra-semi -pedantic | COMPILE_DEFINES =  -DBOOST_TEST_DYN_LINK | STATICCOMPILE = OFF | Boost_FOUND = TRUE | ZLIB_FOUND = TRUE | VALGRIND_FOUND =  | GMP_FOUND = TRUE | ENABLE_ASSERTIONS = ON | MY_TARGETS =  | compilation date time = Oct 29 2020 17:34:59
c ApproxMC compiled with gcc version 9.3.0
c CryptoMiniSat version 5.8.0
c CMS Copyright Mate Soos (soos.mate@gmail.com)
c CMS SHA revision 6477e8bc43b0fda7038965bb148b64b8637c804b
c CMS is GPL licensed due to M4RI being linked. Build without M4RI to get MIT version
c Using VMTF code by Armin Biere from CaDiCaL
c Using Yalsat by Armin Biere, see Balint et al. Improving implementation of SLS solvers [...], SAT'14
c Using WalkSAT by Henry Kautz, see Kautz and Selman Pushing the envelope: planning, propositional logic, and stochastic search, AAAI'96,
c Using code from 'When Boolean Satisfiability Meets Gauss-E. in a Simplex Way'
c       by C.-S. Han and J.-H. Roland Jiang in CAV 2012. Fixes by M. Soos
c Using CCAnr from 'CCAnr: A Conf. Checking Based Local Search Solver [...]'
c       by Shaowei Cai, Chuan Luo, and Kaile Su, SAT 2015
c CMS compilation env CMAKE_CXX_COMPILER = /usr/bin/c++ | CMAKE_CXX_FLAGS =  -fvisibility=hidden -Wall -Wextra -Wunused -Wsign-compare -fno-omit-frame-pointer -Wtype-limits -Wuninitialized -Wno-deprecated -Wstrict-aliasing -Wpointer-arith -Wpointer-arith -Wformat-nonliteral -Winit-self -Wparentheses -Wunreachable-code -g -Wno-class-memaccess -mpopcnt -msse4.2 -ggdb3 -Wlogical-op -Wrestrict -Wnull-dereference -Wdouble-promotion -Wshadow -Wformat=2 -Wextra-semi -pedantic | COMPILE_DEFINES =  -DEXTENDED_FEATURES -DUSE_GAUSS -DBOOST_TEST_DYN_LINK -DUSE_ZLIB -DYALSAT_FPU -DUSE_M4RI | STATICCOMPILE = OFF | ONLY_SIMPLE = OFF | Boost_FOUND = TRUE | STATS = OFF | SQLITE3_FOUND = FALSE | ZLIB_FOUND = TRUE | VALGRIND_FOUND =  | ENABLE_TESTING = OFF | M4RI_FOUND = TRUE | NOM4RI = OFF | SLOW_DEBUG = OFF | ENABLE_ASSERTIONS = ON | PYTHON_EXECUTABLE = PYTHON_EXECUTABLE-NOTFOUND | PYTHON_LIBRARY = PYTHON_LIBRARY-NOTFOUND | PYTHON_INCLUDE_DIRS =  | MY_TARGETS =  | LARGEMEM = OFF | LIMITMEM = OFF | BREAKID_LIBRARIES =  | BREAKID-VER = . | BOSPHORUS_LIBRARIES =  | BOSPH-VER = . | compilation date time = Oct 29 2020 17:34:11
c CMS compiled with gcc version 9.3.0
c executed with command line: approxmc --sparse 1 -s 04 /experiments/results/Log.c/04/counterSharp/amh.dimacs
c -- header says num vars:           3390
c -- header says num clauses:       12365
c WARNING: Empty line at line number 12466 -- this is not part of the DIMACS specifications (http://www.satcompetition.org/2009/format-benchmarks2009.html). Ignoring.
c -- clauses added: 12365
c -- xor clauses added: 0
c -- vars added 3390
c [appmc] Sampling set size: 32
c [appmc] Sampling set: 67, 68, 69, 70, 71, 72, 73, 74, 75, 76, 77, 78, 79, 80, 81, 82, 83, 84, 85, 86, 87, 88, 89, 90, 91, 92, 93, 94, 95, 96, 97, 98, 
c [sparse] Using match: 0 sampling set size: 32 prev end inclusive is: -1 this end inclusive is: 50 next end inclusive is: 100 sampl size: 32
c [appmc] threshold set to 80 sparse: 1
c [appmc] Starting up, initial measurement
c [appmc] Starting at hash count: 1
c [appmc] [    0.00 ] round:  0 hashes:      1
c [appmc] [    0.00 ] bounded_sol_count looking for   81 solutions -- hashes active: 1
c [gauss] XOR-encoding clauses detached: 0 deleted: 0 T: 0.00
c [appmc] [    0.04 ] round:  0 hashes:      1
c [appmc] [    0.04 ] bounded_sol_count looking for   81 solutions -- hashes active: 1
c [appmc] simplifying
c [gauss] XOR-encoding clauses reattached: 0 T: 0.00
c [appmc] [    0.09 ] round:  1 hashes:      1
c [appmc] [    0.09 ] bounded_sol_count looking for   81 solutions -- hashes active: 1
c [gauss] XOR-encoding clauses detached: 28 deleted: 0 T: 0.00
c [appmc] [    0.10 ] round:  1 hashes:      0
c [appmc] [    0.10 ] bounded_sol_count looking for   81 solutions -- hashes active: 0
c [appmc] simplifying
c [gauss] XOR-encoding clauses reattached: 28 T: 0.00
c [appmc] [    0.10 ] round:  2 hashes:      1
c [appmc] [    0.10 ] bounded_sol_count looking for   81 solutions -- hashes active: 1
c [gauss] XOR-encoding clauses detached: 19 deleted: 0 T: 0.00
c [appmc] [    0.10 ] round:  2 hashes:      0
c [appmc] [    0.10 ] bounded_sol_count looking for   81 solutions -- hashes active: 0
c [appmc] simplifying
c [gauss] XOR-encoding clauses reattached: 19 T: 0.00
c [appmc] [    0.10 ] round:  3 hashes:      1
c [appmc] [    0.10 ] bounded_sol_count looking for   81 solutions -- hashes active: 1
c WHAAAAT Detach issue. All below must be 1 to work ---
c -- can_detach: 0
c -- mfinder.no_irred_nonxor_contains_clash_vars(): 0
c -- !conf.gaussconf.autodisable: 1
c -- conf.xor_detach_reattach: 1
c [appmc] [    0.10 ] round:  3 hashes:      0
c [appmc] [    0.10 ] bounded_sol_count looking for   81 solutions -- hashes active: 0
c [appmc] simplifying
c [appmc] [    0.10 ] round:  4 hashes:      1
c [appmc] [    0.10 ] bounded_sol_count looking for   81 solutions -- hashes active: 1
c [gauss] XOR-encoding clauses detached: 8 deleted: 0 T: 0.00
c [appmc] [    0.10 ] round:  4 hashes:      0
c [appmc] [    0.10 ] bounded_sol_count looking for   81 solutions -- hashes active: 0
c [appmc] simplifying
c [gauss] XOR-encoding clauses reattached: 8 T: 0.00
c [appmc] [    0.10 ] round:  5 hashes:      1
c [appmc] [    0.10 ] bounded_sol_count looking for   81 solutions -- hashes active: 1
c WHAAAAT Detach issue. All below must be 1 to work ---
c -- can_detach: 0
c -- mfinder.no_irred_nonxor_contains_clash_vars(): 0
c -- !conf.gaussconf.autodisable: 1
c -- conf.xor_detach_reattach: 1
c [appmc] [    0.10 ] round:  5 hashes:      0
c [appmc] [    0.10 ] bounded_sol_count looking for   81 solutions -- hashes active: 0
c [appmc] simplifying
c [appmc] [    0.11 ] round:  6 hashes:      1
c [appmc] [    0.11 ] bounded_sol_count looking for   81 solutions -- hashes active: 1
c WHAAAAT Detach issue. All below must be 1 to work ---
c -- can_detach: 0
c -- mfinder.no_irred_nonxor_contains_clash_vars(): 0
c -- !conf.gaussconf.autodisable: 1
c -- conf.xor_detach_reattach: 1
c [appmc] [    0.11 ] round:  6 hashes:      0
c [appmc] [    0.11 ] bounded_sol_count looking for   81 solutions -- hashes active: 0
c [appmc] simplifying
c [appmc] [    0.11 ] round:  7 hashes:      1
c [appmc] [    0.11 ] bounded_sol_count looking for   81 solutions -- hashes active: 1
c WHAAAAT Detach issue. All below must be 1 to work ---
c -- can_detach: 0
c -- mfinder.no_irred_nonxor_contains_clash_vars(): 0
c -- !conf.gaussconf.autodisable: 1
c -- conf.xor_detach_reattach: 1
c [appmc] [    0.11 ] round:  7 hashes:      0
c [appmc] [    0.11 ] bounded_sol_count looking for   81 solutions -- hashes active: 0
c [appmc] simplifying
c [appmc] [    0.11 ] round:  8 hashes:      1
c [appmc] [    0.11 ] bounded_sol_count looking for   81 solutions -- hashes active: 1
c WHAAAAT Detach issue. All below must be 1 to work ---
c -- can_detach: 0
c -- mfinder.no_irred_nonxor_contains_clash_vars(): 0
c -- !conf.gaussconf.autodisable: 1
c -- conf.xor_detach_reattach: 1
c [appmc] [    0.11 ] round:  8 hashes:      0
c [appmc] [    0.11 ] bounded_sol_count looking for   81 solutions -- hashes active: 0
** ASM **
c ApproxMC SHA revision df6d9fc8d112d758301d7527817e2eb1029fa5eb
c ApproxMC version 4.0.1
c ApproxMC compilation env CMAKE_CXX_COMPILER = /usr/bin/c++ | CMAKE_CXX_FLAGS =  -Wall -Wextra -Wunused -Wsign-compare -fno-omit-frame-pointer -Wtype-limits -Wuninitialized -Wno-deprecated -Wstrict-aliasing -Wpointer-arith -fvisibility=hidden -Wpointer-arith -Wformat-nonliteral -Winit-self -Wparentheses -Wunreachable-code -g -fvisibility=hidden -Wlogical-op -Wrestrict -Wnull-dereference -Wdouble-promotion -Wshadow -Wformat=2 -Wextra-semi -pedantic | COMPILE_DEFINES =  -DBOOST_TEST_DYN_LINK | STATICCOMPILE = OFF | Boost_FOUND = TRUE | ZLIB_FOUND = TRUE | VALGRIND_FOUND =  | GMP_FOUND = TRUE | ENABLE_ASSERTIONS = ON | MY_TARGETS =  | compilation date time = Oct 29 2020 17:34:59
c ApproxMC compiled with gcc version 9.3.0
c CryptoMiniSat version 5.8.0
c CMS Copyright Mate Soos (soos.mate@gmail.com)
c CMS SHA revision 6477e8bc43b0fda7038965bb148b64b8637c804b
c CMS is GPL licensed due to M4RI being linked. Build without M4RI to get MIT version
c Using VMTF code by Armin Biere from CaDiCaL
c Using Yalsat by Armin Biere, see Balint et al. Improving implementation of SLS solvers [...], SAT'14
c Using WalkSAT by Henry Kautz, see Kautz and Selman Pushing the envelope: planning, propositional logic, and stochastic search, AAAI'96,
c Using code from 'When Boolean Satisfiability Meets Gauss-E. in a Simplex Way'
c       by C.-S. Han and J.-H. Roland Jiang in CAV 2012. Fixes by M. Soos
c Using CCAnr from 'CCAnr: A Conf. Checking Based Local Search Solver [...]'
c       by Shaowei Cai, Chuan Luo, and Kaile Su, SAT 2015
c CMS compilation env CMAKE_CXX_COMPILER = /usr/bin/c++ | CMAKE_CXX_FLAGS =  -fvisibility=hidden -Wall -Wextra -Wunused -Wsign-compare -fno-omit-frame-pointer -Wtype-limits -Wuninitialized -Wno-deprecated -Wstrict-aliasing -Wpointer-arith -Wpointer-arith -Wformat-nonliteral -Winit-self -Wparentheses -Wunreachable-code -g -Wno-class-memaccess -mpopcnt -msse4.2 -ggdb3 -Wlogical-op -Wrestrict -Wnull-dereference -Wdouble-promotion -Wshadow -Wformat=2 -Wextra-semi -pedantic | COMPILE_DEFINES =  -DEXTENDED_FEATURES -DUSE_GAUSS -DBOOST_TEST_DYN_LINK -DUSE_ZLIB -DYALSAT_FPU -DUSE_M4RI | STATICCOMPILE = OFF | ONLY_SIMPLE = OFF | Boost_FOUND = TRUE | STATS = OFF | SQLITE3_FOUND = FALSE | ZLIB_FOUND = TRUE | VALGRIND_FOUND =  | ENABLE_TESTING = OFF | M4RI_FOUND = TRUE | NOM4RI = OFF | SLOW_DEBUG = OFF | ENABLE_ASSERTIONS = ON | PYTHON_EXECUTABLE = PYTHON_EXECUTABLE-NOTFOUND | PYTHON_LIBRARY = PYTHON_LIBRARY-NOTFOUND | PYTHON_INCLUDE_DIRS =  | MY_TARGETS =  | LARGEMEM = OFF | LIMITMEM = OFF | BREAKID_LIBRARIES =  | BREAKID-VER = . | BOSPHORUS_LIBRARIES =  | BOSPH-VER = . | compilation date time = Oct 29 2020 17:34:11
c CMS compiled with gcc version 9.3.0
c executed with command line: approxmc --sparse 1 -s 04 /experiments/results/Log.c/04/counterSharp/asm.dimacs
c -- header says num vars:           3392
c -- header says num clauses:       12371
c WARNING: Empty line at line number 12474 -- this is not part of the DIMACS specifications (http://www.satcompetition.org/2009/format-benchmarks2009.html). Ignoring.
c -- clauses added: 12371
c -- xor clauses added: 0
c -- vars added 3392
c [appmc] Sampling set size: 32
c [appmc] Sampling set: 67, 68, 69, 70, 71, 72, 73, 74, 75, 76, 77, 78, 79, 80, 81, 82, 83, 84, 85, 86, 87, 88, 89, 90, 91, 92, 93, 94, 95, 96, 97, 98, 
c [sparse] Using match: 0 sampling set size: 32 prev end inclusive is: -1 this end inclusive is: 50 next end inclusive is: 100 sampl size: 32
c [appmc] threshold set to 80 sparse: 1
c [appmc] Starting up, initial measurement
c [appmc] Starting at hash count: 1
c [appmc] [    0.00 ] round:  0 hashes:      1
c [appmc] [    0.00 ] bounded_sol_count looking for   81 solutions -- hashes active: 1
c [appmc] [    0.03 ] round:  0 hashes:      1
c [appmc] [    0.03 ] bounded_sol_count looking for   81 solutions -- hashes active: 1
c [appmc] simplifying
c [appmc] [    0.03 ] round:  1 hashes:      1
c [appmc] [    0.03 ] bounded_sol_count looking for   81 solutions -- hashes active: 1
c [appmc] [    0.03 ] round:  1 hashes:      0
c [appmc] [    0.03 ] bounded_sol_count looking for   81 solutions -- hashes active: 0
c [appmc] simplifying
c [appmc] [    0.03 ] round:  2 hashes:      1
c [appmc] [    0.03 ] bounded_sol_count looking for   81 solutions -- hashes active: 1
c [appmc] [    0.03 ] round:  2 hashes:      0
c [appmc] [    0.03 ] bounded_sol_count looking for   81 solutions -- hashes active: 0
c [appmc] simplifying
c [appmc] [    0.03 ] round:  3 hashes:      1
c [appmc] [    0.03 ] bounded_sol_count looking for   81 solutions -- hashes active: 1
c [appmc] [    0.03 ] round:  3 hashes:      0
c [appmc] [    0.03 ] bounded_sol_count looking for   81 solutions -- hashes active: 0
c [appmc] simplifying
c [appmc] [    0.03 ] round:  4 hashes:      1
c [appmc] [    0.03 ] bounded_sol_count looking for   81 solutions -- hashes active: 1
c [appmc] [    0.03 ] round:  4 hashes:      0
c [appmc] [    0.03 ] bounded_sol_count looking for   81 solutions -- hashes active: 0
c [appmc] simplifying
c [appmc] [    0.03 ] round:  5 hashes:      1
c [appmc] [    0.03 ] bounded_sol_count looking for   81 solutions -- hashes active: 1
c [appmc] [    0.03 ] round:  5 hashes:      0
c [appmc] [    0.03 ] bounded_sol_count looking for   81 solutions -- hashes active: 0
c [appmc] simplifying
c [appmc] [    0.03 ] round:  6 hashes:      1
c [appmc] [    0.03 ] bounded_sol_count looking for   81 solutions -- hashes active: 1
c [appmc] [    0.03 ] round:  6 hashes:      0
c [appmc] [    0.03 ] bounded_sol_count looking for   81 solutions -- hashes active: 0
c [appmc] simplifying
c [appmc] [    0.03 ] round:  7 hashes:      1
c [appmc] [    0.03 ] bounded_sol_count looking for   81 solutions -- hashes active: 1
c [appmc] [    0.03 ] round:  7 hashes:      0
c [appmc] [    0.03 ] bounded_sol_count looking for   81 solutions -- hashes active: 0
c [appmc] simplifying
c [appmc] [    0.03 ] round:  8 hashes:      1
c [appmc] [    0.03 ] bounded_sol_count looking for   81 solutions -- hashes active: 1
c [appmc] [    0.03 ] round:  8 hashes:      0
c [appmc] [    0.03 ] bounded_sol_count looking for   81 solutions -- hashes active: 0
** ASH **
c ApproxMC SHA revision df6d9fc8d112d758301d7527817e2eb1029fa5eb
c ApproxMC version 4.0.1
c ApproxMC compilation env CMAKE_CXX_COMPILER = /usr/bin/c++ | CMAKE_CXX_FLAGS =  -Wall -Wextra -Wunused -Wsign-compare -fno-omit-frame-pointer -Wtype-limits -Wuninitialized -Wno-deprecated -Wstrict-aliasing -Wpointer-arith -fvisibility=hidden -Wpointer-arith -Wformat-nonliteral -Winit-self -Wparentheses -Wunreachable-code -g -fvisibility=hidden -Wlogical-op -Wrestrict -Wnull-dereference -Wdouble-promotion -Wshadow -Wformat=2 -Wextra-semi -pedantic | COMPILE_DEFINES =  -DBOOST_TEST_DYN_LINK | STATICCOMPILE = OFF | Boost_FOUND = TRUE | ZLIB_FOUND = TRUE | VALGRIND_FOUND =  | GMP_FOUND = TRUE | ENABLE_ASSERTIONS = ON | MY_TARGETS =  | compilation date time = Oct 29 2020 17:34:59
c ApproxMC compiled with gcc version 9.3.0
c CryptoMiniSat version 5.8.0
c CMS Copyright Mate Soos (soos.mate@gmail.com)
c CMS SHA revision 6477e8bc43b0fda7038965bb148b64b8637c804b
c CMS is GPL licensed due to M4RI being linked. Build without M4RI to get MIT version
c Using VMTF code by Armin Biere from CaDiCaL
c Using Yalsat by Armin Biere, see Balint et al. Improving implementation of SLS solvers [...], SAT'14
c Using WalkSAT by Henry Kautz, see Kautz and Selman Pushing the envelope: planning, propositional logic, and stochastic search, AAAI'96,
c Using code from 'When Boolean Satisfiability Meets Gauss-E. in a Simplex Way'
c       by C.-S. Han and J.-H. Roland Jiang in CAV 2012. Fixes by M. Soos
c Using CCAnr from 'CCAnr: A Conf. Checking Based Local Search Solver [...]'
c       by Shaowei Cai, Chuan Luo, and Kaile Su, SAT 2015
c CMS compilation env CMAKE_CXX_COMPILER = /usr/bin/c++ | CMAKE_CXX_FLAGS =  -fvisibility=hidden -Wall -Wextra -Wunused -Wsign-compare -fno-omit-frame-pointer -Wtype-limits -Wuninitialized -Wno-deprecated -Wstrict-aliasing -Wpointer-arith -Wpointer-arith -Wformat-nonliteral -Winit-self -Wparentheses -Wunreachable-code -g -Wno-class-memaccess -mpopcnt -msse4.2 -ggdb3 -Wlogical-op -Wrestrict -Wnull-dereference -Wdouble-promotion -Wshadow -Wformat=2 -Wextra-semi -pedantic | COMPILE_DEFINES =  -DEXTENDED_FEATURES -DUSE_GAUSS -DBOOST_TEST_DYN_LINK -DUSE_ZLIB -DYALSAT_FPU -DUSE_M4RI | STATICCOMPILE = OFF | ONLY_SIMPLE = OFF | Boost_FOUND = TRUE | STATS = OFF | SQLITE3_FOUND = FALSE | ZLIB_FOUND = TRUE | VALGRIND_FOUND =  | ENABLE_TESTING = OFF | M4RI_FOUND = TRUE | NOM4RI = OFF | SLOW_DEBUG = OFF | ENABLE_ASSERTIONS = ON | PYTHON_EXECUTABLE = PYTHON_EXECUTABLE-NOTFOUND | PYTHON_LIBRARY = PYTHON_LIBRARY-NOTFOUND | PYTHON_INCLUDE_DIRS =  | MY_TARGETS =  | LARGEMEM = OFF | LIMITMEM = OFF | BREAKID_LIBRARIES =  | BREAKID-VER = . | BOSPHORUS_LIBRARIES =  | BOSPH-VER = . | compilation date time = Oct 29 2020 17:34:11
c CMS compiled with gcc version 9.3.0
c executed with command line: approxmc --sparse 1 -s 04 /experiments/results/Log.c/04/counterSharp/ash.dimacs
c -- header says num vars:           3392
c -- header says num clauses:       12371
c WARNING: Empty line at line number 12474 -- this is not part of the DIMACS specifications (http://www.satcompetition.org/2009/format-benchmarks2009.html). Ignoring.
c -- clauses added: 12371
c -- xor clauses added: 0
c -- vars added 3392
c [appmc] Sampling set size: 32
c [appmc] Sampling set: 67, 68, 69, 70, 71, 72, 73, 74, 75, 76, 77, 78, 79, 80, 81, 82, 83, 84, 85, 86, 87, 88, 89, 90, 91, 92, 93, 94, 95, 96, 97, 98, 
c [sparse] Using match: 0 sampling set size: 32 prev end inclusive is: -1 this end inclusive is: 50 next end inclusive is: 100 sampl size: 32
c [appmc] threshold set to 80 sparse: 1
c [appmc] Starting up, initial measurement
c [appmc] Starting at hash count: 1
c [appmc] [    0.00 ] round:  0 hashes:      1
c [appmc] [    0.00 ] bounded_sol_count looking for   81 solutions -- hashes active: 1
c [gauss] XOR-encoding clauses detached: 0 deleted: 0 T: 0.00
c [appmc] [    0.03 ] round:  0 hashes:      1
c [appmc] [    0.03 ] bounded_sol_count looking for   81 solutions -- hashes active: 1
c [appmc] simplifying
c [gauss] XOR-encoding clauses reattached: 0 T: 0.00
c [appmc] [    0.11 ] round:  1 hashes:      1
c [appmc] [    0.11 ] bounded_sol_count looking for   81 solutions -- hashes active: 1
c [gauss] XOR-encoding clauses detached: 22 deleted: 0 T: 0.00
c [appmc] [    0.11 ] round:  1 hashes:      0
c [appmc] [    0.11 ] bounded_sol_count looking for   81 solutions -- hashes active: 0
c [appmc] simplifying
c [gauss] XOR-encoding clauses reattached: 22 T: 0.00
c [appmc] [    0.12 ] round:  2 hashes:      1
c [appmc] [    0.12 ] bounded_sol_count looking for   81 solutions -- hashes active: 1
c [gauss] XOR-encoding clauses detached: 20 deleted: 0 T: 0.00
c [appmc] [    0.12 ] round:  2 hashes:      0
c [appmc] [    0.12 ] bounded_sol_count looking for   81 solutions -- hashes active: 0
c [appmc] simplifying
c [gauss] XOR-encoding clauses reattached: 20 T: 0.00
c [appmc] [    0.12 ] round:  3 hashes:      1
c [appmc] [    0.12 ] bounded_sol_count looking for   81 solutions -- hashes active: 1
c [gauss] XOR-encoding clauses detached: 5 deleted: 0 T: 0.00
c [appmc] [    0.12 ] round:  3 hashes:      0
c [appmc] [    0.12 ] bounded_sol_count looking for   81 solutions -- hashes active: 0
c [appmc] simplifying
c [gauss] XOR-encoding clauses reattached: 5 T: 0.00
c [appmc] [    0.12 ] round:  4 hashes:      1
c [appmc] [    0.12 ] bounded_sol_count looking for   81 solutions -- hashes active: 1
c [gauss] XOR-encoding clauses detached: 9 deleted: 0 T: 0.00
c [appmc] [    0.12 ] round:  4 hashes:      0
c [appmc] [    0.12 ] bounded_sol_count looking for   81 solutions -- hashes active: 0
c [appmc] simplifying
c [gauss] XOR-encoding clauses reattached: 9 T: 0.00
c [appmc] [    0.12 ] round:  5 hashes:      1
c [appmc] [    0.12 ] bounded_sol_count looking for   81 solutions -- hashes active: 1
c WHAAAAT Detach issue. All below must be 1 to work ---
c -- can_detach: 0
c -- mfinder.no_irred_nonxor_contains_clash_vars(): 0
c -- !conf.gaussconf.autodisable: 1
c -- conf.xor_detach_reattach: 1
c [appmc] [    0.12 ] round:  5 hashes:      0
c [appmc] [    0.12 ] bounded_sol_count looking for   81 solutions -- hashes active: 0
c [appmc] simplifying
c [appmc] [    0.12 ] round:  6 hashes:      1
c [appmc] [    0.12 ] bounded_sol_count looking for   81 solutions -- hashes active: 1
c WHAAAAT Detach issue. All below must be 1 to work ---
c -- can_detach: 0
c -- mfinder.no_irred_nonxor_contains_clash_vars(): 0
c -- !conf.gaussconf.autodisable: 1
c -- conf.xor_detach_reattach: 1
c [appmc] [    0.12 ] round:  6 hashes:      0
c [appmc] [    0.12 ] bounded_sol_count looking for   81 solutions -- hashes active: 0
c [appmc] simplifying
c [appmc] [    0.13 ] round:  7 hashes:      1
c [appmc] [    0.13 ] bounded_sol_count looking for   81 solutions -- hashes active: 1
c WHAAAAT Detach issue. All below must be 1 to work ---
c -- can_detach: 0
c -- mfinder.no_irred_nonxor_contains_clash_vars(): 0
c -- !conf.gaussconf.autodisable: 1
c -- conf.xor_detach_reattach: 1
c [appmc] [    0.13 ] round:  7 hashes:      0
c [appmc] [    0.13 ] bounded_sol_count looking for   81 solutions -- hashes active: 0
c [appmc] simplifying
c [appmc] [    0.13 ] round:  8 hashes:      1
c [appmc] [    0.13 ] bounded_sol_count looking for   81 solutions -- hashes active: 1
c WHAAAAT Detach issue. All below must be 1 to work ---
c -- can_detach: 0
c -- mfinder.no_irred_nonxor_contains_clash_vars(): 0
c -- !conf.gaussconf.autodisable: 1
c -- conf.xor_detach_reattach: 1
c [appmc] [    0.13 ] round:  8 hashes:      0
c [appmc] [    0.13 ] bounded_sol_count looking for   81 solutions -- hashes active: 0
