** CON **
[runlim] version:		1.10
[runlim] time limit:		311040000 seconds
[runlim] real time limit:	300 seconds
[runlim] space limit:		2048 MB
[runlim] argv[0]:		ganak
[runlim] argv[1]:		-t
[runlim] argv[2]:		300
[runlim] argv[3]:		-cs
[runlim] argv[4]:		1024
[runlim] argv[5]:		-seed
[runlim] argv[6]:		03
[runlim] argv[7]:		/experiments/results/floor.c/03/counterSharp/con.dimacs
[runlim] start:			Sat Oct 31 21:49:12 2020
[runlim] main pid:		1384
Cannot open file: /experiments/results/floor.c/03/counterSharp/con.dimacs
[runlim] end:			Sat Oct 31 21:49:12 2020
[runlim] status:		ok
[runlim] result:		0
[runlim] children:		0
[runlim] real:			0.43 seconds
[runlim] time:			0.00 seconds
[runlim] space:			0.0 MB
[runlim] samples:		0
** AMM **
[runlim] version:		1.10
[runlim] time limit:		311040000 seconds
[runlim] real time limit:	300 seconds
[runlim] space limit:		2048 MB
[runlim] argv[0]:		ganak
[runlim] argv[1]:		-t
[runlim] argv[2]:		300
[runlim] argv[3]:		-cs
[runlim] argv[4]:		1024
[runlim] argv[5]:		-seed
[runlim] argv[6]:		03
[runlim] argv[7]:		/experiments/results/floor.c/03/counterSharp/amm.dimacs
[runlim] start:			Sat Oct 31 21:49:12 2020
[runlim] main pid:		1386
[runlim] sample:		10.0 time, 10.4 real, 54.4 MB
[runlim] sample:		20.0 time, 20.4 real, 56.2 MB
[runlim] sample:		30.0 time, 30.4 real, 77.0 MB
[runlim] sample:		40.0 time, 40.4 real, 93.8 MB
[runlim] sample:		50.0 time, 50.4 real, 119.6 MB
[runlim] sample:		60.0 time, 60.4 real, 143.0 MB
[runlim] sample:		70.0 time, 70.4 real, 162.1 MB
[runlim] sample:		80.0 time, 80.4 real, 177.8 MB
[runlim] sample:		90.0 time, 90.4 real, 196.1 MB
[runlim] sample:		100.0 time, 100.4 real, 210.0 MB
[runlim] sample:		110.0 time, 110.4 real, 220.3 MB
[runlim] sample:		120.0 time, 120.4 real, 230.1 MB
[runlim] sample:		129.9 time, 130.4 real, 239.6 MB
[runlim] sample:		140.0 time, 140.4 real, 247.8 MB
[runlim] sample:		150.0 time, 150.4 real, 258.1 MB
[runlim] sample:		159.9 time, 160.4 real, 268.7 MB
[runlim] sample:		169.9 time, 170.4 real, 279.3 MB
[runlim] sample:		179.9 time, 180.4 real, 290.9 MB
[runlim] sample:		189.9 time, 190.4 real, 297.7 MB
[runlim] sample:		199.9 time, 200.4 real, 302.9 MB
[runlim] sample:		209.9 time, 210.4 real, 307.5 MB
[runlim] sample:		219.9 time, 220.4 real, 312.4 MB
[runlim] sample:		229.9 time, 230.4 real, 316.8 MB
[runlim] sample:		239.9 time, 240.4 real, 321.2 MB
[runlim] sample:		249.9 time, 250.4 real, 325.6 MB
[runlim] sample:		259.9 time, 260.4 real, 329.7 MB
[runlim] sample:		269.9 time, 270.4 real, 334.3 MB
[runlim] sample:		279.9 time, 280.4 real, 341.3 MB
[runlim] sample:		289.9 time, 290.4 real, 363.0 MB
[runlim] end:			Sat Oct 31 21:54:12 2020
[runlim] status:		out of time
[runlim] result:		2
[runlim] children:		0
[runlim] real:			300.05 seconds
[runlim] time:			299.53 seconds
[runlim] space:			377.7 MB
[runlim] samples:		2996
** AMH **
[runlim] version:		1.10
[runlim] time limit:		311040000 seconds
[runlim] real time limit:	300 seconds
[runlim] space limit:		2048 MB
[runlim] argv[0]:		ganak
[runlim] argv[1]:		-t
[runlim] argv[2]:		300
[runlim] argv[3]:		-cs
[runlim] argv[4]:		1024
[runlim] argv[5]:		-seed
[runlim] argv[6]:		03
[runlim] argv[7]:		/experiments/results/floor.c/03/counterSharp/amh.dimacs
[runlim] start:			Sat Oct 31 21:54:12 2020
[runlim] main pid:		1388
[runlim] sample:		10.0 time, 10.1 real, 52.2 MB
[runlim] sample:		20.0 time, 20.1 real, 53.7 MB
[runlim] sample:		30.0 time, 30.1 real, 71.8 MB
[runlim] sample:		40.0 time, 40.1 real, 85.7 MB
[runlim] sample:		50.0 time, 50.1 real, 90.1 MB
[runlim] sample:		60.0 time, 60.1 real, 96.5 MB
[runlim] sample:		70.0 time, 70.1 real, 100.6 MB
[runlim] sample:		80.0 time, 80.1 real, 105.0 MB
[runlim] sample:		90.0 time, 90.1 real, 109.4 MB
[runlim] sample:		100.0 time, 100.1 real, 113.7 MB
[runlim] sample:		110.0 time, 110.1 real, 120.2 MB
[runlim] sample:		120.0 time, 120.1 real, 127.7 MB
[runlim] sample:		130.0 time, 130.1 real, 139.0 MB
[runlim] sample:		140.0 time, 140.1 real, 149.8 MB
[runlim] sample:		150.0 time, 150.1 real, 161.1 MB
[runlim] sample:		160.0 time, 160.1 real, 171.4 MB
[runlim] sample:		170.0 time, 170.1 real, 179.9 MB
[runlim] sample:		180.0 time, 180.1 real, 185.0 MB
[runlim] sample:		190.0 time, 190.1 real, 194.3 MB
[runlim] sample:		199.9 time, 200.1 real, 203.3 MB
[runlim] sample:		209.9 time, 210.1 real, 212.4 MB
[runlim] sample:		219.9 time, 220.1 real, 222.2 MB
[runlim] sample:		229.9 time, 230.1 real, 230.7 MB
[runlim] sample:		239.9 time, 240.1 real, 238.7 MB
[runlim] sample:		249.9 time, 250.1 real, 246.4 MB
[runlim] sample:		259.9 time, 260.1 real, 253.9 MB
[runlim] sample:		269.9 time, 270.1 real, 259.0 MB
[runlim] sample:		279.9 time, 280.1 real, 263.1 MB
[runlim] sample:		289.9 time, 290.1 real, 268.1 MB
[runlim] sample:		299.9 time, 300.1 real, 273.5 MB
[runlim] end:			Sat Oct 31 21:59:12 2020
[runlim] status:		out of time
[runlim] result:		2
[runlim] children:		0
[runlim] real:			300.08 seconds
[runlim] time:			299.93 seconds
[runlim] space:			273.5 MB
[runlim] samples:		3000
** ASM **
[runlim] version:		1.10
[runlim] time limit:		311040000 seconds
[runlim] real time limit:	300 seconds
[runlim] space limit:		2048 MB
[runlim] argv[0]:		ganak
[runlim] argv[1]:		-t
[runlim] argv[2]:		300
[runlim] argv[3]:		-cs
[runlim] argv[4]:		1024
[runlim] argv[5]:		-seed
[runlim] argv[6]:		03
[runlim] argv[7]:		/experiments/results/floor.c/03/counterSharp/asm.dimacs
[runlim] start:			Sat Oct 31 21:59:12 2020
[runlim] main pid:		1390
[runlim] sample:		10.0 time, 10.1 real, 38.0 MB
[runlim] sample:		20.0 time, 20.1 real, 43.3 MB
[runlim] sample:		30.0 time, 30.1 real, 47.6 MB
[runlim] sample:		40.0 time, 40.1 real, 51.6 MB
[runlim] sample:		50.0 time, 50.1 real, 56.1 MB
[runlim] sample:		60.0 time, 60.1 real, 62.0 MB
[runlim] sample:		70.0 time, 70.1 real, 66.0 MB
[runlim] sample:		80.0 time, 80.1 real, 72.0 MB
[runlim] sample:		90.0 time, 90.1 real, 78.0 MB
[runlim] sample:		100.0 time, 100.1 real, 81.9 MB
[runlim] sample:		110.0 time, 110.1 real, 86.2 MB
[runlim] sample:		120.0 time, 120.1 real, 99.2 MB
[runlim] sample:		129.9 time, 130.1 real, 114.8 MB
[runlim] sample:		139.9 time, 140.1 real, 125.3 MB
[runlim] sample:		149.9 time, 150.1 real, 137.1 MB
[runlim] sample:		159.9 time, 160.1 real, 143.3 MB
[runlim] sample:		169.9 time, 170.1 real, 159.3 MB
[runlim] sample:		179.9 time, 180.1 real, 167.8 MB
[runlim] sample:		189.9 time, 190.1 real, 176.1 MB
[runlim] sample:		199.9 time, 200.1 real, 182.1 MB
[runlim] sample:		209.9 time, 210.1 real, 188.4 MB
[runlim] sample:		219.9 time, 220.1 real, 192.4 MB
[runlim] sample:		229.9 time, 230.1 real, 205.9 MB
[runlim] sample:		239.9 time, 240.1 real, 220.4 MB
[runlim] sample:		249.9 time, 250.1 real, 225.7 MB
[runlim] sample:		259.9 time, 260.1 real, 233.2 MB
[runlim] sample:		269.9 time, 270.1 real, 239.7 MB
[runlim] sample:		279.9 time, 280.1 real, 247.7 MB
[runlim] sample:		289.9 time, 290.1 real, 249.7 MB
[runlim] sample:		299.9 time, 300.1 real, 250.9 MB
[runlim] end:			Sat Oct 31 22:04:12 2020
[runlim] status:		out of time
[runlim] result:		2
[runlim] children:		0
[runlim] real:			300.10 seconds
[runlim] time:			299.91 seconds
[runlim] space:			380.1 MB
[runlim] samples:		3000
** ASH **
[runlim] version:		1.10
[runlim] time limit:		311040000 seconds
[runlim] real time limit:	300 seconds
[runlim] space limit:		2048 MB
[runlim] argv[0]:		ganak
[runlim] argv[1]:		-t
[runlim] argv[2]:		300
[runlim] argv[3]:		-cs
[runlim] argv[4]:		1024
[runlim] argv[5]:		-seed
[runlim] argv[6]:		03
[runlim] argv[7]:		/experiments/results/floor.c/03/counterSharp/ash.dimacs
[runlim] start:			Sat Oct 31 22:04:12 2020
[runlim] main pid:		1392
[runlim] sample:		10.0 time, 10.1 real, 46.5 MB
[runlim] sample:		20.0 time, 20.1 real, 50.7 MB
[runlim] sample:		30.0 time, 30.1 real, 56.6 MB
[runlim] sample:		40.0 time, 40.1 real, 70.5 MB
[runlim] sample:		50.0 time, 50.1 real, 82.1 MB
[runlim] sample:		60.0 time, 60.1 real, 88.1 MB
[runlim] sample:		70.0 time, 70.1 real, 94.2 MB
[runlim] sample:		80.0 time, 80.1 real, 100.4 MB
[runlim] sample:		90.0 time, 90.1 real, 106.9 MB
[runlim] sample:		100.0 time, 100.1 real, 114.3 MB
[runlim] sample:		110.0 time, 110.1 real, 121.8 MB
[runlim] sample:		120.0 time, 120.1 real, 129.0 MB
[runlim] sample:		130.0 time, 130.1 real, 134.2 MB
[runlim] sample:		140.0 time, 140.1 real, 139.6 MB
[runlim] sample:		150.0 time, 150.1 real, 145.0 MB
[runlim] sample:		160.0 time, 160.1 real, 150.2 MB
[runlim] sample:		170.0 time, 170.1 real, 155.6 MB
[runlim] sample:		180.0 time, 180.1 real, 160.8 MB
[runlim] sample:		190.0 time, 190.1 real, 165.9 MB
[runlim] sample:		200.0 time, 200.1 real, 171.1 MB
[runlim] sample:		210.0 time, 210.1 real, 177.0 MB
[runlim] sample:		220.0 time, 220.1 real, 184.7 MB
[runlim] sample:		230.0 time, 230.1 real, 192.7 MB
[runlim] sample:		239.9 time, 240.1 real, 200.5 MB
[runlim] sample:		249.9 time, 250.1 real, 208.2 MB
[runlim] sample:		259.9 time, 260.1 real, 215.9 MB
[runlim] sample:		269.9 time, 270.1 real, 223.9 MB
[runlim] sample:		279.9 time, 280.1 real, 230.9 MB
[runlim] sample:		289.9 time, 290.1 real, 235.5 MB
[runlim] end:			Sat Oct 31 22:09:12 2020
[runlim] status:		out of time
[runlim] result:		2
[runlim] children:		0
[runlim] real:			300.02 seconds
[runlim] time:			299.84 seconds
[runlim] space:			239.9 MB
[runlim] samples:		2999
