** CON **
[runlim] version:		1.10
[runlim] time limit:		311040000 seconds
[runlim] real time limit:	300 seconds
[runlim] space limit:		2048 MB
[runlim] argv[0]:		approxmc
[runlim] argv[1]:		--sparse
[runlim] argv[2]:		1
[runlim] argv[3]:		-s
[runlim] argv[4]:		01
[runlim] argv[5]:		/experiments/results/bwd_loop10.c/01/counterSharp/con.dimacs
[runlim] start:			Fri Oct 30 12:59:15 2020
[runlim] main pid:		2331
ERROR! Could not open file '/experiments/results/bwd_loop10.c/01/counterSharp/con.dimacs' for reading: No such file or directory
[runlim] end:			Fri Oct 30 12:59:15 2020
[runlim] status:		ok
[runlim] result:		0
[runlim] children:		0
[runlim] real:			0.46 seconds
[runlim] time:			0.00 seconds
[runlim] space:			0.0 MB
[runlim] samples:		0
** AMM **
[runlim] version:		1.10
[runlim] time limit:		311040000 seconds
[runlim] real time limit:	300 seconds
[runlim] space limit:		2048 MB
[runlim] argv[0]:		approxmc
[runlim] argv[1]:		--sparse
[runlim] argv[2]:		1
[runlim] argv[3]:		-s
[runlim] argv[4]:		01
[runlim] argv[5]:		/experiments/results/bwd_loop10.c/01/counterSharp/amm.dimacs
[runlim] start:			Fri Oct 30 12:59:15 2020
[runlim] main pid:		2333
ERROR! Could not open file '/experiments/results/bwd_loop10.c/01/counterSharp/amm.dimacs' for reading: No such file or directory
[runlim] end:			Fri Oct 30 12:59:15 2020
[runlim] status:		ok
[runlim] result:		0
[runlim] children:		0
[runlim] real:			0.46 seconds
[runlim] time:			0.00 seconds
[runlim] space:			0.0 MB
[runlim] samples:		0
** AMH **
[runlim] version:		1.10
[runlim] time limit:		311040000 seconds
[runlim] real time limit:	300 seconds
[runlim] space limit:		2048 MB
[runlim] argv[0]:		approxmc
[runlim] argv[1]:		--sparse
[runlim] argv[2]:		1
[runlim] argv[3]:		-s
[runlim] argv[4]:		01
[runlim] argv[5]:		/experiments/results/bwd_loop10.c/01/counterSharp/amh.dimacs
[runlim] start:			Fri Oct 30 12:59:15 2020
[runlim] main pid:		2335
ERROR! Could not open file '/experiments/results/bwd_loop10.c/01/counterSharp/amh.dimacs' for reading: No such file or directory
[runlim] end:			Fri Oct 30 12:59:15 2020
[runlim] status:		ok
[runlim] result:		0
[runlim] children:		0
[runlim] real:			0.47 seconds
[runlim] time:			0.00 seconds
[runlim] space:			0.0 MB
[runlim] samples:		0
** ASM **
[runlim] version:		1.10
[runlim] time limit:		311040000 seconds
[runlim] real time limit:	300 seconds
[runlim] space limit:		2048 MB
[runlim] argv[0]:		approxmc
[runlim] argv[1]:		--sparse
[runlim] argv[2]:		1
[runlim] argv[3]:		-s
[runlim] argv[4]:		01
[runlim] argv[5]:		/experiments/results/bwd_loop10.c/01/counterSharp/asm.dimacs
[runlim] start:			Fri Oct 30 12:59:15 2020
[runlim] main pid:		2337
ERROR! Could not open file '/experiments/results/bwd_loop10.c/01/counterSharp/asm.dimacs' for reading: No such file or directory
[runlim] end:			Fri Oct 30 12:59:15 2020
[runlim] status:		ok
[runlim] result:		0
[runlim] children:		0
[runlim] real:			0.47 seconds
[runlim] time:			0.00 seconds
[runlim] space:			0.0 MB
[runlim] samples:		0
** ASH **
[runlim] version:		1.10
[runlim] time limit:		311040000 seconds
[runlim] real time limit:	300 seconds
[runlim] space limit:		2048 MB
[runlim] argv[0]:		approxmc
[runlim] argv[1]:		--sparse
[runlim] argv[2]:		1
[runlim] argv[3]:		-s
[runlim] argv[4]:		01
[runlim] argv[5]:		/experiments/results/bwd_loop10.c/01/counterSharp/ash.dimacs
[runlim] start:			Fri Oct 30 12:59:15 2020
[runlim] main pid:		2339
ERROR! Could not open file '/experiments/results/bwd_loop10.c/01/counterSharp/ash.dimacs' for reading: No such file or directory
[runlim] end:			Fri Oct 30 12:59:15 2020
[runlim] status:		ok
[runlim] result:		0
[runlim] children:		0
[runlim] real:			0.48 seconds
[runlim] time:			0.00 seconds
[runlim] space:			0.0 MB
[runlim] samples:		0
