
Abstract Syntax:
[ 1:]
int main( ):
[ 2:] $2{j} := [-500,499]
[ 3:] input:
[ 4:] $3{i} := 0
[ 5:] while [ 6:] ( $3{i} < 100 ) do
[ 7:]   $3{i} := $3{i} + 1
[ 8:]   $2{j} := $2{j} + [0,1]
[ 9:]
      od
[10:] assert( $2{j} <= 105 )
[11:] $1{$1} := 0
[12:] return
[13:]
polyhedra

Forward Analysis:
[ 1:]: top
[ 2:]: top
[ 3:]: $2{j} >= -500 && -$2{j} >= -499
[ 4:]: $2{j} >= -500 && -$2{j} >= -499
[ 5:]: $2{j} >= -500 && -$2{j} >= -499 && $3{i} == 0
[ 6:] unwind 0: $2{j} >= -500 && -$2{j} >= -499 && $3{i} == 0
[ 6:] unwind 1: $2{j} >= -500 && $3{i} >= 0 && -$3{i} >= -1 && -$2{j}+$3{i} >= -499
[ 6:] unwind 2: $2{j} >= -500 && $3{i} >= 0 && -$3{i} >= -2 && -$2{j}+$3{i} >= -499
[ 6:] unwind >2: $2{j} >= -500 && $3{i} >= 1 && -$3{i} >= -100 && -$2{j}+$3{i} >= -499
[ 7:]: $2{j} >= -500 && $3{i} >= 0 && -$3{i} >= -99 && -$2{j}+$3{i} >= -499
[ 8:]: $2{j} >= -500 && $3{i} >= 1 && -$3{i} >= -100 && -$2{j}+$3{i} >= -498
[ 9:]: $2{j} >= -500 && $3{i} >= 1 && -$3{i} >= -100 && -$2{j}+$3{i} >= -499
[10:]: $2{j} >= -500 && -$2{j} >= -599 && $3{i} == 100
[11:]: $2{j} >= -500 && -$2{j} >= -105 && $3{i} == 100
[12:]: $2{j} >= -500 && -$2{j} >= -105 && $1{$1} == 0 && $3{i} == 100
[13:]: bottom
j 
Backward OverApproximating Analysis Sat :
[13:]: top
[12:]: bottom
[11:]: bottom
[10:]: $2{j} >= -500 && -$2{j} >= -105 && $3{i} == 100
[ 9:]: $2{j} >= -500 && $3{i} >= 0 && -$3{i} >= -1 && -$2{j}+$3{i} >= -6
[ 8:]: $2{j} >= -500 && -$2{j} >= -7 && $3{i} == 1
[ 7:]: $2{j} >= -500 && -$2{j} >= -7 && $3{i} == 0
[ 6:] unwind >2: $2{j} >= -500 && $3{i} >= 0 && -$3{i} >= -2 && -$2{j}+$3{i} >= -5
[ 6:] unwind 2: $2{j} >= -500 && $3{i} >= 0 && -$3{i} >= -1 && -$2{j}+$3{i} >= -6
[ 6:] unwind 1: $2{j} >= -500 && -$2{j} >= -7 && $3{i} == 0
[ 6:] unwind 0: $2{j} >= -500 && -$2{j} >= -7 && $3{i} == 0
[ 5:]: $2{j} >= -500 && -$2{j} >= -7 && $3{i} == 0
[ 4:]: $2{j} >= -500 && -$2{j} >= -7
[ 3:]: $2{j} >= -500 && -$2{j} >= -7
[ 2:]: top
[ 1:]: top
j 
Backward OverApproximating Analysis Viol :
[13:]: top
[12:]: bottom
[11:]: bottom
[10:]: $2{j} >= 106 && -$2{j} >= -599 && $3{i} == 100
[ 9:]: $2{j}-$3{i} >= 6 && $3{i} >= 0 && -$3{i} >= -1 && -$2{j}+$3{i} >= -499
[ 8:]: $2{j} >= 6 && -$2{j} >= -499 && $3{i} == 1
[ 7:]: $2{j} >= 6 && -$2{j} >= -499 && $3{i} == 0
[ 6:] unwind >2: $2{j}-$3{i} >= 6 && $3{i} >= 0 && -$3{i} >= -2 && -$2{j}+$3{i} >= -499
[ 6:] unwind 2: $2{j}-$3{i} >= 6 && $3{i} >= 0 && -$3{i} >= -1 && -$2{j}+$3{i} >= -499
[ 6:] unwind 1: $2{j} >= 106 && -$2{j} >= -499 && $3{i} == 0
[ 6:] unwind 0: $2{j} >= 106 && -$2{j} >= -499 && $3{i} == 0
[ 5:]: $2{j} >= 106 && -$2{j} >= -499 && $3{i} == 0
[ 4:]: $2{j} >= 106 && -$2{j} >= -499
[ 3:]: $2{j} >= 106 && -$2{j} >= -499
[ 2:]: top
[ 1:]: top
Analysis Result: 
APPROX. PROBABLITY OF SATISFACTION BETWEEN: 0.6061 percent AND 0.5081 percent 
APPROX. PROBABLITY OF VIOLATION BETWEEN: 0.4921 percent AND 0.3941 percent 
Total Time: 0.014737 s
Analysis Time: 0.014206 s
Probability Time: 0.000532 s
Done.
