** CON **
[runlim] version:		1.10
[runlim] time limit:		311040000 seconds
[runlim] real time limit:	300 seconds
[runlim] space limit:		2048 MB
[runlim] argv[0]:		approxmc
[runlim] argv[1]:		-s
[runlim] argv[2]:		02
[runlim] argv[3]:		/experiments/results/hhk2008.c/02/counterSharp/con.dimacs
[runlim] start:			Mon Aug  8 22:14:44 2022
[runlim] main pid:		3800
[runlim] end:			Mon Aug  8 22:14:44 2022
[runlim] status:		ok
[runlim] result:		0
[runlim] children:		0
[runlim] real:			0.91 seconds
[runlim] time:			0.00 seconds
[runlim] space:			0.0 MB
[runlim] samples:		0
** AMM **
[runlim] version:		1.10
[runlim] time limit:		311040000 seconds
[runlim] real time limit:	300 seconds
[runlim] space limit:		2048 MB
[runlim] argv[0]:		approxmc
[runlim] argv[1]:		-s
[runlim] argv[2]:		02
[runlim] argv[3]:		/experiments/results/hhk2008.c/02/counterSharp/amm.dimacs
[runlim] start:			Mon Aug  8 22:14:44 2022
[runlim] main pid:		3802
[runlim] end:			Mon Aug  8 22:14:45 2022
[runlim] status:		ok
[runlim] result:		0
[runlim] children:		0
[runlim] real:			1.53 seconds
[runlim] time:			0.57 seconds
[runlim] space:			16.3 MB
[runlim] samples:		6
** AMH **
[runlim] version:		1.10
[runlim] time limit:		311040000 seconds
[runlim] real time limit:	300 seconds
[runlim] space limit:		2048 MB
[runlim] argv[0]:		approxmc
[runlim] argv[1]:		-s
[runlim] argv[2]:		02
[runlim] argv[3]:		/experiments/results/hhk2008.c/02/counterSharp/amh.dimacs
[runlim] start:			Mon Aug  8 22:14:45 2022
[runlim] main pid:		3804
[runlim] end:			Mon Aug  8 22:14:46 2022
[runlim] status:		ok
[runlim] result:		0
[runlim] children:		0
[runlim] real:			1.01 seconds
[runlim] time:			0.37 seconds
[runlim] space:			9.1 MB
[runlim] samples:		4
** ASM **
[runlim] version:		1.10
[runlim] time limit:		311040000 seconds
[runlim] real time limit:	300 seconds
[runlim] space limit:		2048 MB
[runlim] argv[0]:		approxmc
[runlim] argv[1]:		-s
[runlim] argv[2]:		02
[runlim] argv[3]:		/experiments/results/hhk2008.c/02/counterSharp/asm.dimacs
[runlim] start:			Mon Aug  8 22:14:46 2022
[runlim] main pid:		3806
[runlim] end:			Mon Aug  8 22:14:46 2022
[runlim] status:		ok
[runlim] result:		0
[runlim] children:		0
[runlim] real:			0.86 seconds
[runlim] time:			0.78 seconds
[runlim] space:			10.6 MB
[runlim] samples:		8
** ASH **
[runlim] version:		1.10
[runlim] time limit:		311040000 seconds
[runlim] real time limit:	300 seconds
[runlim] space limit:		2048 MB
[runlim] argv[0]:		approxmc
[runlim] argv[1]:		-s
[runlim] argv[2]:		02
[runlim] argv[3]:		/experiments/results/hhk2008.c/02/counterSharp/ash.dimacs
[runlim] start:			Mon Aug  8 22:14:46 2022
[runlim] main pid:		3808
[runlim] end:			Mon Aug  8 22:14:47 2022
[runlim] status:		ok
[runlim] result:		0
[runlim] children:		0
[runlim] real:			1.68 seconds
[runlim] time:			0.78 seconds
[runlim] space:			9.8 MB
[runlim] samples:		8
