** CON **
[runlim] version:		1.10
[runlim] time limit:		311040000 seconds
[runlim] real time limit:	300 seconds
[runlim] space limit:		2048 MB
[runlim] argv[0]:		ganak
[runlim] argv[1]:		-t
[runlim] argv[2]:		300
[runlim] argv[3]:		-cs
[runlim] argv[4]:		1024
[runlim] argv[5]:		-seed
[runlim] argv[6]:		01
[runlim] argv[7]:		/experiments/results/example7b.c/01/counterSharp/con.dimacs
[runlim] start:			Sun Nov  1 07:42:55 2020
[runlim] main pid:		3898
[runlim] end:			Sun Nov  1 07:42:55 2020
[runlim] status:		ok
[runlim] result:		0
[runlim] children:		0
[runlim] real:			0.37 seconds
[runlim] time:			0.00 seconds
[runlim] space:			0.0 MB
[runlim] samples:		0
** AMM **
[runlim] version:		1.10
[runlim] time limit:		311040000 seconds
[runlim] real time limit:	300 seconds
[runlim] space limit:		2048 MB
[runlim] argv[0]:		ganak
[runlim] argv[1]:		-t
[runlim] argv[2]:		300
[runlim] argv[3]:		-cs
[runlim] argv[4]:		1024
[runlim] argv[5]:		-seed
[runlim] argv[6]:		01
[runlim] argv[7]:		/experiments/results/example7b.c/01/counterSharp/amm.dimacs
[runlim] start:			Sun Nov  1 07:42:55 2020
[runlim] main pid:		3900
[runlim] sample:		10.0 time, 10.4 real, 68.4 MB
[runlim] sample:		20.0 time, 20.4 real, 124.9 MB
[runlim] sample:		30.0 time, 30.4 real, 189.0 MB
[runlim] sample:		40.0 time, 40.4 real, 267.6 MB
[runlim] sample:		50.0 time, 50.4 real, 360.4 MB
[runlim] sample:		60.0 time, 60.4 real, 450.9 MB
[runlim] sample:		70.0 time, 70.4 real, 534.4 MB
[runlim] sample:		80.0 time, 80.4 real, 612.4 MB
[runlim] sample:		90.0 time, 90.4 real, 686.5 MB
[runlim] sample:		100.0 time, 100.4 real, 761.3 MB
[runlim] sample:		110.0 time, 110.4 real, 829.9 MB
[runlim] sample:		120.0 time, 120.4 real, 912.6 MB
[runlim] sample:		130.0 time, 130.4 real, 979.3 MB
[runlim] sample:		140.0 time, 140.4 real, 1031.6 MB
[runlim] sample:		150.0 time, 150.4 real, 1032.2 MB
[runlim] sample:		160.0 time, 160.4 real, 1032.5 MB
[runlim] sample:		170.0 time, 170.4 real, 1032.9 MB
[runlim] sample:		179.9 time, 180.4 real, 1033.4 MB
[runlim] sample:		189.9 time, 190.4 real, 1034.3 MB
[runlim] sample:		199.9 time, 200.4 real, 1034.3 MB
[runlim] sample:		209.9 time, 210.4 real, 1034.3 MB
[runlim] sample:		219.9 time, 220.4 real, 1034.3 MB
[runlim] sample:		229.9 time, 230.4 real, 1036.3 MB
[runlim] sample:		239.9 time, 240.4 real, 1036.3 MB
[runlim] sample:		249.9 time, 250.4 real, 1036.3 MB
[runlim] sample:		259.9 time, 260.4 real, 1036.3 MB
[runlim] sample:		269.9 time, 270.4 real, 1036.5 MB
[runlim] sample:		279.9 time, 280.4 real, 1036.5 MB
[runlim] sample:		289.9 time, 290.4 real, 1036.5 MB
[runlim] end:			Sun Nov  1 07:47:55 2020
[runlim] status:		out of time
[runlim] result:		2
[runlim] children:		0
[runlim] real:			300.10 seconds
[runlim] time:			299.63 seconds
[runlim] space:			1039.4 MB
[runlim] samples:		2997
** AMH **
[runlim] version:		1.10
[runlim] time limit:		311040000 seconds
[runlim] real time limit:	300 seconds
[runlim] space limit:		2048 MB
[runlim] argv[0]:		ganak
[runlim] argv[1]:		-t
[runlim] argv[2]:		300
[runlim] argv[3]:		-cs
[runlim] argv[4]:		1024
[runlim] argv[5]:		-seed
[runlim] argv[6]:		01
[runlim] argv[7]:		/experiments/results/example7b.c/01/counterSharp/amh.dimacs
[runlim] start:			Sun Nov  1 07:47:55 2020
[runlim] main pid:		3902
[runlim] end:			Sun Nov  1 07:47:56 2020
[runlim] status:		ok
[runlim] result:		0
[runlim] children:		0
[runlim] real:			1.72 seconds
[runlim] time:			1.58 seconds
[runlim] space:			28.0 MB
[runlim] samples:		16
** ASM **
[runlim] version:		1.10
[runlim] time limit:		311040000 seconds
[runlim] real time limit:	300 seconds
[runlim] space limit:		2048 MB
[runlim] argv[0]:		ganak
[runlim] argv[1]:		-t
[runlim] argv[2]:		300
[runlim] argv[3]:		-cs
[runlim] argv[4]:		1024
[runlim] argv[5]:		-seed
[runlim] argv[6]:		01
[runlim] argv[7]:		/experiments/results/example7b.c/01/counterSharp/asm.dimacs
[runlim] start:			Sun Nov  1 07:47:56 2020
[runlim] main pid:		3904
[runlim] end:			Sun Nov  1 07:47:59 2020
[runlim] status:		ok
[runlim] result:		0
[runlim] children:		0
[runlim] real:			3.08 seconds
[runlim] time:			2.29 seconds
[runlim] space:			23.4 MB
[runlim] samples:		23
** ASH **
[runlim] version:		1.10
[runlim] time limit:		311040000 seconds
[runlim] real time limit:	300 seconds
[runlim] space limit:		2048 MB
[runlim] argv[0]:		ganak
[runlim] argv[1]:		-t
[runlim] argv[2]:		300
[runlim] argv[3]:		-cs
[runlim] argv[4]:		1024
[runlim] argv[5]:		-seed
[runlim] argv[6]:		01
[runlim] argv[7]:		/experiments/results/example7b.c/01/counterSharp/ash.dimacs
[runlim] start:			Sun Nov  1 07:47:59 2020
[runlim] main pid:		3906
[runlim] end:			Sun Nov  1 07:48:01 2020
[runlim] status:		ok
[runlim] result:		0
[runlim] children:		0
[runlim] real:			2.54 seconds
[runlim] time:			2.39 seconds
[runlim] space:			20.3 MB
[runlim] samples:		24
