** CON **
c ApproxMC SHA revision df6d9fc8d112d758301d7527817e2eb1029fa5eb
c ApproxMC version 4.0.1
c ApproxMC compilation env CMAKE_CXX_COMPILER = /usr/bin/c++ | CMAKE_CXX_FLAGS =  -Wall -Wextra -Wunused -Wsign-compare -fno-omit-frame-pointer -Wtype-limits -Wuninitialized -Wno-deprecated -Wstrict-aliasing -Wpointer-arith -fvisibility=hidden -Wpointer-arith -Wformat-nonliteral -Winit-self -Wparentheses -Wunreachable-code -g -fvisibility=hidden -Wlogical-op -Wrestrict -Wnull-dereference -Wdouble-promotion -Wshadow -Wformat=2 -Wextra-semi -pedantic | COMPILE_DEFINES =  -DBOOST_TEST_DYN_LINK | STATICCOMPILE = OFF | Boost_FOUND = TRUE | ZLIB_FOUND = TRUE | VALGRIND_FOUND =  | GMP_FOUND = TRUE | ENABLE_ASSERTIONS = ON | MY_TARGETS =  | compilation date time = Oct 29 2020 17:34:59
c ApproxMC compiled with gcc version 9.3.0
c CryptoMiniSat version 5.8.0
c CMS Copyright Mate Soos (soos.mate@gmail.com)
c CMS SHA revision 6477e8bc43b0fda7038965bb148b64b8637c804b
c CMS is GPL licensed due to M4RI being linked. Build without M4RI to get MIT version
c Using VMTF code by Armin Biere from CaDiCaL
c Using Yalsat by Armin Biere, see Balint et al. Improving implementation of SLS solvers [...], SAT'14
c Using WalkSAT by Henry Kautz, see Kautz and Selman Pushing the envelope: planning, propositional logic, and stochastic search, AAAI'96,
c Using code from 'When Boolean Satisfiability Meets Gauss-E. in a Simplex Way'
c       by C.-S. Han and J.-H. Roland Jiang in CAV 2012. Fixes by M. Soos
c Using CCAnr from 'CCAnr: A Conf. Checking Based Local Search Solver [...]'
c       by Shaowei Cai, Chuan Luo, and Kaile Su, SAT 2015
c CMS compilation env CMAKE_CXX_COMPILER = /usr/bin/c++ | CMAKE_CXX_FLAGS =  -fvisibility=hidden -Wall -Wextra -Wunused -Wsign-compare -fno-omit-frame-pointer -Wtype-limits -Wuninitialized -Wno-deprecated -Wstrict-aliasing -Wpointer-arith -Wpointer-arith -Wformat-nonliteral -Winit-self -Wparentheses -Wunreachable-code -g -Wno-class-memaccess -mpopcnt -msse4.2 -ggdb3 -Wlogical-op -Wrestrict -Wnull-dereference -Wdouble-promotion -Wshadow -Wformat=2 -Wextra-semi -pedantic | COMPILE_DEFINES =  -DEXTENDED_FEATURES -DUSE_GAUSS -DBOOST_TEST_DYN_LINK -DUSE_ZLIB -DYALSAT_FPU -DUSE_M4RI | STATICCOMPILE = OFF | ONLY_SIMPLE = OFF | Boost_FOUND = TRUE | STATS = OFF | SQLITE3_FOUND = FALSE | ZLIB_FOUND = TRUE | VALGRIND_FOUND =  | ENABLE_TESTING = OFF | M4RI_FOUND = TRUE | NOM4RI = OFF | SLOW_DEBUG = OFF | ENABLE_ASSERTIONS = ON | PYTHON_EXECUTABLE = PYTHON_EXECUTABLE-NOTFOUND | PYTHON_LIBRARY = PYTHON_LIBRARY-NOTFOUND | PYTHON_INCLUDE_DIRS =  | MY_TARGETS =  | LARGEMEM = OFF | LIMITMEM = OFF | BREAKID_LIBRARIES =  | BREAKID-VER = . | BOSPHORUS_LIBRARIES =  | BOSPH-VER = . | compilation date time = Oct 29 2020 17:34:11
c CMS compiled with gcc version 9.3.0
c executed with command line: approxmc --sparse 1 -s 02 /experiments/results/floor.c/02/counterSharp/con.dimacs
** AMM **
c ApproxMC SHA revision df6d9fc8d112d758301d7527817e2eb1029fa5eb
c ApproxMC version 4.0.1
c ApproxMC compilation env CMAKE_CXX_COMPILER = /usr/bin/c++ | CMAKE_CXX_FLAGS =  -Wall -Wextra -Wunused -Wsign-compare -fno-omit-frame-pointer -Wtype-limits -Wuninitialized -Wno-deprecated -Wstrict-aliasing -Wpointer-arith -fvisibility=hidden -Wpointer-arith -Wformat-nonliteral -Winit-self -Wparentheses -Wunreachable-code -g -fvisibility=hidden -Wlogical-op -Wrestrict -Wnull-dereference -Wdouble-promotion -Wshadow -Wformat=2 -Wextra-semi -pedantic | COMPILE_DEFINES =  -DBOOST_TEST_DYN_LINK | STATICCOMPILE = OFF | Boost_FOUND = TRUE | ZLIB_FOUND = TRUE | VALGRIND_FOUND =  | GMP_FOUND = TRUE | ENABLE_ASSERTIONS = ON | MY_TARGETS =  | compilation date time = Oct 29 2020 17:34:59
c ApproxMC compiled with gcc version 9.3.0
c CryptoMiniSat version 5.8.0
c CMS Copyright Mate Soos (soos.mate@gmail.com)
c CMS SHA revision 6477e8bc43b0fda7038965bb148b64b8637c804b
c CMS is GPL licensed due to M4RI being linked. Build without M4RI to get MIT version
c Using VMTF code by Armin Biere from CaDiCaL
c Using Yalsat by Armin Biere, see Balint et al. Improving implementation of SLS solvers [...], SAT'14
c Using WalkSAT by Henry Kautz, see Kautz and Selman Pushing the envelope: planning, propositional logic, and stochastic search, AAAI'96,
c Using code from 'When Boolean Satisfiability Meets Gauss-E. in a Simplex Way'
c       by C.-S. Han and J.-H. Roland Jiang in CAV 2012. Fixes by M. Soos
c Using CCAnr from 'CCAnr: A Conf. Checking Based Local Search Solver [...]'
c       by Shaowei Cai, Chuan Luo, and Kaile Su, SAT 2015
c CMS compilation env CMAKE_CXX_COMPILER = /usr/bin/c++ | CMAKE_CXX_FLAGS =  -fvisibility=hidden -Wall -Wextra -Wunused -Wsign-compare -fno-omit-frame-pointer -Wtype-limits -Wuninitialized -Wno-deprecated -Wstrict-aliasing -Wpointer-arith -Wpointer-arith -Wformat-nonliteral -Winit-self -Wparentheses -Wunreachable-code -g -Wno-class-memaccess -mpopcnt -msse4.2 -ggdb3 -Wlogical-op -Wrestrict -Wnull-dereference -Wdouble-promotion -Wshadow -Wformat=2 -Wextra-semi -pedantic | COMPILE_DEFINES =  -DEXTENDED_FEATURES -DUSE_GAUSS -DBOOST_TEST_DYN_LINK -DUSE_ZLIB -DYALSAT_FPU -DUSE_M4RI | STATICCOMPILE = OFF | ONLY_SIMPLE = OFF | Boost_FOUND = TRUE | STATS = OFF | SQLITE3_FOUND = FALSE | ZLIB_FOUND = TRUE | VALGRIND_FOUND =  | ENABLE_TESTING = OFF | M4RI_FOUND = TRUE | NOM4RI = OFF | SLOW_DEBUG = OFF | ENABLE_ASSERTIONS = ON | PYTHON_EXECUTABLE = PYTHON_EXECUTABLE-NOTFOUND | PYTHON_LIBRARY = PYTHON_LIBRARY-NOTFOUND | PYTHON_INCLUDE_DIRS =  | MY_TARGETS =  | LARGEMEM = OFF | LIMITMEM = OFF | BREAKID_LIBRARIES =  | BREAKID-VER = . | BOSPHORUS_LIBRARIES =  | BOSPH-VER = . | compilation date time = Oct 29 2020 17:34:11
c CMS compiled with gcc version 9.3.0
c executed with command line: approxmc --sparse 1 -s 02 /experiments/results/floor.c/02/counterSharp/amm.dimacs
c -- header says num vars:          11429
c -- header says num clauses:       42683
c WARNING: Empty line at line number 42720 -- this is not part of the DIMACS specifications (http://www.satcompetition.org/2009/format-benchmarks2009.html). Ignoring.
c -- clauses added: 42683
c -- xor clauses added: 0
c -- vars added 11429
c [appmc] Sampling set size: 128
c [appmc] Sampling var set contains over 100 variables, not displaying
c [sparse] Using match: 2 sampling set size: 128 prev end inclusive is: 100 this end inclusive is: 150 next end inclusive is: 200 sampl size: 128
c [appmc] threshold set to 80 sparse: 1
c [appmc] Starting up, initial measurement
c [appmc] Starting at hash count: 1
c [appmc] [    0.00 ] round:  0 hashes:      1
c [appmc] [    0.00 ] bounded_sol_count looking for   81 solutions -- hashes active: 1
c [gauss] XOR-encoding clauses detached: 0 deleted: 0 T: 0.00
c [appmc] [    0.20 ] round:  0 hashes:      2
c [appmc] [    0.20 ] bounded_sol_count looking for   81 solutions -- hashes active: 2
c [gauss] XOR-encoding clauses detached: 484 deleted: 23 T: 0.00
c [appmc] [    0.24 ] round:  0 hashes:      4
c [appmc] [    0.24 ] bounded_sol_count looking for   81 solutions -- hashes active: 4
c [gauss] XOR-encoding clauses detached: 536 deleted: 0 T: 0.00
c [appmc] [    0.29 ] round:  0 hashes:      8
c [appmc] [    0.29 ] bounded_sol_count looking for   81 solutions -- hashes active: 8
c [gauss] XOR-encoding clauses detached: 1040 deleted: 0 T: 0.00
c [appmc] [    0.37 ] round:  0 hashes:     16
c [appmc] [    0.37 ] bounded_sol_count looking for   81 solutions -- hashes active: 16
c [gauss] XOR-encoding clauses detached: 2104 deleted: 0 T: 0.00
c [appmc] [    0.45 ] round:  0 hashes:     32
c [appmc] [    0.45 ] bounded_sol_count looking for   81 solutions -- hashes active: 32
c [gauss] XOR-encoding clauses detached: 3648 deleted: 0 T: 0.00
c [appmc] [    0.55 ] round:  0 hashes:     64
c [appmc] [    0.55 ] bounded_sol_count looking for   81 solutions -- hashes active: 64
c [gauss] XOR-encoding clauses detached: 5364 deleted: 0 T: 0.00
c [appmc] [    0.68 ] round:  0 hashes:     96
c [appmc] [    0.68 ] bounded_sol_count looking for   81 solutions -- hashes active: 96
c [gauss] XOR-encoding clauses detached: 3800 deleted: 0 T: 0.00
c [appmc] [    0.80 ] round:  0 hashes:    112
c [appmc] [    0.80 ] bounded_sol_count looking for   81 solutions -- hashes active: 112
c [gauss] XOR-encoding clauses detached: 1324 deleted: 0 T: 0.00
c [appmc] [    0.93 ] round:  0 hashes:    120
c [appmc] [    0.93 ] bounded_sol_count looking for   81 solutions -- hashes active: 120
c [gauss] XOR-encoding clauses detached: 696 deleted: 0 T: 0.00
c [appmc] [    1.07 ] round:  0 hashes:    124
c [appmc] [    1.07 ] bounded_sol_count looking for   81 solutions -- hashes active: 124
c [gauss] XOR-encoding clauses detached: 292 deleted: 0 T: 0.00
c [appmc] [    1.10 ] round:  0 hashes:    122
c [appmc] [    1.10 ] bounded_sol_count looking for   81 solutions -- hashes active: 122
c [appmc] [    1.10 ] round:  0 hashes:    121
c [appmc] [    1.10 ] bounded_sol_count looking for   81 solutions -- hashes active: 121
c [appmc] simplifying
c [gauss] XOR-encoding clauses reattached: 19288 T: 0.00
c [appmc] [    1.62 ] round:  1 hashes:    121
c [appmc] [    1.62 ] bounded_sol_count looking for   81 solutions -- hashes active: 121
c [gauss] XOR-encoding clauses detached: 18704 deleted: 0 T: 0.00
c [appmc] [    1.73 ] round:  1 hashes:    120
c [appmc] [    1.73 ] bounded_sol_count looking for   81 solutions -- hashes active: 120
c [appmc] simplifying
c [gauss] XOR-encoding clauses reattached: 18704 T: 0.00
c [appmc] [    1.90 ] round:  2 hashes:    121
c [appmc] [    1.90 ] bounded_sol_count looking for   81 solutions -- hashes active: 121
c [gauss] XOR-encoding clauses detached: 17960 deleted: 0 T: 0.00
c [appmc] [    2.03 ] round:  2 hashes:    120
c [appmc] [    2.03 ] bounded_sol_count looking for   81 solutions -- hashes active: 120
c [appmc] simplifying
c [gauss] XOR-encoding clauses reattached: 17960 T: 0.00
c [appmc] [    2.18 ] round:  3 hashes:    121
c [appmc] [    2.18 ] bounded_sol_count looking for   81 solutions -- hashes active: 121
c [gauss] XOR-encoding clauses detached: 18348 deleted: 0 T: 0.00
c [appmc] [    2.32 ] round:  3 hashes:    120
c [appmc] [    2.32 ] bounded_sol_count looking for   81 solutions -- hashes active: 120
c [appmc] simplifying
c [gauss] XOR-encoding clauses reattached: 18348 T: 0.00
c [appmc] [    2.48 ] round:  4 hashes:    121
c [appmc] [    2.48 ] bounded_sol_count looking for   81 solutions -- hashes active: 121
c [gauss] XOR-encoding clauses detached: 18624 deleted: 0 T: 0.00
c [appmc] [    2.63 ] round:  4 hashes:    120
c [appmc] [    2.63 ] bounded_sol_count looking for   81 solutions -- hashes active: 120
c [appmc] simplifying
c [gauss] XOR-encoding clauses reattached: 18624 T: 0.00
c [appmc] [    2.79 ] round:  5 hashes:    121
c [appmc] [    2.79 ] bounded_sol_count looking for   81 solutions -- hashes active: 121
c [gauss] XOR-encoding clauses detached: 18264 deleted: 0 T: 0.00
c [appmc] [    2.96 ] round:  5 hashes:    120
c [appmc] [    2.96 ] bounded_sol_count looking for   81 solutions -- hashes active: 120
c [appmc] simplifying
c [gauss] XOR-encoding clauses reattached: 18264 T: 0.00
c [appmc] [    3.12 ] round:  6 hashes:    121
c [appmc] [    3.12 ] bounded_sol_count looking for   81 solutions -- hashes active: 121
c [gauss] XOR-encoding clauses detached: 18560 deleted: 0 T: 0.00
c [appmc] [    3.31 ] round:  6 hashes:    120
c [appmc] [    3.31 ] bounded_sol_count looking for   81 solutions -- hashes active: 120
c [appmc] simplifying
c [gauss] XOR-encoding clauses reattached: 18560 T: 0.00
c [appmc] [    3.48 ] round:  7 hashes:    121
c [appmc] [    3.48 ] bounded_sol_count looking for   81 solutions -- hashes active: 121
c [gauss] XOR-encoding clauses detached: 18660 deleted: 0 T: 0.00
c [appmc] [    3.68 ] round:  7 hashes:    120
c [appmc] [    3.68 ] bounded_sol_count looking for   81 solutions -- hashes active: 120
c [appmc] simplifying
c [gauss] XOR-encoding clauses reattached: 18660 T: 0.00
c [appmc] [    3.85 ] round:  8 hashes:    121
c [appmc] [    3.85 ] bounded_sol_count looking for   81 solutions -- hashes active: 121
c [gauss] XOR-encoding clauses detached: 18396 deleted: 0 T: 0.00
c [appmc] [    4.07 ] round:  8 hashes:    120
c [appmc] [    4.07 ] bounded_sol_count looking for   81 solutions -- hashes active: 120
c [appmc] FINISHED ApproxMC T: 4.13 s
c [appmc] Number of solutions is: 64*2**121
s mc 170141183460469231731687303715884105728
** AMH **
c ApproxMC SHA revision df6d9fc8d112d758301d7527817e2eb1029fa5eb
c ApproxMC version 4.0.1
c ApproxMC compilation env CMAKE_CXX_COMPILER = /usr/bin/c++ | CMAKE_CXX_FLAGS =  -Wall -Wextra -Wunused -Wsign-compare -fno-omit-frame-pointer -Wtype-limits -Wuninitialized -Wno-deprecated -Wstrict-aliasing -Wpointer-arith -fvisibility=hidden -Wpointer-arith -Wformat-nonliteral -Winit-self -Wparentheses -Wunreachable-code -g -fvisibility=hidden -Wlogical-op -Wrestrict -Wnull-dereference -Wdouble-promotion -Wshadow -Wformat=2 -Wextra-semi -pedantic | COMPILE_DEFINES =  -DBOOST_TEST_DYN_LINK | STATICCOMPILE = OFF | Boost_FOUND = TRUE | ZLIB_FOUND = TRUE | VALGRIND_FOUND =  | GMP_FOUND = TRUE | ENABLE_ASSERTIONS = ON | MY_TARGETS =  | compilation date time = Oct 29 2020 17:34:59
c ApproxMC compiled with gcc version 9.3.0
c CryptoMiniSat version 5.8.0
c CMS Copyright Mate Soos (soos.mate@gmail.com)
c CMS SHA revision 6477e8bc43b0fda7038965bb148b64b8637c804b
c CMS is GPL licensed due to M4RI being linked. Build without M4RI to get MIT version
c Using VMTF code by Armin Biere from CaDiCaL
c Using Yalsat by Armin Biere, see Balint et al. Improving implementation of SLS solvers [...], SAT'14
c Using WalkSAT by Henry Kautz, see Kautz and Selman Pushing the envelope: planning, propositional logic, and stochastic search, AAAI'96,
c Using code from 'When Boolean Satisfiability Meets Gauss-E. in a Simplex Way'
c       by C.-S. Han and J.-H. Roland Jiang in CAV 2012. Fixes by M. Soos
c Using CCAnr from 'CCAnr: A Conf. Checking Based Local Search Solver [...]'
c       by Shaowei Cai, Chuan Luo, and Kaile Su, SAT 2015
c CMS compilation env CMAKE_CXX_COMPILER = /usr/bin/c++ | CMAKE_CXX_FLAGS =  -fvisibility=hidden -Wall -Wextra -Wunused -Wsign-compare -fno-omit-frame-pointer -Wtype-limits -Wuninitialized -Wno-deprecated -Wstrict-aliasing -Wpointer-arith -Wpointer-arith -Wformat-nonliteral -Winit-self -Wparentheses -Wunreachable-code -g -Wno-class-memaccess -mpopcnt -msse4.2 -ggdb3 -Wlogical-op -Wrestrict -Wnull-dereference -Wdouble-promotion -Wshadow -Wformat=2 -Wextra-semi -pedantic | COMPILE_DEFINES =  -DEXTENDED_FEATURES -DUSE_GAUSS -DBOOST_TEST_DYN_LINK -DUSE_ZLIB -DYALSAT_FPU -DUSE_M4RI | STATICCOMPILE = OFF | ONLY_SIMPLE = OFF | Boost_FOUND = TRUE | STATS = OFF | SQLITE3_FOUND = FALSE | ZLIB_FOUND = TRUE | VALGRIND_FOUND =  | ENABLE_TESTING = OFF | M4RI_FOUND = TRUE | NOM4RI = OFF | SLOW_DEBUG = OFF | ENABLE_ASSERTIONS = ON | PYTHON_EXECUTABLE = PYTHON_EXECUTABLE-NOTFOUND | PYTHON_LIBRARY = PYTHON_LIBRARY-NOTFOUND | PYTHON_INCLUDE_DIRS =  | MY_TARGETS =  | LARGEMEM = OFF | LIMITMEM = OFF | BREAKID_LIBRARIES =  | BREAKID-VER = . | BOSPHORUS_LIBRARIES =  | BOSPH-VER = . | compilation date time = Oct 29 2020 17:34:11
c CMS compiled with gcc version 9.3.0
c executed with command line: approxmc --sparse 1 -s 02 /experiments/results/floor.c/02/counterSharp/amh.dimacs
c -- header says num vars:          11430
c -- header says num clauses:       42685
c WARNING: Empty line at line number 42722 -- this is not part of the DIMACS specifications (http://www.satcompetition.org/2009/format-benchmarks2009.html). Ignoring.
c -- clauses added: 42685
c -- xor clauses added: 0
c -- vars added 11430
c [appmc] Sampling set size: 128
c [appmc] Sampling var set contains over 100 variables, not displaying
c [sparse] Using match: 2 sampling set size: 128 prev end inclusive is: 100 this end inclusive is: 150 next end inclusive is: 200 sampl size: 128
c [appmc] threshold set to 80 sparse: 1
c [appmc] Starting up, initial measurement
c [appmc] Starting at hash count: 1
c [appmc] [    0.00 ] round:  0 hashes:      1
c [appmc] [    0.00 ] bounded_sol_count looking for   81 solutions -- hashes active: 1
c [gauss] XOR-encoding clauses detached: 0 deleted: 0 T: 0.00
c [appmc] [    0.24 ] round:  0 hashes:      2
c [appmc] [    0.24 ] bounded_sol_count looking for   81 solutions -- hashes active: 2
c [gauss] XOR-encoding clauses detached: 1036 deleted: 18 T: 0.00
c [appmc] [    0.29 ] round:  0 hashes:      4
c [appmc] [    0.29 ] bounded_sol_count looking for   81 solutions -- hashes active: 4
c [gauss] XOR-encoding clauses detached: 656 deleted: 0 T: 0.00
c [appmc] [    0.35 ] round:  0 hashes:      8
c [appmc] [    0.35 ] bounded_sol_count looking for   81 solutions -- hashes active: 8
c [gauss] XOR-encoding clauses detached: 1080 deleted: 0 T: 0.00
c [appmc] [    0.45 ] round:  0 hashes:     16
c [appmc] [    0.45 ] bounded_sol_count looking for   81 solutions -- hashes active: 16
c [gauss] XOR-encoding clauses detached: 2109 deleted: 0 T: 0.00
c [appmc] [    0.56 ] round:  0 hashes:     32
c [appmc] [    0.56 ] bounded_sol_count looking for   81 solutions -- hashes active: 32
c [gauss] XOR-encoding clauses detached: 3648 deleted: 0 T: 0.00
c [appmc] [    0.69 ] round:  0 hashes:     64
c [appmc] [    0.69 ] bounded_sol_count looking for   81 solutions -- hashes active: 64
c [gauss] XOR-encoding clauses detached: 5364 deleted: 0 T: 0.00
c [appmc] [    0.85 ] round:  0 hashes:     96
c [appmc] [    0.85 ] bounded_sol_count looking for   81 solutions -- hashes active: 96
c [gauss] XOR-encoding clauses detached: 3800 deleted: 0 T: 0.00
c [appmc] [    1.01 ] round:  0 hashes:    112
c [appmc] [    1.01 ] bounded_sol_count looking for   81 solutions -- hashes active: 112
c [gauss] XOR-encoding clauses detached: 1324 deleted: 0 T: 0.00
c [appmc] [    1.18 ] round:  0 hashes:    120
c [appmc] [    1.18 ] bounded_sol_count looking for   81 solutions -- hashes active: 120
c [gauss] XOR-encoding clauses detached: 696 deleted: 0 T: 0.00
c [appmc] [    1.35 ] round:  0 hashes:    124
c [appmc] [    1.35 ] bounded_sol_count looking for   81 solutions -- hashes active: 124
c [gauss] XOR-encoding clauses detached: 292 deleted: 0 T: 0.00
c [appmc] [    1.36 ] round:  0 hashes:    122
c [appmc] [    1.36 ] bounded_sol_count looking for   81 solutions -- hashes active: 122
c [appmc] [    1.39 ] round:  0 hashes:    121
c [appmc] [    1.39 ] bounded_sol_count looking for   81 solutions -- hashes active: 121
c [appmc] simplifying
c [gauss] XOR-encoding clauses reattached: 20005 T: 0.00
c [appmc] [    3.04 ] round:  1 hashes:    121
c [appmc] [    3.04 ] bounded_sol_count looking for   81 solutions -- hashes active: 121
c [gauss] XOR-encoding clauses detached: 19332 deleted: 0 T: 0.00
c [appmc] [    3.15 ] round:  1 hashes:    120
c [appmc] [    3.15 ] bounded_sol_count looking for   81 solutions -- hashes active: 120
c [appmc] simplifying
c [gauss] XOR-encoding clauses reattached: 19332 T: 0.00
c [appmc] [    3.46 ] round:  2 hashes:    121
c [appmc] [    3.46 ] bounded_sol_count looking for   81 solutions -- hashes active: 121
c [gauss] XOR-encoding clauses detached: 17960 deleted: 0 T: 0.00
c [appmc] [    3.59 ] round:  2 hashes:    120
c [appmc] [    3.59 ] bounded_sol_count looking for   81 solutions -- hashes active: 120
c [appmc] simplifying
c [gauss] XOR-encoding clauses reattached: 17960 T: 0.00
c [appmc] [    3.84 ] round:  3 hashes:    121
c [appmc] [    3.84 ] bounded_sol_count looking for   81 solutions -- hashes active: 121
c [gauss] XOR-encoding clauses detached: 18348 deleted: 0 T: 0.00
c [appmc] [    3.99 ] round:  3 hashes:    120
c [appmc] [    3.99 ] bounded_sol_count looking for   81 solutions -- hashes active: 120
c [appmc] simplifying
c [gauss] XOR-encoding clauses reattached: 18348 T: 0.00
c [appmc] [    4.28 ] round:  4 hashes:    121
c [appmc] [    4.28 ] bounded_sol_count looking for   81 solutions -- hashes active: 121
c [gauss] XOR-encoding clauses detached: 18624 deleted: 0 T: 0.00
c [appmc] [    4.45 ] round:  4 hashes:    120
c [appmc] [    4.45 ] bounded_sol_count looking for   81 solutions -- hashes active: 120
c [appmc] simplifying
c [gauss] XOR-encoding clauses reattached: 18624 T: 0.00
c [appmc] [    4.71 ] round:  5 hashes:    121
c [appmc] [    4.71 ] bounded_sol_count looking for   81 solutions -- hashes active: 121
c [gauss] XOR-encoding clauses detached: 18264 deleted: 0 T: 0.00
c [appmc] [    4.89 ] round:  5 hashes:    120
c [appmc] [    4.89 ] bounded_sol_count looking for   81 solutions -- hashes active: 120
c [appmc] simplifying
c [gauss] XOR-encoding clauses reattached: 18264 T: 0.00
c [appmc] [    5.20 ] round:  6 hashes:    121
c [appmc] [    5.20 ] bounded_sol_count looking for   81 solutions -- hashes active: 121
c [gauss] XOR-encoding clauses detached: 18560 deleted: 0 T: 0.00
c [appmc] [    5.40 ] round:  6 hashes:    120
c [appmc] [    5.40 ] bounded_sol_count looking for   81 solutions -- hashes active: 120
c [appmc] simplifying
c [gauss] XOR-encoding clauses reattached: 18560 T: 0.00
c [appmc] [    5.70 ] round:  7 hashes:    121
c [appmc] [    5.70 ] bounded_sol_count looking for   81 solutions -- hashes active: 121
c [gauss] XOR-encoding clauses detached: 18660 deleted: 0 T: 0.00
c [appmc] [    5.92 ] round:  7 hashes:    120
c [appmc] [    5.92 ] bounded_sol_count looking for   81 solutions -- hashes active: 120
c [appmc] simplifying
c [gauss] XOR-encoding clauses reattached: 18660 T: 0.00
c [appmc] [    6.19 ] round:  8 hashes:    121
c [appmc] [    6.19 ] bounded_sol_count looking for   81 solutions -- hashes active: 121
c [gauss] XOR-encoding clauses detached: 18396 deleted: 0 T: 0.00
c [appmc] [    6.43 ] round:  8 hashes:    120
c [appmc] [    6.43 ] bounded_sol_count looking for   81 solutions -- hashes active: 120
c [appmc] FINISHED ApproxMC T: 6.50 s
c [appmc] Number of solutions is: 64*2**121
s mc 170141183460469231731687303715884105728
** ASM **
c ApproxMC SHA revision df6d9fc8d112d758301d7527817e2eb1029fa5eb
c ApproxMC version 4.0.1
c ApproxMC compilation env CMAKE_CXX_COMPILER = /usr/bin/c++ | CMAKE_CXX_FLAGS =  -Wall -Wextra -Wunused -Wsign-compare -fno-omit-frame-pointer -Wtype-limits -Wuninitialized -Wno-deprecated -Wstrict-aliasing -Wpointer-arith -fvisibility=hidden -Wpointer-arith -Wformat-nonliteral -Winit-self -Wparentheses -Wunreachable-code -g -fvisibility=hidden -Wlogical-op -Wrestrict -Wnull-dereference -Wdouble-promotion -Wshadow -Wformat=2 -Wextra-semi -pedantic | COMPILE_DEFINES =  -DBOOST_TEST_DYN_LINK | STATICCOMPILE = OFF | Boost_FOUND = TRUE | ZLIB_FOUND = TRUE | VALGRIND_FOUND =  | GMP_FOUND = TRUE | ENABLE_ASSERTIONS = ON | MY_TARGETS =  | compilation date time = Oct 29 2020 17:34:59
c ApproxMC compiled with gcc version 9.3.0
c CryptoMiniSat version 5.8.0
c CMS Copyright Mate Soos (soos.mate@gmail.com)
c CMS SHA revision 6477e8bc43b0fda7038965bb148b64b8637c804b
c CMS is GPL licensed due to M4RI being linked. Build without M4RI to get MIT version
c Using VMTF code by Armin Biere from CaDiCaL
c Using Yalsat by Armin Biere, see Balint et al. Improving implementation of SLS solvers [...], SAT'14
c Using WalkSAT by Henry Kautz, see Kautz and Selman Pushing the envelope: planning, propositional logic, and stochastic search, AAAI'96,
c Using code from 'When Boolean Satisfiability Meets Gauss-E. in a Simplex Way'
c       by C.-S. Han and J.-H. Roland Jiang in CAV 2012. Fixes by M. Soos
c Using CCAnr from 'CCAnr: A Conf. Checking Based Local Search Solver [...]'
c       by Shaowei Cai, Chuan Luo, and Kaile Su, SAT 2015
c CMS compilation env CMAKE_CXX_COMPILER = /usr/bin/c++ | CMAKE_CXX_FLAGS =  -fvisibility=hidden -Wall -Wextra -Wunused -Wsign-compare -fno-omit-frame-pointer -Wtype-limits -Wuninitialized -Wno-deprecated -Wstrict-aliasing -Wpointer-arith -Wpointer-arith -Wformat-nonliteral -Winit-self -Wparentheses -Wunreachable-code -g -Wno-class-memaccess -mpopcnt -msse4.2 -ggdb3 -Wlogical-op -Wrestrict -Wnull-dereference -Wdouble-promotion -Wshadow -Wformat=2 -Wextra-semi -pedantic | COMPILE_DEFINES =  -DEXTENDED_FEATURES -DUSE_GAUSS -DBOOST_TEST_DYN_LINK -DUSE_ZLIB -DYALSAT_FPU -DUSE_M4RI | STATICCOMPILE = OFF | ONLY_SIMPLE = OFF | Boost_FOUND = TRUE | STATS = OFF | SQLITE3_FOUND = FALSE | ZLIB_FOUND = TRUE | VALGRIND_FOUND =  | ENABLE_TESTING = OFF | M4RI_FOUND = TRUE | NOM4RI = OFF | SLOW_DEBUG = OFF | ENABLE_ASSERTIONS = ON | PYTHON_EXECUTABLE = PYTHON_EXECUTABLE-NOTFOUND | PYTHON_LIBRARY = PYTHON_LIBRARY-NOTFOUND | PYTHON_INCLUDE_DIRS =  | MY_TARGETS =  | LARGEMEM = OFF | LIMITMEM = OFF | BREAKID_LIBRARIES =  | BREAKID-VER = . | BOSPHORUS_LIBRARIES =  | BOSPH-VER = . | compilation date time = Oct 29 2020 17:34:11
c CMS compiled with gcc version 9.3.0
c executed with command line: approxmc --sparse 1 -s 02 /experiments/results/floor.c/02/counterSharp/asm.dimacs
c -- header says num vars:          11428
c -- header says num clauses:       42682
c WARNING: Empty line at line number 42718 -- this is not part of the DIMACS specifications (http://www.satcompetition.org/2009/format-benchmarks2009.html). Ignoring.
c -- clauses added: 42682
c -- xor clauses added: 0
c -- vars added 11428
c [appmc] Sampling set size: 128
c [appmc] Sampling var set contains over 100 variables, not displaying
c [sparse] Using match: 2 sampling set size: 128 prev end inclusive is: 100 this end inclusive is: 150 next end inclusive is: 200 sampl size: 128
c [appmc] threshold set to 80 sparse: 1
c [appmc] Starting up, initial measurement
c [appmc] Starting at hash count: 1
c [appmc] [    0.00 ] round:  0 hashes:      1
c [appmc] [    0.00 ] bounded_sol_count looking for   81 solutions -- hashes active: 1
c [gauss] XOR-encoding clauses detached: 0 deleted: 0 T: 0.00
c [appmc] [    0.19 ] round:  0 hashes:      1
c [appmc] [    0.19 ] bounded_sol_count looking for   81 solutions -- hashes active: 1
c [appmc] simplifying
c [appmc] [    0.19 ] round:  1 hashes:      1
c [appmc] [    0.19 ] bounded_sol_count looking for   81 solutions -- hashes active: 1
c [appmc] [    0.19 ] round:  1 hashes:      0
c [appmc] [    0.19 ] bounded_sol_count looking for   81 solutions -- hashes active: 0
c [appmc] simplifying
c [appmc] [    0.19 ] round:  2 hashes:      1
c [appmc] [    0.19 ] bounded_sol_count looking for   81 solutions -- hashes active: 1
c [appmc] [    0.19 ] round:  2 hashes:      0
c [appmc] [    0.19 ] bounded_sol_count looking for   81 solutions -- hashes active: 0
c [appmc] simplifying
c [appmc] [    0.19 ] round:  3 hashes:      1
c [appmc] [    0.19 ] bounded_sol_count looking for   81 solutions -- hashes active: 1
c [appmc] [    0.19 ] round:  3 hashes:      0
c [appmc] [    0.19 ] bounded_sol_count looking for   81 solutions -- hashes active: 0
c [appmc] simplifying
c [appmc] [    0.19 ] round:  4 hashes:      1
c [appmc] [    0.19 ] bounded_sol_count looking for   81 solutions -- hashes active: 1
c [appmc] [    0.19 ] round:  4 hashes:      0
c [appmc] [    0.19 ] bounded_sol_count looking for   81 solutions -- hashes active: 0
c [appmc] simplifying
c [appmc] [    0.19 ] round:  5 hashes:      1
c [appmc] [    0.19 ] bounded_sol_count looking for   81 solutions -- hashes active: 1
c [appmc] [    0.19 ] round:  5 hashes:      0
c [appmc] [    0.19 ] bounded_sol_count looking for   81 solutions -- hashes active: 0
c [appmc] simplifying
c [appmc] [    0.19 ] round:  6 hashes:      1
c [appmc] [    0.19 ] bounded_sol_count looking for   81 solutions -- hashes active: 1
c [appmc] [    0.19 ] round:  6 hashes:      0
c [appmc] [    0.19 ] bounded_sol_count looking for   81 solutions -- hashes active: 0
c [appmc] simplifying
c [appmc] [    0.19 ] round:  7 hashes:      1
c [appmc] [    0.19 ] bounded_sol_count looking for   81 solutions -- hashes active: 1
c [appmc] [    0.19 ] round:  7 hashes:      0
c [appmc] [    0.19 ] bounded_sol_count looking for   81 solutions -- hashes active: 0
c [appmc] simplifying
c [appmc] [    0.19 ] round:  8 hashes:      1
c [appmc] [    0.19 ] bounded_sol_count looking for   81 solutions -- hashes active: 1
c [appmc] [    0.19 ] round:  8 hashes:      0
c [appmc] [    0.19 ] bounded_sol_count looking for   81 solutions -- hashes active: 0
** ASH **
c ApproxMC SHA revision df6d9fc8d112d758301d7527817e2eb1029fa5eb
c ApproxMC version 4.0.1
c ApproxMC compilation env CMAKE_CXX_COMPILER = /usr/bin/c++ | CMAKE_CXX_FLAGS =  -Wall -Wextra -Wunused -Wsign-compare -fno-omit-frame-pointer -Wtype-limits -Wuninitialized -Wno-deprecated -Wstrict-aliasing -Wpointer-arith -fvisibility=hidden -Wpointer-arith -Wformat-nonliteral -Winit-self -Wparentheses -Wunreachable-code -g -fvisibility=hidden -Wlogical-op -Wrestrict -Wnull-dereference -Wdouble-promotion -Wshadow -Wformat=2 -Wextra-semi -pedantic | COMPILE_DEFINES =  -DBOOST_TEST_DYN_LINK | STATICCOMPILE = OFF | Boost_FOUND = TRUE | ZLIB_FOUND = TRUE | VALGRIND_FOUND =  | GMP_FOUND = TRUE | ENABLE_ASSERTIONS = ON | MY_TARGETS =  | compilation date time = Oct 29 2020 17:34:59
c ApproxMC compiled with gcc version 9.3.0
c CryptoMiniSat version 5.8.0
c CMS Copyright Mate Soos (soos.mate@gmail.com)
c CMS SHA revision 6477e8bc43b0fda7038965bb148b64b8637c804b
c CMS is GPL licensed due to M4RI being linked. Build without M4RI to get MIT version
c Using VMTF code by Armin Biere from CaDiCaL
c Using Yalsat by Armin Biere, see Balint et al. Improving implementation of SLS solvers [...], SAT'14
c Using WalkSAT by Henry Kautz, see Kautz and Selman Pushing the envelope: planning, propositional logic, and stochastic search, AAAI'96,
c Using code from 'When Boolean Satisfiability Meets Gauss-E. in a Simplex Way'
c       by C.-S. Han and J.-H. Roland Jiang in CAV 2012. Fixes by M. Soos
c Using CCAnr from 'CCAnr: A Conf. Checking Based Local Search Solver [...]'
c       by Shaowei Cai, Chuan Luo, and Kaile Su, SAT 2015
c CMS compilation env CMAKE_CXX_COMPILER = /usr/bin/c++ | CMAKE_CXX_FLAGS =  -fvisibility=hidden -Wall -Wextra -Wunused -Wsign-compare -fno-omit-frame-pointer -Wtype-limits -Wuninitialized -Wno-deprecated -Wstrict-aliasing -Wpointer-arith -Wpointer-arith -Wformat-nonliteral -Winit-self -Wparentheses -Wunreachable-code -g -Wno-class-memaccess -mpopcnt -msse4.2 -ggdb3 -Wlogical-op -Wrestrict -Wnull-dereference -Wdouble-promotion -Wshadow -Wformat=2 -Wextra-semi -pedantic | COMPILE_DEFINES =  -DEXTENDED_FEATURES -DUSE_GAUSS -DBOOST_TEST_DYN_LINK -DUSE_ZLIB -DYALSAT_FPU -DUSE_M4RI | STATICCOMPILE = OFF | ONLY_SIMPLE = OFF | Boost_FOUND = TRUE | STATS = OFF | SQLITE3_FOUND = FALSE | ZLIB_FOUND = TRUE | VALGRIND_FOUND =  | ENABLE_TESTING = OFF | M4RI_FOUND = TRUE | NOM4RI = OFF | SLOW_DEBUG = OFF | ENABLE_ASSERTIONS = ON | PYTHON_EXECUTABLE = PYTHON_EXECUTABLE-NOTFOUND | PYTHON_LIBRARY = PYTHON_LIBRARY-NOTFOUND | PYTHON_INCLUDE_DIRS =  | MY_TARGETS =  | LARGEMEM = OFF | LIMITMEM = OFF | BREAKID_LIBRARIES =  | BREAKID-VER = . | BOSPHORUS_LIBRARIES =  | BOSPH-VER = . | compilation date time = Oct 29 2020 17:34:11
c CMS compiled with gcc version 9.3.0
c executed with command line: approxmc --sparse 1 -s 02 /experiments/results/floor.c/02/counterSharp/ash.dimacs
c -- header says num vars:          11430
c -- header says num clauses:       42685
c WARNING: Empty line at line number 42722 -- this is not part of the DIMACS specifications (http://www.satcompetition.org/2009/format-benchmarks2009.html). Ignoring.
c -- clauses added: 42685
c -- xor clauses added: 0
c -- vars added 11430
c [appmc] Sampling set size: 128
c [appmc] Sampling var set contains over 100 variables, not displaying
c [sparse] Using match: 2 sampling set size: 128 prev end inclusive is: 100 this end inclusive is: 150 next end inclusive is: 200 sampl size: 128
c [appmc] threshold set to 80 sparse: 1
c [appmc] Starting up, initial measurement
c [appmc] Starting at hash count: 1
c [appmc] [    0.00 ] round:  0 hashes:      1
c [appmc] [    0.00 ] bounded_sol_count looking for   81 solutions -- hashes active: 1
c [gauss] XOR-encoding clauses detached: 0 deleted: 0 T: 0.00
c [appmc] [    0.23 ] round:  0 hashes:      2
c [appmc] [    0.23 ] bounded_sol_count looking for   81 solutions -- hashes active: 2
c [gauss] XOR-encoding clauses detached: 1028 deleted: 29 T: 0.00
c [appmc] [    0.27 ] round:  0 hashes:      4
c [appmc] [    0.27 ] bounded_sol_count looking for   81 solutions -- hashes active: 4
c [gauss] XOR-encoding clauses detached: 656 deleted: 0 T: 0.00
c [appmc] [    0.34 ] round:  0 hashes:      8
c [appmc] [    0.34 ] bounded_sol_count looking for   81 solutions -- hashes active: 8
c [gauss] XOR-encoding clauses detached: 1080 deleted: 0 T: 0.00
c [appmc] [    0.42 ] round:  0 hashes:     16
c [appmc] [    0.42 ] bounded_sol_count looking for   81 solutions -- hashes active: 16
c [gauss] XOR-encoding clauses detached: 2109 deleted: 0 T: 0.00
c [appmc] [    0.52 ] round:  0 hashes:     32
c [appmc] [    0.52 ] bounded_sol_count looking for   81 solutions -- hashes active: 32
c [gauss] XOR-encoding clauses detached: 3648 deleted: 0 T: 0.00
c [appmc] [    0.63 ] round:  0 hashes:     64
c [appmc] [    0.63 ] bounded_sol_count looking for   81 solutions -- hashes active: 64
c [gauss] XOR-encoding clauses detached: 5364 deleted: 0 T: 0.00
c [appmc] [    0.77 ] round:  0 hashes:     96
c [appmc] [    0.77 ] bounded_sol_count looking for   81 solutions -- hashes active: 96
c [gauss] XOR-encoding clauses detached: 3800 deleted: 0 T: 0.00
c [appmc] [    0.93 ] round:  0 hashes:    112
c [appmc] [    0.93 ] bounded_sol_count looking for   81 solutions -- hashes active: 112
c [gauss] XOR-encoding clauses detached: 1324 deleted: 0 T: 0.00
c [appmc] [    1.08 ] round:  0 hashes:    120
c [appmc] [    1.08 ] bounded_sol_count looking for   81 solutions -- hashes active: 120
c [gauss] XOR-encoding clauses detached: 696 deleted: 0 T: 0.00
c [appmc] [    1.25 ] round:  0 hashes:    124
c [appmc] [    1.25 ] bounded_sol_count looking for   81 solutions -- hashes active: 124
c [gauss] XOR-encoding clauses detached: 292 deleted: 0 T: 0.00
c [appmc] [    1.25 ] round:  0 hashes:    122
c [appmc] [    1.25 ] bounded_sol_count looking for   81 solutions -- hashes active: 122
c [appmc] [    1.28 ] round:  0 hashes:    121
c [appmc] [    1.28 ] bounded_sol_count looking for   81 solutions -- hashes active: 121
c [appmc] simplifying
c [gauss] XOR-encoding clauses reattached: 19997 T: 0.00
c [appmc] [    2.72 ] round:  1 hashes:    121
c [appmc] [    2.72 ] bounded_sol_count looking for   81 solutions -- hashes active: 121
c [gauss] XOR-encoding clauses detached: 19328 deleted: 0 T: 0.00
c [appmc] [    2.83 ] round:  1 hashes:    120
c [appmc] [    2.83 ] bounded_sol_count looking for   81 solutions -- hashes active: 120
c [appmc] simplifying
c [gauss] XOR-encoding clauses reattached: 19328 T: 0.00
c [appmc] [    3.16 ] round:  2 hashes:    121
c [appmc] [    3.16 ] bounded_sol_count looking for   81 solutions -- hashes active: 121
c [gauss] XOR-encoding clauses detached: 18585 deleted: 0 T: 0.00
c [appmc] [    3.28 ] round:  2 hashes:    120
c [appmc] [    3.28 ] bounded_sol_count looking for   81 solutions -- hashes active: 120
c [appmc] simplifying
c [gauss] XOR-encoding clauses reattached: 18585 T: 0.00
c [appmc] [    3.54 ] round:  3 hashes:    121
c [appmc] [    3.54 ] bounded_sol_count looking for   81 solutions -- hashes active: 121
c [gauss] XOR-encoding clauses detached: 18973 deleted: 0 T: 0.00
c [appmc] [    3.68 ] round:  3 hashes:    120
c [appmc] [    3.68 ] bounded_sol_count looking for   81 solutions -- hashes active: 120
c [appmc] simplifying
c [gauss] XOR-encoding clauses reattached: 18973 T: 0.00
c [appmc] [    3.94 ] round:  4 hashes:    121
c [appmc] [    3.94 ] bounded_sol_count looking for   81 solutions -- hashes active: 121
c [gauss] XOR-encoding clauses detached: 19249 deleted: 0 T: 0.00
c [appmc] [    4.10 ] round:  4 hashes:    120
c [appmc] [    4.10 ] bounded_sol_count looking for   81 solutions -- hashes active: 120
c [appmc] simplifying
c [gauss] XOR-encoding clauses reattached: 19249 T: 0.00
c [appmc] [    4.41 ] round:  5 hashes:    121
c [appmc] [    4.41 ] bounded_sol_count looking for   81 solutions -- hashes active: 121
c [gauss] XOR-encoding clauses detached: 18889 deleted: 0 T: 0.00
c [appmc] [    4.58 ] round:  5 hashes:    120
c [appmc] [    4.58 ] bounded_sol_count looking for   81 solutions -- hashes active: 120
c [appmc] simplifying
c [gauss] XOR-encoding clauses reattached: 18889 T: 0.00
c [appmc] [    4.84 ] round:  6 hashes:    121
c [appmc] [    4.84 ] bounded_sol_count looking for   81 solutions -- hashes active: 121
c [gauss] XOR-encoding clauses detached: 19185 deleted: 0 T: 0.00
c [appmc] [    5.03 ] round:  6 hashes:    120
c [appmc] [    5.03 ] bounded_sol_count looking for   81 solutions -- hashes active: 120
c [appmc] simplifying
c [gauss] XOR-encoding clauses reattached: 19185 T: 0.00
c [appmc] [    5.31 ] round:  7 hashes:    121
c [appmc] [    5.31 ] bounded_sol_count looking for   81 solutions -- hashes active: 121
c [gauss] XOR-encoding clauses detached: 19285 deleted: 0 T: 0.00
c [appmc] [    5.52 ] round:  7 hashes:    120
c [appmc] [    5.52 ] bounded_sol_count looking for   81 solutions -- hashes active: 120
c [appmc] simplifying
c [gauss] XOR-encoding clauses reattached: 19285 T: 0.00
c [appmc] [    5.81 ] round:  8 hashes:    121
c [appmc] [    5.81 ] bounded_sol_count looking for   81 solutions -- hashes active: 121
c [gauss] XOR-encoding clauses detached: 19021 deleted: 0 T: 0.00
c [appmc] [    6.03 ] round:  8 hashes:    120
c [appmc] [    6.03 ] bounded_sol_count looking for   81 solutions -- hashes active: 120
c [appmc] FINISHED ApproxMC T: 6.09 s
c [appmc] Number of solutions is: 64*2**121
s mc 170141183460469231731687303715884105728
