** CON **
[runlim] version:		1.10
[runlim] time limit:		311040000 seconds
[runlim] real time limit:	300 seconds
[runlim] space limit:		2048 MB
[runlim] argv[0]:		approxmc
[runlim] argv[1]:		-s
[runlim] argv[2]:		04
[runlim] argv[3]:		/experiments/results/Waldkirch.c/04/counterSharp/con.dimacs
[runlim] start:			Mon Aug  8 22:59:53 2022
[runlim] main pid:		4572
[runlim] end:			Mon Aug  8 22:59:53 2022
[runlim] status:		ok
[runlim] result:		0
[runlim] children:		0
[runlim] real:			0.79 seconds
[runlim] time:			0.00 seconds
[runlim] space:			6.3 MB
[runlim] samples:		1
** AMM **
[runlim] version:		1.10
[runlim] time limit:		311040000 seconds
[runlim] real time limit:	300 seconds
[runlim] space limit:		2048 MB
[runlim] argv[0]:		approxmc
[runlim] argv[1]:		-s
[runlim] argv[2]:		04
[runlim] argv[3]:		/experiments/results/Waldkirch.c/04/counterSharp/amm.dimacs
[runlim] start:			Mon Aug  8 22:59:53 2022
[runlim] main pid:		4574
[runlim] end:			Mon Aug  8 22:59:54 2022
[runlim] status:		ok
[runlim] result:		0
[runlim] children:		0
[runlim] real:			1.10 seconds
[runlim] time:			0.28 seconds
[runlim] space:			10.4 MB
[runlim] samples:		3
** AMH **
[runlim] version:		1.10
[runlim] time limit:		311040000 seconds
[runlim] real time limit:	300 seconds
[runlim] space limit:		2048 MB
[runlim] argv[0]:		approxmc
[runlim] argv[1]:		-s
[runlim] argv[2]:		04
[runlim] argv[3]:		/experiments/results/Waldkirch.c/04/counterSharp/amh.dimacs
[runlim] start:			Mon Aug  8 22:59:54 2022
[runlim] main pid:		4576
[runlim] end:			Mon Aug  8 22:59:54 2022
[runlim] status:		ok
[runlim] result:		0
[runlim] children:		0
[runlim] real:			0.48 seconds
[runlim] time:			0.27 seconds
[runlim] space:			8.5 MB
[runlim] samples:		3
** ASM **
[runlim] version:		1.10
[runlim] time limit:		311040000 seconds
[runlim] real time limit:	300 seconds
[runlim] space limit:		2048 MB
[runlim] argv[0]:		approxmc
[runlim] argv[1]:		-s
[runlim] argv[2]:		04
[runlim] argv[3]:		/experiments/results/Waldkirch.c/04/counterSharp/asm.dimacs
[runlim] start:			Mon Aug  8 22:59:54 2022
[runlim] main pid:		4578
[runlim] end:			Mon Aug  8 22:59:55 2022
[runlim] status:		ok
[runlim] result:		0
[runlim] children:		0
[runlim] real:			1.02 seconds
[runlim] time:			0.42 seconds
[runlim] space:			8.3 MB
[runlim] samples:		5
** ASH **
[runlim] version:		1.10
[runlim] time limit:		311040000 seconds
[runlim] real time limit:	300 seconds
[runlim] space limit:		2048 MB
[runlim] argv[0]:		approxmc
[runlim] argv[1]:		-s
[runlim] argv[2]:		04
[runlim] argv[3]:		/experiments/results/Waldkirch.c/04/counterSharp/ash.dimacs
[runlim] start:			Mon Aug  8 22:59:55 2022
[runlim] main pid:		4580
[runlim] end:			Mon Aug  8 22:59:55 2022
[runlim] status:		ok
[runlim] result:		0
[runlim] children:		0
[runlim] real:			0.35 seconds
[runlim] time:			0.28 seconds
[runlim] space:			8.4 MB
[runlim] samples:		3
