** CON **
[runlim] version:		1.10
[runlim] time limit:		311040000 seconds
[runlim] real time limit:	300 seconds
[runlim] space limit:		2048 MB
[runlim] argv[0]:		approxmc
[runlim] argv[1]:		-s
[runlim] argv[2]:		05
[runlim] argv[3]:		/experiments/results/gsv2008-2.c/05/counterSharp/con.dimacs
[runlim] start:			Mon Aug  8 22:13:18 2022
[runlim] main pid:		3748
[runlim] end:			Mon Aug  8 22:13:19 2022
[runlim] status:		ok
[runlim] result:		0
[runlim] children:		0
[runlim] real:			1.46 seconds
[runlim] time:			0.86 seconds
[runlim] space:			20.1 MB
[runlim] samples:		9
** AMM **
[runlim] version:		1.10
[runlim] time limit:		311040000 seconds
[runlim] real time limit:	300 seconds
[runlim] space limit:		2048 MB
[runlim] argv[0]:		approxmc
[runlim] argv[1]:		-s
[runlim] argv[2]:		05
[runlim] argv[3]:		/experiments/results/gsv2008-2.c/05/counterSharp/amm.dimacs
[runlim] start:			Mon Aug  8 22:13:19 2022
[runlim] main pid:		3750
[runlim] end:			Mon Aug  8 22:13:27 2022
[runlim] status:		ok
[runlim] result:		0
[runlim] children:		0
[runlim] real:			8.13 seconds
[runlim] time:			7.55 seconds
[runlim] space:			50.8 MB
[runlim] samples:		76
** AMH **
[runlim] version:		1.10
[runlim] time limit:		311040000 seconds
[runlim] real time limit:	300 seconds
[runlim] space limit:		2048 MB
[runlim] argv[0]:		approxmc
[runlim] argv[1]:		-s
[runlim] argv[2]:		05
[runlim] argv[3]:		/experiments/results/gsv2008-2.c/05/counterSharp/amh.dimacs
[runlim] start:			Mon Aug  8 22:13:27 2022
[runlim] main pid:		3752
[runlim] sample:		9.9 time, 10.1 real, 46.6 MB
[runlim] sample:		19.9 time, 20.1 real, 44.3 MB
[runlim] sample:		29.9 time, 30.1 real, 50.3 MB
[runlim] end:			Mon Aug  8 22:14:04 2022
[runlim] status:		ok
[runlim] result:		0
[runlim] children:		0
[runlim] real:			37.67 seconds
[runlim] time:			37.45 seconds
[runlim] space:			60.6 MB
[runlim] samples:		375
** ASM **
[runlim] version:		1.10
[runlim] time limit:		311040000 seconds
[runlim] real time limit:	300 seconds
[runlim] space limit:		2048 MB
[runlim] argv[0]:		approxmc
[runlim] argv[1]:		-s
[runlim] argv[2]:		05
[runlim] argv[3]:		/experiments/results/gsv2008-2.c/05/counterSharp/asm.dimacs
[runlim] start:			Mon Aug  8 22:14:04 2022
[runlim] main pid:		3754
[runlim] end:			Mon Aug  8 22:14:05 2022
[runlim] status:		ok
[runlim] result:		0
[runlim] children:		0
[runlim] real:			1.95 seconds
[runlim] time:			1.18 seconds
[runlim] space:			21.7 MB
[runlim] samples:		12
** ASH **
[runlim] version:		1.10
[runlim] time limit:		311040000 seconds
[runlim] real time limit:	300 seconds
[runlim] space limit:		2048 MB
[runlim] argv[0]:		approxmc
[runlim] argv[1]:		-s
[runlim] argv[2]:		05
[runlim] argv[3]:		/experiments/results/gsv2008-2.c/05/counterSharp/ash.dimacs
[runlim] start:			Mon Aug  8 22:14:05 2022
[runlim] main pid:		3756
[runlim] sample:		10.0 time, 10.9 real, 47.1 MB
[runlim] sample:		20.0 time, 20.9 real, 48.5 MB
[runlim] sample:		30.0 time, 30.9 real, 48.7 MB
[runlim] end:			Mon Aug  8 22:14:42 2022
[runlim] status:		ok
[runlim] result:		0
[runlim] children:		0
[runlim] real:			37.05 seconds
[runlim] time:			36.09 seconds
[runlim] space:			58.3 MB
[runlim] samples:		361
