** CON **
c ApproxMC SHA revision df6d9fc8d112d758301d7527817e2eb1029fa5eb
c ApproxMC version 4.0.1
c ApproxMC compilation env CMAKE_CXX_COMPILER = /usr/bin/c++ | CMAKE_CXX_FLAGS =  -Wall -Wextra -Wunused -Wsign-compare -fno-omit-frame-pointer -Wtype-limits -Wuninitialized -Wno-deprecated -Wstrict-aliasing -Wpointer-arith -fvisibility=hidden -Wpointer-arith -Wformat-nonliteral -Winit-self -Wparentheses -Wunreachable-code -g -fvisibility=hidden -Wlogical-op -Wrestrict -Wnull-dereference -Wdouble-promotion -Wshadow -Wformat=2 -Wextra-semi -pedantic | COMPILE_DEFINES =  -DBOOST_TEST_DYN_LINK | STATICCOMPILE = OFF | Boost_FOUND = TRUE | ZLIB_FOUND = TRUE | VALGRIND_FOUND =  | GMP_FOUND = TRUE | ENABLE_ASSERTIONS = ON | MY_TARGETS =  | compilation date time = Oct 29 2020 17:34:59
c ApproxMC compiled with gcc version 9.3.0
c CryptoMiniSat version 5.8.0
c CMS Copyright Mate Soos (soos.mate@gmail.com)
c CMS SHA revision 6477e8bc43b0fda7038965bb148b64b8637c804b
c CMS is GPL licensed due to M4RI being linked. Build without M4RI to get MIT version
c Using VMTF code by Armin Biere from CaDiCaL
c Using Yalsat by Armin Biere, see Balint et al. Improving implementation of SLS solvers [...], SAT'14
c Using WalkSAT by Henry Kautz, see Kautz and Selman Pushing the envelope: planning, propositional logic, and stochastic search, AAAI'96,
c Using code from 'When Boolean Satisfiability Meets Gauss-E. in a Simplex Way'
c       by C.-S. Han and J.-H. Roland Jiang in CAV 2012. Fixes by M. Soos
c Using CCAnr from 'CCAnr: A Conf. Checking Based Local Search Solver [...]'
c       by Shaowei Cai, Chuan Luo, and Kaile Su, SAT 2015
c CMS compilation env CMAKE_CXX_COMPILER = /usr/bin/c++ | CMAKE_CXX_FLAGS =  -fvisibility=hidden -Wall -Wextra -Wunused -Wsign-compare -fno-omit-frame-pointer -Wtype-limits -Wuninitialized -Wno-deprecated -Wstrict-aliasing -Wpointer-arith -Wpointer-arith -Wformat-nonliteral -Winit-self -Wparentheses -Wunreachable-code -g -Wno-class-memaccess -mpopcnt -msse4.2 -ggdb3 -Wlogical-op -Wrestrict -Wnull-dereference -Wdouble-promotion -Wshadow -Wformat=2 -Wextra-semi -pedantic | COMPILE_DEFINES =  -DEXTENDED_FEATURES -DUSE_GAUSS -DBOOST_TEST_DYN_LINK -DUSE_ZLIB -DYALSAT_FPU -DUSE_M4RI | STATICCOMPILE = OFF | ONLY_SIMPLE = OFF | Boost_FOUND = TRUE | STATS = OFF | SQLITE3_FOUND = FALSE | ZLIB_FOUND = TRUE | VALGRIND_FOUND =  | ENABLE_TESTING = OFF | M4RI_FOUND = TRUE | NOM4RI = OFF | SLOW_DEBUG = OFF | ENABLE_ASSERTIONS = ON | PYTHON_EXECUTABLE = PYTHON_EXECUTABLE-NOTFOUND | PYTHON_LIBRARY = PYTHON_LIBRARY-NOTFOUND | PYTHON_INCLUDE_DIRS =  | MY_TARGETS =  | LARGEMEM = OFF | LIMITMEM = OFF | BREAKID_LIBRARIES =  | BREAKID-VER = . | BOSPHORUS_LIBRARIES =  | BOSPH-VER = . | compilation date time = Oct 29 2020 17:34:11
c CMS compiled with gcc version 9.3.0
c executed with command line: approxmc --sparse 1 -s 02 /experiments/results/Waldkirch-2.c/02/counterSharp/con.dimacs
c -- header says num vars:          66743
c -- header says num clauses:      372346
c WARNING: Empty line at line number 373860 -- this is not part of the DIMACS specifications (http://www.satcompetition.org/2009/format-benchmarks2009.html). Ignoring.
c -- clauses added: 372346
c -- xor clauses added: 0
c -- vars added 66743
c [appmc] Sampling set size: 32
c [appmc] Sampling set: 2008, 2009, 2010, 2011, 2012, 2013, 2014, 2015, 2016, 2017, 2018, 2019, 2020, 2021, 2022, 2023, 2024, 2025, 2026, 2027, 2028, 2029, 2030, 2031, 2032, 2033, 2034, 2035, 2036, 2037, 2038, 2039, 
c [sparse] Using match: 0 sampling set size: 32 prev end inclusive is: -1 this end inclusive is: 50 next end inclusive is: 100 sampl size: 32
c [appmc] threshold set to 80 sparse: 1
c [appmc] Starting up, initial measurement
c [appmc] Starting at hash count: 1
c [appmc] [    0.00 ] round:  0 hashes:      1
c [appmc] [    0.00 ] bounded_sol_count looking for   81 solutions -- hashes active: 1
c [gauss] XOR-encoding clauses detached: 53768 deleted: 0 T: 0.00
c [appmc] [   10.19 ] round:  0 hashes:      1
c [appmc] [   10.19 ] bounded_sol_count looking for   81 solutions -- hashes active: 1
c [appmc] simplifying
c [gauss] XOR-encoding clauses reattached: 53768 T: 0.00
c [appmc] [   15.62 ] round:  1 hashes:      1
c [appmc] [   15.62 ] bounded_sol_count looking for   81 solutions -- hashes active: 1
c [appmc] [   15.62 ] round:  1 hashes:      0
c [appmc] [   15.62 ] bounded_sol_count looking for   81 solutions -- hashes active: 0
c [appmc] simplifying
c [appmc] [   15.62 ] round:  2 hashes:      1
c [appmc] [   15.62 ] bounded_sol_count looking for   81 solutions -- hashes active: 1
c [appmc] [   15.62 ] round:  2 hashes:      0
c [appmc] [   15.62 ] bounded_sol_count looking for   81 solutions -- hashes active: 0
c [appmc] simplifying
c [appmc] [   15.62 ] round:  3 hashes:      1
c [appmc] [   15.62 ] bounded_sol_count looking for   81 solutions -- hashes active: 1
c [appmc] [   15.62 ] round:  3 hashes:      0
c [appmc] [   15.62 ] bounded_sol_count looking for   81 solutions -- hashes active: 0
c [appmc] simplifying
c [appmc] [   15.62 ] round:  4 hashes:      1
c [appmc] [   15.62 ] bounded_sol_count looking for   81 solutions -- hashes active: 1
c [appmc] [   15.62 ] round:  4 hashes:      0
c [appmc] [   15.62 ] bounded_sol_count looking for   81 solutions -- hashes active: 0
c [appmc] simplifying
c [appmc] [   15.62 ] round:  5 hashes:      1
c [appmc] [   15.62 ] bounded_sol_count looking for   81 solutions -- hashes active: 1
c [appmc] [   15.62 ] round:  5 hashes:      0
c [appmc] [   15.62 ] bounded_sol_count looking for   81 solutions -- hashes active: 0
c [appmc] simplifying
c [appmc] [   15.62 ] round:  6 hashes:      1
c [appmc] [   15.62 ] bounded_sol_count looking for   81 solutions -- hashes active: 1
c [appmc] [   15.62 ] round:  6 hashes:      0
c [appmc] [   15.62 ] bounded_sol_count looking for   81 solutions -- hashes active: 0
c [appmc] simplifying
c [appmc] [   15.62 ] round:  7 hashes:      1
c [appmc] [   15.62 ] bounded_sol_count looking for   81 solutions -- hashes active: 1
c [appmc] [   15.62 ] round:  7 hashes:      0
c [appmc] [   15.62 ] bounded_sol_count looking for   81 solutions -- hashes active: 0
c [appmc] simplifying
c [appmc] [   15.62 ] round:  8 hashes:      1
c [appmc] [   15.62 ] bounded_sol_count looking for   81 solutions -- hashes active: 1
c [appmc] [   15.62 ] round:  8 hashes:      0
c [appmc] [   15.62 ] bounded_sol_count looking for   81 solutions -- hashes active: 0
** AMM **
c ApproxMC SHA revision df6d9fc8d112d758301d7527817e2eb1029fa5eb
c ApproxMC version 4.0.1
c ApproxMC compilation env CMAKE_CXX_COMPILER = /usr/bin/c++ | CMAKE_CXX_FLAGS =  -Wall -Wextra -Wunused -Wsign-compare -fno-omit-frame-pointer -Wtype-limits -Wuninitialized -Wno-deprecated -Wstrict-aliasing -Wpointer-arith -fvisibility=hidden -Wpointer-arith -Wformat-nonliteral -Winit-self -Wparentheses -Wunreachable-code -g -fvisibility=hidden -Wlogical-op -Wrestrict -Wnull-dereference -Wdouble-promotion -Wshadow -Wformat=2 -Wextra-semi -pedantic | COMPILE_DEFINES =  -DBOOST_TEST_DYN_LINK | STATICCOMPILE = OFF | Boost_FOUND = TRUE | ZLIB_FOUND = TRUE | VALGRIND_FOUND =  | GMP_FOUND = TRUE | ENABLE_ASSERTIONS = ON | MY_TARGETS =  | compilation date time = Oct 29 2020 17:34:59
c ApproxMC compiled with gcc version 9.3.0
c CryptoMiniSat version 5.8.0
c CMS Copyright Mate Soos (soos.mate@gmail.com)
c CMS SHA revision 6477e8bc43b0fda7038965bb148b64b8637c804b
c CMS is GPL licensed due to M4RI being linked. Build without M4RI to get MIT version
c Using VMTF code by Armin Biere from CaDiCaL
c Using Yalsat by Armin Biere, see Balint et al. Improving implementation of SLS solvers [...], SAT'14
c Using WalkSAT by Henry Kautz, see Kautz and Selman Pushing the envelope: planning, propositional logic, and stochastic search, AAAI'96,
c Using code from 'When Boolean Satisfiability Meets Gauss-E. in a Simplex Way'
c       by C.-S. Han and J.-H. Roland Jiang in CAV 2012. Fixes by M. Soos
c Using CCAnr from 'CCAnr: A Conf. Checking Based Local Search Solver [...]'
c       by Shaowei Cai, Chuan Luo, and Kaile Su, SAT 2015
c CMS compilation env CMAKE_CXX_COMPILER = /usr/bin/c++ | CMAKE_CXX_FLAGS =  -fvisibility=hidden -Wall -Wextra -Wunused -Wsign-compare -fno-omit-frame-pointer -Wtype-limits -Wuninitialized -Wno-deprecated -Wstrict-aliasing -Wpointer-arith -Wpointer-arith -Wformat-nonliteral -Winit-self -Wparentheses -Wunreachable-code -g -Wno-class-memaccess -mpopcnt -msse4.2 -ggdb3 -Wlogical-op -Wrestrict -Wnull-dereference -Wdouble-promotion -Wshadow -Wformat=2 -Wextra-semi -pedantic | COMPILE_DEFINES =  -DEXTENDED_FEATURES -DUSE_GAUSS -DBOOST_TEST_DYN_LINK -DUSE_ZLIB -DYALSAT_FPU -DUSE_M4RI | STATICCOMPILE = OFF | ONLY_SIMPLE = OFF | Boost_FOUND = TRUE | STATS = OFF | SQLITE3_FOUND = FALSE | ZLIB_FOUND = TRUE | VALGRIND_FOUND =  | ENABLE_TESTING = OFF | M4RI_FOUND = TRUE | NOM4RI = OFF | SLOW_DEBUG = OFF | ENABLE_ASSERTIONS = ON | PYTHON_EXECUTABLE = PYTHON_EXECUTABLE-NOTFOUND | PYTHON_LIBRARY = PYTHON_LIBRARY-NOTFOUND | PYTHON_INCLUDE_DIRS =  | MY_TARGETS =  | LARGEMEM = OFF | LIMITMEM = OFF | BREAKID_LIBRARIES =  | BREAKID-VER = . | BOSPHORUS_LIBRARIES =  | BOSPH-VER = . | compilation date time = Oct 29 2020 17:34:11
c CMS compiled with gcc version 9.3.0
c executed with command line: approxmc --sparse 1 -s 02 /experiments/results/Waldkirch-2.c/02/counterSharp/amm.dimacs
c -- header says num vars:          65836
c -- header says num clauses:      369186
c WARNING: Empty line at line number 370702 -- this is not part of the DIMACS specifications (http://www.satcompetition.org/2009/format-benchmarks2009.html). Ignoring.
c -- clauses added: 369186
c -- xor clauses added: 0
c -- vars added 65836
c [appmc] Sampling set size: 32
c [appmc] Sampling set: 1006, 1007, 1008, 1009, 1010, 1011, 1012, 1013, 1014, 1015, 1016, 1017, 1018, 1019, 1020, 1021, 1022, 1023, 1024, 1025, 1026, 1027, 1028, 1029, 1030, 1031, 1032, 1033, 1034, 1035, 1036, 1037, 
c [sparse] Using match: 0 sampling set size: 32 prev end inclusive is: -1 this end inclusive is: 50 next end inclusive is: 100 sampl size: 32
c [appmc] threshold set to 80 sparse: 1
c [appmc] Starting up, initial measurement
c [appmc] Starting at hash count: 1
c [appmc] [    0.00 ] round:  0 hashes:      1
c [appmc] [    0.00 ] bounded_sol_count looking for   81 solutions -- hashes active: 1
c [gauss] XOR-encoding clauses detached: 0 deleted: 0 T: 0.01
c [appmc] [    2.93 ] round:  0 hashes:      2
c [appmc] [    2.93 ] bounded_sol_count looking for   81 solutions -- hashes active: 2
c [gauss] XOR-encoding clauses detached: 55964 deleted: 36 T: 0.00
c [appmc] [    8.01 ] round:  0 hashes:      4
c [appmc] [    8.01 ] bounded_sol_count looking for   81 solutions -- hashes active: 4
c [gauss] XOR-encoding clauses detached: 2096 deleted: 0 T: 0.00
c [appmc] [   13.37 ] round:  0 hashes:      8
c [appmc] [   13.37 ] bounded_sol_count looking for   81 solutions -- hashes active: 8
c [gauss] XOR-encoding clauses detached: 2224 deleted: 0 T: 0.00
c [appmc] [   19.60 ] round:  0 hashes:     16
c [appmc] [   19.60 ] bounded_sol_count looking for   81 solutions -- hashes active: 16
c [gauss] XOR-encoding clauses detached: 500 deleted: 0 T: 0.00
c [appmc] [   27.88 ] round:  0 hashes:     24
c [appmc] [   27.88 ] bounded_sol_count looking for   81 solutions -- hashes active: 24
c [gauss] XOR-encoding clauses detached: 440 deleted: 0 T: 0.00
c [appmc] [   37.49 ] round:  0 hashes:     28
c [appmc] [   37.49 ] bounded_sol_count looking for   81 solutions -- hashes active: 28
c [gauss] XOR-encoding clauses detached: 144 deleted: 0 T: 0.00
c [appmc] [   40.46 ] round:  0 hashes:     26
c [appmc] [   40.46 ] bounded_sol_count looking for   81 solutions -- hashes active: 26
c [appmc] [   44.16 ] round:  0 hashes:     25
c [appmc] [   44.16 ] bounded_sol_count looking for   81 solutions -- hashes active: 25
c [appmc] simplifying
c [gauss] XOR-encoding clauses reattached: 61368 T: 0.00
c [appmc] [   51.07 ] round:  1 hashes:     26
c [appmc] [   51.07 ] bounded_sol_count looking for   81 solutions -- hashes active: 26
c [gauss] XOR-encoding clauses detached: 58456 deleted: 0 T: 0.00
c [appmc] [   57.03 ] round:  1 hashes:     25
c [appmc] [   57.03 ] bounded_sol_count looking for   81 solutions -- hashes active: 25
c [appmc] simplifying
c [gauss] XOR-encoding clauses reattached: 58456 T: 0.00
c [appmc] [   65.87 ] round:  2 hashes:     26
c [appmc] [   65.87 ] bounded_sol_count looking for   81 solutions -- hashes active: 26
c [gauss] XOR-encoding clauses detached: 57672 deleted: 0 T: 0.01
c [appmc] [   72.38 ] round:  2 hashes:     25
c [appmc] [   72.38 ] bounded_sol_count looking for   81 solutions -- hashes active: 25
c [appmc] simplifying
c [gauss] XOR-encoding clauses reattached: 57672 T: 0.00
c [appmc] [   83.43 ] round:  3 hashes:     26
c [appmc] [   83.43 ] bounded_sol_count looking for   81 solutions -- hashes active: 26
c [gauss] XOR-encoding clauses detached: 57352 deleted: 0 T: 0.01
c [appmc] [   89.22 ] round:  3 hashes:     25
c [appmc] [   89.22 ] bounded_sol_count looking for   81 solutions -- hashes active: 25
c [appmc] simplifying
c [gauss] XOR-encoding clauses reattached: 57352 T: 0.00
c [appmc] [   98.40 ] round:  4 hashes:     26
c [appmc] [   98.40 ] bounded_sol_count looking for   81 solutions -- hashes active: 26
c [gauss] XOR-encoding clauses detached: 57508 deleted: 0 T: 0.01
c [appmc] [  103.96 ] round:  4 hashes:     25
c [appmc] [  103.96 ] bounded_sol_count looking for   81 solutions -- hashes active: 25
c [appmc] simplifying
c [gauss] XOR-encoding clauses reattached: 57508 T: 0.00
c [appmc] [  113.75 ] round:  5 hashes:     26
c [appmc] [  113.75 ] bounded_sol_count looking for   81 solutions -- hashes active: 26
c [gauss] XOR-encoding clauses detached: 57288 deleted: 0 T: 0.02
c [appmc] [  119.74 ] round:  5 hashes:     25
c [appmc] [  119.74 ] bounded_sol_count looking for   81 solutions -- hashes active: 25
c [appmc] simplifying
c [gauss] XOR-encoding clauses reattached: 57288 T: 0.00
c [appmc] [  130.34 ] round:  6 hashes:     26
c [appmc] [  130.34 ] bounded_sol_count looking for   81 solutions -- hashes active: 26
c [gauss] XOR-encoding clauses detached: 57428 deleted: 0 T: 0.02
c [appmc] [  135.97 ] round:  6 hashes:     25
c [appmc] [  135.97 ] bounded_sol_count looking for   81 solutions -- hashes active: 25
c [appmc] simplifying
c [gauss] XOR-encoding clauses reattached: 57428 T: 0.00
c [appmc] [  146.11 ] round:  7 hashes:     26
c [appmc] [  146.11 ] bounded_sol_count looking for   81 solutions -- hashes active: 26
c [gauss] XOR-encoding clauses detached: 57352 deleted: 0 T: 0.02
c [appmc] [  151.90 ] round:  7 hashes:     25
c [appmc] [  151.90 ] bounded_sol_count looking for   81 solutions -- hashes active: 25
c [appmc] simplifying
c [gauss] XOR-encoding clauses reattached: 57352 T: 0.00
c [appmc] [  162.96 ] round:  8 hashes:     26
c [appmc] [  162.96 ] bounded_sol_count looking for   81 solutions -- hashes active: 26
c [gauss] XOR-encoding clauses detached: 57416 deleted: 0 T: 0.02
c [appmc] [  169.16 ] round:  8 hashes:     25
c [appmc] [  169.16 ] bounded_sol_count looking for   81 solutions -- hashes active: 25
c [appmc] FINISHED ApproxMC T: 170.31 s
c [appmc] Number of solutions is: 64*2**26
s mc 4294967296
** AMH **
c ApproxMC SHA revision df6d9fc8d112d758301d7527817e2eb1029fa5eb
c ApproxMC version 4.0.1
c ApproxMC compilation env CMAKE_CXX_COMPILER = /usr/bin/c++ | CMAKE_CXX_FLAGS =  -Wall -Wextra -Wunused -Wsign-compare -fno-omit-frame-pointer -Wtype-limits -Wuninitialized -Wno-deprecated -Wstrict-aliasing -Wpointer-arith -fvisibility=hidden -Wpointer-arith -Wformat-nonliteral -Winit-self -Wparentheses -Wunreachable-code -g -fvisibility=hidden -Wlogical-op -Wrestrict -Wnull-dereference -Wdouble-promotion -Wshadow -Wformat=2 -Wextra-semi -pedantic | COMPILE_DEFINES =  -DBOOST_TEST_DYN_LINK | STATICCOMPILE = OFF | Boost_FOUND = TRUE | ZLIB_FOUND = TRUE | VALGRIND_FOUND =  | GMP_FOUND = TRUE | ENABLE_ASSERTIONS = ON | MY_TARGETS =  | compilation date time = Oct 29 2020 17:34:59
c ApproxMC compiled with gcc version 9.3.0
c CryptoMiniSat version 5.8.0
c CMS Copyright Mate Soos (soos.mate@gmail.com)
c CMS SHA revision 6477e8bc43b0fda7038965bb148b64b8637c804b
c CMS is GPL licensed due to M4RI being linked. Build without M4RI to get MIT version
c Using VMTF code by Armin Biere from CaDiCaL
c Using Yalsat by Armin Biere, see Balint et al. Improving implementation of SLS solvers [...], SAT'14
c Using WalkSAT by Henry Kautz, see Kautz and Selman Pushing the envelope: planning, propositional logic, and stochastic search, AAAI'96,
c Using code from 'When Boolean Satisfiability Meets Gauss-E. in a Simplex Way'
c       by C.-S. Han and J.-H. Roland Jiang in CAV 2012. Fixes by M. Soos
c Using CCAnr from 'CCAnr: A Conf. Checking Based Local Search Solver [...]'
c       by Shaowei Cai, Chuan Luo, and Kaile Su, SAT 2015
c CMS compilation env CMAKE_CXX_COMPILER = /usr/bin/c++ | CMAKE_CXX_FLAGS =  -fvisibility=hidden -Wall -Wextra -Wunused -Wsign-compare -fno-omit-frame-pointer -Wtype-limits -Wuninitialized -Wno-deprecated -Wstrict-aliasing -Wpointer-arith -Wpointer-arith -Wformat-nonliteral -Winit-self -Wparentheses -Wunreachable-code -g -Wno-class-memaccess -mpopcnt -msse4.2 -ggdb3 -Wlogical-op -Wrestrict -Wnull-dereference -Wdouble-promotion -Wshadow -Wformat=2 -Wextra-semi -pedantic | COMPILE_DEFINES =  -DEXTENDED_FEATURES -DUSE_GAUSS -DBOOST_TEST_DYN_LINK -DUSE_ZLIB -DYALSAT_FPU -DUSE_M4RI | STATICCOMPILE = OFF | ONLY_SIMPLE = OFF | Boost_FOUND = TRUE | STATS = OFF | SQLITE3_FOUND = FALSE | ZLIB_FOUND = TRUE | VALGRIND_FOUND =  | ENABLE_TESTING = OFF | M4RI_FOUND = TRUE | NOM4RI = OFF | SLOW_DEBUG = OFF | ENABLE_ASSERTIONS = ON | PYTHON_EXECUTABLE = PYTHON_EXECUTABLE-NOTFOUND | PYTHON_LIBRARY = PYTHON_LIBRARY-NOTFOUND | PYTHON_INCLUDE_DIRS =  | MY_TARGETS =  | LARGEMEM = OFF | LIMITMEM = OFF | BREAKID_LIBRARIES =  | BREAKID-VER = . | BOSPHORUS_LIBRARIES =  | BOSPH-VER = . | compilation date time = Oct 29 2020 17:34:11
c CMS compiled with gcc version 9.3.0
c executed with command line: approxmc --sparse 1 -s 02 /experiments/results/Waldkirch-2.c/02/counterSharp/amh.dimacs
c -- header says num vars:          65836
c -- header says num clauses:      369186
c WARNING: Empty line at line number 370702 -- this is not part of the DIMACS specifications (http://www.satcompetition.org/2009/format-benchmarks2009.html). Ignoring.
c -- clauses added: 369186
c -- xor clauses added: 0
c -- vars added 65836
c [appmc] Sampling set size: 32
c [appmc] Sampling set: 1006, 1007, 1008, 1009, 1010, 1011, 1012, 1013, 1014, 1015, 1016, 1017, 1018, 1019, 1020, 1021, 1022, 1023, 1024, 1025, 1026, 1027, 1028, 1029, 1030, 1031, 1032, 1033, 1034, 1035, 1036, 1037, 
c [sparse] Using match: 0 sampling set size: 32 prev end inclusive is: -1 this end inclusive is: 50 next end inclusive is: 100 sampl size: 32
c [appmc] threshold set to 80 sparse: 1
c [appmc] Starting up, initial measurement
c [appmc] Starting at hash count: 1
c [appmc] [    0.00 ] round:  0 hashes:      1
c [appmc] [    0.00 ] bounded_sol_count looking for   81 solutions -- hashes active: 1
c [gauss] XOR-encoding clauses detached: 53852 deleted: 0 T: 0.00
c [appmc] [    8.78 ] round:  0 hashes:      2
c [appmc] [    8.78 ] bounded_sol_count looking for   81 solutions -- hashes active: 2
c [gauss] XOR-encoding clauses detached: 4016 deleted: 0 T: 0.00
c [appmc] [   13.24 ] round:  0 hashes:      4
c [appmc] [   13.24 ] bounded_sol_count looking for   81 solutions -- hashes active: 4
c [gauss] XOR-encoding clauses detached: 2008 deleted: 0 T: 0.00
c [appmc] [   18.54 ] round:  0 hashes:      3
c [appmc] [   18.54 ] bounded_sol_count looking for   81 solutions -- hashes active: 3
c [appmc] simplifying
c [gauss] XOR-encoding clauses reattached: 59876 T: 0.00
c [appmc] [   27.52 ] round:  1 hashes:      4
c [appmc] [   27.52 ] bounded_sol_count looking for   81 solutions -- hashes active: 4
c [gauss] XOR-encoding clauses detached: 14053 deleted: 0 T: 0.01
c [appmc] [   28.95 ] round:  1 hashes:      3
c [appmc] [   28.95 ] bounded_sol_count looking for   81 solutions -- hashes active: 3
c [appmc] simplifying
c [gauss] XOR-encoding clauses reattached: 14053 T: 0.00
c [appmc] [   39.62 ] round:  2 hashes:      4
c [appmc] [   39.62 ] bounded_sol_count looking for   81 solutions -- hashes active: 4
c [gauss] XOR-encoding clauses detached: 14080 deleted: 0 T: 0.01
c [appmc] [   41.05 ] round:  2 hashes:      3
c [appmc] [   41.05 ] bounded_sol_count looking for   81 solutions -- hashes active: 3
c [appmc] simplifying
c [gauss] XOR-encoding clauses reattached: 14080 T: 0.00
c [appmc] [   51.42 ] round:  3 hashes:      4
c [appmc] [   51.42 ] bounded_sol_count looking for   81 solutions -- hashes active: 4
c [gauss] XOR-encoding clauses detached: 14068 deleted: 0 T: 0.01
c [appmc] [   52.71 ] round:  3 hashes:      3
c [appmc] [   52.71 ] bounded_sol_count looking for   81 solutions -- hashes active: 3
c [appmc] simplifying
c [gauss] XOR-encoding clauses reattached: 14068 T: 0.00
c [appmc] [   62.67 ] round:  4 hashes:      4
c [appmc] [   62.67 ] bounded_sol_count looking for   81 solutions -- hashes active: 4
c [gauss] XOR-encoding clauses detached: 14060 deleted: 0 T: 0.01
c [appmc] [   64.12 ] round:  4 hashes:      3
c [appmc] [   64.12 ] bounded_sol_count looking for   81 solutions -- hashes active: 3
c [appmc] simplifying
c [gauss] XOR-encoding clauses reattached: 14060 T: 0.00
c [appmc] [   73.93 ] round:  5 hashes:      4
c [appmc] [   73.93 ] bounded_sol_count looking for   81 solutions -- hashes active: 4
c [gauss] XOR-encoding clauses detached: 12064 deleted: 0 T: 0.01
c [appmc] [   74.92 ] round:  5 hashes:      3
c [appmc] [   74.92 ] bounded_sol_count looking for   81 solutions -- hashes active: 3
c [appmc] simplifying
c [gauss] XOR-encoding clauses reattached: 12064 T: 0.00
c [appmc] [   85.24 ] round:  6 hashes:      4
c [appmc] [   85.24 ] bounded_sol_count looking for   81 solutions -- hashes active: 4
c [gauss] XOR-encoding clauses detached: 0 deleted: 0 T: 0.01
c [appmc] [   85.95 ] round:  6 hashes:      3
c [appmc] [   85.95 ] bounded_sol_count looking for   81 solutions -- hashes active: 3
c [appmc] simplifying
c [gauss] XOR-encoding clauses reattached: 0 T: 0.00
c [appmc] [   96.04 ] round:  7 hashes:      4
c [appmc] [   96.04 ] bounded_sol_count looking for   81 solutions -- hashes active: 4
c [gauss] XOR-encoding clauses detached: 12040 deleted: 0 T: 0.01
c [appmc] [   97.27 ] round:  7 hashes:      3
c [appmc] [   97.27 ] bounded_sol_count looking for   81 solutions -- hashes active: 3
c [appmc] simplifying
c [gauss] XOR-encoding clauses reattached: 12040 T: 0.00
c [appmc] [  107.95 ] round:  8 hashes:      4
c [appmc] [  107.95 ] bounded_sol_count looking for   81 solutions -- hashes active: 4
c [gauss] XOR-encoding clauses detached: 14056 deleted: 0 T: 0.01
c [appmc] [  109.14 ] round:  8 hashes:      3
c [appmc] [  109.14 ] bounded_sol_count looking for   81 solutions -- hashes active: 3
c [appmc] FINISHED ApproxMC T: 109.45 s
c [appmc] Number of solutions is: 62*2**4
s mc 992
** ASM **
c ApproxMC SHA revision df6d9fc8d112d758301d7527817e2eb1029fa5eb
c ApproxMC version 4.0.1
c ApproxMC compilation env CMAKE_CXX_COMPILER = /usr/bin/c++ | CMAKE_CXX_FLAGS =  -Wall -Wextra -Wunused -Wsign-compare -fno-omit-frame-pointer -Wtype-limits -Wuninitialized -Wno-deprecated -Wstrict-aliasing -Wpointer-arith -fvisibility=hidden -Wpointer-arith -Wformat-nonliteral -Winit-self -Wparentheses -Wunreachable-code -g -fvisibility=hidden -Wlogical-op -Wrestrict -Wnull-dereference -Wdouble-promotion -Wshadow -Wformat=2 -Wextra-semi -pedantic | COMPILE_DEFINES =  -DBOOST_TEST_DYN_LINK | STATICCOMPILE = OFF | Boost_FOUND = TRUE | ZLIB_FOUND = TRUE | VALGRIND_FOUND =  | GMP_FOUND = TRUE | ENABLE_ASSERTIONS = ON | MY_TARGETS =  | compilation date time = Oct 29 2020 17:34:59
c ApproxMC compiled with gcc version 9.3.0
c CryptoMiniSat version 5.8.0
c CMS Copyright Mate Soos (soos.mate@gmail.com)
c CMS SHA revision 6477e8bc43b0fda7038965bb148b64b8637c804b
c CMS is GPL licensed due to M4RI being linked. Build without M4RI to get MIT version
c Using VMTF code by Armin Biere from CaDiCaL
c Using Yalsat by Armin Biere, see Balint et al. Improving implementation of SLS solvers [...], SAT'14
c Using WalkSAT by Henry Kautz, see Kautz and Selman Pushing the envelope: planning, propositional logic, and stochastic search, AAAI'96,
c Using code from 'When Boolean Satisfiability Meets Gauss-E. in a Simplex Way'
c       by C.-S. Han and J.-H. Roland Jiang in CAV 2012. Fixes by M. Soos
c Using CCAnr from 'CCAnr: A Conf. Checking Based Local Search Solver [...]'
c       by Shaowei Cai, Chuan Luo, and Kaile Su, SAT 2015
c CMS compilation env CMAKE_CXX_COMPILER = /usr/bin/c++ | CMAKE_CXX_FLAGS =  -fvisibility=hidden -Wall -Wextra -Wunused -Wsign-compare -fno-omit-frame-pointer -Wtype-limits -Wuninitialized -Wno-deprecated -Wstrict-aliasing -Wpointer-arith -Wpointer-arith -Wformat-nonliteral -Winit-self -Wparentheses -Wunreachable-code -g -Wno-class-memaccess -mpopcnt -msse4.2 -ggdb3 -Wlogical-op -Wrestrict -Wnull-dereference -Wdouble-promotion -Wshadow -Wformat=2 -Wextra-semi -pedantic | COMPILE_DEFINES =  -DEXTENDED_FEATURES -DUSE_GAUSS -DBOOST_TEST_DYN_LINK -DUSE_ZLIB -DYALSAT_FPU -DUSE_M4RI | STATICCOMPILE = OFF | ONLY_SIMPLE = OFF | Boost_FOUND = TRUE | STATS = OFF | SQLITE3_FOUND = FALSE | ZLIB_FOUND = TRUE | VALGRIND_FOUND =  | ENABLE_TESTING = OFF | M4RI_FOUND = TRUE | NOM4RI = OFF | SLOW_DEBUG = OFF | ENABLE_ASSERTIONS = ON | PYTHON_EXECUTABLE = PYTHON_EXECUTABLE-NOTFOUND | PYTHON_LIBRARY = PYTHON_LIBRARY-NOTFOUND | PYTHON_INCLUDE_DIRS =  | MY_TARGETS =  | LARGEMEM = OFF | LIMITMEM = OFF | BREAKID_LIBRARIES =  | BREAKID-VER = . | BOSPHORUS_LIBRARIES =  | BOSPH-VER = . | compilation date time = Oct 29 2020 17:34:11
c CMS compiled with gcc version 9.3.0
c executed with command line: approxmc --sparse 1 -s 02 /experiments/results/Waldkirch-2.c/02/counterSharp/asm.dimacs
c -- header says num vars:          65838
c -- header says num clauses:      369192
c WARNING: Empty line at line number 370710 -- this is not part of the DIMACS specifications (http://www.satcompetition.org/2009/format-benchmarks2009.html). Ignoring.
c -- clauses added: 369192
c -- xor clauses added: 0
c -- vars added 65838
c [appmc] Sampling set size: 32
c [appmc] Sampling set: 1006, 1007, 1008, 1009, 1010, 1011, 1012, 1013, 1014, 1015, 1016, 1017, 1018, 1019, 1020, 1021, 1022, 1023, 1024, 1025, 1026, 1027, 1028, 1029, 1030, 1031, 1032, 1033, 1034, 1035, 1036, 1037, 
c [sparse] Using match: 0 sampling set size: 32 prev end inclusive is: -1 this end inclusive is: 50 next end inclusive is: 100 sampl size: 32
c [appmc] threshold set to 80 sparse: 1
c [appmc] Starting up, initial measurement
c [appmc] Starting at hash count: 1
c [appmc] [    0.00 ] round:  0 hashes:      1
c [appmc] [    0.00 ] bounded_sol_count looking for   81 solutions -- hashes active: 1
c [gauss] XOR-encoding clauses detached: 53880 deleted: 0 T: 0.01
c [appmc] [   12.50 ] round:  0 hashes:      2
c [appmc] [   12.50 ] bounded_sol_count looking for   81 solutions -- hashes active: 2
c [gauss] XOR-encoding clauses detached: 4016 deleted: 0 T: 0.00
c [appmc] [   19.31 ] round:  0 hashes:      4
c [appmc] [   19.31 ] bounded_sol_count looking for   81 solutions -- hashes active: 4
c [gauss] XOR-encoding clauses detached: 2008 deleted: 0 T: 0.01
c [appmc] [   22.84 ] round:  0 hashes:      3
c [appmc] [   22.84 ] bounded_sol_count looking for   81 solutions -- hashes active: 3
c [appmc] simplifying
c [gauss] XOR-encoding clauses reattached: 59904 T: 0.00
c [appmc] [   29.71 ] round:  1 hashes:      3
c [appmc] [   29.71 ] bounded_sol_count looking for   81 solutions -- hashes active: 3
c [gauss] XOR-encoding clauses detached: 13449 deleted: 0 T: 0.01
c [appmc] [   31.23 ] round:  1 hashes:      2
c [appmc] [   31.23 ] bounded_sol_count looking for   81 solutions -- hashes active: 2
c [appmc] simplifying
c [gauss] XOR-encoding clauses reattached: 13449 T: 0.00
c [appmc] [   38.75 ] round:  2 hashes:      3
c [appmc] [   38.75 ] bounded_sol_count looking for   81 solutions -- hashes active: 3
c [gauss] XOR-encoding clauses detached: 10124 deleted: 0 T: 0.01
c [appmc] [   39.89 ] round:  2 hashes:      2
c [appmc] [   39.89 ] bounded_sol_count looking for   81 solutions -- hashes active: 2
c [appmc] simplifying
c [gauss] XOR-encoding clauses reattached: 10124 T: 0.00
c [appmc] [   47.04 ] round:  3 hashes:      3
c [appmc] [   47.04 ] bounded_sol_count looking for   81 solutions -- hashes active: 3
c CL with clash: 11465 49 -11468 -11470 -11472 -11474 -11476 -11478 -11480 -11482 -11566 -11571 red: 0 xor: 0 full-xor: 0 num_clash_vars: 1 num_real_vars: 8 size: 12 missing: 3
c clash lit: 11465 value: l_Undef
c neither clash nor real: -11480 value: l_Undef
c neither clash nor real: -11482 value: l_Undef
c neither clash nor real: -11566 value: l_Undef
c WHAAAAT Detach issue. All below must be 1 to work ---
c -- can_detach: 1
c -- mfinder.no_irred_nonxor_contains_clash_vars(): 0
c -- !conf.gaussconf.autodisable: 1
c -- conf.xor_detach_reattach: 1
c [appmc] [   47.70 ] round:  3 hashes:      2
c [appmc] [   47.70 ] bounded_sol_count looking for   81 solutions -- hashes active: 2
c [appmc] simplifying
c [appmc] [   54.19 ] round:  4 hashes:      3
c [appmc] [   54.19 ] bounded_sol_count looking for   81 solutions -- hashes active: 3
c CL with clash: 2703 -2697 2706 red: 0 xor: 0 full-xor: 0 num_clash_vars: 1 num_real_vars: 1 size: 3 missing: 1
c clash lit: -2697 value: l_Undef
c neither clash nor real: 2706 value: l_Undef
c WHAAAAT Detach issue. All below must be 1 to work ---
c -- can_detach: 1
c -- mfinder.no_irred_nonxor_contains_clash_vars(): 0
c -- !conf.gaussconf.autodisable: 1
c -- conf.xor_detach_reattach: 1
c [appmc] [   54.83 ] round:  4 hashes:      2
c [appmc] [   54.83 ] bounded_sol_count looking for   81 solutions -- hashes active: 2
c [appmc] simplifying
c [appmc] [   61.24 ] round:  5 hashes:      3
c [appmc] [   61.24 ] bounded_sol_count looking for   81 solutions -- hashes active: 3
c CL with clash: 1253 1258 -1261 red: 0 xor: 0 full-xor: 0 num_clash_vars: 1 num_real_vars: 1 size: 3 missing: 1
c clash lit: 1253 value: l_Undef
c neither clash nor real: -1261 value: l_Undef
c WHAAAAT Detach issue. All below must be 1 to work ---
c -- can_detach: 1
c -- mfinder.no_irred_nonxor_contains_clash_vars(): 0
c -- !conf.gaussconf.autodisable: 1
c -- conf.xor_detach_reattach: 1
c [appmc] [   61.59 ] round:  5 hashes:      2
c [appmc] [   61.59 ] bounded_sol_count looking for   81 solutions -- hashes active: 2
c [appmc] simplifying
c [appmc] [   63.64 ] round:  6 hashes:      3
c [appmc] [   63.64 ] bounded_sol_count looking for   81 solutions -- hashes active: 3
c CL with clash: 810 808 -813 red: 0 xor: 0 full-xor: 0 num_clash_vars: 1 num_real_vars: 1 size: 3 missing: 1
c clash lit: 808 value: l_Undef
c neither clash nor real: -813 value: l_Undef
c WHAAAAT Detach issue. All below must be 1 to work ---
c -- can_detach: 1
c -- mfinder.no_irred_nonxor_contains_clash_vars(): 0
c -- !conf.gaussconf.autodisable: 1
c -- conf.xor_detach_reattach: 1
c [appmc] [   63.94 ] round:  6 hashes:      2
c [appmc] [   63.94 ] bounded_sol_count looking for   81 solutions -- hashes active: 2
c [appmc] simplifying
c [appmc] [   65.20 ] round:  7 hashes:      3
c [appmc] [   65.20 ] bounded_sol_count looking for   81 solutions -- hashes active: 3
c CL with clash: 800 -813 -802 804 red: 0 xor: 0 full-xor: 0 num_clash_vars: 1 num_real_vars: 1 size: 4 missing: 2
c clash lit: 804 value: l_Undef
c neither clash nor real: 800 value: l_Undef
c neither clash nor real: -813 value: l_Undef
c WHAAAAT Detach issue. All below must be 1 to work ---
c -- can_detach: 1
c -- mfinder.no_irred_nonxor_contains_clash_vars(): 0
c -- !conf.gaussconf.autodisable: 1
c -- conf.xor_detach_reattach: 1
c [appmc] [   65.51 ] round:  7 hashes:      2
c [appmc] [   65.51 ] bounded_sol_count looking for   81 solutions -- hashes active: 2
c [appmc] simplifying
c [appmc] [   66.60 ] round:  8 hashes:      3
c [appmc] [   66.60 ] bounded_sol_count looking for   81 solutions -- hashes active: 3
c CL with clash: 793 791 -796 red: 0 xor: 0 full-xor: 0 num_clash_vars: 1 num_real_vars: 1 size: 3 missing: 1
c clash lit: 791 value: l_Undef
c neither clash nor real: -796 value: l_Undef
c WHAAAAT Detach issue. All below must be 1 to work ---
c -- can_detach: 1
c -- mfinder.no_irred_nonxor_contains_clash_vars(): 0
c -- !conf.gaussconf.autodisable: 1
c -- conf.xor_detach_reattach: 1
c [appmc] [   66.90 ] round:  8 hashes:      2
c [appmc] [   66.90 ] bounded_sol_count looking for   81 solutions -- hashes active: 2
c [appmc] FINISHED ApproxMC T: 67.00 s
c [appmc] Number of solutions is: 64*2**3
s mc 512
** ASH **
c ApproxMC SHA revision df6d9fc8d112d758301d7527817e2eb1029fa5eb
c ApproxMC version 4.0.1
c ApproxMC compilation env CMAKE_CXX_COMPILER = /usr/bin/c++ | CMAKE_CXX_FLAGS =  -Wall -Wextra -Wunused -Wsign-compare -fno-omit-frame-pointer -Wtype-limits -Wuninitialized -Wno-deprecated -Wstrict-aliasing -Wpointer-arith -fvisibility=hidden -Wpointer-arith -Wformat-nonliteral -Winit-self -Wparentheses -Wunreachable-code -g -fvisibility=hidden -Wlogical-op -Wrestrict -Wnull-dereference -Wdouble-promotion -Wshadow -Wformat=2 -Wextra-semi -pedantic | COMPILE_DEFINES =  -DBOOST_TEST_DYN_LINK | STATICCOMPILE = OFF | Boost_FOUND = TRUE | ZLIB_FOUND = TRUE | VALGRIND_FOUND =  | GMP_FOUND = TRUE | ENABLE_ASSERTIONS = ON | MY_TARGETS =  | compilation date time = Oct 29 2020 17:34:59
c ApproxMC compiled with gcc version 9.3.0
c CryptoMiniSat version 5.8.0
c CMS Copyright Mate Soos (soos.mate@gmail.com)
c CMS SHA revision 6477e8bc43b0fda7038965bb148b64b8637c804b
c CMS is GPL licensed due to M4RI being linked. Build without M4RI to get MIT version
c Using VMTF code by Armin Biere from CaDiCaL
c Using Yalsat by Armin Biere, see Balint et al. Improving implementation of SLS solvers [...], SAT'14
c Using WalkSAT by Henry Kautz, see Kautz and Selman Pushing the envelope: planning, propositional logic, and stochastic search, AAAI'96,
c Using code from 'When Boolean Satisfiability Meets Gauss-E. in a Simplex Way'
c       by C.-S. Han and J.-H. Roland Jiang in CAV 2012. Fixes by M. Soos
c Using CCAnr from 'CCAnr: A Conf. Checking Based Local Search Solver [...]'
c       by Shaowei Cai, Chuan Luo, and Kaile Su, SAT 2015
c CMS compilation env CMAKE_CXX_COMPILER = /usr/bin/c++ | CMAKE_CXX_FLAGS =  -fvisibility=hidden -Wall -Wextra -Wunused -Wsign-compare -fno-omit-frame-pointer -Wtype-limits -Wuninitialized -Wno-deprecated -Wstrict-aliasing -Wpointer-arith -Wpointer-arith -Wformat-nonliteral -Winit-self -Wparentheses -Wunreachable-code -g -Wno-class-memaccess -mpopcnt -msse4.2 -ggdb3 -Wlogical-op -Wrestrict -Wnull-dereference -Wdouble-promotion -Wshadow -Wformat=2 -Wextra-semi -pedantic | COMPILE_DEFINES =  -DEXTENDED_FEATURES -DUSE_GAUSS -DBOOST_TEST_DYN_LINK -DUSE_ZLIB -DYALSAT_FPU -DUSE_M4RI | STATICCOMPILE = OFF | ONLY_SIMPLE = OFF | Boost_FOUND = TRUE | STATS = OFF | SQLITE3_FOUND = FALSE | ZLIB_FOUND = TRUE | VALGRIND_FOUND =  | ENABLE_TESTING = OFF | M4RI_FOUND = TRUE | NOM4RI = OFF | SLOW_DEBUG = OFF | ENABLE_ASSERTIONS = ON | PYTHON_EXECUTABLE = PYTHON_EXECUTABLE-NOTFOUND | PYTHON_LIBRARY = PYTHON_LIBRARY-NOTFOUND | PYTHON_INCLUDE_DIRS =  | MY_TARGETS =  | LARGEMEM = OFF | LIMITMEM = OFF | BREAKID_LIBRARIES =  | BREAKID-VER = . | BOSPHORUS_LIBRARIES =  | BOSPH-VER = . | compilation date time = Oct 29 2020 17:34:11
c CMS compiled with gcc version 9.3.0
c executed with command line: approxmc --sparse 1 -s 02 /experiments/results/Waldkirch-2.c/02/counterSharp/ash.dimacs
c -- header says num vars:          65838
c -- header says num clauses:      369192
c WARNING: Empty line at line number 370710 -- this is not part of the DIMACS specifications (http://www.satcompetition.org/2009/format-benchmarks2009.html). Ignoring.
c -- clauses added: 369192
c -- xor clauses added: 0
c -- vars added 65838
c [appmc] Sampling set size: 32
c [appmc] Sampling set: 1006, 1007, 1008, 1009, 1010, 1011, 1012, 1013, 1014, 1015, 1016, 1017, 1018, 1019, 1020, 1021, 1022, 1023, 1024, 1025, 1026, 1027, 1028, 1029, 1030, 1031, 1032, 1033, 1034, 1035, 1036, 1037, 
c [sparse] Using match: 0 sampling set size: 32 prev end inclusive is: -1 this end inclusive is: 50 next end inclusive is: 100 sampl size: 32
c [appmc] threshold set to 80 sparse: 1
c [appmc] Starting up, initial measurement
c [appmc] Starting at hash count: 1
c [appmc] [    0.00 ] round:  0 hashes:      1
c [appmc] [    0.00 ] bounded_sol_count looking for   81 solutions -- hashes active: 1
c [gauss] XOR-encoding clauses detached: 53868 deleted: 0 T: 0.00
c [appmc] [    8.92 ] round:  0 hashes:      2
c [appmc] [    8.92 ] bounded_sol_count looking for   81 solutions -- hashes active: 2
c [gauss] XOR-encoding clauses detached: 4016 deleted: 0 T: 0.00
c [appmc] [   15.15 ] round:  0 hashes:      4
c [appmc] [   15.15 ] bounded_sol_count looking for   81 solutions -- hashes active: 4
c [gauss] XOR-encoding clauses detached: 2008 deleted: 0 T: 0.00
c [appmc] [   18.38 ] round:  0 hashes:      3
c [appmc] [   18.38 ] bounded_sol_count looking for   81 solutions -- hashes active: 3
c [appmc] simplifying
c [gauss] XOR-encoding clauses reattached: 59892 T: 0.00
c [appmc] [   28.94 ] round:  1 hashes:      3
c [appmc] [   28.94 ] bounded_sol_count looking for   81 solutions -- hashes active: 3
c [gauss] XOR-encoding clauses detached: 58057 deleted: 0 T: 0.01
c [appmc] [   36.01 ] round:  1 hashes:      2
c [appmc] [   36.01 ] bounded_sol_count looking for   81 solutions -- hashes active: 2
c [appmc] simplifying
c [gauss] XOR-encoding clauses reattached: 58057 T: 0.00
c [appmc] [   46.36 ] round:  2 hashes:      3
c [appmc] [   46.36 ] bounded_sol_count looking for   81 solutions -- hashes active: 3
c [gauss] XOR-encoding clauses detached: 55758 deleted: 0 T: 0.01
c [appmc] [   52.72 ] round:  2 hashes:      2
c [appmc] [   52.72 ] bounded_sol_count looking for   81 solutions -- hashes active: 2
c [appmc] simplifying
c [gauss] XOR-encoding clauses reattached: 55758 T: 0.00
c [appmc] [   65.17 ] round:  3 hashes:      3
c [appmc] [   65.17 ] bounded_sol_count looking for   81 solutions -- hashes active: 3
c [gauss] XOR-encoding clauses detached: 57570 deleted: 0 T: 0.01
c [appmc] [   71.57 ] round:  3 hashes:      2
c [appmc] [   71.57 ] bounded_sol_count looking for   81 solutions -- hashes active: 2
c [appmc] simplifying
c [gauss] XOR-encoding clauses reattached: 57570 T: 0.00
c [appmc] [   81.70 ] round:  4 hashes:      3
c [appmc] [   81.70 ] bounded_sol_count looking for   81 solutions -- hashes active: 3
c [gauss] XOR-encoding clauses detached: 57566 deleted: 0 T: 0.01
c [appmc] [   87.82 ] round:  4 hashes:      2
c [appmc] [   87.82 ] bounded_sol_count looking for   81 solutions -- hashes active: 2
c [appmc] simplifying
c [gauss] XOR-encoding clauses reattached: 57566 T: 0.00
c [appmc] [   99.01 ] round:  5 hashes:      3
c [appmc] [   99.01 ] bounded_sol_count looking for   81 solutions -- hashes active: 3
c [gauss] XOR-encoding clauses detached: 0 deleted: 0 T: 0.01
c [appmc] [   99.72 ] round:  5 hashes:      2
c [appmc] [   99.72 ] bounded_sol_count looking for   81 solutions -- hashes active: 2
c [appmc] simplifying
c [gauss] XOR-encoding clauses reattached: 0 T: 0.00
c [appmc] [  110.33 ] round:  6 hashes:      3
c [appmc] [  110.33 ] bounded_sol_count looking for   81 solutions -- hashes active: 3
c [gauss] XOR-encoding clauses detached: 55510 deleted: 0 T: 0.01
c [appmc] [  115.20 ] round:  6 hashes:      2
c [appmc] [  115.20 ] bounded_sol_count looking for   81 solutions -- hashes active: 2
c [appmc] simplifying
c [gauss] XOR-encoding clauses reattached: 55510 T: 0.00
c [appmc] [  127.05 ] round:  7 hashes:      3
c [appmc] [  127.05 ] bounded_sol_count looking for   81 solutions -- hashes active: 3
c [gauss] XOR-encoding clauses detached: 57612 deleted: 0 T: 0.01
c [appmc] [  132.71 ] round:  7 hashes:      2
c [appmc] [  132.71 ] bounded_sol_count looking for   81 solutions -- hashes active: 2
c [appmc] simplifying
c [gauss] XOR-encoding clauses reattached: 57612 T: 0.00
c [appmc] [  143.22 ] round:  8 hashes:      3
c [appmc] [  143.22 ] bounded_sol_count looking for   81 solutions -- hashes active: 3
c [gauss] XOR-encoding clauses detached: 0 deleted: 0 T: 0.01
c [appmc] [  143.94 ] round:  8 hashes:      2
c [appmc] [  143.94 ] bounded_sol_count looking for   81 solutions -- hashes active: 2
c [appmc] FINISHED ApproxMC T: 144.14 s
c [appmc] Number of solutions is: 62*2**3
s mc 496
