** CON **
[runlim] version:		1.10
[runlim] time limit:		311040000 seconds
[runlim] real time limit:	300 seconds
[runlim] space limit:		2048 MB
[runlim] argv[0]:		approxmc
[runlim] argv[1]:		--sparse
[runlim] argv[2]:		1
[runlim] argv[3]:		-s
[runlim] argv[4]:		02
[runlim] argv[5]:		/experiments/results/gsv2008.c/02/counterSharp/con.dimacs
[runlim] start:			Mon Nov  9 16:46:41 2020
[runlim] main pid:		4856
[runlim] end:			Mon Nov  9 16:46:44 2020
[runlim] status:		ok
[runlim] result:		0
[runlim] children:		0
[runlim] real:			3.91 seconds
[runlim] time:			3.09 seconds
[runlim] space:			15.5 MB
[runlim] samples:		31
** AMM **
[runlim] version:		1.10
[runlim] time limit:		311040000 seconds
[runlim] real time limit:	300 seconds
[runlim] space limit:		2048 MB
[runlim] argv[0]:		approxmc
[runlim] argv[1]:		--sparse
[runlim] argv[2]:		1
[runlim] argv[3]:		-s
[runlim] argv[4]:		02
[runlim] argv[5]:		/experiments/results/gsv2008.c/02/counterSharp/amm.dimacs
[runlim] start:			Mon Nov  9 16:46:44 2020
[runlim] main pid:		4858
[runlim] sample:		10.0 time, 10.9 real, 24.6 MB
[runlim] sample:		20.0 time, 20.9 real, 25.8 MB
[runlim] sample:		30.0 time, 30.9 real, 25.9 MB
[runlim] end:			Mon Nov  9 16:47:16 2020
[runlim] status:		ok
[runlim] result:		0
[runlim] children:		0
[runlim] real:			32.44 seconds
[runlim] time:			31.48 seconds
[runlim] space:			26.1 MB
[runlim] samples:		315
** AMH **
[runlim] version:		1.10
[runlim] time limit:		311040000 seconds
[runlim] real time limit:	300 seconds
[runlim] space limit:		2048 MB
[runlim] argv[0]:		approxmc
[runlim] argv[1]:		--sparse
[runlim] argv[2]:		1
[runlim] argv[3]:		-s
[runlim] argv[4]:		02
[runlim] argv[5]:		/experiments/results/gsv2008.c/02/counterSharp/amh.dimacs
[runlim] start:			Mon Nov  9 16:47:16 2020
[runlim] main pid:		4860
[runlim] end:			Mon Nov  9 16:47:22 2020
[runlim] status:		ok
[runlim] result:		0
[runlim] children:		0
[runlim] real:			6.37 seconds
[runlim] time:			5.89 seconds
[runlim] space:			20.9 MB
[runlim] samples:		59
** ASM **
[runlim] version:		1.10
[runlim] time limit:		311040000 seconds
[runlim] real time limit:	300 seconds
[runlim] space limit:		2048 MB
[runlim] argv[0]:		approxmc
[runlim] argv[1]:		--sparse
[runlim] argv[2]:		1
[runlim] argv[3]:		-s
[runlim] argv[4]:		02
[runlim] argv[5]:		/experiments/results/gsv2008.c/02/counterSharp/asm.dimacs
[runlim] start:			Mon Nov  9 16:47:22 2020
[runlim] main pid:		4862
[runlim] end:			Mon Nov  9 16:47:26 2020
[runlim] status:		ok
[runlim] result:		0
[runlim] children:		0
[runlim] real:			4.39 seconds
[runlim] time:			3.98 seconds
[runlim] space:			17.6 MB
[runlim] samples:		40
** ASH **
[runlim] version:		1.10
[runlim] time limit:		311040000 seconds
[runlim] real time limit:	300 seconds
[runlim] space limit:		2048 MB
[runlim] argv[0]:		approxmc
[runlim] argv[1]:		--sparse
[runlim] argv[2]:		1
[runlim] argv[3]:		-s
[runlim] argv[4]:		02
[runlim] argv[5]:		/experiments/results/gsv2008.c/02/counterSharp/ash.dimacs
[runlim] start:			Mon Nov  9 16:47:26 2020
[runlim] main pid:		4864
[runlim] end:			Mon Nov  9 16:47:31 2020
[runlim] status:		ok
[runlim] result:		0
[runlim] children:		0
[runlim] real:			5.68 seconds
[runlim] time:			5.19 seconds
[runlim] space:			20.1 MB
[runlim] samples:		52
