** CON **
[runlim] version:		1.10
[runlim] time limit:		311040000 seconds
[runlim] real time limit:	300 seconds
[runlim] space limit:		2048 MB
[runlim] argv[0]:		approxmc
[runlim] argv[1]:		-s
[runlim] argv[2]:		04
[runlim] argv[3]:		/experiments/results/gsv2008.c/04/counterSharp/con.dimacs
[runlim] start:			Mon Aug  8 22:07:31 2022
[runlim] main pid:		3604
[runlim] end:			Mon Aug  8 22:07:31 2022
[runlim] status:		ok
[runlim] result:		0
[runlim] children:		0
[runlim] real:			0.50 seconds
[runlim] time:			0.00 seconds
[runlim] space:			7.0 MB
[runlim] samples:		3
** AMM **
[runlim] version:		1.10
[runlim] time limit:		311040000 seconds
[runlim] real time limit:	300 seconds
[runlim] space limit:		2048 MB
[runlim] argv[0]:		approxmc
[runlim] argv[1]:		-s
[runlim] argv[2]:		04
[runlim] argv[3]:		/experiments/results/gsv2008.c/04/counterSharp/amm.dimacs
[runlim] start:			Mon Aug  8 22:07:31 2022
[runlim] main pid:		3606
[runlim] end:			Mon Aug  8 22:07:33 2022
[runlim] status:		ok
[runlim] result:		0
[runlim] children:		0
[runlim] real:			2.03 seconds
[runlim] time:			1.47 seconds
[runlim] space:			15.2 MB
[runlim] samples:		15
** AMH **
[runlim] version:		1.10
[runlim] time limit:		311040000 seconds
[runlim] real time limit:	300 seconds
[runlim] space limit:		2048 MB
[runlim] argv[0]:		approxmc
[runlim] argv[1]:		-s
[runlim] argv[2]:		04
[runlim] argv[3]:		/experiments/results/gsv2008.c/04/counterSharp/amh.dimacs
[runlim] start:			Mon Aug  8 22:07:33 2022
[runlim] main pid:		3608
[runlim] end:			Mon Aug  8 22:07:35 2022
[runlim] status:		ok
[runlim] result:		0
[runlim] children:		0
[runlim] real:			2.62 seconds
[runlim] time:			2.40 seconds
[runlim] space:			15.9 MB
[runlim] samples:		25
** ASM **
[runlim] version:		1.10
[runlim] time limit:		311040000 seconds
[runlim] real time limit:	300 seconds
[runlim] space limit:		2048 MB
[runlim] argv[0]:		approxmc
[runlim] argv[1]:		-s
[runlim] argv[2]:		04
[runlim] argv[3]:		/experiments/results/gsv2008.c/04/counterSharp/asm.dimacs
[runlim] start:			Mon Aug  8 22:07:35 2022
[runlim] main pid:		3610
[runlim] end:			Mon Aug  8 22:07:35 2022
[runlim] status:		ok
[runlim] result:		0
[runlim] children:		0
[runlim] real:			0.74 seconds
[runlim] time:			0.04 seconds
[runlim] space:			8.2 MB
[runlim] samples:		1
** ASH **
[runlim] version:		1.10
[runlim] time limit:		311040000 seconds
[runlim] real time limit:	300 seconds
[runlim] space limit:		2048 MB
[runlim] argv[0]:		approxmc
[runlim] argv[1]:		-s
[runlim] argv[2]:		04
[runlim] argv[3]:		/experiments/results/gsv2008.c/04/counterSharp/ash.dimacs
[runlim] start:			Mon Aug  8 22:07:35 2022
[runlim] main pid:		3612
[runlim] end:			Mon Aug  8 22:07:38 2022
[runlim] status:		ok
[runlim] result:		0
[runlim] children:		0
[runlim] real:			3.52 seconds
[runlim] time:			2.67 seconds
[runlim] space:			14.5 MB
[runlim] samples:		27
