** CON **
[runlim] version:		1.10
[runlim] time limit:		311040000 seconds
[runlim] real time limit:	300 seconds
[runlim] space limit:		2048 MB
[runlim] argv[0]:		approxmc
[runlim] argv[1]:		--sparse
[runlim] argv[2]:		1
[runlim] argv[3]:		-s
[runlim] argv[4]:		03
[runlim] argv[5]:		/experiments/results/rangesum05.c/03/counterSharp/con.dimacs
[runlim] start:			Fri Oct 30 11:49:08 2020
[runlim] main pid:		275
ERROR! Could not open file '/experiments/results/rangesum05.c/03/counterSharp/con.dimacs' for reading: No such file or directory
[runlim] end:			Fri Oct 30 11:49:08 2020
[runlim] status:		ok
[runlim] result:		0
[runlim] children:		0
[runlim] real:			0.31 seconds
[runlim] time:			0.00 seconds
[runlim] space:			0.0 MB
[runlim] samples:		0
** AMM **
[runlim] version:		1.10
[runlim] time limit:		311040000 seconds
[runlim] real time limit:	300 seconds
[runlim] space limit:		2048 MB
[runlim] argv[0]:		approxmc
[runlim] argv[1]:		--sparse
[runlim] argv[2]:		1
[runlim] argv[3]:		-s
[runlim] argv[4]:		03
[runlim] argv[5]:		/experiments/results/rangesum05.c/03/counterSharp/amm.dimacs
[runlim] start:			Fri Oct 30 11:49:08 2020
[runlim] main pid:		277
ERROR! Could not open file '/experiments/results/rangesum05.c/03/counterSharp/amm.dimacs' for reading: No such file or directory
[runlim] end:			Fri Oct 30 11:49:08 2020
[runlim] status:		ok
[runlim] result:		0
[runlim] children:		0
[runlim] real:			0.31 seconds
[runlim] time:			0.00 seconds
[runlim] space:			0.0 MB
[runlim] samples:		0
** AMH **
[runlim] version:		1.10
[runlim] time limit:		311040000 seconds
[runlim] real time limit:	300 seconds
[runlim] space limit:		2048 MB
[runlim] argv[0]:		approxmc
[runlim] argv[1]:		--sparse
[runlim] argv[2]:		1
[runlim] argv[3]:		-s
[runlim] argv[4]:		03
[runlim] argv[5]:		/experiments/results/rangesum05.c/03/counterSharp/amh.dimacs
[runlim] start:			Fri Oct 30 11:49:08 2020
[runlim] main pid:		279
[runlim] end:			Fri Oct 30 11:49:11 2020
[runlim] status:		ok
[runlim] result:		0
[runlim] children:		0
[runlim] real:			3.39 seconds
[runlim] time:			2.98 seconds
[runlim] space:			34.3 MB
[runlim] samples:		30
** ASM **
[runlim] version:		1.10
[runlim] time limit:		311040000 seconds
[runlim] real time limit:	300 seconds
[runlim] space limit:		2048 MB
[runlim] argv[0]:		approxmc
[runlim] argv[1]:		--sparse
[runlim] argv[2]:		1
[runlim] argv[3]:		-s
[runlim] argv[4]:		03
[runlim] argv[5]:		/experiments/results/rangesum05.c/03/counterSharp/asm.dimacs
[runlim] start:			Fri Oct 30 11:49:11 2020
[runlim] main pid:		281
[runlim] end:			Fri Oct 30 11:49:14 2020
[runlim] status:		ok
[runlim] result:		0
[runlim] children:		0
[runlim] real:			3.71 seconds
[runlim] time:			3.28 seconds
[runlim] space:			35.1 MB
[runlim] samples:		33
** ASH **
[runlim] version:		1.10
[runlim] time limit:		311040000 seconds
[runlim] real time limit:	300 seconds
[runlim] space limit:		2048 MB
[runlim] argv[0]:		approxmc
[runlim] argv[1]:		--sparse
[runlim] argv[2]:		1
[runlim] argv[3]:		-s
[runlim] argv[4]:		03
[runlim] argv[5]:		/experiments/results/rangesum05.c/03/counterSharp/ash.dimacs
[runlim] start:			Fri Oct 30 11:49:14 2020
[runlim] main pid:		283
[runlim] sample:		10.0 time, 10.7 real, 44.2 MB
[runlim] sample:		20.0 time, 20.7 real, 53.4 MB
[runlim] sample:		30.0 time, 30.7 real, 53.6 MB
[runlim] sample:		40.0 time, 40.7 real, 53.6 MB
[runlim] sample:		50.0 time, 50.7 real, 55.6 MB
[runlim] sample:		60.0 time, 60.7 real, 55.6 MB
[runlim] sample:		70.0 time, 70.7 real, 55.6 MB
[runlim] sample:		80.0 time, 80.7 real, 55.6 MB
[runlim] sample:		90.0 time, 90.7 real, 55.6 MB
[runlim] sample:		100.0 time, 100.7 real, 55.7 MB
[runlim] sample:		110.0 time, 110.7 real, 55.7 MB
[runlim] sample:		120.0 time, 120.7 real, 55.7 MB
[runlim] sample:		130.0 time, 130.7 real, 55.7 MB
[runlim] sample:		140.0 time, 140.7 real, 55.7 MB
[runlim] sample:		150.0 time, 150.7 real, 55.7 MB
[runlim] sample:		160.0 time, 160.7 real, 55.7 MB
[runlim] sample:		170.0 time, 170.7 real, 55.7 MB
[runlim] sample:		180.0 time, 180.7 real, 55.7 MB
[runlim] sample:		190.0 time, 190.7 real, 55.7 MB
[runlim] sample:		200.0 time, 200.7 real, 55.9 MB
[runlim] sample:		210.0 time, 210.7 real, 55.9 MB
[runlim] sample:		220.0 time, 220.7 real, 55.9 MB
[runlim] sample:		230.0 time, 230.7 real, 55.9 MB
[runlim] sample:		240.0 time, 240.7 real, 55.9 MB
[runlim] sample:		250.0 time, 250.7 real, 55.9 MB
[runlim] sample:		260.0 time, 260.7 real, 56.0 MB
[runlim] sample:		270.0 time, 270.7 real, 56.0 MB
[runlim] sample:		280.0 time, 280.7 real, 56.0 MB
[runlim] sample:		290.0 time, 290.7 real, 65.2 MB
[runlim] end:			Fri Oct 30 11:54:14 2020
[runlim] status:		out of time
[runlim] result:		2
[runlim] children:		0
[runlim] real:			300.03 seconds
[runlim] time:			299.26 seconds
[runlim] space:			72.9 MB
[runlim] samples:		2993
