** CON **
c ApproxMC SHA revision 618b35b37e4d6019e0a84e37cc482187f35ee334
c ApproxMC version 4.0.1
c ApproxMC compilation env CMAKE_CXX_COMPILER = /usr/bin/c++ | CMAKE_CXX_FLAGS =  -Wall -Wextra -Wunused -Wsign-compare -fno-omit-frame-pointer -Wtype-limits -Wuninitialized -Wno-deprecated -Wstrict-aliasing -Wpointer-arith -fvisibility=hidden -Wpointer-arith -Wformat-nonliteral -Winit-self -Wparentheses -Wunreachable-code -g -fvisibility=hidden -Wlogical-op -Wrestrict -Wnull-dereference -Wdouble-promotion -Wshadow -Wformat=2 -Wextra-semi -pedantic | COMPILE_DEFINES =  -DBOOST_TEST_DYN_LINK | STATICCOMPILE = OFF | Boost_FOUND = TRUE | ZLIB_FOUND = TRUE | VALGRIND_FOUND =  | GMP_FOUND = TRUE | ENABLE_ASSERTIONS = ON | MY_TARGETS =  | compilation date time = Nov  9 2020 10:31:14
c ApproxMC compiled with gcc version 9.3.0
c CryptoMiniSat version 5.8.0
c CMS Copyright Mate Soos (soos.mate@gmail.com)
c CMS SHA revision 6477e8bc43b0fda7038965bb148b64b8637c804b
c CMS is GPL licensed due to M4RI being linked. Build without M4RI to get MIT version
c Using VMTF code by Armin Biere from CaDiCaL
c Using Yalsat by Armin Biere, see Balint et al. Improving implementation of SLS solvers [...], SAT'14
c Using WalkSAT by Henry Kautz, see Kautz and Selman Pushing the envelope: planning, propositional logic, and stochastic search, AAAI'96,
c Using code from 'When Boolean Satisfiability Meets Gauss-E. in a Simplex Way'
c       by C.-S. Han and J.-H. Roland Jiang in CAV 2012. Fixes by M. Soos
c Using CCAnr from 'CCAnr: A Conf. Checking Based Local Search Solver [...]'
c       by Shaowei Cai, Chuan Luo, and Kaile Su, SAT 2015
c CMS compilation env CMAKE_CXX_COMPILER = /usr/bin/c++ | CMAKE_CXX_FLAGS =  -fvisibility=hidden -Wall -Wextra -Wunused -Wsign-compare -fno-omit-frame-pointer -Wtype-limits -Wuninitialized -Wno-deprecated -Wstrict-aliasing -Wpointer-arith -Wpointer-arith -Wformat-nonliteral -Winit-self -Wparentheses -Wunreachable-code -g -Wno-class-memaccess -mpopcnt -msse4.2 -ggdb3 -Wlogical-op -Wrestrict -Wnull-dereference -Wdouble-promotion -Wshadow -Wformat=2 -Wextra-semi -pedantic | COMPILE_DEFINES =  -DEXTENDED_FEATURES -DUSE_GAUSS -DBOOST_TEST_DYN_LINK -DUSE_ZLIB -DYALSAT_FPU -DUSE_M4RI | STATICCOMPILE = OFF | ONLY_SIMPLE = OFF | Boost_FOUND = TRUE | STATS = OFF | SQLITE3_FOUND = FALSE | ZLIB_FOUND = TRUE | VALGRIND_FOUND =  | ENABLE_TESTING = OFF | M4RI_FOUND = TRUE | NOM4RI = OFF | SLOW_DEBUG = OFF | ENABLE_ASSERTIONS = ON | PYTHON_EXECUTABLE = PYTHON_EXECUTABLE-NOTFOUND | PYTHON_LIBRARY = PYTHON_LIBRARY-NOTFOUND | PYTHON_INCLUDE_DIRS =  | MY_TARGETS =  | LARGEMEM = OFF | LIMITMEM = OFF | BREAKID_LIBRARIES =  | BREAKID-VER = . | BOSPHORUS_LIBRARIES =  | BOSPH-VER = . | compilation date time = Oct 29 2020 17:34:11
c CMS compiled with gcc version 9.3.0
c executed with command line: approxmc --sparse 1 -s 03 /experiments/results/rangesum05.c/03/counterSharp/con.dimacs
** AMM **
c ApproxMC SHA revision 618b35b37e4d6019e0a84e37cc482187f35ee334
c ApproxMC version 4.0.1
c ApproxMC compilation env CMAKE_CXX_COMPILER = /usr/bin/c++ | CMAKE_CXX_FLAGS =  -Wall -Wextra -Wunused -Wsign-compare -fno-omit-frame-pointer -Wtype-limits -Wuninitialized -Wno-deprecated -Wstrict-aliasing -Wpointer-arith -fvisibility=hidden -Wpointer-arith -Wformat-nonliteral -Winit-self -Wparentheses -Wunreachable-code -g -fvisibility=hidden -Wlogical-op -Wrestrict -Wnull-dereference -Wdouble-promotion -Wshadow -Wformat=2 -Wextra-semi -pedantic | COMPILE_DEFINES =  -DBOOST_TEST_DYN_LINK | STATICCOMPILE = OFF | Boost_FOUND = TRUE | ZLIB_FOUND = TRUE | VALGRIND_FOUND =  | GMP_FOUND = TRUE | ENABLE_ASSERTIONS = ON | MY_TARGETS =  | compilation date time = Nov  9 2020 10:31:14
c ApproxMC compiled with gcc version 9.3.0
c CryptoMiniSat version 5.8.0
c CMS Copyright Mate Soos (soos.mate@gmail.com)
c CMS SHA revision 6477e8bc43b0fda7038965bb148b64b8637c804b
c CMS is GPL licensed due to M4RI being linked. Build without M4RI to get MIT version
c Using VMTF code by Armin Biere from CaDiCaL
c Using Yalsat by Armin Biere, see Balint et al. Improving implementation of SLS solvers [...], SAT'14
c Using WalkSAT by Henry Kautz, see Kautz and Selman Pushing the envelope: planning, propositional logic, and stochastic search, AAAI'96,
c Using code from 'When Boolean Satisfiability Meets Gauss-E. in a Simplex Way'
c       by C.-S. Han and J.-H. Roland Jiang in CAV 2012. Fixes by M. Soos
c Using CCAnr from 'CCAnr: A Conf. Checking Based Local Search Solver [...]'
c       by Shaowei Cai, Chuan Luo, and Kaile Su, SAT 2015
c CMS compilation env CMAKE_CXX_COMPILER = /usr/bin/c++ | CMAKE_CXX_FLAGS =  -fvisibility=hidden -Wall -Wextra -Wunused -Wsign-compare -fno-omit-frame-pointer -Wtype-limits -Wuninitialized -Wno-deprecated -Wstrict-aliasing -Wpointer-arith -Wpointer-arith -Wformat-nonliteral -Winit-self -Wparentheses -Wunreachable-code -g -Wno-class-memaccess -mpopcnt -msse4.2 -ggdb3 -Wlogical-op -Wrestrict -Wnull-dereference -Wdouble-promotion -Wshadow -Wformat=2 -Wextra-semi -pedantic | COMPILE_DEFINES =  -DEXTENDED_FEATURES -DUSE_GAUSS -DBOOST_TEST_DYN_LINK -DUSE_ZLIB -DYALSAT_FPU -DUSE_M4RI | STATICCOMPILE = OFF | ONLY_SIMPLE = OFF | Boost_FOUND = TRUE | STATS = OFF | SQLITE3_FOUND = FALSE | ZLIB_FOUND = TRUE | VALGRIND_FOUND =  | ENABLE_TESTING = OFF | M4RI_FOUND = TRUE | NOM4RI = OFF | SLOW_DEBUG = OFF | ENABLE_ASSERTIONS = ON | PYTHON_EXECUTABLE = PYTHON_EXECUTABLE-NOTFOUND | PYTHON_LIBRARY = PYTHON_LIBRARY-NOTFOUND | PYTHON_INCLUDE_DIRS =  | MY_TARGETS =  | LARGEMEM = OFF | LIMITMEM = OFF | BREAKID_LIBRARIES =  | BREAKID-VER = . | BOSPHORUS_LIBRARIES =  | BOSPH-VER = . | compilation date time = Oct 29 2020 17:34:11
c CMS compiled with gcc version 9.3.0
c executed with command line: approxmc --sparse 1 -s 03 /experiments/results/rangesum05.c/03/counterSharp/amm.dimacs
** AMH **
c ApproxMC SHA revision 618b35b37e4d6019e0a84e37cc482187f35ee334
c ApproxMC version 4.0.1
c ApproxMC compilation env CMAKE_CXX_COMPILER = /usr/bin/c++ | CMAKE_CXX_FLAGS =  -Wall -Wextra -Wunused -Wsign-compare -fno-omit-frame-pointer -Wtype-limits -Wuninitialized -Wno-deprecated -Wstrict-aliasing -Wpointer-arith -fvisibility=hidden -Wpointer-arith -Wformat-nonliteral -Winit-self -Wparentheses -Wunreachable-code -g -fvisibility=hidden -Wlogical-op -Wrestrict -Wnull-dereference -Wdouble-promotion -Wshadow -Wformat=2 -Wextra-semi -pedantic | COMPILE_DEFINES =  -DBOOST_TEST_DYN_LINK | STATICCOMPILE = OFF | Boost_FOUND = TRUE | ZLIB_FOUND = TRUE | VALGRIND_FOUND =  | GMP_FOUND = TRUE | ENABLE_ASSERTIONS = ON | MY_TARGETS =  | compilation date time = Nov  9 2020 10:31:14
c ApproxMC compiled with gcc version 9.3.0
c CryptoMiniSat version 5.8.0
c CMS Copyright Mate Soos (soos.mate@gmail.com)
c CMS SHA revision 6477e8bc43b0fda7038965bb148b64b8637c804b
c CMS is GPL licensed due to M4RI being linked. Build without M4RI to get MIT version
c Using VMTF code by Armin Biere from CaDiCaL
c Using Yalsat by Armin Biere, see Balint et al. Improving implementation of SLS solvers [...], SAT'14
c Using WalkSAT by Henry Kautz, see Kautz and Selman Pushing the envelope: planning, propositional logic, and stochastic search, AAAI'96,
c Using code from 'When Boolean Satisfiability Meets Gauss-E. in a Simplex Way'
c       by C.-S. Han and J.-H. Roland Jiang in CAV 2012. Fixes by M. Soos
c Using CCAnr from 'CCAnr: A Conf. Checking Based Local Search Solver [...]'
c       by Shaowei Cai, Chuan Luo, and Kaile Su, SAT 2015
c CMS compilation env CMAKE_CXX_COMPILER = /usr/bin/c++ | CMAKE_CXX_FLAGS =  -fvisibility=hidden -Wall -Wextra -Wunused -Wsign-compare -fno-omit-frame-pointer -Wtype-limits -Wuninitialized -Wno-deprecated -Wstrict-aliasing -Wpointer-arith -Wpointer-arith -Wformat-nonliteral -Winit-self -Wparentheses -Wunreachable-code -g -Wno-class-memaccess -mpopcnt -msse4.2 -ggdb3 -Wlogical-op -Wrestrict -Wnull-dereference -Wdouble-promotion -Wshadow -Wformat=2 -Wextra-semi -pedantic | COMPILE_DEFINES =  -DEXTENDED_FEATURES -DUSE_GAUSS -DBOOST_TEST_DYN_LINK -DUSE_ZLIB -DYALSAT_FPU -DUSE_M4RI | STATICCOMPILE = OFF | ONLY_SIMPLE = OFF | Boost_FOUND = TRUE | STATS = OFF | SQLITE3_FOUND = FALSE | ZLIB_FOUND = TRUE | VALGRIND_FOUND =  | ENABLE_TESTING = OFF | M4RI_FOUND = TRUE | NOM4RI = OFF | SLOW_DEBUG = OFF | ENABLE_ASSERTIONS = ON | PYTHON_EXECUTABLE = PYTHON_EXECUTABLE-NOTFOUND | PYTHON_LIBRARY = PYTHON_LIBRARY-NOTFOUND | PYTHON_INCLUDE_DIRS =  | MY_TARGETS =  | LARGEMEM = OFF | LIMITMEM = OFF | BREAKID_LIBRARIES =  | BREAKID-VER = . | BOSPHORUS_LIBRARIES =  | BOSPH-VER = . | compilation date time = Oct 29 2020 17:34:11
c CMS compiled with gcc version 9.3.0
c executed with command line: approxmc --sparse 1 -s 03 /experiments/results/rangesum05.c/03/counterSharp/amh.dimacs
c -- header says num vars:           4554
c -- header says num clauses:       16348
c WARNING: Empty line at line number 16412 -- this is not part of the DIMACS specifications (http://www.satcompetition.org/2009/format-benchmarks2009.html). Ignoring.
c -- clauses added: 16348
c -- xor clauses added: 0
c -- vars added 4554
c [appmc] Sampling set size: 160
c [appmc] Sampling var set contains over 100 variables, not displaying
c [sparse] Using match: 3 sampling set size: 160 prev end inclusive is: 150 this end inclusive is: 200 next end inclusive is: 250 sampl size: 160
c [appmc] threshold set to 80 sparse: 1
c [appmc] Starting up, initial measurement
c [appmc] Checking if there are at least threshold+1 solutions...
c [appmc] simplifying
c [appmc] [    0.12 ] bounded_sol_count looking for   81 solutions -- hashes active: 0
c [appmc] Starting at hash count: 1
c [appmc] [    0.14 ] round:  0 hashes:      1
c [appmc] [    0.14 ] bounded_sol_count looking for   81 solutions -- hashes active: 1
c [appmc] [    0.16 ] round:  0 hashes:      2
c [appmc] [    0.16 ] bounded_sol_count looking for   81 solutions -- hashes active: 2
c [appmc] [    0.18 ] round:  0 hashes:      4
c [appmc] [    0.18 ] bounded_sol_count looking for   81 solutions -- hashes active: 4
c [appmc] [    0.20 ] round:  0 hashes:      8
c [appmc] [    0.20 ] bounded_sol_count looking for   81 solutions -- hashes active: 8
c [appmc] [    0.24 ] round:  0 hashes:     16
c [appmc] [    0.24 ] bounded_sol_count looking for   81 solutions -- hashes active: 16
c [appmc] [    0.28 ] round:  0 hashes:     32
c [appmc] [    0.28 ] bounded_sol_count looking for   81 solutions -- hashes active: 32
c [appmc] [    0.35 ] round:  0 hashes:     64
c [appmc] [    0.35 ] bounded_sol_count looking for   81 solutions -- hashes active: 64
c [appmc] [    0.45 ] round:  0 hashes:    128
c [appmc] [    0.45 ] bounded_sol_count looking for   81 solutions -- hashes active: 128
c [appmc] [    0.59 ] round:  0 hashes:    144
c [appmc] [    0.59 ] bounded_sol_count looking for   81 solutions -- hashes active: 144
c [appmc] [    0.73 ] round:  0 hashes:    152
c [appmc] [    0.73 ] bounded_sol_count looking for   81 solutions -- hashes active: 152
c [appmc] [    0.87 ] round:  0 hashes:    156
c [appmc] [    0.87 ] bounded_sol_count looking for   81 solutions -- hashes active: 156
c [appmc] [    0.90 ] round:  0 hashes:    154
c [appmc] [    0.90 ] bounded_sol_count looking for   81 solutions -- hashes active: 154
c [appmc] [    0.96 ] round:  0 hashes:    153
c [appmc] [    0.96 ] bounded_sol_count looking for   81 solutions -- hashes active: 153
c [appmc] simplifying
c [appmc] [    1.06 ] round:  1 hashes:    154
c [appmc] [    1.06 ] bounded_sol_count looking for   81 solutions -- hashes active: 154
c [appmc] [    1.13 ] round:  1 hashes:    153
c [appmc] [    1.13 ] bounded_sol_count looking for   81 solutions -- hashes active: 153
c [appmc] simplifying
c [appmc] [    1.24 ] round:  2 hashes:    154
c [appmc] [    1.24 ] bounded_sol_count looking for   81 solutions -- hashes active: 154
c [appmc] [    1.34 ] round:  2 hashes:    153
c [appmc] [    1.34 ] bounded_sol_count looking for   81 solutions -- hashes active: 153
c [appmc] simplifying
c [appmc] [    1.46 ] round:  3 hashes:    154
c [appmc] [    1.46 ] bounded_sol_count looking for   81 solutions -- hashes active: 154
c [appmc] [    1.58 ] round:  3 hashes:    153
c [appmc] [    1.58 ] bounded_sol_count looking for   81 solutions -- hashes active: 153
c [appmc] simplifying
c [appmc] [    1.71 ] round:  4 hashes:    154
c [appmc] [    1.71 ] bounded_sol_count looking for   81 solutions -- hashes active: 154
c [appmc] [    1.85 ] round:  4 hashes:    153
c [appmc] [    1.85 ] bounded_sol_count looking for   81 solutions -- hashes active: 153
c [appmc] simplifying
c [appmc] [    1.98 ] round:  5 hashes:    154
c [appmc] [    1.98 ] bounded_sol_count looking for   81 solutions -- hashes active: 154
c [appmc] [    2.15 ] round:  5 hashes:    153
c [appmc] [    2.15 ] bounded_sol_count looking for   81 solutions -- hashes active: 153
c [appmc] simplifying
c [appmc] [    2.28 ] round:  6 hashes:    154
c [appmc] [    2.28 ] bounded_sol_count looking for   81 solutions -- hashes active: 154
c [appmc] [    2.48 ] round:  6 hashes:    153
c [appmc] [    2.48 ] bounded_sol_count looking for   81 solutions -- hashes active: 153
c [appmc] simplifying
c [appmc] [    2.62 ] round:  7 hashes:    154
c [appmc] [    2.62 ] bounded_sol_count looking for   81 solutions -- hashes active: 154
c [appmc] [    2.85 ] round:  7 hashes:    153
c [appmc] [    2.85 ] bounded_sol_count looking for   81 solutions -- hashes active: 153
c [appmc] simplifying
c [appmc] [    2.99 ] round:  8 hashes:    154
c [appmc] [    2.99 ] bounded_sol_count looking for   81 solutions -- hashes active: 154
c [appmc] [    3.24 ] round:  8 hashes:    153
c [appmc] [    3.24 ] bounded_sol_count looking for   81 solutions -- hashes active: 153
c [appmc] FINISHED ApproxMC T: 3.30 s
c [appmc] Number of solutions is: 64*2**154
s mc 1461501637330902918203684832716283019655932542976
** ASM **
c ApproxMC SHA revision 618b35b37e4d6019e0a84e37cc482187f35ee334
c ApproxMC version 4.0.1
c ApproxMC compilation env CMAKE_CXX_COMPILER = /usr/bin/c++ | CMAKE_CXX_FLAGS =  -Wall -Wextra -Wunused -Wsign-compare -fno-omit-frame-pointer -Wtype-limits -Wuninitialized -Wno-deprecated -Wstrict-aliasing -Wpointer-arith -fvisibility=hidden -Wpointer-arith -Wformat-nonliteral -Winit-self -Wparentheses -Wunreachable-code -g -fvisibility=hidden -Wlogical-op -Wrestrict -Wnull-dereference -Wdouble-promotion -Wshadow -Wformat=2 -Wextra-semi -pedantic | COMPILE_DEFINES =  -DBOOST_TEST_DYN_LINK | STATICCOMPILE = OFF | Boost_FOUND = TRUE | ZLIB_FOUND = TRUE | VALGRIND_FOUND =  | GMP_FOUND = TRUE | ENABLE_ASSERTIONS = ON | MY_TARGETS =  | compilation date time = Nov  9 2020 10:31:14
c ApproxMC compiled with gcc version 9.3.0
c CryptoMiniSat version 5.8.0
c CMS Copyright Mate Soos (soos.mate@gmail.com)
c CMS SHA revision 6477e8bc43b0fda7038965bb148b64b8637c804b
c CMS is GPL licensed due to M4RI being linked. Build without M4RI to get MIT version
c Using VMTF code by Armin Biere from CaDiCaL
c Using Yalsat by Armin Biere, see Balint et al. Improving implementation of SLS solvers [...], SAT'14
c Using WalkSAT by Henry Kautz, see Kautz and Selman Pushing the envelope: planning, propositional logic, and stochastic search, AAAI'96,
c Using code from 'When Boolean Satisfiability Meets Gauss-E. in a Simplex Way'
c       by C.-S. Han and J.-H. Roland Jiang in CAV 2012. Fixes by M. Soos
c Using CCAnr from 'CCAnr: A Conf. Checking Based Local Search Solver [...]'
c       by Shaowei Cai, Chuan Luo, and Kaile Su, SAT 2015
c CMS compilation env CMAKE_CXX_COMPILER = /usr/bin/c++ | CMAKE_CXX_FLAGS =  -fvisibility=hidden -Wall -Wextra -Wunused -Wsign-compare -fno-omit-frame-pointer -Wtype-limits -Wuninitialized -Wno-deprecated -Wstrict-aliasing -Wpointer-arith -Wpointer-arith -Wformat-nonliteral -Winit-self -Wparentheses -Wunreachable-code -g -Wno-class-memaccess -mpopcnt -msse4.2 -ggdb3 -Wlogical-op -Wrestrict -Wnull-dereference -Wdouble-promotion -Wshadow -Wformat=2 -Wextra-semi -pedantic | COMPILE_DEFINES =  -DEXTENDED_FEATURES -DUSE_GAUSS -DBOOST_TEST_DYN_LINK -DUSE_ZLIB -DYALSAT_FPU -DUSE_M4RI | STATICCOMPILE = OFF | ONLY_SIMPLE = OFF | Boost_FOUND = TRUE | STATS = OFF | SQLITE3_FOUND = FALSE | ZLIB_FOUND = TRUE | VALGRIND_FOUND =  | ENABLE_TESTING = OFF | M4RI_FOUND = TRUE | NOM4RI = OFF | SLOW_DEBUG = OFF | ENABLE_ASSERTIONS = ON | PYTHON_EXECUTABLE = PYTHON_EXECUTABLE-NOTFOUND | PYTHON_LIBRARY = PYTHON_LIBRARY-NOTFOUND | PYTHON_INCLUDE_DIRS =  | MY_TARGETS =  | LARGEMEM = OFF | LIMITMEM = OFF | BREAKID_LIBRARIES =  | BREAKID-VER = . | BOSPHORUS_LIBRARIES =  | BOSPH-VER = . | compilation date time = Oct 29 2020 17:34:11
c CMS compiled with gcc version 9.3.0
c executed with command line: approxmc --sparse 1 -s 03 /experiments/results/rangesum05.c/03/counterSharp/asm.dimacs
c -- header says num vars:           4555
c -- header says num clauses:       16351
c WARNING: Empty line at line number 16416 -- this is not part of the DIMACS specifications (http://www.satcompetition.org/2009/format-benchmarks2009.html). Ignoring.
c -- clauses added: 16351
c -- xor clauses added: 0
c -- vars added 4555
c [appmc] Sampling set size: 160
c [appmc] Sampling var set contains over 100 variables, not displaying
c [sparse] Using match: 3 sampling set size: 160 prev end inclusive is: 150 this end inclusive is: 200 next end inclusive is: 250 sampl size: 160
c [appmc] threshold set to 80 sparse: 1
c [appmc] Starting up, initial measurement
c [appmc] Checking if there are at least threshold+1 solutions...
c [appmc] simplifying
c [appmc] [    0.12 ] bounded_sol_count looking for   81 solutions -- hashes active: 0
c [appmc] Starting at hash count: 1
c [appmc] [    0.15 ] round:  0 hashes:      1
c [appmc] [    0.15 ] bounded_sol_count looking for   81 solutions -- hashes active: 1
c [appmc] [    0.18 ] round:  0 hashes:      2
c [appmc] [    0.18 ] bounded_sol_count looking for   81 solutions -- hashes active: 2
c [appmc] [    0.19 ] round:  0 hashes:      4
c [appmc] [    0.19 ] bounded_sol_count looking for   81 solutions -- hashes active: 4
c [appmc] [    0.22 ] round:  0 hashes:      8
c [appmc] [    0.22 ] bounded_sol_count looking for   81 solutions -- hashes active: 8
c [appmc] [    0.26 ] round:  0 hashes:     16
c [appmc] [    0.26 ] bounded_sol_count looking for   81 solutions -- hashes active: 16
c [appmc] [    0.31 ] round:  0 hashes:     32
c [appmc] [    0.31 ] bounded_sol_count looking for   81 solutions -- hashes active: 32
c [appmc] [    0.39 ] round:  0 hashes:     64
c [appmc] [    0.39 ] bounded_sol_count looking for   81 solutions -- hashes active: 64
c [appmc] [    0.50 ] round:  0 hashes:    128
c [appmc] [    0.50 ] bounded_sol_count looking for   81 solutions -- hashes active: 128
c [appmc] [    0.63 ] round:  0 hashes:    144
c [appmc] [    0.63 ] bounded_sol_count looking for   81 solutions -- hashes active: 144
c [appmc] [    0.77 ] round:  0 hashes:    152
c [appmc] [    0.77 ] bounded_sol_count looking for   81 solutions -- hashes active: 152
c [appmc] [    0.90 ] round:  0 hashes:    156
c [appmc] [    0.90 ] bounded_sol_count looking for   81 solutions -- hashes active: 156
c [appmc] [    0.92 ] round:  0 hashes:    154
c [appmc] [    0.92 ] bounded_sol_count looking for   81 solutions -- hashes active: 154
c [appmc] [    0.99 ] round:  0 hashes:    153
c [appmc] [    0.99 ] bounded_sol_count looking for   81 solutions -- hashes active: 153
c [appmc] simplifying
c [appmc] [    1.09 ] round:  1 hashes:    154
c [appmc] [    1.09 ] bounded_sol_count looking for   81 solutions -- hashes active: 154
c [appmc] [    1.18 ] round:  1 hashes:    153
c [appmc] [    1.18 ] bounded_sol_count looking for   81 solutions -- hashes active: 153
c [appmc] simplifying
c [appmc] [    1.29 ] round:  2 hashes:    154
c [appmc] [    1.29 ] bounded_sol_count looking for   81 solutions -- hashes active: 154
c [appmc] [    1.39 ] round:  2 hashes:    153
c [appmc] [    1.39 ] bounded_sol_count looking for   81 solutions -- hashes active: 153
c [appmc] simplifying
c [appmc] [    1.51 ] round:  3 hashes:    154
c [appmc] [    1.51 ] bounded_sol_count looking for   81 solutions -- hashes active: 154
c [appmc] [    1.64 ] round:  3 hashes:    153
c [appmc] [    1.64 ] bounded_sol_count looking for   81 solutions -- hashes active: 153
c [appmc] simplifying
c [appmc] [    1.77 ] round:  4 hashes:    154
c [appmc] [    1.77 ] bounded_sol_count looking for   81 solutions -- hashes active: 154
c [appmc] [    1.92 ] round:  4 hashes:    153
c [appmc] [    1.92 ] bounded_sol_count looking for   81 solutions -- hashes active: 153
c [appmc] simplifying
c [appmc] [    2.05 ] round:  5 hashes:    154
c [appmc] [    2.05 ] bounded_sol_count looking for   81 solutions -- hashes active: 154
c [appmc] [    2.23 ] round:  5 hashes:    153
c [appmc] [    2.23 ] bounded_sol_count looking for   81 solutions -- hashes active: 153
c [appmc] simplifying
c [appmc] [    2.37 ] round:  6 hashes:    154
c [appmc] [    2.37 ] bounded_sol_count looking for   81 solutions -- hashes active: 154
c [appmc] [    2.57 ] round:  6 hashes:    153
c [appmc] [    2.57 ] bounded_sol_count looking for   81 solutions -- hashes active: 153
c [appmc] simplifying
c [appmc] [    2.72 ] round:  7 hashes:    154
c [appmc] [    2.72 ] bounded_sol_count looking for   81 solutions -- hashes active: 154
c [appmc] [    2.95 ] round:  7 hashes:    153
c [appmc] [    2.95 ] bounded_sol_count looking for   81 solutions -- hashes active: 153
c [appmc] simplifying
c [appmc] [    3.10 ] round:  8 hashes:    154
c [appmc] [    3.10 ] bounded_sol_count looking for   81 solutions -- hashes active: 154
c [appmc] [    3.36 ] round:  8 hashes:    153
c [appmc] [    3.36 ] bounded_sol_count looking for   81 solutions -- hashes active: 153
c [appmc] FINISHED ApproxMC T: 3.42 s
c [appmc] Number of solutions is: 64*2**154
s mc 1461501637330902918203684832716283019655932542976
** ASH **
c ApproxMC SHA revision 618b35b37e4d6019e0a84e37cc482187f35ee334
c ApproxMC version 4.0.1
c ApproxMC compilation env CMAKE_CXX_COMPILER = /usr/bin/c++ | CMAKE_CXX_FLAGS =  -Wall -Wextra -Wunused -Wsign-compare -fno-omit-frame-pointer -Wtype-limits -Wuninitialized -Wno-deprecated -Wstrict-aliasing -Wpointer-arith -fvisibility=hidden -Wpointer-arith -Wformat-nonliteral -Winit-self -Wparentheses -Wunreachable-code -g -fvisibility=hidden -Wlogical-op -Wrestrict -Wnull-dereference -Wdouble-promotion -Wshadow -Wformat=2 -Wextra-semi -pedantic | COMPILE_DEFINES =  -DBOOST_TEST_DYN_LINK | STATICCOMPILE = OFF | Boost_FOUND = TRUE | ZLIB_FOUND = TRUE | VALGRIND_FOUND =  | GMP_FOUND = TRUE | ENABLE_ASSERTIONS = ON | MY_TARGETS =  | compilation date time = Nov  9 2020 10:31:14
c ApproxMC compiled with gcc version 9.3.0
c CryptoMiniSat version 5.8.0
c CMS Copyright Mate Soos (soos.mate@gmail.com)
c CMS SHA revision 6477e8bc43b0fda7038965bb148b64b8637c804b
c CMS is GPL licensed due to M4RI being linked. Build without M4RI to get MIT version
c Using VMTF code by Armin Biere from CaDiCaL
c Using Yalsat by Armin Biere, see Balint et al. Improving implementation of SLS solvers [...], SAT'14
c Using WalkSAT by Henry Kautz, see Kautz and Selman Pushing the envelope: planning, propositional logic, and stochastic search, AAAI'96,
c Using code from 'When Boolean Satisfiability Meets Gauss-E. in a Simplex Way'
c       by C.-S. Han and J.-H. Roland Jiang in CAV 2012. Fixes by M. Soos
c Using CCAnr from 'CCAnr: A Conf. Checking Based Local Search Solver [...]'
c       by Shaowei Cai, Chuan Luo, and Kaile Su, SAT 2015
c CMS compilation env CMAKE_CXX_COMPILER = /usr/bin/c++ | CMAKE_CXX_FLAGS =  -fvisibility=hidden -Wall -Wextra -Wunused -Wsign-compare -fno-omit-frame-pointer -Wtype-limits -Wuninitialized -Wno-deprecated -Wstrict-aliasing -Wpointer-arith -Wpointer-arith -Wformat-nonliteral -Winit-self -Wparentheses -Wunreachable-code -g -Wno-class-memaccess -mpopcnt -msse4.2 -ggdb3 -Wlogical-op -Wrestrict -Wnull-dereference -Wdouble-promotion -Wshadow -Wformat=2 -Wextra-semi -pedantic | COMPILE_DEFINES =  -DEXTENDED_FEATURES -DUSE_GAUSS -DBOOST_TEST_DYN_LINK -DUSE_ZLIB -DYALSAT_FPU -DUSE_M4RI | STATICCOMPILE = OFF | ONLY_SIMPLE = OFF | Boost_FOUND = TRUE | STATS = OFF | SQLITE3_FOUND = FALSE | ZLIB_FOUND = TRUE | VALGRIND_FOUND =  | ENABLE_TESTING = OFF | M4RI_FOUND = TRUE | NOM4RI = OFF | SLOW_DEBUG = OFF | ENABLE_ASSERTIONS = ON | PYTHON_EXECUTABLE = PYTHON_EXECUTABLE-NOTFOUND | PYTHON_LIBRARY = PYTHON_LIBRARY-NOTFOUND | PYTHON_INCLUDE_DIRS =  | MY_TARGETS =  | LARGEMEM = OFF | LIMITMEM = OFF | BREAKID_LIBRARIES =  | BREAKID-VER = . | BOSPHORUS_LIBRARIES =  | BOSPH-VER = . | compilation date time = Oct 29 2020 17:34:11
c CMS compiled with gcc version 9.3.0
c executed with command line: approxmc --sparse 1 -s 03 /experiments/results/rangesum05.c/03/counterSharp/ash.dimacs
c -- header says num vars:           4555
c -- header says num clauses:       16351
c WARNING: Empty line at line number 16416 -- this is not part of the DIMACS specifications (http://www.satcompetition.org/2009/format-benchmarks2009.html). Ignoring.
c -- clauses added: 16351
c -- xor clauses added: 0
c -- vars added 4555
c [appmc] Sampling set size: 160
c [appmc] Sampling var set contains over 100 variables, not displaying
c [sparse] Using match: 3 sampling set size: 160 prev end inclusive is: 150 this end inclusive is: 200 next end inclusive is: 250 sampl size: 160
c [appmc] threshold set to 80 sparse: 1
c [appmc] Starting up, initial measurement
c [appmc] Checking if there are at least threshold+1 solutions...
c [appmc] simplifying
c [appmc] [    0.13 ] bounded_sol_count looking for   81 solutions -- hashes active: 0
c [appmc] Starting at hash count: 1
c [appmc] [    0.15 ] round:  0 hashes:      1
c [appmc] [    0.15 ] bounded_sol_count looking for   81 solutions -- hashes active: 1
c [appmc] [    0.17 ] round:  0 hashes:      2
c [appmc] [    0.17 ] bounded_sol_count looking for   81 solutions -- hashes active: 2
c [appmc] [    0.18 ] round:  0 hashes:      4
c [appmc] [    0.18 ] bounded_sol_count looking for   81 solutions -- hashes active: 4
c [appmc] [    0.21 ] round:  0 hashes:      8
c [appmc] [    0.21 ] bounded_sol_count looking for   81 solutions -- hashes active: 8
c [appmc] [    0.24 ] round:  0 hashes:     16
c [appmc] [    0.24 ] bounded_sol_count looking for   81 solutions -- hashes active: 16
c [appmc] [    0.30 ] round:  0 hashes:     32
c [appmc] [    0.30 ] bounded_sol_count looking for   81 solutions -- hashes active: 32
c [appmc] [    0.38 ] round:  0 hashes:     64
c [appmc] [    0.38 ] bounded_sol_count looking for   81 solutions -- hashes active: 64
c [appmc] [    0.58 ] round:  0 hashes:    128
c [appmc] [    0.58 ] bounded_sol_count looking for   81 solutions -- hashes active: 128
c [appmc] [   64.32 ] round:  0 hashes:     96
c [appmc] [   64.32 ] bounded_sol_count looking for   81 solutions -- hashes active: 96
c [appmc] [   64.54 ] round:  0 hashes:    112
c [appmc] [   64.54 ] bounded_sol_count looking for   81 solutions -- hashes active: 112
c [appmc] [   68.70 ] round:  0 hashes:    120
c [appmc] [   68.70 ] bounded_sol_count looking for   81 solutions -- hashes active: 120
c [appmc] [  153.56 ] round:  0 hashes:    124
c [appmc] [  153.56 ] bounded_sol_count looking for   81 solutions -- hashes active: 124
