** CON **
[runlim] version:		1.10
[runlim] time limit:		311040000 seconds
[runlim] real time limit:	300 seconds
[runlim] space limit:		2048 MB
[runlim] argv[0]:		approxmc
[runlim] argv[1]:		--sparse
[runlim] argv[2]:		1
[runlim] argv[3]:		-s
[runlim] argv[4]:		05
[runlim] argv[5]:		/experiments/results/bwd_loop2.c/05/counterSharp/con.dimacs
[runlim] start:			Mon Nov  9 12:24:20 2020
[runlim] main pid:		2219
ERROR! Could not open file '/experiments/results/bwd_loop2.c/05/counterSharp/con.dimacs' for reading: No such file or directory
[runlim] end:			Mon Nov  9 12:24:20 2020
[runlim] status:		ok
[runlim] result:		0
[runlim] children:		0
[runlim] real:			0.84 seconds
[runlim] time:			0.00 seconds
[runlim] space:			0.0 MB
[runlim] samples:		0
** AMM **
[runlim] version:		1.10
[runlim] time limit:		311040000 seconds
[runlim] real time limit:	300 seconds
[runlim] space limit:		2048 MB
[runlim] argv[0]:		approxmc
[runlim] argv[1]:		--sparse
[runlim] argv[2]:		1
[runlim] argv[3]:		-s
[runlim] argv[4]:		05
[runlim] argv[5]:		/experiments/results/bwd_loop2.c/05/counterSharp/amm.dimacs
[runlim] start:			Mon Nov  9 12:24:20 2020
[runlim] main pid:		2221
[runlim] sample:		10.0 time, 10.8 real, 23.6 MB
[runlim] sample:		20.0 time, 20.8 real, 24.9 MB
[runlim] sample:		30.0 time, 30.8 real, 25.0 MB
[runlim] sample:		40.0 time, 40.8 real, 27.1 MB
[runlim] sample:		50.0 time, 50.8 real, 26.4 MB
[runlim] end:			Mon Nov  9 12:25:11 2020
[runlim] status:		ok
[runlim] result:		0
[runlim] children:		0
[runlim] real:			51.73 seconds
[runlim] time:			50.78 seconds
[runlim] space:			27.1 MB
[runlim] samples:		508
** AMH **
[runlim] version:		1.10
[runlim] time limit:		311040000 seconds
[runlim] real time limit:	300 seconds
[runlim] space limit:		2048 MB
[runlim] argv[0]:		approxmc
[runlim] argv[1]:		--sparse
[runlim] argv[2]:		1
[runlim] argv[3]:		-s
[runlim] argv[4]:		05
[runlim] argv[5]:		/experiments/results/bwd_loop2.c/05/counterSharp/amh.dimacs
[runlim] start:			Mon Nov  9 12:25:11 2020
[runlim] main pid:		2223
[runlim] end:			Mon Nov  9 12:25:12 2020
[runlim] status:		ok
[runlim] result:		0
[runlim] children:		0
[runlim] real:			1.53 seconds
[runlim] time:			0.69 seconds
[runlim] space:			14.0 MB
[runlim] samples:		7
** ASM **
[runlim] version:		1.10
[runlim] time limit:		311040000 seconds
[runlim] real time limit:	300 seconds
[runlim] space limit:		2048 MB
[runlim] argv[0]:		approxmc
[runlim] argv[1]:		--sparse
[runlim] argv[2]:		1
[runlim] argv[3]:		-s
[runlim] argv[4]:		05
[runlim] argv[5]:		/experiments/results/bwd_loop2.c/05/counterSharp/asm.dimacs
[runlim] start:			Mon Nov  9 12:25:12 2020
[runlim] main pid:		2225
[runlim] end:			Mon Nov  9 12:25:13 2020
[runlim] status:		ok
[runlim] result:		0
[runlim] children:		0
[runlim] real:			1.27 seconds
[runlim] time:			0.69 seconds
[runlim] space:			13.7 MB
[runlim] samples:		7
** ASH **
[runlim] version:		1.10
[runlim] time limit:		311040000 seconds
[runlim] real time limit:	300 seconds
[runlim] space limit:		2048 MB
[runlim] argv[0]:		approxmc
[runlim] argv[1]:		--sparse
[runlim] argv[2]:		1
[runlim] argv[3]:		-s
[runlim] argv[4]:		05
[runlim] argv[5]:		/experiments/results/bwd_loop2.c/05/counterSharp/ash.dimacs
[runlim] start:			Mon Nov  9 12:25:13 2020
[runlim] main pid:		2227
[runlim] end:			Mon Nov  9 12:25:14 2020
[runlim] status:		ok
[runlim] result:		0
[runlim] children:		0
[runlim] real:			1.50 seconds
[runlim] time:			1.19 seconds
[runlim] space:			15.5 MB
[runlim] samples:		12
