** CON **
[runlim] version:		1.10
[runlim] time limit:		311040000 seconds
[runlim] real time limit:	300 seconds
[runlim] space limit:		2048 MB
[runlim] argv[0]:		ganak
[runlim] argv[1]:		-t
[runlim] argv[2]:		300
[runlim] argv[3]:		-cs
[runlim] argv[4]:		1024
[runlim] argv[5]:		-seed
[runlim] argv[6]:		02
[runlim] argv[7]:		/experiments/results/usqrt.c/02/counterSharp/con.dimacs
[runlim] start:			Sat Oct 31 13:34:02 2020
[runlim] main pid:		226
Cannot open file: /experiments/results/usqrt.c/02/counterSharp/con.dimacs
[runlim] end:			Sat Oct 31 13:34:02 2020
[runlim] status:		ok
[runlim] result:		0
[runlim] children:		0
[runlim] real:			0.39 seconds
[runlim] time:			0.00 seconds
[runlim] space:			0.0 MB
[runlim] samples:		0
** AMM **
[runlim] version:		1.10
[runlim] time limit:		311040000 seconds
[runlim] real time limit:	300 seconds
[runlim] space limit:		2048 MB
[runlim] argv[0]:		ganak
[runlim] argv[1]:		-t
[runlim] argv[2]:		300
[runlim] argv[3]:		-cs
[runlim] argv[4]:		1024
[runlim] argv[5]:		-seed
[runlim] argv[6]:		02
[runlim] argv[7]:		/experiments/results/usqrt.c/02/counterSharp/amm.dimacs
[runlim] start:			Sat Oct 31 13:34:02 2020
[runlim] main pid:		228
[runlim] sample:		10.0 time, 10.4 real, 17.8 MB
[runlim] sample:		20.0 time, 20.4 real, 17.8 MB
[runlim] sample:		30.0 time, 30.4 real, 18.6 MB
[runlim] sample:		40.0 time, 40.4 real, 19.9 MB
[runlim] sample:		50.0 time, 50.4 real, 20.4 MB
[runlim] sample:		60.0 time, 60.4 real, 21.4 MB
[runlim] sample:		70.0 time, 70.4 real, 21.9 MB
[runlim] sample:		80.0 time, 80.4 real, 22.7 MB
[runlim] sample:		90.0 time, 90.4 real, 23.7 MB
[runlim] sample:		100.0 time, 100.4 real, 24.5 MB
[runlim] sample:		110.0 time, 110.4 real, 25.0 MB
[runlim] sample:		120.0 time, 120.4 real, 26.0 MB
[runlim] sample:		130.0 time, 130.4 real, 26.8 MB
[runlim] sample:		139.9 time, 140.4 real, 27.6 MB
[runlim] sample:		149.9 time, 150.4 real, 28.4 MB
[runlim] sample:		159.9 time, 160.4 real, 28.9 MB
[runlim] sample:		169.9 time, 170.4 real, 29.7 MB
[runlim] sample:		179.9 time, 180.4 real, 29.9 MB
[runlim] sample:		189.9 time, 190.4 real, 30.2 MB
[runlim] sample:		199.9 time, 200.4 real, 31.8 MB
[runlim] sample:		209.9 time, 210.4 real, 32.1 MB
[runlim] sample:		219.9 time, 220.4 real, 32.3 MB
[runlim] sample:		229.9 time, 230.4 real, 32.6 MB
[runlim] sample:		239.9 time, 240.4 real, 32.9 MB
[runlim] sample:		249.9 time, 250.4 real, 33.1 MB
[runlim] sample:		259.9 time, 260.4 real, 34.4 MB
[runlim] sample:		269.9 time, 270.4 real, 34.7 MB
[runlim] sample:		279.9 time, 280.4 real, 35.2 MB
[runlim] sample:		289.9 time, 290.4 real, 35.4 MB
[runlim] end:			Sat Oct 31 13:39:02 2020
[runlim] status:		out of time
[runlim] result:		2
[runlim] children:		0
[runlim] real:			300.11 seconds
[runlim] time:			299.64 seconds
[runlim] space:			36.0 MB
[runlim] samples:		2997
** AMH **
[runlim] version:		1.10
[runlim] time limit:		311040000 seconds
[runlim] real time limit:	300 seconds
[runlim] space limit:		2048 MB
[runlim] argv[0]:		ganak
[runlim] argv[1]:		-t
[runlim] argv[2]:		300
[runlim] argv[3]:		-cs
[runlim] argv[4]:		1024
[runlim] argv[5]:		-seed
[runlim] argv[6]:		02
[runlim] argv[7]:		/experiments/results/usqrt.c/02/counterSharp/amh.dimacs
[runlim] start:			Sat Oct 31 13:39:02 2020
[runlim] main pid:		230
[runlim] sample:		9.9 time, 10.1 real, 18.2 MB
[runlim] sample:		19.9 time, 20.1 real, 18.1 MB
[runlim] sample:		29.9 time, 30.1 real, 18.9 MB
[runlim] sample:		40.0 time, 40.1 real, 19.7 MB
[runlim] sample:		49.9 time, 50.1 real, 20.7 MB
[runlim] sample:		59.9 time, 60.1 real, 20.9 MB
[runlim] sample:		69.9 time, 70.1 real, 21.7 MB
[runlim] sample:		79.9 time, 80.1 real, 22.0 MB
[runlim] sample:		89.9 time, 90.1 real, 22.2 MB
[runlim] sample:		99.9 time, 100.1 real, 23.0 MB
[runlim] sample:		109.9 time, 110.1 real, 23.3 MB
[runlim] sample:		119.9 time, 120.1 real, 23.5 MB
[runlim] sample:		129.9 time, 130.1 real, 23.8 MB
[runlim] sample:		139.9 time, 140.1 real, 24.3 MB
[runlim] sample:		149.9 time, 150.1 real, 24.8 MB
[runlim] sample:		159.9 time, 160.1 real, 25.1 MB
[runlim] sample:		169.9 time, 170.1 real, 25.5 MB
[runlim] sample:		179.9 time, 180.1 real, 27.5 MB
[runlim] sample:		189.9 time, 190.1 real, 27.5 MB
[runlim] sample:		199.9 time, 200.1 real, 28.0 MB
[runlim] sample:		209.9 time, 210.1 real, 28.0 MB
[runlim] sample:		219.9 time, 220.1 real, 28.3 MB
[runlim] sample:		229.9 time, 230.1 real, 28.8 MB
[runlim] sample:		239.9 time, 240.1 real, 28.8 MB
[runlim] sample:		249.9 time, 250.1 real, 29.3 MB
[runlim] sample:		259.9 time, 260.1 real, 29.3 MB
[runlim] sample:		269.9 time, 270.1 real, 29.3 MB
[runlim] sample:		279.9 time, 280.1 real, 29.9 MB
[runlim] sample:		289.9 time, 290.1 real, 30.1 MB
[runlim] end:			Sat Oct 31 13:44:02 2020
[runlim] status:		out of time
[runlim] result:		2
[runlim] children:		0
[runlim] real:			300.03 seconds
[runlim] time:			299.79 seconds
[runlim] space:			30.1 MB
[runlim] samples:		2999
** ASM **
[runlim] version:		1.10
[runlim] time limit:		311040000 seconds
[runlim] real time limit:	300 seconds
[runlim] space limit:		2048 MB
[runlim] argv[0]:		ganak
[runlim] argv[1]:		-t
[runlim] argv[2]:		300
[runlim] argv[3]:		-cs
[runlim] argv[4]:		1024
[runlim] argv[5]:		-seed
[runlim] argv[6]:		02
[runlim] argv[7]:		/experiments/results/usqrt.c/02/counterSharp/asm.dimacs
[runlim] start:			Sat Oct 31 13:44:02 2020
[runlim] main pid:		232
[runlim] sample:		10.0 time, 10.0 real, 26.6 MB
[runlim] sample:		20.0 time, 20.0 real, 33.6 MB
[runlim] sample:		30.0 time, 30.0 real, 43.5 MB
[runlim] sample:		40.0 time, 40.0 real, 52.0 MB
[runlim] sample:		50.0 time, 50.0 real, 60.7 MB
[runlim] sample:		60.0 time, 60.0 real, 70.5 MB
[runlim] sample:		70.0 time, 70.0 real, 75.3 MB
[runlim] sample:		80.0 time, 80.0 real, 79.5 MB
[runlim] sample:		90.0 time, 90.0 real, 84.0 MB
[runlim] sample:		100.0 time, 100.0 real, 88.3 MB
[runlim] sample:		110.0 time, 110.0 real, 90.8 MB
[runlim] sample:		120.0 time, 120.0 real, 94.8 MB
[runlim] sample:		129.9 time, 130.0 real, 98.4 MB
[runlim] sample:		140.0 time, 140.0 real, 104.7 MB
[runlim] sample:		150.0 time, 150.0 real, 108.9 MB
[runlim] sample:		159.9 time, 160.0 real, 113.2 MB
[runlim] sample:		169.9 time, 170.0 real, 117.2 MB
[runlim] sample:		179.9 time, 180.0 real, 123.3 MB
[runlim] sample:		189.9 time, 190.0 real, 125.3 MB
[runlim] sample:		199.9 time, 200.0 real, 129.5 MB
[runlim] sample:		209.9 time, 210.0 real, 132.3 MB
[runlim] sample:		219.9 time, 220.0 real, 134.3 MB
[runlim] sample:		229.9 time, 230.0 real, 136.5 MB
[runlim] sample:		239.9 time, 240.0 real, 138.5 MB
[runlim] sample:		249.9 time, 250.0 real, 140.5 MB
[runlim] sample:		259.9 time, 260.0 real, 143.1 MB
[runlim] sample:		269.9 time, 270.0 real, 145.3 MB
[runlim] sample:		279.9 time, 280.0 real, 147.3 MB
[runlim] sample:		289.9 time, 290.0 real, 151.8 MB
[runlim] sample:		299.9 time, 300.0 real, 154.3 MB
[runlim] end:			Sat Oct 31 13:49:02 2020
[runlim] status:		out of time
[runlim] result:		2
[runlim] children:		0
[runlim] real:			300.06 seconds
[runlim] time:			299.92 seconds
[runlim] space:			154.3 MB
[runlim] samples:		3000
** ASH **
[runlim] version:		1.10
[runlim] time limit:		311040000 seconds
[runlim] real time limit:	300 seconds
[runlim] space limit:		2048 MB
[runlim] argv[0]:		ganak
[runlim] argv[1]:		-t
[runlim] argv[2]:		300
[runlim] argv[3]:		-cs
[runlim] argv[4]:		1024
[runlim] argv[5]:		-seed
[runlim] argv[6]:		02
[runlim] argv[7]:		/experiments/results/usqrt.c/02/counterSharp/ash.dimacs
[runlim] start:			Sat Oct 31 13:49:02 2020
[runlim] main pid:		234
[runlim] sample:		10.0 time, 10.1 real, 18.2 MB
[runlim] sample:		20.0 time, 20.1 real, 18.4 MB
[runlim] sample:		30.0 time, 30.1 real, 18.9 MB
[runlim] sample:		40.0 time, 40.1 real, 19.7 MB
[runlim] sample:		50.0 time, 50.1 real, 21.0 MB
[runlim] sample:		60.0 time, 60.1 real, 21.5 MB
[runlim] sample:		70.0 time, 70.1 real, 21.7 MB
[runlim] sample:		80.0 time, 80.1 real, 22.2 MB
[runlim] sample:		90.0 time, 90.1 real, 22.5 MB
[runlim] sample:		100.0 time, 100.1 real, 22.8 MB
[runlim] sample:		110.0 time, 110.1 real, 23.3 MB
[runlim] sample:		120.0 time, 120.1 real, 23.8 MB
[runlim] sample:		129.9 time, 130.1 real, 25.5 MB
[runlim] sample:		139.9 time, 140.1 real, 25.7 MB
[runlim] sample:		149.9 time, 150.1 real, 26.2 MB
[runlim] sample:		159.9 time, 160.1 real, 26.7 MB
[runlim] sample:		169.9 time, 170.1 real, 26.7 MB
[runlim] sample:		179.9 time, 180.1 real, 27.8 MB
[runlim] sample:		189.9 time, 190.1 real, 27.8 MB
[runlim] sample:		199.9 time, 200.1 real, 28.1 MB
[runlim] sample:		209.9 time, 210.1 real, 28.3 MB
[runlim] sample:		219.9 time, 220.1 real, 28.6 MB
[runlim] sample:		229.9 time, 230.1 real, 28.8 MB
[runlim] sample:		239.9 time, 240.1 real, 29.1 MB
[runlim] sample:		249.9 time, 250.1 real, 29.1 MB
[runlim] sample:		259.9 time, 260.1 real, 29.4 MB
[runlim] sample:		269.9 time, 270.1 real, 29.4 MB
[runlim] sample:		279.9 time, 280.1 real, 29.6 MB
[runlim] sample:		289.9 time, 290.1 real, 29.9 MB
[runlim] sample:		299.9 time, 300.1 real, 30.1 MB
[runlim] end:			Sat Oct 31 13:54:02 2020
[runlim] status:		out of time
[runlim] result:		2
[runlim] children:		0
[runlim] real:			300.08 seconds
[runlim] time:			299.91 seconds
[runlim] space:			30.1 MB
[runlim] samples:		3000
