** CON **
c ApproxMC SHA revision 618b35b37e4d6019e0a84e37cc482187f35ee334
c ApproxMC version 4.0.1
c ApproxMC compilation env CMAKE_CXX_COMPILER = /usr/bin/c++ | CMAKE_CXX_FLAGS =  -Wall -Wextra -Wunused -Wsign-compare -fno-omit-frame-pointer -Wtype-limits -Wuninitialized -Wno-deprecated -Wstrict-aliasing -Wpointer-arith -fvisibility=hidden -Wpointer-arith -Wformat-nonliteral -Winit-self -Wparentheses -Wunreachable-code -g -fvisibility=hidden -Wlogical-op -Wrestrict -Wnull-dereference -Wdouble-promotion -Wshadow -Wformat=2 -Wextra-semi -pedantic | COMPILE_DEFINES =  -DBOOST_TEST_DYN_LINK | STATICCOMPILE = OFF | Boost_FOUND = TRUE | ZLIB_FOUND = TRUE | VALGRIND_FOUND =  | GMP_FOUND = TRUE | ENABLE_ASSERTIONS = ON | MY_TARGETS =  | compilation date time = Nov  9 2020 10:31:14
c ApproxMC compiled with gcc version 9.3.0
c CryptoMiniSat version 5.8.0
c CMS Copyright Mate Soos (soos.mate@gmail.com)
c CMS SHA revision 6477e8bc43b0fda7038965bb148b64b8637c804b
c CMS is GPL licensed due to M4RI being linked. Build without M4RI to get MIT version
c Using VMTF code by Armin Biere from CaDiCaL
c Using Yalsat by Armin Biere, see Balint et al. Improving implementation of SLS solvers [...], SAT'14
c Using WalkSAT by Henry Kautz, see Kautz and Selman Pushing the envelope: planning, propositional logic, and stochastic search, AAAI'96,
c Using code from 'When Boolean Satisfiability Meets Gauss-E. in a Simplex Way'
c       by C.-S. Han and J.-H. Roland Jiang in CAV 2012. Fixes by M. Soos
c Using CCAnr from 'CCAnr: A Conf. Checking Based Local Search Solver [...]'
c       by Shaowei Cai, Chuan Luo, and Kaile Su, SAT 2015
c CMS compilation env CMAKE_CXX_COMPILER = /usr/bin/c++ | CMAKE_CXX_FLAGS =  -fvisibility=hidden -Wall -Wextra -Wunused -Wsign-compare -fno-omit-frame-pointer -Wtype-limits -Wuninitialized -Wno-deprecated -Wstrict-aliasing -Wpointer-arith -Wpointer-arith -Wformat-nonliteral -Winit-self -Wparentheses -Wunreachable-code -g -Wno-class-memaccess -mpopcnt -msse4.2 -ggdb3 -Wlogical-op -Wrestrict -Wnull-dereference -Wdouble-promotion -Wshadow -Wformat=2 -Wextra-semi -pedantic | COMPILE_DEFINES =  -DEXTENDED_FEATURES -DUSE_GAUSS -DBOOST_TEST_DYN_LINK -DUSE_ZLIB -DYALSAT_FPU -DUSE_M4RI | STATICCOMPILE = OFF | ONLY_SIMPLE = OFF | Boost_FOUND = TRUE | STATS = OFF | SQLITE3_FOUND = FALSE | ZLIB_FOUND = TRUE | VALGRIND_FOUND =  | ENABLE_TESTING = OFF | M4RI_FOUND = TRUE | NOM4RI = OFF | SLOW_DEBUG = OFF | ENABLE_ASSERTIONS = ON | PYTHON_EXECUTABLE = PYTHON_EXECUTABLE-NOTFOUND | PYTHON_LIBRARY = PYTHON_LIBRARY-NOTFOUND | PYTHON_INCLUDE_DIRS =  | MY_TARGETS =  | LARGEMEM = OFF | LIMITMEM = OFF | BREAKID_LIBRARIES =  | BREAKID-VER = . | BOSPHORUS_LIBRARIES =  | BOSPH-VER = . | compilation date time = Oct 29 2020 17:34:11
c CMS compiled with gcc version 9.3.0
c executed with command line: approxmc --sparse 1 -s 01 /experiments/results/bwd_loop1a.c/01/counterSharp/con.dimacs
c -- header says num vars:          13573
c -- header says num clauses:       55037
c WARNING: Empty line at line number 55351 -- this is not part of the DIMACS specifications (http://www.satcompetition.org/2009/format-benchmarks2009.html). Ignoring.
c -- clauses added: 55037
c -- xor clauses added: 0
c -- vars added 13573
c [appmc] Sampling set size: 32
c [appmc] Sampling set: 408, 409, 410, 411, 412, 413, 414, 415, 416, 417, 418, 419, 420, 421, 422, 423, 424, 425, 426, 427, 428, 429, 430, 431, 432, 433, 434, 435, 436, 437, 438, 439, 
c [sparse] Using match: 0 sampling set size: 32 prev end inclusive is: -1 this end inclusive is: 50 next end inclusive is: 100 sampl size: 32
c [appmc] threshold set to 80 sparse: 1
c [appmc] Starting up, initial measurement
c [appmc] Checking if there are at least threshold+1 solutions...
c [appmc] simplifying
c [appmc] [    0.87 ] bounded_sol_count looking for   81 solutions -- hashes active: 0
c [appmc] Did not find at least threshold+1 (80) we found only 0, i.e. we got exact count
c [appmc] Formula was UNSAT 
c [appmc] FINISHED ApproxMC T: 0.87 s
c [appmc] Formula was UNSAT 
c [appmc] Number of solutions is: 0*2**0
s mc 0
** AMM **
c ApproxMC SHA revision 618b35b37e4d6019e0a84e37cc482187f35ee334
c ApproxMC version 4.0.1
c ApproxMC compilation env CMAKE_CXX_COMPILER = /usr/bin/c++ | CMAKE_CXX_FLAGS =  -Wall -Wextra -Wunused -Wsign-compare -fno-omit-frame-pointer -Wtype-limits -Wuninitialized -Wno-deprecated -Wstrict-aliasing -Wpointer-arith -fvisibility=hidden -Wpointer-arith -Wformat-nonliteral -Winit-self -Wparentheses -Wunreachable-code -g -fvisibility=hidden -Wlogical-op -Wrestrict -Wnull-dereference -Wdouble-promotion -Wshadow -Wformat=2 -Wextra-semi -pedantic | COMPILE_DEFINES =  -DBOOST_TEST_DYN_LINK | STATICCOMPILE = OFF | Boost_FOUND = TRUE | ZLIB_FOUND = TRUE | VALGRIND_FOUND =  | GMP_FOUND = TRUE | ENABLE_ASSERTIONS = ON | MY_TARGETS =  | compilation date time = Nov  9 2020 10:31:14
c ApproxMC compiled with gcc version 9.3.0
c CryptoMiniSat version 5.8.0
c CMS Copyright Mate Soos (soos.mate@gmail.com)
c CMS SHA revision 6477e8bc43b0fda7038965bb148b64b8637c804b
c CMS is GPL licensed due to M4RI being linked. Build without M4RI to get MIT version
c Using VMTF code by Armin Biere from CaDiCaL
c Using Yalsat by Armin Biere, see Balint et al. Improving implementation of SLS solvers [...], SAT'14
c Using WalkSAT by Henry Kautz, see Kautz and Selman Pushing the envelope: planning, propositional logic, and stochastic search, AAAI'96,
c Using code from 'When Boolean Satisfiability Meets Gauss-E. in a Simplex Way'
c       by C.-S. Han and J.-H. Roland Jiang in CAV 2012. Fixes by M. Soos
c Using CCAnr from 'CCAnr: A Conf. Checking Based Local Search Solver [...]'
c       by Shaowei Cai, Chuan Luo, and Kaile Su, SAT 2015
c CMS compilation env CMAKE_CXX_COMPILER = /usr/bin/c++ | CMAKE_CXX_FLAGS =  -fvisibility=hidden -Wall -Wextra -Wunused -Wsign-compare -fno-omit-frame-pointer -Wtype-limits -Wuninitialized -Wno-deprecated -Wstrict-aliasing -Wpointer-arith -Wpointer-arith -Wformat-nonliteral -Winit-self -Wparentheses -Wunreachable-code -g -Wno-class-memaccess -mpopcnt -msse4.2 -ggdb3 -Wlogical-op -Wrestrict -Wnull-dereference -Wdouble-promotion -Wshadow -Wformat=2 -Wextra-semi -pedantic | COMPILE_DEFINES =  -DEXTENDED_FEATURES -DUSE_GAUSS -DBOOST_TEST_DYN_LINK -DUSE_ZLIB -DYALSAT_FPU -DUSE_M4RI | STATICCOMPILE = OFF | ONLY_SIMPLE = OFF | Boost_FOUND = TRUE | STATS = OFF | SQLITE3_FOUND = FALSE | ZLIB_FOUND = TRUE | VALGRIND_FOUND =  | ENABLE_TESTING = OFF | M4RI_FOUND = TRUE | NOM4RI = OFF | SLOW_DEBUG = OFF | ENABLE_ASSERTIONS = ON | PYTHON_EXECUTABLE = PYTHON_EXECUTABLE-NOTFOUND | PYTHON_LIBRARY = PYTHON_LIBRARY-NOTFOUND | PYTHON_INCLUDE_DIRS =  | MY_TARGETS =  | LARGEMEM = OFF | LIMITMEM = OFF | BREAKID_LIBRARIES =  | BREAKID-VER = . | BOSPHORUS_LIBRARIES =  | BOSPH-VER = . | compilation date time = Oct 29 2020 17:34:11
c CMS compiled with gcc version 9.3.0
c executed with command line: approxmc --sparse 1 -s 01 /experiments/results/bwd_loop1a.c/01/counterSharp/amm.dimacs
c -- header says num vars:          13466
c -- header says num clauses:       54677
c WARNING: Empty line at line number 54993 -- this is not part of the DIMACS specifications (http://www.satcompetition.org/2009/format-benchmarks2009.html). Ignoring.
c -- clauses added: 54677
c -- xor clauses added: 0
c -- vars added 13466
c [appmc] Sampling set size: 32
c [appmc] Sampling set: 206, 207, 208, 209, 210, 211, 212, 213, 214, 215, 216, 217, 218, 219, 220, 221, 222, 223, 224, 225, 226, 227, 228, 229, 230, 231, 232, 233, 234, 235, 236, 237, 
c [sparse] Using match: 0 sampling set size: 32 prev end inclusive is: -1 this end inclusive is: 50 next end inclusive is: 100 sampl size: 32
c [appmc] threshold set to 80 sparse: 1
c [appmc] Starting up, initial measurement
c [appmc] Checking if there are at least threshold+1 solutions...
c [appmc] simplifying
c [appmc] [    7.49 ] bounded_sol_count looking for   81 solutions -- hashes active: 0
c [appmc] Starting at hash count: 1
c [appmc] [    7.62 ] round:  0 hashes:      1
c [appmc] [    7.62 ] bounded_sol_count looking for   81 solutions -- hashes active: 1
c [appmc] [    7.75 ] round:  0 hashes:      2
c [appmc] [    7.75 ] bounded_sol_count looking for   81 solutions -- hashes active: 2
c [appmc] [    7.90 ] round:  0 hashes:      4
c [appmc] [    7.90 ] bounded_sol_count looking for   81 solutions -- hashes active: 4
c [appmc] [    8.19 ] round:  0 hashes:      8
c [appmc] [    8.19 ] bounded_sol_count looking for   81 solutions -- hashes active: 8
c [appmc] [    8.58 ] round:  0 hashes:     16
c [appmc] [    8.58 ] bounded_sol_count looking for   81 solutions -- hashes active: 16
c [appmc] [    9.00 ] round:  0 hashes:     24
c [appmc] [    9.00 ] bounded_sol_count looking for   81 solutions -- hashes active: 24
c [appmc] [    9.39 ] round:  0 hashes:     28
c [appmc] [    9.39 ] bounded_sol_count looking for   81 solutions -- hashes active: 28
c [appmc] [    9.49 ] round:  0 hashes:     26
c [appmc] [    9.49 ] bounded_sol_count looking for   81 solutions -- hashes active: 26
c [appmc] [    9.67 ] round:  0 hashes:     25
c [appmc] [    9.67 ] bounded_sol_count looking for   81 solutions -- hashes active: 25
c [appmc] simplifying
c [appmc] [   12.06 ] round:  1 hashes:     26
c [appmc] [   12.06 ] bounded_sol_count looking for   81 solutions -- hashes active: 26
c [appmc] [   12.36 ] round:  1 hashes:     25
c [appmc] [   12.36 ] bounded_sol_count looking for   81 solutions -- hashes active: 25
c [appmc] simplifying
c [appmc] [   18.90 ] round:  2 hashes:     26
c [appmc] [   18.90 ] bounded_sol_count looking for   81 solutions -- hashes active: 26
c [appmc] [   19.21 ] round:  2 hashes:     25
c [appmc] [   19.21 ] bounded_sol_count looking for   81 solutions -- hashes active: 25
c [appmc] simplifying
c [appmc] [   26.24 ] round:  3 hashes:     26
c [appmc] [   26.24 ] bounded_sol_count looking for   81 solutions -- hashes active: 26
c [appmc] [   26.56 ] round:  3 hashes:     25
c [appmc] [   26.56 ] bounded_sol_count looking for   81 solutions -- hashes active: 25
c [appmc] simplifying
c [appmc] [   32.51 ] round:  4 hashes:     26
c [appmc] [   32.51 ] bounded_sol_count looking for   81 solutions -- hashes active: 26
c [appmc] [   32.83 ] round:  4 hashes:     25
c [appmc] [   32.83 ] bounded_sol_count looking for   81 solutions -- hashes active: 25
c [appmc] simplifying
c [appmc] [   40.31 ] round:  5 hashes:     26
c [appmc] [   40.31 ] bounded_sol_count looking for   81 solutions -- hashes active: 26
c [appmc] [   40.63 ] round:  5 hashes:     25
c [appmc] [   40.63 ] bounded_sol_count looking for   81 solutions -- hashes active: 25
c [appmc] simplifying
c [appmc] [   47.86 ] round:  6 hashes:     26
c [appmc] [   47.86 ] bounded_sol_count looking for   81 solutions -- hashes active: 26
c [appmc] [   48.18 ] round:  6 hashes:     25
c [appmc] [   48.18 ] bounded_sol_count looking for   81 solutions -- hashes active: 25
c [appmc] simplifying
c [appmc] [   55.02 ] round:  7 hashes:     26
c [appmc] [   55.02 ] bounded_sol_count looking for   81 solutions -- hashes active: 26
c [appmc] [   55.34 ] round:  7 hashes:     25
c [appmc] [   55.34 ] bounded_sol_count looking for   81 solutions -- hashes active: 25
c [appmc] simplifying
c [appmc] [   60.09 ] round:  8 hashes:     26
c [appmc] [   60.09 ] bounded_sol_count looking for   81 solutions -- hashes active: 26
c [appmc] [   60.43 ] round:  8 hashes:     25
c [appmc] [   60.43 ] bounded_sol_count looking for   81 solutions -- hashes active: 25
c [appmc] FINISHED ApproxMC T: 60.51 s
c [appmc] Number of solutions is: 64*2**26
s mc 4294967296
** AMH **
c ApproxMC SHA revision 618b35b37e4d6019e0a84e37cc482187f35ee334
c ApproxMC version 4.0.1
c ApproxMC compilation env CMAKE_CXX_COMPILER = /usr/bin/c++ | CMAKE_CXX_FLAGS =  -Wall -Wextra -Wunused -Wsign-compare -fno-omit-frame-pointer -Wtype-limits -Wuninitialized -Wno-deprecated -Wstrict-aliasing -Wpointer-arith -fvisibility=hidden -Wpointer-arith -Wformat-nonliteral -Winit-self -Wparentheses -Wunreachable-code -g -fvisibility=hidden -Wlogical-op -Wrestrict -Wnull-dereference -Wdouble-promotion -Wshadow -Wformat=2 -Wextra-semi -pedantic | COMPILE_DEFINES =  -DBOOST_TEST_DYN_LINK | STATICCOMPILE = OFF | Boost_FOUND = TRUE | ZLIB_FOUND = TRUE | VALGRIND_FOUND =  | GMP_FOUND = TRUE | ENABLE_ASSERTIONS = ON | MY_TARGETS =  | compilation date time = Nov  9 2020 10:31:14
c ApproxMC compiled with gcc version 9.3.0
c CryptoMiniSat version 5.8.0
c CMS Copyright Mate Soos (soos.mate@gmail.com)
c CMS SHA revision 6477e8bc43b0fda7038965bb148b64b8637c804b
c CMS is GPL licensed due to M4RI being linked. Build without M4RI to get MIT version
c Using VMTF code by Armin Biere from CaDiCaL
c Using Yalsat by Armin Biere, see Balint et al. Improving implementation of SLS solvers [...], SAT'14
c Using WalkSAT by Henry Kautz, see Kautz and Selman Pushing the envelope: planning, propositional logic, and stochastic search, AAAI'96,
c Using code from 'When Boolean Satisfiability Meets Gauss-E. in a Simplex Way'
c       by C.-S. Han and J.-H. Roland Jiang in CAV 2012. Fixes by M. Soos
c Using CCAnr from 'CCAnr: A Conf. Checking Based Local Search Solver [...]'
c       by Shaowei Cai, Chuan Luo, and Kaile Su, SAT 2015
c CMS compilation env CMAKE_CXX_COMPILER = /usr/bin/c++ | CMAKE_CXX_FLAGS =  -fvisibility=hidden -Wall -Wextra -Wunused -Wsign-compare -fno-omit-frame-pointer -Wtype-limits -Wuninitialized -Wno-deprecated -Wstrict-aliasing -Wpointer-arith -Wpointer-arith -Wformat-nonliteral -Winit-self -Wparentheses -Wunreachable-code -g -Wno-class-memaccess -mpopcnt -msse4.2 -ggdb3 -Wlogical-op -Wrestrict -Wnull-dereference -Wdouble-promotion -Wshadow -Wformat=2 -Wextra-semi -pedantic | COMPILE_DEFINES =  -DEXTENDED_FEATURES -DUSE_GAUSS -DBOOST_TEST_DYN_LINK -DUSE_ZLIB -DYALSAT_FPU -DUSE_M4RI | STATICCOMPILE = OFF | ONLY_SIMPLE = OFF | Boost_FOUND = TRUE | STATS = OFF | SQLITE3_FOUND = FALSE | ZLIB_FOUND = TRUE | VALGRIND_FOUND =  | ENABLE_TESTING = OFF | M4RI_FOUND = TRUE | NOM4RI = OFF | SLOW_DEBUG = OFF | ENABLE_ASSERTIONS = ON | PYTHON_EXECUTABLE = PYTHON_EXECUTABLE-NOTFOUND | PYTHON_LIBRARY = PYTHON_LIBRARY-NOTFOUND | PYTHON_INCLUDE_DIRS =  | MY_TARGETS =  | LARGEMEM = OFF | LIMITMEM = OFF | BREAKID_LIBRARIES =  | BREAKID-VER = . | BOSPHORUS_LIBRARIES =  | BOSPH-VER = . | compilation date time = Oct 29 2020 17:34:11
c CMS compiled with gcc version 9.3.0
c executed with command line: approxmc --sparse 1 -s 01 /experiments/results/bwd_loop1a.c/01/counterSharp/amh.dimacs
c -- header says num vars:          13466
c -- header says num clauses:       54677
c WARNING: Empty line at line number 54993 -- this is not part of the DIMACS specifications (http://www.satcompetition.org/2009/format-benchmarks2009.html). Ignoring.
c -- clauses added: 54677
c -- xor clauses added: 0
c -- vars added 13466
c [appmc] Sampling set size: 32
c [appmc] Sampling set: 206, 207, 208, 209, 210, 211, 212, 213, 214, 215, 216, 217, 218, 219, 220, 221, 222, 223, 224, 225, 226, 227, 228, 229, 230, 231, 232, 233, 234, 235, 236, 237, 
c [sparse] Using match: 0 sampling set size: 32 prev end inclusive is: -1 this end inclusive is: 50 next end inclusive is: 100 sampl size: 32
c [appmc] threshold set to 80 sparse: 1
c [appmc] Starting up, initial measurement
c [appmc] Checking if there are at least threshold+1 solutions...
c [appmc] simplifying
c [appmc] [    3.35 ] bounded_sol_count looking for   81 solutions -- hashes active: 0
c [appmc] Did not find at least threshold+1 (80) we found only 11, i.e. we got exact count
c [appmc] FINISHED ApproxMC T: 3.35 s
c [appmc] Number of solutions is: 11*2**0
s mc 11
** ASM **
c ApproxMC SHA revision 618b35b37e4d6019e0a84e37cc482187f35ee334
c ApproxMC version 4.0.1
c ApproxMC compilation env CMAKE_CXX_COMPILER = /usr/bin/c++ | CMAKE_CXX_FLAGS =  -Wall -Wextra -Wunused -Wsign-compare -fno-omit-frame-pointer -Wtype-limits -Wuninitialized -Wno-deprecated -Wstrict-aliasing -Wpointer-arith -fvisibility=hidden -Wpointer-arith -Wformat-nonliteral -Winit-self -Wparentheses -Wunreachable-code -g -fvisibility=hidden -Wlogical-op -Wrestrict -Wnull-dereference -Wdouble-promotion -Wshadow -Wformat=2 -Wextra-semi -pedantic | COMPILE_DEFINES =  -DBOOST_TEST_DYN_LINK | STATICCOMPILE = OFF | Boost_FOUND = TRUE | ZLIB_FOUND = TRUE | VALGRIND_FOUND =  | GMP_FOUND = TRUE | ENABLE_ASSERTIONS = ON | MY_TARGETS =  | compilation date time = Nov  9 2020 10:31:14
c ApproxMC compiled with gcc version 9.3.0
c CryptoMiniSat version 5.8.0
c CMS Copyright Mate Soos (soos.mate@gmail.com)
c CMS SHA revision 6477e8bc43b0fda7038965bb148b64b8637c804b
c CMS is GPL licensed due to M4RI being linked. Build without M4RI to get MIT version
c Using VMTF code by Armin Biere from CaDiCaL
c Using Yalsat by Armin Biere, see Balint et al. Improving implementation of SLS solvers [...], SAT'14
c Using WalkSAT by Henry Kautz, see Kautz and Selman Pushing the envelope: planning, propositional logic, and stochastic search, AAAI'96,
c Using code from 'When Boolean Satisfiability Meets Gauss-E. in a Simplex Way'
c       by C.-S. Han and J.-H. Roland Jiang in CAV 2012. Fixes by M. Soos
c Using CCAnr from 'CCAnr: A Conf. Checking Based Local Search Solver [...]'
c       by Shaowei Cai, Chuan Luo, and Kaile Su, SAT 2015
c CMS compilation env CMAKE_CXX_COMPILER = /usr/bin/c++ | CMAKE_CXX_FLAGS =  -fvisibility=hidden -Wall -Wextra -Wunused -Wsign-compare -fno-omit-frame-pointer -Wtype-limits -Wuninitialized -Wno-deprecated -Wstrict-aliasing -Wpointer-arith -Wpointer-arith -Wformat-nonliteral -Winit-self -Wparentheses -Wunreachable-code -g -Wno-class-memaccess -mpopcnt -msse4.2 -ggdb3 -Wlogical-op -Wrestrict -Wnull-dereference -Wdouble-promotion -Wshadow -Wformat=2 -Wextra-semi -pedantic | COMPILE_DEFINES =  -DEXTENDED_FEATURES -DUSE_GAUSS -DBOOST_TEST_DYN_LINK -DUSE_ZLIB -DYALSAT_FPU -DUSE_M4RI | STATICCOMPILE = OFF | ONLY_SIMPLE = OFF | Boost_FOUND = TRUE | STATS = OFF | SQLITE3_FOUND = FALSE | ZLIB_FOUND = TRUE | VALGRIND_FOUND =  | ENABLE_TESTING = OFF | M4RI_FOUND = TRUE | NOM4RI = OFF | SLOW_DEBUG = OFF | ENABLE_ASSERTIONS = ON | PYTHON_EXECUTABLE = PYTHON_EXECUTABLE-NOTFOUND | PYTHON_LIBRARY = PYTHON_LIBRARY-NOTFOUND | PYTHON_INCLUDE_DIRS =  | MY_TARGETS =  | LARGEMEM = OFF | LIMITMEM = OFF | BREAKID_LIBRARIES =  | BREAKID-VER = . | BOSPHORUS_LIBRARIES =  | BOSPH-VER = . | compilation date time = Oct 29 2020 17:34:11
c CMS compiled with gcc version 9.3.0
c executed with command line: approxmc --sparse 1 -s 01 /experiments/results/bwd_loop1a.c/01/counterSharp/asm.dimacs
c -- header says num vars:          13468
c -- header says num clauses:       54683
c WARNING: Empty line at line number 55001 -- this is not part of the DIMACS specifications (http://www.satcompetition.org/2009/format-benchmarks2009.html). Ignoring.
c -- clauses added: 54683
c -- xor clauses added: 0
c -- vars added 13468
c [appmc] Sampling set size: 32
c [appmc] Sampling set: 206, 207, 208, 209, 210, 211, 212, 213, 214, 215, 216, 217, 218, 219, 220, 221, 222, 223, 224, 225, 226, 227, 228, 229, 230, 231, 232, 233, 234, 235, 236, 237, 
c [sparse] Using match: 0 sampling set size: 32 prev end inclusive is: -1 this end inclusive is: 50 next end inclusive is: 100 sampl size: 32
c [appmc] threshold set to 80 sparse: 1
c [appmc] Starting up, initial measurement
c [appmc] Checking if there are at least threshold+1 solutions...
c [appmc] simplifying
c [appmc] [    2.14 ] bounded_sol_count looking for   81 solutions -- hashes active: 0
c [appmc] Did not find at least threshold+1 (80) we found only 0, i.e. we got exact count
c [appmc] Formula was UNSAT 
c [appmc] FINISHED ApproxMC T: 2.14 s
c [appmc] Formula was UNSAT 
c [appmc] Number of solutions is: 0*2**0
s mc 0
** ASH **
c ApproxMC SHA revision 618b35b37e4d6019e0a84e37cc482187f35ee334
c ApproxMC version 4.0.1
c ApproxMC compilation env CMAKE_CXX_COMPILER = /usr/bin/c++ | CMAKE_CXX_FLAGS =  -Wall -Wextra -Wunused -Wsign-compare -fno-omit-frame-pointer -Wtype-limits -Wuninitialized -Wno-deprecated -Wstrict-aliasing -Wpointer-arith -fvisibility=hidden -Wpointer-arith -Wformat-nonliteral -Winit-self -Wparentheses -Wunreachable-code -g -fvisibility=hidden -Wlogical-op -Wrestrict -Wnull-dereference -Wdouble-promotion -Wshadow -Wformat=2 -Wextra-semi -pedantic | COMPILE_DEFINES =  -DBOOST_TEST_DYN_LINK | STATICCOMPILE = OFF | Boost_FOUND = TRUE | ZLIB_FOUND = TRUE | VALGRIND_FOUND =  | GMP_FOUND = TRUE | ENABLE_ASSERTIONS = ON | MY_TARGETS =  | compilation date time = Nov  9 2020 10:31:14
c ApproxMC compiled with gcc version 9.3.0
c CryptoMiniSat version 5.8.0
c CMS Copyright Mate Soos (soos.mate@gmail.com)
c CMS SHA revision 6477e8bc43b0fda7038965bb148b64b8637c804b
c CMS is GPL licensed due to M4RI being linked. Build without M4RI to get MIT version
c Using VMTF code by Armin Biere from CaDiCaL
c Using Yalsat by Armin Biere, see Balint et al. Improving implementation of SLS solvers [...], SAT'14
c Using WalkSAT by Henry Kautz, see Kautz and Selman Pushing the envelope: planning, propositional logic, and stochastic search, AAAI'96,
c Using code from 'When Boolean Satisfiability Meets Gauss-E. in a Simplex Way'
c       by C.-S. Han and J.-H. Roland Jiang in CAV 2012. Fixes by M. Soos
c Using CCAnr from 'CCAnr: A Conf. Checking Based Local Search Solver [...]'
c       by Shaowei Cai, Chuan Luo, and Kaile Su, SAT 2015
c CMS compilation env CMAKE_CXX_COMPILER = /usr/bin/c++ | CMAKE_CXX_FLAGS =  -fvisibility=hidden -Wall -Wextra -Wunused -Wsign-compare -fno-omit-frame-pointer -Wtype-limits -Wuninitialized -Wno-deprecated -Wstrict-aliasing -Wpointer-arith -Wpointer-arith -Wformat-nonliteral -Winit-self -Wparentheses -Wunreachable-code -g -Wno-class-memaccess -mpopcnt -msse4.2 -ggdb3 -Wlogical-op -Wrestrict -Wnull-dereference -Wdouble-promotion -Wshadow -Wformat=2 -Wextra-semi -pedantic | COMPILE_DEFINES =  -DEXTENDED_FEATURES -DUSE_GAUSS -DBOOST_TEST_DYN_LINK -DUSE_ZLIB -DYALSAT_FPU -DUSE_M4RI | STATICCOMPILE = OFF | ONLY_SIMPLE = OFF | Boost_FOUND = TRUE | STATS = OFF | SQLITE3_FOUND = FALSE | ZLIB_FOUND = TRUE | VALGRIND_FOUND =  | ENABLE_TESTING = OFF | M4RI_FOUND = TRUE | NOM4RI = OFF | SLOW_DEBUG = OFF | ENABLE_ASSERTIONS = ON | PYTHON_EXECUTABLE = PYTHON_EXECUTABLE-NOTFOUND | PYTHON_LIBRARY = PYTHON_LIBRARY-NOTFOUND | PYTHON_INCLUDE_DIRS =  | MY_TARGETS =  | LARGEMEM = OFF | LIMITMEM = OFF | BREAKID_LIBRARIES =  | BREAKID-VER = . | BOSPHORUS_LIBRARIES =  | BOSPH-VER = . | compilation date time = Oct 29 2020 17:34:11
c CMS compiled with gcc version 9.3.0
c executed with command line: approxmc --sparse 1 -s 01 /experiments/results/bwd_loop1a.c/01/counterSharp/ash.dimacs
c -- header says num vars:          13468
c -- header says num clauses:       54683
c WARNING: Empty line at line number 55001 -- this is not part of the DIMACS specifications (http://www.satcompetition.org/2009/format-benchmarks2009.html). Ignoring.
c -- clauses added: 54683
c -- xor clauses added: 0
c -- vars added 13468
c [appmc] Sampling set size: 32
c [appmc] Sampling set: 206, 207, 208, 209, 210, 211, 212, 213, 214, 215, 216, 217, 218, 219, 220, 221, 222, 223, 224, 225, 226, 227, 228, 229, 230, 231, 232, 233, 234, 235, 236, 237, 
c [sparse] Using match: 0 sampling set size: 32 prev end inclusive is: -1 this end inclusive is: 50 next end inclusive is: 100 sampl size: 32
c [appmc] threshold set to 80 sparse: 1
c [appmc] Starting up, initial measurement
c [appmc] Checking if there are at least threshold+1 solutions...
c [appmc] simplifying
c [appmc] [    3.14 ] bounded_sol_count looking for   81 solutions -- hashes active: 0
c [appmc] Did not find at least threshold+1 (80) we found only 11, i.e. we got exact count
c [appmc] FINISHED ApproxMC T: 3.14 s
c [appmc] Number of solutions is: 11*2**0
s mc 11
