** CON **
c Setting the timout to: 100000
c Outputting solution to console
c GANAK version 1.0.0
c time bound set to 300s
c ganak GIT revision: 33f36bcdd4a32f4f20f64e667de10d13d1377953
c ganak build env: CMAKE_CXX_COMPILER = /usr/bin/c++ | CMAKE_CXX_FLAGS =  -mtune=native -Wall -Wextra -Wunused -Wsign-compare -fno-omit-frame-pointer -Wtype-limits -Wuninitialized -Wno-deprecated -Wstrict-aliasing -Wpointer-arith -Wpointer-arith -Wformat-nonliteral -Winit-self -Wparentheses -Wunreachable-code -ggdb3 | COMPILE_DEFINES =  | STATICCOMPILE = OFF | ONLY_SIMPLE =  | Boost_FOUND =  | ZLIB_FOUND =  | ENABLE_TESTING =  | ENABLE_ASSERTIONS = ON | MY_TARGETS =  | compilation date time = Oct 29 2020 17:35:28
c Setting the timout to: 300
c Solving /experiments/results/gsv2008.c/02/counterSharp/con.dimacs
c variables (all/used/free): 	9507/9507/0
c clauses (all/long/binary/unit): 45921/38378/7440/103
c Sampling set is present, performing projected model counting 
c Sampling set size: 32
c Sampling set:  204 205 206 207 208 209 210 211 212 213 214 215 216 217 218 219 220 221 222 223 224 225 226 227 228 229 230 231 232 233 234 235
c 
c Preprocessing ..
c DONE
c variables (all/used/free): 	7632/7600/32
c clauses (all/long/binary/unit): 33341/24206/9135/0
c Maximum cache size:	1024 MB
c 
c We have solved halfed
c We have solved halfed
c We have solved halfed
c 
c 
c variables (total / active / free)	7632/7600/32
c clauses (removed) 			45921 (12580)
c decisions 				8
c Max. decision level 			6
c conflicts 				9
c conflict clauses (all/bin/unit) 	361/175/0
c 
c failed literals found by implicit BCP 	 212
c implicit BCP miss rate 	 98.6372%
c bytes cache size     	20234496	
c bytes cache (overall) 	20235200
c bytes cache components (overall) 	792
c bytes cache (infra / comps) 20234408/88	
c bytes pure comp data (curr)    18446744073709456332
c bytes pure comp data (overall) 30924
c bytes cache with sysoverh (curr)    144
c bytes cache with sysoverh (overall) 1296
c cache (lookup / stores / hits) 			8/9/0
c cache miss rate 100%
c avg. variable count (stores / hits) 	7600/0
c 
c 
c # solutions 
s pmc 0
c # END
c 
c time: 27.0319s
** AMM **
c Setting the timout to: 100000
c Outputting solution to console
c GANAK version 1.0.0
c time bound set to 300s
c ganak GIT revision: 33f36bcdd4a32f4f20f64e667de10d13d1377953
c ganak build env: CMAKE_CXX_COMPILER = /usr/bin/c++ | CMAKE_CXX_FLAGS =  -mtune=native -Wall -Wextra -Wunused -Wsign-compare -fno-omit-frame-pointer -Wtype-limits -Wuninitialized -Wno-deprecated -Wstrict-aliasing -Wpointer-arith -Wpointer-arith -Wformat-nonliteral -Winit-self -Wparentheses -Wunreachable-code -ggdb3 | COMPILE_DEFINES =  | STATICCOMPILE = OFF | ONLY_SIMPLE =  | Boost_FOUND =  | ZLIB_FOUND =  | ENABLE_TESTING =  | ENABLE_ASSERTIONS = ON | MY_TARGETS =  | compilation date time = Oct 29 2020 17:35:28
c Setting the timout to: 300
c Solving /experiments/results/gsv2008.c/02/counterSharp/amm.dimacs
c variables (all/used/free): 	9502/9502/0
c clauses (all/long/binary/unit): 45918/38561/7303/54
c Sampling set is present, performing projected model counting 
c Sampling set size: 32
c Sampling set:  104 105 106 107 108 109 110 111 112 113 114 115 116 117 118 119 120 121 122 123 124 125 126 127 128 129 130 131 132 133 134 135
c 
c Preprocessing ..
c DONE
c variables (all/used/free): 	9376/9344/32
c clauses (all/long/binary/unit): 44925/38198/6727/0
c Maximum cache size:	1024 MB
c 
c Max decision level :25
c Doing Restart
** AMH **
c Setting the timout to: 100000
c Outputting solution to console
c GANAK version 1.0.0
c time bound set to 300s
c ganak GIT revision: 33f36bcdd4a32f4f20f64e667de10d13d1377953
c ganak build env: CMAKE_CXX_COMPILER = /usr/bin/c++ | CMAKE_CXX_FLAGS =  -mtune=native -Wall -Wextra -Wunused -Wsign-compare -fno-omit-frame-pointer -Wtype-limits -Wuninitialized -Wno-deprecated -Wstrict-aliasing -Wpointer-arith -Wpointer-arith -Wformat-nonliteral -Winit-self -Wparentheses -Wunreachable-code -ggdb3 | COMPILE_DEFINES =  | STATICCOMPILE = OFF | ONLY_SIMPLE =  | Boost_FOUND =  | ZLIB_FOUND =  | ENABLE_TESTING =  | ENABLE_ASSERTIONS = ON | MY_TARGETS =  | compilation date time = Oct 29 2020 17:35:28
c Setting the timout to: 300
c Solving /experiments/results/gsv2008.c/02/counterSharp/amh.dimacs
c variables (all/used/free): 	9502/9502/0
c clauses (all/long/binary/unit): 45918/38561/7303/54
c Sampling set is present, performing projected model counting 
c Sampling set size: 32
c Sampling set:  104 105 106 107 108 109 110 111 112 113 114 115 116 117 118 119 120 121 122 123 124 125 126 127 128 129 130 131 132 133 134 135
c 
c Preprocessing ..
c DONE
c variables (all/used/free): 	9334/9302/32
c clauses (all/long/binary/unit): 45338/37968/7370/0
c Maximum cache size:	1024 MB
c 
c We have solved halfed
c We have solved halfed
c Max decision level :25
c 
c 
c variables (total / active / free)	9334/9302/32
c clauses (removed) 			45918 (580)
c decisions 				30
c Max. decision level 			25
c conflicts 				21
c conflict clauses (all/bin/unit) 	17/10/0
c 
c failed literals found by implicit BCP 	 9
c implicit BCP miss rate 	 99.9616%
c bytes cache size     	20237384	
c bytes cache (overall) 	20237384
c bytes cache components (overall) 	2976
c bytes cache (infra / comps) 20234408/2976	
c bytes pure comp data (curr)    209252
c bytes pure comp data (overall) 209252
c bytes cache with sysoverh (curr)    4960
c bytes cache with sysoverh (overall) 4960
c cache (lookup / stores / hits) 			30/31/0
c cache miss rate 100%
c avg. variable count (stores / hits) 	7958.58/0
c 
c 
c # solutions 
s pmc 10
c # END
c 
c time: 1.58595s
** ASM **
c Setting the timout to: 100000
c Outputting solution to console
c GANAK version 1.0.0
c time bound set to 300s
c ganak GIT revision: 33f36bcdd4a32f4f20f64e667de10d13d1377953
c ganak build env: CMAKE_CXX_COMPILER = /usr/bin/c++ | CMAKE_CXX_FLAGS =  -mtune=native -Wall -Wextra -Wunused -Wsign-compare -fno-omit-frame-pointer -Wtype-limits -Wuninitialized -Wno-deprecated -Wstrict-aliasing -Wpointer-arith -Wpointer-arith -Wformat-nonliteral -Winit-self -Wparentheses -Wunreachable-code -ggdb3 | COMPILE_DEFINES =  | STATICCOMPILE = OFF | ONLY_SIMPLE =  | Boost_FOUND =  | ZLIB_FOUND =  | ENABLE_TESTING =  | ENABLE_ASSERTIONS = ON | MY_TARGETS =  | compilation date time = Oct 29 2020 17:35:28
c Setting the timout to: 300
c Solving /experiments/results/gsv2008.c/02/counterSharp/asm.dimacs
c variables (all/used/free): 	9504/9504/0
c clauses (all/long/binary/unit): 45924/38562/7307/55
c Sampling set is present, performing projected model counting 
c Sampling set size: 32
c Sampling set:  104 105 106 107 108 109 110 111 112 113 114 115 116 117 118 119 120 121 122 123 124 125 126 127 128 129 130 131 132 133 134 135
c 
c Preprocessing ..
c DONE
c variables (all/used/free): 	9317/9285/32
c clauses (all/long/binary/unit): 45263/37929/7334/0
c Maximum cache size:	1024 MB
c 
c We have solved halfed
c We have solved halfed
c 
c 
c variables (total / active / free)	9317/9285/32
c clauses (removed) 			45924 (661)
c decisions 				9
c Max. decision level 			6
c conflicts 				10
c conflict clauses (all/bin/unit) 	175/27/0
c 
c failed literals found by implicit BCP 	 95
c implicit BCP miss rate 	 99.5976%
c bytes cache size     	20234496	
c bytes cache (overall) 	20235288
c bytes cache components (overall) 	880
c bytes cache (infra / comps) 20234408/88	
c bytes pure comp data (curr)    18446744073709438096
c bytes pure comp data (overall) 36896
c bytes cache with sysoverh (curr)    144
c bytes cache with sysoverh (overall) 1440
c cache (lookup / stores / hits) 			9/10/0
c cache miss rate 100%
c avg. variable count (stores / hits) 	9285/0
c 
c 
c # solutions 
s pmc 0
c # END
c 
c time: 1.58128s
** ASH **
c Setting the timout to: 100000
c Outputting solution to console
c GANAK version 1.0.0
c time bound set to 300s
c ganak GIT revision: 33f36bcdd4a32f4f20f64e667de10d13d1377953
c ganak build env: CMAKE_CXX_COMPILER = /usr/bin/c++ | CMAKE_CXX_FLAGS =  -mtune=native -Wall -Wextra -Wunused -Wsign-compare -fno-omit-frame-pointer -Wtype-limits -Wuninitialized -Wno-deprecated -Wstrict-aliasing -Wpointer-arith -Wpointer-arith -Wformat-nonliteral -Winit-self -Wparentheses -Wunreachable-code -ggdb3 | COMPILE_DEFINES =  | STATICCOMPILE = OFF | ONLY_SIMPLE =  | Boost_FOUND =  | ZLIB_FOUND =  | ENABLE_TESTING =  | ENABLE_ASSERTIONS = ON | MY_TARGETS =  | compilation date time = Oct 29 2020 17:35:28
c Setting the timout to: 300
c Solving /experiments/results/gsv2008.c/02/counterSharp/ash.dimacs
c variables (all/used/free): 	9504/9504/0
c clauses (all/long/binary/unit): 45924/38562/7307/55
c Sampling set is present, performing projected model counting 
c Sampling set size: 32
c Sampling set:  104 105 106 107 108 109 110 111 112 113 114 115 116 117 118 119 120 121 122 123 124 125 126 127 128 129 130 131 132 133 134 135
c 
c Preprocessing ..
c DONE
c variables (all/used/free): 	9330/9298/32
c clauses (all/long/binary/unit): 45328/37957/7371/0
c Maximum cache size:	1024 MB
c 
c We have solved halfed
c We have solved halfed
c Max decision level :25
c 
c 
c variables (total / active / free)	9330/9298/32
c clauses (removed) 			45924 (595)
c decisions 				34
c Max. decision level 			29
c conflicts 				25
c conflict clauses (all/bin/unit) 	22/1/1
c 
c failed literals found by implicit BCP 	 11
c implicit BCP miss rate 	 99.9527%
c bytes cache size     	20237768	
c bytes cache (overall) 	20237768
c bytes cache components (overall) 	3360
c bytes cache (infra / comps) 20234408/3360	
c bytes pure comp data (curr)    250488
c bytes pure comp data (overall) 250488
c bytes cache with sysoverh (curr)    5600
c bytes cache with sysoverh (overall) 5600
c cache (lookup / stores / hits) 			34/35/0
c cache miss rate 100%
c avg. variable count (stores / hits) 	7934.06/0
c 
c 
c # solutions 
s pmc 10
c # END
c 
c time: 1.57503s
