** CON **
[runlim] version:		1.10
[runlim] time limit:		311040000 seconds
[runlim] real time limit:	300 seconds
[runlim] space limit:		2048 MB
[runlim] argv[0]:		ganak
[runlim] argv[1]:		-t
[runlim] argv[2]:		300
[runlim] argv[3]:		-cs
[runlim] argv[4]:		1024
[runlim] argv[5]:		-seed
[runlim] argv[6]:		03
[runlim] argv[7]:		/experiments/results/for_bounded_loop1.c/03/counterSharp/con.dimacs
[runlim] start:			Sun Nov  1 09:57:09 2020
[runlim] main pid:		4282
[runlim] end:			Sun Nov  1 09:57:09 2020
[runlim] status:		ok
[runlim] result:		0
[runlim] children:		0
[runlim] real:			0.91 seconds
[runlim] time:			0.00 seconds
[runlim] space:			0.0 MB
[runlim] samples:		0
** AMM **
[runlim] version:		1.10
[runlim] time limit:		311040000 seconds
[runlim] real time limit:	300 seconds
[runlim] space limit:		2048 MB
[runlim] argv[0]:		ganak
[runlim] argv[1]:		-t
[runlim] argv[2]:		300
[runlim] argv[3]:		-cs
[runlim] argv[4]:		1024
[runlim] argv[5]:		-seed
[runlim] argv[6]:		03
[runlim] argv[7]:		/experiments/results/for_bounded_loop1.c/03/counterSharp/amm.dimacs
[runlim] start:			Sun Nov  1 09:57:09 2020
[runlim] main pid:		4284
[runlim] end:			Sun Nov  1 09:57:11 2020
[runlim] status:		ok
[runlim] result:		0
[runlim] children:		0
[runlim] real:			2.62 seconds
[runlim] time:			1.69 seconds
[runlim] space:			24.3 MB
[runlim] samples:		17
** AMH **
[runlim] version:		1.10
[runlim] time limit:		311040000 seconds
[runlim] real time limit:	300 seconds
[runlim] space limit:		2048 MB
[runlim] argv[0]:		ganak
[runlim] argv[1]:		-t
[runlim] argv[2]:		300
[runlim] argv[3]:		-cs
[runlim] argv[4]:		1024
[runlim] argv[5]:		-seed
[runlim] argv[6]:		03
[runlim] argv[7]:		/experiments/results/for_bounded_loop1.c/03/counterSharp/amh.dimacs
[runlim] start:			Sun Nov  1 09:57:11 2020
[runlim] main pid:		4286
[runlim] end:			Sun Nov  1 09:57:12 2020
[runlim] status:		ok
[runlim] result:		0
[runlim] children:		0
[runlim] real:			1.94 seconds
[runlim] time:			1.28 seconds
[runlim] space:			17.8 MB
[runlim] samples:		13
** ASM **
[runlim] version:		1.10
[runlim] time limit:		311040000 seconds
[runlim] real time limit:	300 seconds
[runlim] space limit:		2048 MB
[runlim] argv[0]:		ganak
[runlim] argv[1]:		-t
[runlim] argv[2]:		300
[runlim] argv[3]:		-cs
[runlim] argv[4]:		1024
[runlim] argv[5]:		-seed
[runlim] argv[6]:		03
[runlim] argv[7]:		/experiments/results/for_bounded_loop1.c/03/counterSharp/asm.dimacs
[runlim] start:			Sun Nov  1 09:57:12 2020
[runlim] main pid:		4288
[runlim] end:			Sun Nov  1 09:57:14 2020
[runlim] status:		ok
[runlim] result:		0
[runlim] children:		0
[runlim] real:			2.11 seconds
[runlim] time:			1.08 seconds
[runlim] space:			18.2 MB
[runlim] samples:		11
** ASH **
[runlim] version:		1.10
[runlim] time limit:		311040000 seconds
[runlim] real time limit:	300 seconds
[runlim] space limit:		2048 MB
[runlim] argv[0]:		ganak
[runlim] argv[1]:		-t
[runlim] argv[2]:		300
[runlim] argv[3]:		-cs
[runlim] argv[4]:		1024
[runlim] argv[5]:		-seed
[runlim] argv[6]:		03
[runlim] argv[7]:		/experiments/results/for_bounded_loop1.c/03/counterSharp/ash.dimacs
[runlim] start:			Sun Nov  1 09:57:14 2020
[runlim] main pid:		4290
[runlim] end:			Sun Nov  1 09:57:15 2020
[runlim] status:		ok
[runlim] result:		0
[runlim] children:		0
[runlim] real:			1.30 seconds
[runlim] time:			1.09 seconds
[runlim] space:			18.3 MB
[runlim] samples:		11
