** CON **
c Setting the timout to: 100000
c Outputting solution to console
c GANAK version 1.0.0
c time bound set to 300s
c ganak GIT revision: 33f36bcdd4a32f4f20f64e667de10d13d1377953
c ganak build env: CMAKE_CXX_COMPILER = /usr/bin/c++ | CMAKE_CXX_FLAGS =  -mtune=native -Wall -Wextra -Wunused -Wsign-compare -fno-omit-frame-pointer -Wtype-limits -Wuninitialized -Wno-deprecated -Wstrict-aliasing -Wpointer-arith -Wpointer-arith -Wformat-nonliteral -Winit-self -Wparentheses -Wunreachable-code -ggdb3 | COMPILE_DEFINES =  | STATICCOMPILE = OFF | ONLY_SIMPLE =  | Boost_FOUND =  | ZLIB_FOUND =  | ENABLE_TESTING =  | ENABLE_ASSERTIONS = ON | MY_TARGETS =  | compilation date time = Oct 29 2020 17:35:28
c Setting the timout to: 300
c Solving /experiments/results/for_bounded_loop1.c/03/counterSharp/con.dimacs
c variables (all/used/free): 	2902/2902/0
c clauses (all/long/binary/unit): 12915/11194/1696/25
c Sampling set is present, performing projected model counting 
c Sampling set size: 32
c Sampling set:  48 49 50 51 52 53 54 55 56 57 58 59 60 61 62 63 64 65 66 67 68 69 70 71 72 73 74 75 76 77 78 79
c 
c Preprocessing ..
c DONE

c FOUND UNSAT DURING PREPROCESSING 
c 
c 
c variables (total / active / free)	2902/2902/0
c clauses (removed) 			12915 (0)
c decisions 				0
c Max. decision level 			0
c conflicts 				0
c conflict clauses (all/bin/unit) 	0/0/25
c 
c failed literals found by implicit BCP 	 0
c implicit BCP miss rate 	 0%
c bytes cache size     	104	
c bytes cache (overall) 	104
c bytes cache components (overall) 	0
c bytes cache (infra / comps) 104/0	
c bytes pure comp data (curr)    0
c bytes pure comp data (overall) 0
c bytes cache with sysoverh (curr)    0
c bytes cache with sysoverh (overall) 0
c cache (lookup / stores / hits) 			0/0/0
c cache miss rate 0%
c avg. variable count (stores / hits) 	-nan/0
c 
c 
c # solutions 
s pmc 0
c # END
c 
c time: 0.006145s
** AMM **
c Setting the timout to: 100000
c Outputting solution to console
c GANAK version 1.0.0
c time bound set to 300s
c ganak GIT revision: 33f36bcdd4a32f4f20f64e667de10d13d1377953
c ganak build env: CMAKE_CXX_COMPILER = /usr/bin/c++ | CMAKE_CXX_FLAGS =  -mtune=native -Wall -Wextra -Wunused -Wsign-compare -fno-omit-frame-pointer -Wtype-limits -Wuninitialized -Wno-deprecated -Wstrict-aliasing -Wpointer-arith -Wpointer-arith -Wformat-nonliteral -Winit-self -Wparentheses -Wunreachable-code -ggdb3 | COMPILE_DEFINES =  | STATICCOMPILE = OFF | ONLY_SIMPLE =  | Boost_FOUND =  | ZLIB_FOUND =  | ENABLE_TESTING =  | ENABLE_ASSERTIONS = ON | MY_TARGETS =  | compilation date time = Oct 29 2020 17:35:28
c Setting the timout to: 300
c Solving /experiments/results/for_bounded_loop1.c/03/counterSharp/amm.dimacs
c variables (all/used/free): 	3131/3131/0
c clauses (all/long/binary/unit): 14046/12314/1717/15
c Sampling set is present, performing projected model counting 
c Sampling set size: 32
c Sampling set:  26 27 28 29 30 31 32 33 34 35 36 37 38 39 40 41 42 43 44 45 46 47 48 49 50 51 52 53 54 55 56 57
c 
c Preprocessing ..
c DONE
c variables (all/used/free): 	3083/3051/32
c clauses (all/long/binary/unit): 13742/12179/1563/0
c Maximum cache size:	1024 MB
c 
c Max decision level :25
c Max decision level :50
c Max decision level :75
c Max decision level :100
c Max decision level :125
c Max decision level :150
c Doing Restart
c 
c 
c variables (total / active / free)	3083/3051/32
c clauses (removed) 			14046 (294)
c decisions 				24277
c Max. decision level 			171
c conflicts 				4271
c conflict clauses (all/bin/unit) 	19775/1129/10
c 
c failed literals found by implicit BCP 	 12624
c implicit BCP miss rate 	 97.7491%
c bytes cache size     	29287352	
c bytes cache (overall) 	30442456
c bytes cache components (overall) 	10208048
c bytes cache (infra / comps) 20234408/9052944	
c bytes pure comp data (curr)    18446744073679070388
c bytes pure comp data (overall) 20731556
c bytes cache with sysoverh (curr)    10074528
c bytes cache with sysoverh (overall) 11717104
c cache (lookup / stores / hits) 			30976/29301/1676
c cache miss rate 94.5894%
c avg. variable count (stores / hits) 	183.297/9.62828
c 
c 
c # solutions 
s pmc 4294967286
c # END
c 
c time: 1.70847s
** AMH **
c Setting the timout to: 100000
c Outputting solution to console
c GANAK version 1.0.0
c time bound set to 300s
c ganak GIT revision: 33f36bcdd4a32f4f20f64e667de10d13d1377953
c ganak build env: CMAKE_CXX_COMPILER = /usr/bin/c++ | CMAKE_CXX_FLAGS =  -mtune=native -Wall -Wextra -Wunused -Wsign-compare -fno-omit-frame-pointer -Wtype-limits -Wuninitialized -Wno-deprecated -Wstrict-aliasing -Wpointer-arith -Wpointer-arith -Wformat-nonliteral -Winit-self -Wparentheses -Wunreachable-code -ggdb3 | COMPILE_DEFINES =  | STATICCOMPILE = OFF | ONLY_SIMPLE =  | Boost_FOUND =  | ZLIB_FOUND =  | ENABLE_TESTING =  | ENABLE_ASSERTIONS = ON | MY_TARGETS =  | compilation date time = Oct 29 2020 17:35:28
c Setting the timout to: 300
c Solving /experiments/results/for_bounded_loop1.c/03/counterSharp/amh.dimacs
c variables (all/used/free): 	3131/3131/0
c clauses (all/long/binary/unit): 14046/12314/1717/15
c Sampling set is present, performing projected model counting 
c Sampling set size: 32
c Sampling set:  26 27 28 29 30 31 32 33 34 35 36 37 38 39 40 41 42 43 44 45 46 47 48 49 50 51 52 53 54 55 56 57
c 
c Preprocessing ..
c DONE
c variables (all/used/free): 	2932/2899/33
c clauses (all/long/binary/unit): 13113/11271/1842/0
c Maximum cache size:	1024 MB
c 
c Max decision level :25
c Max decision level :50
c Max decision level :75
c Max decision level :100
c Max decision level :125
c Max decision level :150
c Doing Restart
c 
c 
c variables (total / active / free)	2932/2899/33
c clauses (removed) 			14046 (921)
c decisions 				4847
c Max. decision level 			174
c conflicts 				4185
c conflict clauses (all/bin/unit) 	15456/561/12
c 
c failed literals found by implicit BCP 	 9123
c implicit BCP miss rate 	 97.243%
c bytes cache size     	21520696	
c bytes cache (overall) 	22712796
c bytes cache components (overall) 	2478388
c bytes cache (infra / comps) 20234408/1286288	
c bytes pure comp data (curr)    18446744073674044460
c bytes pure comp data (overall) 13470576
c bytes cache with sysoverh (curr)    1398768
c bytes cache with sysoverh (overall) 3014736
c cache (lookup / stores / hits) 			9866/9867/0
c cache miss rate 100%
c avg. variable count (stores / hits) 	289.54/0
c 
c 
c # solutions 
s pmc 10
c # END
c 
c time: 1.31276s
** ASM **
c Setting the timout to: 100000
c Outputting solution to console
c GANAK version 1.0.0
c time bound set to 300s
c ganak GIT revision: 33f36bcdd4a32f4f20f64e667de10d13d1377953
c ganak build env: CMAKE_CXX_COMPILER = /usr/bin/c++ | CMAKE_CXX_FLAGS =  -mtune=native -Wall -Wextra -Wunused -Wsign-compare -fno-omit-frame-pointer -Wtype-limits -Wuninitialized -Wno-deprecated -Wstrict-aliasing -Wpointer-arith -Wpointer-arith -Wformat-nonliteral -Winit-self -Wparentheses -Wunreachable-code -ggdb3 | COMPILE_DEFINES =  | STATICCOMPILE = OFF | ONLY_SIMPLE =  | Boost_FOUND =  | ZLIB_FOUND =  | ENABLE_TESTING =  | ENABLE_ASSERTIONS = ON | MY_TARGETS =  | compilation date time = Oct 29 2020 17:35:28
c Setting the timout to: 300
c Solving /experiments/results/for_bounded_loop1.c/03/counterSharp/asm.dimacs
c variables (all/used/free): 	3133/3133/0
c clauses (all/long/binary/unit): 14052/12315/1721/16
c Sampling set is present, performing projected model counting 
c Sampling set size: 32
c Sampling set:  26 27 28 29 30 31 32 33 34 35 36 37 38 39 40 41 42 43 44 45 46 47 48 49 50 51 52 53 54 55 56 57
c 
c Preprocessing ..
c DONE
c variables (all/used/free): 	2895/2862/33
c clauses (all/long/binary/unit): 12974/11235/1739/0
c Maximum cache size:	1024 MB
c 
c Max decision level :25
c Max decision level :50
c Max decision level :75
c Max decision level :100
c Max decision level :125
c Max decision level :150
c Doing Restart
c 
c 
c variables (total / active / free)	2895/2862/33
c clauses (removed) 			14052 (1060)
c decisions 				4907
c Max. decision level 			173
c conflicts 				3844
c conflict clauses (all/bin/unit) 	14333/394/18
c 
c failed literals found by implicit BCP 	 8438
c implicit BCP miss rate 	 97.123%
c bytes cache size     	21258240	
c bytes cache (overall) 	22383320
c bytes cache components (overall) 	2148912
c bytes cache (infra / comps) 20234408/1023832	
c bytes pure comp data (curr)    18446744073677433988
c bytes pure comp data (overall) 11946868
c bytes cache with sysoverh (curr)    1131792
c bytes cache with sysoverh (overall) 2685296
c cache (lookup / stores / hits) 			9939/9940/0
c cache miss rate 100%
c avg. variable count (stores / hits) 	229.13/0
c 
c 
c # solutions 
s pmc 9
c # END
c 
c time: 1.1647s
** ASH **
c Setting the timout to: 100000
c Outputting solution to console
c GANAK version 1.0.0
c time bound set to 300s
c ganak GIT revision: 33f36bcdd4a32f4f20f64e667de10d13d1377953
c ganak build env: CMAKE_CXX_COMPILER = /usr/bin/c++ | CMAKE_CXX_FLAGS =  -mtune=native -Wall -Wextra -Wunused -Wsign-compare -fno-omit-frame-pointer -Wtype-limits -Wuninitialized -Wno-deprecated -Wstrict-aliasing -Wpointer-arith -Wpointer-arith -Wformat-nonliteral -Winit-self -Wparentheses -Wunreachable-code -ggdb3 | COMPILE_DEFINES =  | STATICCOMPILE = OFF | ONLY_SIMPLE =  | Boost_FOUND =  | ZLIB_FOUND =  | ENABLE_TESTING =  | ENABLE_ASSERTIONS = ON | MY_TARGETS =  | compilation date time = Oct 29 2020 17:35:28
c Setting the timout to: 300
c Solving /experiments/results/for_bounded_loop1.c/03/counterSharp/ash.dimacs
c variables (all/used/free): 	3133/3133/0
c clauses (all/long/binary/unit): 14052/12315/1721/16
c Sampling set is present, performing projected model counting 
c Sampling set size: 32
c Sampling set:  26 27 28 29 30 31 32 33 34 35 36 37 38 39 40 41 42 43 44 45 46 47 48 49 50 51 52 53 54 55 56 57
c 
c Preprocessing ..
c DONE
c variables (all/used/free): 	2897/2864/33
c clauses (all/long/binary/unit): 13043/11238/1805/0
c Maximum cache size:	1024 MB
c 
c Max decision level :25
c Max decision level :50
c Max decision level :75
c Max decision level :100
c Max decision level :125
c Max decision level :150
c Max decision level :175
c Doing Restart
c 
c 
c variables (total / active / free)	2897/2864/33
c clauses (removed) 			14052 (1004)
c decisions 				6125
c Max. decision level 			180
c conflicts 				4115
c conflict clauses (all/bin/unit) 	15087/478/5
c 
c failed literals found by implicit BCP 	 8351
c implicit BCP miss rate 	 97.3154%
c bytes cache size     	21127608	
c bytes cache (overall) 	22269464
c bytes cache components (overall) 	2035056
c bytes cache (infra / comps) 20234408/893200	
c bytes pure comp data (curr)    18446744073680595956
c bytes pure comp data (overall) 10605020
c bytes cache with sysoverh (curr)    1019408
c bytes cache with sysoverh (overall) 2634912
c cache (lookup / stores / hits) 			11135/11136/0
c cache miss rate 100%
c avg. variable count (stores / hits) 	203.925/0
c 
c 
c # solutions 
s pmc 10
c # END
c 
c time: 1.19429s
