** CON **
[runlim] version:		1.10
[runlim] time limit:		311040000 seconds
[runlim] real time limit:	300 seconds
[runlim] space limit:		2048 MB
[runlim] argv[0]:		approxmc
[runlim] argv[1]:		-s
[runlim] argv[2]:		03
[runlim] argv[3]:		/experiments/results/bwd_loop2-2.c/03/counterSharp/con.dimacs
[runlim] start:			Mon Aug  8 17:54:28 2022
[runlim] main pid:		1766
ERROR! Could not open file '/experiments/results/bwd_loop2-2.c/03/counterSharp/con.dimacs' for reading: No such file or directory
[runlim] end:			Mon Aug  8 17:54:28 2022
[runlim] status:		ok
[runlim] result:		0
[runlim] children:		0
[runlim] real:			0.27 seconds
[runlim] time:			0.00 seconds
[runlim] space:			0.0 MB
[runlim] samples:		0
** AMM **
[runlim] version:		1.10
[runlim] time limit:		311040000 seconds
[runlim] real time limit:	300 seconds
[runlim] space limit:		2048 MB
[runlim] argv[0]:		approxmc
[runlim] argv[1]:		-s
[runlim] argv[2]:		03
[runlim] argv[3]:		/experiments/results/bwd_loop2-2.c/03/counterSharp/amm.dimacs
[runlim] start:			Mon Aug  8 17:54:28 2022
[runlim] main pid:		1768
[runlim] end:			Mon Aug  8 17:54:30 2022
[runlim] status:		ok
[runlim] result:		0
[runlim] children:		0
[runlim] real:			2.19 seconds
[runlim] time:			1.83 seconds
[runlim] space:			19.7 MB
[runlim] samples:		19
** AMH **
[runlim] version:		1.10
[runlim] time limit:		311040000 seconds
[runlim] real time limit:	300 seconds
[runlim] space limit:		2048 MB
[runlim] argv[0]:		approxmc
[runlim] argv[1]:		-s
[runlim] argv[2]:		03
[runlim] argv[3]:		/experiments/results/bwd_loop2-2.c/03/counterSharp/amh.dimacs
[runlim] start:			Mon Aug  8 17:54:30 2022
[runlim] main pid:		1770
[runlim] end:			Mon Aug  8 17:54:31 2022
[runlim] status:		ok
[runlim] result:		0
[runlim] children:		0
[runlim] real:			1.95 seconds
[runlim] time:			1.68 seconds
[runlim] space:			19.1 MB
[runlim] samples:		17
** ASM **
[runlim] version:		1.10
[runlim] time limit:		311040000 seconds
[runlim] real time limit:	300 seconds
[runlim] space limit:		2048 MB
[runlim] argv[0]:		approxmc
[runlim] argv[1]:		-s
[runlim] argv[2]:		03
[runlim] argv[3]:		/experiments/results/bwd_loop2-2.c/03/counterSharp/asm.dimacs
[runlim] start:			Mon Aug  8 17:54:31 2022
[runlim] main pid:		1772
[runlim] end:			Mon Aug  8 17:54:40 2022
[runlim] status:		ok
[runlim] result:		0
[runlim] children:		0
[runlim] real:			9.36 seconds
[runlim] time:			8.37 seconds
[runlim] space:			19.2 MB
[runlim] samples:		84
** ASH **
[runlim] version:		1.10
[runlim] time limit:		311040000 seconds
[runlim] real time limit:	300 seconds
[runlim] space limit:		2048 MB
[runlim] argv[0]:		approxmc
[runlim] argv[1]:		-s
[runlim] argv[2]:		03
[runlim] argv[3]:		/experiments/results/bwd_loop2-2.c/03/counterSharp/ash.dimacs
[runlim] start:			Mon Aug  8 17:54:40 2022
[runlim] main pid:		1774
[runlim] end:			Mon Aug  8 17:54:42 2022
[runlim] status:		ok
[runlim] result:		0
[runlim] children:		0
[runlim] real:			2.91 seconds
[runlim] time:			2.45 seconds
[runlim] space:			20.0 MB
[runlim] samples:		25
