** CON **
[runlim] version:		1.10
[runlim] time limit:		311040000 seconds
[runlim] real time limit:	300 seconds
[runlim] space limit:		2048 MB
[runlim] argv[0]:		approxmc
[runlim] argv[1]:		--sparse
[runlim] argv[2]:		1
[runlim] argv[3]:		-s
[runlim] argv[4]:		02
[runlim] argv[5]:		/experiments/results/example7b-2.c/02/counterSharp/con.dimacs
[runlim] start:			Fri Oct 30 15:23:01 2020
[runlim] main pid:		3719
[runlim] sample:		10.0 time, 10.1 real, 529.8 MB
[runlim] sample:		20.0 time, 20.1 real, 530.0 MB
[runlim] sample:		30.0 time, 30.1 real, 539.0 MB
[runlim] sample:		40.0 time, 40.1 real, 539.0 MB
[runlim] sample:		50.0 time, 50.1 real, 539.0 MB
[runlim] sample:		60.0 time, 60.1 real, 542.3 MB
[runlim] sample:		70.0 time, 70.1 real, 550.5 MB
[runlim] sample:		80.0 time, 80.1 real, 555.3 MB
approxmc: /approxmc/src/counter.cpp:447: ApproxMC::SolCount Counter::count(): Assertion `numHashList.size() > 0 && "UNSAT should not be possible"' failed.
[runlim] end:			Fri Oct 30 15:24:28 2020
[runlim] status:		signal(6)
[runlim] result:		11
[runlim] children:		0
[runlim] real:			87.42 seconds
[runlim] time:			87.13 seconds
[runlim] space:			555.3 MB
[runlim] samples:		872
** AMM **
[runlim] version:		1.10
[runlim] time limit:		311040000 seconds
[runlim] real time limit:	300 seconds
[runlim] space limit:		2048 MB
[runlim] argv[0]:		approxmc
[runlim] argv[1]:		--sparse
[runlim] argv[2]:		1
[runlim] argv[3]:		-s
[runlim] argv[4]:		02
[runlim] argv[5]:		/experiments/results/example7b-2.c/02/counterSharp/amm.dimacs
[runlim] start:			Fri Oct 30 15:24:28 2020
[runlim] main pid:		3721
[runlim] sample:		10.0 time, 10.4 real, 495.9 MB
[runlim] sample:		20.0 time, 20.4 real, 729.7 MB
[runlim] sample:		30.0 time, 30.4 real, 426.9 MB
[runlim] sample:		40.0 time, 40.4 real, 427.4 MB
[runlim] end:			Fri Oct 30 15:25:16 2020
[runlim] status:		ok
[runlim] result:		0
[runlim] children:		0
[runlim] real:			48.72 seconds
[runlim] time:			48.27 seconds
[runlim] space:			846.2 MB
[runlim] samples:		483
** AMH **
[runlim] version:		1.10
[runlim] time limit:		311040000 seconds
[runlim] real time limit:	300 seconds
[runlim] space limit:		2048 MB
[runlim] argv[0]:		approxmc
[runlim] argv[1]:		--sparse
[runlim] argv[2]:		1
[runlim] argv[3]:		-s
[runlim] argv[4]:		02
[runlim] argv[5]:		/experiments/results/example7b-2.c/02/counterSharp/amh.dimacs
[runlim] start:			Fri Oct 30 15:25:16 2020
[runlim] main pid:		3723
[runlim] sample:		10.0 time, 10.7 real, 543.6 MB
[runlim] sample:		20.0 time, 20.7 real, 587.9 MB
[runlim] sample:		30.0 time, 30.7 real, 614.9 MB
[runlim] sample:		40.0 time, 40.7 real, 689.9 MB
[runlim] sample:		50.0 time, 50.7 real, 689.9 MB
[runlim] sample:		60.0 time, 60.7 real, 753.8 MB
[runlim] sample:		70.0 time, 70.7 real, 794.6 MB
[runlim] sample:		80.0 time, 80.7 real, 649.2 MB
[runlim] sample:		90.0 time, 90.7 real, 525.5 MB
[runlim] sample:		100.0 time, 100.7 real, 528.3 MB
[runlim] sample:		110.0 time, 110.7 real, 470.1 MB
[runlim] sample:		119.9 time, 120.7 real, 616.7 MB
[runlim] sample:		129.9 time, 130.7 real, 562.9 MB
[runlim] sample:		139.9 time, 140.7 real, 587.9 MB
[runlim] sample:		149.9 time, 150.7 real, 487.2 MB
[runlim] sample:		159.9 time, 160.7 real, 586.3 MB
[runlim] sample:		169.9 time, 170.7 real, 586.7 MB
[runlim] sample:		179.9 time, 180.7 real, 586.7 MB
[runlim] sample:		189.9 time, 190.7 real, 487.6 MB
[runlim] sample:		199.9 time, 200.7 real, 588.7 MB
[runlim] sample:		209.9 time, 210.7 real, 588.7 MB
[runlim] sample:		219.9 time, 220.7 real, 591.5 MB
[runlim] sample:		229.9 time, 230.7 real, 490.4 MB
[runlim] sample:		239.9 time, 240.7 real, 591.8 MB
[runlim] sample:		249.9 time, 250.7 real, 591.8 MB
[runlim] sample:		259.9 time, 260.7 real, 490.4 MB
[runlim] sample:		269.9 time, 270.7 real, 490.4 MB
[runlim] sample:		279.9 time, 280.7 real, 591.3 MB
[runlim] sample:		289.9 time, 290.7 real, 591.3 MB
[runlim] end:			Fri Oct 30 15:30:16 2020
[runlim] status:		out of time
[runlim] result:		2
[runlim] children:		0
[runlim] real:			300.04 seconds
[runlim] time:			299.19 seconds
[runlim] space:			803.8 MB
[runlim] samples:		2993
** ASM **
[runlim] version:		1.10
[runlim] time limit:		311040000 seconds
[runlim] real time limit:	300 seconds
[runlim] space limit:		2048 MB
[runlim] argv[0]:		approxmc
[runlim] argv[1]:		--sparse
[runlim] argv[2]:		1
[runlim] argv[3]:		-s
[runlim] argv[4]:		02
[runlim] argv[5]:		/experiments/results/example7b-2.c/02/counterSharp/asm.dimacs
[runlim] start:			Fri Oct 30 15:30:16 2020
[runlim] main pid:		3725
[runlim] sample:		10.0 time, 10.0 real, 577.1 MB
[runlim] sample:		20.0 time, 20.0 real, 577.1 MB
[runlim] sample:		30.0 time, 30.0 real, 577.1 MB
[runlim] sample:		40.0 time, 40.0 real, 577.6 MB
[runlim] sample:		50.0 time, 50.0 real, 580.5 MB
[runlim] sample:		60.0 time, 60.0 real, 580.5 MB
[runlim] sample:		70.0 time, 70.0 real, 580.5 MB
[runlim] sample:		80.0 time, 80.0 real, 583.4 MB
[runlim] sample:		90.0 time, 90.0 real, 584.1 MB
[runlim] sample:		100.0 time, 100.0 real, 585.2 MB
[runlim] sample:		110.0 time, 110.0 real, 587.9 MB
[runlim] sample:		120.0 time, 120.0 real, 589.8 MB
[runlim] sample:		129.9 time, 130.0 real, 455.4 MB
[runlim] sample:		139.9 time, 140.0 real, 583.8 MB
[runlim] sample:		149.9 time, 150.0 real, 584.1 MB
[runlim] sample:		159.9 time, 160.0 real, 586.1 MB
[runlim] sample:		169.9 time, 170.0 real, 588.1 MB
[runlim] sample:		179.9 time, 180.0 real, 595.0 MB
[runlim] sample:		189.9 time, 190.0 real, 586.5 MB
[runlim] sample:		199.9 time, 200.0 real, 481.5 MB
[runlim] sample:		209.9 time, 210.0 real, 481.5 MB
[runlim] sample:		219.9 time, 220.0 real, 615.9 MB
[runlim] sample:		229.9 time, 230.0 real, 618.5 MB
[runlim] sample:		239.9 time, 240.0 real, 622.5 MB
[runlim] sample:		249.9 time, 250.0 real, 624.5 MB
[runlim] sample:		259.9 time, 260.0 real, 619.0 MB
[runlim] sample:		269.9 time, 270.0 real, 621.0 MB
[runlim] sample:		279.9 time, 280.0 real, 523.8 MB
[runlim] sample:		289.9 time, 290.0 real, 523.8 MB
[runlim] sample:		299.9 time, 300.0 real, 655.7 MB
[runlim] end:			Fri Oct 30 15:35:16 2020
[runlim] status:		out of time
[runlim] result:		2
[runlim] children:		0
[runlim] real:			300.07 seconds
[runlim] time:			299.92 seconds
[runlim] space:			655.7 MB
[runlim] samples:		3000
** ASH **
[runlim] version:		1.10
[runlim] time limit:		311040000 seconds
[runlim] real time limit:	300 seconds
[runlim] space limit:		2048 MB
[runlim] argv[0]:		approxmc
[runlim] argv[1]:		--sparse
[runlim] argv[2]:		1
[runlim] argv[3]:		-s
[runlim] argv[4]:		02
[runlim] argv[5]:		/experiments/results/example7b-2.c/02/counterSharp/ash.dimacs
[runlim] start:			Fri Oct 30 15:35:16 2020
[runlim] main pid:		3727
[runlim] sample:		10.0 time, 10.1 real, 575.4 MB
[runlim] sample:		20.0 time, 20.1 real, 578.2 MB
[runlim] sample:		30.0 time, 30.1 real, 578.2 MB
[runlim] sample:		40.0 time, 40.1 real, 578.4 MB
[runlim] sample:		50.0 time, 50.1 real, 578.7 MB
[runlim] sample:		60.0 time, 60.1 real, 578.8 MB
[runlim] sample:		70.0 time, 70.1 real, 580.6 MB
[runlim] sample:		80.0 time, 80.1 real, 580.9 MB
[runlim] sample:		90.0 time, 90.1 real, 581.4 MB
[runlim] sample:		100.0 time, 100.1 real, 581.4 MB
[runlim] sample:		110.0 time, 110.1 real, 583.7 MB
[runlim] sample:		120.0 time, 120.1 real, 587.4 MB
[runlim] sample:		130.0 time, 130.1 real, 589.7 MB
[runlim] sample:		140.0 time, 140.1 real, 592.7 MB
[runlim] sample:		150.0 time, 150.1 real, 596.2 MB
[runlim] sample:		160.0 time, 160.1 real, 596.4 MB
[runlim] sample:		170.0 time, 170.1 real, 598.7 MB
[runlim] sample:		180.0 time, 180.1 real, 599.5 MB
[runlim] sample:		190.0 time, 190.1 real, 601.6 MB
[runlim] sample:		200.0 time, 200.1 real, 602.1 MB
[runlim] sample:		210.0 time, 210.1 real, 603.2 MB
[runlim] sample:		220.0 time, 220.1 real, 605.7 MB
[runlim] sample:		230.0 time, 230.1 real, 606.2 MB
[runlim] sample:		239.9 time, 240.1 real, 520.6 MB
[runlim] sample:		250.0 time, 250.1 real, 597.4 MB
[runlim] sample:		260.0 time, 260.1 real, 598.3 MB
[runlim] sample:		269.9 time, 270.1 real, 602.1 MB
[runlim] sample:		279.9 time, 280.1 real, 604.5 MB
[runlim] sample:		289.9 time, 290.1 real, 604.5 MB
[runlim] sample:		299.9 time, 300.1 real, 606.5 MB
[runlim] end:			Fri Oct 30 15:40:16 2020
[runlim] status:		out of time
[runlim] result:		2
[runlim] children:		0
[runlim] real:			300.09 seconds
[runlim] time:			299.95 seconds
[runlim] space:			606.5 MB
[runlim] samples:		3000
