** CON **
[runlim] version:		1.10
[runlim] time limit:		311040000 seconds
[runlim] real time limit:	300 seconds
[runlim] space limit:		2048 MB
[runlim] argv[0]:		ganak
[runlim] argv[1]:		-t
[runlim] argv[2]:		300
[runlim] argv[3]:		-cs
[runlim] argv[4]:		1024
[runlim] argv[5]:		-seed
[runlim] argv[6]:		01
[runlim] argv[7]:		/experiments/results/rangesum05.c/01/counterSharp/con.dimacs
[runlim] start:			Sat Oct 31 14:54:02 2020
[runlim] main pid:		356
Cannot open file: /experiments/results/rangesum05.c/01/counterSharp/con.dimacs
[runlim] end:			Sat Oct 31 14:54:02 2020
[runlim] status:		ok
[runlim] result:		0
[runlim] children:		0
[runlim] real:			0.40 seconds
[runlim] time:			0.00 seconds
[runlim] space:			0.0 MB
[runlim] samples:		0
** AMM **
[runlim] version:		1.10
[runlim] time limit:		311040000 seconds
[runlim] real time limit:	300 seconds
[runlim] space limit:		2048 MB
[runlim] argv[0]:		ganak
[runlim] argv[1]:		-t
[runlim] argv[2]:		300
[runlim] argv[3]:		-cs
[runlim] argv[4]:		1024
[runlim] argv[5]:		-seed
[runlim] argv[6]:		01
[runlim] argv[7]:		/experiments/results/rangesum05.c/01/counterSharp/amm.dimacs
[runlim] start:			Sat Oct 31 14:54:02 2020
[runlim] main pid:		358
Cannot open file: /experiments/results/rangesum05.c/01/counterSharp/amm.dimacs
[runlim] end:			Sat Oct 31 14:54:02 2020
[runlim] status:		ok
[runlim] result:		0
[runlim] children:		0
[runlim] real:			0.40 seconds
[runlim] time:			0.00 seconds
[runlim] space:			0.0 MB
[runlim] samples:		0
** AMH **
[runlim] version:		1.10
[runlim] time limit:		311040000 seconds
[runlim] real time limit:	300 seconds
[runlim] space limit:		2048 MB
[runlim] argv[0]:		ganak
[runlim] argv[1]:		-t
[runlim] argv[2]:		300
[runlim] argv[3]:		-cs
[runlim] argv[4]:		1024
[runlim] argv[5]:		-seed
[runlim] argv[6]:		01
[runlim] argv[7]:		/experiments/results/rangesum05.c/01/counterSharp/amh.dimacs
[runlim] start:			Sat Oct 31 14:54:02 2020
[runlim] main pid:		360
[runlim] sample:		10.0 time, 10.4 real, 26.6 MB
[runlim] sample:		20.0 time, 20.4 real, 39.6 MB
[runlim] sample:		30.0 time, 30.4 real, 50.2 MB
[runlim] sample:		40.0 time, 40.4 real, 60.8 MB
[runlim] sample:		50.0 time, 50.4 real, 71.4 MB
[runlim] sample:		60.0 time, 60.4 real, 83.7 MB
[runlim] sample:		70.0 time, 70.4 real, 94.0 MB
[runlim] sample:		80.0 time, 80.4 real, 104.3 MB
[runlim] sample:		90.0 time, 90.4 real, 114.6 MB
[runlim] sample:		100.0 time, 100.4 real, 126.9 MB
[runlim] sample:		110.0 time, 110.4 real, 137.2 MB
[runlim] sample:		120.0 time, 120.4 real, 147.3 MB
[runlim] sample:		130.0 time, 130.4 real, 157.3 MB
[runlim] sample:		140.0 time, 140.4 real, 169.4 MB
[runlim] sample:		150.0 time, 150.4 real, 179.4 MB
[runlim] sample:		160.0 time, 160.4 real, 193.7 MB
[runlim] sample:		170.0 time, 170.4 real, 204.2 MB
[runlim] sample:		180.0 time, 180.4 real, 216.8 MB
[runlim] sample:		190.0 time, 190.4 real, 227.1 MB
[runlim] sample:		200.0 time, 200.4 real, 237.7 MB
[runlim] sample:		210.0 time, 210.4 real, 248.5 MB
[runlim] sample:		220.0 time, 220.4 real, 260.6 MB
[runlim] sample:		230.0 time, 230.4 real, 270.6 MB
[runlim] sample:		240.0 time, 240.4 real, 280.7 MB
[runlim] sample:		250.0 time, 250.4 real, 290.7 MB
[runlim] sample:		260.0 time, 260.4 real, 302.8 MB
[runlim] sample:		269.9 time, 270.4 real, 312.8 MB
[runlim] sample:		279.9 time, 280.4 real, 324.0 MB
[runlim] sample:		289.9 time, 290.4 real, 334.1 MB
[runlim] end:			Sat Oct 31 14:59:02 2020
[runlim] status:		out of time
[runlim] result:		2
[runlim] children:		0
[runlim] real:			300.12 seconds
[runlim] time:			299.65 seconds
[runlim] space:			344.1 MB
[runlim] samples:		2997
** ASM **
[runlim] version:		1.10
[runlim] time limit:		311040000 seconds
[runlim] real time limit:	300 seconds
[runlim] space limit:		2048 MB
[runlim] argv[0]:		ganak
[runlim] argv[1]:		-t
[runlim] argv[2]:		300
[runlim] argv[3]:		-cs
[runlim] argv[4]:		1024
[runlim] argv[5]:		-seed
[runlim] argv[6]:		01
[runlim] argv[7]:		/experiments/results/rangesum05.c/01/counterSharp/asm.dimacs
[runlim] start:			Sat Oct 31 14:59:02 2020
[runlim] main pid:		362
[runlim] sample:		10.0 time, 10.1 real, 29.2 MB
[runlim] sample:		20.0 time, 20.1 real, 43.6 MB
[runlim] sample:		30.0 time, 30.1 real, 54.4 MB
[runlim] sample:		40.0 time, 40.1 real, 65.2 MB
[runlim] sample:		50.0 time, 50.1 real, 76.3 MB
[runlim] sample:		60.0 time, 60.1 real, 89.1 MB
[runlim] sample:		70.0 time, 70.1 real, 100.0 MB
[runlim] sample:		80.0 time, 80.1 real, 110.3 MB
[runlim] sample:		90.0 time, 90.1 real, 121.1 MB
[runlim] sample:		100.0 time, 100.1 real, 133.7 MB
[runlim] sample:		110.0 time, 110.1 real, 144.5 MB
[runlim] sample:		120.0 time, 120.1 real, 154.8 MB
[runlim] sample:		130.0 time, 130.1 real, 165.4 MB
[runlim] sample:		140.0 time, 140.1 real, 177.9 MB
[runlim] sample:		150.0 time, 150.1 real, 188.5 MB
[runlim] sample:		160.0 time, 160.1 real, 203.2 MB
[runlim] sample:		170.0 time, 170.1 real, 214.1 MB
[runlim] sample:		179.9 time, 180.1 real, 226.9 MB
[runlim] sample:		190.0 time, 190.1 real, 237.7 MB
[runlim] sample:		199.9 time, 200.1 real, 248.5 MB
[runlim] sample:		209.9 time, 210.1 real, 261.6 MB
[runlim] sample:		219.9 time, 220.1 real, 271.9 MB
[runlim] sample:		229.9 time, 230.1 real, 282.2 MB
[runlim] sample:		239.9 time, 240.1 real, 292.6 MB
[runlim] sample:		249.9 time, 250.1 real, 304.9 MB
[runlim] sample:		259.9 time, 260.1 real, 315.2 MB
[runlim] sample:		269.9 time, 270.1 real, 325.7 MB
[runlim] sample:		279.9 time, 280.1 real, 336.1 MB
[runlim] sample:		289.9 time, 290.1 real, 346.6 MB
[runlim] end:			Sat Oct 31 15:04:02 2020
[runlim] status:		out of time
[runlim] result:		2
[runlim] children:		0
[runlim] real:			300.04 seconds
[runlim] time:			299.84 seconds
[runlim] space:			359.3 MB
[runlim] samples:		2999
** ASH **
[runlim] version:		1.10
[runlim] time limit:		311040000 seconds
[runlim] real time limit:	300 seconds
[runlim] space limit:		2048 MB
[runlim] argv[0]:		ganak
[runlim] argv[1]:		-t
[runlim] argv[2]:		300
[runlim] argv[3]:		-cs
[runlim] argv[4]:		1024
[runlim] argv[5]:		-seed
[runlim] argv[6]:		01
[runlim] argv[7]:		/experiments/results/rangesum05.c/01/counterSharp/ash.dimacs
[runlim] start:			Sat Oct 31 15:04:02 2020
[runlim] main pid:		364
[runlim] sample:		10.0 time, 10.0 real, 17.6 MB
[runlim] sample:		20.0 time, 20.0 real, 19.2 MB
[runlim] sample:		30.0 time, 30.0 real, 20.2 MB
[runlim] sample:		40.0 time, 40.0 real, 21.0 MB
[runlim] sample:		50.0 time, 50.0 real, 21.5 MB
[runlim] sample:		60.0 time, 60.0 real, 22.8 MB
[runlim] sample:		70.0 time, 70.0 real, 23.3 MB
[runlim] sample:		80.0 time, 80.0 real, 24.8 MB
[runlim] sample:		90.0 time, 90.0 real, 25.3 MB
[runlim] sample:		100.0 time, 100.0 real, 27.9 MB
[runlim] sample:		110.0 time, 110.0 real, 27.9 MB
[runlim] sample:		120.0 time, 120.0 real, 28.9 MB
[runlim] sample:		130.0 time, 130.0 real, 30.0 MB
[runlim] sample:		140.0 time, 140.0 real, 30.5 MB
[runlim] sample:		150.0 time, 150.0 real, 31.0 MB
[runlim] sample:		160.0 time, 160.0 real, 31.5 MB
[runlim] sample:		170.0 time, 170.0 real, 32.3 MB
[runlim] sample:		180.0 time, 180.0 real, 32.5 MB
[runlim] sample:		190.0 time, 190.0 real, 32.8 MB
[runlim] sample:		200.0 time, 200.0 real, 34.3 MB
[runlim] sample:		210.0 time, 210.0 real, 35.4 MB
[runlim] sample:		220.0 time, 220.0 real, 36.7 MB
[runlim] sample:		229.9 time, 230.0 real, 36.9 MB
[runlim] sample:		239.9 time, 240.0 real, 38.7 MB
[runlim] sample:		249.9 time, 250.0 real, 40.8 MB
[runlim] sample:		259.9 time, 260.0 real, 41.1 MB
[runlim] sample:		269.9 time, 270.0 real, 42.9 MB
[runlim] sample:		279.9 time, 280.0 real, 45.8 MB
[runlim] sample:		289.9 time, 290.0 real, 46.7 MB
[runlim] sample:		299.9 time, 300.0 real, 46.7 MB
[runlim] end:			Sat Oct 31 15:09:02 2020
[runlim] status:		out of time
[runlim] result:		2
[runlim] children:		0
[runlim] real:			300.06 seconds
[runlim] time:			299.94 seconds
[runlim] space:			46.7 MB
[runlim] samples:		3000
