** CON **
c ApproxMC SHA revision efa1667e4e09b2d5f2c61042efe377ce3107fdd3
c ApproxMC version 4.0.1
c ApproxMC compilation env CMAKE_CXX_COMPILER = /usr/bin/c++ | CMAKE_CXX_FLAGS =  -Wall -Wextra -Wunused -Wsign-compare -fno-omit-frame-pointer -Wtype-limits -Wuninitialized -Wno-deprecated -Wstrict-aliasing -Wpointer-arith -fvisibility=hidden -Wpointer-arith -Wformat-nonliteral -Winit-self -Wparentheses -Wunreachable-code -g -fvisibility=hidden -Wlogical-op -Wrestrict -Wnull-dereference -Wdouble-promotion -Wshadow -Wformat=2 -Wextra-semi -pedantic | COMPILE_DEFINES =  -DBOOST_TEST_DYN_LINK | STATICCOMPILE = OFF | Boost_FOUND = TRUE | ZLIB_FOUND = TRUE | VALGRIND_FOUND =  | GMP_FOUND = TRUE | ENABLE_ASSERTIONS = ON | MY_TARGETS =  | compilation date time = Aug  8 2022 16:18:18
c ApproxMC compiled with gcc version 9.4.0
c CryptoMiniSat version 5.11.0
c CMS Copyright (C) 2009-2020 Authors of CryptoMiniSat, see AUTHORS file
c CMS SHA revision 716b89be078f98fb615cf30a1f663b4903c08d9d
c CMS is MIT licensed
c Using VMTF code by Armin Biere from CaDiCaL
c Using Yalsat by Armin Biere, see Balint et al. Improving implementation of SLS solvers [...], SAT'14
c Using WalkSAT by Henry Kautz, see Kautz and Selman Pushing the envelope: planning, propositional logic, and stochastic search, AAAI'96,
c Using code from 'When Boolean Satisfiability Meets Gauss-E. in a Simplex Way'
c       by C.-S. Han and J.-H. Roland Jiang in CAV 2012. Fixes by M. Soos
c Using CCAnr from 'CCAnr: A Conf. Checking Based Local Search Solver [...]'
c       by Shaowei Cai, Chuan Luo, and Kaile Su, SAT 2015
c CMS compilation env CMAKE_CXX_COMPILER = /usr/bin/c++ | CMAKE_CXX_FLAGS =  -fvisibility=hidden -Wall -Wextra -Wunused -Wsign-compare -fno-omit-frame-pointer -Wtype-limits -Wuninitialized -Wno-deprecated -Wstrict-aliasing -Wpointer-arith -Wpointer-arith -Wformat-nonliteral -Winit-self -Wparentheses -Wunreachable-code -g -Wno-class-memaccess -mpopcnt -msse4.2 -ggdb3 -Wlogical-op -Wrestrict -Wnull-dereference -Wdouble-promotion -Wshadow -Wformat=2 -Wextra-semi -pedantic | COMPILE_DEFINES =  -DRDB0_ONLY_FEATURES -DBOOST_TEST_DYN_LINK -DUSE_ZLIB -DYALSAT_FPU | STATICCOMPILE = OFF | ONLY_SIMPLE = OFF | Boost_FOUND = TRUE | STATS = OFF | SQLITE3_FOUND = FALSE | ZLIB_FOUND = TRUE | VALGRIND_FOUND =  | ENABLE_TESTING = OFF | M4RI_FOUND =  | NOM4RI = ON | SLOW_DEBUG = OFF | ENABLE_ASSERTIONS = ON | PYTHON_EXECUTABLE =  | PYTHON_LIBRARY =  | PYTHON_INCLUDE_DIRS =  | MY_TARGETS =  | LARGEMEM = OFF | LIMITMEM = OFF | BREAKID_LIBRARIES =  | BREAKID-VER = . | BOSPHORUS_LIBRARIES =  | BOSPH-VER = . | compilation date time = Aug  8 2022 16:16:45
c CMS compiled with gcc version 9.4.0
c executed with command line: approxmc -s 02 /experiments/results/hhk2008-2.c/02/counterSharp/con.dimacs
c Arjun SHA revision 416b100492d00bc51dbe98963e981906ddb47d83
c -- header says num vars:          97501
c -- header says num clauses:      480305
c WARNING: Empty line at line number 482326 -- this is not part of the DIMACS specifications (http://www.satcompetition.org/2009/format-benchmarks2009.html). Ignoring.
c -- clauses added: 480305
c -- xor clauses added: 0
c -- vars added 97501
c Original sampling vars: 2039 2040 2041 2042 2043 2044 2045 2046 2047 2048 2049 2050 2051 2052 2053 2054 2055 2056 2057 2058 2059 2060 2061 2062 2063 2064 2065 2066 2067 2068 2069 2070 2007 2008 2009 2010 2011 2012 2013 2014 2015 2016 2017 2018 2019 2020 2021 2022 2023 2024 2025 2026 2027 2028 2029 2030 2031 2032 2033 2034 2035 2036 2037 2038 
c [appmc] Orig sampling vars size: 64
c --> Executing OCC strategy token(s): 'occ-xor,'
c [occ] mem usage for occur     16 MB
c [occ] Linked in IRRED BIN by default: 126049
c [occ] Linked in RED   BIN by default: 0
c [occ] mem usage for occur      7 MB
c Mem for watch alloc      : 13          MB (23.63     %)
c Mem for watch array      : 6           MB (10.46     %)
c --> Executing OCC strategy token: occ-xor
c [occ-xor] sort occur list T: 0.01
c [xor-clean-equiv] removed equivalent xors: 0 left with: 31536
c [occ-xor] found  31536 avg sz 3.0 min sz  3 max sz  3 T: 0.06 T-out: N T-r: 99.51%
c [occ] mem usage for occur     16 MB
c [occ] Linked in IRRED BIN by default: 126049
c [occ] Linked in RED   BIN by default: 0
c [occ] mem usage for occur      7 MB
c Mem for watch alloc      : 13          MB (20.51     %)
c Mem for watch array      : 6           MB (9.07      %)
c [occ-gates] found:   31K avg-s: 2.0 T: 0.03 T-out: N T-r: 80.44%
c [occ] mem usage for occur     16 MB
c [occ] Linked in IRRED BIN by default: 126049
c [occ] Linked in RED   BIN by default: 0
c [occ] mem usage for occur      7 MB
c Mem for watch alloc      : 13          MB (19.91     %)
c Mem for watch array      : 6           MB (8.80      %)
c [arjun-simp] GATE-based Potential was: 0 Non-zero OCCs were: 0 removed: 0 perc: 0.00 T: 0.37
c [occ] mem usage for occur     16 MB
c [occ] Linked in IRRED BIN by default: 126049
c [occ] Linked in RED   BIN by default: 0
c [occ] mem usage for occur      7 MB
c Mem for watch alloc      : 13          MB (21.19     %)
c Mem for watch array      : 6           MB (9.37      %)
c [gate-definable] no-cls-match-filt: 0 pico ran: 62 unsat: 0 0-occ: 0 too-many-occ: 2 empty-res: 0
c [arjun-simp] IRREG-GATE-based removed: 0 perc: 0.00 T: 0.09
c [occ] mem usage for occur     16 MB
c [occ] Linked in IRRED BIN by default: 126049
c [occ] Linked in RED   BIN by default: 0
c [occ] mem usage for occur      7 MB
c Mem for watch alloc      : 13          MB (21.19     %)
c Mem for watch array      : 6           MB (9.37      %)
c [cms-equiv-sub] equiv_subformula: 0 empty_occ: 0 T: 0.00
c [arjun-simp] equiv-subform removed: 0 perc: 0.00 total equiv_subform now: 0 T: 0.06
c [arjun-simp] CMS::simplify() with no BVE, intree probe...
c [arjun-simp] CMS::simplify() with no BVE finished. T: 1.29
c [arjun-simp] Removed eq lits: 0 new size: 64
c [arjun-simp] Removed set       : 32 new size: 32
c [arjun] CNF is UNSAT, setting sampling set to empty
c [arjun] get_indep_set finished T: 3.62
c ind 0
c [arjun] final set size:            0 percent of original: 0.0000 %
c [arjun] of which empty occs:       0 percent of original: 0.0000 %
c [appmc+arjun] Total time: 3.8461
c [appmc] Number of solutions is: 0*2**0
s UNSATISFIABLE
s mc 0
** AMM **
c ApproxMC SHA revision efa1667e4e09b2d5f2c61042efe377ce3107fdd3
c ApproxMC version 4.0.1
c ApproxMC compilation env CMAKE_CXX_COMPILER = /usr/bin/c++ | CMAKE_CXX_FLAGS =  -Wall -Wextra -Wunused -Wsign-compare -fno-omit-frame-pointer -Wtype-limits -Wuninitialized -Wno-deprecated -Wstrict-aliasing -Wpointer-arith -fvisibility=hidden -Wpointer-arith -Wformat-nonliteral -Winit-self -Wparentheses -Wunreachable-code -g -fvisibility=hidden -Wlogical-op -Wrestrict -Wnull-dereference -Wdouble-promotion -Wshadow -Wformat=2 -Wextra-semi -pedantic | COMPILE_DEFINES =  -DBOOST_TEST_DYN_LINK | STATICCOMPILE = OFF | Boost_FOUND = TRUE | ZLIB_FOUND = TRUE | VALGRIND_FOUND =  | GMP_FOUND = TRUE | ENABLE_ASSERTIONS = ON | MY_TARGETS =  | compilation date time = Aug  8 2022 16:18:18
c ApproxMC compiled with gcc version 9.4.0
c CryptoMiniSat version 5.11.0
c CMS Copyright (C) 2009-2020 Authors of CryptoMiniSat, see AUTHORS file
c CMS SHA revision 716b89be078f98fb615cf30a1f663b4903c08d9d
c CMS is MIT licensed
c Using VMTF code by Armin Biere from CaDiCaL
c Using Yalsat by Armin Biere, see Balint et al. Improving implementation of SLS solvers [...], SAT'14
c Using WalkSAT by Henry Kautz, see Kautz and Selman Pushing the envelope: planning, propositional logic, and stochastic search, AAAI'96,
c Using code from 'When Boolean Satisfiability Meets Gauss-E. in a Simplex Way'
c       by C.-S. Han and J.-H. Roland Jiang in CAV 2012. Fixes by M. Soos
c Using CCAnr from 'CCAnr: A Conf. Checking Based Local Search Solver [...]'
c       by Shaowei Cai, Chuan Luo, and Kaile Su, SAT 2015
c CMS compilation env CMAKE_CXX_COMPILER = /usr/bin/c++ | CMAKE_CXX_FLAGS =  -fvisibility=hidden -Wall -Wextra -Wunused -Wsign-compare -fno-omit-frame-pointer -Wtype-limits -Wuninitialized -Wno-deprecated -Wstrict-aliasing -Wpointer-arith -Wpointer-arith -Wformat-nonliteral -Winit-self -Wparentheses -Wunreachable-code -g -Wno-class-memaccess -mpopcnt -msse4.2 -ggdb3 -Wlogical-op -Wrestrict -Wnull-dereference -Wdouble-promotion -Wshadow -Wformat=2 -Wextra-semi -pedantic | COMPILE_DEFINES =  -DRDB0_ONLY_FEATURES -DBOOST_TEST_DYN_LINK -DUSE_ZLIB -DYALSAT_FPU | STATICCOMPILE = OFF | ONLY_SIMPLE = OFF | Boost_FOUND = TRUE | STATS = OFF | SQLITE3_FOUND = FALSE | ZLIB_FOUND = TRUE | VALGRIND_FOUND =  | ENABLE_TESTING = OFF | M4RI_FOUND =  | NOM4RI = ON | SLOW_DEBUG = OFF | ENABLE_ASSERTIONS = ON | PYTHON_EXECUTABLE =  | PYTHON_LIBRARY =  | PYTHON_INCLUDE_DIRS =  | MY_TARGETS =  | LARGEMEM = OFF | LIMITMEM = OFF | BREAKID_LIBRARIES =  | BREAKID-VER = . | BOSPHORUS_LIBRARIES =  | BOSPH-VER = . | compilation date time = Aug  8 2022 16:16:45
c CMS compiled with gcc version 9.4.0
c executed with command line: approxmc -s 02 /experiments/results/hhk2008-2.c/02/counterSharp/amm.dimacs
c Arjun SHA revision 416b100492d00bc51dbe98963e981906ddb47d83
c -- header says num vars:          96594
c -- header says num clauses:      477145
c WARNING: Empty line at line number 479168 -- this is not part of the DIMACS specifications (http://www.satcompetition.org/2009/format-benchmarks2009.html). Ignoring.
c -- clauses added: 477145
c -- xor clauses added: 0
c -- vars added 96594
c Original sampling vars: 1037 1038 1039 1040 1041 1042 1043 1044 1045 1046 1047 1048 1049 1050 1051 1052 1053 1054 1055 1056 1057 1058 1059 1060 1061 1062 1063 1064 1065 1066 1067 1068 1005 1006 1007 1008 1009 1010 1011 1012 1013 1014 1015 1016 1017 1018 1019 1020 1021 1022 1023 1024 1025 1026 1027 1028 1029 1030 1031 1032 1033 1034 1035 1036 
c [appmc] Orig sampling vars size: 64
c --> Executing OCC strategy token(s): 'occ-xor,'
c [occ] mem usage for occur     19 MB
c [occ] Linked in IRRED BIN by default: 95680
c [occ] Linked in RED   BIN by default: 0
c [occ] mem usage for occur      7 MB
c Mem for watch alloc      : 12          MB (22.24     %)
c Mem for watch array      : 6           MB (10.87     %)
c --> Executing OCC strategy token: occ-xor
c [occ-xor] sort occur list T: 0.01
c [xor-clean-equiv] removed equivalent xors: 0 left with: 31570
c [occ-xor] found  31570 avg sz 3.0 min sz  3 max sz  3 T: 0.08 T-out: N T-r: 99.32%
c [occ] mem usage for occur     19 MB
c [occ] Linked in IRRED BIN by default: 95680
c [occ] Linked in RED   BIN by default: 0
c [occ] mem usage for occur      7 MB
c Mem for watch alloc      : 12          MB (19.12     %)
c Mem for watch array      : 6           MB (9.35      %)
c [occ-gates] found:   31K avg-s: 2.0 T: 0.03 T-out: N T-r: 78.37%
c [occ] mem usage for occur     19 MB
c [occ] Linked in IRRED BIN by default: 95680
c [occ] Linked in RED   BIN by default: 0
c [occ] mem usage for occur      7 MB
c Mem for watch alloc      : 12          MB (18.55     %)
c Mem for watch array      : 6           MB (9.06      %)
c [arjun-simp] GATE-based Potential was: 0 Non-zero OCCs were: 0 removed: 0 perc: 0.00 T: 0.49
c [occ] mem usage for occur     19 MB
c [occ] Linked in IRRED BIN by default: 95680
c [occ] Linked in RED   BIN by default: 0
c [occ] mem usage for occur      7 MB
c Mem for watch alloc      : 12          MB (19.78     %)
c Mem for watch array      : 6           MB (9.66      %)
c [gate-definable] no-cls-match-filt: 62 pico ran: 0 unsat: 0 0-occ: 0 too-many-occ: 2 empty-res: 0
c [arjun-simp] IRREG-GATE-based removed: 0 perc: 0.00 T: 0.09
c [occ] mem usage for occur     19 MB
c [occ] Linked in IRRED BIN by default: 95680
c [occ] Linked in RED   BIN by default: 0
c [occ] mem usage for occur      7 MB
c Mem for watch alloc      : 12          MB (19.78     %)
c Mem for watch array      : 6           MB (9.66      %)
c [cms-equiv-sub] equiv_subformula: 0 empty_occ: 0 T: 0.00
c [arjun-simp] equiv-subform removed: 0 perc: 0.00 total equiv_subform now: 0 T: 0.08
c [arjun-simp] CMS::simplify() with no BVE, intree probe...
c [arjun-simp] CMS::simplify() with no BVE finished. T: 1.61
c [arjun-simp] Removed eq lits: 0 new size: 64
c [arjun-simp] Removed set       : 0 new size: 64
c [arjun-simp] Removed set       : 0 new size: 64
c [arjun-simp] Removed eq lits: 0 new size: 64
c [arjun-simp] probe removed: 0 perc: 0.00 T: 0.18
c [occ] mem usage for occur     18 MB
c [occ] Linked in IRRED BIN by default: 109574
c [occ] Linked in RED   BIN by default: 5
c [occ] mem usage for occur      7 MB
c Mem for watch alloc      : 16          MB (20.75     %)
c Mem for watch array      : 4           MB (5.63      %)
c [cms-equiv-sub] equiv_subformula: 0 empty_occ: 0 T: 0.00
c [arjun-simp] equiv-subform removed: 0 perc: 0.00 total equiv_subform now: 0 T: 0.53
c [arjun-simp] IRREG-GATE-based removed: 0 perc: 0.00 T: 0.56
c [arjun] simplification finished  removed: 0 perc: 0.00 T: 3.89
c [arjun] Duplicating CNF...
c [arjun] Duplicated CNF. T: 0.48
c [arjun] CMS::simplify() with *only* BVE...
c [arjun] CMS::simplify() with *only* BVE finished. T: 20.85
c [arjun] Adding fixed clauses time: 0.01
c [arjun] Start unknown size: 64
c [arjun] backward round finished T: 0.01
c [arjun] get_indep_set finished T: 25.26
c ind 96529 96528 96527 96526 96525 96524 96523 96522 96521 96520 96519 96518 96517 96516 96515 96514 96513 96512 96511 96510 96509 96508 96507 96506 96505 96504 96503 96502 96501 96561 96560 96559 96558 96557 96556 96555 96554 96553 96552 96551 96550 96549 96548 96547 96546 96545 96544 96543 96542 96541 96540 96539 96538 96537 96536 96535 96534 96533 96530 96562 96500 96468 96467 96499 0
c [arjun] final set size:           64 percent of original: 100.0000 %
c [arjun] of which empty occs:       0 percent of original: 0.0000 %
c [appmc] Sampling set size: 64
c [appmc] Sampling set: 96467, 96468, 96499, 96500, 96501, 96502, 96503, 96504, 96505, 96506, 96507, 96508, 96509, 96510, 96511, 96512, 96513, 96514, 96515, 96516, 96517, 96518, 96519, 96520, 96521, 96522, 96523, 96524, 96525, 96526, 96527, 96528, 96529, 96530, 96533, 96534, 96535, 96536, 96537, 96538, 96539, 96540, 96541, 96542, 96543, 96544, 96545, 96546, 96547, 96548, 96549, 96550, 96551, 96552, 96553, 96554, 96555, 96556, 96557, 96558, 96559, 96560, 96561, 96562, 
c [appmc] threshold set to 72 sparse: 0
c [appmc] Starting up, initial measurement
c [appmc] Checking if there are at least threshold+1 solutions...
c [appmc] simplifying
c [appmc] [    3.87 ] bounded_sol_count looking for   73 solutions -- hashes active: 0
c [appmc] repeat solutions:      0 checked:      0 out of:      0
c [appmc] Starting at hash count: 1
c [appmc] [    3.90 ] round:  0 hashes:      1
c [appmc] [    3.90 ] bounded_sol_count looking for   73 solutions -- hashes active: 1
c [appmc] repeat solutions:     28 checked:     73 out of:     73
c [appmc] [    3.94 ] round:  0 hashes:      2
c [appmc] [    3.94 ] bounded_sol_count looking for   73 solutions -- hashes active: 2
c [appmc] repeat solutions:     47 checked:    118 out of:    118
c [appmc] [    3.96 ] round:  0 hashes:      4
c [appmc] [    3.96 ] bounded_sol_count looking for   73 solutions -- hashes active: 4
c [appmc] repeat solutions:     17 checked:    144 out of:    144
c [appmc] [    4.00 ] round:  0 hashes:      8
c [appmc] [    4.00 ] bounded_sol_count looking for   73 solutions -- hashes active: 8
c [appmc] repeat solutions:      5 checked:    200 out of:    200
c [appmc] [    4.05 ] round:  0 hashes:     16
c [appmc] [    4.05 ] bounded_sol_count looking for   73 solutions -- hashes active: 16
c [appmc] repeat solutions:      0 checked:    268 out of:    268
c [appmc] [    4.10 ] round:  0 hashes:     32
c [appmc] [    4.10 ] bounded_sol_count looking for   73 solutions -- hashes active: 32
c [appmc] repeat solutions:      0 checked:    341 out of:    341
c [appmc] [    4.17 ] round:  0 hashes:     48
c [appmc] [    4.17 ] bounded_sol_count looking for   73 solutions -- hashes active: 48
c [appmc] repeat solutions:      0 checked:    414 out of:    414
c [appmc] [    4.22 ] round:  0 hashes:     56
c [appmc] [    4.22 ] bounded_sol_count looking for   73 solutions -- hashes active: 56
c [appmc] repeat solutions:      0 checked:    487 out of:    487
c [appmc] [    4.28 ] round:  0 hashes:     60
c [appmc] [    4.28 ] bounded_sol_count looking for   73 solutions -- hashes active: 60
c [appmc] repeat solutions:      4 checked:    560 out of:    560
c [appmc] [    4.30 ] round:  0 hashes:     58
c [appmc] [    4.30 ] bounded_sol_count looking for   73 solutions -- hashes active: 58
c [appmc] repeat solutions:     30 checked:    560 out of:    572
c [appmc] [    4.33 ] round:  0 hashes:     57
c [appmc] [    4.33 ] bounded_sol_count looking for   73 solutions -- hashes active: 57
c [appmc] repeat solutions:     83 checked:    560 out of:    606
c [appmc] simplifying
c [appmc] [    4.38 ] round:  1 hashes:     58
c [appmc] [    4.38 ] bounded_sol_count looking for   73 solutions -- hashes active: 58
c [appmc] repeat solutions:      0 checked:     73 out of:     73
c [appmc] [    4.43 ] round:  1 hashes:     57
c [appmc] [    4.43 ] bounded_sol_count looking for   73 solutions -- hashes active: 57
c [appmc] repeat solutions:     64 checked:     73 out of:    137
c [appmc] simplifying
c [appmc] [    4.48 ] round:  2 hashes:     58
c [appmc] [    4.49 ] bounded_sol_count looking for   73 solutions -- hashes active: 58
c [appmc] repeat solutions:      0 checked:     73 out of:     73
c [appmc] [    4.55 ] round:  2 hashes:     57
c [appmc] [    4.55 ] bounded_sol_count looking for   73 solutions -- hashes active: 57
c [appmc] repeat solutions:     64 checked:     73 out of:    137
c [appmc] simplifying
c [appmc] [    4.60 ] round:  3 hashes:     58
c [appmc] [    4.60 ] bounded_sol_count looking for   73 solutions -- hashes active: 58
c [appmc] repeat solutions:      0 checked:     73 out of:     73
c [appmc] [    4.67 ] round:  3 hashes:     57
c [appmc] [    4.67 ] bounded_sol_count looking for   73 solutions -- hashes active: 57
c [appmc] repeat solutions:     64 checked:     73 out of:    137
c [appmc] simplifying
c [appmc] [    4.73 ] round:  4 hashes:     58
c [appmc] [    4.73 ] bounded_sol_count looking for   73 solutions -- hashes active: 58
c [appmc] repeat solutions:      0 checked:     73 out of:     73
c [appmc] [    4.79 ] round:  4 hashes:     57
c [appmc] [    4.79 ] bounded_sol_count looking for   73 solutions -- hashes active: 57
c [appmc] repeat solutions:     64 checked:     73 out of:    137
c [appmc] simplifying
c [appmc] [    4.85 ] round:  5 hashes:     58
c [appmc] [    4.85 ] bounded_sol_count looking for   73 solutions -- hashes active: 58
c [appmc] repeat solutions:      0 checked:     73 out of:     73
c [appmc] [    4.92 ] round:  5 hashes:     57
c [appmc] [    4.92 ] bounded_sol_count looking for   73 solutions -- hashes active: 57
c [appmc] repeat solutions:     64 checked:     73 out of:    137
c [appmc] simplifying
c [appmc] [    4.97 ] round:  6 hashes:     58
c [appmc] [    4.97 ] bounded_sol_count looking for   73 solutions -- hashes active: 58
c [appmc] repeat solutions:      0 checked:     73 out of:     73
c [appmc] [    5.04 ] round:  6 hashes:     57
c [appmc] [    5.04 ] bounded_sol_count looking for   73 solutions -- hashes active: 57
c [appmc] repeat solutions:     64 checked:     73 out of:    137
c [appmc] simplifying
c [appmc] [    5.09 ] round:  7 hashes:     58
c [appmc] [    5.09 ] bounded_sol_count looking for   73 solutions -- hashes active: 58
c [appmc] repeat solutions:      0 checked:     73 out of:     73
c [appmc] [    5.15 ] round:  7 hashes:     57
c [appmc] [    5.15 ] bounded_sol_count looking for   73 solutions -- hashes active: 57
c [appmc] repeat solutions:     64 checked:     73 out of:    137
c [appmc] simplifying
c [appmc] [    5.20 ] round:  8 hashes:     58
c [appmc] [    5.20 ] bounded_sol_count looking for   73 solutions -- hashes active: 58
c [appmc] repeat solutions:      0 checked:     73 out of:     73
c [appmc] [    5.27 ] round:  8 hashes:     57
c [appmc] [    5.27 ] bounded_sol_count looking for   73 solutions -- hashes active: 57
c [appmc] repeat solutions:     64 checked:     73 out of:    137
c [appmc] ApproxMC T: 5.28 s
c ------- FINAL TOTAL SEARCH STATS ---------
c UIP search time          : 0.20        (0.64      % time)
c restarts                 : 1200        (0.91      confls per restart)
c blocked restarts         : 0           (0.00      per normal restart)
c time                     : 0.20        
c decisions                : 749550      (0.00      % random)
c propagations             : 885K        (4489K     props/s)
c decisions/conflicts      : 685.77      
c conflicts                : 1093        
c conf lits non-minim      : 88585       (81.05     lit/confl)
c conf lits final          : 62.37       
c red which0               : 0           (0.00      % of confl)
c props/decision           : 0.00        
c props/conflict           : 0.00        
c 0-depth assigns          : 1036        (107.92    % vars)
c 0-depth assigns by CNF   : 1036        (107.92    % vars)
c reduceDB time            : 0.00        (0.00      % time)
c OccSimplifier time       : 8.72        (28.19     % time)
c [occur] 0.14 is overhead
c [occur] link-in T: 0.14 cleanup T: 0.00
c [occ-substr] long subBySub: 38511 subByStr: 26739 lits-rem-str: 25641 T: 8.55
c SCC time                 : 0.04        (0.12      % time)
c [scc] new: 1629 BP 0M  T: 0.04
c vrep replace time        : 0.04        (0.14      % time)
c vrep tree roots          : 568         
c vrep trees' crown        : 1629        (2.87      leafs/tree)
c distill long time        : 0.00        (0.00      % time)
c distill bin time         : 0.00        (0.00      % time)
c strength cache-irred time: 0.00        (0.00      % time)
c strength cache-red time  : 0.00        (0.00      % time)
c avg cls in red 0         : 0.00        
c avg cls in red 1         : 0.00        
c avg cls in red 2         : 107.88      
c Conflicts in UIP         : 1093        (35.33     confl/time_this_thread)
c Max Memory (rss) used    : 206556 kB   
c Total time (this thread) : 30.94       
c [appmc+arjun] Total time: 30.94
c [appmc] Number of solutions is: 64*2**58
s SATISFIABLE
s mc 18446744073709551616
** AMH **
c ApproxMC SHA revision efa1667e4e09b2d5f2c61042efe377ce3107fdd3
c ApproxMC version 4.0.1
c ApproxMC compilation env CMAKE_CXX_COMPILER = /usr/bin/c++ | CMAKE_CXX_FLAGS =  -Wall -Wextra -Wunused -Wsign-compare -fno-omit-frame-pointer -Wtype-limits -Wuninitialized -Wno-deprecated -Wstrict-aliasing -Wpointer-arith -fvisibility=hidden -Wpointer-arith -Wformat-nonliteral -Winit-self -Wparentheses -Wunreachable-code -g -fvisibility=hidden -Wlogical-op -Wrestrict -Wnull-dereference -Wdouble-promotion -Wshadow -Wformat=2 -Wextra-semi -pedantic | COMPILE_DEFINES =  -DBOOST_TEST_DYN_LINK | STATICCOMPILE = OFF | Boost_FOUND = TRUE | ZLIB_FOUND = TRUE | VALGRIND_FOUND =  | GMP_FOUND = TRUE | ENABLE_ASSERTIONS = ON | MY_TARGETS =  | compilation date time = Aug  8 2022 16:18:18
c ApproxMC compiled with gcc version 9.4.0
c CryptoMiniSat version 5.11.0
c CMS Copyright (C) 2009-2020 Authors of CryptoMiniSat, see AUTHORS file
c CMS SHA revision 716b89be078f98fb615cf30a1f663b4903c08d9d
c CMS is MIT licensed
c Using VMTF code by Armin Biere from CaDiCaL
c Using Yalsat by Armin Biere, see Balint et al. Improving implementation of SLS solvers [...], SAT'14
c Using WalkSAT by Henry Kautz, see Kautz and Selman Pushing the envelope: planning, propositional logic, and stochastic search, AAAI'96,
c Using code from 'When Boolean Satisfiability Meets Gauss-E. in a Simplex Way'
c       by C.-S. Han and J.-H. Roland Jiang in CAV 2012. Fixes by M. Soos
c Using CCAnr from 'CCAnr: A Conf. Checking Based Local Search Solver [...]'
c       by Shaowei Cai, Chuan Luo, and Kaile Su, SAT 2015
c CMS compilation env CMAKE_CXX_COMPILER = /usr/bin/c++ | CMAKE_CXX_FLAGS =  -fvisibility=hidden -Wall -Wextra -Wunused -Wsign-compare -fno-omit-frame-pointer -Wtype-limits -Wuninitialized -Wno-deprecated -Wstrict-aliasing -Wpointer-arith -Wpointer-arith -Wformat-nonliteral -Winit-self -Wparentheses -Wunreachable-code -g -Wno-class-memaccess -mpopcnt -msse4.2 -ggdb3 -Wlogical-op -Wrestrict -Wnull-dereference -Wdouble-promotion -Wshadow -Wformat=2 -Wextra-semi -pedantic | COMPILE_DEFINES =  -DRDB0_ONLY_FEATURES -DBOOST_TEST_DYN_LINK -DUSE_ZLIB -DYALSAT_FPU | STATICCOMPILE = OFF | ONLY_SIMPLE = OFF | Boost_FOUND = TRUE | STATS = OFF | SQLITE3_FOUND = FALSE | ZLIB_FOUND = TRUE | VALGRIND_FOUND =  | ENABLE_TESTING = OFF | M4RI_FOUND =  | NOM4RI = ON | SLOW_DEBUG = OFF | ENABLE_ASSERTIONS = ON | PYTHON_EXECUTABLE =  | PYTHON_LIBRARY =  | PYTHON_INCLUDE_DIRS =  | MY_TARGETS =  | LARGEMEM = OFF | LIMITMEM = OFF | BREAKID_LIBRARIES =  | BREAKID-VER = . | BOSPHORUS_LIBRARIES =  | BOSPH-VER = . | compilation date time = Aug  8 2022 16:16:45
c CMS compiled with gcc version 9.4.0
c executed with command line: approxmc -s 02 /experiments/results/hhk2008-2.c/02/counterSharp/amh.dimacs
c Arjun SHA revision 416b100492d00bc51dbe98963e981906ddb47d83
c -- header says num vars:          96594
c -- header says num clauses:      477145
c WARNING: Empty line at line number 479168 -- this is not part of the DIMACS specifications (http://www.satcompetition.org/2009/format-benchmarks2009.html). Ignoring.
c -- clauses added: 477145
c -- xor clauses added: 0
c -- vars added 96594
c Original sampling vars: 1037 1038 1039 1040 1041 1042 1043 1044 1045 1046 1047 1048 1049 1050 1051 1052 1053 1054 1055 1056 1057 1058 1059 1060 1061 1062 1063 1064 1065 1066 1067 1068 1005 1006 1007 1008 1009 1010 1011 1012 1013 1014 1015 1016 1017 1018 1019 1020 1021 1022 1023 1024 1025 1026 1027 1028 1029 1030 1031 1032 1033 1034 1035 1036 
c [appmc] Orig sampling vars size: 64
c --> Executing OCC strategy token(s): 'occ-xor,'
c [occ] mem usage for occur     21 MB
c [occ] Linked in IRRED BIN by default: 220867
c [occ] Linked in RED   BIN by default: 0
c [occ] mem usage for occur      7 MB
c Mem for watch alloc      : 13          MB (24.01     %)
c Mem for watch array      : 6           MB (10.65     %)
c --> Executing OCC strategy token: occ-xor
c [occ-xor] sort occur list T: 0.02
c [xor-clean-equiv] removed equivalent xors: 0 left with: 31568
c [occ-xor] found  31568 avg sz 3.0 min sz  3 max sz  3 T: 0.08 T-out: N T-r: 99.31%
c [occ] mem usage for occur     21 MB
c [occ] Linked in IRRED BIN by default: 220867
c [occ] Linked in RED   BIN by default: 0
c [occ] mem usage for occur      7 MB
c Mem for watch alloc      : 13          MB (20.69     %)
c Mem for watch array      : 6           MB (9.18      %)
c [occ-gates] found:   31K avg-s: 2.0 T: 0.03 T-out: N T-r: 68.33%
c [occ] mem usage for occur     21 MB
c [occ] Linked in IRRED BIN by default: 220867
c [occ] Linked in RED   BIN by default: 0
c [occ] mem usage for occur      7 MB
c Mem for watch alloc      : 13          MB (20.08     %)
c Mem for watch array      : 6           MB (8.90      %)
c [arjun-simp] GATE-based Potential was: 0 Non-zero OCCs were: 0 removed: 0 perc: 0.00 T: 0.46
c [occ] mem usage for occur     21 MB
c [occ] Linked in IRRED BIN by default: 220867
c [occ] Linked in RED   BIN by default: 0
c [occ] mem usage for occur      7 MB
c Mem for watch alloc      : 13          MB (21.38     %)
c Mem for watch array      : 6           MB (9.48      %)
c [gate-definable] no-cls-match-filt: 0 pico ran: 62 unsat: 0 0-occ: 0 too-many-occ: 2 empty-res: 0
c [arjun-simp] IRREG-GATE-based removed: 0 perc: 0.00 T: 0.11
c [occ] mem usage for occur     21 MB
c [occ] Linked in IRRED BIN by default: 220867
c [occ] Linked in RED   BIN by default: 0
c [occ] mem usage for occur      7 MB
c Mem for watch alloc      : 13          MB (21.38     %)
c Mem for watch array      : 6           MB (9.48      %)
c [cms-equiv-sub] equiv_subformula: 0 empty_occ: 0 T: 0.00
c [arjun-simp] equiv-subform removed: 0 perc: 0.00 total equiv_subform now: 0 T: 0.10
c [arjun-simp] CMS::simplify() with no BVE, intree probe...
c [arjun-simp] CMS::simplify() with no BVE finished. T: 1.69
c [arjun-simp] Removed eq lits: 0 new size: 64
c [arjun-simp] Removed set       : 0 new size: 64
c [arjun-simp] Removed set       : 0 new size: 64
c [arjun-simp] Removed eq lits: 0 new size: 64
c [arjun-simp] probe removed: 0 perc: 0.00 T: 0.18
c [occ] mem usage for occur     20 MB
c [occ] Linked in IRRED BIN by default: 223617
c [occ] Linked in RED   BIN by default: 0
c [occ] mem usage for occur      7 MB
c Mem for watch alloc      : 20          MB (24.78     %)
c Mem for watch array      : 4           MB (5.39      %)
c [cms-equiv-sub] equiv_subformula: 0 empty_occ: 0 T: 0.00
c [arjun-simp] equiv-subform removed: 2 perc: 3.12 total equiv_subform now: 0 T: 0.40
c [arjun-simp] IRREG-GATE-based removed: 0 perc: 0.00 T: 0.45
c [arjun] simplification finished  removed: 2 perc: 3.12 T: 3.64
c [arjun] Duplicating CNF...
c [arjun] Duplicated CNF. T: 0.40
c [arjun] CMS::simplify() with *only* BVE...
c [arjun] CMS::simplify() with *only* BVE finished. T: 16.62
c [arjun] Adding fixed clauses time: 0.00
c [arjun] Start unknown size: 62
c [arjun] backward round finished T: 0.73
c [arjun] get_indep_set finished T: 21.40
c ind 96501 96507 96506 96505 96504 96503 96502 96534 96533 96539 96538 96537 96536 96535 96529 96561 96500 96468 96467 96499 0
c [arjun] final set size:           20 percent of original: 31.2500 %
c [arjun] of which empty occs:       0 percent of original: 0.0000 %
c [appmc] Sampling set size: 20
c [appmc] Sampling set: 96467, 96468, 96499, 96500, 96501, 96502, 96503, 96504, 96505, 96506, 96507, 96529, 96533, 96534, 96535, 96536, 96537, 96538, 96539, 96561, 
c [appmc] threshold set to 72 sparse: 0
c [appmc] Starting up, initial measurement
c [appmc] Checking if there are at least threshold+1 solutions...
c [appmc] simplifying
c [appmc] [    9.61 ] bounded_sol_count looking for   73 solutions -- hashes active: 0
c [appmc] repeat solutions:      0 checked:      0 out of:      0
c [appmc] Starting at hash count: 1
c [appmc] [   11.29 ] round:  0 hashes:      1
c [appmc] [   11.29 ] bounded_sol_count looking for   73 solutions -- hashes active: 1
c [appmc] repeat solutions:     37 checked:     73 out of:     73
c [appmc] [   12.18 ] round:  0 hashes:      2
c [appmc] [   12.18 ] bounded_sol_count looking for   73 solutions -- hashes active: 2
c [appmc] repeat solutions:     36 checked:    109 out of:    109
c [appmc] [   13.06 ] round:  0 hashes:      4
c [appmc] [   13.06 ] bounded_sol_count looking for   73 solutions -- hashes active: 4
c [appmc] repeat solutions:     19 checked:    146 out of:    146
c [appmc] [   14.30 ] round:  0 hashes:      8
c [appmc] [   14.30 ] bounded_sol_count looking for   73 solutions -- hashes active: 8
c [appmc] repeat solutions:      6 checked:    200 out of:    200
c [appmc] [   15.79 ] round:  0 hashes:     16
c [appmc] [   15.79 ] bounded_sol_count looking for   73 solutions -- hashes active: 16
c [appmc] repeat solutions:      1 checked:    267 out of:    267
c [appmc] [   16.11 ] round:  0 hashes:     12
c [appmc] [   16.11 ] bounded_sol_count looking for   73 solutions -- hashes active: 12
c [appmc] repeat solutions:     19 checked:    267 out of:    280
c [appmc] [   17.12 ] round:  0 hashes:     14
c [appmc] [   17.12 ] bounded_sol_count looking for   73 solutions -- hashes active: 14
c [appmc] repeat solutions:     21 checked:    321 out of:    334
c [appmc] [   17.89 ] round:  0 hashes:     13
c [appmc] [   17.89 ] bounded_sol_count looking for   73 solutions -- hashes active: 13
c [appmc] repeat solutions:     77 checked:    321 out of:    373
c [appmc] simplifying
c [appmc] [   21.40 ] round:  1 hashes:     14
c [appmc] [   21.40 ] bounded_sol_count looking for   73 solutions -- hashes active: 14
c [appmc] repeat solutions:      0 checked:     73 out of:     73
c [appmc] [   22.80 ] round:  1 hashes:     13
c [appmc] [   22.80 ] bounded_sol_count looking for   73 solutions -- hashes active: 13
c [appmc] repeat solutions:     62 checked:     73 out of:    135
c [appmc] simplifying
c [appmc] [   26.78 ] round:  2 hashes:     14
c [appmc] [   26.78 ] bounded_sol_count looking for   73 solutions -- hashes active: 14
c [appmc] repeat solutions:      0 checked:     73 out of:     73
c [appmc] [   28.24 ] round:  2 hashes:     13
c [appmc] [   28.24 ] bounded_sol_count looking for   73 solutions -- hashes active: 13
c [appmc] repeat solutions:     62 checked:     73 out of:    135
c [appmc] simplifying
c [appmc] [   32.06 ] round:  3 hashes:     14
c [appmc] [   32.06 ] bounded_sol_count looking for   73 solutions -- hashes active: 14
c [appmc] repeat solutions:      0 checked:     73 out of:     73
c [appmc] [   33.24 ] round:  3 hashes:     13
c [appmc] [   33.24 ] bounded_sol_count looking for   73 solutions -- hashes active: 13
c [appmc] repeat solutions:     61 checked:     73 out of:    134
c [appmc] simplifying
c [appmc] [   37.02 ] round:  4 hashes:     14
c [appmc] [   37.02 ] bounded_sol_count looking for   73 solutions -- hashes active: 14
c [appmc] repeat solutions:      0 checked:     73 out of:     73
c [appmc] [   38.18 ] round:  4 hashes:     13
c [appmc] [   38.18 ] bounded_sol_count looking for   73 solutions -- hashes active: 13
c [appmc] repeat solutions:     62 checked:     73 out of:    135
c [appmc] simplifying
c [appmc] [   42.02 ] round:  5 hashes:     14
c [appmc] [   42.02 ] bounded_sol_count looking for   73 solutions -- hashes active: 14
c [appmc] repeat solutions:      0 checked:     73 out of:     73
c [appmc] [   43.31 ] round:  5 hashes:     13
c [appmc] [   43.31 ] bounded_sol_count looking for   73 solutions -- hashes active: 13
c [appmc] repeat solutions:     62 checked:     73 out of:    135
c [appmc] simplifying
c [appmc] [   47.16 ] round:  6 hashes:     14
c [appmc] [   47.16 ] bounded_sol_count looking for   73 solutions -- hashes active: 14
c [appmc] repeat solutions:      0 checked:     73 out of:     73
c [appmc] [   48.35 ] round:  6 hashes:     13
c [appmc] [   48.35 ] bounded_sol_count looking for   73 solutions -- hashes active: 13
c [appmc] repeat solutions:     62 checked:     73 out of:    135
c [appmc] simplifying
c [appmc] [   52.15 ] round:  7 hashes:     14
c [appmc] [   52.15 ] bounded_sol_count looking for   73 solutions -- hashes active: 14
c [appmc] repeat solutions:      0 checked:     73 out of:     73
c [appmc] [   53.32 ] round:  7 hashes:     13
c [appmc] [   53.32 ] bounded_sol_count looking for   73 solutions -- hashes active: 13
c [appmc] repeat solutions:     60 checked:     73 out of:    133
c [appmc] simplifying
c [appmc] [   57.16 ] round:  8 hashes:     14
c [appmc] [   57.16 ] bounded_sol_count looking for   73 solutions -- hashes active: 14
c [appmc] repeat solutions:      0 checked:     73 out of:     73
c [appmc] [   58.47 ] round:  8 hashes:     13
c [appmc] [   58.47 ] bounded_sol_count looking for   73 solutions -- hashes active: 13
c [appmc] repeat solutions:     62 checked:     73 out of:    135
c [appmc] ApproxMC T: 58.69 s
c ------- FINAL TOTAL SEARCH STATS ---------
c UIP search time          : 17.72       (21.96     % time)
c restarts                 : 967         (1.19      confls per restart)
c blocked restarts         : 0           (0.00      per normal restart)
c time                     : 17.72       
c decisions                : 48903       (0.00      % random)
c propagations             : 23M         (1345K     props/s)
c decisions/conflicts      : 42.38       
c conflicts                : 1154        
c conf lits non-minim      : 30750       (26.65     lit/confl)
c conf lits final          : 18.96       
c red which0               : 3           (0.26      % of confl)
c props/decision           : 0.00        
c props/conflict           : 0.00        
c 0-depth assigns          : 540         (2.16      % vars)
c 0-depth assigns by CNF   : 540         (2.16      % vars)
c reduceDB time            : 0.00        (0.00      % time)
c OccSimplifier time       : 40.12       (49.72     % time)
c [occur] 1.84 is overhead
c [occur] link-in T: 1.05 cleanup T: 0.79
c [occ-substr] long subBySub: 53199 subByStr: 21906 lits-rem-str: 262503 T: 35.95
c SCC time                 : 0.26        (0.33      % time)
c [scc] new: 1637 BP 3M  T: 0.26
c vrep replace time        : 0.04        (0.05      % time)
c vrep tree roots          : 566         
c vrep trees' crown        : 1637        (2.89      leafs/tree)
c distill long time        : 0.00        (0.00      % time)
c distill bin time         : 0.00        (0.00      % time)
c strength cache-irred time: 0.00        (0.00      % time)
c strength cache-red time  : 0.00        (0.00      % time)
c avg cls in red 0         : 3.57        
c avg cls in red 1         : 41355.39    
c avg cls in red 2         : 117.50      
c Conflicts in UIP         : 1154        (14.30     confl/time_this_thread)
c Max Memory (rss) used    : 238468 kB   
c Total time (this thread) : 80.69       
c [appmc+arjun] Total time: 80.69
c [appmc] Number of solutions is: 62*2**14
s SATISFIABLE
s mc 1015808
** ASM **
c ApproxMC SHA revision efa1667e4e09b2d5f2c61042efe377ce3107fdd3
c ApproxMC version 4.0.1
c ApproxMC compilation env CMAKE_CXX_COMPILER = /usr/bin/c++ | CMAKE_CXX_FLAGS =  -Wall -Wextra -Wunused -Wsign-compare -fno-omit-frame-pointer -Wtype-limits -Wuninitialized -Wno-deprecated -Wstrict-aliasing -Wpointer-arith -fvisibility=hidden -Wpointer-arith -Wformat-nonliteral -Winit-self -Wparentheses -Wunreachable-code -g -fvisibility=hidden -Wlogical-op -Wrestrict -Wnull-dereference -Wdouble-promotion -Wshadow -Wformat=2 -Wextra-semi -pedantic | COMPILE_DEFINES =  -DBOOST_TEST_DYN_LINK | STATICCOMPILE = OFF | Boost_FOUND = TRUE | ZLIB_FOUND = TRUE | VALGRIND_FOUND =  | GMP_FOUND = TRUE | ENABLE_ASSERTIONS = ON | MY_TARGETS =  | compilation date time = Aug  8 2022 16:18:18
c ApproxMC compiled with gcc version 9.4.0
c CryptoMiniSat version 5.11.0
c CMS Copyright (C) 2009-2020 Authors of CryptoMiniSat, see AUTHORS file
c CMS SHA revision 716b89be078f98fb615cf30a1f663b4903c08d9d
c CMS is MIT licensed
c Using VMTF code by Armin Biere from CaDiCaL
c Using Yalsat by Armin Biere, see Balint et al. Improving implementation of SLS solvers [...], SAT'14
c Using WalkSAT by Henry Kautz, see Kautz and Selman Pushing the envelope: planning, propositional logic, and stochastic search, AAAI'96,
c Using code from 'When Boolean Satisfiability Meets Gauss-E. in a Simplex Way'
c       by C.-S. Han and J.-H. Roland Jiang in CAV 2012. Fixes by M. Soos
c Using CCAnr from 'CCAnr: A Conf. Checking Based Local Search Solver [...]'
c       by Shaowei Cai, Chuan Luo, and Kaile Su, SAT 2015
c CMS compilation env CMAKE_CXX_COMPILER = /usr/bin/c++ | CMAKE_CXX_FLAGS =  -fvisibility=hidden -Wall -Wextra -Wunused -Wsign-compare -fno-omit-frame-pointer -Wtype-limits -Wuninitialized -Wno-deprecated -Wstrict-aliasing -Wpointer-arith -Wpointer-arith -Wformat-nonliteral -Winit-self -Wparentheses -Wunreachable-code -g -Wno-class-memaccess -mpopcnt -msse4.2 -ggdb3 -Wlogical-op -Wrestrict -Wnull-dereference -Wdouble-promotion -Wshadow -Wformat=2 -Wextra-semi -pedantic | COMPILE_DEFINES =  -DRDB0_ONLY_FEATURES -DBOOST_TEST_DYN_LINK -DUSE_ZLIB -DYALSAT_FPU | STATICCOMPILE = OFF | ONLY_SIMPLE = OFF | Boost_FOUND = TRUE | STATS = OFF | SQLITE3_FOUND = FALSE | ZLIB_FOUND = TRUE | VALGRIND_FOUND =  | ENABLE_TESTING = OFF | M4RI_FOUND =  | NOM4RI = ON | SLOW_DEBUG = OFF | ENABLE_ASSERTIONS = ON | PYTHON_EXECUTABLE =  | PYTHON_LIBRARY =  | PYTHON_INCLUDE_DIRS =  | MY_TARGETS =  | LARGEMEM = OFF | LIMITMEM = OFF | BREAKID_LIBRARIES =  | BREAKID-VER = . | BOSPHORUS_LIBRARIES =  | BOSPH-VER = . | compilation date time = Aug  8 2022 16:16:45
c CMS compiled with gcc version 9.4.0
c executed with command line: approxmc -s 02 /experiments/results/hhk2008-2.c/02/counterSharp/asm.dimacs
c Arjun SHA revision 416b100492d00bc51dbe98963e981906ddb47d83
c -- header says num vars:          96596
c -- header says num clauses:      477151
c WARNING: Empty line at line number 479176 -- this is not part of the DIMACS specifications (http://www.satcompetition.org/2009/format-benchmarks2009.html). Ignoring.
c -- clauses added: 477151
c -- xor clauses added: 0
c -- vars added 96596
c Original sampling vars: 1037 1038 1039 1040 1041 1042 1043 1044 1045 1046 1047 1048 1049 1050 1051 1052 1053 1054 1055 1056 1057 1058 1059 1060 1061 1062 1063 1064 1065 1066 1067 1068 1005 1006 1007 1008 1009 1010 1011 1012 1013 1014 1015 1016 1017 1018 1019 1020 1021 1022 1023 1024 1025 1026 1027 1028 1029 1030 1031 1032 1033 1034 1035 1036 
c [appmc] Orig sampling vars size: 64
c --> Executing OCC strategy token(s): 'occ-xor,'
c [occ] mem usage for occur     21 MB
c [occ] Linked in IRRED BIN by default: 220831
c [occ] Linked in RED   BIN by default: 0
c [occ] mem usage for occur      7 MB
c Mem for watch alloc      : 13          MB (23.93     %)
c Mem for watch array      : 6           MB (10.62     %)
c --> Executing OCC strategy token: occ-xor
c [occ-xor] sort occur list T: 0.03
c [xor-clean-equiv] removed equivalent xors: 0 left with: 31568
c [occ-xor] found  31568 avg sz 3.0 min sz  3 max sz  3 T: 0.10 T-out: N T-r: 99.31%
c [occ] mem usage for occur     21 MB
c [occ] Linked in IRRED BIN by default: 220831
c [occ] Linked in RED   BIN by default: 0
c [occ] mem usage for occur      7 MB
c Mem for watch alloc      : 13          MB (20.65     %)
c Mem for watch array      : 6           MB (9.16      %)
c [occ-gates] found:   31K avg-s: 2.0 T: 0.03 T-out: N T-r: 68.33%
c [occ] mem usage for occur     21 MB
c [occ] Linked in IRRED BIN by default: 220831
c [occ] Linked in RED   BIN by default: 0
c [occ] mem usage for occur      7 MB
c Mem for watch alloc      : 13          MB (20.04     %)
c Mem for watch array      : 6           MB (8.89      %)
c [arjun-simp] GATE-based Potential was: 0 Non-zero OCCs were: 0 removed: 0 perc: 0.00 T: 0.48
c [occ] mem usage for occur     21 MB
c [occ] Linked in IRRED BIN by default: 220831
c [occ] Linked in RED   BIN by default: 0
c [occ] mem usage for occur      7 MB
c Mem for watch alloc      : 13          MB (21.34     %)
c Mem for watch array      : 6           MB (9.46      %)
c [gate-definable] no-cls-match-filt: 0 pico ran: 62 unsat: 0 0-occ: 0 too-many-occ: 2 empty-res: 0
c [arjun-simp] IRREG-GATE-based removed: 0 perc: 0.00 T: 0.10
c [occ] mem usage for occur     21 MB
c [occ] Linked in IRRED BIN by default: 220831
c [occ] Linked in RED   BIN by default: 0
c [occ] mem usage for occur      7 MB
c Mem for watch alloc      : 13          MB (21.34     %)
c Mem for watch array      : 6           MB (9.46      %)
c [cms-equiv-sub] equiv_subformula: 0 empty_occ: 0 T: 0.00
c [arjun-simp] equiv-subform removed: 0 perc: 0.00 total equiv_subform now: 0 T: 0.08
c [arjun-simp] CMS::simplify() with no BVE, intree probe...
c [arjun-simp] CMS::simplify() with no BVE finished. T: 1.70
c [arjun-simp] Removed eq lits: 0 new size: 64
c [arjun-simp] Removed set       : 0 new size: 64
c [arjun-simp] Removed set       : 0 new size: 64
c [arjun-simp] Removed eq lits: 0 new size: 64
c [arjun-simp] probe removed: 0 perc: 0.00 T: 0.19
c [occ] mem usage for occur     20 MB
c [occ] Linked in IRRED BIN by default: 223585
c [occ] Linked in RED   BIN by default: 6
c [occ] mem usage for occur      7 MB
c Mem for watch alloc      : 20          MB (24.75     %)
c Mem for watch array      : 4           MB (5.38      %)
c [cms-equiv-sub] equiv_subformula: 0 empty_occ: 0 T: 0.00
c [arjun-simp] equiv-subform removed: 2 perc: 3.12 total equiv_subform now: 0 T: 0.38
c [arjun-simp] IRREG-GATE-based removed: 0 perc: 0.00 T: 0.43
c [arjun] simplification finished  removed: 2 perc: 3.12 T: 3.74
c [arjun] Duplicating CNF...
c [arjun] Duplicated CNF. T: 0.40
c [arjun] CMS::simplify() with *only* BVE...
c [arjun] CMS::simplify() with *only* BVE finished. T: 32.59
c [arjun] Adding fixed clauses time: 0.00
c [arjun] Start unknown size: 62
c [arjun] backward round finished T: 3.08
c [arjun] get_indep_set finished T: 39.82
c ind 96503 96509 96508 96507 96506 96505 96504 96536 96535 96541 96540 96539 96538 96537 96531 96563 96502 96470 96469 96501 0
c [arjun] final set size:           20 percent of original: 31.2500 %
c [arjun] of which empty occs:       0 percent of original: 0.0000 %
c [appmc] Sampling set size: 20
c [appmc] Sampling set: 96469, 96470, 96501, 96502, 96503, 96504, 96505, 96506, 96507, 96508, 96509, 96531, 96535, 96536, 96537, 96538, 96539, 96540, 96541, 96563, 
c [appmc] threshold set to 72 sparse: 0
c [appmc] Starting up, initial measurement
c [appmc] Checking if there are at least threshold+1 solutions...
c [appmc] simplifying
c [appmc] [   14.34 ] bounded_sol_count looking for   73 solutions -- hashes active: 0
c [appmc] repeat solutions:      0 checked:      0 out of:      0
c [appmc] Starting at hash count: 1
c [appmc] [   80.29 ] round:  0 hashes:      1
c [appmc] [   80.29 ] bounded_sol_count looking for   73 solutions -- hashes active: 1
c [appmc] repeat solutions:     38 checked:     73 out of:     73
c [appmc] [   81.76 ] round:  0 hashes:      2
c [appmc] [   81.76 ] bounded_sol_count looking for   73 solutions -- hashes active: 2
c [appmc] repeat solutions:     32 checked:    108 out of:    108
c [appmc] [   83.91 ] round:  0 hashes:      4
c [appmc] [   83.91 ] bounded_sol_count looking for   73 solutions -- hashes active: 4
c [appmc] repeat solutions:     17 checked:    149 out of:    149
c [appmc] [   86.87 ] round:  0 hashes:      8
c [appmc] [   86.87 ] bounded_sol_count looking for   73 solutions -- hashes active: 8
c [appmc] repeat solutions:      4 checked:    205 out of:    205
c [appmc] [   89.75 ] round:  0 hashes:     16
c [appmc] [   89.75 ] bounded_sol_count looking for   73 solutions -- hashes active: 16
c [appmc] repeat solutions:      0 checked:    274 out of:    274
c [appmc] [   90.40 ] round:  0 hashes:     12
c [appmc] [   90.40 ] bounded_sol_count looking for   73 solutions -- hashes active: 12
c [appmc] repeat solutions:      8 checked:    274 out of:    281
c [appmc] [   94.63 ] round:  0 hashes:     14
c [appmc] [   94.63 ] bounded_sol_count looking for   73 solutions -- hashes active: 14
c [appmc] repeat solutions:     16 checked:    339 out of:    346
c [appmc] [   95.81 ] round:  0 hashes:     13
c [appmc] [   95.81 ] bounded_sol_count looking for   73 solutions -- hashes active: 13
c [appmc] repeat solutions:     52 checked:    339 out of:    360
c [appmc] simplifying
c [appmc] [  106.26 ] round:  1 hashes:     13
c [appmc] [  106.26 ] bounded_sol_count looking for   73 solutions -- hashes active: 13
c [appmc] repeat solutions:      0 checked:     73 out of:     73
c [appmc] [  112.16 ] round:  1 hashes:     12
c [appmc] [  112.16 ] bounded_sol_count looking for   73 solutions -- hashes active: 12
c [appmc] repeat solutions:     62 checked:     73 out of:    135
c [appmc] simplifying
c [appmc] [  122.37 ] round:  2 hashes:     13
c [appmc] [  122.37 ] bounded_sol_count looking for   73 solutions -- hashes active: 13
c [appmc] repeat solutions:      0 checked:     73 out of:     73
c [appmc] [  128.22 ] round:  2 hashes:     12
c [appmc] [  128.22 ] bounded_sol_count looking for   73 solutions -- hashes active: 12
c [appmc] repeat solutions:     63 checked:     73 out of:    136
c [appmc] simplifying
c [appmc] [  137.67 ] round:  3 hashes:     13
c [appmc] [  137.67 ] bounded_sol_count looking for   73 solutions -- hashes active: 13
c [appmc] repeat solutions:      0 checked:     73 out of:     73
c [appmc] [  142.80 ] round:  3 hashes:     12
c [appmc] [  142.80 ] bounded_sol_count looking for   73 solutions -- hashes active: 12
c [appmc] repeat solutions:     61 checked:     73 out of:    134
c [appmc] simplifying
c [appmc] [  152.95 ] round:  4 hashes:     13
c [appmc] [  152.95 ] bounded_sol_count looking for   73 solutions -- hashes active: 13
c [appmc] repeat solutions:      0 checked:     73 out of:     73
c [appmc] [  158.24 ] round:  4 hashes:     12
c [appmc] [  158.24 ] bounded_sol_count looking for   73 solutions -- hashes active: 12
c [appmc] repeat solutions:     62 checked:     73 out of:    135
c [appmc] simplifying
c [appmc] [  167.41 ] round:  5 hashes:     13
c [appmc] [  167.41 ] bounded_sol_count looking for   73 solutions -- hashes active: 13
c [appmc] repeat solutions:      0 checked:     73 out of:     73
c [appmc] [  173.35 ] round:  5 hashes:     12
c [appmc] [  173.35 ] bounded_sol_count looking for   73 solutions -- hashes active: 12
c [appmc] repeat solutions:     64 checked:     73 out of:    137
c [appmc] simplifying
c [appmc] [  182.47 ] round:  6 hashes:     13
c [appmc] [  182.47 ] bounded_sol_count looking for   73 solutions -- hashes active: 13
c [appmc] repeat solutions:      0 checked:     73 out of:     73
c [appmc] [  187.67 ] round:  6 hashes:     12
c [appmc] [  187.67 ] bounded_sol_count looking for   73 solutions -- hashes active: 12
c [appmc] repeat solutions:     62 checked:     73 out of:    135
c [appmc] simplifying
c [appmc] [  197.64 ] round:  7 hashes:     13
c [appmc] [  197.64 ] bounded_sol_count looking for   73 solutions -- hashes active: 13
c [appmc] repeat solutions:      0 checked:     73 out of:     73
c [appmc] [  203.60 ] round:  7 hashes:     14
c [appmc] [  203.60 ] bounded_sol_count looking for   73 solutions -- hashes active: 14
c [appmc] repeat solutions:     37 checked:    146 out of:    146
c [appmc] simplifying
c [appmc] [  214.41 ] round:  8 hashes:     14
c [appmc] [  214.41 ] bounded_sol_count looking for   73 solutions -- hashes active: 14
c [appmc] repeat solutions:      0 checked:     73 out of:     73
c [appmc] [  216.90 ] round:  8 hashes:     13
c [appmc] [  216.90 ] bounded_sol_count looking for   73 solutions -- hashes active: 13
c [appmc] repeat solutions:     29 checked:     73 out of:    102
c [appmc] [  219.33 ] round:  8 hashes:     12
c [appmc] [  219.33 ] bounded_sol_count looking for   73 solutions -- hashes active: 12
c [appmc] repeat solutions:     60 checked:     73 out of:    133
c [appmc] ApproxMC T: 219.91 s
c ------- FINAL TOTAL SEARCH STATS ---------
c UIP search time          : 130.25      (49.99     % time)
c restarts                 : 1055        (12.08     confls per restart)
c blocked restarts         : 0           (0.00      per normal restart)
c time                     : 130.25      
c decisions                : 98720       (0.00      % random)
c propagations             : 127M        (981K      props/s)
c decisions/conflicts      : 7.75        
c conflicts                : 12746       
c conf lits non-minim      : 13944337    (1094.02   lit/confl)
c conf lits final          : 266.51      
c red which0               : 799         (6.27      % of confl)
c props/decision           : 0.00        
c props/conflict           : 0.00        
c 0-depth assigns          : 556         (1.17      % vars)
c 0-depth assigns by CNF   : 546         (1.15      % vars)
c reduceDB time            : 0.00        (0.00      % time)
c OccSimplifier time       : 80.78       (31.00     % time)
c [occur] 7.44 is overhead
c [occur] link-in T: 4.33 cleanup T: 3.11
c [occ-substr] long subBySub: 117545 subByStr: 55692 lits-rem-str: 467335 T: 66.12
c SCC time                 : 0.54        (0.21      % time)
c [scc] new: 2025 BP 7M  T: 0.54
c vrep replace time        : 0.06        (0.02      % time)
c vrep tree roots          : 522         
c vrep trees' crown        : 1720        (3.30      leafs/tree)
c distill long time        : 0.58        (0.22      % time)
c distill bin time         : 0.15        (0.06      % time)
c strength cache-irred time: 0.00        (0.00      % time)
c strength cache-red time  : 0.00        (0.00      % time)
c avg cls in red 0         : 626.11      
c avg cls in red 1         : 61673.35    
c avg cls in red 2         : 4571.09     
c Conflicts in UIP         : 12746       (48.92     confl/time_this_thread)
c Max Memory (rss) used    : 323608 kB   
c Total time (this thread) : 260.55      
c [appmc+arjun] Total time: 260.55
c [appmc] Number of solutions is: 62*2**13
s SATISFIABLE
s mc 507904
** ASH **
c ApproxMC SHA revision efa1667e4e09b2d5f2c61042efe377ce3107fdd3
c ApproxMC version 4.0.1
c ApproxMC compilation env CMAKE_CXX_COMPILER = /usr/bin/c++ | CMAKE_CXX_FLAGS =  -Wall -Wextra -Wunused -Wsign-compare -fno-omit-frame-pointer -Wtype-limits -Wuninitialized -Wno-deprecated -Wstrict-aliasing -Wpointer-arith -fvisibility=hidden -Wpointer-arith -Wformat-nonliteral -Winit-self -Wparentheses -Wunreachable-code -g -fvisibility=hidden -Wlogical-op -Wrestrict -Wnull-dereference -Wdouble-promotion -Wshadow -Wformat=2 -Wextra-semi -pedantic | COMPILE_DEFINES =  -DBOOST_TEST_DYN_LINK | STATICCOMPILE = OFF | Boost_FOUND = TRUE | ZLIB_FOUND = TRUE | VALGRIND_FOUND =  | GMP_FOUND = TRUE | ENABLE_ASSERTIONS = ON | MY_TARGETS =  | compilation date time = Aug  8 2022 16:18:18
c ApproxMC compiled with gcc version 9.4.0
c CryptoMiniSat version 5.11.0
c CMS Copyright (C) 2009-2020 Authors of CryptoMiniSat, see AUTHORS file
c CMS SHA revision 716b89be078f98fb615cf30a1f663b4903c08d9d
c CMS is MIT licensed
c Using VMTF code by Armin Biere from CaDiCaL
c Using Yalsat by Armin Biere, see Balint et al. Improving implementation of SLS solvers [...], SAT'14
c Using WalkSAT by Henry Kautz, see Kautz and Selman Pushing the envelope: planning, propositional logic, and stochastic search, AAAI'96,
c Using code from 'When Boolean Satisfiability Meets Gauss-E. in a Simplex Way'
c       by C.-S. Han and J.-H. Roland Jiang in CAV 2012. Fixes by M. Soos
c Using CCAnr from 'CCAnr: A Conf. Checking Based Local Search Solver [...]'
c       by Shaowei Cai, Chuan Luo, and Kaile Su, SAT 2015
c CMS compilation env CMAKE_CXX_COMPILER = /usr/bin/c++ | CMAKE_CXX_FLAGS =  -fvisibility=hidden -Wall -Wextra -Wunused -Wsign-compare -fno-omit-frame-pointer -Wtype-limits -Wuninitialized -Wno-deprecated -Wstrict-aliasing -Wpointer-arith -Wpointer-arith -Wformat-nonliteral -Winit-self -Wparentheses -Wunreachable-code -g -Wno-class-memaccess -mpopcnt -msse4.2 -ggdb3 -Wlogical-op -Wrestrict -Wnull-dereference -Wdouble-promotion -Wshadow -Wformat=2 -Wextra-semi -pedantic | COMPILE_DEFINES =  -DRDB0_ONLY_FEATURES -DBOOST_TEST_DYN_LINK -DUSE_ZLIB -DYALSAT_FPU | STATICCOMPILE = OFF | ONLY_SIMPLE = OFF | Boost_FOUND = TRUE | STATS = OFF | SQLITE3_FOUND = FALSE | ZLIB_FOUND = TRUE | VALGRIND_FOUND =  | ENABLE_TESTING = OFF | M4RI_FOUND =  | NOM4RI = ON | SLOW_DEBUG = OFF | ENABLE_ASSERTIONS = ON | PYTHON_EXECUTABLE =  | PYTHON_LIBRARY =  | PYTHON_INCLUDE_DIRS =  | MY_TARGETS =  | LARGEMEM = OFF | LIMITMEM = OFF | BREAKID_LIBRARIES =  | BREAKID-VER = . | BOSPHORUS_LIBRARIES =  | BOSPH-VER = . | compilation date time = Aug  8 2022 16:16:45
c CMS compiled with gcc version 9.4.0
c executed with command line: approxmc -s 02 /experiments/results/hhk2008-2.c/02/counterSharp/ash.dimacs
c Arjun SHA revision 416b100492d00bc51dbe98963e981906ddb47d83
c -- header says num vars:          96596
c -- header says num clauses:      477151
c WARNING: Empty line at line number 479176 -- this is not part of the DIMACS specifications (http://www.satcompetition.org/2009/format-benchmarks2009.html). Ignoring.
c -- clauses added: 477151
c -- xor clauses added: 0
c -- vars added 96596
c Original sampling vars: 1037 1038 1039 1040 1041 1042 1043 1044 1045 1046 1047 1048 1049 1050 1051 1052 1053 1054 1055 1056 1057 1058 1059 1060 1061 1062 1063 1064 1065 1066 1067 1068 1005 1006 1007 1008 1009 1010 1011 1012 1013 1014 1015 1016 1017 1018 1019 1020 1021 1022 1023 1024 1025 1026 1027 1028 1029 1030 1031 1032 1033 1034 1035 1036 
c [appmc] Orig sampling vars size: 64
c --> Executing OCC strategy token(s): 'occ-xor,'
c [occ] mem usage for occur     21 MB
c [occ] Linked in IRRED BIN by default: 220895
c [occ] Linked in RED   BIN by default: 0
c [occ] mem usage for occur      7 MB
c Mem for watch alloc      : 13          MB (23.98     %)
c Mem for watch array      : 6           MB (10.64     %)
c --> Executing OCC strategy token: occ-xor
c [occ-xor] sort occur list T: 0.02
c [xor-clean-equiv] removed equivalent xors: 0 left with: 31536
c [occ-xor] found  31536 avg sz 3.0 min sz  3 max sz  3 T: 0.08 T-out: N T-r: 99.31%
c [occ] mem usage for occur     21 MB
c [occ] Linked in IRRED BIN by default: 220895
c [occ] Linked in RED   BIN by default: 0
c [occ] mem usage for occur      7 MB
c Mem for watch alloc      : 13          MB (20.66     %)
c Mem for watch array      : 6           MB (9.17      %)
c [occ-gates] found:   31K avg-s: 2.0 T: 0.03 T-out: N T-r: 68.34%
c [occ] mem usage for occur     21 MB
c [occ] Linked in IRRED BIN by default: 220895
c [occ] Linked in RED   BIN by default: 0
c [occ] mem usage for occur      7 MB
c Mem for watch alloc      : 13          MB (20.06     %)
c Mem for watch array      : 6           MB (8.89      %)
c [arjun-simp] GATE-based Potential was: 0 Non-zero OCCs were: 0 removed: 0 perc: 0.00 T: 0.50
c [occ] mem usage for occur     21 MB
c [occ] Linked in IRRED BIN by default: 220895
c [occ] Linked in RED   BIN by default: 0
c [occ] mem usage for occur      7 MB
c Mem for watch alloc      : 13          MB (21.36     %)
c Mem for watch array      : 6           MB (9.47      %)
c [gate-definable] no-cls-match-filt: 0 pico ran: 62 unsat: 0 0-occ: 0 too-many-occ: 2 empty-res: 0
c [arjun-simp] IRREG-GATE-based removed: 0 perc: 0.00 T: 0.10
c [occ] mem usage for occur     21 MB
c [occ] Linked in IRRED BIN by default: 220895
c [occ] Linked in RED   BIN by default: 0
c [occ] mem usage for occur      7 MB
c Mem for watch alloc      : 13          MB (21.36     %)
c Mem for watch array      : 6           MB (9.47      %)
c [cms-equiv-sub] equiv_subformula: 0 empty_occ: 0 T: 0.00
c [arjun-simp] equiv-subform removed: 0 perc: 0.00 total equiv_subform now: 0 T: 0.09
c [arjun-simp] CMS::simplify() with no BVE, intree probe...
c [arjun-simp] CMS::simplify() with no BVE finished. T: 1.80
c [arjun-simp] Removed eq lits: 0 new size: 64
c [arjun-simp] Removed set       : 0 new size: 64
c [arjun-simp] Removed set       : 0 new size: 64
c [arjun-simp] Removed eq lits: 0 new size: 64
c [arjun-simp] probe removed: 0 perc: 0.00 T: 0.20
c [occ] mem usage for occur     20 MB
c [occ] Linked in IRRED BIN by default: 223585
c [occ] Linked in RED   BIN by default: 1
c [occ] mem usage for occur      7 MB
c Mem for watch alloc      : 20          MB (24.74     %)
c Mem for watch array      : 4           MB (5.39      %)
c [cms-equiv-sub] equiv_subformula: 0 empty_occ: 0 T: 0.00
c [arjun-simp] equiv-subform removed: 2 perc: 3.12 total equiv_subform now: 0 T: 0.39
c [arjun-simp] IRREG-GATE-based removed: 0 perc: 0.00 T: 0.44
c [arjun] simplification finished  removed: 2 perc: 3.12 T: 3.74
c [arjun] Duplicating CNF...
c [arjun] Duplicated CNF. T: 0.46
c [arjun] CMS::simplify() with *only* BVE...
c [arjun] CMS::simplify() with *only* BVE finished. T: 33.19
c [arjun] Adding fixed clauses time: 0.00
c [arjun] Start unknown size: 62
c [arjun] backward round finished T: 1.48
c [arjun] get_indep_set finished T: 38.89
c ind 96503 96509 96508 96507 96506 96505 96504 96536 96535 96541 96540 96539 96538 96537 96531 96502 96470 96469 96501 0
c [arjun] final set size:           19 percent of original: 29.6875 %
c [arjun] of which empty occs:       0 percent of original: 0.0000 %
c [appmc] Sampling set size: 19
c [appmc] Sampling set: 96469, 96470, 96501, 96502, 96503, 96504, 96505, 96506, 96507, 96508, 96509, 96531, 96535, 96536, 96537, 96538, 96539, 96540, 96541, 
c [appmc] threshold set to 72 sparse: 0
c [appmc] Starting up, initial measurement
c [appmc] Checking if there are at least threshold+1 solutions...
c [appmc] simplifying
c [appmc] [   13.99 ] bounded_sol_count looking for   73 solutions -- hashes active: 0
c [appmc] repeat solutions:      0 checked:      0 out of:      0
c [appmc] Starting at hash count: 1
c [appmc] [   16.62 ] round:  0 hashes:      1
c [appmc] [   16.62 ] bounded_sol_count looking for   73 solutions -- hashes active: 1
c [appmc] repeat solutions:     30 checked:     73 out of:     73
c [appmc] [   18.26 ] round:  0 hashes:      2
c [appmc] [   18.26 ] bounded_sol_count looking for   73 solutions -- hashes active: 2
c [appmc] repeat solutions:     36 checked:    116 out of:    116
c [appmc] [   19.70 ] round:  0 hashes:      4
c [appmc] [   19.70 ] bounded_sol_count looking for   73 solutions -- hashes active: 4
c [appmc] repeat solutions:     16 checked:    153 out of:    153
c [appmc] [   21.89 ] round:  0 hashes:      8
c [appmc] [   21.89 ] bounded_sol_count looking for   73 solutions -- hashes active: 8
c [appmc] repeat solutions:      4 checked:    210 out of:    210
c [appmc] [   24.64 ] round:  0 hashes:     16
c [appmc] [   24.64 ] bounded_sol_count looking for   73 solutions -- hashes active: 16
c [appmc] repeat solutions:      1 checked:    279 out of:    279
c [appmc] [   25.17 ] round:  0 hashes:     12
c [appmc] [   25.17 ] bounded_sol_count looking for   73 solutions -- hashes active: 12
c [appmc] repeat solutions:     12 checked:    279 out of:    286
c [appmc] [   27.62 ] round:  0 hashes:     14
c [appmc] [   27.62 ] bounded_sol_count looking for   73 solutions -- hashes active: 14
c [appmc] repeat solutions:     18 checked:    340 out of:    347
c [appmc] [   28.14 ] round:  0 hashes:     13
c [appmc] [   28.14 ] bounded_sol_count looking for   73 solutions -- hashes active: 13
c [appmc] repeat solutions:     48 checked:    340 out of:    358
c [appmc] simplifying
c [appmc] [   36.89 ] round:  1 hashes:     13
c [appmc] [   36.89 ] bounded_sol_count looking for   73 solutions -- hashes active: 13
c [appmc] repeat solutions:      0 checked:     73 out of:     73
c [appmc] [   39.62 ] round:  1 hashes:     12
c [appmc] [   39.62 ] bounded_sol_count looking for   73 solutions -- hashes active: 12
c [appmc] repeat solutions:     60 checked:     73 out of:    133
c [appmc] simplifying
c [appmc] [   48.18 ] round:  2 hashes:     13
c [appmc] [   48.18 ] bounded_sol_count looking for   73 solutions -- hashes active: 13
c [appmc] repeat solutions:      0 checked:     73 out of:     73
c [appmc] [   51.00 ] round:  2 hashes:     12
c [appmc] [   51.00 ] bounded_sol_count looking for   73 solutions -- hashes active: 12
c [appmc] repeat solutions:     64 checked:     73 out of:    137
c [appmc] simplifying
c [appmc] [   59.38 ] round:  3 hashes:     13
c [appmc] [   59.38 ] bounded_sol_count looking for   73 solutions -- hashes active: 13
c [appmc] repeat solutions:      0 checked:     73 out of:     73
c [appmc] [   61.91 ] round:  3 hashes:     12
c [appmc] [   61.91 ] bounded_sol_count looking for   73 solutions -- hashes active: 12
c [appmc] repeat solutions:     58 checked:     73 out of:    131
c [appmc] simplifying
c [appmc] [   70.66 ] round:  4 hashes:     13
c [appmc] [   70.66 ] bounded_sol_count looking for   73 solutions -- hashes active: 13
c [appmc] repeat solutions:      0 checked:     73 out of:     73
c [appmc] [   73.37 ] round:  4 hashes:     12
c [appmc] [   73.37 ] bounded_sol_count looking for   73 solutions -- hashes active: 12
c [appmc] repeat solutions:     62 checked:     73 out of:    135
c [appmc] simplifying
c [appmc] [   81.78 ] round:  5 hashes:     13
c [appmc] [   81.78 ] bounded_sol_count looking for   73 solutions -- hashes active: 13
c [appmc] repeat solutions:      0 checked:     73 out of:     73
c [appmc] [   84.47 ] round:  5 hashes:     12
c [appmc] [   84.47 ] bounded_sol_count looking for   73 solutions -- hashes active: 12
c [appmc] repeat solutions:     59 checked:     73 out of:    132
c [appmc] simplifying
c [appmc] [   92.99 ] round:  6 hashes:     13
c [appmc] [   92.99 ] bounded_sol_count looking for   73 solutions -- hashes active: 13
c [appmc] repeat solutions:      0 checked:     73 out of:     73
c [appmc] [   95.64 ] round:  6 hashes:     12
c [appmc] [   95.64 ] bounded_sol_count looking for   73 solutions -- hashes active: 12
c [appmc] repeat solutions:     62 checked:     73 out of:    134
c [appmc] simplifying
c [appmc] [  104.22 ] round:  7 hashes:     13
c [appmc] [  104.22 ] bounded_sol_count looking for   73 solutions -- hashes active: 13
c [appmc] repeat solutions:      0 checked:     73 out of:     73
c [appmc] [  107.10 ] round:  7 hashes:     12
c [appmc] [  107.10 ] bounded_sol_count looking for   73 solutions -- hashes active: 12
c [appmc] repeat solutions:     62 checked:     73 out of:    135
c [appmc] simplifying
c [appmc] [  116.22 ] round:  8 hashes:     13
c [appmc] [  116.22 ] bounded_sol_count looking for   73 solutions -- hashes active: 13
c [appmc] repeat solutions:      0 checked:     73 out of:     73
c [appmc] [  119.24 ] round:  8 hashes:     12
c [appmc] [  119.24 ] bounded_sol_count looking for   73 solutions -- hashes active: 12
c [appmc] repeat solutions:     64 checked:     73 out of:    137
c [appmc] ApproxMC T: 119.58 s
c ------- FINAL TOTAL SEARCH STATS ---------
c UIP search time          : 36.26       (22.76     % time)
c restarts                 : 962         (1.21      confls per restart)
c blocked restarts         : 0           (0.00      per normal restart)
c time                     : 36.26       
c decisions                : 46775       (0.00      % random)
c propagations             : 45M         (1254K     props/s)
c decisions/conflicts      : 40.18       
c conflicts                : 1164        
c conf lits non-minim      : 29853       (25.65     lit/confl)
c conf lits final          : 17.94       
c red which0               : 0           (0.00      % of confl)
c props/decision           : 0.00        
c props/conflict           : 0.00        
c 0-depth assigns          : 577         (1.22      % vars)
c 0-depth assigns by CNF   : 577         (1.22      % vars)
c reduceDB time            : 0.00        (0.00      % time)
c OccSimplifier time       : 73.44       (46.10     % time)
c [occur] 6.00 is overhead
c [occur] link-in T: 3.38 cleanup T: 2.62
c [occ-substr] long subBySub: 117458 subByStr: 50571 lits-rem-str: 436200 T: 60.81
c SCC time                 : 0.51        (0.32      % time)
c [scc] new: 1949 BP 7M  T: 0.51
c vrep replace time        : 0.06        (0.04      % time)
c vrep tree roots          : 555         
c vrep trees' crown        : 1751        (3.15      leafs/tree)
c distill long time        : 0.00        (0.00      % time)
c distill bin time         : 0.00        (0.00      % time)
c strength cache-irred time: 0.00        (0.00      % time)
c strength cache-red time  : 0.00        (0.00      % time)
c avg cls in red 0         : 0.60        
c avg cls in red 1         : 84066.96    
c avg cls in red 2         : 115.68      
c Conflicts in UIP         : 1164        (7.31      confl/time_this_thread)
c Max Memory (rss) used    : 323652 kB   
c Total time (this thread) : 159.32      
c [appmc+arjun] Total time: 159.31
c [appmc] Number of solutions is: 61*2**13
s SATISFIABLE
s mc 499712
