** counterSharp **
[runlim] version:		1.10
[runlim] time limit:		311040000 seconds
[runlim] real time limit:	14400 seconds
[runlim] space limit:		2048 MB
[runlim] argv[0]:		python
[runlim] argv[1]:		-m
[runlim] argv[2]:		counterSharp
[runlim] argv[3]:		--amm
[runlim] argv[4]:		/home/steuber/Dokumente/Bench/FP/experiments/results/rangesum07.c/04/amm.dimacs
[runlim] argv[5]:		--amh
[runlim] argv[6]:		/home/steuber/Dokumente/Bench/FP/experiments/results/rangesum07.c/04/amh.dimacs
[runlim] argv[7]:		--asm
[runlim] argv[8]:		/home/steuber/Dokumente/Bench/FP/experiments/results/rangesum07.c/04/asm.dimacs
[runlim] argv[9]:		--ash
[runlim] argv[10]:		/home/steuber/Dokumente/Bench/FP/experiments/results/rangesum07.c/04/ash.dimacs
[runlim] argv[11]:		-d
[runlim] argv[12]:		--function
[runlim] argv[13]:		testfun
[runlim] argv[14]:		--unwind
[runlim] argv[15]:		8
[runlim] argv[16]:		/home/steuber/Dokumente/Bench/FP/experiments/benchmarks/rangesum07.c
[runlim] start:			Tue Aug 18 11:13:52 2020
[runlim] main pid:		8649
[counterSharp.util.Config] DEBUG: Input files: ['/home/steuber/Dokumente/Bench/FP/experiments/benchmarks/rangesum07.c']
[counterSharp.source.SourceManager] DEBUG: /tmp/tmpm_gpqmvv.c
[counterSharp.cbmc.CBMCManager] DEBUG: cbmc --verbosity 4 --function testfun --dimacs --unwind 8 --property testfun.assertion.1 /tmp/tmpm_gpqmvv.c
[counterSharp.cbmc.CBMCManager] DEBUG: cbmc --verbosity 4 --function testfun --dimacs --unwind 8 --property testfun.assertion.2 /tmp/tmpm_gpqmvv.c
[counterSharp.cbmc.CBMCManager] DEBUG: cbmc --verbosity 4 --function testfun --dimacs --unwind 8 --property testfun.assertion.3 /tmp/tmpm_gpqmvv.c
[counterSharp.cbmc.CBMCManager] DEBUG: cbmc --verbosity 4 --function testfun --dimacs --unwind 8 --property testfun.assertion.4 /tmp/tmpm_gpqmvv.c
[counterSharp.cbmc.CBMCManager] INFO: Did not write file /home/steuber/Dokumente/Bench/FP/experiments/results/rangesum07.c/04/amm.dimacs: State not reachable
[runlim] end:			Tue Aug 18 11:13:52 2020
[runlim] status:		ok
[runlim] result:		0
[runlim] children:		3
[runlim] real:			0.96 seconds
[runlim] time:			0.30 seconds
[runlim] space:			27.6 MB
[runlim] samples:		6
** AMM **
[runlim] version:		1.10
[runlim] time limit:		311040000 seconds
[runlim] real time limit:	14400 seconds
[runlim] space limit:		2048 MB
[runlim] argv[0]:		approxmc
[runlim] argv[1]:		--sparse
[runlim] argv[2]:		1
[runlim] argv[3]:		/home/steuber/Dokumente/Bench/FP/experiments/results/rangesum07.c/04/amm.dimacs
[runlim] start:			Tue Aug 18 11:13:52 2020
[runlim] main pid:		8681
ERROR! Could not open file '/home/steuber/Dokumente/Bench/FP/experiments/results/rangesum07.c/04/amm.dimacs' for reading: No such file or directory
[runlim] end:			Tue Aug 18 11:13:52 2020
[runlim] status:		ok
[runlim] result:		0
[runlim] children:		0
[runlim] real:			0.97 seconds
[runlim] time:			0.00 seconds
[runlim] space:			0.0 MB
[runlim] samples:		0
** AMH **
[runlim] version:		1.10
[runlim] time limit:		311040000 seconds
[runlim] real time limit:	14400 seconds
[runlim] space limit:		2048 MB
[runlim] argv[0]:		approxmc
[runlim] argv[1]:		--sparse
[runlim] argv[2]:		1
[runlim] argv[3]:		/home/steuber/Dokumente/Bench/FP/experiments/results/rangesum07.c/04/amh.dimacs
[runlim] start:			Tue Aug 18 11:13:52 2020
[runlim] main pid:		8683
[runlim] sample:		10.0 time, 11.0 real, 25.4 MB
[runlim] end:			Tue Aug 18 11:14:11 2020
[runlim] status:		ok
[runlim] result:		0
[runlim] children:		0
[runlim] real:			19.25 seconds
[runlim] time:			18.17 seconds
[runlim] space:			41.9 MB
[runlim] samples:		182
** ASM **
[runlim] version:		1.10
[runlim] time limit:		311040000 seconds
[runlim] real time limit:	14400 seconds
[runlim] space limit:		2048 MB
[runlim] argv[0]:		approxmc
[runlim] argv[1]:		--sparse
[runlim] argv[2]:		1
[runlim] argv[3]:		/home/steuber/Dokumente/Bench/FP/experiments/results/rangesum07.c/04/asm.dimacs
[runlim] start:			Tue Aug 18 11:14:11 2020
[runlim] main pid:		8686
[runlim] sample:		10.0 time, 10.3 real, 27.7 MB
[runlim] end:			Tue Aug 18 11:14:28 2020
[runlim] status:		ok
[runlim] result:		0
[runlim] children:		0
[runlim] real:			17.92 seconds
[runlim] time:			17.57 seconds
[runlim] space:			42.3 MB
[runlim] samples:		176
** ASH **
[runlim] version:		1.10
[runlim] time limit:		311040000 seconds
[runlim] real time limit:	14400 seconds
[runlim] space limit:		2048 MB
[runlim] argv[0]:		approxmc
[runlim] argv[1]:		--sparse
[runlim] argv[2]:		1
[runlim] argv[3]:		/home/steuber/Dokumente/Bench/FP/experiments/results/rangesum07.c/04/ash.dimacs
[runlim] start:			Tue Aug 18 11:14:28 2020
[runlim] main pid:		8688
[runlim] sample:		10.0 time, 10.9 real, 54.6 MB
[runlim] sample:		20.0 time, 20.9 real, 55.7 MB
[runlim] sample:		30.0 time, 30.9 real, 57.0 MB
[runlim] sample:		39.9 time, 40.9 real, 74.0 MB
[runlim] sample:		49.9 time, 50.9 real, 74.0 MB
[runlim] sample:		59.9 time, 60.9 real, 73.7 MB
[runlim] sample:		69.9 time, 70.9 real, 49.9 MB
[runlim] sample:		79.9 time, 80.9 real, 71.9 MB
[runlim] sample:		89.9 time, 90.9 real, 72.4 MB
[runlim] sample:		99.9 time, 100.9 real, 74.0 MB
[runlim] sample:		109.9 time, 110.9 real, 75.5 MB
[runlim] sample:		119.9 time, 120.9 real, 97.5 MB
[runlim] sample:		129.8 time, 130.9 real, 80.0 MB
[runlim] sample:		139.8 time, 140.9 real, 80.8 MB
[runlim] sample:		149.8 time, 150.9 real, 80.9 MB
[runlim] sample:		159.8 time, 160.9 real, 80.9 MB
[runlim] sample:		169.8 time, 170.9 real, 81.0 MB
[runlim] sample:		179.8 time, 180.9 real, 82.8 MB
[runlim] sample:		189.8 time, 190.9 real, 83.0 MB
[runlim] sample:		199.8 time, 200.9 real, 83.0 MB
[runlim] sample:		209.8 time, 210.9 real, 83.1 MB
[runlim] sample:		219.7 time, 220.9 real, 83.1 MB
[runlim] sample:		229.7 time, 230.9 real, 83.1 MB
[runlim] sample:		239.7 time, 240.9 real, 83.1 MB
[runlim] sample:		249.7 time, 250.9 real, 83.1 MB
[runlim] sample:		259.7 time, 260.9 real, 105.0 MB
[runlim] sample:		269.7 time, 270.9 real, 106.5 MB
[runlim] sample:		279.6 time, 280.9 real, 83.1 MB
[runlim] sample:		289.6 time, 290.9 real, 83.1 MB
[runlim] sample:		299.6 time, 300.9 real, 106.3 MB
[runlim] sample:		309.6 time, 310.9 real, 83.1 MB
[runlim] sample:		319.6 time, 320.9 real, 83.1 MB
[runlim] sample:		329.6 time, 330.9 real, 83.4 MB
[runlim] sample:		339.6 time, 340.9 real, 83.4 MB
[runlim] sample:		349.6 time, 350.9 real, 83.6 MB
[runlim] sample:		359.5 time, 360.9 real, 83.6 MB
[runlim] sample:		369.5 time, 370.9 real, 83.6 MB
[runlim] sample:		379.5 time, 380.9 real, 83.6 MB
[runlim] sample:		389.5 time, 390.9 real, 84.2 MB
[runlim] sample:		399.5 time, 400.9 real, 84.2 MB
[runlim] sample:		409.5 time, 410.9 real, 84.2 MB
[runlim] sample:		419.5 time, 420.9 real, 84.2 MB
[runlim] sample:		429.5 time, 430.9 real, 84.2 MB
[runlim] sample:		439.4 time, 440.9 real, 84.2 MB
[runlim] sample:		449.4 time, 450.9 real, 84.2 MB
[runlim] sample:		459.4 time, 460.9 real, 84.2 MB
[runlim] sample:		469.4 time, 470.9 real, 84.2 MB
[runlim] sample:		479.4 time, 480.9 real, 84.2 MB
[runlim] sample:		489.4 time, 490.9 real, 84.4 MB
[runlim] sample:		499.4 time, 500.9 real, 84.4 MB
[runlim] sample:		509.4 time, 510.9 real, 84.4 MB
[runlim] sample:		519.3 time, 520.9 real, 84.4 MB
[runlim] sample:		529.3 time, 530.9 real, 84.4 MB
[runlim] sample:		539.3 time, 540.9 real, 84.4 MB
[runlim] sample:		549.3 time, 550.9 real, 84.4 MB
[runlim] sample:		559.3 time, 560.9 real, 84.4 MB
[runlim] sample:		569.3 time, 570.9 real, 84.4 MB
[runlim] sample:		579.3 time, 580.9 real, 84.4 MB
[runlim] sample:		589.2 time, 590.9 real, 84.4 MB
[runlim] sample:		599.2 time, 600.9 real, 84.4 MB
[runlim] sample:		609.2 time, 610.9 real, 84.4 MB
[runlim] sample:		619.2 time, 620.9 real, 84.4 MB
[runlim] sample:		629.2 time, 630.9 real, 84.4 MB
[runlim] sample:		639.2 time, 640.9 real, 84.4 MB
[runlim] sample:		649.2 time, 650.9 real, 84.4 MB
[runlim] sample:		659.2 time, 660.9 real, 84.4 MB
[runlim] sample:		669.2 time, 670.9 real, 84.4 MB
[runlim] sample:		679.1 time, 680.9 real, 84.4 MB
[runlim] sample:		689.1 time, 690.9 real, 84.4 MB
[runlim] sample:		699.1 time, 700.9 real, 84.4 MB
[runlim] sample:		709.1 time, 710.9 real, 84.4 MB
[runlim] sample:		719.1 time, 720.9 real, 84.4 MB
[runlim] sample:		729.1 time, 730.9 real, 84.4 MB
[runlim] sample:		739.1 time, 740.9 real, 84.4 MB
[runlim] sample:		749.0 time, 750.9 real, 84.4 MB
[runlim] sample:		759.0 time, 760.9 real, 84.4 MB
[runlim] sample:		769.0 time, 770.9 real, 84.4 MB
[runlim] sample:		779.0 time, 780.9 real, 84.4 MB
[runlim] sample:		789.0 time, 790.9 real, 84.4 MB
[runlim] sample:		799.0 time, 800.9 real, 84.4 MB
[runlim] sample:		809.0 time, 810.9 real, 84.4 MB
[runlim] sample:		819.0 time, 820.9 real, 84.9 MB
[runlim] sample:		828.9 time, 830.9 real, 84.9 MB
[runlim] sample:		838.9 time, 840.9 real, 84.9 MB
[runlim] sample:		848.9 time, 850.9 real, 84.9 MB
[runlim] sample:		858.9 time, 860.9 real, 84.9 MB
[runlim] sample:		868.9 time, 870.9 real, 84.9 MB
[runlim] sample:		878.9 time, 880.9 real, 84.9 MB
[runlim] sample:		888.9 time, 890.9 real, 84.9 MB
[runlim] sample:		898.8 time, 900.9 real, 84.9 MB
[runlim] sample:		908.8 time, 910.9 real, 84.9 MB
[runlim] sample:		918.8 time, 920.9 real, 84.9 MB
[runlim] sample:		928.8 time, 930.9 real, 84.9 MB
[runlim] sample:		938.8 time, 940.9 real, 84.9 MB
[runlim] sample:		948.8 time, 950.9 real, 84.9 MB
[runlim] sample:		958.8 time, 960.9 real, 84.9 MB
[runlim] sample:		968.8 time, 970.9 real, 84.9 MB
[runlim] sample:		978.7 time, 980.9 real, 84.9 MB
[runlim] sample:		988.7 time, 990.9 real, 84.9 MB
[runlim] sample:		998.7 time, 1000.9 real, 84.9 MB
[runlim] sample:		1008.7 time, 1010.9 real, 84.9 MB
[runlim] sample:		1018.7 time, 1020.9 real, 84.9 MB
[runlim] sample:		1028.7 time, 1030.9 real, 84.9 MB
[runlim] sample:		1038.7 time, 1040.9 real, 84.9 MB
[runlim] sample:		1048.6 time, 1050.9 real, 84.9 MB
[runlim] sample:		1058.6 time, 1060.9 real, 84.9 MB
[runlim] sample:		1068.6 time, 1070.9 real, 85.2 MB
[runlim] sample:		1078.6 time, 1080.9 real, 85.2 MB
[runlim] sample:		1088.6 time, 1090.9 real, 85.2 MB
[runlim] sample:		1098.6 time, 1100.9 real, 85.2 MB
[runlim] sample:		1108.6 time, 1110.9 real, 85.2 MB
[runlim] sample:		1118.5 time, 1120.9 real, 85.2 MB
[runlim] sample:		1128.5 time, 1130.9 real, 85.2 MB
[runlim] sample:		1138.5 time, 1140.9 real, 85.2 MB
[runlim] sample:		1148.5 time, 1150.9 real, 85.2 MB
[runlim] sample:		1158.5 time, 1160.9 real, 85.2 MB
[runlim] sample:		1168.5 time, 1170.9 real, 85.2 MB
[runlim] sample:		1178.5 time, 1180.9 real, 85.2 MB
[runlim] sample:		1188.5 time, 1190.9 real, 85.4 MB
[runlim] sample:		1198.4 time, 1200.9 real, 85.4 MB
[runlim] sample:		1208.4 time, 1210.9 real, 85.4 MB
[runlim] sample:		1218.4 time, 1220.9 real, 85.4 MB
[runlim] sample:		1228.4 time, 1230.9 real, 85.4 MB
[runlim] sample:		1238.4 time, 1240.9 real, 85.4 MB
[runlim] sample:		1248.4 time, 1250.9 real, 85.4 MB
[runlim] sample:		1258.3 time, 1260.9 real, 85.4 MB
[runlim] sample:		1268.3 time, 1270.9 real, 85.4 MB
[runlim] sample:		1278.3 time, 1280.9 real, 85.4 MB
[runlim] sample:		1288.3 time, 1290.9 real, 85.4 MB
[runlim] sample:		1298.3 time, 1300.9 real, 85.4 MB
[runlim] sample:		1308.3 time, 1310.9 real, 85.4 MB
[runlim] sample:		1318.3 time, 1320.9 real, 85.4 MB
[runlim] sample:		1328.2 time, 1330.9 real, 85.4 MB
[runlim] sample:		1338.2 time, 1340.9 real, 85.4 MB
[runlim] sample:		1348.2 time, 1350.9 real, 85.4 MB
[runlim] sample:		1358.2 time, 1360.9 real, 85.4 MB
[runlim] sample:		1368.2 time, 1370.9 real, 85.7 MB
[runlim] sample:		1378.2 time, 1380.9 real, 85.7 MB
[runlim] sample:		1388.1 time, 1390.9 real, 85.7 MB
[runlim] sample:		1398.1 time, 1400.9 real, 85.7 MB
[runlim] sample:		1408.1 time, 1410.9 real, 85.7 MB
[runlim] sample:		1418.1 time, 1420.9 real, 85.7 MB
[runlim] sample:		1428.1 time, 1430.9 real, 85.7 MB
[runlim] sample:		1438.1 time, 1440.9 real, 85.7 MB
[runlim] sample:		1448.1 time, 1450.9 real, 85.7 MB
[runlim] sample:		1458.0 time, 1460.9 real, 85.7 MB
[runlim] sample:		1468.0 time, 1470.9 real, 85.7 MB
[runlim] sample:		1478.0 time, 1480.9 real, 85.7 MB
[runlim] sample:		1488.0 time, 1490.9 real, 85.7 MB
[runlim] sample:		1498.0 time, 1500.9 real, 85.7 MB
[runlim] sample:		1508.0 time, 1510.9 real, 85.7 MB
[runlim] sample:		1518.0 time, 1520.9 real, 85.7 MB
[runlim] sample:		1528.0 time, 1530.9 real, 85.7 MB
[runlim] sample:		1537.9 time, 1540.9 real, 85.7 MB
[runlim] sample:		1547.9 time, 1550.9 real, 85.7 MB
[runlim] sample:		1557.9 time, 1560.9 real, 85.7 MB
[runlim] sample:		1567.9 time, 1570.9 real, 86.0 MB
[runlim] sample:		1577.9 time, 1580.9 real, 86.0 MB
[runlim] sample:		1587.9 time, 1590.9 real, 86.0 MB
[runlim] sample:		1597.8 time, 1600.9 real, 86.0 MB
[runlim] sample:		1607.8 time, 1610.9 real, 86.0 MB
[runlim] sample:		1617.8 time, 1620.9 real, 86.0 MB
[runlim] sample:		1627.8 time, 1630.9 real, 86.0 MB
[runlim] sample:		1637.8 time, 1640.9 real, 86.0 MB
[runlim] sample:		1647.8 time, 1650.9 real, 86.0 MB
[runlim] sample:		1657.8 time, 1660.9 real, 86.0 MB
[runlim] sample:		1667.7 time, 1670.9 real, 86.0 MB
[runlim] sample:		1677.7 time, 1680.9 real, 86.0 MB
[runlim] sample:		1687.7 time, 1690.9 real, 86.0 MB
[runlim] sample:		1697.7 time, 1700.9 real, 86.0 MB
[runlim] sample:		1707.7 time, 1710.9 real, 86.0 MB
[runlim] sample:		1717.7 time, 1720.9 real, 101.7 MB
[runlim] sample:		1727.7 time, 1730.9 real, 101.7 MB
[runlim] sample:		1737.6 time, 1740.9 real, 101.7 MB
[runlim] sample:		1747.6 time, 1750.9 real, 101.7 MB
[runlim] sample:		1757.6 time, 1760.9 real, 101.7 MB
[runlim] sample:		1767.6 time, 1770.9 real, 101.7 MB
[runlim] sample:		1777.6 time, 1780.9 real, 101.7 MB
[runlim] sample:		1787.6 time, 1790.9 real, 101.7 MB
[runlim] sample:		1797.6 time, 1800.9 real, 101.7 MB
[runlim] sample:		1807.5 time, 1810.9 real, 101.7 MB
[runlim] sample:		1817.5 time, 1820.9 real, 101.7 MB
[runlim] sample:		1827.5 time, 1830.9 real, 101.7 MB
[runlim] sample:		1837.5 time, 1840.9 real, 101.7 MB
[runlim] sample:		1847.5 time, 1850.9 real, 101.7 MB
[runlim] sample:		1857.5 time, 1860.9 real, 101.7 MB
[runlim] sample:		1867.5 time, 1870.9 real, 101.7 MB
[runlim] sample:		1877.4 time, 1880.9 real, 101.7 MB
[runlim] sample:		1887.4 time, 1890.9 real, 101.9 MB
[runlim] sample:		1897.4 time, 1900.9 real, 101.9 MB
[runlim] sample:		1907.4 time, 1910.9 real, 101.9 MB
[runlim] sample:		1917.4 time, 1920.9 real, 101.9 MB
[runlim] sample:		1927.4 time, 1930.9 real, 101.9 MB
[runlim] sample:		1937.4 time, 1940.9 real, 101.9 MB
[runlim] sample:		1947.3 time, 1950.9 real, 101.9 MB
[runlim] sample:		1957.3 time, 1960.9 real, 101.9 MB
[runlim] sample:		1967.3 time, 1970.9 real, 101.9 MB
[runlim] sample:		1977.3 time, 1980.9 real, 102.4 MB
[runlim] sample:		1987.3 time, 1990.9 real, 102.4 MB
[runlim] sample:		1997.3 time, 2000.9 real, 102.4 MB
[runlim] sample:		2007.3 time, 2010.9 real, 102.4 MB
[runlim] sample:		2017.2 time, 2020.9 real, 102.4 MB
[runlim] sample:		2027.2 time, 2030.9 real, 102.4 MB
[runlim] sample:		2037.2 time, 2040.9 real, 102.4 MB
[runlim] sample:		2047.2 time, 2050.9 real, 103.0 MB
[runlim] sample:		2057.2 time, 2060.9 real, 103.0 MB
[runlim] sample:		2067.2 time, 2070.9 real, 103.0 MB
[runlim] sample:		2077.2 time, 2080.9 real, 103.0 MB
[runlim] sample:		2087.1 time, 2090.9 real, 103.0 MB
[runlim] sample:		2097.1 time, 2100.9 real, 103.0 MB
[runlim] sample:		2107.1 time, 2110.9 real, 103.0 MB
[runlim] sample:		2117.1 time, 2120.9 real, 103.0 MB
[runlim] sample:		2127.1 time, 2130.9 real, 103.0 MB
[runlim] sample:		2137.1 time, 2140.9 real, 103.0 MB
[runlim] sample:		2147.1 time, 2150.9 real, 103.0 MB
[runlim] sample:		2157.0 time, 2160.9 real, 103.0 MB
[runlim] sample:		2167.0 time, 2170.9 real, 103.0 MB
[runlim] sample:		2177.0 time, 2180.9 real, 105.0 MB
[runlim] sample:		2187.0 time, 2190.9 real, 105.0 MB
[runlim] sample:		2197.0 time, 2200.9 real, 105.0 MB
[runlim] sample:		2207.0 time, 2210.9 real, 105.0 MB
[runlim] sample:		2217.0 time, 2220.9 real, 105.0 MB
[runlim] sample:		2226.9 time, 2230.9 real, 105.0 MB
[runlim] sample:		2236.9 time, 2240.9 real, 105.0 MB
[runlim] sample:		2246.9 time, 2250.9 real, 105.0 MB
[runlim] sample:		2256.9 time, 2260.9 real, 105.0 MB
[runlim] sample:		2266.9 time, 2270.9 real, 105.0 MB
[runlim] sample:		2276.9 time, 2280.9 real, 105.0 MB
[runlim] sample:		2286.9 time, 2290.9 real, 105.0 MB
[runlim] sample:		2296.8 time, 2300.9 real, 105.0 MB
[runlim] sample:		2306.8 time, 2310.9 real, 105.0 MB
[runlim] sample:		2316.8 time, 2320.9 real, 105.0 MB
[runlim] sample:		2326.8 time, 2330.9 real, 105.0 MB
[runlim] sample:		2336.8 time, 2340.9 real, 105.0 MB
[runlim] sample:		2346.8 time, 2350.9 real, 105.0 MB
[runlim] sample:		2356.8 time, 2360.9 real, 105.0 MB
[runlim] sample:		2366.8 time, 2370.9 real, 105.0 MB
[runlim] sample:		2376.7 time, 2380.9 real, 105.0 MB
[runlim] sample:		2386.7 time, 2390.9 real, 105.0 MB
[runlim] sample:		2396.7 time, 2400.9 real, 105.0 MB
[runlim] sample:		2406.7 time, 2410.9 real, 105.0 MB
[runlim] sample:		2416.7 time, 2420.9 real, 105.0 MB
[runlim] sample:		2426.6 time, 2430.9 real, 105.0 MB
[runlim] sample:		2436.6 time, 2440.9 real, 105.0 MB
[runlim] sample:		2446.6 time, 2450.9 real, 105.0 MB
[runlim] sample:		2456.6 time, 2460.9 real, 105.0 MB
[runlim] sample:		2466.6 time, 2470.9 real, 105.0 MB
[runlim] sample:		2476.6 time, 2480.9 real, 105.0 MB
[runlim] sample:		2486.5 time, 2490.9 real, 105.0 MB
[runlim] sample:		2496.5 time, 2500.9 real, 105.0 MB
[runlim] sample:		2506.5 time, 2510.9 real, 105.0 MB
[runlim] sample:		2516.5 time, 2520.9 real, 105.0 MB
[runlim] sample:		2526.5 time, 2530.9 real, 105.8 MB
[runlim] sample:		2536.5 time, 2540.9 real, 106.0 MB
[runlim] sample:		2546.4 time, 2550.9 real, 106.0 MB
[runlim] sample:		2556.4 time, 2560.9 real, 106.3 MB
[runlim] sample:		2566.4 time, 2570.9 real, 106.3 MB
[runlim] sample:		2576.4 time, 2580.9 real, 106.3 MB
[runlim] sample:		2586.4 time, 2590.9 real, 107.3 MB
[runlim] sample:		2596.4 time, 2600.9 real, 107.3 MB
[runlim] sample:		2606.3 time, 2610.9 real, 107.3 MB
[runlim] sample:		2616.3 time, 2620.9 real, 107.3 MB
[runlim] sample:		2626.3 time, 2630.9 real, 107.8 MB
[runlim] sample:		2636.3 time, 2640.9 real, 108.6 MB
[runlim] sample:		2646.3 time, 2650.9 real, 108.6 MB
[runlim] sample:		2656.3 time, 2660.9 real, 108.6 MB
[runlim] sample:		2666.2 time, 2670.9 real, 108.6 MB
[runlim] sample:		2676.2 time, 2680.9 real, 108.6 MB
[runlim] sample:		2686.2 time, 2690.9 real, 109.1 MB
[runlim] sample:		2696.2 time, 2700.9 real, 109.1 MB
[runlim] sample:		2706.2 time, 2710.9 real, 109.6 MB
[runlim] sample:		2716.2 time, 2720.9 real, 109.6 MB
[runlim] sample:		2726.2 time, 2730.9 real, 109.6 MB
[runlim] sample:		2736.1 time, 2740.9 real, 109.6 MB
[runlim] sample:		2746.1 time, 2750.9 real, 109.9 MB
[runlim] sample:		2756.1 time, 2760.9 real, 109.9 MB
[runlim] sample:		2766.1 time, 2770.9 real, 109.9 MB
[runlim] sample:		2776.1 time, 2780.9 real, 110.1 MB
[runlim] sample:		2786.1 time, 2790.9 real, 110.1 MB
[runlim] sample:		2796.1 time, 2800.9 real, 110.1 MB
[runlim] sample:		2806.0 time, 2810.9 real, 110.1 MB
[runlim] sample:		2816.0 time, 2820.9 real, 110.4 MB
[runlim] sample:		2826.0 time, 2830.9 real, 110.4 MB
[runlim] sample:		2836.0 time, 2840.9 real, 110.4 MB
[runlim] sample:		2846.0 time, 2850.9 real, 110.4 MB
[runlim] sample:		2856.0 time, 2860.9 real, 110.4 MB
[runlim] sample:		2865.9 time, 2870.9 real, 110.7 MB
[runlim] sample:		2875.9 time, 2880.9 real, 110.9 MB
[runlim] sample:		2885.9 time, 2890.9 real, 111.9 MB
[runlim] sample:		2895.9 time, 2900.9 real, 111.9 MB
[runlim] sample:		2905.9 time, 2910.9 real, 112.2 MB
[runlim] sample:		2915.9 time, 2920.9 real, 112.2 MB
[runlim] sample:		2925.8 time, 2930.9 real, 112.7 MB
[runlim] sample:		2935.8 time, 2940.9 real, 113.0 MB
[runlim] sample:		2945.8 time, 2950.9 real, 113.0 MB
[runlim] sample:		2955.8 time, 2960.9 real, 113.0 MB
[runlim] sample:		2965.8 time, 2970.9 real, 113.0 MB
[runlim] sample:		2975.8 time, 2980.9 real, 113.0 MB
[runlim] sample:		2985.8 time, 2990.9 real, 113.0 MB
[runlim] sample:		2995.7 time, 3000.9 real, 113.0 MB
[runlim] sample:		3005.7 time, 3010.9 real, 113.0 MB
[runlim] sample:		3015.7 time, 3020.9 real, 113.0 MB
[runlim] sample:		3025.7 time, 3030.9 real, 113.0 MB
[runlim] sample:		3035.7 time, 3040.9 real, 113.7 MB
[runlim] sample:		3045.7 time, 3050.9 real, 114.5 MB
[runlim] sample:		3055.7 time, 3060.9 real, 114.5 MB
[runlim] sample:		3065.6 time, 3070.9 real, 114.5 MB
[runlim] sample:		3075.6 time, 3080.9 real, 114.5 MB
[runlim] sample:		3085.6 time, 3090.9 real, 114.5 MB
[runlim] sample:		3095.6 time, 3100.9 real, 114.5 MB
[runlim] sample:		3105.6 time, 3110.9 real, 114.5 MB
[runlim] sample:		3115.6 time, 3120.9 real, 114.5 MB
[runlim] sample:		3125.6 time, 3130.9 real, 114.5 MB
[runlim] sample:		3135.5 time, 3140.9 real, 114.8 MB
[runlim] sample:		3145.5 time, 3150.9 real, 114.8 MB
[runlim] sample:		3155.5 time, 3160.9 real, 114.8 MB
[runlim] sample:		3165.5 time, 3170.9 real, 114.8 MB
[runlim] sample:		3175.5 time, 3180.9 real, 114.8 MB
[runlim] sample:		3185.4 time, 3190.9 real, 114.8 MB
[runlim] sample:		3195.4 time, 3200.9 real, 115.0 MB
[runlim] sample:		3205.4 time, 3210.9 real, 115.3 MB
[runlim] sample:		3215.4 time, 3220.9 real, 115.3 MB
[runlim] sample:		3225.4 time, 3230.9 real, 115.3 MB
[runlim] sample:		3235.4 time, 3240.9 real, 115.3 MB
[runlim] sample:		3245.4 time, 3250.9 real, 115.3 MB
[runlim] sample:		3255.3 time, 3260.9 real, 115.3 MB
[runlim] sample:		3265.3 time, 3270.9 real, 115.3 MB
[runlim] sample:		3275.3 time, 3280.9 real, 115.3 MB
[runlim] sample:		3285.3 time, 3290.9 real, 115.3 MB
[runlim] sample:		3295.3 time, 3300.9 real, 115.3 MB
[runlim] sample:		3305.3 time, 3310.9 real, 115.3 MB
[runlim] sample:		3315.2 time, 3320.9 real, 116.0 MB
[runlim] sample:		3325.2 time, 3330.9 real, 116.0 MB
[runlim] sample:		3335.2 time, 3340.9 real, 116.5 MB
[runlim] sample:		3345.2 time, 3350.9 real, 116.5 MB
[runlim] sample:		3355.2 time, 3360.9 real, 116.5 MB
[runlim] sample:		3365.2 time, 3370.9 real, 116.5 MB
[runlim] sample:		3375.2 time, 3380.9 real, 116.5 MB
[runlim] sample:		3385.1 time, 3390.9 real, 116.5 MB
[runlim] sample:		3395.1 time, 3400.9 real, 116.5 MB
[runlim] sample:		3405.1 time, 3410.9 real, 116.8 MB
[runlim] sample:		3415.1 time, 3420.9 real, 117.1 MB
[runlim] sample:		3425.1 time, 3430.9 real, 117.1 MB
[runlim] sample:		3435.1 time, 3440.9 real, 117.1 MB
[runlim] sample:		3445.0 time, 3450.9 real, 117.6 MB
[runlim] sample:		3455.0 time, 3460.9 real, 117.6 MB
[runlim] sample:		3465.0 time, 3470.9 real, 117.6 MB
[runlim] sample:		3475.0 time, 3480.9 real, 117.6 MB
[runlim] sample:		3485.0 time, 3490.9 real, 117.6 MB
[runlim] sample:		3495.0 time, 3500.9 real, 117.6 MB
[runlim] sample:		3504.9 time, 3510.9 real, 117.6 MB
[runlim] sample:		3514.9 time, 3520.9 real, 117.6 MB
[runlim] sample:		3524.9 time, 3530.9 real, 117.6 MB
[runlim] sample:		3534.9 time, 3540.9 real, 117.6 MB
[runlim] sample:		3544.9 time, 3550.9 real, 117.6 MB
[runlim] sample:		3554.9 time, 3560.9 real, 117.6 MB
[runlim] sample:		3564.8 time, 3570.9 real, 117.8 MB
[runlim] sample:		3574.8 time, 3580.9 real, 117.8 MB
[runlim] sample:		3584.8 time, 3590.9 real, 118.1 MB
[runlim] sample:		3594.8 time, 3600.9 real, 118.1 MB
[runlim] sample:		3604.8 time, 3610.9 real, 118.1 MB
[runlim] sample:		3614.8 time, 3620.9 real, 118.1 MB
[runlim] sample:		3624.8 time, 3630.9 real, 118.1 MB
[runlim] sample:		3634.8 time, 3640.9 real, 118.1 MB
[runlim] sample:		3644.7 time, 3650.9 real, 118.1 MB
[runlim] sample:		3654.7 time, 3660.9 real, 118.1 MB
[runlim] sample:		3664.7 time, 3670.9 real, 118.1 MB
[runlim] sample:		3674.7 time, 3680.9 real, 118.1 MB
[runlim] sample:		3684.7 time, 3690.9 real, 118.1 MB
[runlim] sample:		3694.7 time, 3700.9 real, 118.1 MB
[runlim] sample:		3704.6 time, 3710.9 real, 118.3 MB
[runlim] sample:		3714.6 time, 3720.9 real, 118.3 MB
[runlim] sample:		3724.6 time, 3730.9 real, 118.3 MB
[runlim] sample:		3734.6 time, 3740.9 real, 118.3 MB
[runlim] sample:		3744.6 time, 3750.9 real, 118.3 MB
[runlim] sample:		3754.6 time, 3760.9 real, 118.3 MB
[runlim] sample:		3764.5 time, 3770.9 real, 118.6 MB
[runlim] sample:		3774.5 time, 3780.9 real, 119.1 MB
[runlim] sample:		3784.5 time, 3790.9 real, 119.1 MB
[runlim] sample:		3794.5 time, 3800.9 real, 119.1 MB
[runlim] sample:		3804.5 time, 3810.9 real, 119.1 MB
[runlim] sample:		3814.5 time, 3820.9 real, 119.1 MB
[runlim] sample:		3824.4 time, 3830.9 real, 119.1 MB
[runlim] sample:		3834.4 time, 3840.9 real, 119.1 MB
[runlim] sample:		3844.4 time, 3850.9 real, 119.1 MB
[runlim] sample:		3854.4 time, 3860.9 real, 119.4 MB
[runlim] sample:		3864.4 time, 3870.9 real, 119.6 MB
[runlim] sample:		3874.4 time, 3880.9 real, 119.6 MB
[runlim] sample:		3884.3 time, 3890.9 real, 119.6 MB
[runlim] sample:		3894.3 time, 3900.9 real, 119.6 MB
[runlim] sample:		3904.3 time, 3910.9 real, 119.6 MB
[runlim] sample:		3914.3 time, 3920.9 real, 119.6 MB
[runlim] sample:		3924.3 time, 3930.9 real, 119.6 MB
[runlim] sample:		3934.3 time, 3940.9 real, 119.6 MB
[runlim] sample:		3944.2 time, 3950.9 real, 119.6 MB
[runlim] sample:		3954.2 time, 3960.9 real, 119.6 MB
[runlim] sample:		3964.2 time, 3970.9 real, 119.6 MB
[runlim] sample:		3974.2 time, 3980.9 real, 119.6 MB
[runlim] sample:		3984.2 time, 3990.9 real, 119.6 MB
[runlim] sample:		3994.2 time, 4000.9 real, 119.6 MB
[runlim] sample:		4004.2 time, 4010.9 real, 119.6 MB
[runlim] sample:		4014.1 time, 4020.9 real, 119.6 MB
[runlim] sample:		4024.1 time, 4030.9 real, 119.6 MB
[runlim] sample:		4034.1 time, 4040.9 real, 119.6 MB
[runlim] sample:		4044.1 time, 4050.9 real, 119.6 MB
[runlim] sample:		4054.1 time, 4060.9 real, 119.6 MB
[runlim] sample:		4064.1 time, 4070.9 real, 119.6 MB
[runlim] sample:		4074.1 time, 4080.9 real, 119.6 MB
[runlim] sample:		4084.0 time, 4090.9 real, 119.6 MB
[runlim] sample:		4094.0 time, 4100.9 real, 119.6 MB
[runlim] sample:		4104.0 time, 4110.9 real, 119.6 MB
[runlim] sample:		4114.0 time, 4120.9 real, 119.6 MB
[runlim] sample:		4124.0 time, 4130.9 real, 119.6 MB
[runlim] sample:		4133.9 time, 4140.9 real, 119.6 MB
[runlim] sample:		4143.9 time, 4150.9 real, 119.6 MB
[runlim] sample:		4153.9 time, 4160.9 real, 119.6 MB
[runlim] sample:		4163.9 time, 4170.9 real, 119.6 MB
[runlim] sample:		4173.9 time, 4180.9 real, 119.6 MB
[runlim] sample:		4183.9 time, 4190.9 real, 119.6 MB
[runlim] sample:		4193.9 time, 4200.9 real, 119.9 MB
[runlim] sample:		4203.8 time, 4210.9 real, 119.9 MB
[runlim] sample:		4213.8 time, 4220.9 real, 120.0 MB
[runlim] sample:		4223.8 time, 4230.9 real, 120.0 MB
[runlim] sample:		4233.8 time, 4240.9 real, 120.0 MB
[runlim] sample:		4243.8 time, 4250.9 real, 120.0 MB
[runlim] sample:		4253.8 time, 4260.9 real, 120.0 MB
[runlim] sample:		4263.7 time, 4270.9 real, 120.0 MB
[runlim] sample:		4273.7 time, 4280.9 real, 120.0 MB
[runlim] sample:		4283.7 time, 4290.9 real, 120.0 MB
[runlim] sample:		4293.7 time, 4300.9 real, 120.0 MB
[runlim] sample:		4303.7 time, 4310.9 real, 120.0 MB
[runlim] sample:		4313.6 time, 4320.9 real, 120.0 MB
[runlim] sample:		4323.6 time, 4330.9 real, 120.0 MB
[runlim] sample:		4333.6 time, 4340.9 real, 122.6 MB
[runlim] sample:		4343.6 time, 4350.9 real, 78.9 MB
[runlim] sample:		4353.6 time, 4360.9 real, 82.2 MB
[runlim] sample:		4363.6 time, 4370.9 real, 108.1 MB
[runlim] sample:		4373.6 time, 4380.9 real, 108.1 MB
[runlim] sample:		4383.5 time, 4390.9 real, 108.4 MB
[runlim] sample:		4393.5 time, 4400.9 real, 108.7 MB
[runlim] sample:		4403.5 time, 4410.9 real, 108.7 MB
[runlim] sample:		4413.5 time, 4420.9 real, 108.7 MB
[runlim] sample:		4423.5 time, 4430.9 real, 108.7 MB
[runlim] sample:		4433.5 time, 4440.9 real, 108.7 MB
[runlim] sample:		4443.5 time, 4450.9 real, 109.2 MB
[runlim] sample:		4453.4 time, 4460.9 real, 109.4 MB
[runlim] sample:		4463.4 time, 4470.9 real, 109.4 MB
[runlim] sample:		4473.4 time, 4480.9 real, 87.7 MB
[runlim] sample:		4483.4 time, 4490.9 real, 88.7 MB
[runlim] sample:		4493.4 time, 4500.9 real, 109.1 MB
[runlim] sample:		4503.4 time, 4510.9 real, 109.4 MB
[runlim] sample:		4513.3 time, 4520.9 real, 109.6 MB
[runlim] sample:		4523.3 time, 4530.9 real, 109.6 MB
[runlim] sample:		4533.3 time, 4540.9 real, 109.9 MB
[runlim] sample:		4543.3 time, 4550.9 real, 109.9 MB
[runlim] sample:		4553.3 time, 4560.9 real, 109.9 MB
[runlim] sample:		4563.3 time, 4570.9 real, 110.1 MB
[runlim] sample:		4573.2 time, 4580.9 real, 110.9 MB
[runlim] sample:		4583.2 time, 4590.9 real, 110.9 MB
[runlim] sample:		4593.2 time, 4600.9 real, 110.9 MB
[runlim] sample:		4603.2 time, 4610.9 real, 110.9 MB
[runlim] sample:		4613.2 time, 4620.9 real, 110.9 MB
[runlim] sample:		4623.2 time, 4630.9 real, 111.1 MB
[runlim] sample:		4633.1 time, 4640.9 real, 111.1 MB
[runlim] sample:		4643.1 time, 4650.9 real, 111.4 MB
[runlim] sample:		4653.1 time, 4660.9 real, 111.4 MB
[runlim] sample:		4663.1 time, 4670.9 real, 111.4 MB
[runlim] sample:		4673.1 time, 4680.9 real, 111.4 MB
[runlim] sample:		4683.1 time, 4690.9 real, 111.4 MB
[runlim] sample:		4693.0 time, 4700.9 real, 111.4 MB
[runlim] sample:		4703.0 time, 4710.9 real, 111.4 MB
[runlim] sample:		4713.0 time, 4720.9 real, 111.4 MB
[runlim] sample:		4723.0 time, 4730.9 real, 111.4 MB
[runlim] sample:		4733.0 time, 4740.9 real, 111.7 MB
[runlim] sample:		4743.0 time, 4750.9 real, 111.7 MB
[runlim] sample:		4752.9 time, 4760.9 real, 111.7 MB
[runlim] sample:		4762.9 time, 4770.9 real, 123.3 MB
[runlim] sample:		4772.9 time, 4780.9 real, 83.3 MB
[runlim] sample:		4782.9 time, 4790.9 real, 118.5 MB
[runlim] sample:		4792.9 time, 4800.9 real, 128.2 MB
[runlim] sample:		4802.9 time, 4810.9 real, 133.3 MB
[runlim] sample:		4812.8 time, 4820.9 real, 82.3 MB
[runlim] sample:		4822.8 time, 4830.9 real, 109.0 MB
[runlim] sample:		4832.8 time, 4840.9 real, 109.3 MB
[runlim] sample:		4842.8 time, 4850.9 real, 109.3 MB
[runlim] sample:		4852.8 time, 4860.9 real, 109.8 MB
[runlim] sample:		4862.8 time, 4870.9 real, 110.0 MB
[runlim] sample:		4872.8 time, 4880.9 real, 110.0 MB
[runlim] sample:		4882.7 time, 4890.9 real, 110.3 MB
[runlim] sample:		4892.7 time, 4900.9 real, 110.3 MB
[runlim] sample:		4902.7 time, 4910.9 real, 110.3 MB
[runlim] sample:		4912.7 time, 4920.9 real, 110.3 MB
[runlim] sample:		4922.7 time, 4930.9 real, 111.1 MB
[runlim] sample:		4932.7 time, 4940.9 real, 111.1 MB
[runlim] sample:		4942.6 time, 4950.9 real, 111.1 MB
[runlim] sample:		4952.6 time, 4960.9 real, 111.1 MB
[runlim] sample:		4962.6 time, 4970.9 real, 111.1 MB
[runlim] sample:		4972.6 time, 4980.9 real, 111.1 MB
[runlim] sample:		4982.6 time, 4990.9 real, 111.1 MB
[runlim] sample:		4992.6 time, 5000.9 real, 111.1 MB
[runlim] sample:		5002.6 time, 5010.9 real, 111.1 MB
[runlim] sample:		5012.5 time, 5020.9 real, 111.1 MB
[runlim] sample:		5022.5 time, 5030.9 real, 111.1 MB
[runlim] sample:		5032.5 time, 5040.9 real, 111.1 MB
[runlim] sample:		5042.5 time, 5050.9 real, 111.1 MB
[runlim] sample:		5052.5 time, 5060.9 real, 111.1 MB
[runlim] sample:		5062.4 time, 5070.9 real, 111.1 MB
[runlim] sample:		5072.4 time, 5080.9 real, 111.3 MB
[runlim] sample:		5082.4 time, 5090.9 real, 111.3 MB
[runlim] sample:		5092.4 time, 5100.9 real, 111.3 MB
[runlim] sample:		5102.4 time, 5110.9 real, 111.3 MB
[runlim] sample:		5112.4 time, 5120.9 real, 111.3 MB
[runlim] sample:		5122.4 time, 5130.9 real, 111.3 MB
[runlim] sample:		5132.3 time, 5140.9 real, 111.3 MB
[runlim] sample:		5142.3 time, 5150.9 real, 111.3 MB
[runlim] sample:		5152.3 time, 5160.9 real, 111.3 MB
[runlim] sample:		5162.3 time, 5170.9 real, 111.6 MB
[runlim] sample:		5172.3 time, 5180.9 real, 111.6 MB
[runlim] sample:		5182.3 time, 5190.9 real, 111.6 MB
[runlim] sample:		5192.2 time, 5200.9 real, 111.6 MB
[runlim] sample:		5202.2 time, 5210.9 real, 111.6 MB
[runlim] sample:		5212.2 time, 5220.9 real, 111.6 MB
[runlim] sample:		5222.2 time, 5230.9 real, 111.6 MB
[runlim] sample:		5232.2 time, 5240.9 real, 111.6 MB
[runlim] sample:		5242.2 time, 5250.9 real, 111.6 MB
[runlim] sample:		5252.2 time, 5260.9 real, 111.6 MB
[runlim] sample:		5262.1 time, 5270.9 real, 111.6 MB
[runlim] sample:		5272.1 time, 5280.9 real, 111.6 MB
[runlim] sample:		5282.1 time, 5290.9 real, 111.6 MB
[runlim] sample:		5292.1 time, 5300.9 real, 111.6 MB
[runlim] sample:		5302.1 time, 5310.9 real, 111.6 MB
[runlim] sample:		5312.1 time, 5320.9 real, 111.6 MB
[runlim] sample:		5322.1 time, 5330.9 real, 111.6 MB
[runlim] sample:		5332.0 time, 5340.9 real, 111.6 MB
[runlim] sample:		5342.0 time, 5350.9 real, 111.6 MB
[runlim] sample:		5352.0 time, 5360.9 real, 112.1 MB
[runlim] sample:		5362.0 time, 5370.9 real, 112.3 MB
[runlim] sample:		5372.0 time, 5380.9 real, 112.3 MB
[runlim] sample:		5382.0 time, 5390.9 real, 112.3 MB
[runlim] sample:		5391.9 time, 5400.9 real, 112.3 MB
[runlim] sample:		5401.9 time, 5410.9 real, 112.3 MB
[runlim] sample:		5411.9 time, 5420.9 real, 112.3 MB
[runlim] sample:		5421.9 time, 5430.9 real, 112.3 MB
[runlim] sample:		5431.9 time, 5440.9 real, 112.9 MB
[runlim] sample:		5441.9 time, 5450.9 real, 124.2 MB
[runlim] sample:		5451.9 time, 5460.9 real, 124.2 MB
[runlim] sample:		5461.9 time, 5470.9 real, 124.2 MB
[runlim] sample:		5471.8 time, 5480.9 real, 88.0 MB
[runlim] sample:		5481.8 time, 5490.9 real, 109.6 MB
[runlim] sample:		5491.8 time, 5500.9 real, 110.1 MB
[runlim] sample:		5501.8 time, 5510.9 real, 110.9 MB
[runlim] sample:		5511.8 time, 5520.9 real, 111.2 MB
[runlim] sample:		5521.8 time, 5530.9 real, 111.2 MB
[runlim] sample:		5531.7 time, 5540.9 real, 111.2 MB
[runlim] sample:		5541.7 time, 5550.9 real, 111.2 MB
[runlim] sample:		5551.7 time, 5560.9 real, 111.2 MB
[runlim] sample:		5561.7 time, 5570.9 real, 111.2 MB
[runlim] sample:		5571.7 time, 5580.9 real, 111.2 MB
[runlim] sample:		5581.6 time, 5590.9 real, 111.2 MB
[runlim] sample:		5591.6 time, 5600.9 real, 111.2 MB
[runlim] sample:		5601.6 time, 5610.9 real, 111.2 MB
[runlim] sample:		5611.6 time, 5620.9 real, 111.2 MB
[runlim] sample:		5621.6 time, 5630.9 real, 111.2 MB
[runlim] sample:		5631.6 time, 5640.9 real, 111.2 MB
[runlim] sample:		5641.5 time, 5650.9 real, 111.9 MB
[runlim] sample:		5651.5 time, 5660.9 real, 111.9 MB
[runlim] sample:		5661.5 time, 5670.9 real, 111.9 MB
[runlim] sample:		5671.5 time, 5680.9 real, 111.9 MB
[runlim] sample:		5681.5 time, 5690.9 real, 111.9 MB
[runlim] sample:		5691.4 time, 5700.9 real, 112.2 MB
[runlim] sample:		5701.4 time, 5710.9 real, 112.2 MB
[runlim] sample:		5711.4 time, 5720.9 real, 112.2 MB
[runlim] sample:		5721.4 time, 5730.9 real, 112.2 MB
[runlim] sample:		5731.4 time, 5740.9 real, 112.2 MB
[runlim] sample:		5741.4 time, 5750.9 real, 112.2 MB
[runlim] sample:		5751.4 time, 5760.9 real, 112.2 MB
[runlim] sample:		5761.3 time, 5770.9 real, 112.2 MB
[runlim] sample:		5771.3 time, 5780.9 real, 112.2 MB
[runlim] sample:		5781.3 time, 5790.9 real, 112.2 MB
[runlim] sample:		5791.3 time, 5800.9 real, 112.2 MB
[runlim] sample:		5801.3 time, 5810.9 real, 112.2 MB
[runlim] sample:		5811.2 time, 5820.9 real, 112.2 MB
[runlim] sample:		5821.2 time, 5830.9 real, 112.2 MB
[runlim] sample:		5831.2 time, 5840.9 real, 112.2 MB
[runlim] sample:		5841.2 time, 5850.9 real, 112.2 MB
[runlim] sample:		5851.2 time, 5860.9 real, 112.2 MB
[runlim] sample:		5861.2 time, 5870.9 real, 112.2 MB
[runlim] sample:		5871.2 time, 5880.9 real, 112.2 MB
[runlim] sample:		5881.1 time, 5890.9 real, 112.2 MB
[runlim] sample:		5891.1 time, 5900.9 real, 112.2 MB
[runlim] sample:		5901.1 time, 5910.9 real, 112.2 MB
[runlim] sample:		5911.1 time, 5920.9 real, 112.2 MB
[runlim] sample:		5921.1 time, 5930.9 real, 112.2 MB
[runlim] sample:		5931.1 time, 5940.9 real, 112.2 MB
[runlim] sample:		5941.1 time, 5950.9 real, 112.2 MB
[runlim] sample:		5951.0 time, 5960.9 real, 112.2 MB
[runlim] sample:		5961.0 time, 5970.9 real, 112.2 MB
[runlim] sample:		5971.0 time, 5980.9 real, 112.2 MB
[runlim] sample:		5981.0 time, 5990.9 real, 112.2 MB
[runlim] sample:		5991.0 time, 6000.9 real, 112.2 MB
[runlim] sample:		6001.0 time, 6010.9 real, 112.2 MB
[runlim] sample:		6010.9 time, 6020.9 real, 112.2 MB
[runlim] sample:		6020.9 time, 6030.9 real, 112.2 MB
[runlim] sample:		6030.9 time, 6040.9 real, 112.2 MB
[runlim] sample:		6040.9 time, 6050.9 real, 112.2 MB
[runlim] sample:		6050.9 time, 6060.9 real, 112.2 MB
[runlim] sample:		6060.9 time, 6070.9 real, 112.2 MB
[runlim] sample:		6070.9 time, 6080.9 real, 112.2 MB
[runlim] sample:		6080.8 time, 6090.9 real, 112.2 MB
[runlim] sample:		6090.8 time, 6100.9 real, 112.2 MB
[runlim] sample:		6100.8 time, 6110.9 real, 112.2 MB
[runlim] sample:		6110.8 time, 6120.9 real, 112.2 MB
[runlim] sample:		6120.8 time, 6130.9 real, 112.4 MB
[runlim] sample:		6130.8 time, 6140.9 real, 112.4 MB
[runlim] sample:		6140.8 time, 6150.9 real, 112.4 MB
[runlim] sample:		6150.7 time, 6160.9 real, 112.4 MB
[runlim] sample:		6160.7 time, 6170.9 real, 112.4 MB
[runlim] sample:		6170.7 time, 6180.9 real, 112.4 MB
[runlim] sample:		6180.7 time, 6190.9 real, 112.4 MB
[runlim] sample:		6190.7 time, 6200.9 real, 112.4 MB
[runlim] sample:		6200.6 time, 6210.9 real, 112.4 MB
[runlim] sample:		6210.6 time, 6220.9 real, 112.4 MB
[runlim] sample:		6220.6 time, 6230.9 real, 112.4 MB
[runlim] sample:		6230.6 time, 6240.9 real, 112.4 MB
[runlim] sample:		6240.6 time, 6250.9 real, 112.4 MB
[runlim] sample:		6250.6 time, 6260.9 real, 112.4 MB
[runlim] sample:		6260.6 time, 6270.9 real, 112.4 MB
[runlim] sample:		6270.5 time, 6280.9 real, 112.4 MB
[runlim] sample:		6280.5 time, 6290.9 real, 112.4 MB
[runlim] sample:		6290.5 time, 6300.9 real, 112.4 MB
[runlim] sample:		6300.5 time, 6310.9 real, 112.4 MB
[runlim] sample:		6310.5 time, 6320.9 real, 112.4 MB
[runlim] sample:		6320.4 time, 6330.9 real, 112.4 MB
[runlim] sample:		6330.4 time, 6340.9 real, 112.4 MB
[runlim] sample:		6340.4 time, 6350.9 real, 124.6 MB
[runlim] sample:		6350.4 time, 6360.9 real, 104.9 MB
[runlim] sample:		6360.4 time, 6370.9 real, 106.6 MB
[runlim] sample:		6370.4 time, 6380.9 real, 79.7 MB
[runlim] sample:		6380.4 time, 6390.9 real, 88.8 MB
[runlim] sample:		6390.3 time, 6400.9 real, 109.7 MB
[runlim] sample:		6400.3 time, 6410.9 real, 110.2 MB
[runlim] sample:		6410.3 time, 6420.9 real, 110.7 MB
[runlim] sample:		6420.3 time, 6430.9 real, 111.0 MB
[runlim] sample:		6430.3 time, 6440.9 real, 111.0 MB
[runlim] sample:		6440.3 time, 6450.9 real, 111.0 MB
[runlim] sample:		6450.2 time, 6460.9 real, 111.0 MB
[runlim] sample:		6460.2 time, 6470.9 real, 111.0 MB
[runlim] sample:		6470.2 time, 6480.9 real, 111.0 MB
[runlim] sample:		6480.2 time, 6490.9 real, 111.2 MB
[runlim] sample:		6490.2 time, 6500.9 real, 111.2 MB
[runlim] sample:		6500.2 time, 6510.9 real, 125.1 MB
[runlim] sample:		6510.1 time, 6520.9 real, 83.0 MB
[runlim] sample:		6520.1 time, 6530.9 real, 110.3 MB
[runlim] sample:		6530.1 time, 6540.9 real, 110.5 MB
[runlim] sample:		6540.1 time, 6550.9 real, 111.3 MB
[runlim] sample:		6550.1 time, 6560.9 real, 111.3 MB
[runlim] sample:		6560.1 time, 6570.9 real, 111.3 MB
[runlim] sample:		6570.1 time, 6580.9 real, 111.8 MB
[runlim] sample:		6580.0 time, 6590.9 real, 112.6 MB
[runlim] sample:		6590.0 time, 6600.9 real, 112.6 MB
[runlim] sample:		6600.0 time, 6610.9 real, 112.6 MB
[runlim] sample:		6610.0 time, 6620.9 real, 112.6 MB
[runlim] sample:		6620.0 time, 6630.9 real, 112.6 MB
[runlim] sample:		6630.0 time, 6640.9 real, 112.6 MB
[runlim] sample:		6639.9 time, 6650.9 real, 112.6 MB
[runlim] sample:		6649.9 time, 6660.9 real, 112.6 MB
[runlim] sample:		6659.9 time, 6670.9 real, 112.8 MB
[runlim] sample:		6669.9 time, 6680.9 real, 112.8 MB
[runlim] sample:		6679.9 time, 6690.9 real, 112.8 MB
[runlim] sample:		6689.9 time, 6700.9 real, 112.8 MB
[runlim] sample:		6699.9 time, 6710.9 real, 112.8 MB
[runlim] sample:		6709.9 time, 6720.9 real, 125.7 MB
[runlim] sample:		6719.8 time, 6730.9 real, 88.5 MB
[runlim] sample:		6729.8 time, 6740.9 real, 110.9 MB
[runlim] sample:		6739.8 time, 6750.9 real, 125.6 MB
[runlim] sample:		6749.8 time, 6760.9 real, 125.6 MB
[runlim] sample:		6759.8 time, 6770.9 real, 125.6 MB
[runlim] sample:		6769.8 time, 6780.9 real, 125.6 MB
[runlim] sample:		6779.7 time, 6790.9 real, 125.6 MB
[runlim] sample:		6789.7 time, 6800.9 real, 110.4 MB
[runlim] sample:		6799.7 time, 6810.9 real, 110.7 MB
[runlim] sample:		6809.7 time, 6820.9 real, 125.7 MB
[runlim] sample:		6819.7 time, 6830.9 real, 126.9 MB
[runlim] sample:		6829.7 time, 6840.9 real, 126.9 MB
[runlim] sample:		6839.6 time, 6850.9 real, 126.9 MB
[runlim] sample:		6849.6 time, 6860.9 real, 126.9 MB
[runlim] sample:		6859.6 time, 6870.9 real, 126.9 MB
[runlim] sample:		6869.6 time, 6880.9 real, 126.9 MB
[runlim] sample:		6879.6 time, 6890.9 real, 126.9 MB
[runlim] sample:		6889.6 time, 6900.9 real, 126.9 MB
[runlim] sample:		6899.6 time, 6910.9 real, 126.9 MB
[runlim] sample:		6909.5 time, 6920.9 real, 126.9 MB
[runlim] sample:		6919.5 time, 6930.9 real, 126.9 MB
[runlim] sample:		6929.5 time, 6940.9 real, 126.9 MB
[runlim] sample:		6939.5 time, 6950.9 real, 126.9 MB
[runlim] sample:		6949.5 time, 6960.9 real, 126.9 MB
[runlim] sample:		6959.4 time, 6970.9 real, 126.9 MB
[runlim] sample:		6969.4 time, 6980.9 real, 126.9 MB
[runlim] sample:		6979.4 time, 6990.9 real, 126.9 MB
[runlim] sample:		6989.4 time, 7000.9 real, 126.9 MB
[runlim] sample:		6999.4 time, 7010.9 real, 126.9 MB
[runlim] sample:		7009.4 time, 7020.9 real, 126.9 MB
[runlim] sample:		7019.4 time, 7030.9 real, 126.9 MB
[runlim] sample:		7029.3 time, 7040.9 real, 126.9 MB
[runlim] sample:		7039.3 time, 7050.9 real, 126.9 MB
[runlim] sample:		7049.3 time, 7060.9 real, 126.9 MB
[runlim] sample:		7059.3 time, 7070.9 real, 126.9 MB
[runlim] sample:		7069.3 time, 7080.9 real, 126.9 MB
[runlim] sample:		7079.3 time, 7090.9 real, 126.9 MB
[runlim] sample:		7089.2 time, 7100.9 real, 126.9 MB
[runlim] sample:		7099.2 time, 7110.9 real, 126.9 MB
[runlim] sample:		7109.2 time, 7120.9 real, 126.9 MB
[runlim] sample:		7119.2 time, 7130.9 real, 126.9 MB
[runlim] sample:		7129.2 time, 7140.9 real, 126.9 MB
[runlim] sample:		7139.2 time, 7150.9 real, 126.9 MB
[runlim] sample:		7149.1 time, 7160.9 real, 126.9 MB
[runlim] sample:		7159.1 time, 7170.9 real, 126.9 MB
[runlim] sample:		7169.1 time, 7180.9 real, 126.9 MB
[runlim] sample:		7179.1 time, 7190.9 real, 126.9 MB
[runlim] sample:		7189.1 time, 7200.9 real, 126.9 MB
[runlim] sample:		7199.1 time, 7210.9 real, 126.9 MB
[runlim] sample:		7209.1 time, 7220.9 real, 126.9 MB
[runlim] sample:		7219.0 time, 7230.9 real, 126.9 MB
[runlim] sample:		7229.0 time, 7240.9 real, 82.7 MB
[runlim] sample:		7239.0 time, 7250.9 real, 111.0 MB
[runlim] sample:		7249.0 time, 7260.9 real, 111.2 MB
[runlim] sample:		7259.0 time, 7270.9 real, 111.2 MB
[runlim] sample:		7269.0 time, 7280.9 real, 111.2 MB
[runlim] sample:		7278.9 time, 7290.9 real, 111.2 MB
[runlim] sample:		7288.9 time, 7300.9 real, 111.5 MB
[runlim] sample:		7298.9 time, 7310.9 real, 111.5 MB
[runlim] sample:		7308.9 time, 7320.9 real, 111.5 MB
[runlim] sample:		7318.9 time, 7330.9 real, 111.5 MB
[runlim] sample:		7328.9 time, 7340.9 real, 126.2 MB
[runlim] sample:		7338.9 time, 7350.9 real, 126.2 MB
[runlim] sample:		7348.8 time, 7360.9 real, 126.7 MB
[runlim] sample:		7358.8 time, 7370.9 real, 126.7 MB
[runlim] sample:		7368.8 time, 7380.9 real, 126.7 MB
[runlim] sample:		7378.8 time, 7390.9 real, 126.7 MB
[runlim] sample:		7388.8 time, 7400.9 real, 126.7 MB
[runlim] sample:		7398.8 time, 7410.9 real, 126.7 MB
[runlim] sample:		7408.7 time, 7420.9 real, 126.7 MB
[runlim] sample:		7418.7 time, 7430.9 real, 126.7 MB
[runlim] sample:		7428.7 time, 7440.9 real, 126.7 MB
[runlim] sample:		7438.7 time, 7450.9 real, 126.7 MB
[runlim] sample:		7448.7 time, 7460.9 real, 126.7 MB
[runlim] sample:		7458.6 time, 7470.9 real, 126.7 MB
[runlim] sample:		7468.6 time, 7480.9 real, 126.7 MB
[runlim] sample:		7478.6 time, 7490.9 real, 126.7 MB
[runlim] sample:		7488.6 time, 7500.9 real, 126.7 MB
[runlim] sample:		7498.6 time, 7510.9 real, 88.5 MB
[runlim] sample:		7508.6 time, 7520.9 real, 111.2 MB
[runlim] sample:		7518.6 time, 7530.9 real, 126.1 MB
[runlim] sample:		7528.5 time, 7540.9 real, 107.6 MB
[runlim] sample:		7538.5 time, 7550.9 real, 85.2 MB
[runlim] sample:		7548.5 time, 7560.9 real, 111.9 MB
[runlim] sample:		7558.5 time, 7570.9 real, 111.9 MB
[runlim] sample:		7568.5 time, 7580.9 real, 111.9 MB
[runlim] sample:		7578.4 time, 7590.9 real, 112.7 MB
[runlim] sample:		7588.4 time, 7600.9 real, 112.7 MB
[runlim] sample:		7598.4 time, 7610.9 real, 112.7 MB
[runlim] sample:		7608.4 time, 7620.9 real, 112.7 MB
[runlim] sample:		7618.4 time, 7630.9 real, 112.7 MB
[runlim] sample:		7628.4 time, 7640.9 real, 126.6 MB
[runlim] sample:		7638.4 time, 7650.9 real, 85.5 MB
[runlim] sample:		7648.4 time, 7660.9 real, 111.2 MB
[runlim] sample:		7658.3 time, 7670.9 real, 111.7 MB
[runlim] sample:		7668.3 time, 7680.9 real, 111.7 MB
[runlim] sample:		7678.3 time, 7690.9 real, 126.9 MB
[runlim] sample:		7688.3 time, 7700.9 real, 83.5 MB
[runlim] sample:		7698.3 time, 7710.9 real, 115.5 MB
[runlim] sample:		7708.2 time, 7720.9 real, 120.5 MB
[runlim] sample:		7718.2 time, 7730.9 real, 121.1 MB
[runlim] sample:		7728.2 time, 7740.9 real, 121.6 MB
[runlim] sample:		7738.2 time, 7750.9 real, 121.6 MB
[runlim] sample:		7748.2 time, 7760.9 real, 128.2 MB
[runlim] sample:		7758.2 time, 7770.9 real, 138.4 MB
[runlim] sample:		7768.1 time, 7780.9 real, 138.4 MB
[runlim] sample:		7778.1 time, 7790.9 real, 138.4 MB
[runlim] sample:		7788.1 time, 7800.9 real, 138.4 MB
[runlim] sample:		7798.1 time, 7810.9 real, 138.4 MB
[runlim] sample:		7808.1 time, 7820.9 real, 138.4 MB
[runlim] sample:		7818.1 time, 7830.9 real, 138.4 MB
[runlim] sample:		7828.1 time, 7840.9 real, 138.4 MB
[runlim] sample:		7838.0 time, 7850.9 real, 138.4 MB
[runlim] sample:		7848.0 time, 7860.9 real, 82.9 MB
[runlim] sample:		7858.0 time, 7870.9 real, 111.2 MB
[runlim] sample:		7868.0 time, 7880.9 real, 111.2 MB
[runlim] sample:		7878.0 time, 7890.9 real, 112.4 MB
[runlim] sample:		7887.9 time, 7900.9 real, 112.4 MB
[runlim] sample:		7897.9 time, 7910.9 real, 127.4 MB
[runlim] sample:		7907.9 time, 7920.9 real, 86.2 MB
[runlim] sample:		7917.9 time, 7930.9 real, 111.1 MB
[runlim] sample:		7927.9 time, 7940.9 real, 111.6 MB
[runlim] sample:		7937.9 time, 7950.9 real, 112.4 MB
[runlim] sample:		7947.9 time, 7960.9 real, 112.4 MB
[runlim] sample:		7957.9 time, 7970.9 real, 112.4 MB
[runlim] sample:		7967.8 time, 7980.9 real, 127.4 MB
[runlim] sample:		7977.8 time, 7990.9 real, 127.4 MB
[runlim] sample:		7987.8 time, 8000.9 real, 127.4 MB
[runlim] sample:		7997.8 time, 8010.9 real, 127.4 MB
[runlim] sample:		8007.8 time, 8020.9 real, 99.2 MB
[runlim] sample:		8017.8 time, 8030.9 real, 102.3 MB
[runlim] sample:		8027.8 time, 8040.9 real, 82.9 MB
[runlim] sample:		8037.7 time, 8050.9 real, 110.9 MB
[runlim] sample:		8047.7 time, 8060.9 real, 111.7 MB
[runlim] sample:		8057.7 time, 8070.9 real, 111.7 MB
[runlim] sample:		8067.7 time, 8080.9 real, 112.7 MB
[runlim] sample:		8077.7 time, 8090.9 real, 112.9 MB
[runlim] sample:		8087.7 time, 8100.9 real, 112.9 MB
[runlim] sample:		8097.6 time, 8110.9 real, 113.2 MB
[runlim] sample:		8107.6 time, 8120.9 real, 113.2 MB
[runlim] sample:		8117.6 time, 8130.9 real, 126.9 MB
[runlim] sample:		8127.6 time, 8140.9 real, 126.9 MB
[runlim] sample:		8137.6 time, 8150.9 real, 126.9 MB
[runlim] sample:		8147.6 time, 8160.9 real, 126.9 MB
[runlim] sample:		8157.6 time, 8170.9 real, 126.9 MB
[runlim] sample:		8167.5 time, 8180.9 real, 126.9 MB
[runlim] sample:		8177.5 time, 8190.9 real, 126.9 MB
[runlim] sample:		8187.5 time, 8200.9 real, 126.9 MB
[runlim] sample:		8197.5 time, 8210.9 real, 127.1 MB
[runlim] sample:		8207.5 time, 8220.9 real, 127.1 MB
[runlim] sample:		8217.5 time, 8230.9 real, 105.7 MB
[runlim] sample:		8227.5 time, 8240.9 real, 85.5 MB
[runlim] sample:		8237.4 time, 8250.9 real, 112.2 MB
[runlim] sample:		8247.4 time, 8260.9 real, 112.2 MB
[runlim] sample:		8257.4 time, 8270.9 real, 113.0 MB
[runlim] sample:		8267.4 time, 8280.9 real, 113.0 MB
[runlim] sample:		8277.4 time, 8290.9 real, 113.3 MB
[runlim] sample:		8287.4 time, 8300.9 real, 113.5 MB
[runlim] sample:		8297.4 time, 8310.9 real, 114.0 MB
[runlim] sample:		8307.3 time, 8320.9 real, 128.0 MB
[runlim] sample:		8317.3 time, 8330.9 real, 128.0 MB
[runlim] sample:		8327.3 time, 8340.9 real, 128.0 MB
[runlim] sample:		8337.3 time, 8350.9 real, 128.0 MB
[runlim] sample:		8347.3 time, 8360.9 real, 128.0 MB
[runlim] sample:		8357.3 time, 8370.9 real, 128.0 MB
[runlim] sample:		8367.2 time, 8380.9 real, 128.0 MB
[runlim] sample:		8377.2 time, 8390.9 real, 128.0 MB
[runlim] sample:		8387.2 time, 8400.9 real, 128.0 MB
[runlim] sample:		8397.2 time, 8410.9 real, 128.0 MB
[runlim] sample:		8407.2 time, 8420.9 real, 129.8 MB
[runlim] sample:		8417.2 time, 8430.9 real, 129.8 MB
[runlim] sample:		8427.1 time, 8440.9 real, 129.8 MB
[runlim] sample:		8437.1 time, 8450.9 real, 129.8 MB
[runlim] sample:		8447.1 time, 8460.9 real, 129.8 MB
[runlim] sample:		8457.1 time, 8470.9 real, 129.8 MB
[runlim] sample:		8467.1 time, 8480.9 real, 129.8 MB
[runlim] sample:		8477.1 time, 8490.9 real, 129.8 MB
[runlim] sample:		8487.1 time, 8500.9 real, 129.8 MB
[runlim] sample:		8497.0 time, 8510.9 real, 129.8 MB
[runlim] sample:		8507.0 time, 8520.9 real, 129.8 MB
[runlim] sample:		8517.0 time, 8530.9 real, 129.8 MB
[runlim] sample:		8527.0 time, 8540.9 real, 129.8 MB
[runlim] sample:		8537.0 time, 8550.9 real, 129.8 MB
[runlim] sample:		8547.0 time, 8560.9 real, 129.8 MB
[runlim] sample:		8557.0 time, 8570.9 real, 104.4 MB
[runlim] sample:		8567.0 time, 8580.9 real, 102.9 MB
[runlim] sample:		8576.9 time, 8590.9 real, 111.0 MB
[runlim] sample:		8586.9 time, 8600.9 real, 111.8 MB
[runlim] sample:		8596.9 time, 8610.9 real, 127.0 MB
[runlim] sample:		8606.9 time, 8620.9 real, 102.5 MB
[runlim] sample:		8616.9 time, 8630.9 real, 82.4 MB
[runlim] sample:		8626.9 time, 8640.9 real, 110.1 MB
[runlim] sample:		8636.8 time, 8650.9 real, 138.7 MB
[runlim] sample:		8646.8 time, 8660.9 real, 111.1 MB
[runlim] sample:		8656.8 time, 8670.9 real, 112.4 MB
[runlim] sample:		8666.8 time, 8680.9 real, 128.6 MB
[runlim] sample:		8676.8 time, 8690.9 real, 128.6 MB
[runlim] sample:		8686.8 time, 8700.9 real, 102.0 MB
[runlim] sample:		8696.7 time, 8710.9 real, 104.8 MB
[runlim] sample:		8706.7 time, 8720.9 real, 105.3 MB
[runlim] sample:		8716.7 time, 8730.9 real, 106.1 MB
[runlim] sample:		8726.7 time, 8740.9 real, 104.5 MB
[runlim] sample:		8736.7 time, 8750.9 real, 83.9 MB
[runlim] sample:		8746.7 time, 8760.9 real, 110.3 MB
[runlim] sample:		8756.6 time, 8770.9 real, 126.3 MB
[runlim] sample:		8766.6 time, 8780.9 real, 127.6 MB
[runlim] sample:		8776.6 time, 8790.9 real, 127.6 MB
[runlim] sample:		8786.6 time, 8800.9 real, 108.5 MB
[runlim] sample:		8796.6 time, 8810.9 real, 83.8 MB
[runlim] sample:		8806.6 time, 8820.9 real, 111.0 MB
[runlim] sample:		8816.6 time, 8830.9 real, 112.0 MB
[runlim] sample:		8826.5 time, 8840.9 real, 112.0 MB
[runlim] sample:		8836.5 time, 8850.9 real, 112.5 MB
[runlim] sample:		8846.5 time, 8860.9 real, 112.5 MB
[runlim] sample:		8856.5 time, 8870.9 real, 112.5 MB
[runlim] sample:		8866.5 time, 8880.9 real, 112.5 MB
[runlim] sample:		8876.5 time, 8890.9 real, 127.0 MB
[runlim] sample:		8886.5 time, 8900.9 real, 108.2 MB
[runlim] sample:		8896.4 time, 8910.9 real, 102.4 MB
[runlim] sample:		8906.4 time, 8920.9 real, 112.0 MB
[runlim] sample:		8916.4 time, 8930.9 real, 111.5 MB
[runlim] sample:		8926.4 time, 8940.9 real, 126.7 MB
[runlim] sample:		8936.4 time, 8950.9 real, 101.7 MB
[runlim] sample:		8946.4 time, 8960.9 real, 111.3 MB
[runlim] sample:		8956.3 time, 8970.9 real, 101.2 MB
[runlim] sample:		8966.3 time, 8980.9 real, 103.6 MB
[runlim] sample:		8976.3 time, 8990.9 real, 81.9 MB
[runlim] sample:		8986.3 time, 9000.9 real, 111.1 MB
[runlim] sample:		8996.3 time, 9010.9 real, 111.9 MB
[runlim] sample:		9006.3 time, 9020.9 real, 127.1 MB
[runlim] sample:		9016.2 time, 9030.9 real, 102.4 MB
[runlim] sample:		9026.2 time, 9040.9 real, 112.3 MB
[runlim] sample:		9036.2 time, 9050.9 real, 102.6 MB
[runlim] sample:		9046.2 time, 9060.9 real, 102.7 MB
[runlim] sample:		9056.2 time, 9070.9 real, 103.9 MB
[runlim] sample:		9066.2 time, 9080.9 real, 105.4 MB
[runlim] sample:		9076.1 time, 9090.9 real, 106.5 MB
[runlim] sample:		9086.1 time, 9100.9 real, 107.2 MB
[runlim] sample:		9096.1 time, 9110.9 real, 106.5 MB
[runlim] sample:		9106.1 time, 9120.9 real, 108.0 MB
[runlim] sample:		9116.1 time, 9130.9 real, 111.0 MB
[runlim] sample:		9126.0 time, 9140.9 real, 104.4 MB
[runlim] sample:		9136.0 time, 9150.9 real, 107.5 MB
[runlim] sample:		9146.0 time, 9160.9 real, 112.8 MB
[runlim] sample:		9156.0 time, 9170.9 real, 110.5 MB
[runlim] sample:		9166.0 time, 9180.9 real, 108.2 MB
[runlim] sample:		9176.0 time, 9190.9 real, 105.4 MB
[runlim] sample:		9186.0 time, 9200.9 real, 103.7 MB
[runlim] sample:		9195.9 time, 9210.9 real, 102.6 MB
[runlim] sample:		9205.9 time, 9220.9 real, 112.3 MB
[runlim] sample:		9215.9 time, 9230.9 real, 111.0 MB
[runlim] sample:		9225.9 time, 9240.9 real, 110.0 MB
[runlim] sample:		9235.9 time, 9250.9 real, 110.0 MB
[runlim] sample:		9245.9 time, 9260.9 real, 112.3 MB
[runlim] sample:		9255.9 time, 9270.9 real, 103.9 MB
[runlim] sample:		9265.8 time, 9280.9 real, 102.9 MB
[runlim] sample:		9275.8 time, 9290.9 real, 80.5 MB
[runlim] sample:		9285.8 time, 9300.9 real, 102.6 MB
[runlim] sample:		9295.8 time, 9310.9 real, 103.4 MB
[runlim] sample:		9305.8 time, 9320.9 real, 108.2 MB
[runlim] sample:		9315.8 time, 9330.9 real, 83.3 MB
[runlim] sample:		9325.8 time, 9340.9 real, 115.1 MB
[runlim] sample:		9335.7 time, 9350.9 real, 120.7 MB
[runlim] sample:		9345.7 time, 9360.9 real, 134.7 MB
[runlim] sample:		9355.7 time, 9370.9 real, 138.8 MB
[runlim] sample:		9365.7 time, 9380.9 real, 138.8 MB
[runlim] sample:		9375.7 time, 9390.9 real, 139.5 MB
[runlim] sample:		9385.6 time, 9400.9 real, 139.5 MB
[runlim] sample:		9395.6 time, 9410.9 real, 139.5 MB
[runlim] sample:		9405.6 time, 9420.9 real, 139.5 MB
[runlim] sample:		9415.6 time, 9430.9 real, 139.5 MB
[runlim] sample:		9425.6 time, 9440.9 real, 105.2 MB
[runlim] sample:		9435.6 time, 9450.9 real, 103.5 MB
[runlim] sample:		9445.5 time, 9460.9 real, 102.2 MB
[runlim] sample:		9455.5 time, 9470.9 real, 111.5 MB
[runlim] sample:		9465.5 time, 9480.9 real, 109.8 MB
[runlim] sample:		9475.5 time, 9490.9 real, 110.3 MB
[runlim] sample:		9485.5 time, 9500.9 real, 105.0 MB
[runlim] sample:		9495.5 time, 9510.9 real, 103.2 MB
[runlim] sample:		9505.5 time, 9520.9 real, 111.4 MB
[runlim] sample:		9515.4 time, 9530.9 real, 110.6 MB
[runlim] sample:		9525.4 time, 9540.9 real, 111.1 MB
[runlim] sample:		9535.4 time, 9550.9 real, 111.3 MB
[runlim] sample:		9545.4 time, 9560.9 real, 109.3 MB
[runlim] sample:		9555.4 time, 9570.9 real, 107.8 MB
[runlim] sample:		9565.4 time, 9580.9 real, 108.8 MB
[runlim] sample:		9575.3 time, 9590.9 real, 109.9 MB
[runlim] sample:		9585.3 time, 9600.9 real, 110.3 MB
[runlim] sample:		9595.3 time, 9610.9 real, 107.8 MB
[runlim] sample:		9605.3 time, 9620.9 real, 108.5 MB
[runlim] sample:		9615.3 time, 9630.9 real, 109.8 MB
[runlim] sample:		9625.3 time, 9640.9 real, 111.6 MB
[runlim] sample:		9635.2 time, 9650.9 real, 111.6 MB
[runlim] sample:		9645.2 time, 9660.9 real, 109.3 MB
[runlim] sample:		9655.2 time, 9670.9 real, 110.1 MB
[runlim] sample:		9665.2 time, 9680.9 real, 133.0 MB
[runlim] sample:		9675.2 time, 9690.9 real, 111.2 MB
[runlim] sample:		9685.2 time, 9700.9 real, 136.2 MB
[runlim] sample:		9695.2 time, 9710.9 real, 112.8 MB
[runlim] sample:		9705.1 time, 9720.9 real, 113.3 MB
[runlim] sample:		9715.1 time, 9730.9 real, 113.3 MB
[runlim] sample:		9725.1 time, 9740.9 real, 113.3 MB
[runlim] sample:		9735.1 time, 9750.9 real, 143.1 MB
[runlim] sample:		9745.1 time, 9760.9 real, 113.4 MB
[runlim] sample:		9755.0 time, 9770.9 real, 113.4 MB
[runlim] sample:		9765.0 time, 9780.9 real, 113.4 MB
[runlim] sample:		9775.0 time, 9790.9 real, 113.4 MB
[runlim] sample:		9785.0 time, 9800.9 real, 141.6 MB
[runlim] sample:		9795.0 time, 9810.9 real, 113.4 MB
[runlim] sample:		9805.0 time, 9820.9 real, 129.3 MB
[runlim] sample:		9814.9 time, 9830.9 real, 129.3 MB
[runlim] sample:		9824.9 time, 9840.9 real, 129.3 MB
[runlim] sample:		9834.9 time, 9850.9 real, 129.3 MB
[runlim] sample:		9844.9 time, 9860.9 real, 129.3 MB
[runlim] sample:		9854.9 time, 9870.9 real, 129.3 MB
[runlim] sample:		9864.9 time, 9880.9 real, 129.3 MB
[runlim] sample:		9874.9 time, 9890.9 real, 102.3 MB
[runlim] sample:		9884.8 time, 9900.9 real, 112.1 MB
[runlim] sample:		9894.8 time, 9910.9 real, 112.2 MB
[runlim] sample:		9904.8 time, 9920.9 real, 111.6 MB
[runlim] sample:		9914.8 time, 9930.9 real, 112.6 MB
[runlim] sample:		9924.8 time, 9940.9 real, 111.6 MB
[runlim] sample:		9934.8 time, 9950.9 real, 112.1 MB
[runlim] sample:		9944.7 time, 9960.9 real, 109.8 MB
[runlim] sample:		9954.7 time, 9970.9 real, 109.0 MB
[runlim] sample:		9964.7 time, 9980.9 real, 108.5 MB
[runlim] sample:		9974.7 time, 9990.9 real, 109.1 MB
[runlim] sample:		9984.7 time, 10000.9 real, 106.8 MB
[runlim] sample:		9994.6 time, 10010.9 real, 106.8 MB
[runlim] sample:		10004.6 time, 10020.9 real, 107.2 MB
[runlim] sample:		10014.6 time, 10030.9 real, 107.0 MB
[runlim] sample:		10024.6 time, 10040.9 real, 106.7 MB
[runlim] sample:		10034.6 time, 10050.9 real, 106.0 MB
[runlim] sample:		10044.6 time, 10060.9 real, 105.2 MB
[runlim] sample:		10054.5 time, 10070.9 real, 107.2 MB
[runlim] sample:		10064.5 time, 10080.9 real, 106.4 MB
[runlim] sample:		10074.5 time, 10090.9 real, 104.9 MB
[runlim] sample:		10084.5 time, 10100.9 real, 102.3 MB
[runlim] sample:		10094.5 time, 10110.9 real, 112.2 MB
[runlim] sample:		10104.5 time, 10120.9 real, 112.2 MB
[runlim] sample:		10114.5 time, 10130.9 real, 110.9 MB
[runlim] sample:		10124.4 time, 10140.9 real, 109.7 MB
[runlim] sample:		10134.4 time, 10150.9 real, 109.2 MB
[runlim] sample:		10144.4 time, 10160.9 real, 113.2 MB
[runlim] sample:		10154.4 time, 10170.9 real, 109.2 MB
[runlim] sample:		10164.4 time, 10180.9 real, 109.2 MB
[runlim] sample:		10174.4 time, 10190.9 real, 107.7 MB
[runlim] sample:		10184.4 time, 10200.9 real, 105.1 MB
[runlim] sample:		10194.3 time, 10210.9 real, 102.3 MB
[runlim] sample:		10204.3 time, 10220.9 real, 111.2 MB
[runlim] sample:		10214.3 time, 10230.9 real, 108.4 MB
[runlim] sample:		10224.3 time, 10240.9 real, 107.4 MB
[runlim] sample:		10234.3 time, 10250.9 real, 105.1 MB
[runlim] sample:		10244.2 time, 10260.9 real, 105.1 MB
[runlim] sample:		10254.2 time, 10270.9 real, 104.1 MB
[runlim] sample:		10264.2 time, 10280.9 real, 102.6 MB
[runlim] sample:		10274.2 time, 10290.9 real, 110.7 MB
[runlim] sample:		10284.2 time, 10300.9 real, 111.2 MB
[runlim] sample:		10294.1 time, 10310.9 real, 107.1 MB
[runlim] sample:		10304.1 time, 10320.9 real, 104.1 MB
[runlim] sample:		10314.1 time, 10330.9 real, 104.3 MB
[runlim] sample:		10324.1 time, 10340.9 real, 105.1 MB
[runlim] sample:		10334.1 time, 10350.9 real, 105.9 MB
[runlim] sample:		10344.1 time, 10360.9 real, 107.7 MB
[runlim] sample:		10354.0 time, 10370.9 real, 106.7 MB
[runlim] sample:		10364.0 time, 10380.9 real, 107.5 MB
[runlim] sample:		10374.0 time, 10390.9 real, 108.7 MB
[runlim] sample:		10384.0 time, 10400.9 real, 106.7 MB
[runlim] sample:		10394.0 time, 10410.9 real, 107.2 MB
[runlim] sample:		10404.0 time, 10420.9 real, 109.5 MB
[runlim] sample:		10414.0 time, 10430.9 real, 112.0 MB
[runlim] sample:		10424.0 time, 10440.9 real, 106.2 MB
[runlim] sample:		10433.9 time, 10450.9 real, 104.2 MB
[runlim] sample:		10443.9 time, 10460.9 real, 112.6 MB
[runlim] sample:		10453.9 time, 10470.9 real, 109.2 MB
[runlim] sample:		10463.9 time, 10480.9 real, 109.0 MB
[runlim] sample:		10473.9 time, 10490.9 real, 109.0 MB
[runlim] sample:		10483.9 time, 10500.9 real, 107.0 MB
[runlim] sample:		10493.8 time, 10510.9 real, 103.6 MB
[runlim] sample:		10503.8 time, 10520.9 real, 112.7 MB
[runlim] sample:		10513.8 time, 10530.9 real, 112.3 MB
[runlim] sample:		10523.8 time, 10540.9 real, 109.5 MB
[runlim] sample:		10533.8 time, 10550.9 real, 110.0 MB
[runlim] sample:		10543.8 time, 10560.9 real, 110.2 MB
[runlim] sample:		10553.7 time, 10570.9 real, 108.0 MB
[runlim] sample:		10563.7 time, 10580.9 real, 106.0 MB
[runlim] sample:		10573.7 time, 10590.9 real, 102.7 MB
[runlim] sample:		10583.7 time, 10600.9 real, 111.5 MB
[runlim] sample:		10593.7 time, 10610.9 real, 109.3 MB
[runlim] sample:		10603.7 time, 10620.9 real, 107.3 MB
[runlim] sample:		10613.6 time, 10630.9 real, 105.8 MB
[runlim] sample:		10623.6 time, 10640.9 real, 113.1 MB
[runlim] sample:		10633.6 time, 10650.9 real, 113.3 MB
[runlim] sample:		10643.6 time, 10660.9 real, 109.8 MB
[runlim] sample:		10653.6 time, 10670.9 real, 108.0 MB
[runlim] sample:		10663.6 time, 10680.9 real, 107.5 MB
[runlim] sample:		10673.5 time, 10690.9 real, 109.3 MB
[runlim] sample:		10683.5 time, 10700.9 real, 110.6 MB
[runlim] sample:		10693.5 time, 10710.9 real, 112.1 MB
[runlim] sample:		10703.5 time, 10720.9 real, 114.5 MB
[runlim] sample:		10713.5 time, 10730.9 real, 113.8 MB
[runlim] sample:		10723.5 time, 10740.9 real, 111.2 MB
[runlim] sample:		10733.4 time, 10750.9 real, 112.5 MB
[runlim] sample:		10743.4 time, 10760.9 real, 113.3 MB
[runlim] sample:		10753.4 time, 10770.9 real, 109.9 MB
[runlim] sample:		10763.4 time, 10780.9 real, 108.4 MB
[runlim] sample:		10773.4 time, 10790.9 real, 109.2 MB
[runlim] sample:		10783.4 time, 10800.9 real, 109.4 MB
[runlim] sample:		10793.3 time, 10810.9 real, 112.9 MB
[runlim] sample:		10803.3 time, 10820.9 real, 103.6 MB
[runlim] sample:		10813.3 time, 10830.9 real, 103.6 MB
[runlim] sample:		10823.3 time, 10840.9 real, 113.0 MB
[runlim] sample:		10833.3 time, 10850.9 real, 111.9 MB
[runlim] sample:		10843.2 time, 10860.9 real, 110.7 MB
[runlim] sample:		10853.2 time, 10870.9 real, 109.9 MB
[runlim] sample:		10863.2 time, 10880.9 real, 114.1 MB
[runlim] sample:		10873.2 time, 10890.9 real, 108.4 MB
[runlim] sample:		10883.2 time, 10900.9 real, 106.1 MB
[runlim] sample:		10893.1 time, 10910.9 real, 104.8 MB
[runlim] sample:		10903.1 time, 10920.9 real, 110.2 MB
[runlim] sample:		10913.1 time, 10930.9 real, 107.1 MB
[runlim] sample:		10923.1 time, 10940.9 real, 104.8 MB
[runlim] sample:		10933.1 time, 10950.9 real, 113.3 MB
[runlim] sample:		10943.1 time, 10960.9 real, 111.4 MB
[runlim] sample:		10953.1 time, 10970.9 real, 109.7 MB
[runlim] sample:		10963.0 time, 10980.9 real, 108.6 MB
[runlim] sample:		10973.0 time, 10990.9 real, 107.1 MB
[runlim] sample:		10983.0 time, 11000.9 real, 105.1 MB
[runlim] sample:		10993.0 time, 11010.9 real, 105.8 MB
[runlim] sample:		11003.0 time, 11020.9 real, 103.8 MB
[runlim] sample:		11013.0 time, 11030.9 real, 104.1 MB
[runlim] sample:		11022.9 time, 11040.9 real, 103.8 MB
[runlim] sample:		11032.9 time, 11050.9 real, 105.1 MB
[runlim] sample:		11042.9 time, 11060.9 real, 104.8 MB
[runlim] sample:		11052.9 time, 11070.9 real, 105.6 MB
[runlim] sample:		11062.9 time, 11080.9 real, 105.1 MB
[runlim] sample:		11072.9 time, 11090.9 real, 113.7 MB
[runlim] sample:		11082.8 time, 11100.9 real, 113.8 MB
[runlim] sample:		11092.8 time, 11110.9 real, 103.1 MB
[runlim] sample:		11102.8 time, 11120.9 real, 104.1 MB
[runlim] sample:		11112.8 time, 11130.9 real, 108.1 MB
[runlim] sample:		11122.8 time, 11140.9 real, 112.7 MB
[runlim] sample:		11132.8 time, 11150.9 real, 112.0 MB
[runlim] sample:		11142.8 time, 11160.9 real, 111.2 MB
[runlim] sample:		11152.7 time, 11170.9 real, 104.8 MB
[runlim] sample:		11162.7 time, 11180.9 real, 106.9 MB
[runlim] sample:		11172.7 time, 11190.9 real, 105.1 MB
[runlim] sample:		11182.7 time, 11200.9 real, 104.1 MB
[runlim] sample:		11192.7 time, 11210.9 real, 113.5 MB
[runlim] sample:		11202.7 time, 11220.9 real, 106.4 MB
[runlim] sample:		11212.6 time, 11230.9 real, 109.2 MB
[runlim] sample:		11222.6 time, 11240.9 real, 107.1 MB
[runlim] sample:		11232.6 time, 11250.9 real, 105.9 MB
[runlim] sample:		11242.6 time, 11260.9 real, 107.9 MB
[runlim] sample:		11252.6 time, 11270.9 real, 113.5 MB
[runlim] sample:		11262.6 time, 11280.9 real, 111.2 MB
[runlim] sample:		11272.5 time, 11290.9 real, 108.9 MB
[runlim] sample:		11282.5 time, 11300.9 real, 105.1 MB
[runlim] sample:		11292.5 time, 11310.9 real, 103.3 MB
[runlim] sample:		11302.5 time, 11320.9 real, 112.2 MB
[runlim] sample:		11312.5 time, 11330.9 real, 110.7 MB
[runlim] sample:		11322.5 time, 11340.9 real, 108.6 MB
[runlim] sample:		11332.4 time, 11350.9 real, 108.4 MB
[runlim] sample:		11342.4 time, 11360.9 real, 104.1 MB
[runlim] sample:		11352.4 time, 11370.9 real, 111.2 MB
[runlim] sample:		11362.4 time, 11380.9 real, 111.7 MB
[runlim] sample:		11372.4 time, 11390.9 real, 111.7 MB
[runlim] sample:		11382.4 time, 11400.9 real, 109.2 MB
[runlim] sample:		11392.4 time, 11410.9 real, 110.7 MB
[runlim] sample:		11402.3 time, 11420.9 real, 107.9 MB
[runlim] sample:		11412.3 time, 11430.9 real, 106.6 MB
[runlim] sample:		11422.3 time, 11440.9 real, 107.1 MB
[runlim] sample:		11432.3 time, 11450.9 real, 107.4 MB
[runlim] sample:		11442.3 time, 11460.9 real, 107.1 MB
[runlim] sample:		11452.3 time, 11470.9 real, 104.6 MB
[runlim] sample:		11462.2 time, 11480.9 real, 103.6 MB
[runlim] sample:		11472.2 time, 11490.9 real, 105.3 MB
[runlim] sample:		11482.2 time, 11500.9 real, 104.9 MB
[runlim] sample:		11492.2 time, 11510.9 real, 103.9 MB
[runlim] sample:		11502.2 time, 11520.9 real, 111.8 MB
[runlim] sample:		11512.2 time, 11530.9 real, 111.7 MB
[runlim] sample:		11522.1 time, 11540.9 real, 109.2 MB
[runlim] sample:		11532.1 time, 11550.9 real, 108.6 MB
[runlim] sample:		11542.1 time, 11560.9 real, 107.1 MB
[runlim] sample:		11552.1 time, 11570.9 real, 107.4 MB
[runlim] sample:		11562.1 time, 11580.9 real, 109.9 MB
[runlim] sample:		11572.1 time, 11590.9 real, 108.1 MB
[runlim] sample:		11582.0 time, 11600.9 real, 105.1 MB
[runlim] sample:		11592.0 time, 11610.9 real, 104.8 MB
[runlim] sample:		11602.0 time, 11620.9 real, 113.2 MB
[runlim] sample:		11612.0 time, 11630.9 real, 113.4 MB
[runlim] sample:		11622.0 time, 11640.9 real, 114.5 MB
[runlim] sample:		11632.0 time, 11650.9 real, 109.4 MB
[runlim] sample:		11642.0 time, 11660.9 real, 106.6 MB
[runlim] sample:		11651.9 time, 11670.9 real, 104.3 MB
[runlim] sample:		11661.9 time, 11680.9 real, 112.7 MB
[runlim] sample:		11671.9 time, 11690.9 real, 112.4 MB
[runlim] sample:		11681.9 time, 11700.9 real, 110.9 MB
[runlim] sample:		11691.9 time, 11710.9 real, 108.9 MB
[runlim] sample:		11701.9 time, 11720.9 real, 109.9 MB
[runlim] sample:		11711.9 time, 11730.9 real, 107.6 MB
[runlim] sample:		11721.8 time, 11740.9 real, 106.1 MB
[runlim] sample:		11731.8 time, 11750.9 real, 114.0 MB
[runlim] sample:		11741.8 time, 11760.9 real, 114.2 MB
[runlim] sample:		11751.8 time, 11770.9 real, 114.2 MB
[runlim] sample:		11761.8 time, 11780.9 real, 114.2 MB
[runlim] sample:		11771.8 time, 11790.9 real, 112.9 MB
[runlim] sample:		11781.7 time, 11800.9 real, 112.4 MB
[runlim] sample:		11791.7 time, 11810.9 real, 113.0 MB
[runlim] sample:		11801.7 time, 11820.9 real, 111.7 MB
[runlim] sample:		11811.7 time, 11830.9 real, 113.2 MB
[runlim] sample:		11821.7 time, 11840.9 real, 112.8 MB
[runlim] sample:		11831.6 time, 11850.9 real, 109.1 MB
[runlim] sample:		11841.6 time, 11860.9 real, 106.1 MB
[runlim] sample:		11851.6 time, 11870.9 real, 112.7 MB
[runlim] sample:		11861.6 time, 11880.9 real, 112.4 MB
[runlim] sample:		11871.6 time, 11890.9 real, 109.9 MB
[runlim] sample:		11881.6 time, 11900.9 real, 107.3 MB
[runlim] sample:		11891.5 time, 11910.9 real, 105.6 MB
[runlim] sample:		11901.5 time, 11920.9 real, 107.4 MB
[runlim] sample:		11911.5 time, 11930.9 real, 108.4 MB
[runlim] sample:		11921.5 time, 11940.9 real, 107.1 MB
[runlim] sample:		11931.5 time, 11950.9 real, 107.1 MB
[runlim] sample:		11941.5 time, 11960.9 real, 104.8 MB
[runlim] sample:		11951.5 time, 11970.9 real, 106.3 MB
[runlim] sample:		11961.4 time, 11980.9 real, 107.6 MB
[runlim] sample:		11971.4 time, 11990.9 real, 108.1 MB
[runlim] sample:		11981.4 time, 12000.9 real, 108.3 MB
[runlim] sample:		11991.4 time, 12010.9 real, 106.6 MB
[runlim] sample:		12001.4 time, 12020.9 real, 106.8 MB
[runlim] sample:		12011.4 time, 12030.9 real, 114.2 MB
[runlim] sample:		12021.3 time, 12040.9 real, 110.6 MB
[runlim] sample:		12031.3 time, 12050.9 real, 107.6 MB
[runlim] sample:		12041.3 time, 12060.9 real, 106.0 MB
[runlim] sample:		12051.3 time, 12070.9 real, 114.9 MB
[runlim] sample:		12061.3 time, 12080.9 real, 112.4 MB
[runlim] sample:		12071.3 time, 12090.9 real, 111.1 MB
[runlim] sample:		12081.2 time, 12100.9 real, 106.8 MB
[runlim] sample:		12091.2 time, 12110.9 real, 106.8 MB
[runlim] sample:		12101.2 time, 12120.9 real, 106.3 MB
[runlim] sample:		12111.2 time, 12130.9 real, 104.5 MB
[runlim] sample:		12121.2 time, 12140.9 real, 113.2 MB
[runlim] sample:		12131.2 time, 12150.9 real, 113.9 MB
[runlim] sample:		12141.1 time, 12160.9 real, 112.4 MB
[runlim] sample:		12151.1 time, 12170.9 real, 112.2 MB
[runlim] sample:		12161.1 time, 12180.9 real, 110.9 MB
[runlim] sample:		12171.1 time, 12190.9 real, 110.4 MB
[runlim] sample:		12181.1 time, 12200.9 real, 113.7 MB
[runlim] sample:		12191.1 time, 12210.9 real, 112.4 MB
[runlim] sample:		12201.1 time, 12220.9 real, 109.6 MB
[runlim] sample:		12211.0 time, 12230.9 real, 108.3 MB
[runlim] sample:		12221.0 time, 12240.9 real, 108.6 MB
[runlim] sample:		12231.0 time, 12250.9 real, 109.1 MB
[runlim] sample:		12241.0 time, 12260.9 real, 112.4 MB
[runlim] sample:		12251.0 time, 12270.9 real, 107.6 MB
[runlim] sample:		12261.0 time, 12280.9 real, 105.0 MB
[runlim] sample:		12271.0 time, 12290.9 real, 112.9 MB
[runlim] sample:		12280.9 time, 12300.9 real, 106.3 MB
[runlim] sample:		12290.9 time, 12310.9 real, 108.1 MB
[runlim] sample:		12300.9 time, 12320.9 real, 104.3 MB
[runlim] sample:		12310.9 time, 12330.9 real, 113.7 MB
[runlim] sample:		12320.9 time, 12340.9 real, 113.7 MB
[runlim] sample:		12330.9 time, 12350.9 real, 105.3 MB
[runlim] sample:		12340.8 time, 12360.9 real, 106.0 MB
[runlim] sample:		12350.8 time, 12370.9 real, 106.3 MB
[runlim] sample:		12360.8 time, 12380.9 real, 107.1 MB
[runlim] sample:		12370.8 time, 12390.9 real, 112.7 MB
[runlim] sample:		12380.8 time, 12400.9 real, 109.1 MB
[runlim] sample:		12390.8 time, 12410.9 real, 105.8 MB
[runlim] sample:		12400.7 time, 12420.9 real, 113.9 MB
[runlim] sample:		12410.7 time, 12430.9 real, 111.4 MB
[runlim] sample:		12420.7 time, 12440.9 real, 109.3 MB
[runlim] sample:		12430.7 time, 12450.9 real, 108.4 MB
[runlim] sample:		12440.7 time, 12460.9 real, 107.8 MB
[runlim] sample:		12450.7 time, 12470.9 real, 105.8 MB
[runlim] sample:		12460.6 time, 12480.9 real, 104.5 MB
[runlim] sample:		12470.6 time, 12490.9 real, 114.2 MB
[runlim] sample:		12480.6 time, 12500.9 real, 111.3 MB
[runlim] sample:		12490.6 time, 12510.9 real, 111.9 MB
[runlim] sample:		12500.6 time, 12520.9 real, 108.9 MB
[runlim] sample:		12510.6 time, 12530.9 real, 109.9 MB
[runlim] sample:		12520.6 time, 12540.9 real, 107.1 MB
[runlim] sample:		12530.5 time, 12550.9 real, 106.5 MB
[runlim] sample:		12540.5 time, 12560.9 real, 106.8 MB
[runlim] sample:		12550.5 time, 12570.9 real, 104.5 MB
[runlim] sample:		12560.5 time, 12580.9 real, 112.9 MB
[runlim] sample:		12570.5 time, 12590.9 real, 111.7 MB
[runlim] sample:		12580.4 time, 12600.9 real, 112.4 MB
[runlim] sample:		12590.4 time, 12610.9 real, 105.8 MB
[runlim] sample:		12600.4 time, 12620.9 real, 113.7 MB
[runlim] sample:		12610.4 time, 12630.9 real, 104.8 MB
[runlim] sample:		12620.4 time, 12640.9 real, 114.7 MB
[runlim] sample:		12630.4 time, 12650.9 real, 113.9 MB
[runlim] sample:		12640.3 time, 12660.9 real, 111.6 MB
[runlim] sample:		12650.3 time, 12670.9 real, 111.9 MB
[runlim] sample:		12660.3 time, 12680.9 real, 111.6 MB
[runlim] sample:		12670.3 time, 12690.9 real, 114.2 MB
[runlim] sample:		12680.3 time, 12700.9 real, 106.1 MB
[runlim] sample:		12690.3 time, 12710.9 real, 114.2 MB
[runlim] sample:		12700.2 time, 12720.9 real, 110.1 MB
[runlim] sample:		12710.2 time, 12730.9 real, 107.8 MB
[runlim] sample:		12720.2 time, 12740.9 real, 104.8 MB
[runlim] sample:		12730.2 time, 12750.9 real, 114.5 MB
[runlim] sample:		12740.2 time, 12760.9 real, 113.2 MB
[runlim] sample:		12750.2 time, 12770.9 real, 113.9 MB
[runlim] sample:		12760.2 time, 12780.9 real, 109.6 MB
[runlim] sample:		12770.1 time, 12790.9 real, 107.6 MB
[runlim] sample:		12780.1 time, 12800.9 real, 104.3 MB
[runlim] sample:		12790.1 time, 12810.9 real, 113.2 MB
[runlim] sample:		12800.1 time, 12820.9 real, 110.9 MB
[runlim] sample:		12810.1 time, 12830.9 real, 108.6 MB
[runlim] sample:		12820.1 time, 12840.9 real, 105.8 MB
[runlim] sample:		12830.0 time, 12850.9 real, 104.8 MB
[runlim] sample:		12840.0 time, 12860.9 real, 113.9 MB
[runlim] sample:		12850.0 time, 12870.9 real, 110.4 MB
[runlim] sample:		12860.0 time, 12880.9 real, 109.9 MB
[runlim] sample:		12870.0 time, 12890.9 real, 111.4 MB
[runlim] sample:		12880.0 time, 12900.9 real, 109.9 MB
[runlim] sample:		12889.9 time, 12910.9 real, 109.3 MB
[runlim] sample:		12899.9 time, 12920.9 real, 108.3 MB
[runlim] sample:		12909.9 time, 12930.9 real, 106.6 MB
[runlim] sample:		12919.9 time, 12940.9 real, 105.3 MB
[runlim] sample:		12929.9 time, 12950.9 real, 104.3 MB
[runlim] sample:		12939.9 time, 12960.9 real, 111.9 MB
[runlim] sample:		12949.8 time, 12970.9 real, 111.4 MB
[runlim] sample:		12959.8 time, 12980.9 real, 113.4 MB
[runlim] sample:		12969.8 time, 12990.9 real, 106.3 MB
[runlim] sample:		12979.8 time, 13000.9 real, 104.3 MB
[runlim] sample:		12989.8 time, 13010.9 real, 114.2 MB
[runlim] sample:		12999.8 time, 13020.9 real, 113.7 MB
[runlim] sample:		13009.7 time, 13030.9 real, 112.4 MB
[runlim] sample:		13019.7 time, 13040.9 real, 111.7 MB
[runlim] sample:		13029.7 time, 13050.9 real, 111.1 MB
[runlim] sample:		13039.7 time, 13060.9 real, 108.6 MB
[runlim] sample:		13049.7 time, 13070.9 real, 107.3 MB
[runlim] sample:		13059.7 time, 13080.9 real, 115.2 MB
[runlim] sample:		13069.6 time, 13090.9 real, 113.8 MB
[runlim] sample:		13079.6 time, 13100.9 real, 111.2 MB
[runlim] sample:		13089.6 time, 13110.9 real, 108.2 MB
[runlim] sample:		13099.6 time, 13120.9 real, 107.7 MB
[runlim] sample:		13109.6 time, 13130.9 real, 107.9 MB
[runlim] sample:		13119.6 time, 13140.9 real, 106.7 MB
[runlim] sample:		13129.6 time, 13150.9 real, 106.2 MB
[runlim] sample:		13139.5 time, 13160.9 real, 112.3 MB
[runlim] sample:		13149.5 time, 13170.9 real, 109.0 MB
[runlim] sample:		13159.5 time, 13180.9 real, 105.7 MB
[runlim] sample:		13169.5 time, 13190.9 real, 114.0 MB
[runlim] sample:		13179.5 time, 13200.9 real, 112.0 MB
[runlim] sample:		13189.5 time, 13210.9 real, 108.7 MB
[runlim] sample:		13199.4 time, 13220.9 real, 105.7 MB
[runlim] sample:		13209.4 time, 13230.9 real, 114.6 MB
[runlim] sample:		13219.4 time, 13240.9 real, 112.3 MB
[runlim] sample:		13229.4 time, 13250.9 real, 112.0 MB
[runlim] sample:		13239.4 time, 13260.9 real, 109.7 MB
[runlim] sample:		13249.4 time, 13270.9 real, 107.4 MB
[runlim] sample:		13259.3 time, 13280.9 real, 108.7 MB
[runlim] sample:		13269.3 time, 13290.9 real, 108.7 MB
[runlim] sample:		13279.3 time, 13300.9 real, 109.8 MB
[runlim] sample:		13289.3 time, 13310.9 real, 105.2 MB
[runlim] sample:		13299.3 time, 13320.9 real, 114.0 MB
[runlim] sample:		13309.3 time, 13330.9 real, 115.6 MB
[runlim] sample:		13319.2 time, 13340.9 real, 113.2 MB
[runlim] sample:		13329.2 time, 13350.9 real, 112.8 MB
[runlim] sample:		13339.2 time, 13360.9 real, 115.3 MB
[runlim] sample:		13349.2 time, 13370.9 real, 113.0 MB
[runlim] sample:		13359.2 time, 13380.9 real, 112.8 MB
[runlim] sample:		13369.2 time, 13390.9 real, 104.4 MB
[runlim] sample:		13379.1 time, 13400.9 real, 104.6 MB
[runlim] sample:		13389.1 time, 13410.9 real, 112.5 MB
[runlim] sample:		13399.1 time, 13420.9 real, 109.7 MB
[runlim] sample:		13409.1 time, 13430.9 real, 110.5 MB
[runlim] sample:		13419.1 time, 13440.9 real, 114.3 MB
[runlim] sample:		13429.1 time, 13450.9 real, 111.5 MB
[runlim] sample:		13439.0 time, 13460.9 real, 107.4 MB
[runlim] sample:		13449.0 time, 13470.9 real, 105.2 MB
[runlim] sample:		13459.0 time, 13480.9 real, 113.3 MB
[runlim] sample:		13469.0 time, 13490.9 real, 114.0 MB
[runlim] sample:		13479.0 time, 13500.9 real, 95.6 MB
[runlim] sample:		13489.0 time, 13510.9 real, 105.7 MB
[runlim] sample:		13498.9 time, 13520.9 real, 107.7 MB
[runlim] sample:		13508.9 time, 13530.9 real, 109.7 MB
[runlim] sample:		13518.9 time, 13540.9 real, 114.7 MB
[runlim] sample:		13528.9 time, 13550.9 real, 111.5 MB
[runlim] sample:		13538.9 time, 13560.9 real, 107.5 MB
[runlim] sample:		13548.8 time, 13570.9 real, 115.3 MB
[runlim] sample:		13558.8 time, 13580.9 real, 111.2 MB
[runlim] sample:		13568.8 time, 13590.9 real, 108.5 MB
[runlim] sample:		13578.8 time, 13600.9 real, 106.9 MB
[runlim] sample:		13588.8 time, 13610.9 real, 105.2 MB
[runlim] sample:		13598.7 time, 13620.9 real, 114.1 MB
[runlim] sample:		13608.7 time, 13630.9 real, 112.3 MB
[runlim] sample:		13618.7 time, 13640.9 real, 110.6 MB
[runlim] sample:		13628.7 time, 13650.9 real, 109.0 MB
[runlim] sample:		13638.7 time, 13660.9 real, 105.4 MB
[runlim] sample:		13648.6 time, 13670.9 real, 104.7 MB
[runlim] sample:		13658.6 time, 13680.9 real, 114.1 MB
[runlim] sample:		13668.6 time, 13690.9 real, 110.5 MB
[runlim] sample:		13678.6 time, 13700.9 real, 110.8 MB
[runlim] sample:		13688.6 time, 13710.9 real, 107.5 MB
[runlim] sample:		13698.6 time, 13720.9 real, 113.8 MB
[runlim] sample:		13708.5 time, 13730.9 real, 111.0 MB
[runlim] sample:		13718.5 time, 13740.9 real, 112.3 MB
[runlim] sample:		13728.5 time, 13750.9 real, 108.7 MB
[runlim] sample:		13738.5 time, 13760.9 real, 108.0 MB
[runlim] sample:		13748.5 time, 13770.9 real, 107.2 MB
[runlim] sample:		13758.5 time, 13780.9 real, 105.5 MB
[runlim] sample:		13768.5 time, 13790.9 real, 114.0 MB
[runlim] sample:		13778.4 time, 13800.9 real, 113.8 MB
[runlim] sample:		13788.4 time, 13810.9 real, 113.8 MB
[runlim] sample:		13798.4 time, 13820.9 real, 114.7 MB
[runlim] sample:		13808.4 time, 13830.9 real, 116.2 MB
[runlim] sample:		13818.4 time, 13840.9 real, 106.6 MB
[runlim] sample:		13828.4 time, 13850.9 real, 105.3 MB
[runlim] sample:		13838.4 time, 13860.9 real, 114.4 MB
[runlim] sample:		13848.3 time, 13870.9 real, 112.7 MB
[runlim] sample:		13858.3 time, 13880.9 real, 109.4 MB
[runlim] sample:		13868.3 time, 13890.9 real, 105.8 MB
[runlim] sample:		13878.3 time, 13900.9 real, 114.4 MB
[runlim] sample:		13888.3 time, 13910.9 real, 110.9 MB
[runlim] sample:		13898.2 time, 13920.9 real, 108.1 MB
[runlim] sample:		13908.2 time, 13930.9 real, 106.3 MB
[runlim] sample:		13918.2 time, 13940.9 real, 113.4 MB
[runlim] sample:		13928.2 time, 13950.9 real, 108.3 MB
[runlim] sample:		13938.2 time, 13960.9 real, 116.2 MB
[runlim] sample:		13948.2 time, 13970.9 real, 113.6 MB
[runlim] sample:		13958.2 time, 13980.9 real, 110.8 MB
[runlim] sample:		13968.1 time, 13990.9 real, 107.7 MB
[runlim] sample:		13978.1 time, 14000.9 real, 116.6 MB
[runlim] sample:		13988.1 time, 14010.9 real, 113.8 MB
[runlim] sample:		13998.1 time, 14020.9 real, 111.8 MB
[runlim] sample:		14008.1 time, 14030.9 real, 108.2 MB
[runlim] sample:		14018.1 time, 14040.9 real, 116.9 MB
[runlim] sample:		14028.0 time, 14050.9 real, 115.9 MB
[runlim] sample:		14038.0 time, 14060.9 real, 111.5 MB
[runlim] sample:		14048.0 time, 14070.9 real, 110.0 MB
[runlim] sample:		14058.0 time, 14080.9 real, 116.6 MB
[runlim] sample:		14068.0 time, 14090.9 real, 116.1 MB
[runlim] sample:		14078.0 time, 14100.9 real, 116.1 MB
[runlim] sample:		14088.0 time, 14110.9 real, 117.1 MB
[runlim] sample:		14098.0 time, 14120.9 real, 113.8 MB
[runlim] sample:		14107.9 time, 14130.9 real, 112.8 MB
[runlim] sample:		14117.9 time, 14140.9 real, 114.7 MB
[runlim] sample:		14127.9 time, 14150.9 real, 114.7 MB
[runlim] sample:		14137.9 time, 14160.9 real, 114.6 MB
[runlim] sample:		14147.9 time, 14170.9 real, 112.1 MB
[runlim] sample:		14157.9 time, 14180.9 real, 111.4 MB
[runlim] sample:		14167.8 time, 14190.9 real, 110.9 MB
[runlim] sample:		14177.8 time, 14200.9 real, 111.4 MB
[runlim] sample:		14187.8 time, 14210.9 real, 108.1 MB
[runlim] sample:		14197.8 time, 14220.9 real, 116.4 MB
[runlim] sample:		14207.8 time, 14230.9 real, 114.1 MB
[runlim] sample:		14217.8 time, 14240.9 real, 113.4 MB
[runlim] sample:		14227.8 time, 14250.9 real, 115.2 MB
[runlim] sample:		14237.7 time, 14260.9 real, 113.8 MB
[runlim] sample:		14247.7 time, 14270.9 real, 112.6 MB
[runlim] sample:		14257.7 time, 14280.9 real, 110.3 MB
[runlim] sample:		14267.7 time, 14290.9 real, 108.8 MB
[runlim] sample:		14277.7 time, 14300.9 real, 109.6 MB
[runlim] sample:		14287.6 time, 14310.9 real, 109.6 MB
[runlim] sample:		14297.6 time, 14320.9 real, 108.3 MB
[runlim] sample:		14307.6 time, 14330.9 real, 109.1 MB
[runlim] sample:		14317.6 time, 14340.9 real, 110.3 MB
[runlim] sample:		14327.6 time, 14350.9 real, 117.2 MB
[runlim] sample:		14337.6 time, 14360.9 real, 113.1 MB
[runlim] sample:		14347.6 time, 14370.9 real, 110.6 MB
[runlim] sample:		14357.5 time, 14380.9 real, 118.5 MB
[runlim] sample:		14367.5 time, 14390.9 real, 115.2 MB
[runlim] end:			Tue Aug 18 15:14:28 2020
[runlim] status:		out of time
[runlim] result:		2
[runlim] children:		0
[runlim] real:			14400.05 seconds
[runlim] time:			14376.62 seconds
[runlim] space:			155.2 MB
[runlim] samples:		143991
