** CON **
[runlim] version:		1.10
[runlim] time limit:		311040000 seconds
[runlim] real time limit:	300 seconds
[runlim] space limit:		2048 MB
[runlim] argv[0]:		approxmc
[runlim] argv[1]:		--sparse
[runlim] argv[2]:		1
[runlim] argv[3]:		-s
[runlim] argv[4]:		01
[runlim] argv[5]:		/experiments/results/rangesum07.c/01/counterSharp/con.dimacs
[runlim] start:			Fri Oct 30 12:22:41 2020
[runlim] main pid:		519
ERROR! Could not open file '/experiments/results/rangesum07.c/01/counterSharp/con.dimacs' for reading: No such file or directory
[runlim] end:			Fri Oct 30 12:22:41 2020
[runlim] status:		ok
[runlim] result:		0
[runlim] children:		0
[runlim] real:			0.36 seconds
[runlim] time:			0.00 seconds
[runlim] space:			0.0 MB
[runlim] samples:		0
** AMM **
[runlim] version:		1.10
[runlim] time limit:		311040000 seconds
[runlim] real time limit:	300 seconds
[runlim] space limit:		2048 MB
[runlim] argv[0]:		approxmc
[runlim] argv[1]:		--sparse
[runlim] argv[2]:		1
[runlim] argv[3]:		-s
[runlim] argv[4]:		01
[runlim] argv[5]:		/experiments/results/rangesum07.c/01/counterSharp/amm.dimacs
[runlim] start:			Fri Oct 30 12:22:41 2020
[runlim] main pid:		521
ERROR! Could not open file '/experiments/results/rangesum07.c/01/counterSharp/amm.dimacs' for reading: No such file or directory
[runlim] end:			Fri Oct 30 12:22:41 2020
[runlim] status:		ok
[runlim] result:		0
[runlim] children:		0
[runlim] real:			0.36 seconds
[runlim] time:			0.00 seconds
[runlim] space:			0.0 MB
[runlim] samples:		0
** AMH **
[runlim] version:		1.10
[runlim] time limit:		311040000 seconds
[runlim] real time limit:	300 seconds
[runlim] space limit:		2048 MB
[runlim] argv[0]:		approxmc
[runlim] argv[1]:		--sparse
[runlim] argv[2]:		1
[runlim] argv[3]:		-s
[runlim] argv[4]:		01
[runlim] argv[5]:		/experiments/results/rangesum07.c/01/counterSharp/amh.dimacs
[runlim] start:			Fri Oct 30 12:22:41 2020
[runlim] main pid:		523
[runlim] end:			Fri Oct 30 12:22:50 2020
[runlim] status:		ok
[runlim] result:		0
[runlim] children:		0
[runlim] real:			9.41 seconds
[runlim] time:			8.98 seconds
[runlim] space:			51.1 MB
[runlim] samples:		90
** ASM **
[runlim] version:		1.10
[runlim] time limit:		311040000 seconds
[runlim] real time limit:	300 seconds
[runlim] space limit:		2048 MB
[runlim] argv[0]:		approxmc
[runlim] argv[1]:		--sparse
[runlim] argv[2]:		1
[runlim] argv[3]:		-s
[runlim] argv[4]:		01
[runlim] argv[5]:		/experiments/results/rangesum07.c/01/counterSharp/asm.dimacs
[runlim] start:			Fri Oct 30 12:22:50 2020
[runlim] main pid:		525
[runlim] end:			Fri Oct 30 12:22:58 2020
[runlim] status:		ok
[runlim] result:		0
[runlim] children:		0
[runlim] real:			9.00 seconds
[runlim] time:			8.48 seconds
[runlim] space:			49.4 MB
[runlim] samples:		85
** ASH **
[runlim] version:		1.10
[runlim] time limit:		311040000 seconds
[runlim] real time limit:	300 seconds
[runlim] space limit:		2048 MB
[runlim] argv[0]:		approxmc
[runlim] argv[1]:		--sparse
[runlim] argv[2]:		1
[runlim] argv[3]:		-s
[runlim] argv[4]:		01
[runlim] argv[5]:		/experiments/results/rangesum07.c/01/counterSharp/ash.dimacs
[runlim] start:			Fri Oct 30 12:22:58 2020
[runlim] main pid:		527
[runlim] sample:		10.0 time, 11.0 real, 58.6 MB
[runlim] sample:		20.0 time, 21.0 real, 76.6 MB
[runlim] sample:		30.0 time, 31.0 real, 78.4 MB
[runlim] sample:		40.0 time, 41.0 real, 80.4 MB
[runlim] sample:		50.0 time, 51.0 real, 80.4 MB
[runlim] sample:		60.0 time, 61.0 real, 80.4 MB
[runlim] sample:		70.0 time, 71.0 real, 80.5 MB
[runlim] sample:		80.0 time, 81.0 real, 103.5 MB
[runlim] sample:		90.0 time, 91.0 real, 90.3 MB
[runlim] sample:		100.0 time, 101.0 real, 90.6 MB
[runlim] sample:		110.0 time, 111.0 real, 90.6 MB
[runlim] sample:		120.0 time, 121.0 real, 92.6 MB
[runlim] sample:		130.0 time, 131.0 real, 92.6 MB
[runlim] sample:		140.0 time, 141.0 real, 92.6 MB
[runlim] sample:		150.0 time, 151.0 real, 92.6 MB
[runlim] sample:		160.0 time, 161.0 real, 116.4 MB
[runlim] sample:		170.0 time, 171.0 real, 92.6 MB
[runlim] sample:		180.0 time, 181.0 real, 92.6 MB
[runlim] sample:		190.0 time, 191.0 real, 92.6 MB
[runlim] sample:		199.9 time, 201.0 real, 92.7 MB
[runlim] sample:		210.0 time, 211.0 real, 92.7 MB
[runlim] sample:		219.9 time, 221.0 real, 92.7 MB
[runlim] sample:		229.9 time, 231.0 real, 92.7 MB
[runlim] sample:		239.9 time, 241.0 real, 92.7 MB
[runlim] sample:		249.9 time, 251.0 real, 92.7 MB
[runlim] sample:		259.9 time, 261.0 real, 92.7 MB
[runlim] sample:		269.9 time, 271.0 real, 116.7 MB
[runlim] sample:		279.9 time, 281.0 real, 92.7 MB
[runlim] sample:		289.9 time, 291.0 real, 92.7 MB
[runlim] end:			Fri Oct 30 12:27:58 2020
[runlim] status:		out of time
[runlim] result:		2
[runlim] children:		0
[runlim] real:			300.12 seconds
[runlim] time:			299.04 seconds
[runlim] space:			119.9 MB
[runlim] samples:		2991
