** CON **
[runlim] version:		1.10
[runlim] time limit:		311040000 seconds
[runlim] real time limit:	300 seconds
[runlim] space limit:		2048 MB
[runlim] argv[0]:		approxmc
[runlim] argv[1]:		--sparse
[runlim] argv[2]:		1
[runlim] argv[3]:		-s
[runlim] argv[4]:		02
[runlim] argv[5]:		/experiments/results/usqrt-broken.c/02/counterSharp/con.dimacs
[runlim] start:			Fri Oct 30 11:13:17 2020
[runlim] main pid:		31
ERROR! Could not open file '/experiments/results/usqrt-broken.c/02/counterSharp/con.dimacs' for reading: No such file or directory
[runlim] end:			Fri Oct 30 11:13:17 2020
[runlim] status:		ok
[runlim] result:		0
[runlim] children:		0
[runlim] real:			0.85 seconds
[runlim] time:			0.00 seconds
[runlim] space:			0.0 MB
[runlim] samples:		0
** AMM **
[runlim] version:		1.10
[runlim] time limit:		311040000 seconds
[runlim] real time limit:	300 seconds
[runlim] space limit:		2048 MB
[runlim] argv[0]:		approxmc
[runlim] argv[1]:		--sparse
[runlim] argv[2]:		1
[runlim] argv[3]:		-s
[runlim] argv[4]:		02
[runlim] argv[5]:		/experiments/results/usqrt-broken.c/02/counterSharp/amm.dimacs
[runlim] start:			Fri Oct 30 11:13:17 2020
[runlim] main pid:		33
[runlim] end:			Fri Oct 30 11:13:18 2020
[runlim] status:		ok
[runlim] result:		0
[runlim] children:		0
[runlim] real:			1.77 seconds
[runlim] time:			0.89 seconds
[runlim] space:			16.7 MB
[runlim] samples:		9
** AMH **
[runlim] version:		1.10
[runlim] time limit:		311040000 seconds
[runlim] real time limit:	300 seconds
[runlim] space limit:		2048 MB
[runlim] argv[0]:		approxmc
[runlim] argv[1]:		--sparse
[runlim] argv[2]:		1
[runlim] argv[3]:		-s
[runlim] argv[4]:		02
[runlim] argv[5]:		/experiments/results/usqrt-broken.c/02/counterSharp/amh.dimacs
[runlim] start:			Fri Oct 30 11:13:18 2020
[runlim] main pid:		35
[runlim] end:			Fri Oct 30 11:13:19 2020
[runlim] status:		ok
[runlim] result:		0
[runlim] children:		0
[runlim] real:			1.72 seconds
[runlim] time:			0.89 seconds
[runlim] space:			16.4 MB
[runlim] samples:		9
** ASM **
[runlim] version:		1.10
[runlim] time limit:		311040000 seconds
[runlim] real time limit:	300 seconds
[runlim] space limit:		2048 MB
[runlim] argv[0]:		approxmc
[runlim] argv[1]:		--sparse
[runlim] argv[2]:		1
[runlim] argv[3]:		-s
[runlim] argv[4]:		02
[runlim] argv[5]:		/experiments/results/usqrt-broken.c/02/counterSharp/asm.dimacs
[runlim] start:			Fri Oct 30 11:13:19 2020
[runlim] main pid:		37
[runlim] sample:		10.0 time, 10.7 real, 19.9 MB
[runlim] end:			Fri Oct 30 11:13:32 2020
[runlim] status:		ok
[runlim] result:		0
[runlim] children:		0
[runlim] real:			13.17 seconds
[runlim] time:			12.39 seconds
[runlim] space:			25.9 MB
[runlim] samples:		124
** ASH **
[runlim] version:		1.10
[runlim] time limit:		311040000 seconds
[runlim] real time limit:	300 seconds
[runlim] space limit:		2048 MB
[runlim] argv[0]:		approxmc
[runlim] argv[1]:		--sparse
[runlim] argv[2]:		1
[runlim] argv[3]:		-s
[runlim] argv[4]:		02
[runlim] argv[5]:		/experiments/results/usqrt-broken.c/02/counterSharp/ash.dimacs
[runlim] start:			Fri Oct 30 11:13:32 2020
[runlim] main pid:		39
[runlim] end:			Fri Oct 30 11:13:35 2020
[runlim] status:		ok
[runlim] result:		0
[runlim] children:		0
[runlim] real:			3.77 seconds
[runlim] time:			3.58 seconds
[runlim] space:			18.0 MB
[runlim] samples:		36
