** CON **
[runlim] version:		1.10
[runlim] time limit:		311040000 seconds
[runlim] real time limit:	300 seconds
[runlim] space limit:		2048 MB
[runlim] argv[0]:		approxmc
[runlim] argv[1]:		-s
[runlim] argv[2]:		05
[runlim] argv[3]:		/experiments/results/usqrt-broken.c/05/counterSharp/con.dimacs
[runlim] start:			Mon Aug  8 16:29:42 2022
[runlim] main pid:		118
ERROR! Could not open file '/experiments/results/usqrt-broken.c/05/counterSharp/con.dimacs' for reading: No such file or directory
[runlim] end:			Mon Aug  8 16:29:42 2022
[runlim] status:		ok
[runlim] result:		0
[runlim] children:		0
[runlim] real:			0.48 seconds
[runlim] time:			0.00 seconds
[runlim] space:			0.0 MB
[runlim] samples:		0
** AMM **
[runlim] version:		1.10
[runlim] time limit:		311040000 seconds
[runlim] real time limit:	300 seconds
[runlim] space limit:		2048 MB
[runlim] argv[0]:		approxmc
[runlim] argv[1]:		-s
[runlim] argv[2]:		05
[runlim] argv[3]:		/experiments/results/usqrt-broken.c/05/counterSharp/amm.dimacs
[runlim] start:			Mon Aug  8 16:29:42 2022
[runlim] main pid:		120
[runlim] end:			Mon Aug  8 16:29:46 2022
[runlim] status:		ok
[runlim] result:		0
[runlim] children:		0
[runlim] real:			4.18 seconds
[runlim] time:			3.58 seconds
[runlim] space:			22.0 MB
[runlim] samples:		36
** AMH **
[runlim] version:		1.10
[runlim] time limit:		311040000 seconds
[runlim] real time limit:	300 seconds
[runlim] space limit:		2048 MB
[runlim] argv[0]:		approxmc
[runlim] argv[1]:		-s
[runlim] argv[2]:		05
[runlim] argv[3]:		/experiments/results/usqrt-broken.c/05/counterSharp/amh.dimacs
[runlim] start:			Mon Aug  8 16:29:46 2022
[runlim] main pid:		122
[runlim] end:			Mon Aug  8 16:29:50 2022
[runlim] status:		ok
[runlim] result:		0
[runlim] children:		0
[runlim] real:			4.06 seconds
[runlim] time:			3.77 seconds
[runlim] space:			22.2 MB
[runlim] samples:		38
** ASM **
[runlim] version:		1.10
[runlim] time limit:		311040000 seconds
[runlim] real time limit:	300 seconds
[runlim] space limit:		2048 MB
[runlim] argv[0]:		approxmc
[runlim] argv[1]:		-s
[runlim] argv[2]:		05
[runlim] argv[3]:		/experiments/results/usqrt-broken.c/05/counterSharp/asm.dimacs
[runlim] start:			Mon Aug  8 16:29:50 2022
[runlim] main pid:		124
[runlim] sample:		10.0 time, 10.1 real, 22.5 MB
[runlim] end:			Mon Aug  8 16:30:02 2022
[runlim] status:		ok
[runlim] result:		0
[runlim] children:		0
[runlim] real:			12.10 seconds
[runlim] time:			11.98 seconds
[runlim] space:			24.2 MB
[runlim] samples:		120
** ASH **
[runlim] version:		1.10
[runlim] time limit:		311040000 seconds
[runlim] real time limit:	300 seconds
[runlim] space limit:		2048 MB
[runlim] argv[0]:		approxmc
[runlim] argv[1]:		-s
[runlim] argv[2]:		05
[runlim] argv[3]:		/experiments/results/usqrt-broken.c/05/counterSharp/ash.dimacs
[runlim] start:			Mon Aug  8 16:30:02 2022
[runlim] main pid:		126
[runlim] sample:		10.0 time, 10.1 real, 21.8 MB
[runlim] end:			Mon Aug  8 16:30:14 2022
[runlim] status:		ok
[runlim] result:		0
[runlim] children:		0
[runlim] real:			12.63 seconds
[runlim] time:			12.48 seconds
[runlim] space:			26.7 MB
[runlim] samples:		125
