** CON **
c ApproxMC SHA revision df6d9fc8d112d758301d7527817e2eb1029fa5eb
c ApproxMC version 4.0.1
c ApproxMC compilation env CMAKE_CXX_COMPILER = /usr/bin/c++ | CMAKE_CXX_FLAGS =  -Wall -Wextra -Wunused -Wsign-compare -fno-omit-frame-pointer -Wtype-limits -Wuninitialized -Wno-deprecated -Wstrict-aliasing -Wpointer-arith -fvisibility=hidden -Wpointer-arith -Wformat-nonliteral -Winit-self -Wparentheses -Wunreachable-code -g -fvisibility=hidden -Wlogical-op -Wrestrict -Wnull-dereference -Wdouble-promotion -Wshadow -Wformat=2 -Wextra-semi -pedantic | COMPILE_DEFINES =  -DBOOST_TEST_DYN_LINK | STATICCOMPILE = OFF | Boost_FOUND = TRUE | ZLIB_FOUND = TRUE | VALGRIND_FOUND =  | GMP_FOUND = TRUE | ENABLE_ASSERTIONS = ON | MY_TARGETS =  | compilation date time = Oct 29 2020 17:34:59
c ApproxMC compiled with gcc version 9.3.0
c CryptoMiniSat version 5.8.0
c CMS Copyright Mate Soos (soos.mate@gmail.com)
c CMS SHA revision 6477e8bc43b0fda7038965bb148b64b8637c804b
c CMS is GPL licensed due to M4RI being linked. Build without M4RI to get MIT version
c Using VMTF code by Armin Biere from CaDiCaL
c Using Yalsat by Armin Biere, see Balint et al. Improving implementation of SLS solvers [...], SAT'14
c Using WalkSAT by Henry Kautz, see Kautz and Selman Pushing the envelope: planning, propositional logic, and stochastic search, AAAI'96,
c Using code from 'When Boolean Satisfiability Meets Gauss-E. in a Simplex Way'
c       by C.-S. Han and J.-H. Roland Jiang in CAV 2012. Fixes by M. Soos
c Using CCAnr from 'CCAnr: A Conf. Checking Based Local Search Solver [...]'
c       by Shaowei Cai, Chuan Luo, and Kaile Su, SAT 2015
c CMS compilation env CMAKE_CXX_COMPILER = /usr/bin/c++ | CMAKE_CXX_FLAGS =  -fvisibility=hidden -Wall -Wextra -Wunused -Wsign-compare -fno-omit-frame-pointer -Wtype-limits -Wuninitialized -Wno-deprecated -Wstrict-aliasing -Wpointer-arith -Wpointer-arith -Wformat-nonliteral -Winit-self -Wparentheses -Wunreachable-code -g -Wno-class-memaccess -mpopcnt -msse4.2 -ggdb3 -Wlogical-op -Wrestrict -Wnull-dereference -Wdouble-promotion -Wshadow -Wformat=2 -Wextra-semi -pedantic | COMPILE_DEFINES =  -DEXTENDED_FEATURES -DUSE_GAUSS -DBOOST_TEST_DYN_LINK -DUSE_ZLIB -DYALSAT_FPU -DUSE_M4RI | STATICCOMPILE = OFF | ONLY_SIMPLE = OFF | Boost_FOUND = TRUE | STATS = OFF | SQLITE3_FOUND = FALSE | ZLIB_FOUND = TRUE | VALGRIND_FOUND =  | ENABLE_TESTING = OFF | M4RI_FOUND = TRUE | NOM4RI = OFF | SLOW_DEBUG = OFF | ENABLE_ASSERTIONS = ON | PYTHON_EXECUTABLE = PYTHON_EXECUTABLE-NOTFOUND | PYTHON_LIBRARY = PYTHON_LIBRARY-NOTFOUND | PYTHON_INCLUDE_DIRS =  | MY_TARGETS =  | LARGEMEM = OFF | LIMITMEM = OFF | BREAKID_LIBRARIES =  | BREAKID-VER = . | BOSPHORUS_LIBRARIES =  | BOSPH-VER = . | compilation date time = Oct 29 2020 17:34:11
c CMS compiled with gcc version 9.3.0
c executed with command line: approxmc --sparse 1 -s 01 /experiments/results/example7b-2.c/01/counterSharp/con.dimacs
c -- header says num vars:         737404
c -- header says num clauses:     3557453
c WARNING: Empty line at line number 3563472 -- this is not part of the DIMACS specifications (http://www.satcompetition.org/2009/format-benchmarks2009.html). Ignoring.
c -- clauses added: 3557453
c -- xor clauses added: 0
c -- vars added 737404
c [appmc] Sampling set size: 64
c [appmc] Sampling set: 4040, 4041, 4042, 4043, 4044, 4045, 4046, 4047, 4048, 4049, 4050, 4051, 4052, 4053, 4054, 4055, 4056, 4057, 4058, 4059, 4060, 4061, 4062, 4063, 4064, 4065, 4066, 4067, 4068, 4069, 4070, 4071, 4008, 4009, 4010, 4011, 4012, 4013, 4014, 4015, 4016, 4017, 4018, 4019, 4020, 4021, 4022, 4023, 4024, 4025, 4026, 4027, 4028, 4029, 4030, 4031, 4032, 4033, 4034, 4035, 4036, 4037, 4038, 4039, 
c [sparse] Using match: 1 sampling set size: 64 prev end inclusive is: 50 this end inclusive is: 100 next end inclusive is: 150 sampl size: 64
c [appmc] threshold set to 80 sparse: 1
c [appmc] Starting up, initial measurement
c [appmc] Starting at hash count: 1
c [appmc] [    0.02 ] round:  0 hashes:      1
c [appmc] [    0.02 ] bounded_sol_count looking for   81 solutions -- hashes active: 1
c [gauss] XOR-encoding clauses detached: 0 deleted: 0 T: 0.02
c [appmc] [   15.61 ] round:  0 hashes:      1
c [appmc] [   15.61 ] bounded_sol_count looking for   81 solutions -- hashes active: 1
c [appmc] simplifying
c [gauss] XOR-encoding clauses reattached: 0 T: 0.00
c [appmc] [   24.03 ] round:  1 hashes:      1
c [appmc] [   24.03 ] bounded_sol_count looking for   81 solutions -- hashes active: 1
c CL with clash: -4071 4062 4061 red: 0 xor: 0 full-xor: 0 num_clash_vars: 1 num_real_vars: 0 size: 3 missing: 2
c clash lit: 4061 value: l_Undef
c neither clash nor real: -4071 value: l_Undef
c neither clash nor real: 4062 value: l_Undef
c WHAAAAT Detach issue. All below must be 1 to work ---
c -- can_detach: 1
c -- mfinder.no_irred_nonxor_contains_clash_vars(): 0
c -- !conf.gaussconf.autodisable: 1
c -- conf.xor_detach_reattach: 1
c [appmc] [   24.35 ] round:  1 hashes:      0
c [appmc] [   24.35 ] bounded_sol_count looking for   81 solutions -- hashes active: 0
c [appmc] simplifying
c [appmc] [   24.36 ] round:  2 hashes:      1
c [appmc] [   24.36 ] bounded_sol_count looking for   81 solutions -- hashes active: 1
c [appmc] [   24.36 ] round:  2 hashes:      0
c [appmc] [   24.36 ] bounded_sol_count looking for   81 solutions -- hashes active: 0
c [appmc] simplifying
c [appmc] [   24.36 ] round:  3 hashes:      1
c [appmc] [   24.36 ] bounded_sol_count looking for   81 solutions -- hashes active: 1
c [appmc] [   24.36 ] round:  3 hashes:      0
c [appmc] [   24.36 ] bounded_sol_count looking for   81 solutions -- hashes active: 0
c [appmc] simplifying
c [appmc] [   24.36 ] round:  4 hashes:      1
c [appmc] [   24.36 ] bounded_sol_count looking for   81 solutions -- hashes active: 1
c [appmc] [   24.36 ] round:  4 hashes:      0
c [appmc] [   24.36 ] bounded_sol_count looking for   81 solutions -- hashes active: 0
c [appmc] simplifying
c [appmc] [   24.36 ] round:  5 hashes:      1
c [appmc] [   24.36 ] bounded_sol_count looking for   81 solutions -- hashes active: 1
c [appmc] [   24.36 ] round:  5 hashes:      0
c [appmc] [   24.36 ] bounded_sol_count looking for   81 solutions -- hashes active: 0
c [appmc] simplifying
c [appmc] [   24.36 ] round:  6 hashes:      1
c [appmc] [   24.36 ] bounded_sol_count looking for   81 solutions -- hashes active: 1
c [appmc] [   24.36 ] round:  6 hashes:      0
c [appmc] [   24.36 ] bounded_sol_count looking for   81 solutions -- hashes active: 0
c [appmc] simplifying
c [appmc] [   24.36 ] round:  7 hashes:      1
c [appmc] [   24.36 ] bounded_sol_count looking for   81 solutions -- hashes active: 1
c [appmc] [   24.36 ] round:  7 hashes:      0
c [appmc] [   24.36 ] bounded_sol_count looking for   81 solutions -- hashes active: 0
c [appmc] simplifying
c [appmc] [   24.36 ] round:  8 hashes:      1
c [appmc] [   24.36 ] bounded_sol_count looking for   81 solutions -- hashes active: 1
c [appmc] [   24.36 ] round:  8 hashes:      0
c [appmc] [   24.36 ] bounded_sol_count looking for   81 solutions -- hashes active: 0
** AMM **
c ApproxMC SHA revision df6d9fc8d112d758301d7527817e2eb1029fa5eb
c ApproxMC version 4.0.1
c ApproxMC compilation env CMAKE_CXX_COMPILER = /usr/bin/c++ | CMAKE_CXX_FLAGS =  -Wall -Wextra -Wunused -Wsign-compare -fno-omit-frame-pointer -Wtype-limits -Wuninitialized -Wno-deprecated -Wstrict-aliasing -Wpointer-arith -fvisibility=hidden -Wpointer-arith -Wformat-nonliteral -Winit-self -Wparentheses -Wunreachable-code -g -fvisibility=hidden -Wlogical-op -Wrestrict -Wnull-dereference -Wdouble-promotion -Wshadow -Wformat=2 -Wextra-semi -pedantic | COMPILE_DEFINES =  -DBOOST_TEST_DYN_LINK | STATICCOMPILE = OFF | Boost_FOUND = TRUE | ZLIB_FOUND = TRUE | VALGRIND_FOUND =  | GMP_FOUND = TRUE | ENABLE_ASSERTIONS = ON | MY_TARGETS =  | compilation date time = Oct 29 2020 17:34:59
c ApproxMC compiled with gcc version 9.3.0
c CryptoMiniSat version 5.8.0
c CMS Copyright Mate Soos (soos.mate@gmail.com)
c CMS SHA revision 6477e8bc43b0fda7038965bb148b64b8637c804b
c CMS is GPL licensed due to M4RI being linked. Build without M4RI to get MIT version
c Using VMTF code by Armin Biere from CaDiCaL
c Using Yalsat by Armin Biere, see Balint et al. Improving implementation of SLS solvers [...], SAT'14
c Using WalkSAT by Henry Kautz, see Kautz and Selman Pushing the envelope: planning, propositional logic, and stochastic search, AAAI'96,
c Using code from 'When Boolean Satisfiability Meets Gauss-E. in a Simplex Way'
c       by C.-S. Han and J.-H. Roland Jiang in CAV 2012. Fixes by M. Soos
c Using CCAnr from 'CCAnr: A Conf. Checking Based Local Search Solver [...]'
c       by Shaowei Cai, Chuan Luo, and Kaile Su, SAT 2015
c CMS compilation env CMAKE_CXX_COMPILER = /usr/bin/c++ | CMAKE_CXX_FLAGS =  -fvisibility=hidden -Wall -Wextra -Wunused -Wsign-compare -fno-omit-frame-pointer -Wtype-limits -Wuninitialized -Wno-deprecated -Wstrict-aliasing -Wpointer-arith -Wpointer-arith -Wformat-nonliteral -Winit-self -Wparentheses -Wunreachable-code -g -Wno-class-memaccess -mpopcnt -msse4.2 -ggdb3 -Wlogical-op -Wrestrict -Wnull-dereference -Wdouble-promotion -Wshadow -Wformat=2 -Wextra-semi -pedantic | COMPILE_DEFINES =  -DEXTENDED_FEATURES -DUSE_GAUSS -DBOOST_TEST_DYN_LINK -DUSE_ZLIB -DYALSAT_FPU -DUSE_M4RI | STATICCOMPILE = OFF | ONLY_SIMPLE = OFF | Boost_FOUND = TRUE | STATS = OFF | SQLITE3_FOUND = FALSE | ZLIB_FOUND = TRUE | VALGRIND_FOUND =  | ENABLE_TESTING = OFF | M4RI_FOUND = TRUE | NOM4RI = OFF | SLOW_DEBUG = OFF | ENABLE_ASSERTIONS = ON | PYTHON_EXECUTABLE = PYTHON_EXECUTABLE-NOTFOUND | PYTHON_LIBRARY = PYTHON_LIBRARY-NOTFOUND | PYTHON_INCLUDE_DIRS =  | MY_TARGETS =  | LARGEMEM = OFF | LIMITMEM = OFF | BREAKID_LIBRARIES =  | BREAKID-VER = . | BOSPHORUS_LIBRARIES =  | BOSPH-VER = . | compilation date time = Oct 29 2020 17:34:11
c CMS compiled with gcc version 9.3.0
c executed with command line: approxmc --sparse 1 -s 01 /experiments/results/example7b-2.c/01/counterSharp/amm.dimacs
c -- header says num vars:         736039
c -- header says num clauses:     3553139
c WARNING: Empty line at line number 3559162 -- this is not part of the DIMACS specifications (http://www.satcompetition.org/2009/format-benchmarks2009.html). Ignoring.
c -- clauses added: 3553139
c -- xor clauses added: 0
c -- vars added 736039
c [appmc] Sampling set size: 64
c [appmc] Sampling set: 2038, 2039, 2040, 2041, 2042, 2043, 2044, 2045, 2046, 2047, 2048, 2049, 2050, 2051, 2052, 2053, 2054, 2055, 2056, 2057, 2058, 2059, 2060, 2061, 2062, 2063, 2064, 2065, 2066, 2067, 2068, 2069, 2006, 2007, 2008, 2009, 2010, 2011, 2012, 2013, 2014, 2015, 2016, 2017, 2018, 2019, 2020, 2021, 2022, 2023, 2024, 2025, 2026, 2027, 2028, 2029, 2030, 2031, 2032, 2033, 2034, 2035, 2036, 2037, 
c [sparse] Using match: 1 sampling set size: 64 prev end inclusive is: 50 this end inclusive is: 100 next end inclusive is: 150 sampl size: 64
c [appmc] threshold set to 80 sparse: 1
c [appmc] Starting up, initial measurement
c [appmc] Starting at hash count: 1
c [appmc] [    0.01 ] round:  0 hashes:      1
c [appmc] [    0.01 ] bounded_sol_count looking for   81 solutions -- hashes active: 1
c WHAAAAT Detach issue. All below must be 1 to work ---
c -- can_detach: 0
c -- mfinder.no_irred_nonxor_contains_clash_vars(): 0
c -- !conf.gaussconf.autodisable: 1
c -- conf.xor_detach_reattach: 1
c [appmc] [    8.43 ] round:  0 hashes:      2
c [appmc] [    8.43 ] bounded_sol_count looking for   81 solutions -- hashes active: 2
c [gauss] XOR-encoding clauses detached: 264 deleted: 5 T: 0.00
c [appmc] [    9.79 ] round:  0 hashes:      4
c [appmc] [    9.79 ] bounded_sol_count looking for   81 solutions -- hashes active: 4
c [gauss] XOR-encoding clauses detached: 240 deleted: 0 T: 0.00
c [appmc] [   12.04 ] round:  0 hashes:      8
c [appmc] [   12.04 ] bounded_sol_count looking for   81 solutions -- hashes active: 8
c [gauss] XOR-encoding clauses detached: 504 deleted: 0 T: 0.00
c [appmc] [   14.43 ] round:  0 hashes:     16
c [appmc] [   14.43 ] bounded_sol_count looking for   81 solutions -- hashes active: 16
c [gauss] XOR-encoding clauses detached: 908 deleted: 0 T: 0.00
c [appmc] [   17.13 ] round:  0 hashes:     32
c [appmc] [   17.13 ] bounded_sol_count looking for   81 solutions -- hashes active: 32
c [gauss] XOR-encoding clauses detached: 1684 deleted: 0 T: 0.00
c [appmc] [   19.83 ] round:  0 hashes:     48
c [appmc] [   19.83 ] bounded_sol_count looking for   81 solutions -- hashes active: 48
c [gauss] XOR-encoding clauses detached: 1228 deleted: 0 T: 0.00
c [appmc] [   22.53 ] round:  0 hashes:     56
c [appmc] [   22.53 ] bounded_sol_count looking for   81 solutions -- hashes active: 56
c [gauss] XOR-encoding clauses detached: 456 deleted: 0 T: 0.00
c [appmc] [   25.20 ] round:  0 hashes:     60
c [appmc] [   25.20 ] bounded_sol_count looking for   81 solutions -- hashes active: 60
c [gauss] XOR-encoding clauses detached: 244 deleted: 0 T: 0.00
c [appmc] [   25.62 ] round:  0 hashes:     58
c [appmc] [   25.62 ] bounded_sol_count looking for   81 solutions -- hashes active: 58
c [appmc] [   26.59 ] round:  0 hashes:     57
c [appmc] [   26.59 ] bounded_sol_count looking for   81 solutions -- hashes active: 57
c [appmc] simplifying
c [gauss] XOR-encoding clauses reattached: 5528 T: 0.00
c [appmc] [   26.97 ] round:  1 hashes:     58
c [appmc] [   26.97 ] bounded_sol_count looking for   81 solutions -- hashes active: 58
c [gauss] XOR-encoding clauses detached: 5800 deleted: 0 T: 0.00
c [appmc] [   28.95 ] round:  1 hashes:     57
c [appmc] [   28.95 ] bounded_sol_count looking for   81 solutions -- hashes active: 57
c [appmc] simplifying
c [gauss] XOR-encoding clauses reattached: 5800 T: 0.00
c [appmc] [   29.57 ] round:  2 hashes:     58
c [appmc] [   29.57 ] bounded_sol_count looking for   81 solutions -- hashes active: 58
c [gauss] XOR-encoding clauses detached: 5528 deleted: 0 T: 0.00
c [appmc] [   31.58 ] round:  2 hashes:     57
c [appmc] [   31.58 ] bounded_sol_count looking for   81 solutions -- hashes active: 57
c [appmc] simplifying
c [gauss] XOR-encoding clauses reattached: 5528 T: 0.00
c [appmc] [   32.21 ] round:  3 hashes:     58
c [appmc] [   32.21 ] bounded_sol_count looking for   81 solutions -- hashes active: 58
c [gauss] XOR-encoding clauses detached: 5556 deleted: 0 T: 0.00
c [appmc] [   34.21 ] round:  3 hashes:     57
c [appmc] [   34.21 ] bounded_sol_count looking for   81 solutions -- hashes active: 57
c [appmc] simplifying
c [gauss] XOR-encoding clauses reattached: 5556 T: 0.00
c [appmc] [   34.85 ] round:  4 hashes:     58
c [appmc] [   34.85 ] bounded_sol_count looking for   81 solutions -- hashes active: 58
c [gauss] XOR-encoding clauses detached: 5672 deleted: 0 T: 0.00
c [appmc] [   36.85 ] round:  4 hashes:     57
c [appmc] [   36.85 ] bounded_sol_count looking for   81 solutions -- hashes active: 57
c [appmc] simplifying
c [gauss] XOR-encoding clauses reattached: 5672 T: 0.00
c [appmc] [   37.48 ] round:  5 hashes:     58
c [appmc] [   37.49 ] bounded_sol_count looking for   81 solutions -- hashes active: 58
c [gauss] XOR-encoding clauses detached: 5352 deleted: 0 T: 0.00
c [appmc] [   39.49 ] round:  5 hashes:     57
c [appmc] [   39.49 ] bounded_sol_count looking for   81 solutions -- hashes active: 57
c [appmc] simplifying
c [gauss] XOR-encoding clauses reattached: 5352 T: 0.00
c [appmc] [   40.11 ] round:  6 hashes:     58
c [appmc] [   40.11 ] bounded_sol_count looking for   81 solutions -- hashes active: 58
c [gauss] XOR-encoding clauses detached: 5436 deleted: 0 T: 0.00
c [appmc] [   42.12 ] round:  6 hashes:     57
c [appmc] [   42.12 ] bounded_sol_count looking for   81 solutions -- hashes active: 57
c [appmc] simplifying
c [gauss] XOR-encoding clauses reattached: 5436 T: 0.00
c [appmc] [   42.75 ] round:  7 hashes:     58
c [appmc] [   42.75 ] bounded_sol_count looking for   81 solutions -- hashes active: 58
c [gauss] XOR-encoding clauses detached: 5656 deleted: 0 T: 0.00
c [appmc] [   44.76 ] round:  7 hashes:     57
c [appmc] [   44.76 ] bounded_sol_count looking for   81 solutions -- hashes active: 57
c [appmc] simplifying
c [gauss] XOR-encoding clauses reattached: 5656 T: 0.00
c [appmc] [   45.39 ] round:  8 hashes:     58
c [appmc] [   45.39 ] bounded_sol_count looking for   81 solutions -- hashes active: 58
c [gauss] XOR-encoding clauses detached: 5736 deleted: 0 T: 0.00
c [appmc] [   47.41 ] round:  8 hashes:     57
c [appmc] [   47.41 ] bounded_sol_count looking for   81 solutions -- hashes active: 57
c [appmc] FINISHED ApproxMC T: 47.95 s
c [appmc] Number of solutions is: 64*2**58
s mc 18446744073709551616
** AMH **
c ApproxMC SHA revision df6d9fc8d112d758301d7527817e2eb1029fa5eb
c ApproxMC version 4.0.1
c ApproxMC compilation env CMAKE_CXX_COMPILER = /usr/bin/c++ | CMAKE_CXX_FLAGS =  -Wall -Wextra -Wunused -Wsign-compare -fno-omit-frame-pointer -Wtype-limits -Wuninitialized -Wno-deprecated -Wstrict-aliasing -Wpointer-arith -fvisibility=hidden -Wpointer-arith -Wformat-nonliteral -Winit-self -Wparentheses -Wunreachable-code -g -fvisibility=hidden -Wlogical-op -Wrestrict -Wnull-dereference -Wdouble-promotion -Wshadow -Wformat=2 -Wextra-semi -pedantic | COMPILE_DEFINES =  -DBOOST_TEST_DYN_LINK | STATICCOMPILE = OFF | Boost_FOUND = TRUE | ZLIB_FOUND = TRUE | VALGRIND_FOUND =  | GMP_FOUND = TRUE | ENABLE_ASSERTIONS = ON | MY_TARGETS =  | compilation date time = Oct 29 2020 17:34:59
c ApproxMC compiled with gcc version 9.3.0
c CryptoMiniSat version 5.8.0
c CMS Copyright Mate Soos (soos.mate@gmail.com)
c CMS SHA revision 6477e8bc43b0fda7038965bb148b64b8637c804b
c CMS is GPL licensed due to M4RI being linked. Build without M4RI to get MIT version
c Using VMTF code by Armin Biere from CaDiCaL
c Using Yalsat by Armin Biere, see Balint et al. Improving implementation of SLS solvers [...], SAT'14
c Using WalkSAT by Henry Kautz, see Kautz and Selman Pushing the envelope: planning, propositional logic, and stochastic search, AAAI'96,
c Using code from 'When Boolean Satisfiability Meets Gauss-E. in a Simplex Way'
c       by C.-S. Han and J.-H. Roland Jiang in CAV 2012. Fixes by M. Soos
c Using CCAnr from 'CCAnr: A Conf. Checking Based Local Search Solver [...]'
c       by Shaowei Cai, Chuan Luo, and Kaile Su, SAT 2015
c CMS compilation env CMAKE_CXX_COMPILER = /usr/bin/c++ | CMAKE_CXX_FLAGS =  -fvisibility=hidden -Wall -Wextra -Wunused -Wsign-compare -fno-omit-frame-pointer -Wtype-limits -Wuninitialized -Wno-deprecated -Wstrict-aliasing -Wpointer-arith -Wpointer-arith -Wformat-nonliteral -Winit-self -Wparentheses -Wunreachable-code -g -Wno-class-memaccess -mpopcnt -msse4.2 -ggdb3 -Wlogical-op -Wrestrict -Wnull-dereference -Wdouble-promotion -Wshadow -Wformat=2 -Wextra-semi -pedantic | COMPILE_DEFINES =  -DEXTENDED_FEATURES -DUSE_GAUSS -DBOOST_TEST_DYN_LINK -DUSE_ZLIB -DYALSAT_FPU -DUSE_M4RI | STATICCOMPILE = OFF | ONLY_SIMPLE = OFF | Boost_FOUND = TRUE | STATS = OFF | SQLITE3_FOUND = FALSE | ZLIB_FOUND = TRUE | VALGRIND_FOUND =  | ENABLE_TESTING = OFF | M4RI_FOUND = TRUE | NOM4RI = OFF | SLOW_DEBUG = OFF | ENABLE_ASSERTIONS = ON | PYTHON_EXECUTABLE = PYTHON_EXECUTABLE-NOTFOUND | PYTHON_LIBRARY = PYTHON_LIBRARY-NOTFOUND | PYTHON_INCLUDE_DIRS =  | MY_TARGETS =  | LARGEMEM = OFF | LIMITMEM = OFF | BREAKID_LIBRARIES =  | BREAKID-VER = . | BOSPHORUS_LIBRARIES =  | BOSPH-VER = . | compilation date time = Oct 29 2020 17:34:11
c CMS compiled with gcc version 9.3.0
c executed with command line: approxmc --sparse 1 -s 01 /experiments/results/example7b-2.c/01/counterSharp/amh.dimacs
c -- header says num vars:         736039
c -- header says num clauses:     3553139
c WARNING: Empty line at line number 3559162 -- this is not part of the DIMACS specifications (http://www.satcompetition.org/2009/format-benchmarks2009.html). Ignoring.
c -- clauses added: 3553139
c -- xor clauses added: 0
c -- vars added 736039
c [appmc] Sampling set size: 64
c [appmc] Sampling set: 2038, 2039, 2040, 2041, 2042, 2043, 2044, 2045, 2046, 2047, 2048, 2049, 2050, 2051, 2052, 2053, 2054, 2055, 2056, 2057, 2058, 2059, 2060, 2061, 2062, 2063, 2064, 2065, 2066, 2067, 2068, 2069, 2006, 2007, 2008, 2009, 2010, 2011, 2012, 2013, 2014, 2015, 2016, 2017, 2018, 2019, 2020, 2021, 2022, 2023, 2024, 2025, 2026, 2027, 2028, 2029, 2030, 2031, 2032, 2033, 2034, 2035, 2036, 2037, 
c [sparse] Using match: 1 sampling set size: 64 prev end inclusive is: 50 this end inclusive is: 100 next end inclusive is: 150 sampl size: 64
c [appmc] threshold set to 80 sparse: 1
c [appmc] Starting up, initial measurement
c [appmc] Starting at hash count: 1
c [appmc] [    0.02 ] round:  0 hashes:      1
c [appmc] [    0.02 ] bounded_sol_count looking for   81 solutions -- hashes active: 1
c [gauss] XOR-encoding clauses detached: 0 deleted: 0 T: 0.03
c [appmc] [   12.47 ] round:  0 hashes:      2
c [appmc] [   12.47 ] bounded_sol_count looking for   81 solutions -- hashes active: 2
c [gauss] XOR-encoding clauses detached: 120032 deleted: 49 T: 0.02
c [appmc] [   19.85 ] round:  0 hashes:      4
c [appmc] [   19.85 ] bounded_sol_count looking for   81 solutions -- hashes active: 4
c [gauss] XOR-encoding clauses detached: 60 deleted: 0 T: 0.01
c [appmc] [   30.26 ] round:  0 hashes:      8
c [appmc] [   30.26 ] bounded_sol_count looking for   81 solutions -- hashes active: 8
c [gauss] XOR-encoding clauses detached: 160 deleted: 0 T: 0.01
c [appmc] [   44.46 ] round:  0 hashes:     16
c [appmc] [   44.46 ] bounded_sol_count looking for   81 solutions -- hashes active: 16
c [gauss] XOR-encoding clauses detached: 288 deleted: 0 T: 0.01
c [appmc] [   50.14 ] round:  0 hashes:     12
c [appmc] [   50.14 ] bounded_sol_count looking for   81 solutions -- hashes active: 12
c [appmc] [   65.46 ] round:  0 hashes:     14
c [appmc] [   65.46 ] bounded_sol_count looking for   81 solutions -- hashes active: 14
c [appmc] [   72.18 ] round:  0 hashes:     13
c [appmc] [   72.18 ] bounded_sol_count looking for   81 solutions -- hashes active: 13
c [appmc] simplifying
c [gauss] XOR-encoding clauses reattached: 120540 T: 0.01
c [appmc] [   80.09 ] round:  1 hashes:     14
c [appmc] [   80.09 ] bounded_sol_count looking for   81 solutions -- hashes active: 14
c [gauss] XOR-encoding clauses detached: 116271 deleted: 0 T: 0.01
c [appmc] [  106.80 ] round:  1 hashes:     13
c [appmc] [  106.80 ] bounded_sol_count looking for   81 solutions -- hashes active: 13
c [appmc] simplifying
c [gauss] XOR-encoding clauses reattached: 116271 T: 0.01
c [appmc] [  128.40 ] round:  2 hashes:     14
c [appmc] [  128.41 ] bounded_sol_count looking for   81 solutions -- hashes active: 14
c [gauss] XOR-encoding clauses detached: 116149 deleted: 0 T: 0.01
c [appmc] [  148.09 ] round:  2 hashes:     13
c [appmc] [  148.09 ] bounded_sol_count looking for   81 solutions -- hashes active: 13
c [appmc] simplifying
c [gauss] XOR-encoding clauses reattached: 116149 T: 0.00
c [appmc] [  167.30 ] round:  3 hashes:     14
c [appmc] [  167.30 ] bounded_sol_count looking for   81 solutions -- hashes active: 14
c [gauss] XOR-encoding clauses detached: 116180 deleted: 0 T: 0.01
c [appmc] [  169.33 ] round:  3 hashes:     13
c [appmc] [  169.33 ] bounded_sol_count looking for   81 solutions -- hashes active: 13
c [appmc] [  169.33 ] round:  3 hashes:     12
c [appmc] [  169.33 ] bounded_sol_count looking for   81 solutions -- hashes active: 12
c [appmc] simplifying
c [gauss] XOR-encoding clauses reattached: 116180 T: 0.01
c [appmc] [  204.17 ] round:  4 hashes:     13
c [appmc] [  204.17 ] bounded_sol_count looking for   81 solutions -- hashes active: 13
c [gauss] XOR-encoding clauses detached: 116080 deleted: 0 T: 0.01
c [appmc] [  232.80 ] round:  4 hashes:     14
c [appmc] [  232.80 ] bounded_sol_count looking for   81 solutions -- hashes active: 14
c [gauss] XOR-encoding clauses detached: 28 deleted: 0 T: 0.01
c [appmc] simplifying
c [gauss] XOR-encoding clauses reattached: 116108 T: 0.01
c [appmc] [  260.74 ] round:  5 hashes:     14
c [appmc] [  260.74 ] bounded_sol_count looking for   81 solutions -- hashes active: 14
c [gauss] XOR-encoding clauses detached: 116152 deleted: 0 T: 0.01
c [appmc] [  277.49 ] round:  5 hashes:     13
c [appmc] [  277.49 ] bounded_sol_count looking for   81 solutions -- hashes active: 13
c [appmc] simplifying
c [gauss] XOR-encoding clauses reattached: 116152 T: 0.00
c [appmc] [  293.95 ] round:  6 hashes:     14
c [appmc] [  293.95 ] bounded_sol_count looking for   81 solutions -- hashes active: 14
** ASM **
c ApproxMC SHA revision df6d9fc8d112d758301d7527817e2eb1029fa5eb
c ApproxMC version 4.0.1
c ApproxMC compilation env CMAKE_CXX_COMPILER = /usr/bin/c++ | CMAKE_CXX_FLAGS =  -Wall -Wextra -Wunused -Wsign-compare -fno-omit-frame-pointer -Wtype-limits -Wuninitialized -Wno-deprecated -Wstrict-aliasing -Wpointer-arith -fvisibility=hidden -Wpointer-arith -Wformat-nonliteral -Winit-self -Wparentheses -Wunreachable-code -g -fvisibility=hidden -Wlogical-op -Wrestrict -Wnull-dereference -Wdouble-promotion -Wshadow -Wformat=2 -Wextra-semi -pedantic | COMPILE_DEFINES =  -DBOOST_TEST_DYN_LINK | STATICCOMPILE = OFF | Boost_FOUND = TRUE | ZLIB_FOUND = TRUE | VALGRIND_FOUND =  | GMP_FOUND = TRUE | ENABLE_ASSERTIONS = ON | MY_TARGETS =  | compilation date time = Oct 29 2020 17:34:59
c ApproxMC compiled with gcc version 9.3.0
c CryptoMiniSat version 5.8.0
c CMS Copyright Mate Soos (soos.mate@gmail.com)
c CMS SHA revision 6477e8bc43b0fda7038965bb148b64b8637c804b
c CMS is GPL licensed due to M4RI being linked. Build without M4RI to get MIT version
c Using VMTF code by Armin Biere from CaDiCaL
c Using Yalsat by Armin Biere, see Balint et al. Improving implementation of SLS solvers [...], SAT'14
c Using WalkSAT by Henry Kautz, see Kautz and Selman Pushing the envelope: planning, propositional logic, and stochastic search, AAAI'96,
c Using code from 'When Boolean Satisfiability Meets Gauss-E. in a Simplex Way'
c       by C.-S. Han and J.-H. Roland Jiang in CAV 2012. Fixes by M. Soos
c Using CCAnr from 'CCAnr: A Conf. Checking Based Local Search Solver [...]'
c       by Shaowei Cai, Chuan Luo, and Kaile Su, SAT 2015
c CMS compilation env CMAKE_CXX_COMPILER = /usr/bin/c++ | CMAKE_CXX_FLAGS =  -fvisibility=hidden -Wall -Wextra -Wunused -Wsign-compare -fno-omit-frame-pointer -Wtype-limits -Wuninitialized -Wno-deprecated -Wstrict-aliasing -Wpointer-arith -Wpointer-arith -Wformat-nonliteral -Winit-self -Wparentheses -Wunreachable-code -g -Wno-class-memaccess -mpopcnt -msse4.2 -ggdb3 -Wlogical-op -Wrestrict -Wnull-dereference -Wdouble-promotion -Wshadow -Wformat=2 -Wextra-semi -pedantic | COMPILE_DEFINES =  -DEXTENDED_FEATURES -DUSE_GAUSS -DBOOST_TEST_DYN_LINK -DUSE_ZLIB -DYALSAT_FPU -DUSE_M4RI | STATICCOMPILE = OFF | ONLY_SIMPLE = OFF | Boost_FOUND = TRUE | STATS = OFF | SQLITE3_FOUND = FALSE | ZLIB_FOUND = TRUE | VALGRIND_FOUND =  | ENABLE_TESTING = OFF | M4RI_FOUND = TRUE | NOM4RI = OFF | SLOW_DEBUG = OFF | ENABLE_ASSERTIONS = ON | PYTHON_EXECUTABLE = PYTHON_EXECUTABLE-NOTFOUND | PYTHON_LIBRARY = PYTHON_LIBRARY-NOTFOUND | PYTHON_INCLUDE_DIRS =  | MY_TARGETS =  | LARGEMEM = OFF | LIMITMEM = OFF | BREAKID_LIBRARIES =  | BREAKID-VER = . | BOSPHORUS_LIBRARIES =  | BOSPH-VER = . | compilation date time = Oct 29 2020 17:34:11
c CMS compiled with gcc version 9.3.0
c executed with command line: approxmc --sparse 1 -s 01 /experiments/results/example7b-2.c/01/counterSharp/asm.dimacs
c -- header says num vars:         736041
c -- header says num clauses:     3553145
c WARNING: Empty line at line number 3559170 -- this is not part of the DIMACS specifications (http://www.satcompetition.org/2009/format-benchmarks2009.html). Ignoring.
c -- clauses added: 3553145
c -- xor clauses added: 0
c -- vars added 736041
c [appmc] Sampling set size: 64
c [appmc] Sampling set: 2038, 2039, 2040, 2041, 2042, 2043, 2044, 2045, 2046, 2047, 2048, 2049, 2050, 2051, 2052, 2053, 2054, 2055, 2056, 2057, 2058, 2059, 2060, 2061, 2062, 2063, 2064, 2065, 2066, 2067, 2068, 2069, 2006, 2007, 2008, 2009, 2010, 2011, 2012, 2013, 2014, 2015, 2016, 2017, 2018, 2019, 2020, 2021, 2022, 2023, 2024, 2025, 2026, 2027, 2028, 2029, 2030, 2031, 2032, 2033, 2034, 2035, 2036, 2037, 
c [sparse] Using match: 1 sampling set size: 64 prev end inclusive is: 50 this end inclusive is: 100 next end inclusive is: 150 sampl size: 64
c [appmc] threshold set to 80 sparse: 1
c [appmc] Starting up, initial measurement
c [appmc] Starting at hash count: 1
c [appmc] [    0.01 ] round:  0 hashes:      1
c [appmc] [    0.01 ] bounded_sol_count looking for   81 solutions -- hashes active: 1
c [gauss] XOR-encoding clauses detached: 0 deleted: 0 T: 0.04
c [gauss] XOR-encoding clauses reattached: 0 T: 0.00
c [gauss] XOR-encoding clauses detached: 123973 deleted: 24 T: 0.05
c [gauss] XOR-encoding clauses reattached: 123973 T: 0.01
c [gauss] XOR-encoding clauses detached: 124287 deleted: 0 T: 0.05
c [gauss] XOR-encoding clauses reattached: 124287 T: 0.01
c [gauss] XOR-encoding clauses detached: 123839 deleted: 0 T: 0.05
** ASH **
c ApproxMC SHA revision df6d9fc8d112d758301d7527817e2eb1029fa5eb
c ApproxMC version 4.0.1
c ApproxMC compilation env CMAKE_CXX_COMPILER = /usr/bin/c++ | CMAKE_CXX_FLAGS =  -Wall -Wextra -Wunused -Wsign-compare -fno-omit-frame-pointer -Wtype-limits -Wuninitialized -Wno-deprecated -Wstrict-aliasing -Wpointer-arith -fvisibility=hidden -Wpointer-arith -Wformat-nonliteral -Winit-self -Wparentheses -Wunreachable-code -g -fvisibility=hidden -Wlogical-op -Wrestrict -Wnull-dereference -Wdouble-promotion -Wshadow -Wformat=2 -Wextra-semi -pedantic | COMPILE_DEFINES =  -DBOOST_TEST_DYN_LINK | STATICCOMPILE = OFF | Boost_FOUND = TRUE | ZLIB_FOUND = TRUE | VALGRIND_FOUND =  | GMP_FOUND = TRUE | ENABLE_ASSERTIONS = ON | MY_TARGETS =  | compilation date time = Oct 29 2020 17:34:59
c ApproxMC compiled with gcc version 9.3.0
c CryptoMiniSat version 5.8.0
c CMS Copyright Mate Soos (soos.mate@gmail.com)
c CMS SHA revision 6477e8bc43b0fda7038965bb148b64b8637c804b
c CMS is GPL licensed due to M4RI being linked. Build without M4RI to get MIT version
c Using VMTF code by Armin Biere from CaDiCaL
c Using Yalsat by Armin Biere, see Balint et al. Improving implementation of SLS solvers [...], SAT'14
c Using WalkSAT by Henry Kautz, see Kautz and Selman Pushing the envelope: planning, propositional logic, and stochastic search, AAAI'96,
c Using code from 'When Boolean Satisfiability Meets Gauss-E. in a Simplex Way'
c       by C.-S. Han and J.-H. Roland Jiang in CAV 2012. Fixes by M. Soos
c Using CCAnr from 'CCAnr: A Conf. Checking Based Local Search Solver [...]'
c       by Shaowei Cai, Chuan Luo, and Kaile Su, SAT 2015
c CMS compilation env CMAKE_CXX_COMPILER = /usr/bin/c++ | CMAKE_CXX_FLAGS =  -fvisibility=hidden -Wall -Wextra -Wunused -Wsign-compare -fno-omit-frame-pointer -Wtype-limits -Wuninitialized -Wno-deprecated -Wstrict-aliasing -Wpointer-arith -Wpointer-arith -Wformat-nonliteral -Winit-self -Wparentheses -Wunreachable-code -g -Wno-class-memaccess -mpopcnt -msse4.2 -ggdb3 -Wlogical-op -Wrestrict -Wnull-dereference -Wdouble-promotion -Wshadow -Wformat=2 -Wextra-semi -pedantic | COMPILE_DEFINES =  -DEXTENDED_FEATURES -DUSE_GAUSS -DBOOST_TEST_DYN_LINK -DUSE_ZLIB -DYALSAT_FPU -DUSE_M4RI | STATICCOMPILE = OFF | ONLY_SIMPLE = OFF | Boost_FOUND = TRUE | STATS = OFF | SQLITE3_FOUND = FALSE | ZLIB_FOUND = TRUE | VALGRIND_FOUND =  | ENABLE_TESTING = OFF | M4RI_FOUND = TRUE | NOM4RI = OFF | SLOW_DEBUG = OFF | ENABLE_ASSERTIONS = ON | PYTHON_EXECUTABLE = PYTHON_EXECUTABLE-NOTFOUND | PYTHON_LIBRARY = PYTHON_LIBRARY-NOTFOUND | PYTHON_INCLUDE_DIRS =  | MY_TARGETS =  | LARGEMEM = OFF | LIMITMEM = OFF | BREAKID_LIBRARIES =  | BREAKID-VER = . | BOSPHORUS_LIBRARIES =  | BOSPH-VER = . | compilation date time = Oct 29 2020 17:34:11
c CMS compiled with gcc version 9.3.0
c executed with command line: approxmc --sparse 1 -s 01 /experiments/results/example7b-2.c/01/counterSharp/ash.dimacs
c -- header says num vars:         736041
c -- header says num clauses:     3553145
c WARNING: Empty line at line number 3559170 -- this is not part of the DIMACS specifications (http://www.satcompetition.org/2009/format-benchmarks2009.html). Ignoring.
c -- clauses added: 3553145
c -- xor clauses added: 0
c -- vars added 736041
c [appmc] Sampling set size: 64
c [appmc] Sampling set: 2038, 2039, 2040, 2041, 2042, 2043, 2044, 2045, 2046, 2047, 2048, 2049, 2050, 2051, 2052, 2053, 2054, 2055, 2056, 2057, 2058, 2059, 2060, 2061, 2062, 2063, 2064, 2065, 2066, 2067, 2068, 2069, 2006, 2007, 2008, 2009, 2010, 2011, 2012, 2013, 2014, 2015, 2016, 2017, 2018, 2019, 2020, 2021, 2022, 2023, 2024, 2025, 2026, 2027, 2028, 2029, 2030, 2031, 2032, 2033, 2034, 2035, 2036, 2037, 
c [sparse] Using match: 1 sampling set size: 64 prev end inclusive is: 50 this end inclusive is: 100 next end inclusive is: 150 sampl size: 64
c [appmc] threshold set to 80 sparse: 1
c [appmc] Starting up, initial measurement
c [appmc] Starting at hash count: 1
c [appmc] [    0.01 ] round:  0 hashes:      1
c [appmc] [    0.01 ] bounded_sol_count looking for   81 solutions -- hashes active: 1
c [gauss] XOR-encoding clauses detached: 0 deleted: 0 T: 0.04
c [gauss] XOR-encoding clauses reattached: 0 T: 0.00
c [gauss] XOR-encoding clauses detached: 123956 deleted: 2 T: 0.05
c [gauss] XOR-encoding clauses reattached: 123956 T: 0.01
c [gauss] XOR-encoding clauses detached: 123872 deleted: 0 T: 0.05
c [gauss] XOR-encoding clauses reattached: 123872 T: 0.01
