** CON **
c ApproxMC SHA revision efa1667e4e09b2d5f2c61042efe377ce3107fdd3
c ApproxMC version 4.0.1
c ApproxMC compilation env CMAKE_CXX_COMPILER = /usr/bin/c++ | CMAKE_CXX_FLAGS =  -Wall -Wextra -Wunused -Wsign-compare -fno-omit-frame-pointer -Wtype-limits -Wuninitialized -Wno-deprecated -Wstrict-aliasing -Wpointer-arith -fvisibility=hidden -Wpointer-arith -Wformat-nonliteral -Winit-self -Wparentheses -Wunreachable-code -g -fvisibility=hidden -Wlogical-op -Wrestrict -Wnull-dereference -Wdouble-promotion -Wshadow -Wformat=2 -Wextra-semi -pedantic | COMPILE_DEFINES =  -DBOOST_TEST_DYN_LINK | STATICCOMPILE = OFF | Boost_FOUND = TRUE | ZLIB_FOUND = TRUE | VALGRIND_FOUND =  | GMP_FOUND = TRUE | ENABLE_ASSERTIONS = ON | MY_TARGETS =  | compilation date time = Aug  8 2022 16:18:18
c ApproxMC compiled with gcc version 9.4.0
c CryptoMiniSat version 5.11.0
c CMS Copyright (C) 2009-2020 Authors of CryptoMiniSat, see AUTHORS file
c CMS SHA revision 716b89be078f98fb615cf30a1f663b4903c08d9d
c CMS is MIT licensed
c Using VMTF code by Armin Biere from CaDiCaL
c Using Yalsat by Armin Biere, see Balint et al. Improving implementation of SLS solvers [...], SAT'14
c Using WalkSAT by Henry Kautz, see Kautz and Selman Pushing the envelope: planning, propositional logic, and stochastic search, AAAI'96,
c Using code from 'When Boolean Satisfiability Meets Gauss-E. in a Simplex Way'
c       by C.-S. Han and J.-H. Roland Jiang in CAV 2012. Fixes by M. Soos
c Using CCAnr from 'CCAnr: A Conf. Checking Based Local Search Solver [...]'
c       by Shaowei Cai, Chuan Luo, and Kaile Su, SAT 2015
c CMS compilation env CMAKE_CXX_COMPILER = /usr/bin/c++ | CMAKE_CXX_FLAGS =  -fvisibility=hidden -Wall -Wextra -Wunused -Wsign-compare -fno-omit-frame-pointer -Wtype-limits -Wuninitialized -Wno-deprecated -Wstrict-aliasing -Wpointer-arith -Wpointer-arith -Wformat-nonliteral -Winit-self -Wparentheses -Wunreachable-code -g -Wno-class-memaccess -mpopcnt -msse4.2 -ggdb3 -Wlogical-op -Wrestrict -Wnull-dereference -Wdouble-promotion -Wshadow -Wformat=2 -Wextra-semi -pedantic | COMPILE_DEFINES =  -DRDB0_ONLY_FEATURES -DBOOST_TEST_DYN_LINK -DUSE_ZLIB -DYALSAT_FPU | STATICCOMPILE = OFF | ONLY_SIMPLE = OFF | Boost_FOUND = TRUE | STATS = OFF | SQLITE3_FOUND = FALSE | ZLIB_FOUND = TRUE | VALGRIND_FOUND =  | ENABLE_TESTING = OFF | M4RI_FOUND =  | NOM4RI = ON | SLOW_DEBUG = OFF | ENABLE_ASSERTIONS = ON | PYTHON_EXECUTABLE =  | PYTHON_LIBRARY =  | PYTHON_INCLUDE_DIRS =  | MY_TARGETS =  | LARGEMEM = OFF | LIMITMEM = OFF | BREAKID_LIBRARIES =  | BREAKID-VER = . | BOSPHORUS_LIBRARIES =  | BOSPH-VER = . | compilation date time = Aug  8 2022 16:16:45
c CMS compiled with gcc version 9.4.0
c executed with command line: approxmc -s 03 /experiments/results/bwd_loop1a.c/03/counterSharp/con.dimacs
c Arjun SHA revision 416b100492d00bc51dbe98963e981906ddb47d83
c -- header says num vars:          13573
c -- header says num clauses:       55037
c WARNING: Empty line at line number 55351 -- this is not part of the DIMACS specifications (http://www.satcompetition.org/2009/format-benchmarks2009.html). Ignoring.
c -- clauses added: 55037
c -- xor clauses added: 0
c -- vars added 13573
c Original sampling vars: 407 408 409 410 411 412 413 414 415 416 417 418 419 420 421 422 423 424 425 426 427 428 429 430 431 432 433 434 435 436 437 438 
c [appmc] Orig sampling vars size: 32
c --> Executing OCC strategy token(s): 'occ-xor,'
c [occ] mem usage for occur      2 MB
c [occ] Linked in IRRED BIN by default: 16223
c [occ] Linked in RED   BIN by default: 0
c [occ] mem usage for occur      0 MB
c Mem for watch alloc      : 1           MB (11.68     %)
c Mem for watch array      : 0           MB (6.10      %)
c --> Executing OCC strategy token: occ-xor
c [occ-xor] sort occur list T: 0.00
c [xor-clean-equiv] removed equivalent xors: 0 left with: 3102
c [occ-xor] found   3102 avg sz 3.0 min sz  3 max sz  3 T: 0.00 T-out: N T-r: 99.94%
c [occ] mem usage for occur      2 MB
c [occ] Linked in IRRED BIN by default: 16223
c [occ] Linked in RED   BIN by default: 0
c [occ] mem usage for occur      0 MB
c Mem for watch alloc      : 1           MB (10.63     %)
c Mem for watch array      : 0           MB (5.54      %)
c [occ-gates] found:  3101 avg-s: 2.0 T: 0.00 T-out: N T-r: 97.61%
c [occ] mem usage for occur      2 MB
c [occ] Linked in IRRED BIN by default: 16223
c [occ] Linked in RED   BIN by default: 0
c [occ] mem usage for occur      0 MB
c Mem for watch alloc      : 1           MB (10.64     %)
c Mem for watch array      : 0           MB (5.54      %)
c [arjun-simp] GATE-based Potential was: 0 Non-zero OCCs were: 0 removed: 0 perc: 0.00 T: 0.03
c [occ] mem usage for occur      2 MB
c [occ] Linked in IRRED BIN by default: 16223
c [occ] Linked in RED   BIN by default: 0
c [occ] mem usage for occur      0 MB
c Mem for watch alloc      : 1           MB (10.83     %)
c Mem for watch array      : 0           MB (5.65      %)
c [gate-definable] no-cls-match-filt: 0 pico ran: 31 unsat: 0 0-occ: 0 too-many-occ: 1 empty-res: 0
c [arjun-simp] IRREG-GATE-based removed: 0 perc: 0.00 T: 0.01
c [occ] mem usage for occur      2 MB
c [occ] Linked in IRRED BIN by default: 16223
c [occ] Linked in RED   BIN by default: 0
c [occ] mem usage for occur      0 MB
c Mem for watch alloc      : 1           MB (10.83     %)
c Mem for watch array      : 0           MB (5.65      %)
c [cms-equiv-sub] equiv_subformula: 0 empty_occ: 0 T: 0.00
c [arjun-simp] equiv-subform removed: 0 perc: 0.00 total equiv_subform now: 0 T: 0.00
c [arjun-simp] CMS::simplify() with no BVE, intree probe...
c [arjun-simp] CMS::simplify() with no BVE finished. T: 0.05
c [arjun-simp] Removed eq lits: 0 new size: 32
c [arjun-simp] Removed set       : 32 new size: 0
c [arjun] CNF is UNSAT, setting sampling set to empty
c [arjun] get_indep_set finished T: 0.13
c ind 0
c [arjun] final set size:            0 percent of original: 0.0000 %
c [arjun] of which empty occs:       0 percent of original: 0.0000 %
c [appmc+arjun] Total time: 0.1584
c [appmc] Number of solutions is: 0*2**0
s UNSATISFIABLE
s mc 0
** AMM **
c ApproxMC SHA revision efa1667e4e09b2d5f2c61042efe377ce3107fdd3
c ApproxMC version 4.0.1
c ApproxMC compilation env CMAKE_CXX_COMPILER = /usr/bin/c++ | CMAKE_CXX_FLAGS =  -Wall -Wextra -Wunused -Wsign-compare -fno-omit-frame-pointer -Wtype-limits -Wuninitialized -Wno-deprecated -Wstrict-aliasing -Wpointer-arith -fvisibility=hidden -Wpointer-arith -Wformat-nonliteral -Winit-self -Wparentheses -Wunreachable-code -g -fvisibility=hidden -Wlogical-op -Wrestrict -Wnull-dereference -Wdouble-promotion -Wshadow -Wformat=2 -Wextra-semi -pedantic | COMPILE_DEFINES =  -DBOOST_TEST_DYN_LINK | STATICCOMPILE = OFF | Boost_FOUND = TRUE | ZLIB_FOUND = TRUE | VALGRIND_FOUND =  | GMP_FOUND = TRUE | ENABLE_ASSERTIONS = ON | MY_TARGETS =  | compilation date time = Aug  8 2022 16:18:18
c ApproxMC compiled with gcc version 9.4.0
c CryptoMiniSat version 5.11.0
c CMS Copyright (C) 2009-2020 Authors of CryptoMiniSat, see AUTHORS file
c CMS SHA revision 716b89be078f98fb615cf30a1f663b4903c08d9d
c CMS is MIT licensed
c Using VMTF code by Armin Biere from CaDiCaL
c Using Yalsat by Armin Biere, see Balint et al. Improving implementation of SLS solvers [...], SAT'14
c Using WalkSAT by Henry Kautz, see Kautz and Selman Pushing the envelope: planning, propositional logic, and stochastic search, AAAI'96,
c Using code from 'When Boolean Satisfiability Meets Gauss-E. in a Simplex Way'
c       by C.-S. Han and J.-H. Roland Jiang in CAV 2012. Fixes by M. Soos
c Using CCAnr from 'CCAnr: A Conf. Checking Based Local Search Solver [...]'
c       by Shaowei Cai, Chuan Luo, and Kaile Su, SAT 2015
c CMS compilation env CMAKE_CXX_COMPILER = /usr/bin/c++ | CMAKE_CXX_FLAGS =  -fvisibility=hidden -Wall -Wextra -Wunused -Wsign-compare -fno-omit-frame-pointer -Wtype-limits -Wuninitialized -Wno-deprecated -Wstrict-aliasing -Wpointer-arith -Wpointer-arith -Wformat-nonliteral -Winit-self -Wparentheses -Wunreachable-code -g -Wno-class-memaccess -mpopcnt -msse4.2 -ggdb3 -Wlogical-op -Wrestrict -Wnull-dereference -Wdouble-promotion -Wshadow -Wformat=2 -Wextra-semi -pedantic | COMPILE_DEFINES =  -DRDB0_ONLY_FEATURES -DBOOST_TEST_DYN_LINK -DUSE_ZLIB -DYALSAT_FPU | STATICCOMPILE = OFF | ONLY_SIMPLE = OFF | Boost_FOUND = TRUE | STATS = OFF | SQLITE3_FOUND = FALSE | ZLIB_FOUND = TRUE | VALGRIND_FOUND =  | ENABLE_TESTING = OFF | M4RI_FOUND =  | NOM4RI = ON | SLOW_DEBUG = OFF | ENABLE_ASSERTIONS = ON | PYTHON_EXECUTABLE =  | PYTHON_LIBRARY =  | PYTHON_INCLUDE_DIRS =  | MY_TARGETS =  | LARGEMEM = OFF | LIMITMEM = OFF | BREAKID_LIBRARIES =  | BREAKID-VER = . | BOSPHORUS_LIBRARIES =  | BOSPH-VER = . | compilation date time = Aug  8 2022 16:16:45
c CMS compiled with gcc version 9.4.0
c executed with command line: approxmc -s 03 /experiments/results/bwd_loop1a.c/03/counterSharp/amm.dimacs
c Arjun SHA revision 416b100492d00bc51dbe98963e981906ddb47d83
c -- header says num vars:          13466
c -- header says num clauses:       54677
c WARNING: Empty line at line number 54993 -- this is not part of the DIMACS specifications (http://www.satcompetition.org/2009/format-benchmarks2009.html). Ignoring.
c -- clauses added: 54677
c -- xor clauses added: 0
c -- vars added 13466
c Original sampling vars: 205 206 207 208 209 210 211 212 213 214 215 216 217 218 219 220 221 222 223 224 225 226 227 228 229 230 231 232 233 234 235 236 
c [appmc] Orig sampling vars size: 32
c --> Executing OCC strategy token(s): 'occ-xor,'
c [occ] mem usage for occur      2 MB
c [occ] Linked in IRRED BIN by default: 13353
c [occ] Linked in RED   BIN by default: 0
c [occ] mem usage for occur      1 MB
c Mem for watch alloc      : 1           MB (12.57     %)
c Mem for watch array      : 0           MB (5.92      %)
c --> Executing OCC strategy token: occ-xor
c [occ-xor] sort occur list T: 0.00
c [xor-clean-equiv] removed equivalent xors: 0 left with: 3236
c [occ-xor] found   3236 avg sz 3.0 min sz  3 max sz  3 T: 0.01 T-out: N T-r: 99.90%
c [occ] mem usage for occur      2 MB
c [occ] Linked in IRRED BIN by default: 13353
c [occ] Linked in RED   BIN by default: 0
c [occ] mem usage for occur      1 MB
c Mem for watch alloc      : 1           MB (11.51     %)
c Mem for watch array      : 0           MB (5.42      %)
c [occ-gates] found:  3235 avg-s: 2.0 T: 0.00 T-out: N T-r: 96.96%
c [occ] mem usage for occur      2 MB
c [occ] Linked in IRRED BIN by default: 13353
c [occ] Linked in RED   BIN by default: 0
c [occ] mem usage for occur      1 MB
c Mem for watch alloc      : 1           MB (11.52     %)
c Mem for watch array      : 0           MB (5.42      %)
c [arjun-simp] GATE-based Potential was: 0 Non-zero OCCs were: 0 removed: 0 perc: 0.00 T: 0.06
c [occ] mem usage for occur      2 MB
c [occ] Linked in IRRED BIN by default: 13353
c [occ] Linked in RED   BIN by default: 0
c [occ] mem usage for occur      1 MB
c Mem for watch alloc      : 1           MB (11.81     %)
c Mem for watch array      : 0           MB (5.56      %)
c [gate-definable] no-cls-match-filt: 31 pico ran: 0 unsat: 0 0-occ: 0 too-many-occ: 1 empty-res: 0
c [arjun-simp] IRREG-GATE-based removed: 0 perc: 0.00 T: 0.01
c [occ] mem usage for occur      2 MB
c [occ] Linked in IRRED BIN by default: 13353
c [occ] Linked in RED   BIN by default: 0
c [occ] mem usage for occur      1 MB
c Mem for watch alloc      : 1           MB (11.81     %)
c Mem for watch array      : 0           MB (5.56      %)
c [cms-equiv-sub] equiv_subformula: 0 empty_occ: 0 T: 0.00
c [arjun-simp] equiv-subform removed: 0 perc: 0.00 total equiv_subform now: 0 T: 0.00
c [arjun-simp] CMS::simplify() with no BVE, intree probe...
c [arjun-simp] CMS::simplify() with no BVE finished. T: 0.10
c [arjun-simp] Removed eq lits: 0 new size: 32
c [arjun-simp] Removed set       : 0 new size: 32
c [arjun-simp] Removed set       : 0 new size: 32
c [arjun-simp] Removed eq lits: 0 new size: 32
c [arjun-simp] probe removed: 0 perc: 0.00 T: 0.02
c [occ] mem usage for occur      2 MB
c [occ] Linked in IRRED BIN by default: 16243
c [occ] Linked in RED   BIN by default: 65
c [occ] mem usage for occur      0 MB
c Mem for watch alloc      : 2           MB (13.71     %)
c Mem for watch array      : 0           MB (3.71      %)
c [cms-equiv-sub] equiv_subformula: 0 empty_occ: 0 T: 0.00
c [arjun-simp] equiv-subform removed: 0 perc: 0.00 total equiv_subform now: 0 T: 0.02
c [arjun-simp] IRREG-GATE-based removed: 0 perc: 0.00 T: 0.02
c [arjun] simplification finished  removed: 0 perc: 0.00 T: 0.26
c [arjun] Duplicating CNF...
c [arjun] Duplicated CNF. T: 0.02
c [arjun] CMS::simplify() with *only* BVE...
c [arjun] CMS::simplify() with *only* BVE finished. T: 2.13
c [arjun] Adding fixed clauses time: 0.00
c [arjun] Start unknown size: 32
c [arjun] backward round finished T: 0.00
c [arjun] get_indep_set finished T: 2.43
c ind 13433 13432 13431 13430 13429 13428 13427 13426 13425 13424 13423 13422 13421 13420 13419 13418 13417 13416 13415 13414 13413 13412 13411 13410 13409 13408 13407 13406 13405 13434 13404 13371 0
c [arjun] final set size:           32 percent of original: 100.0000 %
c [arjun] of which empty occs:       0 percent of original: 0.0000 %
c [appmc] Sampling set size: 32
c [appmc] Sampling set: 13371, 13404, 13405, 13406, 13407, 13408, 13409, 13410, 13411, 13412, 13413, 13414, 13415, 13416, 13417, 13418, 13419, 13420, 13421, 13422, 13423, 13424, 13425, 13426, 13427, 13428, 13429, 13430, 13431, 13432, 13433, 13434, 
c [appmc] threshold set to 72 sparse: 0
c [appmc] Starting up, initial measurement
c [appmc] Checking if there are at least threshold+1 solutions...
c [appmc] simplifying
c [appmc] [    1.28 ] bounded_sol_count looking for   73 solutions -- hashes active: 0
c [appmc] repeat solutions:      0 checked:      0 out of:      0
c [appmc] Starting at hash count: 1
c [appmc] [    1.29 ] round:  0 hashes:      1
c [appmc] [    1.29 ] bounded_sol_count looking for   73 solutions -- hashes active: 1
c [appmc] repeat solutions:     33 checked:     73 out of:     73
c [appmc] [    1.30 ] round:  0 hashes:      2
c [appmc] [    1.30 ] bounded_sol_count looking for   73 solutions -- hashes active: 2
c [appmc] repeat solutions:     37 checked:    113 out of:    113
c [appmc] [    1.30 ] round:  0 hashes:      4
c [appmc] [    1.30 ] bounded_sol_count looking for   73 solutions -- hashes active: 4
c [appmc] repeat solutions:     20 checked:    149 out of:    149
c [appmc] [    1.31 ] round:  0 hashes:      8
c [appmc] [    1.31 ] bounded_sol_count looking for   73 solutions -- hashes active: 8
c [appmc] repeat solutions:      4 checked:    202 out of:    202
c [appmc] [    1.33 ] round:  0 hashes:     16
c [appmc] [    1.33 ] bounded_sol_count looking for   73 solutions -- hashes active: 16
c [appmc] repeat solutions:      0 checked:    271 out of:    271
c [appmc] [    1.34 ] round:  0 hashes:     24
c [appmc] [    1.34 ] bounded_sol_count looking for   73 solutions -- hashes active: 24
c [appmc] repeat solutions:      0 checked:    344 out of:    344
c [appmc] [    1.35 ] round:  0 hashes:     28
c [appmc] [    1.35 ] bounded_sol_count looking for   73 solutions -- hashes active: 28
c [appmc] repeat solutions:      4 checked:    417 out of:    417
c [appmc] [    1.36 ] round:  0 hashes:     26
c [appmc] [    1.36 ] bounded_sol_count looking for   73 solutions -- hashes active: 26
c [appmc] repeat solutions:     28 checked:    417 out of:    429
c [appmc] [    1.37 ] round:  0 hashes:     25
c [appmc] [    1.37 ] bounded_sol_count looking for   73 solutions -- hashes active: 25
c [appmc] repeat solutions:     80 checked:    417 out of:    465
c [appmc] simplifying
c [appmc] [    1.40 ] round:  1 hashes:     26
c [appmc] [    1.40 ] bounded_sol_count looking for   73 solutions -- hashes active: 26
c [appmc] repeat solutions:      0 checked:     73 out of:     73
c [appmc] [    1.41 ] round:  1 hashes:     25
c [appmc] [    1.41 ] bounded_sol_count looking for   73 solutions -- hashes active: 25
c [appmc] repeat solutions:     64 checked:     73 out of:    137
c [appmc] simplifying
c [appmc] [    1.42 ] round:  2 hashes:     26
c [appmc] [    1.42 ] bounded_sol_count looking for   73 solutions -- hashes active: 26
c [appmc] repeat solutions:      0 checked:     73 out of:     73
c [appmc] [    1.43 ] round:  2 hashes:     25
c [appmc] [    1.43 ] bounded_sol_count looking for   73 solutions -- hashes active: 25
c [appmc] repeat solutions:     64 checked:     73 out of:    137
c [appmc] simplifying
c [appmc] [    1.44 ] round:  3 hashes:     26
c [appmc] [    1.44 ] bounded_sol_count looking for   73 solutions -- hashes active: 26
c [appmc] repeat solutions:      0 checked:     73 out of:     73
c [appmc] [    1.45 ] round:  3 hashes:     25
c [appmc] [    1.45 ] bounded_sol_count looking for   73 solutions -- hashes active: 25
c [appmc] repeat solutions:     64 checked:     73 out of:    137
c [appmc] simplifying
c [appmc] [    1.46 ] round:  4 hashes:     26
c [appmc] [    1.46 ] bounded_sol_count looking for   73 solutions -- hashes active: 26
c [appmc] repeat solutions:      0 checked:     73 out of:     73
c [appmc] [    1.47 ] round:  4 hashes:     25
c [appmc] [    1.47 ] bounded_sol_count looking for   73 solutions -- hashes active: 25
c [appmc] repeat solutions:     64 checked:     73 out of:    137
c [appmc] simplifying
c [appmc] [    1.48 ] round:  5 hashes:     26
c [appmc] [    1.48 ] bounded_sol_count looking for   73 solutions -- hashes active: 26
c [appmc] repeat solutions:      0 checked:     73 out of:     73
c [appmc] [    1.48 ] round:  5 hashes:     25
c [appmc] [    1.48 ] bounded_sol_count looking for   73 solutions -- hashes active: 25
c [appmc] repeat solutions:     64 checked:     73 out of:    137
c [appmc] simplifying
c [appmc] [    1.49 ] round:  6 hashes:     26
c [appmc] [    1.49 ] bounded_sol_count looking for   73 solutions -- hashes active: 26
c [appmc] repeat solutions:      0 checked:     73 out of:     73
c [appmc] [    1.50 ] round:  6 hashes:     25
c [appmc] [    1.50 ] bounded_sol_count looking for   73 solutions -- hashes active: 25
c [appmc] repeat solutions:     64 checked:     73 out of:    137
c [appmc] simplifying
c [appmc] [    1.51 ] round:  7 hashes:     26
c [appmc] [    1.51 ] bounded_sol_count looking for   73 solutions -- hashes active: 26
c [appmc] repeat solutions:      0 checked:     73 out of:     73
c [appmc] [    1.52 ] round:  7 hashes:     25
c [appmc] [    1.52 ] bounded_sol_count looking for   73 solutions -- hashes active: 25
c [appmc] repeat solutions:     64 checked:     73 out of:    137
c [appmc] simplifying
c [appmc] [    1.54 ] round:  8 hashes:     26
c [appmc] [    1.54 ] bounded_sol_count looking for   73 solutions -- hashes active: 26
c [appmc] repeat solutions:      0 checked:     73 out of:     73
c [appmc] [    1.55 ] round:  8 hashes:     25
c [appmc] [    1.55 ] bounded_sol_count looking for   73 solutions -- hashes active: 25
c [appmc] repeat solutions:     64 checked:     73 out of:    137
c [appmc] ApproxMC T: 1.55 s
c ------- FINAL TOTAL SEARCH STATS ---------
c UIP search time          : 0.05        (1.24      % time)
c restarts                 : 1059        (0.95      confls per restart)
c blocked restarts         : 0           (0.00      per normal restart)
c time                     : 0.05        
c decisions                : 148881      (0.00      % random)
c propagations             : 272K        (5430K     props/s)
c decisions/conflicts      : 148.14      
c conflicts                : 1005        
c conf lits non-minim      : 40125       (39.93     lit/confl)
c conf lits final          : 30.51       
c red which0               : 0           (0.00      % of confl)
c props/decision           : 0.00        
c props/conflict           : 0.00        
c 0-depth assigns          : 234         (95.90     % vars)
c 0-depth assigns by CNF   : 234         (95.90     % vars)
c reduceDB time            : 0.00        (0.00      % time)
c OccSimplifier time       : 1.17        (28.98     % time)
c [occur] 0.02 is overhead
c [occur] link-in T: 0.02 cleanup T: 0.00
c [occ-substr] long subBySub: 5662 subByStr: 16601 lits-rem-str: 26697 T: 1.08
c SCC time                 : 0.00        (0.08      % time)
c [scc] new: 228 BP 0M  T: 0.00
c vrep replace time        : 0.01        (0.20      % time)
c vrep tree roots          : 163         
c vrep trees' crown        : 228         (1.40      leafs/tree)
c distill long time        : 0.00        (0.00      % time)
c distill bin time         : 0.00        (0.00      % time)
c strength cache-irred time: 0.00        (0.00      % time)
c strength cache-red time  : 0.00        (0.00      % time)
c avg cls in red 0         : 0.00        
c avg cls in red 1         : 51.73       
c avg cls in red 2         : 89.61       
c Conflicts in UIP         : 1005        (248.44    confl/time_this_thread)
c Max Memory (rss) used    : 42308 kB    
c Total time (this thread) : 4.05        
c [appmc+arjun] Total time: 4.05
c [appmc] Number of solutions is: 64*2**26
s SATISFIABLE
s mc 4294967296
** AMH **
c ApproxMC SHA revision efa1667e4e09b2d5f2c61042efe377ce3107fdd3
c ApproxMC version 4.0.1
c ApproxMC compilation env CMAKE_CXX_COMPILER = /usr/bin/c++ | CMAKE_CXX_FLAGS =  -Wall -Wextra -Wunused -Wsign-compare -fno-omit-frame-pointer -Wtype-limits -Wuninitialized -Wno-deprecated -Wstrict-aliasing -Wpointer-arith -fvisibility=hidden -Wpointer-arith -Wformat-nonliteral -Winit-self -Wparentheses -Wunreachable-code -g -fvisibility=hidden -Wlogical-op -Wrestrict -Wnull-dereference -Wdouble-promotion -Wshadow -Wformat=2 -Wextra-semi -pedantic | COMPILE_DEFINES =  -DBOOST_TEST_DYN_LINK | STATICCOMPILE = OFF | Boost_FOUND = TRUE | ZLIB_FOUND = TRUE | VALGRIND_FOUND =  | GMP_FOUND = TRUE | ENABLE_ASSERTIONS = ON | MY_TARGETS =  | compilation date time = Aug  8 2022 16:18:18
c ApproxMC compiled with gcc version 9.4.0
c CryptoMiniSat version 5.11.0
c CMS Copyright (C) 2009-2020 Authors of CryptoMiniSat, see AUTHORS file
c CMS SHA revision 716b89be078f98fb615cf30a1f663b4903c08d9d
c CMS is MIT licensed
c Using VMTF code by Armin Biere from CaDiCaL
c Using Yalsat by Armin Biere, see Balint et al. Improving implementation of SLS solvers [...], SAT'14
c Using WalkSAT by Henry Kautz, see Kautz and Selman Pushing the envelope: planning, propositional logic, and stochastic search, AAAI'96,
c Using code from 'When Boolean Satisfiability Meets Gauss-E. in a Simplex Way'
c       by C.-S. Han and J.-H. Roland Jiang in CAV 2012. Fixes by M. Soos
c Using CCAnr from 'CCAnr: A Conf. Checking Based Local Search Solver [...]'
c       by Shaowei Cai, Chuan Luo, and Kaile Su, SAT 2015
c CMS compilation env CMAKE_CXX_COMPILER = /usr/bin/c++ | CMAKE_CXX_FLAGS =  -fvisibility=hidden -Wall -Wextra -Wunused -Wsign-compare -fno-omit-frame-pointer -Wtype-limits -Wuninitialized -Wno-deprecated -Wstrict-aliasing -Wpointer-arith -Wpointer-arith -Wformat-nonliteral -Winit-self -Wparentheses -Wunreachable-code -g -Wno-class-memaccess -mpopcnt -msse4.2 -ggdb3 -Wlogical-op -Wrestrict -Wnull-dereference -Wdouble-promotion -Wshadow -Wformat=2 -Wextra-semi -pedantic | COMPILE_DEFINES =  -DRDB0_ONLY_FEATURES -DBOOST_TEST_DYN_LINK -DUSE_ZLIB -DYALSAT_FPU | STATICCOMPILE = OFF | ONLY_SIMPLE = OFF | Boost_FOUND = TRUE | STATS = OFF | SQLITE3_FOUND = FALSE | ZLIB_FOUND = TRUE | VALGRIND_FOUND =  | ENABLE_TESTING = OFF | M4RI_FOUND =  | NOM4RI = ON | SLOW_DEBUG = OFF | ENABLE_ASSERTIONS = ON | PYTHON_EXECUTABLE =  | PYTHON_LIBRARY =  | PYTHON_INCLUDE_DIRS =  | MY_TARGETS =  | LARGEMEM = OFF | LIMITMEM = OFF | BREAKID_LIBRARIES =  | BREAKID-VER = . | BOSPHORUS_LIBRARIES =  | BOSPH-VER = . | compilation date time = Aug  8 2022 16:16:45
c CMS compiled with gcc version 9.4.0
c executed with command line: approxmc -s 03 /experiments/results/bwd_loop1a.c/03/counterSharp/amh.dimacs
c Arjun SHA revision 416b100492d00bc51dbe98963e981906ddb47d83
c -- header says num vars:          13466
c -- header says num clauses:       54677
c WARNING: Empty line at line number 54993 -- this is not part of the DIMACS specifications (http://www.satcompetition.org/2009/format-benchmarks2009.html). Ignoring.
c -- clauses added: 54677
c -- xor clauses added: 0
c -- vars added 13466
c Original sampling vars: 205 206 207 208 209 210 211 212 213 214 215 216 217 218 219 220 221 222 223 224 225 226 227 228 229 230 231 232 233 234 235 236 
c [appmc] Orig sampling vars size: 32
c --> Executing OCC strategy token(s): 'occ-xor,'
c [occ] mem usage for occur      2 MB
c [occ] Linked in IRRED BIN by default: 18372
c [occ] Linked in RED   BIN by default: 0
c [occ] mem usage for occur      1 MB
c Mem for watch alloc      : 1           MB (13.02     %)
c Mem for watch array      : 0           MB (5.99      %)
c --> Executing OCC strategy token: occ-xor
c [occ-xor] sort occur list T: 0.00
c [xor-clean-equiv] removed equivalent xors: 0 left with: 3235
c [occ-xor] found   3235 avg sz 3.0 min sz  3 max sz  3 T: 0.01 T-out: N T-r: 99.90%
c [occ] mem usage for occur      2 MB
c [occ] Linked in IRRED BIN by default: 18372
c [occ] Linked in RED   BIN by default: 0
c [occ] mem usage for occur      1 MB
c Mem for watch alloc      : 1           MB (11.88     %)
c Mem for watch array      : 0           MB (5.46      %)
c [occ-gates] found:  3236 avg-s: 2.0 T: 0.00 T-out: N T-r: 96.56%
c [occ] mem usage for occur      2 MB
c [occ] Linked in IRRED BIN by default: 18372
c [occ] Linked in RED   BIN by default: 0
c [occ] mem usage for occur      1 MB
c Mem for watch alloc      : 1           MB (11.89     %)
c Mem for watch array      : 0           MB (5.46      %)
c [arjun-simp] GATE-based Potential was: 0 Non-zero OCCs were: 0 removed: 0 perc: 0.00 T: 0.05
c [occ] mem usage for occur      2 MB
c [occ] Linked in IRRED BIN by default: 18372
c [occ] Linked in RED   BIN by default: 0
c [occ] mem usage for occur      1 MB
c Mem for watch alloc      : 1           MB (12.21     %)
c Mem for watch array      : 0           MB (5.61      %)
c [gate-definable] no-cls-match-filt: 0 pico ran: 31 unsat: 0 0-occ: 0 too-many-occ: 1 empty-res: 0
c [arjun-simp] IRREG-GATE-based removed: 0 perc: 0.00 T: 0.01
c [occ] mem usage for occur      2 MB
c [occ] Linked in IRRED BIN by default: 18372
c [occ] Linked in RED   BIN by default: 0
c [occ] mem usage for occur      1 MB
c Mem for watch alloc      : 1           MB (12.21     %)
c Mem for watch array      : 0           MB (5.61      %)
c [cms-equiv-sub] equiv_subformula: 0 empty_occ: 0 T: 0.00
c [arjun-simp] equiv-subform removed: 0 perc: 0.00 total equiv_subform now: 0 T: 0.01
c [arjun-simp] CMS::simplify() with no BVE, intree probe...
c [arjun-simp] CMS::simplify() with no BVE finished. T: 0.13
c [arjun-simp] Removed eq lits: 0 new size: 32
c [arjun-simp] Removed set       : 28 new size: 4
c [arjun-simp] Removed set       : 0 new size: 4
c [arjun-simp] Removed eq lits: 0 new size: 4
c [arjun-simp] probe removed: 0 perc: 0.00 T: 0.02
c [occ] mem usage for occur      2 MB
c [occ] Linked in IRRED BIN by default: 18375
c [occ] Linked in RED   BIN by default: 700
c [occ] mem usage for occur      0 MB
c Mem for watch alloc      : 2           MB (14.72     %)
c Mem for watch array      : 0           MB (3.72      %)
c [cms-equiv-sub] equiv_subformula: 0 empty_occ: 0 T: 0.00
c [arjun-simp] equiv-subform removed: 0 perc: 0.00 total equiv_subform now: 0 T: 0.01
c [arjun-simp] IRREG-GATE-based removed: 0 perc: 0.00 T: 0.02
c [arjun] simplification finished  removed: 28 perc: 87.50 T: 0.36
c [arjun] Duplicating CNF...
c [arjun] Duplicated CNF. T: 0.02
c [arjun] CMS::simplify() with *only* BVE...
c [arjun] CMS::simplify() with *only* BVE finished. T: 3.12
c [arjun] Adding fixed clauses time: 0.00
c [arjun] Start unknown size: 4
c [arjun] backward round finished T: 0.03
c [arjun] get_indep_set finished T: 3.53
c ind 13406 13404 13405 13371 0
c [arjun] final set size:            4 percent of original: 12.5000 %
c [arjun] of which empty occs:       0 percent of original: 0.0000 %
c [appmc] Sampling set size: 4
c [appmc] Sampling set: 13371, 13404, 13405, 13406, 
c [appmc] threshold set to 72 sparse: 0
c [appmc] Starting up, initial measurement
c [appmc] Checking if there are at least threshold+1 solutions...
c [appmc] simplifying
c [appmc] [    1.43 ] bounded_sol_count looking for   73 solutions -- hashes active: 0
c [appmc] repeat solutions:      0 checked:      0 out of:      0
c [appmc] Did not find at least threshold+1 (72) we found only 11, i.e. we got exact count
c [appmc] ApproxMC T: 1.45 s
c ------- FINAL TOTAL SEARCH STATS ---------
c UIP search time          : 0.01        (0.24      % time)
c restarts                 : 12          (1.08      confls per restart)
c blocked restarts         : 0           (0.00      per normal restart)
c time                     : 0.01        
c decisions                : 32          (0.00      % random)
c propagations             : 41K         (3434K     props/s)
c decisions/conflicts      : 2.46        
c conflicts                : 13          
c conf lits non-minim      : 33          (2.54      lit/confl)
c conf lits final          : 2.15        
c red which0               : 4           (30.77     % of confl)
c props/decision           : 0.00        
c props/conflict           : 0.00        
c 0-depth assigns          : 2042        (54.95     % vars)
c 0-depth assigns by CNF   : 2039        (54.87     % vars)
c reduceDB time            : 0.00        (0.00      % time)
c OccSimplifier time       : 0.29        (5.73      % time)
c [occur] 0.03 is overhead
c [occur] link-in T: 0.02 cleanup T: 0.00
c [occ-substr] long subBySub: 992 subByStr: 935 lits-rem-str: 4777 T: 0.16
c SCC time                 : 0.00        (0.05      % time)
c [scc] new: 1795 BP 0M  T: 0.00
c vrep replace time        : 0.01        (0.24      % time)
c vrep tree roots          : 232         
c vrep trees' crown        : 1127        (4.86      leafs/tree)
c distill long time        : 0.00        (0.00      % time)
c distill bin time         : 0.00        (0.00      % time)
c strength cache-irred time: 0.00        (0.00      % time)
c strength cache-red time  : 0.00        (0.00      % time)
c avg cls in red 0         : 1.85        
c avg cls in red 1         : 5441.00     
c avg cls in red 2         : 0.00        
c Conflicts in UIP         : 13          (2.57      confl/time_this_thread)
c Max Memory (rss) used    : 41556 kB    
c Total time (this thread) : 5.07        
c [appmc+arjun] Total time: 5.06
c [appmc] Number of solutions is: 11*2**0
s SATISFIABLE
s mc 11
** ASM **
c ApproxMC SHA revision efa1667e4e09b2d5f2c61042efe377ce3107fdd3
c ApproxMC version 4.0.1
c ApproxMC compilation env CMAKE_CXX_COMPILER = /usr/bin/c++ | CMAKE_CXX_FLAGS =  -Wall -Wextra -Wunused -Wsign-compare -fno-omit-frame-pointer -Wtype-limits -Wuninitialized -Wno-deprecated -Wstrict-aliasing -Wpointer-arith -fvisibility=hidden -Wpointer-arith -Wformat-nonliteral -Winit-self -Wparentheses -Wunreachable-code -g -fvisibility=hidden -Wlogical-op -Wrestrict -Wnull-dereference -Wdouble-promotion -Wshadow -Wformat=2 -Wextra-semi -pedantic | COMPILE_DEFINES =  -DBOOST_TEST_DYN_LINK | STATICCOMPILE = OFF | Boost_FOUND = TRUE | ZLIB_FOUND = TRUE | VALGRIND_FOUND =  | GMP_FOUND = TRUE | ENABLE_ASSERTIONS = ON | MY_TARGETS =  | compilation date time = Aug  8 2022 16:18:18
c ApproxMC compiled with gcc version 9.4.0
c CryptoMiniSat version 5.11.0
c CMS Copyright (C) 2009-2020 Authors of CryptoMiniSat, see AUTHORS file
c CMS SHA revision 716b89be078f98fb615cf30a1f663b4903c08d9d
c CMS is MIT licensed
c Using VMTF code by Armin Biere from CaDiCaL
c Using Yalsat by Armin Biere, see Balint et al. Improving implementation of SLS solvers [...], SAT'14
c Using WalkSAT by Henry Kautz, see Kautz and Selman Pushing the envelope: planning, propositional logic, and stochastic search, AAAI'96,
c Using code from 'When Boolean Satisfiability Meets Gauss-E. in a Simplex Way'
c       by C.-S. Han and J.-H. Roland Jiang in CAV 2012. Fixes by M. Soos
c Using CCAnr from 'CCAnr: A Conf. Checking Based Local Search Solver [...]'
c       by Shaowei Cai, Chuan Luo, and Kaile Su, SAT 2015
c CMS compilation env CMAKE_CXX_COMPILER = /usr/bin/c++ | CMAKE_CXX_FLAGS =  -fvisibility=hidden -Wall -Wextra -Wunused -Wsign-compare -fno-omit-frame-pointer -Wtype-limits -Wuninitialized -Wno-deprecated -Wstrict-aliasing -Wpointer-arith -Wpointer-arith -Wformat-nonliteral -Winit-self -Wparentheses -Wunreachable-code -g -Wno-class-memaccess -mpopcnt -msse4.2 -ggdb3 -Wlogical-op -Wrestrict -Wnull-dereference -Wdouble-promotion -Wshadow -Wformat=2 -Wextra-semi -pedantic | COMPILE_DEFINES =  -DRDB0_ONLY_FEATURES -DBOOST_TEST_DYN_LINK -DUSE_ZLIB -DYALSAT_FPU | STATICCOMPILE = OFF | ONLY_SIMPLE = OFF | Boost_FOUND = TRUE | STATS = OFF | SQLITE3_FOUND = FALSE | ZLIB_FOUND = TRUE | VALGRIND_FOUND =  | ENABLE_TESTING = OFF | M4RI_FOUND =  | NOM4RI = ON | SLOW_DEBUG = OFF | ENABLE_ASSERTIONS = ON | PYTHON_EXECUTABLE =  | PYTHON_LIBRARY =  | PYTHON_INCLUDE_DIRS =  | MY_TARGETS =  | LARGEMEM = OFF | LIMITMEM = OFF | BREAKID_LIBRARIES =  | BREAKID-VER = . | BOSPHORUS_LIBRARIES =  | BOSPH-VER = . | compilation date time = Aug  8 2022 16:16:45
c CMS compiled with gcc version 9.4.0
c executed with command line: approxmc -s 03 /experiments/results/bwd_loop1a.c/03/counterSharp/asm.dimacs
c Arjun SHA revision 416b100492d00bc51dbe98963e981906ddb47d83
c -- header says num vars:          13468
c -- header says num clauses:       54683
c WARNING: Empty line at line number 55001 -- this is not part of the DIMACS specifications (http://www.satcompetition.org/2009/format-benchmarks2009.html). Ignoring.
c -- clauses added: 54683
c -- xor clauses added: 0
c -- vars added 13468
c Original sampling vars: 205 206 207 208 209 210 211 212 213 214 215 216 217 218 219 220 221 222 223 224 225 226 227 228 229 230 231 232 233 234 235 236 
c [appmc] Orig sampling vars size: 32
c --> Executing OCC strategy token(s): 'occ-xor,'
c [occ] mem usage for occur      2 MB
c [occ] Linked in IRRED BIN by default: 18367
c [occ] Linked in RED   BIN by default: 0
c [occ] mem usage for occur      1 MB
c Mem for watch alloc      : 1           MB (13.04     %)
c Mem for watch array      : 0           MB (5.99      %)
c --> Executing OCC strategy token: occ-xor
c [occ-xor] sort occur list T: 0.00
c [xor-clean-equiv] removed equivalent xors: 0 left with: 3235
c [occ-xor] found   3235 avg sz 3.0 min sz  3 max sz  3 T: 0.01 T-out: N T-r: 99.90%
c [occ] mem usage for occur      2 MB
c [occ] Linked in IRRED BIN by default: 18367
c [occ] Linked in RED   BIN by default: 0
c [occ] mem usage for occur      1 MB
c Mem for watch alloc      : 1           MB (11.89     %)
c Mem for watch array      : 0           MB (5.47      %)
c [occ-gates] found:  3235 avg-s: 2.0 T: 0.00 T-out: N T-r: 96.56%
c [occ] mem usage for occur      2 MB
c [occ] Linked in IRRED BIN by default: 18367
c [occ] Linked in RED   BIN by default: 0
c [occ] mem usage for occur      1 MB
c Mem for watch alloc      : 1           MB (11.90     %)
c Mem for watch array      : 0           MB (5.47      %)
c [arjun-simp] GATE-based Potential was: 0 Non-zero OCCs were: 0 removed: 0 perc: 0.00 T: 0.08
c [occ] mem usage for occur      2 MB
c [occ] Linked in IRRED BIN by default: 18367
c [occ] Linked in RED   BIN by default: 0
c [occ] mem usage for occur      1 MB
c Mem for watch alloc      : 1           MB (12.11     %)
c Mem for watch array      : 0           MB (5.56      %)
c [gate-definable] no-cls-match-filt: 0 pico ran: 31 unsat: 0 0-occ: 0 too-many-occ: 1 empty-res: 0
c [arjun-simp] IRREG-GATE-based removed: 0 perc: 0.00 T: 0.01
c [occ] mem usage for occur      2 MB
c [occ] Linked in IRRED BIN by default: 18367
c [occ] Linked in RED   BIN by default: 0
c [occ] mem usage for occur      1 MB
c Mem for watch alloc      : 1           MB (12.11     %)
c Mem for watch array      : 0           MB (5.56      %)
c [cms-equiv-sub] equiv_subformula: 0 empty_occ: 0 T: 0.00
c [arjun-simp] equiv-subform removed: 0 perc: 0.00 total equiv_subform now: 0 T: 0.01
c [arjun-simp] CMS::simplify() with no BVE, intree probe...
c [arjun-simp] CMS::simplify() with no BVE finished. T: 0.14
c [arjun-simp] Removed eq lits: 0 new size: 32
c [arjun-simp] Removed set       : 32 new size: 0
c [arjun] CNF is UNSAT, setting sampling set to empty
c [arjun] get_indep_set finished T: 0.39
c ind 0
c [arjun] final set size:            0 percent of original: 0.0000 %
c [arjun] of which empty occs:       0 percent of original: 0.0000 %
c [appmc+arjun] Total time: 0.4234
c [appmc] Number of solutions is: 0*2**0
s UNSATISFIABLE
s mc 0
** ASH **
c ApproxMC SHA revision efa1667e4e09b2d5f2c61042efe377ce3107fdd3
c ApproxMC version 4.0.1
c ApproxMC compilation env CMAKE_CXX_COMPILER = /usr/bin/c++ | CMAKE_CXX_FLAGS =  -Wall -Wextra -Wunused -Wsign-compare -fno-omit-frame-pointer -Wtype-limits -Wuninitialized -Wno-deprecated -Wstrict-aliasing -Wpointer-arith -fvisibility=hidden -Wpointer-arith -Wformat-nonliteral -Winit-self -Wparentheses -Wunreachable-code -g -fvisibility=hidden -Wlogical-op -Wrestrict -Wnull-dereference -Wdouble-promotion -Wshadow -Wformat=2 -Wextra-semi -pedantic | COMPILE_DEFINES =  -DBOOST_TEST_DYN_LINK | STATICCOMPILE = OFF | Boost_FOUND = TRUE | ZLIB_FOUND = TRUE | VALGRIND_FOUND =  | GMP_FOUND = TRUE | ENABLE_ASSERTIONS = ON | MY_TARGETS =  | compilation date time = Aug  8 2022 16:18:18
c ApproxMC compiled with gcc version 9.4.0
c CryptoMiniSat version 5.11.0
c CMS Copyright (C) 2009-2020 Authors of CryptoMiniSat, see AUTHORS file
c CMS SHA revision 716b89be078f98fb615cf30a1f663b4903c08d9d
c CMS is MIT licensed
c Using VMTF code by Armin Biere from CaDiCaL
c Using Yalsat by Armin Biere, see Balint et al. Improving implementation of SLS solvers [...], SAT'14
c Using WalkSAT by Henry Kautz, see Kautz and Selman Pushing the envelope: planning, propositional logic, and stochastic search, AAAI'96,
c Using code from 'When Boolean Satisfiability Meets Gauss-E. in a Simplex Way'
c       by C.-S. Han and J.-H. Roland Jiang in CAV 2012. Fixes by M. Soos
c Using CCAnr from 'CCAnr: A Conf. Checking Based Local Search Solver [...]'
c       by Shaowei Cai, Chuan Luo, and Kaile Su, SAT 2015
c CMS compilation env CMAKE_CXX_COMPILER = /usr/bin/c++ | CMAKE_CXX_FLAGS =  -fvisibility=hidden -Wall -Wextra -Wunused -Wsign-compare -fno-omit-frame-pointer -Wtype-limits -Wuninitialized -Wno-deprecated -Wstrict-aliasing -Wpointer-arith -Wpointer-arith -Wformat-nonliteral -Winit-self -Wparentheses -Wunreachable-code -g -Wno-class-memaccess -mpopcnt -msse4.2 -ggdb3 -Wlogical-op -Wrestrict -Wnull-dereference -Wdouble-promotion -Wshadow -Wformat=2 -Wextra-semi -pedantic | COMPILE_DEFINES =  -DRDB0_ONLY_FEATURES -DBOOST_TEST_DYN_LINK -DUSE_ZLIB -DYALSAT_FPU | STATICCOMPILE = OFF | ONLY_SIMPLE = OFF | Boost_FOUND = TRUE | STATS = OFF | SQLITE3_FOUND = FALSE | ZLIB_FOUND = TRUE | VALGRIND_FOUND =  | ENABLE_TESTING = OFF | M4RI_FOUND =  | NOM4RI = ON | SLOW_DEBUG = OFF | ENABLE_ASSERTIONS = ON | PYTHON_EXECUTABLE =  | PYTHON_LIBRARY =  | PYTHON_INCLUDE_DIRS =  | MY_TARGETS =  | LARGEMEM = OFF | LIMITMEM = OFF | BREAKID_LIBRARIES =  | BREAKID-VER = . | BOSPHORUS_LIBRARIES =  | BOSPH-VER = . | compilation date time = Aug  8 2022 16:16:45
c CMS compiled with gcc version 9.4.0
c executed with command line: approxmc -s 03 /experiments/results/bwd_loop1a.c/03/counterSharp/ash.dimacs
c Arjun SHA revision 416b100492d00bc51dbe98963e981906ddb47d83
c -- header says num vars:          13468
c -- header says num clauses:       54683
c WARNING: Empty line at line number 55001 -- this is not part of the DIMACS specifications (http://www.satcompetition.org/2009/format-benchmarks2009.html). Ignoring.
c -- clauses added: 54683
c -- xor clauses added: 0
c -- vars added 13468
c Original sampling vars: 205 206 207 208 209 210 211 212 213 214 215 216 217 218 219 220 221 222 223 224 225 226 227 228 229 230 231 232 233 234 235 236 
c [appmc] Orig sampling vars size: 32
c --> Executing OCC strategy token(s): 'occ-xor,'
c [occ] mem usage for occur      2 MB
c [occ] Linked in IRRED BIN by default: 18336
c [occ] Linked in RED   BIN by default: 0
c [occ] mem usage for occur      1 MB
c Mem for watch alloc      : 1           MB (13.07     %)
c Mem for watch array      : 0           MB (6.01      %)
c --> Executing OCC strategy token: occ-xor
c [occ-xor] sort occur list T: 0.00
c [xor-clean-equiv] removed equivalent xors: 0 left with: 3234
c [occ-xor] found   3234 avg sz 3.0 min sz  3 max sz  3 T: 0.01 T-out: N T-r: 99.90%
c [occ] mem usage for occur      2 MB
c [occ] Linked in IRRED BIN by default: 18336
c [occ] Linked in RED   BIN by default: 0
c [occ] mem usage for occur      1 MB
c Mem for watch alloc      : 1           MB (11.92     %)
c Mem for watch array      : 0           MB (5.48      %)
c [occ-gates] found:  3235 avg-s: 2.0 T: 0.00 T-out: N T-r: 96.56%
c [occ] mem usage for occur      2 MB
c [occ] Linked in IRRED BIN by default: 18336
c [occ] Linked in RED   BIN by default: 0
c [occ] mem usage for occur      1 MB
c Mem for watch alloc      : 1           MB (11.93     %)
c Mem for watch array      : 0           MB (5.48      %)
c [arjun-simp] GATE-based Potential was: 0 Non-zero OCCs were: 0 removed: 0 perc: 0.00 T: 0.06
c [occ] mem usage for occur      2 MB
c [occ] Linked in IRRED BIN by default: 18336
c [occ] Linked in RED   BIN by default: 0
c [occ] mem usage for occur      1 MB
c Mem for watch alloc      : 1           MB (12.13     %)
c Mem for watch array      : 0           MB (5.58      %)
c [gate-definable] no-cls-match-filt: 0 pico ran: 31 unsat: 0 0-occ: 0 too-many-occ: 1 empty-res: 0
c [arjun-simp] IRREG-GATE-based removed: 0 perc: 0.00 T: 0.01
c [occ] mem usage for occur      2 MB
c [occ] Linked in IRRED BIN by default: 18336
c [occ] Linked in RED   BIN by default: 0
c [occ] mem usage for occur      1 MB
c Mem for watch alloc      : 1           MB (12.13     %)
c Mem for watch array      : 0           MB (5.58      %)
c [cms-equiv-sub] equiv_subformula: 0 empty_occ: 0 T: 0.00
c [arjun-simp] equiv-subform removed: 0 perc: 0.00 total equiv_subform now: 0 T: 0.01
c [arjun-simp] CMS::simplify() with no BVE, intree probe...
c [arjun-simp] CMS::simplify() with no BVE finished. T: 0.15
c [arjun-simp] Removed eq lits: 0 new size: 32
c [arjun-simp] Removed set       : 28 new size: 4
c [arjun-simp] Removed set       : 0 new size: 4
c [arjun-simp] Removed eq lits: 0 new size: 4
c [arjun-simp] probe removed: 0 perc: 0.00 T: 0.02
c [occ] mem usage for occur      2 MB
c [occ] Linked in IRRED BIN by default: 18558
c [occ] Linked in RED   BIN by default: 737
c [occ] mem usage for occur      0 MB
c Mem for watch alloc      : 2           MB (14.65     %)
c Mem for watch array      : 0           MB (3.72      %)
c [cms-equiv-sub] equiv_subformula: 0 empty_occ: 0 T: 0.00
c [arjun-simp] equiv-subform removed: 0 perc: 0.00 total equiv_subform now: 0 T: 0.02
c [arjun-simp] IRREG-GATE-based removed: 0 perc: 0.00 T: 0.02
c [arjun] simplification finished  removed: 28 perc: 87.50 T: 0.31
c [arjun] Duplicating CNF...
c [arjun] Duplicated CNF. T: 0.03
c [arjun] CMS::simplify() with *only* BVE...
c [arjun] CMS::simplify() with *only* BVE finished. T: 3.23
c [arjun] Adding fixed clauses time: 0.00
c [arjun] Start unknown size: 4
c [arjun] backward round finished T: 0.02
c [arjun] get_indep_set finished T: 3.59
c ind 13408 13407 13406 13373 0
c [arjun] final set size:            4 percent of original: 12.5000 %
c [arjun] of which empty occs:       0 percent of original: 0.0000 %
c [appmc] Sampling set size: 4
c [appmc] Sampling set: 13373, 13406, 13407, 13408, 
c [appmc] threshold set to 72 sparse: 0
c [appmc] Starting up, initial measurement
c [appmc] Checking if there are at least threshold+1 solutions...
c [appmc] simplifying
c [appmc] [    1.35 ] bounded_sol_count looking for   73 solutions -- hashes active: 0
c [appmc] repeat solutions:      0 checked:      0 out of:      0
c [appmc] Did not find at least threshold+1 (72) we found only 11, i.e. we got exact count
c [appmc] ApproxMC T: 1.51 s
c ------- FINAL TOTAL SEARCH STATS ---------
c UIP search time          : 0.16        (3.01      % time)
c restarts                 : 14          (24.21     confls per restart)
c blocked restarts         : 0           (0.00      per normal restart)
c time                     : 0.16        
c decisions                : 904         (0.00      % random)
c propagations             : 286K        (1836K     props/s)
c decisions/conflicts      : 2.67        
c conflicts                : 339         
c conf lits non-minim      : 30142       (88.91     lit/confl)
c conf lits final          : 40.22       
c red which0               : 25          (7.37      % of confl)
c props/decision           : 0.00        
c props/conflict           : 0.00        
c 0-depth assigns          : 2105        (56.51     % vars)
c 0-depth assigns by CNF   : 2103        (56.46     % vars)
c reduceDB time            : 0.00        (0.00      % time)
c OccSimplifier time       : 0.24        (4.66      % time)
c [occur] 0.02 is overhead
c [occur] link-in T: 0.02 cleanup T: 0.00
c [occ-substr] long subBySub: 1133 subByStr: 982 lits-rem-str: 4154 T: 0.13
c SCC time                 : 0.00        (0.03      % time)
c [scc] new: 1941 BP 0M  T: 0.00
c vrep replace time        : 0.02        (0.31      % time)
c vrep tree roots          : 287         
c vrep trees' crown        : 1176        (4.10      leafs/tree)
c distill long time        : 0.00        (0.00      % time)
c distill bin time         : 0.00        (0.00      % time)
c strength cache-irred time: 0.00        (0.00      % time)
c strength cache-red time  : 0.00        (0.00      % time)
c avg cls in red 0         : 8.95        
c avg cls in red 1         : 5117.55     
c avg cls in red 2         : 139.82      
c Conflicts in UIP         : 339         (65.42     confl/time_this_thread)
c Max Memory (rss) used    : 40332 kB    
c Total time (this thread) : 5.18        
c [appmc+arjun] Total time: 5.18
c [appmc] Number of solutions is: 11*2**0
s SATISFIABLE
s mc 11
