** CON **
[runlim] version:		1.10
[runlim] time limit:		311040000 seconds
[runlim] real time limit:	300 seconds
[runlim] space limit:		2048 MB
[runlim] argv[0]:		approxmc
[runlim] argv[1]:		--sparse
[runlim] argv[2]:		1
[runlim] argv[3]:		-s
[runlim] argv[4]:		02
[runlim] argv[5]:		/experiments/results/floor-broken.c/02/counterSharp/con.dimacs
[runlim] start:			Fri Oct 30 12:52:16 2020
[runlim] main pid:		1303
ERROR! Could not open file '/experiments/results/floor-broken.c/02/counterSharp/con.dimacs' for reading: No such file or directory
[runlim] end:			Fri Oct 30 12:52:16 2020
[runlim] status:		ok
[runlim] result:		0
[runlim] children:		0
[runlim] real:			0.34 seconds
[runlim] time:			0.00 seconds
[runlim] space:			0.0 MB
[runlim] samples:		0
** AMM **
[runlim] version:		1.10
[runlim] time limit:		311040000 seconds
[runlim] real time limit:	300 seconds
[runlim] space limit:		2048 MB
[runlim] argv[0]:		approxmc
[runlim] argv[1]:		--sparse
[runlim] argv[2]:		1
[runlim] argv[3]:		-s
[runlim] argv[4]:		02
[runlim] argv[5]:		/experiments/results/floor-broken.c/02/counterSharp/amm.dimacs
[runlim] start:			Fri Oct 30 12:52:16 2020
[runlim] main pid:		1305
[runlim] end:			Fri Oct 30 12:52:19 2020
[runlim] status:		ok
[runlim] result:		0
[runlim] children:		0
[runlim] real:			3.26 seconds
[runlim] time:			2.88 seconds
[runlim] space:			32.8 MB
[runlim] samples:		29
** AMH **
[runlim] version:		1.10
[runlim] time limit:		311040000 seconds
[runlim] real time limit:	300 seconds
[runlim] space limit:		2048 MB
[runlim] argv[0]:		approxmc
[runlim] argv[1]:		--sparse
[runlim] argv[2]:		1
[runlim] argv[3]:		-s
[runlim] argv[4]:		02
[runlim] argv[5]:		/experiments/results/floor-broken.c/02/counterSharp/amh.dimacs
[runlim] start:			Fri Oct 30 12:52:19 2020
[runlim] main pid:		1307
[runlim] end:			Fri Oct 30 12:52:28 2020
[runlim] status:		ok
[runlim] result:		0
[runlim] children:		0
[runlim] real:			9.18 seconds
[runlim] time:			8.89 seconds
[runlim] space:			32.3 MB
[runlim] samples:		89
** ASM **
[runlim] version:		1.10
[runlim] time limit:		311040000 seconds
[runlim] real time limit:	300 seconds
[runlim] space limit:		2048 MB
[runlim] argv[0]:		approxmc
[runlim] argv[1]:		--sparse
[runlim] argv[2]:		1
[runlim] argv[3]:		-s
[runlim] argv[4]:		02
[runlim] argv[5]:		/experiments/results/floor-broken.c/02/counterSharp/asm.dimacs
[runlim] start:			Fri Oct 30 12:52:28 2020
[runlim] main pid:		1309
[runlim] end:			Fri Oct 30 12:52:36 2020
[runlim] status:		ok
[runlim] result:		0
[runlim] children:		0
[runlim] real:			8.59 seconds
[runlim] time:			8.28 seconds
[runlim] space:			36.0 MB
[runlim] samples:		83
** ASH **
[runlim] version:		1.10
[runlim] time limit:		311040000 seconds
[runlim] real time limit:	300 seconds
[runlim] space limit:		2048 MB
[runlim] argv[0]:		approxmc
[runlim] argv[1]:		--sparse
[runlim] argv[2]:		1
[runlim] argv[3]:		-s
[runlim] argv[4]:		02
[runlim] argv[5]:		/experiments/results/floor-broken.c/02/counterSharp/ash.dimacs
[runlim] start:			Fri Oct 30 12:52:36 2020
[runlim] main pid:		1311
[runlim] end:			Fri Oct 30 12:52:45 2020
[runlim] status:		ok
[runlim] result:		0
[runlim] children:		0
[runlim] real:			9.54 seconds
[runlim] time:			8.89 seconds
[runlim] space:			33.9 MB
[runlim] samples:		89
