** counterSharp **
[runlim] version:		1.10
[runlim] time limit:		311040000 seconds
[runlim] real time limit:	14400 seconds
[runlim] space limit:		2048 MB
[runlim] argv[0]:		python
[runlim] argv[1]:		-m
[runlim] argv[2]:		counterSharp
[runlim] argv[3]:		--amm
[runlim] argv[4]:		/home/steuber/Dokumente/Bench/FP/experiments/results/nondet.c/04/amm.dimacs
[runlim] argv[5]:		--amh
[runlim] argv[6]:		/home/steuber/Dokumente/Bench/FP/experiments/results/nondet.c/04/amh.dimacs
[runlim] argv[7]:		--asm
[runlim] argv[8]:		/home/steuber/Dokumente/Bench/FP/experiments/results/nondet.c/04/asm.dimacs
[runlim] argv[9]:		--ash
[runlim] argv[10]:		/home/steuber/Dokumente/Bench/FP/experiments/results/nondet.c/04/ash.dimacs
[runlim] argv[11]:		-d
[runlim] argv[12]:		--function
[runlim] argv[13]:		testfun
[runlim] argv[14]:		--unwind
[runlim] argv[15]:		1
[runlim] argv[16]:		/home/steuber/Dokumente/Bench/FP/experiments/benchmarks/nondet.c
[runlim] start:			Sat Aug 22 11:28:18 2020
[runlim] main pid:		3761
[counterSharp.util.Config] DEBUG: Input files: ['/home/steuber/Dokumente/Bench/FP/experiments/benchmarks/nondet.c']
[counterSharp.source.SourceManager] DEBUG: /tmp/tmpe3wrwf1u.c
[counterSharp.cbmc.CBMCManager] DEBUG: cbmc --verbosity 4 --function testfun --dimacs --unwind 1 --property testfun.assertion.1 /tmp/tmpe3wrwf1u.c
[counterSharp.cbmc.CBMCManager] DEBUG: cbmc --verbosity 4 --function testfun --dimacs --unwind 1 --property testfun.assertion.2 /tmp/tmpe3wrwf1u.c
[counterSharp.cbmc.CBMCManager] DEBUG: cbmc --verbosity 4 --function testfun --dimacs --unwind 1 --property testfun.assertion.3 /tmp/tmpe3wrwf1u.c
[counterSharp.cbmc.CBMCManager] DEBUG: cbmc --verbosity 4 --function testfun --dimacs --unwind 1 --property testfun.assertion.4 /tmp/tmpe3wrwf1u.c
[counterSharp.cbmc.CBMCManager] INFO: Did not write file /home/steuber/Dokumente/Bench/FP/experiments/results/nondet.c/04/amm.dimacs: State not reachable
[runlim] end:			Sat Aug 22 11:28:18 2020
[runlim] status:		ok
[runlim] result:		0
[runlim] children:		5
[runlim] real:			0.90 seconds
[runlim] time:			0.21 seconds
[runlim] space:			27.2 MB
[runlim] samples:		5
** AMM **
[runlim] version:		1.10
[runlim] time limit:		311040000 seconds
[runlim] real time limit:	14400 seconds
[runlim] space limit:		2048 MB
[runlim] argv[0]:		approxmc
[runlim] argv[1]:		--sparse
[runlim] argv[2]:		1
[runlim] argv[3]:		/home/steuber/Dokumente/Bench/FP/experiments/results/nondet.c/04/amm.dimacs
[runlim] start:			Sat Aug 22 11:28:18 2020
[runlim] main pid:		3793
ERROR! Could not open file '/home/steuber/Dokumente/Bench/FP/experiments/results/nondet.c/04/amm.dimacs' for reading: No such file or directory
[runlim] end:			Sat Aug 22 11:28:18 2020
[runlim] status:		ok
[runlim] result:		0
[runlim] children:		0
[runlim] real:			0.92 seconds
[runlim] time:			0.00 seconds
[runlim] space:			0.0 MB
[runlim] samples:		0
** AMH **
[runlim] version:		1.10
[runlim] time limit:		311040000 seconds
[runlim] real time limit:	14400 seconds
[runlim] space limit:		2048 MB
[runlim] argv[0]:		approxmc
[runlim] argv[1]:		--sparse
[runlim] argv[2]:		1
[runlim] argv[3]:		/home/steuber/Dokumente/Bench/FP/experiments/results/nondet.c/04/amh.dimacs
[runlim] start:			Sat Aug 22 11:28:18 2020
[runlim] main pid:		3795
[runlim] end:			Sat Aug 22 11:28:20 2020
[runlim] status:		ok
[runlim] result:		0
[runlim] children:		0
[runlim] real:			2.49 seconds
[runlim] time:			1.49 seconds
[runlim] space:			13.2 MB
[runlim] samples:		15
** ASM **
[runlim] version:		1.10
[runlim] time limit:		311040000 seconds
[runlim] real time limit:	14400 seconds
[runlim] space limit:		2048 MB
[runlim] argv[0]:		approxmc
[runlim] argv[1]:		--sparse
[runlim] argv[2]:		1
[runlim] argv[3]:		/home/steuber/Dokumente/Bench/FP/experiments/results/nondet.c/04/asm.dimacs
[runlim] start:			Sat Aug 22 11:28:20 2020
[runlim] main pid:		3798
[runlim] end:			Sat Aug 22 11:28:21 2020
[runlim] status:		ok
[runlim] result:		0
[runlim] children:		0
[runlim] real:			1.22 seconds
[runlim] time:			0.69 seconds
[runlim] space:			12.3 MB
[runlim] samples:		7
** ASH **
[runlim] version:		1.10
[runlim] time limit:		311040000 seconds
[runlim] real time limit:	14400 seconds
[runlim] space limit:		2048 MB
[runlim] argv[0]:		approxmc
[runlim] argv[1]:		--sparse
[runlim] argv[2]:		1
[runlim] argv[3]:		/home/steuber/Dokumente/Bench/FP/experiments/results/nondet.c/04/ash.dimacs
[runlim] start:			Sat Aug 22 11:28:21 2020
[runlim] main pid:		3800
[runlim] end:			Sat Aug 22 11:28:23 2020
[runlim] status:		ok
[runlim] result:		0
[runlim] children:		0
[runlim] real:			2.42 seconds
[runlim] time:			2.09 seconds
[runlim] space:			15.6 MB
[runlim] samples:		21
