** CON **
c ApproxMC SHA revision 618b35b37e4d6019e0a84e37cc482187f35ee334
c ApproxMC version 4.0.1
c ApproxMC compilation env CMAKE_CXX_COMPILER = /usr/bin/c++ | CMAKE_CXX_FLAGS =  -Wall -Wextra -Wunused -Wsign-compare -fno-omit-frame-pointer -Wtype-limits -Wuninitialized -Wno-deprecated -Wstrict-aliasing -Wpointer-arith -fvisibility=hidden -Wpointer-arith -Wformat-nonliteral -Winit-self -Wparentheses -Wunreachable-code -g -fvisibility=hidden -Wlogical-op -Wrestrict -Wnull-dereference -Wdouble-promotion -Wshadow -Wformat=2 -Wextra-semi -pedantic | COMPILE_DEFINES =  -DBOOST_TEST_DYN_LINK | STATICCOMPILE = OFF | Boost_FOUND = TRUE | ZLIB_FOUND = TRUE | VALGRIND_FOUND =  | GMP_FOUND = TRUE | ENABLE_ASSERTIONS = ON | MY_TARGETS =  | compilation date time = Nov  9 2020 10:31:14
c ApproxMC compiled with gcc version 9.3.0
c CryptoMiniSat version 5.8.0
c CMS Copyright Mate Soos (soos.mate@gmail.com)
c CMS SHA revision 6477e8bc43b0fda7038965bb148b64b8637c804b
c CMS is GPL licensed due to M4RI being linked. Build without M4RI to get MIT version
c Using VMTF code by Armin Biere from CaDiCaL
c Using Yalsat by Armin Biere, see Balint et al. Improving implementation of SLS solvers [...], SAT'14
c Using WalkSAT by Henry Kautz, see Kautz and Selman Pushing the envelope: planning, propositional logic, and stochastic search, AAAI'96,
c Using code from 'When Boolean Satisfiability Meets Gauss-E. in a Simplex Way'
c       by C.-S. Han and J.-H. Roland Jiang in CAV 2012. Fixes by M. Soos
c Using CCAnr from 'CCAnr: A Conf. Checking Based Local Search Solver [...]'
c       by Shaowei Cai, Chuan Luo, and Kaile Su, SAT 2015
c CMS compilation env CMAKE_CXX_COMPILER = /usr/bin/c++ | CMAKE_CXX_FLAGS =  -fvisibility=hidden -Wall -Wextra -Wunused -Wsign-compare -fno-omit-frame-pointer -Wtype-limits -Wuninitialized -Wno-deprecated -Wstrict-aliasing -Wpointer-arith -Wpointer-arith -Wformat-nonliteral -Winit-self -Wparentheses -Wunreachable-code -g -Wno-class-memaccess -mpopcnt -msse4.2 -ggdb3 -Wlogical-op -Wrestrict -Wnull-dereference -Wdouble-promotion -Wshadow -Wformat=2 -Wextra-semi -pedantic | COMPILE_DEFINES =  -DEXTENDED_FEATURES -DUSE_GAUSS -DBOOST_TEST_DYN_LINK -DUSE_ZLIB -DYALSAT_FPU -DUSE_M4RI | STATICCOMPILE = OFF | ONLY_SIMPLE = OFF | Boost_FOUND = TRUE | STATS = OFF | SQLITE3_FOUND = FALSE | ZLIB_FOUND = TRUE | VALGRIND_FOUND =  | ENABLE_TESTING = OFF | M4RI_FOUND = TRUE | NOM4RI = OFF | SLOW_DEBUG = OFF | ENABLE_ASSERTIONS = ON | PYTHON_EXECUTABLE = PYTHON_EXECUTABLE-NOTFOUND | PYTHON_LIBRARY = PYTHON_LIBRARY-NOTFOUND | PYTHON_INCLUDE_DIRS =  | MY_TARGETS =  | LARGEMEM = OFF | LIMITMEM = OFF | BREAKID_LIBRARIES =  | BREAKID-VER = . | BOSPHORUS_LIBRARIES =  | BOSPH-VER = . | compilation date time = Oct 29 2020 17:34:11
c CMS compiled with gcc version 9.3.0
c executed with command line: approxmc --sparse 1 -s 05 /experiments/results/usqrt-broken.c/05/counterSharp/con.dimacs
** AMM **
c ApproxMC SHA revision 618b35b37e4d6019e0a84e37cc482187f35ee334
c ApproxMC version 4.0.1
c ApproxMC compilation env CMAKE_CXX_COMPILER = /usr/bin/c++ | CMAKE_CXX_FLAGS =  -Wall -Wextra -Wunused -Wsign-compare -fno-omit-frame-pointer -Wtype-limits -Wuninitialized -Wno-deprecated -Wstrict-aliasing -Wpointer-arith -fvisibility=hidden -Wpointer-arith -Wformat-nonliteral -Winit-self -Wparentheses -Wunreachable-code -g -fvisibility=hidden -Wlogical-op -Wrestrict -Wnull-dereference -Wdouble-promotion -Wshadow -Wformat=2 -Wextra-semi -pedantic | COMPILE_DEFINES =  -DBOOST_TEST_DYN_LINK | STATICCOMPILE = OFF | Boost_FOUND = TRUE | ZLIB_FOUND = TRUE | VALGRIND_FOUND =  | GMP_FOUND = TRUE | ENABLE_ASSERTIONS = ON | MY_TARGETS =  | compilation date time = Nov  9 2020 10:31:14
c ApproxMC compiled with gcc version 9.3.0
c CryptoMiniSat version 5.8.0
c CMS Copyright Mate Soos (soos.mate@gmail.com)
c CMS SHA revision 6477e8bc43b0fda7038965bb148b64b8637c804b
c CMS is GPL licensed due to M4RI being linked. Build without M4RI to get MIT version
c Using VMTF code by Armin Biere from CaDiCaL
c Using Yalsat by Armin Biere, see Balint et al. Improving implementation of SLS solvers [...], SAT'14
c Using WalkSAT by Henry Kautz, see Kautz and Selman Pushing the envelope: planning, propositional logic, and stochastic search, AAAI'96,
c Using code from 'When Boolean Satisfiability Meets Gauss-E. in a Simplex Way'
c       by C.-S. Han and J.-H. Roland Jiang in CAV 2012. Fixes by M. Soos
c Using CCAnr from 'CCAnr: A Conf. Checking Based Local Search Solver [...]'
c       by Shaowei Cai, Chuan Luo, and Kaile Su, SAT 2015
c CMS compilation env CMAKE_CXX_COMPILER = /usr/bin/c++ | CMAKE_CXX_FLAGS =  -fvisibility=hidden -Wall -Wextra -Wunused -Wsign-compare -fno-omit-frame-pointer -Wtype-limits -Wuninitialized -Wno-deprecated -Wstrict-aliasing -Wpointer-arith -Wpointer-arith -Wformat-nonliteral -Winit-self -Wparentheses -Wunreachable-code -g -Wno-class-memaccess -mpopcnt -msse4.2 -ggdb3 -Wlogical-op -Wrestrict -Wnull-dereference -Wdouble-promotion -Wshadow -Wformat=2 -Wextra-semi -pedantic | COMPILE_DEFINES =  -DEXTENDED_FEATURES -DUSE_GAUSS -DBOOST_TEST_DYN_LINK -DUSE_ZLIB -DYALSAT_FPU -DUSE_M4RI | STATICCOMPILE = OFF | ONLY_SIMPLE = OFF | Boost_FOUND = TRUE | STATS = OFF | SQLITE3_FOUND = FALSE | ZLIB_FOUND = TRUE | VALGRIND_FOUND =  | ENABLE_TESTING = OFF | M4RI_FOUND = TRUE | NOM4RI = OFF | SLOW_DEBUG = OFF | ENABLE_ASSERTIONS = ON | PYTHON_EXECUTABLE = PYTHON_EXECUTABLE-NOTFOUND | PYTHON_LIBRARY = PYTHON_LIBRARY-NOTFOUND | PYTHON_INCLUDE_DIRS =  | MY_TARGETS =  | LARGEMEM = OFF | LIMITMEM = OFF | BREAKID_LIBRARIES =  | BREAKID-VER = . | BOSPHORUS_LIBRARIES =  | BOSPH-VER = . | compilation date time = Oct 29 2020 17:34:11
c CMS compiled with gcc version 9.3.0
c executed with command line: approxmc --sparse 1 -s 05 /experiments/results/usqrt-broken.c/05/counterSharp/amm.dimacs
c -- header says num vars:           7987
c -- header says num clauses:       39012
c WARNING: Empty line at line number 39310 -- this is not part of the DIMACS specifications (http://www.satcompetition.org/2009/format-benchmarks2009.html). Ignoring.
c -- clauses added: 39012
c -- xor clauses added: 0
c -- vars added 7987
c [appmc] Sampling set size: 32
c [appmc] Sampling set: 68, 69, 70, 71, 72, 73, 74, 75, 76, 77, 78, 79, 80, 81, 82, 83, 84, 85, 86, 87, 88, 89, 90, 91, 92, 93, 94, 95, 96, 97, 98, 99, 
c [sparse] Using match: 0 sampling set size: 32 prev end inclusive is: -1 this end inclusive is: 50 next end inclusive is: 100 sampl size: 32
c [appmc] threshold set to 80 sparse: 1
c [appmc] Starting up, initial measurement
c [appmc] Checking if there are at least threshold+1 solutions...
c [appmc] simplifying
c [appmc] [    0.77 ] bounded_sol_count looking for   81 solutions -- hashes active: 0
c [appmc] Starting at hash count: 1
c [appmc] [    0.83 ] round:  0 hashes:      1
c [appmc] [    0.83 ] bounded_sol_count looking for   81 solutions -- hashes active: 1
c [appmc] [    0.89 ] round:  0 hashes:      2
c [appmc] [    0.89 ] bounded_sol_count looking for   81 solutions -- hashes active: 2
c [appmc] [    0.92 ] round:  0 hashes:      4
c [appmc] [    0.92 ] bounded_sol_count looking for   81 solutions -- hashes active: 4
c [appmc] [    0.97 ] round:  0 hashes:      8
c [appmc] [    0.97 ] bounded_sol_count looking for   81 solutions -- hashes active: 8
c [appmc] [    1.03 ] round:  0 hashes:     16
c [appmc] [    1.03 ] bounded_sol_count looking for   81 solutions -- hashes active: 16
c [appmc] [    1.11 ] round:  0 hashes:     24
c [appmc] [    1.11 ] bounded_sol_count looking for   81 solutions -- hashes active: 24
c [appmc] [    1.18 ] round:  0 hashes:     28
c [appmc] [    1.18 ] bounded_sol_count looking for   81 solutions -- hashes active: 28
c [appmc] [    1.18 ] round:  0 hashes:     26
c [appmc] [    1.18 ] bounded_sol_count looking for   81 solutions -- hashes active: 26
c [appmc] [    1.19 ] round:  0 hashes:     25
c [appmc] [    1.19 ] bounded_sol_count looking for   81 solutions -- hashes active: 25
c [appmc] simplifying
c [appmc] [    1.29 ] round:  1 hashes:     25
c [appmc] [    1.29 ] bounded_sol_count looking for   81 solutions -- hashes active: 25
c [appmc] [    1.35 ] round:  1 hashes:     24
c [appmc] [    1.35 ] bounded_sol_count looking for   81 solutions -- hashes active: 24
c [appmc] simplifying
c [appmc] [    1.45 ] round:  2 hashes:     25
c [appmc] [    1.45 ] bounded_sol_count looking for   81 solutions -- hashes active: 25
c [appmc] [    1.50 ] round:  2 hashes:     24
c [appmc] [    1.50 ] bounded_sol_count looking for   81 solutions -- hashes active: 24
c [appmc] simplifying
c [appmc] [    1.59 ] round:  3 hashes:     25
c [appmc] [    1.59 ] bounded_sol_count looking for   81 solutions -- hashes active: 25
c [appmc] [    1.65 ] round:  3 hashes:     24
c [appmc] [    1.65 ] bounded_sol_count looking for   81 solutions -- hashes active: 24
c [appmc] simplifying
c [appmc] [    1.73 ] round:  4 hashes:     25
c [appmc] [    1.73 ] bounded_sol_count looking for   81 solutions -- hashes active: 25
c [appmc] [    1.79 ] round:  4 hashes:     24
c [appmc] [    1.79 ] bounded_sol_count looking for   81 solutions -- hashes active: 24
c [appmc] simplifying
c [appmc] [    1.88 ] round:  5 hashes:     25
c [appmc] [    1.88 ] bounded_sol_count looking for   81 solutions -- hashes active: 25
c [appmc] [    1.94 ] round:  5 hashes:     24
c [appmc] [    1.94 ] bounded_sol_count looking for   81 solutions -- hashes active: 24
c [appmc] simplifying
c [appmc] [    2.02 ] round:  6 hashes:     25
c [appmc] [    2.02 ] bounded_sol_count looking for   81 solutions -- hashes active: 25
c [appmc] [    2.08 ] round:  6 hashes:     24
c [appmc] [    2.08 ] bounded_sol_count looking for   81 solutions -- hashes active: 24
c [appmc] simplifying
c [appmc] [    2.16 ] round:  7 hashes:     25
c [appmc] [    2.17 ] bounded_sol_count looking for   81 solutions -- hashes active: 25
c [appmc] [    2.22 ] round:  7 hashes:     24
c [appmc] [    2.22 ] bounded_sol_count looking for   81 solutions -- hashes active: 24
c [appmc] simplifying
c [appmc] [    2.30 ] round:  8 hashes:     25
c [appmc] [    2.30 ] bounded_sol_count looking for   81 solutions -- hashes active: 25
c [appmc] [    2.36 ] round:  8 hashes:     24
c [appmc] [    2.36 ] bounded_sol_count looking for   81 solutions -- hashes active: 24
c [appmc] FINISHED ApproxMC T: 2.38 s
c [appmc] Number of solutions is: 64*2**25
s mc 2147483648
** AMH **
c ApproxMC SHA revision 618b35b37e4d6019e0a84e37cc482187f35ee334
c ApproxMC version 4.0.1
c ApproxMC compilation env CMAKE_CXX_COMPILER = /usr/bin/c++ | CMAKE_CXX_FLAGS =  -Wall -Wextra -Wunused -Wsign-compare -fno-omit-frame-pointer -Wtype-limits -Wuninitialized -Wno-deprecated -Wstrict-aliasing -Wpointer-arith -fvisibility=hidden -Wpointer-arith -Wformat-nonliteral -Winit-self -Wparentheses -Wunreachable-code -g -fvisibility=hidden -Wlogical-op -Wrestrict -Wnull-dereference -Wdouble-promotion -Wshadow -Wformat=2 -Wextra-semi -pedantic | COMPILE_DEFINES =  -DBOOST_TEST_DYN_LINK | STATICCOMPILE = OFF | Boost_FOUND = TRUE | ZLIB_FOUND = TRUE | VALGRIND_FOUND =  | GMP_FOUND = TRUE | ENABLE_ASSERTIONS = ON | MY_TARGETS =  | compilation date time = Nov  9 2020 10:31:14
c ApproxMC compiled with gcc version 9.3.0
c CryptoMiniSat version 5.8.0
c CMS Copyright Mate Soos (soos.mate@gmail.com)
c CMS SHA revision 6477e8bc43b0fda7038965bb148b64b8637c804b
c CMS is GPL licensed due to M4RI being linked. Build without M4RI to get MIT version
c Using VMTF code by Armin Biere from CaDiCaL
c Using Yalsat by Armin Biere, see Balint et al. Improving implementation of SLS solvers [...], SAT'14
c Using WalkSAT by Henry Kautz, see Kautz and Selman Pushing the envelope: planning, propositional logic, and stochastic search, AAAI'96,
c Using code from 'When Boolean Satisfiability Meets Gauss-E. in a Simplex Way'
c       by C.-S. Han and J.-H. Roland Jiang in CAV 2012. Fixes by M. Soos
c Using CCAnr from 'CCAnr: A Conf. Checking Based Local Search Solver [...]'
c       by Shaowei Cai, Chuan Luo, and Kaile Su, SAT 2015
c CMS compilation env CMAKE_CXX_COMPILER = /usr/bin/c++ | CMAKE_CXX_FLAGS =  -fvisibility=hidden -Wall -Wextra -Wunused -Wsign-compare -fno-omit-frame-pointer -Wtype-limits -Wuninitialized -Wno-deprecated -Wstrict-aliasing -Wpointer-arith -Wpointer-arith -Wformat-nonliteral -Winit-self -Wparentheses -Wunreachable-code -g -Wno-class-memaccess -mpopcnt -msse4.2 -ggdb3 -Wlogical-op -Wrestrict -Wnull-dereference -Wdouble-promotion -Wshadow -Wformat=2 -Wextra-semi -pedantic | COMPILE_DEFINES =  -DEXTENDED_FEATURES -DUSE_GAUSS -DBOOST_TEST_DYN_LINK -DUSE_ZLIB -DYALSAT_FPU -DUSE_M4RI | STATICCOMPILE = OFF | ONLY_SIMPLE = OFF | Boost_FOUND = TRUE | STATS = OFF | SQLITE3_FOUND = FALSE | ZLIB_FOUND = TRUE | VALGRIND_FOUND =  | ENABLE_TESTING = OFF | M4RI_FOUND = TRUE | NOM4RI = OFF | SLOW_DEBUG = OFF | ENABLE_ASSERTIONS = ON | PYTHON_EXECUTABLE = PYTHON_EXECUTABLE-NOTFOUND | PYTHON_LIBRARY = PYTHON_LIBRARY-NOTFOUND | PYTHON_INCLUDE_DIRS =  | MY_TARGETS =  | LARGEMEM = OFF | LIMITMEM = OFF | BREAKID_LIBRARIES =  | BREAKID-VER = . | BOSPHORUS_LIBRARIES =  | BOSPH-VER = . | compilation date time = Oct 29 2020 17:34:11
c CMS compiled with gcc version 9.3.0
c executed with command line: approxmc --sparse 1 -s 05 /experiments/results/usqrt-broken.c/05/counterSharp/amh.dimacs
c -- header says num vars:           7987
c -- header says num clauses:       39012
c WARNING: Empty line at line number 39310 -- this is not part of the DIMACS specifications (http://www.satcompetition.org/2009/format-benchmarks2009.html). Ignoring.
c -- clauses added: 39012
c -- xor clauses added: 0
c -- vars added 7987
c [appmc] Sampling set size: 32
c [appmc] Sampling set: 68, 69, 70, 71, 72, 73, 74, 75, 76, 77, 78, 79, 80, 81, 82, 83, 84, 85, 86, 87, 88, 89, 90, 91, 92, 93, 94, 95, 96, 97, 98, 99, 
c [sparse] Using match: 0 sampling set size: 32 prev end inclusive is: -1 this end inclusive is: 50 next end inclusive is: 100 sampl size: 32
c [appmc] threshold set to 80 sparse: 1
c [appmc] Starting up, initial measurement
c [appmc] Checking if there are at least threshold+1 solutions...
c [appmc] simplifying
c [appmc] [    1.50 ] bounded_sol_count looking for   81 solutions -- hashes active: 0
c [appmc] Starting at hash count: 1
c [appmc] [    1.57 ] round:  0 hashes:      1
c [appmc] [    1.57 ] bounded_sol_count looking for   81 solutions -- hashes active: 1
c [appmc] [    1.63 ] round:  0 hashes:      2
c [appmc] [    1.63 ] bounded_sol_count looking for   81 solutions -- hashes active: 2
c [appmc] [    1.66 ] round:  0 hashes:      4
c [appmc] [    1.66 ] bounded_sol_count looking for   81 solutions -- hashes active: 4
c [appmc] [    1.72 ] round:  0 hashes:      8
c [appmc] [    1.72 ] bounded_sol_count looking for   81 solutions -- hashes active: 8
c [appmc] [    1.79 ] round:  0 hashes:     16
c [appmc] [    1.79 ] bounded_sol_count looking for   81 solutions -- hashes active: 16
c [appmc] [    1.86 ] round:  0 hashes:     24
c [appmc] [    1.86 ] bounded_sol_count looking for   81 solutions -- hashes active: 24
c [appmc] [    1.94 ] round:  0 hashes:     28
c [appmc] [    1.94 ] bounded_sol_count looking for   81 solutions -- hashes active: 28
c [appmc] [    1.94 ] round:  0 hashes:     26
c [appmc] [    1.94 ] bounded_sol_count looking for   81 solutions -- hashes active: 26
c [appmc] [    1.95 ] round:  0 hashes:     25
c [appmc] [    1.95 ] bounded_sol_count looking for   81 solutions -- hashes active: 25
c [appmc] simplifying
c [appmc] [    2.06 ] round:  1 hashes:     25
c [appmc] [    2.06 ] bounded_sol_count looking for   81 solutions -- hashes active: 25
c [appmc] [    2.12 ] round:  1 hashes:     24
c [appmc] [    2.12 ] bounded_sol_count looking for   81 solutions -- hashes active: 24
c [appmc] simplifying
c [appmc] [    2.22 ] round:  2 hashes:     25
c [appmc] [    2.22 ] bounded_sol_count looking for   81 solutions -- hashes active: 25
c [appmc] [    2.28 ] round:  2 hashes:     24
c [appmc] [    2.28 ] bounded_sol_count looking for   81 solutions -- hashes active: 24
c [appmc] simplifying
c [appmc] [    2.38 ] round:  3 hashes:     25
c [appmc] [    2.38 ] bounded_sol_count looking for   81 solutions -- hashes active: 25
c [appmc] [    2.44 ] round:  3 hashes:     24
c [appmc] [    2.44 ] bounded_sol_count looking for   81 solutions -- hashes active: 24
c [appmc] simplifying
c [appmc] [    2.53 ] round:  4 hashes:     25
c [appmc] [    2.53 ] bounded_sol_count looking for   81 solutions -- hashes active: 25
c [appmc] [    2.60 ] round:  4 hashes:     24
c [appmc] [    2.60 ] bounded_sol_count looking for   81 solutions -- hashes active: 24
c [appmc] simplifying
c [appmc] [    2.69 ] round:  5 hashes:     25
c [appmc] [    2.69 ] bounded_sol_count looking for   81 solutions -- hashes active: 25
c [appmc] [    2.76 ] round:  5 hashes:     24
c [appmc] [    2.76 ] bounded_sol_count looking for   81 solutions -- hashes active: 24
c [appmc] simplifying
c [appmc] [    2.85 ] round:  6 hashes:     25
c [appmc] [    2.85 ] bounded_sol_count looking for   81 solutions -- hashes active: 25
c [appmc] [    2.91 ] round:  6 hashes:     24
c [appmc] [    2.91 ] bounded_sol_count looking for   81 solutions -- hashes active: 24
c [appmc] simplifying
c [appmc] [    3.00 ] round:  7 hashes:     25
c [appmc] [    3.00 ] bounded_sol_count looking for   81 solutions -- hashes active: 25
c [appmc] [    3.07 ] round:  7 hashes:     24
c [appmc] [    3.07 ] bounded_sol_count looking for   81 solutions -- hashes active: 24
c [appmc] simplifying
c [appmc] [    3.16 ] round:  8 hashes:     25
c [appmc] [    3.16 ] bounded_sol_count looking for   81 solutions -- hashes active: 25
c [appmc] [    3.23 ] round:  8 hashes:     24
c [appmc] [    3.23 ] bounded_sol_count looking for   81 solutions -- hashes active: 24
c [appmc] FINISHED ApproxMC T: 3.25 s
c [appmc] Number of solutions is: 64*2**25
s mc 2147483648
** ASM **
c ApproxMC SHA revision 618b35b37e4d6019e0a84e37cc482187f35ee334
c ApproxMC version 4.0.1
c ApproxMC compilation env CMAKE_CXX_COMPILER = /usr/bin/c++ | CMAKE_CXX_FLAGS =  -Wall -Wextra -Wunused -Wsign-compare -fno-omit-frame-pointer -Wtype-limits -Wuninitialized -Wno-deprecated -Wstrict-aliasing -Wpointer-arith -fvisibility=hidden -Wpointer-arith -Wformat-nonliteral -Winit-self -Wparentheses -Wunreachable-code -g -fvisibility=hidden -Wlogical-op -Wrestrict -Wnull-dereference -Wdouble-promotion -Wshadow -Wformat=2 -Wextra-semi -pedantic | COMPILE_DEFINES =  -DBOOST_TEST_DYN_LINK | STATICCOMPILE = OFF | Boost_FOUND = TRUE | ZLIB_FOUND = TRUE | VALGRIND_FOUND =  | GMP_FOUND = TRUE | ENABLE_ASSERTIONS = ON | MY_TARGETS =  | compilation date time = Nov  9 2020 10:31:14
c ApproxMC compiled with gcc version 9.3.0
c CryptoMiniSat version 5.8.0
c CMS Copyright Mate Soos (soos.mate@gmail.com)
c CMS SHA revision 6477e8bc43b0fda7038965bb148b64b8637c804b
c CMS is GPL licensed due to M4RI being linked. Build without M4RI to get MIT version
c Using VMTF code by Armin Biere from CaDiCaL
c Using Yalsat by Armin Biere, see Balint et al. Improving implementation of SLS solvers [...], SAT'14
c Using WalkSAT by Henry Kautz, see Kautz and Selman Pushing the envelope: planning, propositional logic, and stochastic search, AAAI'96,
c Using code from 'When Boolean Satisfiability Meets Gauss-E. in a Simplex Way'
c       by C.-S. Han and J.-H. Roland Jiang in CAV 2012. Fixes by M. Soos
c Using CCAnr from 'CCAnr: A Conf. Checking Based Local Search Solver [...]'
c       by Shaowei Cai, Chuan Luo, and Kaile Su, SAT 2015
c CMS compilation env CMAKE_CXX_COMPILER = /usr/bin/c++ | CMAKE_CXX_FLAGS =  -fvisibility=hidden -Wall -Wextra -Wunused -Wsign-compare -fno-omit-frame-pointer -Wtype-limits -Wuninitialized -Wno-deprecated -Wstrict-aliasing -Wpointer-arith -Wpointer-arith -Wformat-nonliteral -Winit-self -Wparentheses -Wunreachable-code -g -Wno-class-memaccess -mpopcnt -msse4.2 -ggdb3 -Wlogical-op -Wrestrict -Wnull-dereference -Wdouble-promotion -Wshadow -Wformat=2 -Wextra-semi -pedantic | COMPILE_DEFINES =  -DEXTENDED_FEATURES -DUSE_GAUSS -DBOOST_TEST_DYN_LINK -DUSE_ZLIB -DYALSAT_FPU -DUSE_M4RI | STATICCOMPILE = OFF | ONLY_SIMPLE = OFF | Boost_FOUND = TRUE | STATS = OFF | SQLITE3_FOUND = FALSE | ZLIB_FOUND = TRUE | VALGRIND_FOUND =  | ENABLE_TESTING = OFF | M4RI_FOUND = TRUE | NOM4RI = OFF | SLOW_DEBUG = OFF | ENABLE_ASSERTIONS = ON | PYTHON_EXECUTABLE = PYTHON_EXECUTABLE-NOTFOUND | PYTHON_LIBRARY = PYTHON_LIBRARY-NOTFOUND | PYTHON_INCLUDE_DIRS =  | MY_TARGETS =  | LARGEMEM = OFF | LIMITMEM = OFF | BREAKID_LIBRARIES =  | BREAKID-VER = . | BOSPHORUS_LIBRARIES =  | BOSPH-VER = . | compilation date time = Oct 29 2020 17:34:11
c CMS compiled with gcc version 9.3.0
c executed with command line: approxmc --sparse 1 -s 05 /experiments/results/usqrt-broken.c/05/counterSharp/asm.dimacs
c -- header says num vars:           7989
c -- header says num clauses:       39018
c WARNING: Empty line at line number 39318 -- this is not part of the DIMACS specifications (http://www.satcompetition.org/2009/format-benchmarks2009.html). Ignoring.
c -- clauses added: 39018
c -- xor clauses added: 0
c -- vars added 7989
c [appmc] Sampling set size: 32
c [appmc] Sampling set: 68, 69, 70, 71, 72, 73, 74, 75, 76, 77, 78, 79, 80, 81, 82, 83, 84, 85, 86, 87, 88, 89, 90, 91, 92, 93, 94, 95, 96, 97, 98, 99, 
c [sparse] Using match: 0 sampling set size: 32 prev end inclusive is: -1 this end inclusive is: 50 next end inclusive is: 100 sampl size: 32
c [appmc] threshold set to 80 sparse: 1
c [appmc] Starting up, initial measurement
c [appmc] Checking if there are at least threshold+1 solutions...
c [appmc] simplifying
c [appmc] [    1.11 ] bounded_sol_count looking for   81 solutions -- hashes active: 0
c [appmc] Starting at hash count: 1
c [appmc] [    1.88 ] round:  0 hashes:      1
c [appmc] [    1.88 ] bounded_sol_count looking for   81 solutions -- hashes active: 1
c [appmc] [    3.43 ] round:  0 hashes:      2
c [appmc] [    3.43 ] bounded_sol_count looking for   81 solutions -- hashes active: 2
c [appmc] [    4.49 ] round:  0 hashes:      4
c [appmc] [    4.49 ] bounded_sol_count looking for   81 solutions -- hashes active: 4
c [appmc] [    5.97 ] round:  0 hashes:      8
c [appmc] [    5.97 ] bounded_sol_count looking for   81 solutions -- hashes active: 8
c [appmc] [    8.75 ] round:  0 hashes:     16
c [appmc] [    8.75 ] bounded_sol_count looking for   81 solutions -- hashes active: 16
c [appmc] [   11.87 ] round:  0 hashes:     24
c [appmc] [   11.87 ] bounded_sol_count looking for   81 solutions -- hashes active: 24
c [appmc] [   12.18 ] round:  0 hashes:     20
c [appmc] [   12.18 ] bounded_sol_count looking for   81 solutions -- hashes active: 20
c [appmc] [   12.60 ] round:  0 hashes:     22
c [appmc] [   12.60 ] bounded_sol_count looking for   81 solutions -- hashes active: 22
c [appmc] [   12.77 ] round:  0 hashes:     23
c [appmc] [   12.77 ] bounded_sol_count looking for   81 solutions -- hashes active: 23
c [appmc] simplifying
c [appmc] [   13.18 ] round:  1 hashes:     24
c [appmc] [   13.18 ] bounded_sol_count looking for   81 solutions -- hashes active: 24
c [appmc] [   13.36 ] round:  1 hashes:     23
c [appmc] [   13.36 ] bounded_sol_count looking for   81 solutions -- hashes active: 23
c [appmc] simplifying
c [appmc] [   13.67 ] round:  2 hashes:     24
c [appmc] [   13.67 ] bounded_sol_count looking for   81 solutions -- hashes active: 24
c [appmc] [   13.86 ] round:  2 hashes:     23
c [appmc] [   13.86 ] bounded_sol_count looking for   81 solutions -- hashes active: 23
c [appmc] simplifying
c [appmc] [   14.17 ] round:  3 hashes:     24
c [appmc] [   14.17 ] bounded_sol_count looking for   81 solutions -- hashes active: 24
c [appmc] [   14.35 ] round:  3 hashes:     23
c [appmc] [   14.35 ] bounded_sol_count looking for   81 solutions -- hashes active: 23
c [appmc] simplifying
c [appmc] [   14.61 ] round:  4 hashes:     24
c [appmc] [   14.61 ] bounded_sol_count looking for   81 solutions -- hashes active: 24
c [appmc] [   14.79 ] round:  4 hashes:     23
c [appmc] [   14.79 ] bounded_sol_count looking for   81 solutions -- hashes active: 23
c [appmc] simplifying
c [appmc] [   15.11 ] round:  5 hashes:     24
c [appmc] [   15.11 ] bounded_sol_count looking for   81 solutions -- hashes active: 24
c [appmc] [   15.29 ] round:  5 hashes:     23
c [appmc] [   15.29 ] bounded_sol_count looking for   81 solutions -- hashes active: 23
c [appmc] simplifying
c [appmc] [   15.58 ] round:  6 hashes:     24
c [appmc] [   15.58 ] bounded_sol_count looking for   81 solutions -- hashes active: 24
c [appmc] [   15.76 ] round:  6 hashes:     23
c [appmc] [   15.76 ] bounded_sol_count looking for   81 solutions -- hashes active: 23
c [appmc] simplifying
c [appmc] [   16.08 ] round:  7 hashes:     24
c [appmc] [   16.08 ] bounded_sol_count looking for   81 solutions -- hashes active: 24
c [appmc] [   16.26 ] round:  7 hashes:     23
c [appmc] [   16.26 ] bounded_sol_count looking for   81 solutions -- hashes active: 23
c [appmc] simplifying
c [appmc] [   16.58 ] round:  8 hashes:     24
c [appmc] [   16.58 ] bounded_sol_count looking for   81 solutions -- hashes active: 24
c [appmc] [   16.76 ] round:  8 hashes:     23
c [appmc] [   16.76 ] bounded_sol_count looking for   81 solutions -- hashes active: 23
c [appmc] FINISHED ApproxMC T: 16.85 s
c [appmc] Number of solutions is: 64*2**24
s mc 1073741824
** ASH **
c ApproxMC SHA revision 618b35b37e4d6019e0a84e37cc482187f35ee334
c ApproxMC version 4.0.1
c ApproxMC compilation env CMAKE_CXX_COMPILER = /usr/bin/c++ | CMAKE_CXX_FLAGS =  -Wall -Wextra -Wunused -Wsign-compare -fno-omit-frame-pointer -Wtype-limits -Wuninitialized -Wno-deprecated -Wstrict-aliasing -Wpointer-arith -fvisibility=hidden -Wpointer-arith -Wformat-nonliteral -Winit-self -Wparentheses -Wunreachable-code -g -fvisibility=hidden -Wlogical-op -Wrestrict -Wnull-dereference -Wdouble-promotion -Wshadow -Wformat=2 -Wextra-semi -pedantic | COMPILE_DEFINES =  -DBOOST_TEST_DYN_LINK | STATICCOMPILE = OFF | Boost_FOUND = TRUE | ZLIB_FOUND = TRUE | VALGRIND_FOUND =  | GMP_FOUND = TRUE | ENABLE_ASSERTIONS = ON | MY_TARGETS =  | compilation date time = Nov  9 2020 10:31:14
c ApproxMC compiled with gcc version 9.3.0
c CryptoMiniSat version 5.8.0
c CMS Copyright Mate Soos (soos.mate@gmail.com)
c CMS SHA revision 6477e8bc43b0fda7038965bb148b64b8637c804b
c CMS is GPL licensed due to M4RI being linked. Build without M4RI to get MIT version
c Using VMTF code by Armin Biere from CaDiCaL
c Using Yalsat by Armin Biere, see Balint et al. Improving implementation of SLS solvers [...], SAT'14
c Using WalkSAT by Henry Kautz, see Kautz and Selman Pushing the envelope: planning, propositional logic, and stochastic search, AAAI'96,
c Using code from 'When Boolean Satisfiability Meets Gauss-E. in a Simplex Way'
c       by C.-S. Han and J.-H. Roland Jiang in CAV 2012. Fixes by M. Soos
c Using CCAnr from 'CCAnr: A Conf. Checking Based Local Search Solver [...]'
c       by Shaowei Cai, Chuan Luo, and Kaile Su, SAT 2015
c CMS compilation env CMAKE_CXX_COMPILER = /usr/bin/c++ | CMAKE_CXX_FLAGS =  -fvisibility=hidden -Wall -Wextra -Wunused -Wsign-compare -fno-omit-frame-pointer -Wtype-limits -Wuninitialized -Wno-deprecated -Wstrict-aliasing -Wpointer-arith -Wpointer-arith -Wformat-nonliteral -Winit-self -Wparentheses -Wunreachable-code -g -Wno-class-memaccess -mpopcnt -msse4.2 -ggdb3 -Wlogical-op -Wrestrict -Wnull-dereference -Wdouble-promotion -Wshadow -Wformat=2 -Wextra-semi -pedantic | COMPILE_DEFINES =  -DEXTENDED_FEATURES -DUSE_GAUSS -DBOOST_TEST_DYN_LINK -DUSE_ZLIB -DYALSAT_FPU -DUSE_M4RI | STATICCOMPILE = OFF | ONLY_SIMPLE = OFF | Boost_FOUND = TRUE | STATS = OFF | SQLITE3_FOUND = FALSE | ZLIB_FOUND = TRUE | VALGRIND_FOUND =  | ENABLE_TESTING = OFF | M4RI_FOUND = TRUE | NOM4RI = OFF | SLOW_DEBUG = OFF | ENABLE_ASSERTIONS = ON | PYTHON_EXECUTABLE = PYTHON_EXECUTABLE-NOTFOUND | PYTHON_LIBRARY = PYTHON_LIBRARY-NOTFOUND | PYTHON_INCLUDE_DIRS =  | MY_TARGETS =  | LARGEMEM = OFF | LIMITMEM = OFF | BREAKID_LIBRARIES =  | BREAKID-VER = . | BOSPHORUS_LIBRARIES =  | BOSPH-VER = . | compilation date time = Oct 29 2020 17:34:11
c CMS compiled with gcc version 9.3.0
c executed with command line: approxmc --sparse 1 -s 05 /experiments/results/usqrt-broken.c/05/counterSharp/ash.dimacs
c -- header says num vars:           7989
c -- header says num clauses:       39018
c WARNING: Empty line at line number 39318 -- this is not part of the DIMACS specifications (http://www.satcompetition.org/2009/format-benchmarks2009.html). Ignoring.
c -- clauses added: 39018
c -- xor clauses added: 0
c -- vars added 7989
c [appmc] Sampling set size: 32
c [appmc] Sampling set: 68, 69, 70, 71, 72, 73, 74, 75, 76, 77, 78, 79, 80, 81, 82, 83, 84, 85, 86, 87, 88, 89, 90, 91, 92, 93, 94, 95, 96, 97, 98, 99, 
c [sparse] Using match: 0 sampling set size: 32 prev end inclusive is: -1 this end inclusive is: 50 next end inclusive is: 100 sampl size: 32
c [appmc] threshold set to 80 sparse: 1
c [appmc] Starting up, initial measurement
c [appmc] Checking if there are at least threshold+1 solutions...
c [appmc] simplifying
c [appmc] [    1.33 ] bounded_sol_count looking for   81 solutions -- hashes active: 0
c [appmc] Starting at hash count: 1
c [appmc] [    1.46 ] round:  0 hashes:      1
c [appmc] [    1.46 ] bounded_sol_count looking for   81 solutions -- hashes active: 1
c [appmc] [    1.66 ] round:  0 hashes:      2
c [appmc] [    1.66 ] bounded_sol_count looking for   81 solutions -- hashes active: 2
c [appmc] [    1.73 ] round:  0 hashes:      4
c [appmc] [    1.73 ] bounded_sol_count looking for   81 solutions -- hashes active: 4
c [appmc] [    1.87 ] round:  0 hashes:      8
c [appmc] [    1.87 ] bounded_sol_count looking for   81 solutions -- hashes active: 8
c [appmc] [    1.97 ] round:  0 hashes:     16
c [appmc] [    1.97 ] bounded_sol_count looking for   81 solutions -- hashes active: 16
c [appmc] [    2.12 ] round:  0 hashes:     24
c [appmc] [    2.12 ] bounded_sol_count looking for   81 solutions -- hashes active: 24
c [appmc] [    2.24 ] round:  0 hashes:     20
c [appmc] [    2.24 ] bounded_sol_count looking for   81 solutions -- hashes active: 20
c [appmc] [    2.26 ] round:  0 hashes:     22
c [appmc] [    2.26 ] bounded_sol_count looking for   81 solutions -- hashes active: 22
c [appmc] [    2.28 ] round:  0 hashes:     23
c [appmc] [    2.28 ] bounded_sol_count looking for   81 solutions -- hashes active: 23
c [appmc] simplifying
c [appmc] [    2.43 ] round:  1 hashes:     24
c [appmc] [    2.43 ] bounded_sol_count looking for   81 solutions -- hashes active: 24
c [appmc] [    2.55 ] round:  1 hashes:     23
c [appmc] [    2.55 ] bounded_sol_count looking for   81 solutions -- hashes active: 23
c [appmc] simplifying
c [appmc] [    2.70 ] round:  2 hashes:     24
c [appmc] [    2.70 ] bounded_sol_count looking for   81 solutions -- hashes active: 24
c [appmc] [    2.81 ] round:  2 hashes:     23
c [appmc] [    2.81 ] bounded_sol_count looking for   81 solutions -- hashes active: 23
c [appmc] simplifying
c [appmc] [    2.94 ] round:  3 hashes:     24
c [appmc] [    2.94 ] bounded_sol_count looking for   81 solutions -- hashes active: 24
c [appmc] [    3.05 ] round:  3 hashes:     23
c [appmc] [    3.05 ] bounded_sol_count looking for   81 solutions -- hashes active: 23
c [appmc] simplifying
c [appmc] [    3.19 ] round:  4 hashes:     24
c [appmc] [    3.19 ] bounded_sol_count looking for   81 solutions -- hashes active: 24
c [appmc] [    3.31 ] round:  4 hashes:     23
c [appmc] [    3.31 ] bounded_sol_count looking for   81 solutions -- hashes active: 23
c [appmc] simplifying
c [appmc] [    3.44 ] round:  5 hashes:     24
c [appmc] [    3.44 ] bounded_sol_count looking for   81 solutions -- hashes active: 24
c [appmc] [    3.55 ] round:  5 hashes:     23
c [appmc] [    3.55 ] bounded_sol_count looking for   81 solutions -- hashes active: 23
c [appmc] simplifying
c [appmc] [    3.70 ] round:  6 hashes:     24
c [appmc] [    3.70 ] bounded_sol_count looking for   81 solutions -- hashes active: 24
c [appmc] [    3.81 ] round:  6 hashes:     23
c [appmc] [    3.81 ] bounded_sol_count looking for   81 solutions -- hashes active: 23
c [appmc] simplifying
c [appmc] [    3.95 ] round:  7 hashes:     24
c [appmc] [    3.95 ] bounded_sol_count looking for   81 solutions -- hashes active: 24
c [appmc] [    4.07 ] round:  7 hashes:     23
c [appmc] [    4.07 ] bounded_sol_count looking for   81 solutions -- hashes active: 23
c [appmc] simplifying
c [appmc] [    4.21 ] round:  8 hashes:     24
c [appmc] [    4.21 ] bounded_sol_count looking for   81 solutions -- hashes active: 24
c [appmc] [    4.33 ] round:  8 hashes:     23
c [appmc] [    4.33 ] bounded_sol_count looking for   81 solutions -- hashes active: 23
c [appmc] FINISHED ApproxMC T: 4.36 s
c [appmc] Number of solutions is: 64*2**24
s mc 1073741824
