** CON **
c Setting the timout to: 100000
c Outputting solution to console
c GANAK version 1.0.0
c time bound set to 300s
c ganak GIT revision: 33f36bcdd4a32f4f20f64e667de10d13d1377953
c ganak build env: CMAKE_CXX_COMPILER = /usr/bin/c++ | CMAKE_CXX_FLAGS =  -mtune=native -Wall -Wextra -Wunused -Wsign-compare -fno-omit-frame-pointer -Wtype-limits -Wuninitialized -Wno-deprecated -Wstrict-aliasing -Wpointer-arith -Wpointer-arith -Wformat-nonliteral -Winit-self -Wparentheses -Wunreachable-code -ggdb3 | COMPILE_DEFINES =  | STATICCOMPILE = OFF | ONLY_SIMPLE =  | Boost_FOUND =  | ZLIB_FOUND =  | ENABLE_TESTING =  | ENABLE_ASSERTIONS = ON | MY_TARGETS =  | compilation date time = Oct 29 2020 17:35:28
c Setting the timout to: 300
** AMM **
c Setting the timout to: 100000
c Outputting solution to console
c GANAK version 1.0.0
c time bound set to 300s
c ganak GIT revision: 33f36bcdd4a32f4f20f64e667de10d13d1377953
c ganak build env: CMAKE_CXX_COMPILER = /usr/bin/c++ | CMAKE_CXX_FLAGS =  -mtune=native -Wall -Wextra -Wunused -Wsign-compare -fno-omit-frame-pointer -Wtype-limits -Wuninitialized -Wno-deprecated -Wstrict-aliasing -Wpointer-arith -Wpointer-arith -Wformat-nonliteral -Winit-self -Wparentheses -Wunreachable-code -ggdb3 | COMPILE_DEFINES =  | STATICCOMPILE = OFF | ONLY_SIMPLE =  | Boost_FOUND =  | ZLIB_FOUND =  | ENABLE_TESTING =  | ENABLE_ASSERTIONS = ON | MY_TARGETS =  | compilation date time = Oct 29 2020 17:35:28
c Setting the timout to: 300
c Solving /experiments/results/bwd_loop2-2.c/01/counterSharp/amm.dimacs
c variables (all/used/free): 	6437/6437/0
c clauses (all/long/binary/unit): 22246/15714/6529/3
c Sampling set is present, performing projected model counting 
c Sampling set size: 32
c Sampling set:  4 5 6 7 8 9 10 11 12 13 14 15 16 17 18 19 20 21 22 23 24 25 26 27 28 29 30 31 32 33 34 35
c 
c Preprocessing ..
c DONE
c variables (all/used/free): 	6428/6396/32
c clauses (all/long/binary/unit): 22195/15696/6499/0
c Maximum cache size:	1024 MB
c 
c Max decision level :25
c Doing Restart
c We have solved halfed
c We have solved halfed
c 
c 
c variables (total / active / free)	6428/6396/32
c clauses (removed) 			22246 (51)
c decisions 				111547
c Max. decision level 			32
c conflicts 				0
c conflict clauses (all/bin/unit) 	63862/121/0
c 
c failed literals found by implicit BCP 	 49932
c implicit BCP miss rate 	 98.8727%
c bytes cache size     	30943016	
c bytes cache (overall) 	31492060
c bytes cache components (overall) 	11257652
c bytes cache (infra / comps) 20234408/10708608	
c bytes pure comp data (curr)    300664548
c bytes pure comp data (overall) 348303096
c bytes cache with sysoverh (curr)    17847680
c bytes cache with sysoverh (overall) 18716560
c cache (lookup / stores / hits) 			328580/116548/212033
c cache miss rate 35.4699%
c avg. variable count (stores / hits) 	1240.15/350.878
c 
c 
c # solutions 
s pmc 4294966296
c # END
c 
c time: 112.144s
** AMH **
c Setting the timout to: 100000
c Outputting solution to console
c GANAK version 1.0.0
c time bound set to 300s
c ganak GIT revision: 33f36bcdd4a32f4f20f64e667de10d13d1377953
c ganak build env: CMAKE_CXX_COMPILER = /usr/bin/c++ | CMAKE_CXX_FLAGS =  -mtune=native -Wall -Wextra -Wunused -Wsign-compare -fno-omit-frame-pointer -Wtype-limits -Wuninitialized -Wno-deprecated -Wstrict-aliasing -Wpointer-arith -Wpointer-arith -Wformat-nonliteral -Winit-self -Wparentheses -Wunreachable-code -ggdb3 | COMPILE_DEFINES =  | STATICCOMPILE = OFF | ONLY_SIMPLE =  | Boost_FOUND =  | ZLIB_FOUND =  | ENABLE_TESTING =  | ENABLE_ASSERTIONS = ON | MY_TARGETS =  | compilation date time = Oct 29 2020 17:35:28
c Setting the timout to: 300
c Solving /experiments/results/bwd_loop2-2.c/01/counterSharp/amh.dimacs
c variables (all/used/free): 	6437/6437/0
c clauses (all/long/binary/unit): 22246/15714/6529/3
c Sampling set is present, performing projected model counting 
c Sampling set size: 32
c Sampling set:  4 5 6 7 8 9 10 11 12 13 14 15 16 17 18 19 20 21 22 23 24 25 26 27 28 29 30 31 32 33 34 35
c 
c Preprocessing ..
c DONE
c variables (all/used/free): 	1991/1959/32
c clauses (all/long/binary/unit): 7022/4834/2188/0
c Maximum cache size:	1024 MB
c 
c We have solved halfed
c We have solved halfed
c 
c 
c variables (total / active / free)	1991/1959/32
c clauses (removed) 			22246 (15224)
c decisions 				582
c Max. decision level 			10
c conflicts 				0
c conflict clauses (all/bin/unit) 	446/23/0
c 
c failed literals found by implicit BCP 	 188
c implicit BCP miss rate 	 99.5586%
c bytes cache size     	20290376	
c bytes cache (overall) 	20290376
c bytes cache components (overall) 	55968
c bytes cache (infra / comps) 20234408/55968	
c bytes pure comp data (curr)    497580
c bytes pure comp data (overall) 497580
c bytes cache with sysoverh (curr)    93280
c bytes cache with sysoverh (overall) 93280
c cache (lookup / stores / hits) 			910/583/328
c cache miss rate 63.956%
c avg. variable count (stores / hits) 	450.695/103.332
c 
c 
c # solutions 
s pmc 1000
c # END
c 
c time: 0.434247s
** ASM **
c Setting the timout to: 100000
c Outputting solution to console
c GANAK version 1.0.0
c time bound set to 300s
c ganak GIT revision: 33f36bcdd4a32f4f20f64e667de10d13d1377953
c ganak build env: CMAKE_CXX_COMPILER = /usr/bin/c++ | CMAKE_CXX_FLAGS =  -mtune=native -Wall -Wextra -Wunused -Wsign-compare -fno-omit-frame-pointer -Wtype-limits -Wuninitialized -Wno-deprecated -Wstrict-aliasing -Wpointer-arith -Wpointer-arith -Wformat-nonliteral -Winit-self -Wparentheses -Wunreachable-code -ggdb3 | COMPILE_DEFINES =  | STATICCOMPILE = OFF | ONLY_SIMPLE =  | Boost_FOUND =  | ZLIB_FOUND =  | ENABLE_TESTING =  | ENABLE_ASSERTIONS = ON | MY_TARGETS =  | compilation date time = Oct 29 2020 17:35:28
c Setting the timout to: 300
c Solving /experiments/results/bwd_loop2-2.c/01/counterSharp/asm.dimacs
c variables (all/used/free): 	6439/6439/0
c clauses (all/long/binary/unit): 22252/15715/6533/4
c Sampling set is present, performing projected model counting 
c Sampling set size: 32
c Sampling set:  4 5 6 7 8 9 10 11 12 13 14 15 16 17 18 19 20 21 22 23 24 25 26 27 28 29 30 31 32 33 34 35
c 
c Preprocessing ..
c DONE
c variables (all/used/free): 	1963/1931/32
c clauses (all/long/binary/unit): 6940/4831/2109/0
c Maximum cache size:	1024 MB
c 
c We have solved halfed
c We have solved halfed
c 
c 
c variables (total / active / free)	1963/1931/32
c clauses (removed) 			22252 (15312)
c decisions 				531
c Max. decision level 			10
c conflicts 				0
c conflict clauses (all/bin/unit) 	267/14/0
c 
c failed literals found by implicit BCP 	 138
c implicit BCP miss rate 	 99.6818%
c bytes cache size     	20285480	
c bytes cache (overall) 	20285480
c bytes cache components (overall) 	51072
c bytes cache (infra / comps) 20234408/51072	
c bytes pure comp data (curr)    416332
c bytes pure comp data (overall) 416332
c bytes cache with sysoverh (curr)    85120
c bytes cache with sysoverh (overall) 85120
c cache (lookup / stores / hits) 			892/532/361
c cache miss rate 59.5291%
c avg. variable count (stores / hits) 	416.135/106.773
c 
c 
c # solutions 
s pmc 994
c # END
c 
c time: 0.418411s
** ASH **
c Setting the timout to: 100000
c Outputting solution to console
c GANAK version 1.0.0
c time bound set to 300s
c ganak GIT revision: 33f36bcdd4a32f4f20f64e667de10d13d1377953
c ganak build env: CMAKE_CXX_COMPILER = /usr/bin/c++ | CMAKE_CXX_FLAGS =  -mtune=native -Wall -Wextra -Wunused -Wsign-compare -fno-omit-frame-pointer -Wtype-limits -Wuninitialized -Wno-deprecated -Wstrict-aliasing -Wpointer-arith -Wpointer-arith -Wformat-nonliteral -Winit-self -Wparentheses -Wunreachable-code -ggdb3 | COMPILE_DEFINES =  | STATICCOMPILE = OFF | ONLY_SIMPLE =  | Boost_FOUND =  | ZLIB_FOUND =  | ENABLE_TESTING =  | ENABLE_ASSERTIONS = ON | MY_TARGETS =  | compilation date time = Oct 29 2020 17:35:28
c Setting the timout to: 300
c Solving /experiments/results/bwd_loop2-2.c/01/counterSharp/ash.dimacs
c variables (all/used/free): 	6439/6439/0
c clauses (all/long/binary/unit): 22252/15715/6533/4
c Sampling set is present, performing projected model counting 
c Sampling set size: 32
c Sampling set:  4 5 6 7 8 9 10 11 12 13 14 15 16 17 18 19 20 21 22 23 24 25 26 27 28 29 30 31 32 33 34 35
c 
c Preprocessing ..
c DONE
c variables (all/used/free): 	931/899/32
c clauses (all/long/binary/unit): 3078/1606/1472/0
c Maximum cache size:	1024 MB
c 
c We have solved halfed
c We have solved halfed
c 
c 
c variables (total / active / free)	931/899/32
c clauses (removed) 			22252 (19174)
c decisions 				5
c Max. decision level 			3
c conflicts 				0
c conflict clauses (all/bin/unit) 	0/0/0
c 
c failed literals found by implicit BCP 	 0
c implicit BCP miss rate 	 100%
c bytes cache size     	20234984	
c bytes cache (overall) 	20234984
c bytes cache components (overall) 	576
c bytes cache (infra / comps) 20234408/576	
c bytes pure comp data (curr)    2240
c bytes pure comp data (overall) 2240
c bytes cache with sysoverh (curr)    960
c bytes cache with sysoverh (overall) 960
c cache (lookup / stores / hits) 			5/6/0
c cache miss rate 100%
c avg. variable count (stores / hits) 	750.333/0
c 
c 
c # solutions 
s pmc 6
c # END
c 
c time: 0.18011s
