** CON **
c ApproxMC SHA revision efa1667e4e09b2d5f2c61042efe377ce3107fdd3
c ApproxMC version 4.0.1
c ApproxMC compilation env CMAKE_CXX_COMPILER = /usr/bin/c++ | CMAKE_CXX_FLAGS =  -Wall -Wextra -Wunused -Wsign-compare -fno-omit-frame-pointer -Wtype-limits -Wuninitialized -Wno-deprecated -Wstrict-aliasing -Wpointer-arith -fvisibility=hidden -Wpointer-arith -Wformat-nonliteral -Winit-self -Wparentheses -Wunreachable-code -g -fvisibility=hidden -Wlogical-op -Wrestrict -Wnull-dereference -Wdouble-promotion -Wshadow -Wformat=2 -Wextra-semi -pedantic | COMPILE_DEFINES =  -DBOOST_TEST_DYN_LINK | STATICCOMPILE = OFF | Boost_FOUND = TRUE | ZLIB_FOUND = TRUE | VALGRIND_FOUND =  | GMP_FOUND = TRUE | ENABLE_ASSERTIONS = ON | MY_TARGETS =  | compilation date time = Aug  8 2022 16:18:18
c ApproxMC compiled with gcc version 9.4.0
c CryptoMiniSat version 5.11.0
c CMS Copyright (C) 2009-2020 Authors of CryptoMiniSat, see AUTHORS file
c CMS SHA revision 716b89be078f98fb615cf30a1f663b4903c08d9d
c CMS is MIT licensed
c Using VMTF code by Armin Biere from CaDiCaL
c Using Yalsat by Armin Biere, see Balint et al. Improving implementation of SLS solvers [...], SAT'14
c Using WalkSAT by Henry Kautz, see Kautz and Selman Pushing the envelope: planning, propositional logic, and stochastic search, AAAI'96,
c Using code from 'When Boolean Satisfiability Meets Gauss-E. in a Simplex Way'
c       by C.-S. Han and J.-H. Roland Jiang in CAV 2012. Fixes by M. Soos
c Using CCAnr from 'CCAnr: A Conf. Checking Based Local Search Solver [...]'
c       by Shaowei Cai, Chuan Luo, and Kaile Su, SAT 2015
c CMS compilation env CMAKE_CXX_COMPILER = /usr/bin/c++ | CMAKE_CXX_FLAGS =  -fvisibility=hidden -Wall -Wextra -Wunused -Wsign-compare -fno-omit-frame-pointer -Wtype-limits -Wuninitialized -Wno-deprecated -Wstrict-aliasing -Wpointer-arith -Wpointer-arith -Wformat-nonliteral -Winit-self -Wparentheses -Wunreachable-code -g -Wno-class-memaccess -mpopcnt -msse4.2 -ggdb3 -Wlogical-op -Wrestrict -Wnull-dereference -Wdouble-promotion -Wshadow -Wformat=2 -Wextra-semi -pedantic | COMPILE_DEFINES =  -DRDB0_ONLY_FEATURES -DBOOST_TEST_DYN_LINK -DUSE_ZLIB -DYALSAT_FPU | STATICCOMPILE = OFF | ONLY_SIMPLE = OFF | Boost_FOUND = TRUE | STATS = OFF | SQLITE3_FOUND = FALSE | ZLIB_FOUND = TRUE | VALGRIND_FOUND =  | ENABLE_TESTING = OFF | M4RI_FOUND =  | NOM4RI = ON | SLOW_DEBUG = OFF | ENABLE_ASSERTIONS = ON | PYTHON_EXECUTABLE =  | PYTHON_LIBRARY =  | PYTHON_INCLUDE_DIRS =  | MY_TARGETS =  | LARGEMEM = OFF | LIMITMEM = OFF | BREAKID_LIBRARIES =  | BREAKID-VER = . | BOSPHORUS_LIBRARIES =  | BOSPH-VER = . | compilation date time = Aug  8 2022 16:16:45
c CMS compiled with gcc version 9.4.0
c executed with command line: approxmc -s 05 /experiments/results/bwd_loop2.c/05/counterSharp/con.dimacs
c Arjun SHA revision 416b100492d00bc51dbe98963e981906ddb47d83
** AMM **
c ApproxMC SHA revision efa1667e4e09b2d5f2c61042efe377ce3107fdd3
c ApproxMC version 4.0.1
c ApproxMC compilation env CMAKE_CXX_COMPILER = /usr/bin/c++ | CMAKE_CXX_FLAGS =  -Wall -Wextra -Wunused -Wsign-compare -fno-omit-frame-pointer -Wtype-limits -Wuninitialized -Wno-deprecated -Wstrict-aliasing -Wpointer-arith -fvisibility=hidden -Wpointer-arith -Wformat-nonliteral -Winit-self -Wparentheses -Wunreachable-code -g -fvisibility=hidden -Wlogical-op -Wrestrict -Wnull-dereference -Wdouble-promotion -Wshadow -Wformat=2 -Wextra-semi -pedantic | COMPILE_DEFINES =  -DBOOST_TEST_DYN_LINK | STATICCOMPILE = OFF | Boost_FOUND = TRUE | ZLIB_FOUND = TRUE | VALGRIND_FOUND =  | GMP_FOUND = TRUE | ENABLE_ASSERTIONS = ON | MY_TARGETS =  | compilation date time = Aug  8 2022 16:18:18
c ApproxMC compiled with gcc version 9.4.0
c CryptoMiniSat version 5.11.0
c CMS Copyright (C) 2009-2020 Authors of CryptoMiniSat, see AUTHORS file
c CMS SHA revision 716b89be078f98fb615cf30a1f663b4903c08d9d
c CMS is MIT licensed
c Using VMTF code by Armin Biere from CaDiCaL
c Using Yalsat by Armin Biere, see Balint et al. Improving implementation of SLS solvers [...], SAT'14
c Using WalkSAT by Henry Kautz, see Kautz and Selman Pushing the envelope: planning, propositional logic, and stochastic search, AAAI'96,
c Using code from 'When Boolean Satisfiability Meets Gauss-E. in a Simplex Way'
c       by C.-S. Han and J.-H. Roland Jiang in CAV 2012. Fixes by M. Soos
c Using CCAnr from 'CCAnr: A Conf. Checking Based Local Search Solver [...]'
c       by Shaowei Cai, Chuan Luo, and Kaile Su, SAT 2015
c CMS compilation env CMAKE_CXX_COMPILER = /usr/bin/c++ | CMAKE_CXX_FLAGS =  -fvisibility=hidden -Wall -Wextra -Wunused -Wsign-compare -fno-omit-frame-pointer -Wtype-limits -Wuninitialized -Wno-deprecated -Wstrict-aliasing -Wpointer-arith -Wpointer-arith -Wformat-nonliteral -Winit-self -Wparentheses -Wunreachable-code -g -Wno-class-memaccess -mpopcnt -msse4.2 -ggdb3 -Wlogical-op -Wrestrict -Wnull-dereference -Wdouble-promotion -Wshadow -Wformat=2 -Wextra-semi -pedantic | COMPILE_DEFINES =  -DRDB0_ONLY_FEATURES -DBOOST_TEST_DYN_LINK -DUSE_ZLIB -DYALSAT_FPU | STATICCOMPILE = OFF | ONLY_SIMPLE = OFF | Boost_FOUND = TRUE | STATS = OFF | SQLITE3_FOUND = FALSE | ZLIB_FOUND = TRUE | VALGRIND_FOUND =  | ENABLE_TESTING = OFF | M4RI_FOUND =  | NOM4RI = ON | SLOW_DEBUG = OFF | ENABLE_ASSERTIONS = ON | PYTHON_EXECUTABLE =  | PYTHON_LIBRARY =  | PYTHON_INCLUDE_DIRS =  | MY_TARGETS =  | LARGEMEM = OFF | LIMITMEM = OFF | BREAKID_LIBRARIES =  | BREAKID-VER = . | BOSPHORUS_LIBRARIES =  | BOSPH-VER = . | compilation date time = Aug  8 2022 16:16:45
c CMS compiled with gcc version 9.4.0
c executed with command line: approxmc -s 05 /experiments/results/bwd_loop2.c/05/counterSharp/amm.dimacs
c Arjun SHA revision 416b100492d00bc51dbe98963e981906ddb47d83
c -- header says num vars:           6437
c -- header says num clauses:       22246
c WARNING: Empty line at line number 22359 -- this is not part of the DIMACS specifications (http://www.satcompetition.org/2009/format-benchmarks2009.html). Ignoring.
c -- clauses added: 22246
c -- xor clauses added: 0
c -- vars added 6437
c Original sampling vars: 3 4 5 6 7 8 9 10 11 12 13 14 15 16 17 18 19 20 21 22 23 24 25 26 27 28 29 30 31 32 33 34 
c [appmc] Orig sampling vars size: 32
c --> Executing OCC strategy token(s): 'occ-xor,'
c [occ] mem usage for occur      1 MB
c [occ] Linked in IRRED BIN by default: 6526
c [occ] Linked in RED   BIN by default: 0
c [occ] mem usage for occur      0 MB
c Mem for watch alloc      : 0           MB (7.68      %)
c Mem for watch array      : 0           MB (4.24      %)
c --> Executing OCC strategy token: occ-xor
c [occ-xor] sort occur list T: 0.00
c [xor-clean-equiv] removed equivalent xors: 0 left with: 3103
c [occ-xor] found   3103 avg sz 3.0 min sz  3 max sz  3 T: 0.00 T-out: N T-r: 99.96%
c [occ] mem usage for occur      1 MB
c [occ] Linked in IRRED BIN by default: 6526
c [occ] Linked in RED   BIN by default: 0
c [occ] mem usage for occur      0 MB
c Mem for watch alloc      : 0           MB (6.79      %)
c Mem for watch array      : 0           MB (3.75      %)
c [occ-gates] found:  3103 avg-s: 2.0 T: 0.00 T-out: N T-r: 98.63%
c [occ] mem usage for occur      1 MB
c [occ] Linked in IRRED BIN by default: 6526
c [occ] Linked in RED   BIN by default: 0
c [occ] mem usage for occur      0 MB
c Mem for watch alloc      : 0           MB (6.80      %)
c Mem for watch array      : 0           MB (3.75      %)
c [arjun-simp] GATE-based Potential was: 0 Non-zero OCCs were: 0 removed: 0 perc: 0.00 T: 0.02
c [occ] mem usage for occur      1 MB
c [occ] Linked in IRRED BIN by default: 6526
c [occ] Linked in RED   BIN by default: 0
c [occ] mem usage for occur      0 MB
c Mem for watch alloc      : 0           MB (6.80      %)
c Mem for watch array      : 0           MB (3.75      %)
c [gate-definable] no-cls-match-filt: 31 pico ran: 0 unsat: 0 0-occ: 0 too-many-occ: 1 empty-res: 0
c [arjun-simp] IRREG-GATE-based removed: 0 perc: 0.00 T: 0.01
c [occ] mem usage for occur      1 MB
c [occ] Linked in IRRED BIN by default: 6526
c [occ] Linked in RED   BIN by default: 0
c [occ] mem usage for occur      0 MB
c Mem for watch alloc      : 0           MB (6.80      %)
c Mem for watch array      : 0           MB (3.75      %)
c [cms-equiv-sub] equiv_subformula: 0 empty_occ: 0 T: 0.00
c [arjun-simp] equiv-subform removed: 0 perc: 0.00 total equiv_subform now: 0 T: 0.00
c [arjun-simp] CMS::simplify() with no BVE, intree probe...
c [arjun-simp] CMS::simplify() with no BVE finished. T: 0.03
c [arjun-simp] Removed eq lits: 0 new size: 32
c [arjun-simp] Removed set       : 0 new size: 32
c [arjun-simp] Removed set       : 0 new size: 32
c [arjun-simp] Removed eq lits: 0 new size: 32
c [arjun-simp] probe removed: 0 perc: 0.00 T: 0.01
c [occ] mem usage for occur      1 MB
c [occ] Linked in IRRED BIN by default: 6489
c [occ] Linked in RED   BIN by default: 70
c [occ] mem usage for occur      0 MB
c Mem for watch alloc      : 0           MB (7.09      %)
c Mem for watch array      : 0           MB (2.61      %)
c [cms-equiv-sub] equiv_subformula: 0 empty_occ: 0 T: 0.00
c [arjun-simp] equiv-subform removed: 0 perc: 0.00 total equiv_subform now: 0 T: 0.01
c [arjun-simp] IRREG-GATE-based removed: 0 perc: 0.00 T: 0.01
c [arjun] simplification finished  removed: 0 perc: 0.00 T: 0.09
c [arjun] Duplicating CNF...
c [arjun] Duplicated CNF. T: 0.01
c [arjun] CMS::simplify() with *only* BVE...
c [arjun] CMS::simplify() with *only* BVE finished. T: 1.02
c [arjun] Adding fixed clauses time: 0.00
c [arjun] Start unknown size: 32
c [arjun] backward round finished T: 0.00
c [arjun] get_indep_set finished T: 1.12
c ind 6404 6403 6402 6401 6400 6399 6398 6397 6396 6395 6394 6393 6392 6391 6390 6389 6388 6387 6386 6385 6384 6383 6382 6381 6380 6379 6378 6377 6376 6375 6405 6374 0
c [arjun] final set size:           32 percent of original: 100.0000 %
c [arjun] of which empty occs:       0 percent of original: 0.0000 %
c [appmc] Sampling set size: 32
c [appmc] Sampling set: 6374, 6375, 6376, 6377, 6378, 6379, 6380, 6381, 6382, 6383, 6384, 6385, 6386, 6387, 6388, 6389, 6390, 6391, 6392, 6393, 6394, 6395, 6396, 6397, 6398, 6399, 6400, 6401, 6402, 6403, 6404, 6405, 
c [appmc] threshold set to 72 sparse: 0
c [appmc] Starting up, initial measurement
c [appmc] Checking if there are at least threshold+1 solutions...
c [appmc] simplifying
c [appmc] [    0.74 ] bounded_sol_count looking for   73 solutions -- hashes active: 0
c [appmc] repeat solutions:      0 checked:      0 out of:      0
c [appmc] Starting at hash count: 1
c [appmc] [    0.74 ] round:  0 hashes:      1
c [appmc] [    0.74 ] bounded_sol_count looking for   73 solutions -- hashes active: 1
c [appmc] repeat solutions:     28 checked:     73 out of:     73
c [appmc] [    0.74 ] round:  0 hashes:      2
c [appmc] [    0.74 ] bounded_sol_count looking for   73 solutions -- hashes active: 2
c [appmc] repeat solutions:     36 checked:    118 out of:    118
c [appmc] [    0.75 ] round:  0 hashes:      4
c [appmc] [    0.75 ] bounded_sol_count looking for   73 solutions -- hashes active: 4
c [appmc] repeat solutions:     21 checked:    155 out of:    155
c [appmc] [    0.75 ] round:  0 hashes:      8
c [appmc] [    0.75 ] bounded_sol_count looking for   73 solutions -- hashes active: 8
c [appmc] repeat solutions:      5 checked:    207 out of:    207
c [appmc] [    0.76 ] round:  0 hashes:     16
c [appmc] [    0.76 ] bounded_sol_count looking for   73 solutions -- hashes active: 16
c [appmc] repeat solutions:      1 checked:    275 out of:    275
c [appmc] [    0.76 ] round:  0 hashes:     24
c [appmc] [    0.76 ] bounded_sol_count looking for   73 solutions -- hashes active: 24
c [appmc] repeat solutions:      0 checked:    347 out of:    347
c [appmc] [    0.77 ] round:  0 hashes:     28
c [appmc] [    0.77 ] bounded_sol_count looking for   73 solutions -- hashes active: 28
c [appmc] repeat solutions:      4 checked:    420 out of:    420
c [appmc] [    0.77 ] round:  0 hashes:     26
c [appmc] [    0.77 ] bounded_sol_count looking for   73 solutions -- hashes active: 26
c [appmc] repeat solutions:     29 checked:    420 out of:    432
c [appmc] [    0.78 ] round:  0 hashes:     25
c [appmc] [    0.78 ] bounded_sol_count looking for   73 solutions -- hashes active: 25
c [appmc] repeat solutions:     82 checked:    420 out of:    467
c [appmc] simplifying
c [appmc] [    0.78 ] round:  1 hashes:     26
c [appmc] [    0.78 ] bounded_sol_count looking for   73 solutions -- hashes active: 26
c [appmc] repeat solutions:      0 checked:     73 out of:     73
c [appmc] [    0.79 ] round:  1 hashes:     25
c [appmc] [    0.79 ] bounded_sol_count looking for   73 solutions -- hashes active: 25
c [appmc] repeat solutions:     64 checked:     73 out of:    137
c [appmc] simplifying
c [appmc] [    0.80 ] round:  2 hashes:     26
c [appmc] [    0.80 ] bounded_sol_count looking for   73 solutions -- hashes active: 26
c [appmc] repeat solutions:      0 checked:     73 out of:     73
c [appmc] [    0.80 ] round:  2 hashes:     25
c [appmc] [    0.80 ] bounded_sol_count looking for   73 solutions -- hashes active: 25
c [appmc] repeat solutions:     64 checked:     73 out of:    137
c [appmc] simplifying
c [appmc] [    0.81 ] round:  3 hashes:     26
c [appmc] [    0.81 ] bounded_sol_count looking for   73 solutions -- hashes active: 26
c [appmc] repeat solutions:      0 checked:     73 out of:     73
c [appmc] [    0.82 ] round:  3 hashes:     25
c [appmc] [    0.82 ] bounded_sol_count looking for   73 solutions -- hashes active: 25
c [appmc] repeat solutions:     64 checked:     73 out of:    137
c [appmc] simplifying
c [appmc] [    0.82 ] round:  4 hashes:     26
c [appmc] [    0.82 ] bounded_sol_count looking for   73 solutions -- hashes active: 26
c [appmc] repeat solutions:      0 checked:     73 out of:     73
c [appmc] [    0.83 ] round:  4 hashes:     25
c [appmc] [    0.83 ] bounded_sol_count looking for   73 solutions -- hashes active: 25
c [appmc] repeat solutions:     64 checked:     73 out of:    137
c [appmc] simplifying
c [appmc] [    0.84 ] round:  5 hashes:     26
c [appmc] [    0.84 ] bounded_sol_count looking for   73 solutions -- hashes active: 26
c [appmc] repeat solutions:      0 checked:     73 out of:     73
c [appmc] [    0.85 ] round:  5 hashes:     25
c [appmc] [    0.85 ] bounded_sol_count looking for   73 solutions -- hashes active: 25
c [appmc] repeat solutions:     64 checked:     73 out of:    137
c [appmc] simplifying
c [appmc] [    0.85 ] round:  6 hashes:     26
c [appmc] [    0.85 ] bounded_sol_count looking for   73 solutions -- hashes active: 26
c [appmc] repeat solutions:      0 checked:     73 out of:     73
c [appmc] [    0.86 ] round:  6 hashes:     25
c [appmc] [    0.86 ] bounded_sol_count looking for   73 solutions -- hashes active: 25
c [appmc] repeat solutions:     64 checked:     73 out of:    137
c [appmc] simplifying
c [appmc] [    0.86 ] round:  7 hashes:     26
c [appmc] [    0.86 ] bounded_sol_count looking for   73 solutions -- hashes active: 26
c [appmc] repeat solutions:      0 checked:     73 out of:     73
c [appmc] [    0.87 ] round:  7 hashes:     25
c [appmc] [    0.87 ] bounded_sol_count looking for   73 solutions -- hashes active: 25
c [appmc] repeat solutions:     64 checked:     73 out of:    137
c [appmc] simplifying
c [appmc] [    0.88 ] round:  8 hashes:     26
c [appmc] [    0.88 ] bounded_sol_count looking for   73 solutions -- hashes active: 26
c [appmc] repeat solutions:      0 checked:     73 out of:     73
c [appmc] [    0.88 ] round:  8 hashes:     25
c [appmc] [    0.88 ] bounded_sol_count looking for   73 solutions -- hashes active: 25
c [appmc] repeat solutions:     64 checked:     73 out of:    137
c [appmc] ApproxMC T: 0.89 s
c ------- FINAL TOTAL SEARCH STATS ---------
c UIP search time          : 0.04        (2.07      % time)
c restarts                 : 1061        (0.95      confls per restart)
c blocked restarts         : 0           (0.00      per normal restart)
c time                     : 0.04        
c decisions                : 148275      (0.00      % random)
c propagations             : 214K        (5084K     props/s)
c decisions/conflicts      : 146.81      
c conflicts                : 1010        
c conf lits non-minim      : 40804       (40.40     lit/confl)
c conf lits final          : 30.60       
c red which0               : 0           (0.00      % of confl)
c props/decision           : 0.00        
c props/conflict           : 0.00        
c 0-depth assigns          : 32          (13.01     % vars)
c 0-depth assigns by CNF   : 32          (13.01     % vars)
c reduceDB time            : 0.00        (0.00      % time)
c OccSimplifier time       : 0.40        (19.80     % time)
c [occur] 0.01 is overhead
c [occur] link-in T: 0.01 cleanup T: 0.00
c [occ-substr] long subBySub: 10033 subByStr: 26202 lits-rem-str: 31722 T: 0.40
c SCC time                 : 0.00        (0.04      % time)
c [scc] new: 98 BP 0M  T: 0.00
c vrep replace time        : 0.00        (0.00      % time)
c vrep tree roots          : 55          
c vrep trees' crown        : 98          (1.78      leafs/tree)
c distill long time        : 0.00        (0.00      % time)
c distill bin time         : 0.00        (0.00      % time)
c strength cache-irred time: 0.00        (0.00      % time)
c strength cache-red time  : 0.00        (0.00      % time)
c avg cls in red 0         : 0.00        
c avg cls in red 1         : 35.70       
c avg cls in red 2         : 92.69       
c Conflicts in UIP         : 1010        (497.22    confl/time_this_thread)
c Max Memory (rss) used    : 23060 kB    
c Total time (this thread) : 2.03        
c [appmc+arjun] Total time: 2.03
c [appmc] Number of solutions is: 64*2**26
s SATISFIABLE
s mc 4294967296
** AMH **
c ApproxMC SHA revision efa1667e4e09b2d5f2c61042efe377ce3107fdd3
c ApproxMC version 4.0.1
c ApproxMC compilation env CMAKE_CXX_COMPILER = /usr/bin/c++ | CMAKE_CXX_FLAGS =  -Wall -Wextra -Wunused -Wsign-compare -fno-omit-frame-pointer -Wtype-limits -Wuninitialized -Wno-deprecated -Wstrict-aliasing -Wpointer-arith -fvisibility=hidden -Wpointer-arith -Wformat-nonliteral -Winit-self -Wparentheses -Wunreachable-code -g -fvisibility=hidden -Wlogical-op -Wrestrict -Wnull-dereference -Wdouble-promotion -Wshadow -Wformat=2 -Wextra-semi -pedantic | COMPILE_DEFINES =  -DBOOST_TEST_DYN_LINK | STATICCOMPILE = OFF | Boost_FOUND = TRUE | ZLIB_FOUND = TRUE | VALGRIND_FOUND =  | GMP_FOUND = TRUE | ENABLE_ASSERTIONS = ON | MY_TARGETS =  | compilation date time = Aug  8 2022 16:18:18
c ApproxMC compiled with gcc version 9.4.0
c CryptoMiniSat version 5.11.0
c CMS Copyright (C) 2009-2020 Authors of CryptoMiniSat, see AUTHORS file
c CMS SHA revision 716b89be078f98fb615cf30a1f663b4903c08d9d
c CMS is MIT licensed
c Using VMTF code by Armin Biere from CaDiCaL
c Using Yalsat by Armin Biere, see Balint et al. Improving implementation of SLS solvers [...], SAT'14
c Using WalkSAT by Henry Kautz, see Kautz and Selman Pushing the envelope: planning, propositional logic, and stochastic search, AAAI'96,
c Using code from 'When Boolean Satisfiability Meets Gauss-E. in a Simplex Way'
c       by C.-S. Han and J.-H. Roland Jiang in CAV 2012. Fixes by M. Soos
c Using CCAnr from 'CCAnr: A Conf. Checking Based Local Search Solver [...]'
c       by Shaowei Cai, Chuan Luo, and Kaile Su, SAT 2015
c CMS compilation env CMAKE_CXX_COMPILER = /usr/bin/c++ | CMAKE_CXX_FLAGS =  -fvisibility=hidden -Wall -Wextra -Wunused -Wsign-compare -fno-omit-frame-pointer -Wtype-limits -Wuninitialized -Wno-deprecated -Wstrict-aliasing -Wpointer-arith -Wpointer-arith -Wformat-nonliteral -Winit-self -Wparentheses -Wunreachable-code -g -Wno-class-memaccess -mpopcnt -msse4.2 -ggdb3 -Wlogical-op -Wrestrict -Wnull-dereference -Wdouble-promotion -Wshadow -Wformat=2 -Wextra-semi -pedantic | COMPILE_DEFINES =  -DRDB0_ONLY_FEATURES -DBOOST_TEST_DYN_LINK -DUSE_ZLIB -DYALSAT_FPU | STATICCOMPILE = OFF | ONLY_SIMPLE = OFF | Boost_FOUND = TRUE | STATS = OFF | SQLITE3_FOUND = FALSE | ZLIB_FOUND = TRUE | VALGRIND_FOUND =  | ENABLE_TESTING = OFF | M4RI_FOUND =  | NOM4RI = ON | SLOW_DEBUG = OFF | ENABLE_ASSERTIONS = ON | PYTHON_EXECUTABLE =  | PYTHON_LIBRARY =  | PYTHON_INCLUDE_DIRS =  | MY_TARGETS =  | LARGEMEM = OFF | LIMITMEM = OFF | BREAKID_LIBRARIES =  | BREAKID-VER = . | BOSPHORUS_LIBRARIES =  | BOSPH-VER = . | compilation date time = Aug  8 2022 16:16:45
c CMS compiled with gcc version 9.4.0
c executed with command line: approxmc -s 05 /experiments/results/bwd_loop2.c/05/counterSharp/amh.dimacs
c Arjun SHA revision 416b100492d00bc51dbe98963e981906ddb47d83
c -- header says num vars:           6437
c -- header says num clauses:       22246
c WARNING: Empty line at line number 22359 -- this is not part of the DIMACS specifications (http://www.satcompetition.org/2009/format-benchmarks2009.html). Ignoring.
c -- clauses added: 22246
c -- xor clauses added: 0
c -- vars added 6437
c Original sampling vars: 3 4 5 6 7 8 9 10 11 12 13 14 15 16 17 18 19 20 21 22 23 24 25 26 27 28 29 30 31 32 33 34 
c [appmc] Orig sampling vars size: 32
c --> Executing OCC strategy token(s): 'occ-xor,'
c [occ] mem usage for occur      1 MB
c [occ] Linked in IRRED BIN by default: 6494
c [occ] Linked in RED   BIN by default: 0
c [occ] mem usage for occur      0 MB
c Mem for watch alloc      : 0           MB (7.63      %)
c Mem for watch array      : 0           MB (4.21      %)
c --> Executing OCC strategy token: occ-xor
c [occ-xor] sort occur list T: 0.00
c [xor-clean-equiv] removed equivalent xors: 0 left with: 3102
c [occ-xor] found   3102 avg sz 3.0 min sz  3 max sz  3 T: 0.00 T-out: N T-r: 99.96%
c [occ] mem usage for occur      1 MB
c [occ] Linked in IRRED BIN by default: 6494
c [occ] Linked in RED   BIN by default: 0
c [occ] mem usage for occur      0 MB
c Mem for watch alloc      : 0           MB (6.75      %)
c Mem for watch array      : 0           MB (3.73      %)
c [occ-gates] found:  3101 avg-s: 2.0 T: 0.00 T-out: N T-r: 98.64%
c [occ] mem usage for occur      1 MB
c [occ] Linked in IRRED BIN by default: 6494
c [occ] Linked in RED   BIN by default: 0
c [occ] mem usage for occur      0 MB
c Mem for watch alloc      : 0           MB (6.77      %)
c Mem for watch array      : 0           MB (3.73      %)
c [arjun-simp] GATE-based Potential was: 0 Non-zero OCCs were: 0 removed: 0 perc: 0.00 T: 0.02
c [occ] mem usage for occur      1 MB
c [occ] Linked in IRRED BIN by default: 6494
c [occ] Linked in RED   BIN by default: 0
c [occ] mem usage for occur      0 MB
c Mem for watch alloc      : 0           MB (6.77      %)
c Mem for watch array      : 0           MB (3.73      %)
c [gate-definable] no-cls-match-filt: 0 pico ran: 31 unsat: 0 0-occ: 0 too-many-occ: 1 empty-res: 0
c [arjun-simp] IRREG-GATE-based removed: 0 perc: 0.00 T: 0.01
c [occ] mem usage for occur      1 MB
c [occ] Linked in IRRED BIN by default: 6494
c [occ] Linked in RED   BIN by default: 0
c [occ] mem usage for occur      0 MB
c Mem for watch alloc      : 0           MB (6.77      %)
c Mem for watch array      : 0           MB (3.73      %)
c [cms-equiv-sub] equiv_subformula: 0 empty_occ: 0 T: 0.00
c [arjun-simp] equiv-subform removed: 0 perc: 0.00 total equiv_subform now: 0 T: 0.00
c [arjun-simp] CMS::simplify() with no BVE, intree probe...
c [arjun-simp] CMS::simplify() with no BVE finished. T: 0.03
c [arjun-simp] Removed eq lits: 0 new size: 32
c [arjun-simp] Removed set       : 0 new size: 32
c [arjun-simp] Removed set       : 28 new size: 4
c [arjun-simp] Removed eq lits: 0 new size: 4
c [arjun-simp] probe removed: 28 perc: 87.50 T: 0.00
c [occ] mem usage for occur      0 MB
c [occ] Linked in IRRED BIN by default: 4889
c [occ] Linked in RED   BIN by default: 114
c [occ] mem usage for occur      0 MB
c Mem for watch alloc      : 0           MB (7.07      %)
c Mem for watch array      : 0           MB (2.58      %)
c [cms-equiv-sub] equiv_subformula: 0 empty_occ: 0 T: 0.00
c [arjun-simp] equiv-subform removed: 0 perc: 0.00 total equiv_subform now: 0 T: 0.01
c [arjun-simp] IRREG-GATE-based removed: 0 perc: 0.00 T: 0.00
c [arjun] simplification finished  removed: 28 perc: 87.50 T: 0.08
c [arjun] Duplicating CNF...
c [arjun] Duplicated CNF. T: 0.01
c [arjun] CMS::simplify() with *only* BVE...
c [arjun] CMS::simplify() with *only* BVE finished. T: 0.84
c [arjun] Adding fixed clauses time: 0.00
c [arjun] Start unknown size: 4
c [arjun] backward round finished T: -0.00
c [arjun] get_indep_set finished T: 0.93
c ind 6377 6376 6375 6374 0
c [arjun] final set size:            4 percent of original: 12.5000 %
c [arjun] of which empty occs:       0 percent of original: 0.0000 %
c [appmc] Sampling set size: 4
c [appmc] Sampling set: 6374, 6375, 6376, 6377, 
c [appmc] threshold set to 72 sparse: 0
c [appmc] Starting up, initial measurement
c [appmc] Checking if there are at least threshold+1 solutions...
c [appmc] simplifying
c [appmc] [    0.66 ] bounded_sol_count looking for   73 solutions -- hashes active: 0
c [appmc] repeat solutions:      0 checked:      0 out of:      0
c [appmc] Did not find at least threshold+1 (72) we found only 10, i.e. we got exact count
c [appmc] ApproxMC T: 0.66 s
c ------- FINAL TOTAL SEARCH STATS ---------
c UIP search time          : 0.00        (0.00      % time)
c restarts                 : 11          (0.55      confls per restart)
c blocked restarts         : 0           (0.00      per normal restart)
c time                     : 0.00        
c decisions                : 29          (0.00      % random)
c propagations             : 132         (0         props/s)
c decisions/conflicts      : 4.83        
c conflicts                : 6           
c conf lits non-minim      : 19          (3.17      lit/confl)
c conf lits final          : 3.00        
c red which0               : 2           (33.33     % of confl)
c props/decision           : 0.00        
c props/conflict           : 0.00        
c 0-depth assigns          : 1748        (14566.67  % vars)
c 0-depth assigns by CNF   : 1747        (14558.33  % vars)
c reduceDB time            : 0.00        (0.00      % time)
c OccSimplifier time       : 0.09        (5.34      % time)
c [occur] 0.01 is overhead
c [occur] link-in T: 0.00 cleanup T: 0.00
c [occ-substr] long subBySub: 529 subByStr: 1408 lits-rem-str: 1367 T: 0.02
c SCC time                 : 0.00        (0.00      % time)
c [scc] new: 108 BP 0M  T: 0.00
c vrep replace time        : 0.00        (0.00      % time)
c vrep tree roots          : 60          
c vrep trees' crown        : 108         (1.80      leafs/tree)
c distill long time        : 0.00        (0.00      % time)
c distill bin time         : 0.00        (0.00      % time)
c strength cache-irred time: 0.00        (0.00      % time)
c strength cache-red time  : 0.00        (0.00      % time)
c avg cls in red 0         : 0.83        
c avg cls in red 1         : 15.50       
c avg cls in red 2         : 0.00        
c Conflicts in UIP         : 6           (3.70      confl/time_this_thread)
c Max Memory (rss) used    : 19876 kB    
c Total time (this thread) : 1.62        
c [appmc+arjun] Total time: 1.62
c [appmc] Number of solutions is: 10*2**0
s SATISFIABLE
s mc 10
** ASM **
c ApproxMC SHA revision efa1667e4e09b2d5f2c61042efe377ce3107fdd3
c ApproxMC version 4.0.1
c ApproxMC compilation env CMAKE_CXX_COMPILER = /usr/bin/c++ | CMAKE_CXX_FLAGS =  -Wall -Wextra -Wunused -Wsign-compare -fno-omit-frame-pointer -Wtype-limits -Wuninitialized -Wno-deprecated -Wstrict-aliasing -Wpointer-arith -fvisibility=hidden -Wpointer-arith -Wformat-nonliteral -Winit-self -Wparentheses -Wunreachable-code -g -fvisibility=hidden -Wlogical-op -Wrestrict -Wnull-dereference -Wdouble-promotion -Wshadow -Wformat=2 -Wextra-semi -pedantic | COMPILE_DEFINES =  -DBOOST_TEST_DYN_LINK | STATICCOMPILE = OFF | Boost_FOUND = TRUE | ZLIB_FOUND = TRUE | VALGRIND_FOUND =  | GMP_FOUND = TRUE | ENABLE_ASSERTIONS = ON | MY_TARGETS =  | compilation date time = Aug  8 2022 16:18:18
c ApproxMC compiled with gcc version 9.4.0
c CryptoMiniSat version 5.11.0
c CMS Copyright (C) 2009-2020 Authors of CryptoMiniSat, see AUTHORS file
c CMS SHA revision 716b89be078f98fb615cf30a1f663b4903c08d9d
c CMS is MIT licensed
c Using VMTF code by Armin Biere from CaDiCaL
c Using Yalsat by Armin Biere, see Balint et al. Improving implementation of SLS solvers [...], SAT'14
c Using WalkSAT by Henry Kautz, see Kautz and Selman Pushing the envelope: planning, propositional logic, and stochastic search, AAAI'96,
c Using code from 'When Boolean Satisfiability Meets Gauss-E. in a Simplex Way'
c       by C.-S. Han and J.-H. Roland Jiang in CAV 2012. Fixes by M. Soos
c Using CCAnr from 'CCAnr: A Conf. Checking Based Local Search Solver [...]'
c       by Shaowei Cai, Chuan Luo, and Kaile Su, SAT 2015
c CMS compilation env CMAKE_CXX_COMPILER = /usr/bin/c++ | CMAKE_CXX_FLAGS =  -fvisibility=hidden -Wall -Wextra -Wunused -Wsign-compare -fno-omit-frame-pointer -Wtype-limits -Wuninitialized -Wno-deprecated -Wstrict-aliasing -Wpointer-arith -Wpointer-arith -Wformat-nonliteral -Winit-self -Wparentheses -Wunreachable-code -g -Wno-class-memaccess -mpopcnt -msse4.2 -ggdb3 -Wlogical-op -Wrestrict -Wnull-dereference -Wdouble-promotion -Wshadow -Wformat=2 -Wextra-semi -pedantic | COMPILE_DEFINES =  -DRDB0_ONLY_FEATURES -DBOOST_TEST_DYN_LINK -DUSE_ZLIB -DYALSAT_FPU | STATICCOMPILE = OFF | ONLY_SIMPLE = OFF | Boost_FOUND = TRUE | STATS = OFF | SQLITE3_FOUND = FALSE | ZLIB_FOUND = TRUE | VALGRIND_FOUND =  | ENABLE_TESTING = OFF | M4RI_FOUND =  | NOM4RI = ON | SLOW_DEBUG = OFF | ENABLE_ASSERTIONS = ON | PYTHON_EXECUTABLE =  | PYTHON_LIBRARY =  | PYTHON_INCLUDE_DIRS =  | MY_TARGETS =  | LARGEMEM = OFF | LIMITMEM = OFF | BREAKID_LIBRARIES =  | BREAKID-VER = . | BOSPHORUS_LIBRARIES =  | BOSPH-VER = . | compilation date time = Aug  8 2022 16:16:45
c CMS compiled with gcc version 9.4.0
c executed with command line: approxmc -s 05 /experiments/results/bwd_loop2.c/05/counterSharp/asm.dimacs
c Arjun SHA revision 416b100492d00bc51dbe98963e981906ddb47d83
c -- header says num vars:           6439
c -- header says num clauses:       22252
c WARNING: Empty line at line number 22367 -- this is not part of the DIMACS specifications (http://www.satcompetition.org/2009/format-benchmarks2009.html). Ignoring.
c -- clauses added: 22252
c -- xor clauses added: 0
c -- vars added 6439
c Original sampling vars: 3 4 5 6 7 8 9 10 11 12 13 14 15 16 17 18 19 20 21 22 23 24 25 26 27 28 29 30 31 32 33 34 
c [appmc] Orig sampling vars size: 32
c --> Executing OCC strategy token(s): 'occ-xor,'
c [occ] mem usage for occur      1 MB
c [occ] Linked in IRRED BIN by default: 6489
c [occ] Linked in RED   BIN by default: 0
c [occ] mem usage for occur      0 MB
c Mem for watch alloc      : 0           MB (7.68      %)
c Mem for watch array      : 0           MB (4.24      %)
c --> Executing OCC strategy token: occ-xor
c [occ-xor] sort occur list T: 0.00
c [xor-clean-equiv] removed equivalent xors: 0 left with: 3102
c [occ-xor] found   3102 avg sz 3.0 min sz  3 max sz  3 T: 0.00 T-out: N T-r: 99.96%
c [occ] mem usage for occur      1 MB
c [occ] Linked in IRRED BIN by default: 6489
c [occ] Linked in RED   BIN by default: 0
c [occ] mem usage for occur      0 MB
c Mem for watch alloc      : 0           MB (6.79      %)
c Mem for watch array      : 0           MB (3.75      %)
c [occ-gates] found:  3100 avg-s: 2.0 T: 0.00 T-out: N T-r: 98.64%
c [occ] mem usage for occur      1 MB
c [occ] Linked in IRRED BIN by default: 6489
c [occ] Linked in RED   BIN by default: 0
c [occ] mem usage for occur      0 MB
c Mem for watch alloc      : 0           MB (6.80      %)
c Mem for watch array      : 0           MB (3.75      %)
c [arjun-simp] GATE-based Potential was: 0 Non-zero OCCs were: 0 removed: 0 perc: 0.00 T: 0.03
c [occ] mem usage for occur      1 MB
c [occ] Linked in IRRED BIN by default: 6489
c [occ] Linked in RED   BIN by default: 0
c [occ] mem usage for occur      0 MB
c Mem for watch alloc      : 0           MB (6.80      %)
c Mem for watch array      : 0           MB (3.75      %)
c [gate-definable] no-cls-match-filt: 0 pico ran: 31 unsat: 0 0-occ: 0 too-many-occ: 1 empty-res: 0
c [arjun-simp] IRREG-GATE-based removed: 0 perc: 0.00 T: 0.01
c [occ] mem usage for occur      1 MB
c [occ] Linked in IRRED BIN by default: 6489
c [occ] Linked in RED   BIN by default: 0
c [occ] mem usage for occur      0 MB
c Mem for watch alloc      : 0           MB (6.80      %)
c Mem for watch array      : 0           MB (3.75      %)
c [cms-equiv-sub] equiv_subformula: 0 empty_occ: 0 T: 0.00
c [arjun-simp] equiv-subform removed: 0 perc: 0.00 total equiv_subform now: 0 T: 0.00
c [arjun-simp] CMS::simplify() with no BVE, intree probe...
c [arjun-simp] CMS::simplify() with no BVE finished. T: 0.03
c [arjun-simp] Removed eq lits: 0 new size: 32
c [arjun-simp] Removed set       : 0 new size: 32
c [arjun-simp] Removed set       : 28 new size: 4
c [arjun-simp] Removed eq lits: 0 new size: 4
c [arjun-simp] probe removed: 28 perc: 87.50 T: 0.00
c [occ] mem usage for occur      0 MB
c [occ] Linked in IRRED BIN by default: 4888
c [occ] Linked in RED   BIN by default: 130
c [occ] mem usage for occur      0 MB
c Mem for watch alloc      : 0           MB (7.11      %)
c Mem for watch array      : 0           MB (2.61      %)
c [cms-equiv-sub] equiv_subformula: 0 empty_occ: 0 T: 0.00
c [arjun-simp] equiv-subform removed: 0 perc: 0.00 total equiv_subform now: 0 T: 0.01
c [arjun-simp] IRREG-GATE-based removed: 0 perc: 0.00 T: 0.00
c [arjun] simplification finished  removed: 28 perc: 87.50 T: 0.10
c [arjun] Duplicating CNF...
c [arjun] Duplicated CNF. T: 0.01
c [arjun] CMS::simplify() with *only* BVE...
c [arjun] CMS::simplify() with *only* BVE finished. T: 1.14
c [arjun] Adding fixed clauses time: 0.00
c [arjun] Start unknown size: 4
c [arjun] backward round finished T: 0.01
c [arjun] get_indep_set finished T: 1.26
c ind 6377 6376 0
c [arjun] final set size:            2 percent of original: 6.2500 %
c [arjun] of which empty occs:       0 percent of original: 0.0000 %
c [appmc] Sampling set size: 2
c [appmc] Sampling set: 6376, 6377, 
c [appmc] threshold set to 72 sparse: 0
c [appmc] Starting up, initial measurement
c [appmc] Checking if there are at least threshold+1 solutions...
c [appmc] simplifying
c [appmc] [    0.72 ] bounded_sol_count looking for   73 solutions -- hashes active: 0
c [appmc] repeat solutions:      0 checked:      0 out of:      0
c [appmc] Did not find at least threshold+1 (72) we found only 4, i.e. we got exact count
c [appmc] ApproxMC T: 0.73 s
c ------- FINAL TOTAL SEARCH STATS ---------
c UIP search time          : 0.01        (0.59      % time)
c restarts                 : 5           (4.20      confls per restart)
c blocked restarts         : 0           (0.00      per normal restart)
c time                     : 0.01        
c decisions                : 60          (0.00      % random)
c propagations             : 33K         (2764K     props/s)
c decisions/conflicts      : 2.86        
c conflicts                : 21          
c conf lits non-minim      : 2325        (110.71    lit/confl)
c conf lits final          : 5.48        
c red which0               : 7           (33.33     % of confl)
c props/decision           : 0.00        
c props/conflict           : 0.00        
c 0-depth assigns          : 1753        (54.78     % vars)
c 0-depth assigns by CNF   : 1752        (54.75     % vars)
c reduceDB time            : 0.00        (0.00      % time)
c OccSimplifier time       : 0.09        (4.33      % time)
c [occur] 0.01 is overhead
c [occur] link-in T: 0.00 cleanup T: 0.00
c [occ-substr] long subBySub: 829 subByStr: 1069 lits-rem-str: 1490 T: 0.04
c SCC time                 : 0.00        (0.07      % time)
c [scc] new: 115 BP 0M  T: 0.00
c vrep replace time        : 0.00        (0.00      % time)
c vrep tree roots          : 54          
c vrep trees' crown        : 112         (2.07      leafs/tree)
c distill long time        : 0.00        (0.00      % time)
c distill bin time         : 0.00        (0.00      % time)
c strength cache-irred time: 0.00        (0.00      % time)
c strength cache-red time  : 0.00        (0.00      % time)
c avg cls in red 0         : 3.43        
c avg cls in red 1         : 1880.05     
c avg cls in red 2         : 0.95        
c Conflicts in UIP         : 21          (10.41     confl/time_this_thread)
c Max Memory (rss) used    : 22560 kB    
c Total time (this thread) : 2.02        
c [appmc+arjun] Total time: 2.02
c [appmc] Number of solutions is: 4*2**0
s SATISFIABLE
s mc 4
** ASH **
c ApproxMC SHA revision efa1667e4e09b2d5f2c61042efe377ce3107fdd3
c ApproxMC version 4.0.1
c ApproxMC compilation env CMAKE_CXX_COMPILER = /usr/bin/c++ | CMAKE_CXX_FLAGS =  -Wall -Wextra -Wunused -Wsign-compare -fno-omit-frame-pointer -Wtype-limits -Wuninitialized -Wno-deprecated -Wstrict-aliasing -Wpointer-arith -fvisibility=hidden -Wpointer-arith -Wformat-nonliteral -Winit-self -Wparentheses -Wunreachable-code -g -fvisibility=hidden -Wlogical-op -Wrestrict -Wnull-dereference -Wdouble-promotion -Wshadow -Wformat=2 -Wextra-semi -pedantic | COMPILE_DEFINES =  -DBOOST_TEST_DYN_LINK | STATICCOMPILE = OFF | Boost_FOUND = TRUE | ZLIB_FOUND = TRUE | VALGRIND_FOUND =  | GMP_FOUND = TRUE | ENABLE_ASSERTIONS = ON | MY_TARGETS =  | compilation date time = Aug  8 2022 16:18:18
c ApproxMC compiled with gcc version 9.4.0
c CryptoMiniSat version 5.11.0
c CMS Copyright (C) 2009-2020 Authors of CryptoMiniSat, see AUTHORS file
c CMS SHA revision 716b89be078f98fb615cf30a1f663b4903c08d9d
c CMS is MIT licensed
c Using VMTF code by Armin Biere from CaDiCaL
c Using Yalsat by Armin Biere, see Balint et al. Improving implementation of SLS solvers [...], SAT'14
c Using WalkSAT by Henry Kautz, see Kautz and Selman Pushing the envelope: planning, propositional logic, and stochastic search, AAAI'96,
c Using code from 'When Boolean Satisfiability Meets Gauss-E. in a Simplex Way'
c       by C.-S. Han and J.-H. Roland Jiang in CAV 2012. Fixes by M. Soos
c Using CCAnr from 'CCAnr: A Conf. Checking Based Local Search Solver [...]'
c       by Shaowei Cai, Chuan Luo, and Kaile Su, SAT 2015
c CMS compilation env CMAKE_CXX_COMPILER = /usr/bin/c++ | CMAKE_CXX_FLAGS =  -fvisibility=hidden -Wall -Wextra -Wunused -Wsign-compare -fno-omit-frame-pointer -Wtype-limits -Wuninitialized -Wno-deprecated -Wstrict-aliasing -Wpointer-arith -Wpointer-arith -Wformat-nonliteral -Winit-self -Wparentheses -Wunreachable-code -g -Wno-class-memaccess -mpopcnt -msse4.2 -ggdb3 -Wlogical-op -Wrestrict -Wnull-dereference -Wdouble-promotion -Wshadow -Wformat=2 -Wextra-semi -pedantic | COMPILE_DEFINES =  -DRDB0_ONLY_FEATURES -DBOOST_TEST_DYN_LINK -DUSE_ZLIB -DYALSAT_FPU | STATICCOMPILE = OFF | ONLY_SIMPLE = OFF | Boost_FOUND = TRUE | STATS = OFF | SQLITE3_FOUND = FALSE | ZLIB_FOUND = TRUE | VALGRIND_FOUND =  | ENABLE_TESTING = OFF | M4RI_FOUND =  | NOM4RI = ON | SLOW_DEBUG = OFF | ENABLE_ASSERTIONS = ON | PYTHON_EXECUTABLE =  | PYTHON_LIBRARY =  | PYTHON_INCLUDE_DIRS =  | MY_TARGETS =  | LARGEMEM = OFF | LIMITMEM = OFF | BREAKID_LIBRARIES =  | BREAKID-VER = . | BOSPHORUS_LIBRARIES =  | BOSPH-VER = . | compilation date time = Aug  8 2022 16:16:45
c CMS compiled with gcc version 9.4.0
c executed with command line: approxmc -s 05 /experiments/results/bwd_loop2.c/05/counterSharp/ash.dimacs
c Arjun SHA revision 416b100492d00bc51dbe98963e981906ddb47d83
c -- header says num vars:           6439
c -- header says num clauses:       22252
c WARNING: Empty line at line number 22367 -- this is not part of the DIMACS specifications (http://www.satcompetition.org/2009/format-benchmarks2009.html). Ignoring.
c -- clauses added: 22252
c -- xor clauses added: 0
c -- vars added 6439
c Original sampling vars: 3 4 5 6 7 8 9 10 11 12 13 14 15 16 17 18 19 20 21 22 23 24 25 26 27 28 29 30 31 32 33 34 
c [appmc] Orig sampling vars size: 32
c --> Executing OCC strategy token(s): 'occ-xor,'
c [occ] mem usage for occur      1 MB
c [occ] Linked in IRRED BIN by default: 6458
c [occ] Linked in RED   BIN by default: 0
c [occ] mem usage for occur      0 MB
c Mem for watch alloc      : 0           MB (7.61      %)
c Mem for watch array      : 0           MB (4.21      %)
c --> Executing OCC strategy token: occ-xor
c [occ-xor] sort occur list T: 0.00
c [xor-clean-equiv] removed equivalent xors: 0 left with: 3101
c [occ-xor] found   3101 avg sz 3.0 min sz  3 max sz  3 T: 0.00 T-out: N T-r: 99.96%
c [occ] mem usage for occur      1 MB
c [occ] Linked in IRRED BIN by default: 6458
c [occ] Linked in RED   BIN by default: 0
c [occ] mem usage for occur      0 MB
c Mem for watch alloc      : 0           MB (6.74      %)
c Mem for watch array      : 0           MB (3.72      %)
c [occ-gates] found:  3100 avg-s: 2.0 T: 0.00 T-out: N T-r: 98.64%
c [occ] mem usage for occur      1 MB
c [occ] Linked in IRRED BIN by default: 6458
c [occ] Linked in RED   BIN by default: 0
c [occ] mem usage for occur      0 MB
c Mem for watch alloc      : 0           MB (6.75      %)
c Mem for watch array      : 0           MB (3.72      %)
c [arjun-simp] GATE-based Potential was: 0 Non-zero OCCs were: 0 removed: 0 perc: 0.00 T: 0.02
c [occ] mem usage for occur      1 MB
c [occ] Linked in IRRED BIN by default: 6458
c [occ] Linked in RED   BIN by default: 0
c [occ] mem usage for occur      0 MB
c Mem for watch alloc      : 0           MB (6.75      %)
c Mem for watch array      : 0           MB (3.72      %)
c [gate-definable] no-cls-match-filt: 0 pico ran: 31 unsat: 0 0-occ: 0 too-many-occ: 1 empty-res: 0
c [arjun-simp] IRREG-GATE-based removed: 0 perc: 0.00 T: 0.01
c [occ] mem usage for occur      1 MB
c [occ] Linked in IRRED BIN by default: 6458
c [occ] Linked in RED   BIN by default: 0
c [occ] mem usage for occur      0 MB
c Mem for watch alloc      : 0           MB (6.75      %)
c Mem for watch array      : 0           MB (3.72      %)
c [cms-equiv-sub] equiv_subformula: 0 empty_occ: 0 T: 0.00
c [arjun-simp] equiv-subform removed: 0 perc: 0.00 total equiv_subform now: 0 T: 0.00
c [arjun-simp] CMS::simplify() with no BVE, intree probe...
c [arjun-simp] CMS::simplify() with no BVE finished. T: 0.03
c [arjun-simp] Removed eq lits: 0 new size: 32
c [arjun-simp] Removed set       : 0 new size: 32
c [arjun-simp] Removed set       : 28 new size: 4
c [arjun-simp] Removed eq lits: 0 new size: 4
c [arjun-simp] probe removed: 28 perc: 87.50 T: 0.00
c [occ] mem usage for occur      0 MB
c [occ] Linked in IRRED BIN by default: 4854
c [occ] Linked in RED   BIN by default: 125
c [occ] mem usage for occur      0 MB
c Mem for watch alloc      : 0           MB (7.06      %)
c Mem for watch array      : 0           MB (2.58      %)
c [cms-equiv-sub] equiv_subformula: 0 empty_occ: 0 T: 0.00
c [arjun-simp] equiv-subform removed: 0 perc: 0.00 total equiv_subform now: 0 T: 0.01
c [arjun-simp] IRREG-GATE-based removed: 0 perc: 0.00 T: 0.00
c [arjun] simplification finished  removed: 28 perc: 87.50 T: 0.08
c [arjun] Duplicating CNF...
c [arjun] Duplicated CNF. T: 0.01
c [arjun] CMS::simplify() with *only* BVE...
c [arjun] CMS::simplify() with *only* BVE finished. T: 1.18
c [arjun] Adding fixed clauses time: 0.00
c [arjun] Start unknown size: 4
c [arjun] backward round finished T: 0.01
c [arjun] get_indep_set finished T: 1.29
c ind 6378 6377 6376 0
c [arjun] final set size:            3 percent of original: 9.3750 %
c [arjun] of which empty occs:       0 percent of original: 0.0000 %
c [appmc] Sampling set size: 3
c [appmc] Sampling set: 6376, 6377, 6378, 
c [appmc] threshold set to 72 sparse: 0
c [appmc] Starting up, initial measurement
c [appmc] Checking if there are at least threshold+1 solutions...
c [appmc] simplifying
c [appmc] [    0.75 ] bounded_sol_count looking for   73 solutions -- hashes active: 0
c [appmc] repeat solutions:      0 checked:      0 out of:      0
c [appmc] Did not find at least threshold+1 (72) we found only 6, i.e. we got exact count
c [appmc] ApproxMC T: 0.76 s
c ------- FINAL TOTAL SEARCH STATS ---------
c UIP search time          : 0.00        (0.19      % time)
c restarts                 : 7           (1.29      confls per restart)
c blocked restarts         : 0           (0.00      per normal restart)
c time                     : 0.00        
c decisions                : 32          (0.00      % random)
c propagations             : 26K         (6700K     props/s)
c decisions/conflicts      : 3.56        
c conflicts                : 9           
c conf lits non-minim      : 205         (22.78     lit/confl)
c conf lits final          : 2.78        
c red which0               : 4           (44.44     % of confl)
c props/decision           : 0.00        
c props/conflict           : 0.00        
c 0-depth assigns          : 1758        (55.39     % vars)
c 0-depth assigns by CNF   : 1757        (55.36     % vars)
c reduceDB time            : 0.00        (0.00      % time)
c OccSimplifier time       : 0.10        (4.94      % time)
c [occur] 0.01 is overhead
c [occur] link-in T: 0.01 cleanup T: 0.00
c [occ-substr] long subBySub: 801 subByStr: 1100 lits-rem-str: 1609 T: 0.06
c SCC time                 : 0.00        (0.05      % time)
c [scc] new: 104 BP 0M  T: 0.00
c vrep replace time        : 0.00        (0.19      % time)
c vrep tree roots          : 45          
c vrep trees' crown        : 104         (2.31      leafs/tree)
c distill long time        : 0.00        (0.00      % time)
c distill bin time         : 0.00        (0.00      % time)
c strength cache-irred time: 0.00        (0.00      % time)
c strength cache-red time  : 0.00        (0.00      % time)
c avg cls in red 0         : 2.22        
c avg cls in red 1         : 308.56      
c avg cls in red 2         : 0.00        
c Conflicts in UIP         : 9           (4.29      confl/time_this_thread)
c Max Memory (rss) used    : 22688 kB    
c Total time (this thread) : 2.10        
c [appmc+arjun] Total time: 2.10
c [appmc] Number of solutions is: 6*2**0
s SATISFIABLE
s mc 6
