** CON **
[runlim] version:		1.10
[runlim] time limit:		311040000 seconds
[runlim] real time limit:	300 seconds
[runlim] space limit:		2048 MB
[runlim] argv[0]:		approxmc
[runlim] argv[1]:		-s
[runlim] argv[2]:		04
[runlim] argv[3]:		/experiments/results/count_up_down_true-unreach-call_true-termination.c/04/counterSharp/con.dimacs
[runlim] start:			Mon Aug  8 17:59:36 2022
[runlim] main pid:		2394
[runlim] end:			Mon Aug  8 17:59:36 2022
[runlim] status:		ok
[runlim] result:		0
[runlim] children:		0
[runlim] real:			0.09 seconds
[runlim] time:			0.00 seconds
[runlim] space:			0.0 MB
[runlim] samples:		0
** AMM **
[runlim] version:		1.10
[runlim] time limit:		311040000 seconds
[runlim] real time limit:	300 seconds
[runlim] space limit:		2048 MB
[runlim] argv[0]:		approxmc
[runlim] argv[1]:		-s
[runlim] argv[2]:		04
[runlim] argv[3]:		/experiments/results/count_up_down_true-unreach-call_true-termination.c/04/counterSharp/amm.dimacs
[runlim] start:			Mon Aug  8 17:59:36 2022
[runlim] main pid:		2396
[runlim] end:			Mon Aug  8 17:59:36 2022
[runlim] status:		ok
[runlim] result:		0
[runlim] children:		0
[runlim] real:			0.30 seconds
[runlim] time:			0.19 seconds
[runlim] space:			9.4 MB
[runlim] samples:		2
** AMH **
[runlim] version:		1.10
[runlim] time limit:		311040000 seconds
[runlim] real time limit:	300 seconds
[runlim] space limit:		2048 MB
[runlim] argv[0]:		approxmc
[runlim] argv[1]:		-s
[runlim] argv[2]:		04
[runlim] argv[3]:		/experiments/results/count_up_down_true-unreach-call_true-termination.c/04/counterSharp/amh.dimacs
[runlim] start:			Mon Aug  8 17:59:36 2022
[runlim] main pid:		2398
[runlim] end:			Mon Aug  8 17:59:36 2022
[runlim] status:		ok
[runlim] result:		0
[runlim] children:		0
[runlim] real:			0.52 seconds
[runlim] time:			0.19 seconds
[runlim] space:			7.5 MB
[runlim] samples:		2
** ASM **
[runlim] version:		1.10
[runlim] time limit:		311040000 seconds
[runlim] real time limit:	300 seconds
[runlim] space limit:		2048 MB
[runlim] argv[0]:		approxmc
[runlim] argv[1]:		-s
[runlim] argv[2]:		04
[runlim] argv[3]:		/experiments/results/count_up_down_true-unreach-call_true-termination.c/04/counterSharp/asm.dimacs
[runlim] start:			Mon Aug  8 17:59:36 2022
[runlim] main pid:		2400
[runlim] end:			Mon Aug  8 17:59:36 2022
[runlim] status:		ok
[runlim] result:		0
[runlim] children:		0
[runlim] real:			0.70 seconds
[runlim] time:			0.08 seconds
[runlim] space:			7.5 MB
[runlim] samples:		1
** ASH **
[runlim] version:		1.10
[runlim] time limit:		311040000 seconds
[runlim] real time limit:	300 seconds
[runlim] space limit:		2048 MB
[runlim] argv[0]:		approxmc
[runlim] argv[1]:		-s
[runlim] argv[2]:		04
[runlim] argv[3]:		/experiments/results/count_up_down_true-unreach-call_true-termination.c/04/counterSharp/ash.dimacs
[runlim] start:			Mon Aug  8 17:59:36 2022
[runlim] main pid:		2402
[runlim] end:			Mon Aug  8 17:59:36 2022
[runlim] status:		ok
[runlim] result:		0
[runlim] children:		0
[runlim] real:			0.85 seconds
[runlim] time:			0.09 seconds
[runlim] space:			7.4 MB
[runlim] samples:		1
