** CON **
c ApproxMC SHA revision efa1667e4e09b2d5f2c61042efe377ce3107fdd3
c ApproxMC version 4.0.1
c ApproxMC compilation env CMAKE_CXX_COMPILER = /usr/bin/c++ | CMAKE_CXX_FLAGS =  -Wall -Wextra -Wunused -Wsign-compare -fno-omit-frame-pointer -Wtype-limits -Wuninitialized -Wno-deprecated -Wstrict-aliasing -Wpointer-arith -fvisibility=hidden -Wpointer-arith -Wformat-nonliteral -Winit-self -Wparentheses -Wunreachable-code -g -fvisibility=hidden -Wlogical-op -Wrestrict -Wnull-dereference -Wdouble-promotion -Wshadow -Wformat=2 -Wextra-semi -pedantic | COMPILE_DEFINES =  -DBOOST_TEST_DYN_LINK | STATICCOMPILE = OFF | Boost_FOUND = TRUE | ZLIB_FOUND = TRUE | VALGRIND_FOUND =  | GMP_FOUND = TRUE | ENABLE_ASSERTIONS = ON | MY_TARGETS =  | compilation date time = Aug  8 2022 16:18:18
c ApproxMC compiled with gcc version 9.4.0
c CryptoMiniSat version 5.11.0
c CMS Copyright (C) 2009-2020 Authors of CryptoMiniSat, see AUTHORS file
c CMS SHA revision 716b89be078f98fb615cf30a1f663b4903c08d9d
c CMS is MIT licensed
c Using VMTF code by Armin Biere from CaDiCaL
c Using Yalsat by Armin Biere, see Balint et al. Improving implementation of SLS solvers [...], SAT'14
c Using WalkSAT by Henry Kautz, see Kautz and Selman Pushing the envelope: planning, propositional logic, and stochastic search, AAAI'96,
c Using code from 'When Boolean Satisfiability Meets Gauss-E. in a Simplex Way'
c       by C.-S. Han and J.-H. Roland Jiang in CAV 2012. Fixes by M. Soos
c Using CCAnr from 'CCAnr: A Conf. Checking Based Local Search Solver [...]'
c       by Shaowei Cai, Chuan Luo, and Kaile Su, SAT 2015
c CMS compilation env CMAKE_CXX_COMPILER = /usr/bin/c++ | CMAKE_CXX_FLAGS =  -fvisibility=hidden -Wall -Wextra -Wunused -Wsign-compare -fno-omit-frame-pointer -Wtype-limits -Wuninitialized -Wno-deprecated -Wstrict-aliasing -Wpointer-arith -Wpointer-arith -Wformat-nonliteral -Winit-self -Wparentheses -Wunreachable-code -g -Wno-class-memaccess -mpopcnt -msse4.2 -ggdb3 -Wlogical-op -Wrestrict -Wnull-dereference -Wdouble-promotion -Wshadow -Wformat=2 -Wextra-semi -pedantic | COMPILE_DEFINES =  -DRDB0_ONLY_FEATURES -DBOOST_TEST_DYN_LINK -DUSE_ZLIB -DYALSAT_FPU | STATICCOMPILE = OFF | ONLY_SIMPLE = OFF | Boost_FOUND = TRUE | STATS = OFF | SQLITE3_FOUND = FALSE | ZLIB_FOUND = TRUE | VALGRIND_FOUND =  | ENABLE_TESTING = OFF | M4RI_FOUND =  | NOM4RI = ON | SLOW_DEBUG = OFF | ENABLE_ASSERTIONS = ON | PYTHON_EXECUTABLE =  | PYTHON_LIBRARY =  | PYTHON_INCLUDE_DIRS =  | MY_TARGETS =  | LARGEMEM = OFF | LIMITMEM = OFF | BREAKID_LIBRARIES =  | BREAKID-VER = . | BOSPHORUS_LIBRARIES =  | BOSPH-VER = . | compilation date time = Aug  8 2022 16:16:45
c CMS compiled with gcc version 9.4.0
c executed with command line: approxmc -s 03 /experiments/results/count_up_down_true-unreach-call_true-termination.c/03/counterSharp/con.dimacs
c Arjun SHA revision 416b100492d00bc51dbe98963e981906ddb47d83
c -- header says num vars:            650
c -- header says num clauses:        2078
c WARNING: Empty line at line number 2104 -- this is not part of the DIMACS specifications (http://www.satcompetition.org/2009/format-benchmarks2009.html). Ignoring.
c -- clauses added: 2078
c -- xor clauses added: 0
c -- vars added 650
c Original sampling vars: 23 24 25 26 27 28 29 30 31 32 33 34 35 36 37 38 39 40 41 42 43 44 45 46 47 48 49 50 51 52 53 54 
c [appmc] Orig sampling vars size: 32
c --> Executing OCC strategy token(s): 'occ-xor,'
c [occ] mem usage for occur      0 MB
c [occ] Linked in IRRED BIN by default: 825
c [occ] Linked in RED   BIN by default: 0
c [occ] mem usage for occur      0 MB
c Mem for watch alloc      : 0           MB (0.88      %)
c Mem for watch array      : 0           MB (0.52      %)
c --> Executing OCC strategy token: occ-xor
c [occ-xor] sort occur list T: 0.00
c [xor-clean-equiv] removed equivalent xors: 0 left with: 130
c [occ-xor] found    130 avg sz 3.0 min sz  3 max sz  3 T: 0.00 T-out: N T-r: 100.00%
c [occ] mem usage for occur      0 MB
c [occ] Linked in IRRED BIN by default: 825
c [occ] Linked in RED   BIN by default: 0
c [occ] mem usage for occur      0 MB
c Mem for watch alloc      : 0           MB (0.88      %)
c Mem for watch array      : 0           MB (0.52      %)
c [occ-gates] found:   124 avg-s: 2.0 T: 0.00 T-out: N T-r: 99.88%
c [occ] mem usage for occur      0 MB
c [occ] Linked in IRRED BIN by default: 825
c [occ] Linked in RED   BIN by default: 0
c [occ] mem usage for occur      0 MB
c Mem for watch alloc      : 0           MB (0.88      %)
c Mem for watch array      : 0           MB (0.52      %)
c [arjun-simp] GATE-based Potential was: 0 Non-zero OCCs were: 0 removed: 0 perc: 0.00 T: 0.00
c [occ] mem usage for occur      0 MB
c [occ] Linked in IRRED BIN by default: 825
c [occ] Linked in RED   BIN by default: 0
c [occ] mem usage for occur      0 MB
c Mem for watch alloc      : 0           MB (0.88      %)
c Mem for watch array      : 0           MB (0.52      %)
c [gate-definable] no-cls-match-filt: 0 pico ran: 32 unsat: 0 0-occ: 0 too-many-occ: 0 empty-res: 0
c [arjun-simp] IRREG-GATE-based removed: 0 perc: 0.00 T: 0.00
c [occ] mem usage for occur      0 MB
c [occ] Linked in IRRED BIN by default: 825
c [occ] Linked in RED   BIN by default: 0
c [occ] mem usage for occur      0 MB
c Mem for watch alloc      : 0           MB (0.88      %)
c Mem for watch array      : 0           MB (0.52      %)
c [cms-equiv-sub] equiv_subformula: 0 empty_occ: 0 T: 0.00
c [arjun-simp] equiv-subform removed: 0 perc: 0.00 total equiv_subform now: 0 T: 0.00
c [arjun-simp] CMS::simplify() with no BVE, intree probe...
c [arjun-simp] CMS::simplify() with no BVE finished. T: 0.00
c [arjun-simp] Removed eq lits: 0 new size: 32
c [arjun-simp] Removed set       : 32 new size: 0
c [arjun] CNF is UNSAT, setting sampling set to empty
c [arjun] get_indep_set finished T: 0.00
c ind 0
c [arjun] final set size:            0 percent of original: 0.0000 %
c [arjun] of which empty occs:       0 percent of original: 0.0000 %
c [appmc+arjun] Total time: 0.0070
c [appmc] Number of solutions is: 0*2**0
s UNSATISFIABLE
s mc 0
** AMM **
c ApproxMC SHA revision efa1667e4e09b2d5f2c61042efe377ce3107fdd3
c ApproxMC version 4.0.1
c ApproxMC compilation env CMAKE_CXX_COMPILER = /usr/bin/c++ | CMAKE_CXX_FLAGS =  -Wall -Wextra -Wunused -Wsign-compare -fno-omit-frame-pointer -Wtype-limits -Wuninitialized -Wno-deprecated -Wstrict-aliasing -Wpointer-arith -fvisibility=hidden -Wpointer-arith -Wformat-nonliteral -Winit-self -Wparentheses -Wunreachable-code -g -fvisibility=hidden -Wlogical-op -Wrestrict -Wnull-dereference -Wdouble-promotion -Wshadow -Wformat=2 -Wextra-semi -pedantic | COMPILE_DEFINES =  -DBOOST_TEST_DYN_LINK | STATICCOMPILE = OFF | Boost_FOUND = TRUE | ZLIB_FOUND = TRUE | VALGRIND_FOUND =  | GMP_FOUND = TRUE | ENABLE_ASSERTIONS = ON | MY_TARGETS =  | compilation date time = Aug  8 2022 16:18:18
c ApproxMC compiled with gcc version 9.4.0
c CryptoMiniSat version 5.11.0
c CMS Copyright (C) 2009-2020 Authors of CryptoMiniSat, see AUTHORS file
c CMS SHA revision 716b89be078f98fb615cf30a1f663b4903c08d9d
c CMS is MIT licensed
c Using VMTF code by Armin Biere from CaDiCaL
c Using Yalsat by Armin Biere, see Balint et al. Improving implementation of SLS solvers [...], SAT'14
c Using WalkSAT by Henry Kautz, see Kautz and Selman Pushing the envelope: planning, propositional logic, and stochastic search, AAAI'96,
c Using code from 'When Boolean Satisfiability Meets Gauss-E. in a Simplex Way'
c       by C.-S. Han and J.-H. Roland Jiang in CAV 2012. Fixes by M. Soos
c Using CCAnr from 'CCAnr: A Conf. Checking Based Local Search Solver [...]'
c       by Shaowei Cai, Chuan Luo, and Kaile Su, SAT 2015
c CMS compilation env CMAKE_CXX_COMPILER = /usr/bin/c++ | CMAKE_CXX_FLAGS =  -fvisibility=hidden -Wall -Wextra -Wunused -Wsign-compare -fno-omit-frame-pointer -Wtype-limits -Wuninitialized -Wno-deprecated -Wstrict-aliasing -Wpointer-arith -Wpointer-arith -Wformat-nonliteral -Winit-self -Wparentheses -Wunreachable-code -g -Wno-class-memaccess -mpopcnt -msse4.2 -ggdb3 -Wlogical-op -Wrestrict -Wnull-dereference -Wdouble-promotion -Wshadow -Wformat=2 -Wextra-semi -pedantic | COMPILE_DEFINES =  -DRDB0_ONLY_FEATURES -DBOOST_TEST_DYN_LINK -DUSE_ZLIB -DYALSAT_FPU | STATICCOMPILE = OFF | ONLY_SIMPLE = OFF | Boost_FOUND = TRUE | STATS = OFF | SQLITE3_FOUND = FALSE | ZLIB_FOUND = TRUE | VALGRIND_FOUND =  | ENABLE_TESTING = OFF | M4RI_FOUND =  | NOM4RI = ON | SLOW_DEBUG = OFF | ENABLE_ASSERTIONS = ON | PYTHON_EXECUTABLE =  | PYTHON_LIBRARY =  | PYTHON_INCLUDE_DIRS =  | MY_TARGETS =  | LARGEMEM = OFF | LIMITMEM = OFF | BREAKID_LIBRARIES =  | BREAKID-VER = . | BOSPHORUS_LIBRARIES =  | BOSPH-VER = . | compilation date time = Aug  8 2022 16:16:45
c CMS compiled with gcc version 9.4.0
c executed with command line: approxmc -s 03 /experiments/results/count_up_down_true-unreach-call_true-termination.c/03/counterSharp/amm.dimacs
c Arjun SHA revision 416b100492d00bc51dbe98963e981906ddb47d83
c -- header says num vars:            642
c -- header says num clauses:        2048
c WARNING: Empty line at line number 2076 -- this is not part of the DIMACS specifications (http://www.satcompetition.org/2009/format-benchmarks2009.html). Ignoring.
c -- clauses added: 2048
c -- xor clauses added: 0
c -- vars added 642
c Original sampling vars: 13 14 15 16 17 18 19 20 21 22 23 24 25 26 27 28 29 30 31 32 33 34 35 36 37 38 39 40 41 42 43 44 
c [appmc] Orig sampling vars size: 32
c --> Executing OCC strategy token(s): 'occ-xor,'
c [occ] mem usage for occur      0 MB
c [occ] Linked in IRRED BIN by default: 888
c [occ] Linked in RED   BIN by default: 0
c [occ] mem usage for occur      0 MB
c Mem for watch alloc      : 0           MB (0.88      %)
c Mem for watch array      : 0           MB (0.52      %)
c --> Executing OCC strategy token: occ-xor
c [occ-xor] sort occur list T: 0.00
c [xor-clean-equiv] removed equivalent xors: 0 left with: 134
c [occ-xor] found    134 avg sz 3.0 min sz  3 max sz  3 T: 0.00 T-out: N T-r: 100.00%
c [occ] mem usage for occur      0 MB
c [occ] Linked in IRRED BIN by default: 888
c [occ] Linked in RED   BIN by default: 0
c [occ] mem usage for occur      0 MB
c Mem for watch alloc      : 0           MB (0.88      %)
c Mem for watch array      : 0           MB (0.52      %)
c [occ-gates] found:   141 avg-s: 2.0 T: 0.00 T-out: N T-r: 99.87%
c [occ] mem usage for occur      0 MB
c [occ] Linked in IRRED BIN by default: 888
c [occ] Linked in RED   BIN by default: 0
c [occ] mem usage for occur      0 MB
c Mem for watch alloc      : 0           MB (0.88      %)
c Mem for watch array      : 0           MB (0.52      %)
c [arjun-simp] GATE-based Potential was: 0 Non-zero OCCs were: 0 removed: 0 perc: 0.00 T: 0.00
c [occ] mem usage for occur      0 MB
c [occ] Linked in IRRED BIN by default: 888
c [occ] Linked in RED   BIN by default: 0
c [occ] mem usage for occur      0 MB
c Mem for watch alloc      : 0           MB (0.88      %)
c Mem for watch array      : 0           MB (0.52      %)
c [gate-definable] no-cls-match-filt: 32 pico ran: 0 unsat: 0 0-occ: 0 too-many-occ: 0 empty-res: 0
c [arjun-simp] IRREG-GATE-based removed: 0 perc: 0.00 T: 0.00
c [occ] mem usage for occur      0 MB
c [occ] Linked in IRRED BIN by default: 888
c [occ] Linked in RED   BIN by default: 0
c [occ] mem usage for occur      0 MB
c Mem for watch alloc      : 0           MB (0.88      %)
c Mem for watch array      : 0           MB (0.52      %)
c [cms-equiv-sub] equiv_subformula: 0 empty_occ: 0 T: 0.00
c [arjun-simp] equiv-subform removed: 0 perc: 0.00 total equiv_subform now: 0 T: 0.00
c [arjun-simp] CMS::simplify() with no BVE, intree probe...
c [arjun-simp] CMS::simplify() with no BVE finished. T: 0.00
c [arjun-simp] Removed eq lits: 0 new size: 32
c [arjun-simp] Removed set       : 0 new size: 32
c [arjun-simp] Removed set       : 0 new size: 32
c [arjun-simp] Removed eq lits: 0 new size: 32
c [arjun-simp] probe removed: 0 perc: 0.00 T: 0.00
c [occ] mem usage for occur      0 MB
c [occ] Linked in IRRED BIN by default: 921
c [occ] Linked in RED   BIN by default: 2
c [occ] mem usage for occur      0 MB
c Mem for watch alloc      : 0           MB (1.26      %)
c Mem for watch array      : 0           MB (0.49      %)
c [cms-equiv-sub] equiv_subformula: 0 empty_occ: 0 T: 0.00
c [arjun-simp] equiv-subform removed: 0 perc: 0.00 total equiv_subform now: 0 T: 0.00
c [arjun-simp] IRREG-GATE-based removed: 0 perc: 0.00 T: 0.00
c [arjun] simplification finished  removed: 0 perc: 0.00 T: 0.01
c [arjun] Duplicating CNF...
c [arjun] Duplicated CNF. T: 0.00
c [arjun] CMS::simplify() with *only* BVE...
c [arjun] CMS::simplify() with *only* BVE finished. T: 0.03
c [arjun] Adding fixed clauses time: 0.00
c [arjun] Start unknown size: 32
c [arjun] backward round finished T: 0.00
c [arjun] get_indep_set finished T: 0.04
c ind 609 608 607 606 605 604 603 602 601 600 599 598 597 596 595 594 593 592 591 590 589 588 587 586 585 584 583 582 581 610 580 579 0
c [arjun] final set size:           32 percent of original: 100.0000 %
c [arjun] of which empty occs:       0 percent of original: 0.0000 %
c [appmc] Sampling set size: 32
c [appmc] Sampling set: 579, 580, 581, 582, 583, 584, 585, 586, 587, 588, 589, 590, 591, 592, 593, 594, 595, 596, 597, 598, 599, 600, 601, 602, 603, 604, 605, 606, 607, 608, 609, 610, 
c [appmc] threshold set to 72 sparse: 0
c [appmc] Starting up, initial measurement
c [appmc] Checking if there are at least threshold+1 solutions...
c [appmc] simplifying
c [appmc] [    0.02 ] bounded_sol_count looking for   73 solutions -- hashes active: 0
c [appmc] repeat solutions:      0 checked:      0 out of:      0
c [appmc] Starting at hash count: 1
c [appmc] [    0.02 ] round:  0 hashes:      1
c [appmc] [    0.02 ] bounded_sol_count looking for   73 solutions -- hashes active: 1
c [appmc] repeat solutions:     38 checked:     73 out of:     73
c [appmc] [    0.02 ] round:  0 hashes:      2
c [appmc] [    0.02 ] bounded_sol_count looking for   73 solutions -- hashes active: 2
c [appmc] repeat solutions:     38 checked:    108 out of:    108
c [appmc] [    0.02 ] round:  0 hashes:      4
c [appmc] [    0.02 ] bounded_sol_count looking for   73 solutions -- hashes active: 4
c [appmc] repeat solutions:     20 checked:    143 out of:    143
c [appmc] [    0.02 ] round:  0 hashes:      8
c [appmc] [    0.02 ] bounded_sol_count looking for   73 solutions -- hashes active: 8
c [appmc] repeat solutions:      4 checked:    196 out of:    196
c [appmc] [    0.03 ] round:  0 hashes:     16
c [appmc] [    0.03 ] bounded_sol_count looking for   73 solutions -- hashes active: 16
c [appmc] repeat solutions:      0 checked:    265 out of:    265
c [appmc] [    0.03 ] round:  0 hashes:     24
c [appmc] [    0.03 ] bounded_sol_count looking for   73 solutions -- hashes active: 24
c [appmc] repeat solutions:      0 checked:    338 out of:    338
c [appmc] [    0.04 ] round:  0 hashes:     28
c [appmc] [    0.04 ] bounded_sol_count looking for   73 solutions -- hashes active: 28
c [appmc] repeat solutions:      4 checked:    411 out of:    411
c [appmc] [    0.04 ] round:  0 hashes:     26
c [appmc] [    0.04 ] bounded_sol_count looking for   73 solutions -- hashes active: 26
c [appmc] repeat solutions:     30 checked:    411 out of:    423
c [appmc] [    0.04 ] round:  0 hashes:     25
c [appmc] [    0.04 ] bounded_sol_count looking for   73 solutions -- hashes active: 25
c [appmc] repeat solutions:     82 checked:    411 out of:    457
c [appmc] simplifying
c [appmc] [    0.05 ] round:  1 hashes:     26
c [appmc] [    0.05 ] bounded_sol_count looking for   73 solutions -- hashes active: 26
c [appmc] repeat solutions:      0 checked:     73 out of:     73
c [appmc] [    0.05 ] round:  1 hashes:     25
c [appmc] [    0.05 ] bounded_sol_count looking for   73 solutions -- hashes active: 25
c [appmc] repeat solutions:     64 checked:     73 out of:    137
c [appmc] simplifying
c [appmc] [    0.06 ] round:  2 hashes:     26
c [appmc] [    0.06 ] bounded_sol_count looking for   73 solutions -- hashes active: 26
c [appmc] repeat solutions:      0 checked:     73 out of:     73
c [appmc] [    0.06 ] round:  2 hashes:     25
c [appmc] [    0.06 ] bounded_sol_count looking for   73 solutions -- hashes active: 25
c [appmc] repeat solutions:     64 checked:     73 out of:    137
c [appmc] simplifying
c [appmc] [    0.06 ] round:  3 hashes:     26
c [appmc] [    0.06 ] bounded_sol_count looking for   73 solutions -- hashes active: 26
c [appmc] repeat solutions:      0 checked:     73 out of:     73
c [appmc] [    0.07 ] round:  3 hashes:     25
c [appmc] [    0.07 ] bounded_sol_count looking for   73 solutions -- hashes active: 25
c [appmc] repeat solutions:     64 checked:     73 out of:    137
c [appmc] simplifying
c [appmc] [    0.07 ] round:  4 hashes:     26
c [appmc] [    0.07 ] bounded_sol_count looking for   73 solutions -- hashes active: 26
c [appmc] repeat solutions:      0 checked:     73 out of:     73
c [appmc] [    0.08 ] round:  4 hashes:     25
c [appmc] [    0.08 ] bounded_sol_count looking for   73 solutions -- hashes active: 25
c [appmc] repeat solutions:     64 checked:     73 out of:    137
c [appmc] simplifying
c [appmc] [    0.09 ] round:  5 hashes:     26
c [appmc] [    0.09 ] bounded_sol_count looking for   73 solutions -- hashes active: 26
c [appmc] repeat solutions:      0 checked:     73 out of:     73
c [appmc] [    0.09 ] round:  5 hashes:     25
c [appmc] [    0.09 ] bounded_sol_count looking for   73 solutions -- hashes active: 25
c [appmc] repeat solutions:     64 checked:     73 out of:    137
c [appmc] simplifying
c [appmc] [    0.09 ] round:  6 hashes:     26
c [appmc] [    0.09 ] bounded_sol_count looking for   73 solutions -- hashes active: 26
c [appmc] repeat solutions:      0 checked:     73 out of:     73
c [appmc] [    0.09 ] round:  6 hashes:     25
c [appmc] [    0.09 ] bounded_sol_count looking for   73 solutions -- hashes active: 25
c [appmc] repeat solutions:     64 checked:     73 out of:    137
c [appmc] simplifying
c [appmc] [    0.10 ] round:  7 hashes:     26
c [appmc] [    0.10 ] bounded_sol_count looking for   73 solutions -- hashes active: 26
c [appmc] repeat solutions:      0 checked:     73 out of:     73
c [appmc] [    0.10 ] round:  7 hashes:     25
c [appmc] [    0.10 ] bounded_sol_count looking for   73 solutions -- hashes active: 25
c [appmc] repeat solutions:     64 checked:     73 out of:    137
c [appmc] simplifying
c [appmc] [    0.11 ] round:  8 hashes:     26
c [appmc] [    0.11 ] bounded_sol_count looking for   73 solutions -- hashes active: 26
c [appmc] repeat solutions:      0 checked:     73 out of:     73
c [appmc] [    0.11 ] round:  8 hashes:     25
c [appmc] [    0.11 ] bounded_sol_count looking for   73 solutions -- hashes active: 25
c [appmc] repeat solutions:     64 checked:     73 out of:    137
c [appmc] ApproxMC T: 0.11 s
c ------- FINAL TOTAL SEARCH STATS ---------
c UIP search time          : 0.02        (10.26     % time)
c restarts                 : 1051        (0.97      confls per restart)
c blocked restarts         : 0           (0.00      per normal restart)
c time                     : 0.02        
c decisions                : 147424      (0.00      % random)
c propagations             : 202K        (12748K    props/s)
c decisions/conflicts      : 144.68      
c conflicts                : 1019        
c conf lits non-minim      : 41488       (40.71     lit/confl)
c conf lits final          : 30.80       
c red which0               : 0           (0.00      % of confl)
c props/decision           : 0.00        
c props/conflict           : 0.00        
c 0-depth assigns          : 44          (18.57     % vars)
c 0-depth assigns by CNF   : 44          (18.57     % vars)
c reduceDB time            : 0.00        (0.00      % time)
c OccSimplifier time       : 0.04        (25.02     % time)
c [occur] 0.00 is overhead
c [occur] link-in T: 0.00 cleanup T: 0.00
c [occ-substr] long subBySub: 153 subByStr: 261 lits-rem-str: 612 T: 0.03
c SCC time                 : 0.00        (0.00      % time)
c [scc] new: 76 BP 0M  T: 0.00
c vrep replace time        : 0.00        (0.00      % time)
c vrep tree roots          : 39          
c vrep trees' crown        : 76          (1.95      leafs/tree)
c distill long time        : 0.00        (0.00      % time)
c distill bin time         : 0.00        (0.00      % time)
c strength cache-irred time: 0.00        (0.00      % time)
c strength cache-red time  : 0.00        (0.00      % time)
c avg cls in red 0         : 0.00        
c avg cls in red 1         : 0.00        
c avg cls in red 2         : 94.53       
c Conflicts in UIP         : 1019        (6577.08   confl/time_this_thread)
c Max Memory (rss) used    : 9720 kB     
c Total time (this thread) : 0.15        
c [appmc+arjun] Total time: 0.15
c [appmc] Number of solutions is: 64*2**26
s SATISFIABLE
s mc 4294967296
** AMH **
c ApproxMC SHA revision efa1667e4e09b2d5f2c61042efe377ce3107fdd3
c ApproxMC version 4.0.1
c ApproxMC compilation env CMAKE_CXX_COMPILER = /usr/bin/c++ | CMAKE_CXX_FLAGS =  -Wall -Wextra -Wunused -Wsign-compare -fno-omit-frame-pointer -Wtype-limits -Wuninitialized -Wno-deprecated -Wstrict-aliasing -Wpointer-arith -fvisibility=hidden -Wpointer-arith -Wformat-nonliteral -Winit-self -Wparentheses -Wunreachable-code -g -fvisibility=hidden -Wlogical-op -Wrestrict -Wnull-dereference -Wdouble-promotion -Wshadow -Wformat=2 -Wextra-semi -pedantic | COMPILE_DEFINES =  -DBOOST_TEST_DYN_LINK | STATICCOMPILE = OFF | Boost_FOUND = TRUE | ZLIB_FOUND = TRUE | VALGRIND_FOUND =  | GMP_FOUND = TRUE | ENABLE_ASSERTIONS = ON | MY_TARGETS =  | compilation date time = Aug  8 2022 16:18:18
c ApproxMC compiled with gcc version 9.4.0
c CryptoMiniSat version 5.11.0
c CMS Copyright (C) 2009-2020 Authors of CryptoMiniSat, see AUTHORS file
c CMS SHA revision 716b89be078f98fb615cf30a1f663b4903c08d9d
c CMS is MIT licensed
c Using VMTF code by Armin Biere from CaDiCaL
c Using Yalsat by Armin Biere, see Balint et al. Improving implementation of SLS solvers [...], SAT'14
c Using WalkSAT by Henry Kautz, see Kautz and Selman Pushing the envelope: planning, propositional logic, and stochastic search, AAAI'96,
c Using code from 'When Boolean Satisfiability Meets Gauss-E. in a Simplex Way'
c       by C.-S. Han and J.-H. Roland Jiang in CAV 2012. Fixes by M. Soos
c Using CCAnr from 'CCAnr: A Conf. Checking Based Local Search Solver [...]'
c       by Shaowei Cai, Chuan Luo, and Kaile Su, SAT 2015
c CMS compilation env CMAKE_CXX_COMPILER = /usr/bin/c++ | CMAKE_CXX_FLAGS =  -fvisibility=hidden -Wall -Wextra -Wunused -Wsign-compare -fno-omit-frame-pointer -Wtype-limits -Wuninitialized -Wno-deprecated -Wstrict-aliasing -Wpointer-arith -Wpointer-arith -Wformat-nonliteral -Winit-self -Wparentheses -Wunreachable-code -g -Wno-class-memaccess -mpopcnt -msse4.2 -ggdb3 -Wlogical-op -Wrestrict -Wnull-dereference -Wdouble-promotion -Wshadow -Wformat=2 -Wextra-semi -pedantic | COMPILE_DEFINES =  -DRDB0_ONLY_FEATURES -DBOOST_TEST_DYN_LINK -DUSE_ZLIB -DYALSAT_FPU | STATICCOMPILE = OFF | ONLY_SIMPLE = OFF | Boost_FOUND = TRUE | STATS = OFF | SQLITE3_FOUND = FALSE | ZLIB_FOUND = TRUE | VALGRIND_FOUND =  | ENABLE_TESTING = OFF | M4RI_FOUND =  | NOM4RI = ON | SLOW_DEBUG = OFF | ENABLE_ASSERTIONS = ON | PYTHON_EXECUTABLE =  | PYTHON_LIBRARY =  | PYTHON_INCLUDE_DIRS =  | MY_TARGETS =  | LARGEMEM = OFF | LIMITMEM = OFF | BREAKID_LIBRARIES =  | BREAKID-VER = . | BOSPHORUS_LIBRARIES =  | BOSPH-VER = . | compilation date time = Aug  8 2022 16:16:45
c CMS compiled with gcc version 9.4.0
c executed with command line: approxmc -s 03 /experiments/results/count_up_down_true-unreach-call_true-termination.c/03/counterSharp/amh.dimacs
c Arjun SHA revision 416b100492d00bc51dbe98963e981906ddb47d83
c -- header says num vars:            642
c -- header says num clauses:        2048
c WARNING: Empty line at line number 2076 -- this is not part of the DIMACS specifications (http://www.satcompetition.org/2009/format-benchmarks2009.html). Ignoring.
c -- clauses added: 2048
c -- xor clauses added: 0
c -- vars added 642
c Original sampling vars: 13 14 15 16 17 18 19 20 21 22 23 24 25 26 27 28 29 30 31 32 33 34 35 36 37 38 39 40 41 42 43 44 
c [appmc] Orig sampling vars size: 32
c --> Executing OCC strategy token(s): 'occ-xor,'
c [occ] mem usage for occur      0 MB
c [occ] Linked in IRRED BIN by default: 867
c [occ] Linked in RED   BIN by default: 0
c [occ] mem usage for occur      0 MB
c Mem for watch alloc      : 0           MB (0.86      %)
c Mem for watch array      : 0           MB (0.51      %)
c --> Executing OCC strategy token: occ-xor
c [occ-xor] sort occur list T: 0.00
c [xor-clean-equiv] removed equivalent xors: 0 left with: 133
c [occ-xor] found    133 avg sz 3.0 min sz  3 max sz  3 T: 0.00 T-out: N T-r: 100.00%
c [occ] mem usage for occur      0 MB
c [occ] Linked in IRRED BIN by default: 867
c [occ] Linked in RED   BIN by default: 0
c [occ] mem usage for occur      0 MB
c Mem for watch alloc      : 0           MB (0.86      %)
c Mem for watch array      : 0           MB (0.51      %)
c [occ-gates] found:   142 avg-s: 2.0 T: 0.00 T-out: N T-r: 99.87%
c [occ] mem usage for occur      0 MB
c [occ] Linked in IRRED BIN by default: 867
c [occ] Linked in RED   BIN by default: 0
c [occ] mem usage for occur      0 MB
c Mem for watch alloc      : 0           MB (0.86      %)
c Mem for watch array      : 0           MB (0.51      %)
c [arjun-simp] GATE-based Potential was: 0 Non-zero OCCs were: 0 removed: 0 perc: 0.00 T: 0.00
c [occ] mem usage for occur      0 MB
c [occ] Linked in IRRED BIN by default: 867
c [occ] Linked in RED   BIN by default: 0
c [occ] mem usage for occur      0 MB
c Mem for watch alloc      : 0           MB (0.86      %)
c Mem for watch array      : 0           MB (0.51      %)
c [gate-definable] no-cls-match-filt: 0 pico ran: 32 unsat: 0 0-occ: 0 too-many-occ: 0 empty-res: 0
c [arjun-simp] IRREG-GATE-based removed: 0 perc: 0.00 T: 0.00
c [occ] mem usage for occur      0 MB
c [occ] Linked in IRRED BIN by default: 867
c [occ] Linked in RED   BIN by default: 0
c [occ] mem usage for occur      0 MB
c Mem for watch alloc      : 0           MB (0.86      %)
c Mem for watch array      : 0           MB (0.51      %)
c [cms-equiv-sub] equiv_subformula: 0 empty_occ: 0 T: 0.00
c [arjun-simp] equiv-subform removed: 0 perc: 0.00 total equiv_subform now: 0 T: 0.00
c [arjun-simp] CMS::simplify() with no BVE, intree probe...
c [arjun-simp] CMS::simplify() with no BVE finished. T: 0.00
c [arjun-simp] Removed eq lits: 0 new size: 32
c [arjun-simp] Removed set       : 0 new size: 32
c [arjun-simp] Removed set       : 0 new size: 32
c [arjun-simp] Removed eq lits: 0 new size: 32
c [arjun-simp] probe removed: 0 perc: 0.00 T: 0.00
c [occ] mem usage for occur      0 MB
c [occ] Linked in IRRED BIN by default: 873
c [occ] Linked in RED   BIN by default: 0
c [occ] mem usage for occur      0 MB
c Mem for watch alloc      : 0           MB (1.76      %)
c Mem for watch array      : 0           MB (0.48      %)
c [cms-equiv-sub] equiv_subformula: 0 empty_occ: 0 T: 0.00
c [arjun-simp] equiv-subform removed: 28 perc: 87.50 total equiv_subform now: 0 T: 0.00
c [arjun-simp] IRREG-GATE-based removed: 0 perc: 0.00 T: 0.00
c [arjun] simplification finished  removed: 28 perc: 87.50 T: 0.01
c [arjun] Duplicating CNF...
c [arjun] Duplicated CNF. T: 0.00
c [arjun] CMS::simplify() with *only* BVE...
c [arjun] CMS::simplify() with *only* BVE finished. T: 0.13
c [arjun] Adding fixed clauses time: 0.00
c [arjun] Start unknown size: 4
c [arjun] backward round finished T: 0.00
c [arjun] get_indep_set finished T: 0.14
c ind 581 580 579 609 0
c [arjun] final set size:            4 percent of original: 12.5000 %
c [arjun] of which empty occs:       0 percent of original: 0.0000 %
c [appmc] Sampling set size: 4
c [appmc] Sampling set: 579, 580, 581, 609, 
c [appmc] threshold set to 72 sparse: 0
c [appmc] Starting up, initial measurement
c [appmc] Checking if there are at least threshold+1 solutions...
c [appmc] simplifying
c [appmc] [    0.09 ] bounded_sol_count looking for   73 solutions -- hashes active: 0
c [appmc] repeat solutions:      0 checked:      0 out of:      0
c [appmc] Did not find at least threshold+1 (72) we found only 10, i.e. we got exact count
c [appmc] ApproxMC T: 0.10 s
c ------- FINAL TOTAL SEARCH STATS ---------
c UIP search time          : 0.00        (0.00      % time)
c restarts                 : 11          (0.82      confls per restart)
c blocked restarts         : 0           (0.00      per normal restart)
c time                     : 0.00        
c decisions                : 33          (0.00      % random)
c propagations             : 298         (0         props/s)
c decisions/conflicts      : 3.67        
c conflicts                : 9           
c conf lits non-minim      : 28          (3.11      lit/confl)
c conf lits final          : 2.89        
c red which0               : 5           (55.56     % of confl)
c props/decision           : 0.00        
c props/conflict           : 0.00        
c 0-depth assigns          : 16          (59.26     % vars)
c 0-depth assigns by CNF   : 15          (55.56     % vars)
c reduceDB time            : 0.00        (0.00      % time)
c OccSimplifier time       : 0.00        (0.64      % time)
c [occur] 0.00 is overhead
c [occur] link-in T: 0.00 cleanup T: 0.00
c [occ-substr] long subBySub: 75 subByStr: 354 lits-rem-str: 1051 T: 0.00
c SCC time                 : 0.00        (0.00      % time)
c [scc] new: 233 BP 0M  T: 0.00
c vrep replace time        : 0.00        (0.00      % time)
c vrep tree roots          : 14          
c vrep trees' crown        : 209         (14.93     leafs/tree)
c distill long time        : 0.00        (0.00      % time)
c distill bin time         : 0.00        (0.00      % time)
c strength cache-irred time: 0.00        (0.00      % time)
c strength cache-red time  : 0.00        (0.00      % time)
c avg cls in red 0         : 2.67        
c avg cls in red 1         : 36.78       
c avg cls in red 2         : 0.00        
c Conflicts in UIP         : 9           (36.32     confl/time_this_thread)
c Max Memory (rss) used    : 8096 kB     
c Total time (this thread) : 0.25        
c [appmc+arjun] Total time: 0.25
c [appmc] Number of solutions is: 10*2**0
s SATISFIABLE
s mc 10
** ASM **
c ApproxMC SHA revision efa1667e4e09b2d5f2c61042efe377ce3107fdd3
c ApproxMC version 4.0.1
c ApproxMC compilation env CMAKE_CXX_COMPILER = /usr/bin/c++ | CMAKE_CXX_FLAGS =  -Wall -Wextra -Wunused -Wsign-compare -fno-omit-frame-pointer -Wtype-limits -Wuninitialized -Wno-deprecated -Wstrict-aliasing -Wpointer-arith -fvisibility=hidden -Wpointer-arith -Wformat-nonliteral -Winit-self -Wparentheses -Wunreachable-code -g -fvisibility=hidden -Wlogical-op -Wrestrict -Wnull-dereference -Wdouble-promotion -Wshadow -Wformat=2 -Wextra-semi -pedantic | COMPILE_DEFINES =  -DBOOST_TEST_DYN_LINK | STATICCOMPILE = OFF | Boost_FOUND = TRUE | ZLIB_FOUND = TRUE | VALGRIND_FOUND =  | GMP_FOUND = TRUE | ENABLE_ASSERTIONS = ON | MY_TARGETS =  | compilation date time = Aug  8 2022 16:18:18
c ApproxMC compiled with gcc version 9.4.0
c CryptoMiniSat version 5.11.0
c CMS Copyright (C) 2009-2020 Authors of CryptoMiniSat, see AUTHORS file
c CMS SHA revision 716b89be078f98fb615cf30a1f663b4903c08d9d
c CMS is MIT licensed
c Using VMTF code by Armin Biere from CaDiCaL
c Using Yalsat by Armin Biere, see Balint et al. Improving implementation of SLS solvers [...], SAT'14
c Using WalkSAT by Henry Kautz, see Kautz and Selman Pushing the envelope: planning, propositional logic, and stochastic search, AAAI'96,
c Using code from 'When Boolean Satisfiability Meets Gauss-E. in a Simplex Way'
c       by C.-S. Han and J.-H. Roland Jiang in CAV 2012. Fixes by M. Soos
c Using CCAnr from 'CCAnr: A Conf. Checking Based Local Search Solver [...]'
c       by Shaowei Cai, Chuan Luo, and Kaile Su, SAT 2015
c CMS compilation env CMAKE_CXX_COMPILER = /usr/bin/c++ | CMAKE_CXX_FLAGS =  -fvisibility=hidden -Wall -Wextra -Wunused -Wsign-compare -fno-omit-frame-pointer -Wtype-limits -Wuninitialized -Wno-deprecated -Wstrict-aliasing -Wpointer-arith -Wpointer-arith -Wformat-nonliteral -Winit-self -Wparentheses -Wunreachable-code -g -Wno-class-memaccess -mpopcnt -msse4.2 -ggdb3 -Wlogical-op -Wrestrict -Wnull-dereference -Wdouble-promotion -Wshadow -Wformat=2 -Wextra-semi -pedantic | COMPILE_DEFINES =  -DRDB0_ONLY_FEATURES -DBOOST_TEST_DYN_LINK -DUSE_ZLIB -DYALSAT_FPU | STATICCOMPILE = OFF | ONLY_SIMPLE = OFF | Boost_FOUND = TRUE | STATS = OFF | SQLITE3_FOUND = FALSE | ZLIB_FOUND = TRUE | VALGRIND_FOUND =  | ENABLE_TESTING = OFF | M4RI_FOUND =  | NOM4RI = ON | SLOW_DEBUG = OFF | ENABLE_ASSERTIONS = ON | PYTHON_EXECUTABLE =  | PYTHON_LIBRARY =  | PYTHON_INCLUDE_DIRS =  | MY_TARGETS =  | LARGEMEM = OFF | LIMITMEM = OFF | BREAKID_LIBRARIES =  | BREAKID-VER = . | BOSPHORUS_LIBRARIES =  | BOSPH-VER = . | compilation date time = Aug  8 2022 16:16:45
c CMS compiled with gcc version 9.4.0
c executed with command line: approxmc -s 03 /experiments/results/count_up_down_true-unreach-call_true-termination.c/03/counterSharp/asm.dimacs
c Arjun SHA revision 416b100492d00bc51dbe98963e981906ddb47d83
c -- header says num vars:            644
c -- header says num clauses:        2054
c WARNING: Empty line at line number 2084 -- this is not part of the DIMACS specifications (http://www.satcompetition.org/2009/format-benchmarks2009.html). Ignoring.
c -- clauses added: 2054
c -- xor clauses added: 0
c -- vars added 644
c Original sampling vars: 13 14 15 16 17 18 19 20 21 22 23 24 25 26 27 28 29 30 31 32 33 34 35 36 37 38 39 40 41 42 43 44 
c [appmc] Orig sampling vars size: 32
c --> Executing OCC strategy token(s): 'occ-xor,'
c [occ] mem usage for occur      0 MB
c [occ] Linked in IRRED BIN by default: 831
c [occ] Linked in RED   BIN by default: 0
c [occ] mem usage for occur      0 MB
c Mem for watch alloc      : 0           MB (0.86      %)
c Mem for watch array      : 0           MB (0.51      %)
c --> Executing OCC strategy token: occ-xor
c [occ-xor] sort occur list T: 0.00
c [xor-clean-equiv] removed equivalent xors: 0 left with: 133
c [occ-xor] found    133 avg sz 3.0 min sz  3 max sz  3 T: 0.00 T-out: N T-r: 100.00%
c [occ] mem usage for occur      0 MB
c [occ] Linked in IRRED BIN by default: 831
c [occ] Linked in RED   BIN by default: 0
c [occ] mem usage for occur      0 MB
c Mem for watch alloc      : 0           MB (0.86      %)
c Mem for watch array      : 0           MB (0.51      %)
c [occ-gates] found:   142 avg-s: 2.0 T: 0.00 T-out: N T-r: 99.88%
c [occ] mem usage for occur      0 MB
c [occ] Linked in IRRED BIN by default: 831
c [occ] Linked in RED   BIN by default: 0
c [occ] mem usage for occur      0 MB
c Mem for watch alloc      : 0           MB (0.87      %)
c Mem for watch array      : 0           MB (0.51      %)
c [arjun-simp] GATE-based Potential was: 0 Non-zero OCCs were: 0 removed: 0 perc: 0.00 T: 0.00
c [occ] mem usage for occur      0 MB
c [occ] Linked in IRRED BIN by default: 831
c [occ] Linked in RED   BIN by default: 0
c [occ] mem usage for occur      0 MB
c Mem for watch alloc      : 0           MB (0.87      %)
c Mem for watch array      : 0           MB (0.51      %)
c [gate-definable] no-cls-match-filt: 0 pico ran: 32 unsat: 0 0-occ: 0 too-many-occ: 0 empty-res: 0
c [arjun-simp] IRREG-GATE-based removed: 0 perc: 0.00 T: 0.00
c [occ] mem usage for occur      0 MB
c [occ] Linked in IRRED BIN by default: 831
c [occ] Linked in RED   BIN by default: 0
c [occ] mem usage for occur      0 MB
c Mem for watch alloc      : 0           MB (0.87      %)
c Mem for watch array      : 0           MB (0.51      %)
c [cms-equiv-sub] equiv_subformula: 0 empty_occ: 0 T: 0.00
c [arjun-simp] equiv-subform removed: 0 perc: 0.00 total equiv_subform now: 0 T: 0.00
c [arjun-simp] CMS::simplify() with no BVE, intree probe...
c [arjun-simp] CMS::simplify() with no BVE finished. T: 0.00
c [arjun-simp] Removed eq lits: 0 new size: 32
c [arjun-simp] Removed set       : 0 new size: 32
c [arjun-simp] Removed set       : 0 new size: 32
c [arjun-simp] Removed eq lits: 0 new size: 32
c [arjun-simp] probe removed: 0 perc: 0.00 T: 0.00
c [occ] mem usage for occur      0 MB
c [occ] Linked in IRRED BIN by default: 839
c [occ] Linked in RED   BIN by default: 0
c [occ] mem usage for occur      0 MB
c Mem for watch alloc      : 0           MB (1.68      %)
c Mem for watch array      : 0           MB (0.43      %)
c [cms-equiv-sub] equiv_subformula: 0 empty_occ: 0 T: 0.00
c [arjun-simp] equiv-subform removed: 28 perc: 87.50 total equiv_subform now: 0 T: 0.00
c [arjun-simp] IRREG-GATE-based removed: 0 perc: 0.00 T: 0.00
c [arjun] simplification finished  removed: 28 perc: 87.50 T: 0.01
c [arjun] Duplicating CNF...
c [arjun] Duplicated CNF. T: 0.00
c [arjun] CMS::simplify() with *only* BVE...
c [arjun] CMS::simplify() with *only* BVE finished. T: 0.09
c [arjun] Adding fixed clauses time: 0.00
c [arjun] Start unknown size: 4
c [arjun] backward round finished T: 0.00
c [arjun] get_indep_set finished T: 0.10
c ind 583 582 581 0
c [arjun] final set size:            3 percent of original: 9.3750 %
c [arjun] of which empty occs:       0 percent of original: 0.0000 %
c [appmc] Sampling set size: 3
c [appmc] Sampling set: 581, 582, 583, 
c [appmc] threshold set to 72 sparse: 0
c [appmc] Starting up, initial measurement
c [appmc] Checking if there are at least threshold+1 solutions...
c [appmc] simplifying
c [appmc] [    0.05 ] bounded_sol_count looking for   73 solutions -- hashes active: 0
c [appmc] repeat solutions:      0 checked:      0 out of:      0
c [appmc] Did not find at least threshold+1 (72) we found only 5, i.e. we got exact count
c [appmc] ApproxMC T: 0.05 s
c ------- FINAL TOTAL SEARCH STATS ---------
c UIP search time          : 0.00        (0.00      % time)
c restarts                 : 6           (1.17      confls per restart)
c blocked restarts         : 0           (0.00      per normal restart)
c time                     : 0.00        
c decisions                : 17          (0.00      % random)
c propagations             : 947         (0         props/s)
c decisions/conflicts      : 2.43        
c conflicts                : 7           
c conf lits non-minim      : 21          (3.00      lit/confl)
c conf lits final          : 2.43        
c red which0               : 3           (42.86     % of confl)
c props/decision           : 0.00        
c props/conflict           : 0.00        
c 0-depth assigns          : 21          (13.64     % vars)
c 0-depth assigns by CNF   : 20          (12.99     % vars)
c reduceDB time            : 0.00        (0.00      % time)
c OccSimplifier time       : 0.00        (0.00      % time)
c [occur] 0.00 is overhead
c [occur] link-in T: 0.00 cleanup T: 0.00
c [occ-substr] long subBySub: 24 subByStr: 118 lits-rem-str: 384 T: 0.00
c SCC time                 : 0.00        (0.00      % time)
c [scc] new: 317 BP 0M  T: 0.00
c vrep replace time        : 0.00        (0.35      % time)
c vrep tree roots          : 11          
c vrep trees' crown        : 240         (21.82     leafs/tree)
c distill long time        : 0.00        (0.00      % time)
c distill bin time         : 0.00        (0.00      % time)
c strength cache-irred time: 0.00        (0.00      % time)
c strength cache-red time  : 0.00        (0.00      % time)
c avg cls in red 0         : 1.71        
c avg cls in red 1         : 215.00      
c avg cls in red 2         : 0.00        
c Conflicts in UIP         : 7           (44.49     confl/time_this_thread)
c Max Memory (rss) used    : 7996 kB     
c Total time (this thread) : 0.16        
c [appmc+arjun] Total time: 0.15
c [appmc] Number of solutions is: 5*2**0
s SATISFIABLE
s mc 5
** ASH **
c ApproxMC SHA revision efa1667e4e09b2d5f2c61042efe377ce3107fdd3
c ApproxMC version 4.0.1
c ApproxMC compilation env CMAKE_CXX_COMPILER = /usr/bin/c++ | CMAKE_CXX_FLAGS =  -Wall -Wextra -Wunused -Wsign-compare -fno-omit-frame-pointer -Wtype-limits -Wuninitialized -Wno-deprecated -Wstrict-aliasing -Wpointer-arith -fvisibility=hidden -Wpointer-arith -Wformat-nonliteral -Winit-self -Wparentheses -Wunreachable-code -g -fvisibility=hidden -Wlogical-op -Wrestrict -Wnull-dereference -Wdouble-promotion -Wshadow -Wformat=2 -Wextra-semi -pedantic | COMPILE_DEFINES =  -DBOOST_TEST_DYN_LINK | STATICCOMPILE = OFF | Boost_FOUND = TRUE | ZLIB_FOUND = TRUE | VALGRIND_FOUND =  | GMP_FOUND = TRUE | ENABLE_ASSERTIONS = ON | MY_TARGETS =  | compilation date time = Aug  8 2022 16:18:18
c ApproxMC compiled with gcc version 9.4.0
c CryptoMiniSat version 5.11.0
c CMS Copyright (C) 2009-2020 Authors of CryptoMiniSat, see AUTHORS file
c CMS SHA revision 716b89be078f98fb615cf30a1f663b4903c08d9d
c CMS is MIT licensed
c Using VMTF code by Armin Biere from CaDiCaL
c Using Yalsat by Armin Biere, see Balint et al. Improving implementation of SLS solvers [...], SAT'14
c Using WalkSAT by Henry Kautz, see Kautz and Selman Pushing the envelope: planning, propositional logic, and stochastic search, AAAI'96,
c Using code from 'When Boolean Satisfiability Meets Gauss-E. in a Simplex Way'
c       by C.-S. Han and J.-H. Roland Jiang in CAV 2012. Fixes by M. Soos
c Using CCAnr from 'CCAnr: A Conf. Checking Based Local Search Solver [...]'
c       by Shaowei Cai, Chuan Luo, and Kaile Su, SAT 2015
c CMS compilation env CMAKE_CXX_COMPILER = /usr/bin/c++ | CMAKE_CXX_FLAGS =  -fvisibility=hidden -Wall -Wextra -Wunused -Wsign-compare -fno-omit-frame-pointer -Wtype-limits -Wuninitialized -Wno-deprecated -Wstrict-aliasing -Wpointer-arith -Wpointer-arith -Wformat-nonliteral -Winit-self -Wparentheses -Wunreachable-code -g -Wno-class-memaccess -mpopcnt -msse4.2 -ggdb3 -Wlogical-op -Wrestrict -Wnull-dereference -Wdouble-promotion -Wshadow -Wformat=2 -Wextra-semi -pedantic | COMPILE_DEFINES =  -DRDB0_ONLY_FEATURES -DBOOST_TEST_DYN_LINK -DUSE_ZLIB -DYALSAT_FPU | STATICCOMPILE = OFF | ONLY_SIMPLE = OFF | Boost_FOUND = TRUE | STATS = OFF | SQLITE3_FOUND = FALSE | ZLIB_FOUND = TRUE | VALGRIND_FOUND =  | ENABLE_TESTING = OFF | M4RI_FOUND =  | NOM4RI = ON | SLOW_DEBUG = OFF | ENABLE_ASSERTIONS = ON | PYTHON_EXECUTABLE =  | PYTHON_LIBRARY =  | PYTHON_INCLUDE_DIRS =  | MY_TARGETS =  | LARGEMEM = OFF | LIMITMEM = OFF | BREAKID_LIBRARIES =  | BREAKID-VER = . | BOSPHORUS_LIBRARIES =  | BOSPH-VER = . | compilation date time = Aug  8 2022 16:16:45
c CMS compiled with gcc version 9.4.0
c executed with command line: approxmc -s 03 /experiments/results/count_up_down_true-unreach-call_true-termination.c/03/counterSharp/ash.dimacs
c Arjun SHA revision 416b100492d00bc51dbe98963e981906ddb47d83
c -- header says num vars:            644
c -- header says num clauses:        2054
c WARNING: Empty line at line number 2084 -- this is not part of the DIMACS specifications (http://www.satcompetition.org/2009/format-benchmarks2009.html). Ignoring.
c -- clauses added: 2054
c -- xor clauses added: 0
c -- vars added 644
c Original sampling vars: 13 14 15 16 17 18 19 20 21 22 23 24 25 26 27 28 29 30 31 32 33 34 35 36 37 38 39 40 41 42 43 44 
c [appmc] Orig sampling vars size: 32
c --> Executing OCC strategy token(s): 'occ-xor,'
c [occ] mem usage for occur      0 MB
c [occ] Linked in IRRED BIN by default: 688
c [occ] Linked in RED   BIN by default: 0
c [occ] mem usage for occur      0 MB
c Mem for watch alloc      : 0           MB (0.86      %)
c Mem for watch array      : 0           MB (0.52      %)
c --> Executing OCC strategy token: occ-xor
c [occ-xor] sort occur list T: 0.00
c [xor-clean-equiv] removed equivalent xors: 0 left with: 100
c [occ-xor] found    100 avg sz 3.0 min sz  3 max sz  3 T: 0.00 T-out: N T-r: 100.00%
c [occ] mem usage for occur      0 MB
c [occ] Linked in IRRED BIN by default: 688
c [occ] Linked in RED   BIN by default: 0
c [occ] mem usage for occur      0 MB
c Mem for watch alloc      : 0           MB (0.86      %)
c Mem for watch array      : 0           MB (0.52      %)
c [occ-gates] found:   115 avg-s: 2.0 T: 0.00 T-out: N T-r: 99.91%
c [occ] mem usage for occur      0 MB
c [occ] Linked in IRRED BIN by default: 688
c [occ] Linked in RED   BIN by default: 0
c [occ] mem usage for occur      0 MB
c Mem for watch alloc      : 0           MB (0.86      %)
c Mem for watch array      : 0           MB (0.52      %)
c [arjun-simp] GATE-based Potential was: 0 Non-zero OCCs were: 0 removed: 0 perc: 0.00 T: 0.00
c [occ] mem usage for occur      0 MB
c [occ] Linked in IRRED BIN by default: 688
c [occ] Linked in RED   BIN by default: 0
c [occ] mem usage for occur      0 MB
c Mem for watch alloc      : 0           MB (0.86      %)
c Mem for watch array      : 0           MB (0.52      %)
c [gate-definable] no-cls-match-filt: 0 pico ran: 3 unsat: 0 0-occ: 0 too-many-occ: 0 empty-res: 0
c [arjun-simp] IRREG-GATE-based removed: 29 perc: 90.62 T: 0.00
c [occ] mem usage for occur      0 MB
c [occ] Linked in IRRED BIN by default: 688
c [occ] Linked in RED   BIN by default: 0
c [occ] mem usage for occur      0 MB
c Mem for watch alloc      : 0           MB (0.86      %)
c Mem for watch array      : 0           MB (0.52      %)
c [cms-equiv-sub] equiv_subformula: 0 empty_occ: 0 T: 0.00
c [arjun-simp] equiv-subform removed: 0 perc: 0.00 total equiv_subform now: 0 T: 0.00
c [arjun-simp] CMS::simplify() with no BVE, intree probe...
c [arjun-simp] CMS::simplify() with no BVE finished. T: 0.00
c [arjun-simp] Removed eq lits: 0 new size: 3
c [arjun-simp] Removed set       : 0 new size: 3
c [arjun-simp] Removed set       : 0 new size: 3
c [arjun-simp] Removed eq lits: 0 new size: 3
c [arjun-simp] probe removed: 0 perc: 0.00 T: 0.00
c [occ] mem usage for occur      0 MB
c [occ] Linked in IRRED BIN by default: 519
c [occ] Linked in RED   BIN by default: 0
c [occ] mem usage for occur      0 MB
c Mem for watch alloc      : 0           MB (1.19      %)
c Mem for watch array      : 0           MB (0.49      %)
c [cms-equiv-sub] equiv_subformula: 0 empty_occ: 0 T: 0.00
c [arjun-simp] equiv-subform removed: 0 perc: 0.00 total equiv_subform now: 0 T: 0.00
c [arjun-simp] IRREG-GATE-based removed: 0 perc: 0.00 T: 0.00
c [arjun] simplification finished  removed: 29 perc: 90.62 T: 0.01
c [arjun] Duplicating CNF...
c [arjun] Duplicated CNF. T: 0.00
c [arjun] CMS::simplify() with *only* BVE...
c [arjun] CMS::simplify() with *only* BVE finished. T: 0.08
c [arjun] Adding fixed clauses time: 0.00
c [arjun] Start unknown size: 3
c [arjun] backward round finished T: 0.00
c [arjun] get_indep_set finished T: 0.09
c ind 540 539 538 0
c [arjun] final set size:            3 percent of original: 9.3750 %
c [arjun] of which empty occs:       0 percent of original: 0.0000 %
c [appmc] Sampling set size: 3
c [appmc] Sampling set: 538, 539, 540, 
c [appmc] threshold set to 72 sparse: 0
c [appmc] Starting up, initial measurement
c [appmc] Checking if there are at least threshold+1 solutions...
c [appmc] simplifying
c [appmc] [    0.10 ] bounded_sol_count looking for   73 solutions -- hashes active: 0
c [appmc] repeat solutions:      0 checked:      0 out of:      0
c [appmc] Did not find at least threshold+1 (72) we found only 5, i.e. we got exact count
c [appmc] ApproxMC T: 0.10 s
c ------- FINAL TOTAL SEARCH STATS ---------
c UIP search time          : 0.00        (0.00      % time)
c restarts                 : 6           (0.67      confls per restart)
c blocked restarts         : 0           (0.00      per normal restart)
c time                     : 0.00        
c decisions                : 14          (0.00      % random)
c propagations             : 110         (0         props/s)
c decisions/conflicts      : 3.50        
c conflicts                : 4           
c conf lits non-minim      : 10          (2.50      lit/confl)
c conf lits final          : 2.50        
c red which0               : 1           (25.00     % of confl)
c props/decision           : 0.00        
c props/conflict           : 0.00        
c 0-depth assigns          : 172         (955.56    % vars)
c 0-depth assigns by CNF   : 171         (950.00    % vars)
c reduceDB time            : 0.00        (0.00      % time)
c OccSimplifier time       : 0.00        (0.86      % time)
c [occur] 0.00 is overhead
c [occur] link-in T: 0.00 cleanup T: 0.00
c [occ-substr] long subBySub: 13 subByStr: 239 lits-rem-str: 687 T: 0.00
c SCC time                 : 0.00        (0.00      % time)
c [scc] new: 163 BP 0M  T: 0.00
c vrep replace time        : 0.00        (0.00      % time)
c vrep tree roots          : 13          
c vrep trees' crown        : 163         (12.54     leafs/tree)
c distill long time        : 0.00        (0.00      % time)
c distill bin time         : 0.00        (0.00      % time)
c strength cache-irred time: 0.00        (0.00      % time)
c strength cache-red time  : 0.00        (0.00      % time)
c avg cls in red 0         : 0.50        
c avg cls in red 1         : 38.75       
c avg cls in red 2         : 0.00        
c Conflicts in UIP         : 4           (21.11     confl/time_this_thread)
c Max Memory (rss) used    : 7632 kB     
c Total time (this thread) : 0.19        
c [appmc+arjun] Total time: 0.19
c [appmc] Number of solutions is: 5*2**0
s SATISFIABLE
s mc 5
