** CON **
[runlim] version:		1.10
[runlim] time limit:		311040000 seconds
[runlim] real time limit:	300 seconds
[runlim] space limit:		2048 MB
[runlim] argv[0]:		approxmc
[runlim] argv[1]:		-s
[runlim] argv[2]:		02
[runlim] argv[3]:		/experiments/results/nondet.c/02/counterSharp/con.dimacs
[runlim] start:			Mon Aug  8 17:38:17 2022
[runlim] main pid:		896
ERROR! Could not open file '/experiments/results/nondet.c/02/counterSharp/con.dimacs' for reading: No such file or directory
[runlim] end:			Mon Aug  8 17:38:17 2022
[runlim] status:		ok
[runlim] result:		0
[runlim] children:		0
[runlim] real:			0.21 seconds
[runlim] time:			0.00 seconds
[runlim] space:			0.0 MB
[runlim] samples:		0
** AMM **
[runlim] version:		1.10
[runlim] time limit:		311040000 seconds
[runlim] real time limit:	300 seconds
[runlim] space limit:		2048 MB
[runlim] argv[0]:		approxmc
[runlim] argv[1]:		-s
[runlim] argv[2]:		02
[runlim] argv[3]:		/experiments/results/nondet.c/02/counterSharp/amm.dimacs
[runlim] start:			Mon Aug  8 17:38:17 2022
[runlim] main pid:		898
ERROR! Could not open file '/experiments/results/nondet.c/02/counterSharp/amm.dimacs' for reading: No such file or directory
[runlim] end:			Mon Aug  8 17:38:17 2022
[runlim] status:		ok
[runlim] result:		0
[runlim] children:		0
[runlim] real:			0.22 seconds
[runlim] time:			0.00 seconds
[runlim] space:			0.0 MB
[runlim] samples:		0
** AMH **
[runlim] version:		1.10
[runlim] time limit:		311040000 seconds
[runlim] real time limit:	300 seconds
[runlim] space limit:		2048 MB
[runlim] argv[0]:		approxmc
[runlim] argv[1]:		-s
[runlim] argv[2]:		02
[runlim] argv[3]:		/experiments/results/nondet.c/02/counterSharp/amh.dimacs
[runlim] start:			Mon Aug  8 17:38:17 2022
[runlim] main pid:		900
[runlim] end:			Mon Aug  8 17:38:17 2022
[runlim] status:		ok
[runlim] result:		0
[runlim] children:		0
[runlim] real:			0.48 seconds
[runlim] time:			0.19 seconds
[runlim] space:			10.5 MB
[runlim] samples:		2
** ASM **
[runlim] version:		1.10
[runlim] time limit:		311040000 seconds
[runlim] real time limit:	300 seconds
[runlim] space limit:		2048 MB
[runlim] argv[0]:		approxmc
[runlim] argv[1]:		-s
[runlim] argv[2]:		02
[runlim] argv[3]:		/experiments/results/nondet.c/02/counterSharp/asm.dimacs
[runlim] start:			Mon Aug  8 17:38:17 2022
[runlim] main pid:		902
[runlim] end:			Mon Aug  8 17:38:19 2022
[runlim] status:		ok
[runlim] result:		0
[runlim] children:		0
[runlim] real:			2.58 seconds
[runlim] time:			2.09 seconds
[runlim] space:			12.1 MB
[runlim] samples:		21
** ASH **
[runlim] version:		1.10
[runlim] time limit:		311040000 seconds
[runlim] real time limit:	300 seconds
[runlim] space limit:		2048 MB
[runlim] argv[0]:		approxmc
[runlim] argv[1]:		-s
[runlim] argv[2]:		02
[runlim] argv[3]:		/experiments/results/nondet.c/02/counterSharp/ash.dimacs
[runlim] start:			Mon Aug  8 17:38:19 2022
[runlim] main pid:		904
[runlim] end:			Mon Aug  8 17:38:21 2022
[runlim] status:		ok
[runlim] result:		0
[runlim] children:		0
[runlim] real:			2.95 seconds
[runlim] time:			2.29 seconds
[runlim] space:			12.5 MB
[runlim] samples:		23
