** CON **
[runlim] version:		1.10
[runlim] time limit:		311040000 seconds
[runlim] real time limit:	300 seconds
[runlim] space limit:		2048 MB
[runlim] argv[0]:		approxmc
[runlim] argv[1]:		-s
[runlim] argv[2]:		02
[runlim] argv[3]:		/experiments/results/Waldkirch-2.c/02/counterSharp/con.dimacs
[runlim] start:			Mon Aug  8 23:05:35 2022
[runlim] main pid:		4647
[runlim] end:			Mon Aug  8 23:05:38 2022
[runlim] status:		ok
[runlim] result:		0
[runlim] children:		0
[runlim] real:			3.76 seconds
[runlim] time:			2.76 seconds
[runlim] space:			52.3 MB
[runlim] samples:		29
** AMM **
[runlim] version:		1.10
[runlim] time limit:		311040000 seconds
[runlim] real time limit:	300 seconds
[runlim] space limit:		2048 MB
[runlim] argv[0]:		approxmc
[runlim] argv[1]:		-s
[runlim] argv[2]:		02
[runlim] argv[3]:		/experiments/results/Waldkirch-2.c/02/counterSharp/amm.dimacs
[runlim] start:			Mon Aug  8 23:05:38 2022
[runlim] main pid:		4649
[runlim] sample:		9.9 time, 10.8 real, 131.0 MB
[runlim] sample:		19.9 time, 20.8 real, 144.1 MB
[runlim] sample:		29.9 time, 30.8 real, 144.4 MB
[runlim] sample:		39.9 time, 40.8 real, 136.8 MB
[runlim] sample:		49.9 time, 50.8 real, 138.0 MB
[runlim] sample:		59.9 time, 60.8 real, 139.1 MB
[runlim] sample:		69.9 time, 70.8 real, 139.4 MB
[runlim] end:			Mon Aug  8 23:06:57 2022
[runlim] status:		ok
[runlim] result:		0
[runlim] children:		0
[runlim] real:			79.05 seconds
[runlim] time:			78.10 seconds
[runlim] space:			192.6 MB
[runlim] samples:		782
** AMH **
[runlim] version:		1.10
[runlim] time limit:		311040000 seconds
[runlim] real time limit:	300 seconds
[runlim] space limit:		2048 MB
[runlim] argv[0]:		approxmc
[runlim] argv[1]:		-s
[runlim] argv[2]:		02
[runlim] argv[3]:		/experiments/results/Waldkirch-2.c/02/counterSharp/amh.dimacs
[runlim] start:			Mon Aug  8 23:06:57 2022
[runlim] main pid:		4651
[runlim] sample:		9.8 time, 10.1 real, 144.9 MB
[runlim] sample:		19.8 time, 20.1 real, 160.1 MB
[runlim] sample:		29.8 time, 30.1 real, 174.4 MB
[runlim] sample:		39.8 time, 40.1 real, 151.9 MB
[runlim] sample:		49.8 time, 50.1 real, 154.5 MB
[runlim] sample:		59.8 time, 60.1 real, 155.3 MB
[runlim] sample:		69.8 time, 70.1 real, 155.3 MB
[runlim] sample:		79.8 time, 80.1 real, 155.3 MB
[runlim] end:			Mon Aug  8 23:08:20 2022
[runlim] status:		ok
[runlim] result:		0
[runlim] children:		0
[runlim] real:			83.33 seconds
[runlim] time:			82.99 seconds
[runlim] space:			211.0 MB
[runlim] samples:		832
** ASM **
[runlim] version:		1.10
[runlim] time limit:		311040000 seconds
[runlim] real time limit:	300 seconds
[runlim] space limit:		2048 MB
[runlim] argv[0]:		approxmc
[runlim] argv[1]:		-s
[runlim] argv[2]:		02
[runlim] argv[3]:		/experiments/results/Waldkirch-2.c/02/counterSharp/asm.dimacs
[runlim] start:			Mon Aug  8 23:08:20 2022
[runlim] main pid:		4653
[runlim] sample:		9.9 time, 10.3 real, 142.7 MB
[runlim] sample:		19.9 time, 20.3 real, 157.9 MB
[runlim] sample:		29.9 time, 30.3 real, 152.5 MB
[runlim] sample:		39.9 time, 40.3 real, 144.3 MB
[runlim] sample:		49.9 time, 50.3 real, 144.3 MB
[runlim] sample:		59.9 time, 60.3 real, 144.5 MB
[runlim] sample:		69.9 time, 70.3 real, 144.7 MB
[runlim] sample:		79.9 time, 80.3 real, 145.0 MB
[runlim] sample:		89.9 time, 90.3 real, 145.0 MB
[runlim] end:			Mon Aug  8 23:09:51 2022
[runlim] status:		ok
[runlim] result:		0
[runlim] children:		0
[runlim] real:			91.19 seconds
[runlim] time:			90.71 seconds
[runlim] space:			209.1 MB
[runlim] samples:		908
** ASH **
[runlim] version:		1.10
[runlim] time limit:		311040000 seconds
[runlim] real time limit:	300 seconds
[runlim] space limit:		2048 MB
[runlim] argv[0]:		approxmc
[runlim] argv[1]:		-s
[runlim] argv[2]:		02
[runlim] argv[3]:		/experiments/results/Waldkirch-2.c/02/counterSharp/ash.dimacs
[runlim] start:			Mon Aug  8 23:09:51 2022
[runlim] main pid:		4655
[runlim] sample:		9.9 time, 10.2 real, 142.1 MB
[runlim] sample:		19.9 time, 20.2 real, 158.2 MB
[runlim] sample:		29.9 time, 30.2 real, 154.0 MB
[runlim] sample:		39.9 time, 40.2 real, 143.3 MB
[runlim] sample:		49.9 time, 50.2 real, 143.3 MB
[runlim] sample:		59.9 time, 60.2 real, 143.3 MB
[runlim] sample:		69.9 time, 70.2 real, 143.3 MB
[runlim] end:			Mon Aug  8 23:11:09 2022
[runlim] status:		ok
[runlim] result:		0
[runlim] children:		0
[runlim] real:			78.31 seconds
[runlim] time:			77.96 seconds
[runlim] space:			209.5 MB
[runlim] samples:		781
