** CON **
[runlim] version:		1.10
[runlim] time limit:		311040000 seconds
[runlim] real time limit:	300 seconds
[runlim] space limit:		2048 MB
[runlim] argv[0]:		approxmc
[runlim] argv[1]:		--sparse
[runlim] argv[2]:		1
[runlim] argv[3]:		-s
[runlim] argv[4]:		02
[runlim] argv[5]:		/experiments/results/bwd_loop7-2.c/02/counterSharp/con.dimacs
[runlim] start:			Fri Oct 30 12:58:29 2020
[runlim] main pid:		2209
ERROR! Could not open file '/experiments/results/bwd_loop7-2.c/02/counterSharp/con.dimacs' for reading: No such file or directory
[runlim] end:			Fri Oct 30 12:58:29 2020
[runlim] status:		ok
[runlim] result:		0
[runlim] children:		0
[runlim] real:			0.04 seconds
[runlim] time:			0.00 seconds
[runlim] space:			0.0 MB
[runlim] samples:		0
** AMM **
[runlim] version:		1.10
[runlim] time limit:		311040000 seconds
[runlim] real time limit:	300 seconds
[runlim] space limit:		2048 MB
[runlim] argv[0]:		approxmc
[runlim] argv[1]:		--sparse
[runlim] argv[2]:		1
[runlim] argv[3]:		-s
[runlim] argv[4]:		02
[runlim] argv[5]:		/experiments/results/bwd_loop7-2.c/02/counterSharp/amm.dimacs
[runlim] start:			Fri Oct 30 12:58:29 2020
[runlim] main pid:		2211
[runlim] end:			Fri Oct 30 12:58:30 2020
[runlim] status:		ok
[runlim] result:		0
[runlim] children:		0
[runlim] real:			1.91 seconds
[runlim] time:			1.79 seconds
[runlim] space:			50.0 MB
[runlim] samples:		18
** AMH **
[runlim] version:		1.10
[runlim] time limit:		311040000 seconds
[runlim] real time limit:	300 seconds
[runlim] space limit:		2048 MB
[runlim] argv[0]:		approxmc
[runlim] argv[1]:		--sparse
[runlim] argv[2]:		1
[runlim] argv[3]:		-s
[runlim] argv[4]:		02
[runlim] argv[5]:		/experiments/results/bwd_loop7-2.c/02/counterSharp/amh.dimacs
[runlim] start:			Fri Oct 30 12:58:30 2020
[runlim] main pid:		2213
[runlim] end:			Fri Oct 30 12:58:32 2020
[runlim] status:		ok
[runlim] result:		0
[runlim] children:		0
[runlim] real:			2.24 seconds
[runlim] time:			1.28 seconds
[runlim] space:			36.7 MB
[runlim] samples:		13
** ASM **
[runlim] version:		1.10
[runlim] time limit:		311040000 seconds
[runlim] real time limit:	300 seconds
[runlim] space limit:		2048 MB
[runlim] argv[0]:		approxmc
[runlim] argv[1]:		--sparse
[runlim] argv[2]:		1
[runlim] argv[3]:		-s
[runlim] argv[4]:		02
[runlim] argv[5]:		/experiments/results/bwd_loop7-2.c/02/counterSharp/asm.dimacs
[runlim] start:			Fri Oct 30 12:58:32 2020
[runlim] main pid:		2215
[runlim] end:			Fri Oct 30 12:58:35 2020
[runlim] status:		ok
[runlim] result:		0
[runlim] children:		0
[runlim] real:			3.66 seconds
[runlim] time:			3.37 seconds
[runlim] space:			35.3 MB
[runlim] samples:		34
** ASH **
[runlim] version:		1.10
[runlim] time limit:		311040000 seconds
[runlim] real time limit:	300 seconds
[runlim] space limit:		2048 MB
[runlim] argv[0]:		approxmc
[runlim] argv[1]:		--sparse
[runlim] argv[2]:		1
[runlim] argv[3]:		-s
[runlim] argv[4]:		02
[runlim] argv[5]:		/experiments/results/bwd_loop7-2.c/02/counterSharp/ash.dimacs
[runlim] start:			Fri Oct 30 12:58:35 2020
[runlim] main pid:		2217
[runlim] end:			Fri Oct 30 12:58:37 2020
[runlim] status:		ok
[runlim] result:		0
[runlim] children:		0
[runlim] real:			2.53 seconds
[runlim] time:			1.79 seconds
[runlim] space:			30.9 MB
[runlim] samples:		18
