** CON **
[runlim] version:		1.10
[runlim] time limit:		311040000 seconds
[runlim] real time limit:	300 seconds
[runlim] space limit:		2048 MB
[runlim] argv[0]:		approxmc
[runlim] argv[1]:		-s
[runlim] argv[2]:		01
[runlim] argv[3]:		/experiments/results/nondet.c/01/counterSharp/con.dimacs
[runlim] start:			Mon Aug  8 17:38:12 2022
[runlim] main pid:		873
ERROR! Could not open file '/experiments/results/nondet.c/01/counterSharp/con.dimacs' for reading: No such file or directory
[runlim] end:			Mon Aug  8 17:38:12 2022
[runlim] status:		ok
[runlim] result:		0
[runlim] children:		0
[runlim] real:			0.46 seconds
[runlim] time:			0.00 seconds
[runlim] space:			0.0 MB
[runlim] samples:		0
** AMM **
[runlim] version:		1.10
[runlim] time limit:		311040000 seconds
[runlim] real time limit:	300 seconds
[runlim] space limit:		2048 MB
[runlim] argv[0]:		approxmc
[runlim] argv[1]:		-s
[runlim] argv[2]:		01
[runlim] argv[3]:		/experiments/results/nondet.c/01/counterSharp/amm.dimacs
[runlim] start:			Mon Aug  8 17:38:12 2022
[runlim] main pid:		875
ERROR! Could not open file '/experiments/results/nondet.c/01/counterSharp/amm.dimacs' for reading: No such file or directory
[runlim] end:			Mon Aug  8 17:38:12 2022
[runlim] status:		ok
[runlim] result:		0
[runlim] children:		0
[runlim] real:			0.47 seconds
[runlim] time:			0.00 seconds
[runlim] space:			0.0 MB
[runlim] samples:		0
** AMH **
[runlim] version:		1.10
[runlim] time limit:		311040000 seconds
[runlim] real time limit:	300 seconds
[runlim] space limit:		2048 MB
[runlim] argv[0]:		approxmc
[runlim] argv[1]:		-s
[runlim] argv[2]:		01
[runlim] argv[3]:		/experiments/results/nondet.c/01/counterSharp/amh.dimacs
[runlim] start:			Mon Aug  8 17:38:12 2022
[runlim] main pid:		877
[runlim] end:			Mon Aug  8 17:38:12 2022
[runlim] status:		ok
[runlim] result:		0
[runlim] children:		0
[runlim] real:			0.75 seconds
[runlim] time:			0.19 seconds
[runlim] space:			10.0 MB
[runlim] samples:		2
** ASM **
[runlim] version:		1.10
[runlim] time limit:		311040000 seconds
[runlim] real time limit:	300 seconds
[runlim] space limit:		2048 MB
[runlim] argv[0]:		approxmc
[runlim] argv[1]:		-s
[runlim] argv[2]:		01
[runlim] argv[3]:		/experiments/results/nondet.c/01/counterSharp/asm.dimacs
[runlim] start:			Mon Aug  8 17:38:12 2022
[runlim] main pid:		879
[runlim] end:			Mon Aug  8 17:38:14 2022
[runlim] status:		ok
[runlim] result:		0
[runlim] children:		0
[runlim] real:			2.93 seconds
[runlim] time:			2.09 seconds
[runlim] space:			12.1 MB
[runlim] samples:		21
** ASH **
[runlim] version:		1.10
[runlim] time limit:		311040000 seconds
[runlim] real time limit:	300 seconds
[runlim] space limit:		2048 MB
[runlim] argv[0]:		approxmc
[runlim] argv[1]:		-s
[runlim] argv[2]:		01
[runlim] argv[3]:		/experiments/results/nondet.c/01/counterSharp/ash.dimacs
[runlim] start:			Mon Aug  8 17:38:14 2022
[runlim] main pid:		881
[runlim] end:			Mon Aug  8 17:38:17 2022
[runlim] status:		ok
[runlim] result:		0
[runlim] children:		0
[runlim] real:			3.18 seconds
[runlim] time:			2.19 seconds
[runlim] space:			11.3 MB
[runlim] samples:		22
