** CON **
[runlim] version:		1.10
[runlim] time limit:		311040000 seconds
[runlim] real time limit:	300 seconds
[runlim] space limit:		2048 MB
[runlim] argv[0]:		ganak
[runlim] argv[1]:		-t
[runlim] argv[2]:		300
[runlim] argv[3]:		-cs
[runlim] argv[4]:		1024
[runlim] argv[5]:		-seed
[runlim] argv[6]:		01
[runlim] argv[7]:		/experiments/results/gsv2008-2.c/01/counterSharp/con.dimacs
[runlim] start:			Mon Apr  5 17:53:25 2021
[runlim] main pid:		392
[runlim] sample:		10.0 time, 10.3 real, 14.9 MB
[runlim] sample:		20.0 time, 20.3 real, 14.9 MB
[runlim] sample:		30.0 time, 30.3 real, 14.9 MB
[runlim] sample:		40.0 time, 40.3 real, 14.9 MB
[runlim] sample:		50.0 time, 50.3 real, 14.9 MB
[runlim] sample:		60.0 time, 60.3 real, 14.9 MB
[runlim] sample:		70.0 time, 70.3 real, 14.9 MB
[runlim] sample:		80.0 time, 80.3 real, 14.9 MB
[runlim] sample:		90.0 time, 90.3 real, 14.9 MB
[runlim] end:			Mon Apr  5 17:55:01 2021
[runlim] status:		ok
[runlim] result:		0
[runlim] children:		0
[runlim] real:			96.52 seconds
[runlim] time:			96.09 seconds
[runlim] space:			26.5 MB
[runlim] samples:		961
** AMM **
[runlim] version:		1.10
[runlim] time limit:		311040000 seconds
[runlim] real time limit:	300 seconds
[runlim] space limit:		2048 MB
[runlim] argv[0]:		ganak
[runlim] argv[1]:		-t
[runlim] argv[2]:		300
[runlim] argv[3]:		-cs
[runlim] argv[4]:		1024
[runlim] argv[5]:		-seed
[runlim] argv[6]:		01
[runlim] argv[7]:		/experiments/results/gsv2008-2.c/01/counterSharp/amm.dimacs
[runlim] start:			Mon Apr  5 17:55:01 2021
[runlim] main pid:		394
[runlim] sample:		10.0 time, 10.5 real, 36.1 MB
[runlim] sample:		20.0 time, 20.5 real, 36.4 MB
[runlim] sample:		30.0 time, 30.5 real, 36.6 MB
[runlim] sample:		40.0 time, 40.5 real, 36.6 MB
[runlim] sample:		50.0 time, 50.5 real, 37.2 MB
[runlim] sample:		60.0 time, 60.5 real, 39.2 MB
[runlim] sample:		70.0 time, 70.5 real, 39.2 MB
[runlim] sample:		80.0 time, 80.5 real, 39.2 MB
[runlim] sample:		90.0 time, 90.5 real, 39.2 MB
[runlim] sample:		100.0 time, 100.5 real, 39.2 MB
[runlim] sample:		110.0 time, 110.5 real, 39.2 MB
[runlim] sample:		120.0 time, 120.5 real, 39.2 MB
[runlim] sample:		130.0 time, 130.5 real, 39.2 MB
[runlim] sample:		140.0 time, 140.5 real, 39.2 MB
[runlim] sample:		150.0 time, 150.5 real, 39.2 MB
[runlim] sample:		160.0 time, 160.5 real, 39.2 MB
[runlim] sample:		170.0 time, 170.5 real, 39.7 MB
[runlim] sample:		180.0 time, 180.5 real, 40.8 MB
[runlim] sample:		190.0 time, 190.5 real, 42.4 MB
[runlim] sample:		200.0 time, 200.5 real, 42.9 MB
[runlim] sample:		210.0 time, 210.5 real, 43.7 MB
[runlim] sample:		220.0 time, 220.5 real, 45.8 MB
[runlim] sample:		230.0 time, 230.5 real, 48.0 MB
[runlim] sample:		240.0 time, 240.5 real, 48.6 MB
[runlim] sample:		250.0 time, 250.5 real, 48.8 MB
[runlim] sample:		260.0 time, 260.5 real, 49.1 MB
[runlim] sample:		270.0 time, 270.5 real, 51.6 MB
[runlim] sample:		280.0 time, 280.5 real, 52.4 MB
[runlim] sample:		290.0 time, 290.5 real, 52.4 MB
[runlim] end:			Mon Apr  5 18:00:01 2021
[runlim] status:		out of time
[runlim] result:		2
[runlim] children:		0
[runlim] real:			300.04 seconds
[runlim] time:			299.48 seconds
[runlim] space:			52.6 MB
[runlim] samples:		2995
** AMH **
[runlim] version:		1.10
[runlim] time limit:		311040000 seconds
[runlim] real time limit:	300 seconds
[runlim] space limit:		2048 MB
[runlim] argv[0]:		ganak
[runlim] argv[1]:		-t
[runlim] argv[2]:		300
[runlim] argv[3]:		-cs
[runlim] argv[4]:		1024
[runlim] argv[5]:		-seed
[runlim] argv[6]:		01
[runlim] argv[7]:		/experiments/results/gsv2008-2.c/01/counterSharp/amh.dimacs
[runlim] start:			Mon Apr  5 18:00:01 2021
[runlim] main pid:		396
[runlim] sample:		10.0 time, 10.0 real, 38.0 MB
[runlim] end:			Mon Apr  5 18:00:15 2021
[runlim] status:		ok
[runlim] result:		0
[runlim] children:		0
[runlim] real:			14.10 seconds
[runlim] time:			13.98 seconds
[runlim] space:			38.0 MB
[runlim] samples:		140
** ASM **
[runlim] version:		1.10
[runlim] time limit:		311040000 seconds
[runlim] real time limit:	300 seconds
[runlim] space limit:		2048 MB
[runlim] argv[0]:		ganak
[runlim] argv[1]:		-t
[runlim] argv[2]:		300
[runlim] argv[3]:		-cs
[runlim] argv[4]:		1024
[runlim] argv[5]:		-seed
[runlim] argv[6]:		01
[runlim] argv[7]:		/experiments/results/gsv2008-2.c/01/counterSharp/asm.dimacs
[runlim] start:			Mon Apr  5 18:00:15 2021
[runlim] main pid:		398
[runlim] end:			Mon Apr  5 18:00:22 2021
[runlim] status:		ok
[runlim] result:		0
[runlim] children:		0
[runlim] real:			7.68 seconds
[runlim] time:			7.49 seconds
[runlim] space:			35.3 MB
[runlim] samples:		75
** ASH **
[runlim] version:		1.10
[runlim] time limit:		311040000 seconds
[runlim] real time limit:	300 seconds
[runlim] space limit:		2048 MB
[runlim] argv[0]:		ganak
[runlim] argv[1]:		-t
[runlim] argv[2]:		300
[runlim] argv[3]:		-cs
[runlim] argv[4]:		1024
[runlim] argv[5]:		-seed
[runlim] argv[6]:		01
[runlim] argv[7]:		/experiments/results/gsv2008-2.c/01/counterSharp/ash.dimacs
[runlim] start:			Mon Apr  5 18:00:22 2021
[runlim] main pid:		400
[runlim] sample:		10.0 time, 10.7 real, 35.8 MB
[runlim] end:			Mon Apr  5 18:00:39 2021
[runlim] status:		ok
[runlim] result:		0
[runlim] children:		0
[runlim] real:			17.58 seconds
[runlim] time:			16.78 seconds
[runlim] space:			35.8 MB
[runlim] samples:		168
