** CON **
[runlim] version:		1.10
[runlim] time limit:		311040000 seconds
[runlim] real time limit:	300 seconds
[runlim] space limit:		2048 MB
[runlim] argv[0]:		approxmc
[runlim] argv[1]:		--sparse
[runlim] argv[2]:		1
[runlim] argv[3]:		-s
[runlim] argv[4]:		02
[runlim] argv[5]:		/experiments/results/bwd_loop1a.c/02/counterSharp/con.dimacs
[runlim] start:			Mon Nov  9 12:08:53 2020
[runlim] main pid:		1778
[runlim] end:			Mon Nov  9 12:08:54 2020
[runlim] status:		ok
[runlim] result:		0
[runlim] children:		0
[runlim] real:			1.78 seconds
[runlim] time:			0.89 seconds
[runlim] space:			17.9 MB
[runlim] samples:		9
** AMM **
[runlim] version:		1.10
[runlim] time limit:		311040000 seconds
[runlim] real time limit:	300 seconds
[runlim] space limit:		2048 MB
[runlim] argv[0]:		approxmc
[runlim] argv[1]:		--sparse
[runlim] argv[2]:		1
[runlim] argv[3]:		-s
[runlim] argv[4]:		02
[runlim] argv[5]:		/experiments/results/bwd_loop1a.c/02/counterSharp/amm.dimacs
[runlim] start:			Mon Nov  9 12:08:54 2020
[runlim] main pid:		1780
[runlim] sample:		10.0 time, 10.8 real, 40.6 MB
[runlim] sample:		20.0 time, 20.8 real, 42.7 MB
[runlim] sample:		30.0 time, 30.8 real, 42.7 MB
[runlim] sample:		40.0 time, 40.8 real, 42.8 MB
[runlim] sample:		50.0 time, 50.8 real, 43.0 MB
[runlim] end:			Mon Nov  9 12:09:53 2020
[runlim] status:		ok
[runlim] result:		0
[runlim] children:		0
[runlim] real:			59.37 seconds
[runlim] time:			58.48 seconds
[runlim] space:			43.3 MB
[runlim] samples:		585
** AMH **
[runlim] version:		1.10
[runlim] time limit:		311040000 seconds
[runlim] real time limit:	300 seconds
[runlim] space limit:		2048 MB
[runlim] argv[0]:		approxmc
[runlim] argv[1]:		--sparse
[runlim] argv[2]:		1
[runlim] argv[3]:		-s
[runlim] argv[4]:		02
[runlim] argv[5]:		/experiments/results/bwd_loop1a.c/02/counterSharp/amh.dimacs
[runlim] start:			Mon Nov  9 12:09:53 2020
[runlim] main pid:		1782
[runlim] end:			Mon Nov  9 12:09:56 2020
[runlim] status:		ok
[runlim] result:		0
[runlim] children:		0
[runlim] real:			3.77 seconds
[runlim] time:			3.28 seconds
[runlim] space:			18.2 MB
[runlim] samples:		33
** ASM **
[runlim] version:		1.10
[runlim] time limit:		311040000 seconds
[runlim] real time limit:	300 seconds
[runlim] space limit:		2048 MB
[runlim] argv[0]:		approxmc
[runlim] argv[1]:		--sparse
[runlim] argv[2]:		1
[runlim] argv[3]:		-s
[runlim] argv[4]:		02
[runlim] argv[5]:		/experiments/results/bwd_loop1a.c/02/counterSharp/asm.dimacs
[runlim] start:			Mon Nov  9 12:09:56 2020
[runlim] main pid:		1784
[runlim] end:			Mon Nov  9 12:09:58 2020
[runlim] status:		ok
[runlim] result:		0
[runlim] children:		0
[runlim] real:			2.93 seconds
[runlim] time:			2.09 seconds
[runlim] space:			19.8 MB
[runlim] samples:		21
** ASH **
[runlim] version:		1.10
[runlim] time limit:		311040000 seconds
[runlim] real time limit:	300 seconds
[runlim] space limit:		2048 MB
[runlim] argv[0]:		approxmc
[runlim] argv[1]:		--sparse
[runlim] argv[2]:		1
[runlim] argv[3]:		-s
[runlim] argv[4]:		02
[runlim] argv[5]:		/experiments/results/bwd_loop1a.c/02/counterSharp/ash.dimacs
[runlim] start:			Mon Nov  9 12:09:58 2020
[runlim] main pid:		1786
[runlim] end:			Mon Nov  9 12:10:02 2020
[runlim] status:		ok
[runlim] result:		0
[runlim] children:		0
[runlim] real:			4.10 seconds
[runlim] time:			3.09 seconds
[runlim] space:			18.2 MB
[runlim] samples:		31
