** CON **
c Setting the timout to: 100000
c Outputting solution to console
c GANAK version 1.0.0
c time bound set to 300s
c ganak GIT revision: 33f36bcdd4a32f4f20f64e667de10d13d1377953
c ganak build env: CMAKE_CXX_COMPILER = /usr/bin/c++ | CMAKE_CXX_FLAGS =  -mtune=native -Wall -Wextra -Wunused -Wsign-compare -fno-omit-frame-pointer -Wtype-limits -Wuninitialized -Wno-deprecated -Wstrict-aliasing -Wpointer-arith -Wpointer-arith -Wformat-nonliteral -Winit-self -Wparentheses -Wunreachable-code -ggdb3 | COMPILE_DEFINES =  | STATICCOMPILE = OFF | ONLY_SIMPLE =  | Boost_FOUND =  | ZLIB_FOUND =  | ENABLE_TESTING =  | ENABLE_ASSERTIONS = ON | MY_TARGETS =  | compilation date time = Nov  9 2020 10:31:38
c Setting the timout to: 300
** AMM **
c Setting the timout to: 100000
c Outputting solution to console
c GANAK version 1.0.0
c time bound set to 300s
c ganak GIT revision: 33f36bcdd4a32f4f20f64e667de10d13d1377953
c ganak build env: CMAKE_CXX_COMPILER = /usr/bin/c++ | CMAKE_CXX_FLAGS =  -mtune=native -Wall -Wextra -Wunused -Wsign-compare -fno-omit-frame-pointer -Wtype-limits -Wuninitialized -Wno-deprecated -Wstrict-aliasing -Wpointer-arith -Wpointer-arith -Wformat-nonliteral -Winit-self -Wparentheses -Wunreachable-code -ggdb3 | COMPILE_DEFINES =  | STATICCOMPILE = OFF | ONLY_SIMPLE =  | Boost_FOUND =  | ZLIB_FOUND =  | ENABLE_TESTING =  | ENABLE_ASSERTIONS = ON | MY_TARGETS =  | compilation date time = Nov  9 2020 10:31:38
c Setting the timout to: 300
** AMH **
c Setting the timout to: 100000
c Outputting solution to console
c GANAK version 1.0.0
c time bound set to 300s
c ganak GIT revision: 33f36bcdd4a32f4f20f64e667de10d13d1377953
c ganak build env: CMAKE_CXX_COMPILER = /usr/bin/c++ | CMAKE_CXX_FLAGS =  -mtune=native -Wall -Wextra -Wunused -Wsign-compare -fno-omit-frame-pointer -Wtype-limits -Wuninitialized -Wno-deprecated -Wstrict-aliasing -Wpointer-arith -Wpointer-arith -Wformat-nonliteral -Winit-self -Wparentheses -Wunreachable-code -ggdb3 | COMPILE_DEFINES =  | STATICCOMPILE = OFF | ONLY_SIMPLE =  | Boost_FOUND =  | ZLIB_FOUND =  | ENABLE_TESTING =  | ENABLE_ASSERTIONS = ON | MY_TARGETS =  | compilation date time = Nov  9 2020 10:31:38
c Setting the timout to: 300
c Solving /experiments/results/rangesum03.c/03/counterSharp/amh.dimacs
c variables (all/used/free): 	646/646/0
c clauses (all/long/binary/unit): 748/136/608/4
c Sampling set is present, performing projected model counting 
c Sampling set size: 96
c Sampling set:  2 3 4 5 6 7 8 9 10 11 12 13 14 15 16 17 18 19 20 21 22 23 24 25 26 27 28 29 30 31 32 33 34 35 36 37 38 39 40 41 42 43 44 45 46 47 48 49 50 51 52 53 54 55 56 57 58 59 60 61 62 63 64 65 66 67 68 69 70 71 72 73 74 75 76 77 78 79 80 81 82 83 84 85 86 87 88 89 90 91 92 93 94 95 96 97
c 
c Preprocessing ..
c DONE
c variables (all/used/free): 	450/322/128
c clauses (all/long/binary/unit): 547/129/418/0
c Maximum cache size:	1024 MB
c 
c We have solved halfed
c We have solved halfed
c We have solved halfed
c We have solved halfed
c We have solved halfed
c We have solved halfed
c We have solved halfed
c We have solved halfed
c We have solved halfed
c We have solved halfed
c We have solved halfed
c We have solved halfed
c We have solved halfed
c We have solved halfed
c We have solved halfed
c We have solved halfed
c We have solved halfed
c We have solved halfed
c We have solved halfed
c We have solved halfed
c We have solved halfed
c We have solved halfed
c We have solved halfed
c We have solved halfed
c We have solved halfed
c We have solved halfed
c We have solved halfed
c We have solved halfed
c We have solved halfed
c We have solved halfed
c We have solved halfed
c We have solved halfed
c We have solved halfed
c We have solved halfed
c We have solved halfed
c We have solved halfed
c We have solved halfed
c We have solved halfed
c We have solved halfed
c We have solved halfed
c We have solved halfed
c We have solved halfed
c We have solved halfed
c We have solved halfed
c We have solved halfed
c We have solved halfed
c We have solved halfed
c We have solved halfed
c We have solved halfed
c We have solved halfed
c We have solved halfed
c We have solved halfed
c We have solved halfed
c We have solved halfed
c We have solved halfed
c We have solved halfed
c We have solved halfed
c We have solved halfed
c We have solved halfed
c We have solved halfed
c We have solved halfed
c We have solved halfed
c We have solved halfed
c We have solved halfed
c Max decision level :25
c Max decision level :50
c Cache full!!
c Cache full!!
** ASM **
c Setting the timout to: 100000
c Outputting solution to console
c GANAK version 1.0.0
c time bound set to 300s
c ganak GIT revision: 33f36bcdd4a32f4f20f64e667de10d13d1377953
c ganak build env: CMAKE_CXX_COMPILER = /usr/bin/c++ | CMAKE_CXX_FLAGS =  -mtune=native -Wall -Wextra -Wunused -Wsign-compare -fno-omit-frame-pointer -Wtype-limits -Wuninitialized -Wno-deprecated -Wstrict-aliasing -Wpointer-arith -Wpointer-arith -Wformat-nonliteral -Winit-self -Wparentheses -Wunreachable-code -ggdb3 | COMPILE_DEFINES =  | STATICCOMPILE = OFF | ONLY_SIMPLE =  | Boost_FOUND =  | ZLIB_FOUND =  | ENABLE_TESTING =  | ENABLE_ASSERTIONS = ON | MY_TARGETS =  | compilation date time = Nov  9 2020 10:31:38
c Setting the timout to: 300
c Solving /experiments/results/rangesum03.c/03/counterSharp/asm.dimacs
c variables (all/used/free): 	647/647/0
c clauses (all/long/binary/unit): 751/136/610/5
c Sampling set is present, performing projected model counting 
c Sampling set size: 96
c Sampling set:  2 3 4 5 6 7 8 9 10 11 12 13 14 15 16 17 18 19 20 21 22 23 24 25 26 27 28 29 30 31 32 33 34 35 36 37 38 39 40 41 42 43 44 45 46 47 48 49 50 51 52 53 54 55 56 57 58 59 60 61 62 63 64 65 66 67 68 69 70 71 72 73 74 75 76 77 78 79 80 81 82 83 84 85 86 87 88 89 90 91 92 93 94 95 96 97
c 
c Preprocessing ..
c DONE
c variables (all/used/free): 	448/320/128
c clauses (all/long/binary/unit): 529/129/400/0
c Maximum cache size:	1024 MB
c 
c We have solved halfed
c We have solved halfed
c We have solved halfed
c We have solved halfed
c We have solved halfed
c We have solved halfed
c We have solved halfed
c We have solved halfed
c We have solved halfed
c We have solved halfed
c We have solved halfed
c We have solved halfed
c We have solved halfed
c We have solved halfed
c We have solved halfed
c We have solved halfed
c We have solved halfed
c We have solved halfed
c We have solved halfed
c We have solved halfed
c We have solved halfed
c We have solved halfed
c We have solved halfed
c We have solved halfed
c We have solved halfed
c We have solved halfed
c We have solved halfed
c We have solved halfed
c We have solved halfed
c We have solved halfed
c We have solved halfed
c We have solved halfed
c We have solved halfed
c We have solved halfed
c We have solved halfed
c We have solved halfed
c We have solved halfed
c We have solved halfed
c We have solved halfed
c We have solved halfed
c We have solved halfed
c We have solved halfed
c We have solved halfed
c We have solved halfed
c We have solved halfed
c We have solved halfed
c We have solved halfed
c We have solved halfed
c We have solved halfed
c We have solved halfed
c We have solved halfed
c We have solved halfed
c We have solved halfed
c We have solved halfed
c We have solved halfed
c We have solved halfed
c We have solved halfed
c We have solved halfed
c We have solved halfed
c We have solved halfed
c We have solved halfed
c We have solved halfed
c We have solved halfed
c We have solved halfed
c Max decision level :25
c Max decision level :50
c Cache full!!
c Cache full!!
** ASH **
c Setting the timout to: 100000
c Outputting solution to console
c GANAK version 1.0.0
c time bound set to 300s
c ganak GIT revision: 33f36bcdd4a32f4f20f64e667de10d13d1377953
c ganak build env: CMAKE_CXX_COMPILER = /usr/bin/c++ | CMAKE_CXX_FLAGS =  -mtune=native -Wall -Wextra -Wunused -Wsign-compare -fno-omit-frame-pointer -Wtype-limits -Wuninitialized -Wno-deprecated -Wstrict-aliasing -Wpointer-arith -Wpointer-arith -Wformat-nonliteral -Winit-self -Wparentheses -Wunreachable-code -ggdb3 | COMPILE_DEFINES =  | STATICCOMPILE = OFF | ONLY_SIMPLE =  | Boost_FOUND =  | ZLIB_FOUND =  | ENABLE_TESTING =  | ENABLE_ASSERTIONS = ON | MY_TARGETS =  | compilation date time = Nov  9 2020 10:31:38
c Setting the timout to: 300
c Solving /experiments/results/rangesum03.c/03/counterSharp/ash.dimacs
c variables (all/used/free): 	647/647/0
c clauses (all/long/binary/unit): 751/136/610/5
c Sampling set is present, performing projected model counting 
c Sampling set size: 96
c Sampling set:  2 3 4 5 6 7 8 9 10 11 12 13 14 15 16 17 18 19 20 21 22 23 24 25 26 27 28 29 30 31 32 33 34 35 36 37 38 39 40 41 42 43 44 45 46 47 48 49 50 51 52 53 54 55 56 57 58 59 60 61 62 63 64 65 66 67 68 69 70 71 72 73 74 75 76 77 78 79 80 81 82 83 84 85 86 87 88 89 90 91 92 93 94 95 96 97
c 
c Preprocessing ..
c DONE
c variables (all/used/free): 	416/288/128
c clauses (all/long/binary/unit): 448/0/448/0
c Maximum cache size:	1024 MB
c 
c We have solved halfed
c We have solved halfed
c We have solved halfed
c We have solved halfed
c We have solved halfed
c We have solved halfed
c We have solved halfed
c We have solved halfed
c We have solved halfed
c We have solved halfed
c We have solved halfed
c We have solved halfed
c We have solved halfed
c We have solved halfed
c We have solved halfed
c We have solved halfed
c We have solved halfed
c We have solved halfed
c We have solved halfed
c We have solved halfed
c We have solved halfed
c We have solved halfed
c We have solved halfed
c We have solved halfed
c We have solved halfed
c We have solved halfed
c We have solved halfed
c We have solved halfed
c We have solved halfed
c We have solved halfed
c We have solved halfed
c We have solved halfed
c We have solved halfed
c We have solved halfed
c We have solved halfed
c We have solved halfed
c We have solved halfed
c We have solved halfed
c We have solved halfed
c We have solved halfed
c We have solved halfed
c We have solved halfed
c We have solved halfed
c We have solved halfed
c We have solved halfed
c We have solved halfed
c We have solved halfed
c We have solved halfed
c We have solved halfed
c We have solved halfed
c We have solved halfed
c We have solved halfed
c We have solved halfed
c We have solved halfed
c We have solved halfed
c We have solved halfed
c We have solved halfed
c We have solved halfed
c We have solved halfed
c We have solved halfed
c We have solved halfed
c We have solved halfed
c We have solved halfed
c We have solved halfed
c We have solved halfed
c We have solved halfed
c We have solved halfed
c We have solved halfed
c We have solved halfed
c We have solved halfed
c We have solved halfed
c We have solved halfed
c We have solved halfed
c We have solved halfed
c We have solved halfed
c We have solved halfed
c We have solved halfed
c We have solved halfed
c We have solved halfed
c We have solved halfed
c We have solved halfed
c We have solved halfed
c We have solved halfed
c We have solved halfed
c We have solved halfed
c We have solved halfed
c We have solved halfed
c We have solved halfed
c We have solved halfed
c We have solved halfed
c We have solved halfed
c We have solved halfed
c We have solved halfed
c We have solved halfed
c We have solved halfed
c We have solved halfed
c We have solved halfed
c We have solved halfed
c We have solved halfed
c We have solved halfed
c We have solved halfed
c We have solved halfed
c We have solved halfed
c We have solved halfed
c We have solved halfed
c We have solved halfed
c We have solved halfed
c We have solved halfed
c We have solved halfed
c We have solved halfed
c We have solved halfed
c We have solved halfed
c We have solved halfed
c We have solved halfed
c We have solved halfed
c We have solved halfed
c We have solved halfed
c We have solved halfed
c We have solved halfed
c We have solved halfed
c We have solved halfed
c We have solved halfed
c We have solved halfed
c We have solved halfed
c We have solved halfed
c We have solved halfed
c We have solved halfed
c We have solved halfed
c 
c 
c variables (total / active / free)	416/288/128
c clauses (removed) 			751 (303)
c decisions 				64
c Max. decision level 			1
c conflicts 				0
c conflict clauses (all/bin/unit) 	0/0/0
c 
c failed literals found by implicit BCP 	 0
c implicit BCP miss rate 	 0%
c bytes cache size     	20240656	
c bytes cache (overall) 	20240656
c bytes cache components (overall) 	6248
c bytes cache (infra / comps) 20234408/6248	
c bytes pure comp data (curr)    516
c bytes pure comp data (overall) 516
c bytes cache with sysoverh (curr)    10400
c bytes cache with sysoverh (overall) 10400
c cache (lookup / stores / hits) 			64/65/0
c cache miss rate 100%
c avg. variable count (stores / hits) 	8.86154/0
c 
c 
c # solutions 
s pmc 18446744073709551616
c # END
c 
c time: 0.00236s
