** CON **
[runlim] version:		1.10
[runlim] time limit:		311040000 seconds
[runlim] real time limit:	300 seconds
[runlim] space limit:		2048 MB
[runlim] argv[0]:		approxmc
[runlim] argv[1]:		--sparse
[runlim] argv[2]:		1
[runlim] argv[3]:		-s
[runlim] argv[4]:		04
[runlim] argv[5]:		/experiments/results/floor-broken.c/04/counterSharp/con.dimacs
[runlim] start:			Fri Oct 30 12:53:21 2020
[runlim] main pid:		1361
ERROR! Could not open file '/experiments/results/floor-broken.c/04/counterSharp/con.dimacs' for reading: No such file or directory
[runlim] end:			Fri Oct 30 12:53:21 2020
[runlim] status:		ok
[runlim] result:		0
[runlim] children:		0
[runlim] real:			0.78 seconds
[runlim] time:			0.00 seconds
[runlim] space:			0.0 MB
[runlim] samples:		0
** AMM **
[runlim] version:		1.10
[runlim] time limit:		311040000 seconds
[runlim] real time limit:	300 seconds
[runlim] space limit:		2048 MB
[runlim] argv[0]:		approxmc
[runlim] argv[1]:		--sparse
[runlim] argv[2]:		1
[runlim] argv[3]:		-s
[runlim] argv[4]:		04
[runlim] argv[5]:		/experiments/results/floor-broken.c/04/counterSharp/amm.dimacs
[runlim] start:			Fri Oct 30 12:53:21 2020
[runlim] main pid:		1363
[runlim] end:			Fri Oct 30 12:53:24 2020
[runlim] status:		ok
[runlim] result:		0
[runlim] children:		0
[runlim] real:			3.68 seconds
[runlim] time:			2.89 seconds
[runlim] space:			33.4 MB
[runlim] samples:		29
** AMH **
[runlim] version:		1.10
[runlim] time limit:		311040000 seconds
[runlim] real time limit:	300 seconds
[runlim] space limit:		2048 MB
[runlim] argv[0]:		approxmc
[runlim] argv[1]:		--sparse
[runlim] argv[2]:		1
[runlim] argv[3]:		-s
[runlim] argv[4]:		04
[runlim] argv[5]:		/experiments/results/floor-broken.c/04/counterSharp/amh.dimacs
[runlim] start:			Fri Oct 30 12:53:24 2020
[runlim] main pid:		1365
[runlim] end:			Fri Oct 30 12:53:33 2020
[runlim] status:		ok
[runlim] result:		0
[runlim] children:		0
[runlim] real:			9.68 seconds
[runlim] time:			8.89 seconds
[runlim] space:			32.4 MB
[runlim] samples:		89
** ASM **
[runlim] version:		1.10
[runlim] time limit:		311040000 seconds
[runlim] real time limit:	300 seconds
[runlim] space limit:		2048 MB
[runlim] argv[0]:		approxmc
[runlim] argv[1]:		--sparse
[runlim] argv[2]:		1
[runlim] argv[3]:		-s
[runlim] argv[4]:		04
[runlim] argv[5]:		/experiments/results/floor-broken.c/04/counterSharp/asm.dimacs
[runlim] start:			Fri Oct 30 12:53:33 2020
[runlim] main pid:		1367
[runlim] end:			Fri Oct 30 12:53:41 2020
[runlim] status:		ok
[runlim] result:		0
[runlim] children:		0
[runlim] real:			8.38 seconds
[runlim] time:			7.68 seconds
[runlim] space:			39.0 MB
[runlim] samples:		77
** ASH **
[runlim] version:		1.10
[runlim] time limit:		311040000 seconds
[runlim] real time limit:	300 seconds
[runlim] space limit:		2048 MB
[runlim] argv[0]:		approxmc
[runlim] argv[1]:		--sparse
[runlim] argv[2]:		1
[runlim] argv[3]:		-s
[runlim] argv[4]:		04
[runlim] argv[5]:		/experiments/results/floor-broken.c/04/counterSharp/ash.dimacs
[runlim] start:			Fri Oct 30 12:53:41 2020
[runlim] main pid:		1369
[runlim] end:			Fri Oct 30 12:53:50 2020
[runlim] status:		ok
[runlim] result:		0
[runlim] children:		0
[runlim] real:			9.44 seconds
[runlim] time:			8.97 seconds
[runlim] space:			33.1 MB
[runlim] samples:		90
