
Abstract Syntax:
[ 1:]
int main( ):
[ 2:] $2{x} := [0,999]
[ 3:] input:
[ 4:] while [ 5:] ( $2{x} <= 100 ) do
[ 6:]   $2{x} := $2{x} + 1
[ 7:]
      od
[ 8:] assert( $2{x} >= 101 )
[ 9:]
polyhedra

Forward Analysis:
[ 1:]: top
[ 2:]: top
[ 3:]: $2{x} >= 0 && -$2{x} >= -999
[ 4:]: $2{x} >= 0 && -$2{x} >= -999
[ 5:] unwind 0: $2{x} >= 0 && -$2{x} >= -999
[ 5:] unwind 1: $2{x} >= 0 && -$2{x} >= -999
[ 5:] unwind >1: $2{x} >= 1 && -$2{x} >= -101
[ 6:]: $2{x} >= 0 && -$2{x} >= -100
[ 7:]: $2{x} >= 1 && -$2{x} >= -101
[ 8:]: $2{x} >= 101 && -$2{x} >= -999
[ 9:]: $2{x} >= 101 && -$2{x} >= -999
x 
Backward OverApproximating Analysis Sat :
[ 9:]: top
[ 8:]: $2{x} >= 101 && -$2{x} >= -999
[ 7:]: $2{x} >= 0 && -$2{x} >= -999
[ 6:]: $2{x} >= 0 && -$2{x} >= -100
[ 5:] unwind >1: $2{x} >= 0 && -$2{x} >= -999
[ 5:] unwind 1: $2{x} >= 0 && -$2{x} >= -999
[ 5:] unwind 0: $2{x} >= 0 && -$2{x} >= -999
[ 4:]: $2{x} >= 0 && -$2{x} >= -999
[ 3:]: $2{x} >= 0 && -$2{x} >= -999
[ 2:]: top
[ 1:]: top

Backward OverApproximating Analysis Viol :
[ 9:]: top
[ 8:]: bottom
[ 7:]: bottom
[ 6:]: bottom
[ 5:] unwind >1: bottom
[ 5:] unwind 1: bottom
[ 5:] unwind 0: bottom
[ 4:]: bottom
[ 3:]: bottom
[ 2:]: bottom
[ 1:]: bottom
Analysis Result: 
PROBABLITY OF SATISFACTION: 1.0000 percent 
PROBABLITY OF VIOLATION: 0.0000 percent 
Total Time: 0.004180 s
Analysis Time: 0.003671 s
Probability Time: 0.000510 s
Done.
