** CON **
c ApproxMC SHA revision efa1667e4e09b2d5f2c61042efe377ce3107fdd3
c ApproxMC version 4.0.1
c ApproxMC compilation env CMAKE_CXX_COMPILER = /usr/bin/c++ | CMAKE_CXX_FLAGS =  -Wall -Wextra -Wunused -Wsign-compare -fno-omit-frame-pointer -Wtype-limits -Wuninitialized -Wno-deprecated -Wstrict-aliasing -Wpointer-arith -fvisibility=hidden -Wpointer-arith -Wformat-nonliteral -Winit-self -Wparentheses -Wunreachable-code -g -fvisibility=hidden -Wlogical-op -Wrestrict -Wnull-dereference -Wdouble-promotion -Wshadow -Wformat=2 -Wextra-semi -pedantic | COMPILE_DEFINES =  -DBOOST_TEST_DYN_LINK | STATICCOMPILE = OFF | Boost_FOUND = TRUE | ZLIB_FOUND = TRUE | VALGRIND_FOUND =  | GMP_FOUND = TRUE | ENABLE_ASSERTIONS = ON | MY_TARGETS =  | compilation date time = Aug  8 2022 16:18:18
c ApproxMC compiled with gcc version 9.4.0
c CryptoMiniSat version 5.11.0
c CMS Copyright (C) 2009-2020 Authors of CryptoMiniSat, see AUTHORS file
c CMS SHA revision 716b89be078f98fb615cf30a1f663b4903c08d9d
c CMS is MIT licensed
c Using VMTF code by Armin Biere from CaDiCaL
c Using Yalsat by Armin Biere, see Balint et al. Improving implementation of SLS solvers [...], SAT'14
c Using WalkSAT by Henry Kautz, see Kautz and Selman Pushing the envelope: planning, propositional logic, and stochastic search, AAAI'96,
c Using code from 'When Boolean Satisfiability Meets Gauss-E. in a Simplex Way'
c       by C.-S. Han and J.-H. Roland Jiang in CAV 2012. Fixes by M. Soos
c Using CCAnr from 'CCAnr: A Conf. Checking Based Local Search Solver [...]'
c       by Shaowei Cai, Chuan Luo, and Kaile Su, SAT 2015
c CMS compilation env CMAKE_CXX_COMPILER = /usr/bin/c++ | CMAKE_CXX_FLAGS =  -fvisibility=hidden -Wall -Wextra -Wunused -Wsign-compare -fno-omit-frame-pointer -Wtype-limits -Wuninitialized -Wno-deprecated -Wstrict-aliasing -Wpointer-arith -Wpointer-arith -Wformat-nonliteral -Winit-self -Wparentheses -Wunreachable-code -g -Wno-class-memaccess -mpopcnt -msse4.2 -ggdb3 -Wlogical-op -Wrestrict -Wnull-dereference -Wdouble-promotion -Wshadow -Wformat=2 -Wextra-semi -pedantic | COMPILE_DEFINES =  -DRDB0_ONLY_FEATURES -DBOOST_TEST_DYN_LINK -DUSE_ZLIB -DYALSAT_FPU | STATICCOMPILE = OFF | ONLY_SIMPLE = OFF | Boost_FOUND = TRUE | STATS = OFF | SQLITE3_FOUND = FALSE | ZLIB_FOUND = TRUE | VALGRIND_FOUND =  | ENABLE_TESTING = OFF | M4RI_FOUND =  | NOM4RI = ON | SLOW_DEBUG = OFF | ENABLE_ASSERTIONS = ON | PYTHON_EXECUTABLE =  | PYTHON_LIBRARY =  | PYTHON_INCLUDE_DIRS =  | MY_TARGETS =  | LARGEMEM = OFF | LIMITMEM = OFF | BREAKID_LIBRARIES =  | BREAKID-VER = . | BOSPHORUS_LIBRARIES =  | BOSPH-VER = . | compilation date time = Aug  8 2022 16:16:45
c CMS compiled with gcc version 9.4.0
c executed with command line: approxmc -s 03 /experiments/results/count_up_down_true-unreach-call_true-termination-2.c/03/counterSharp/con.dimacs
c Arjun SHA revision 416b100492d00bc51dbe98963e981906ddb47d83
c -- header says num vars:          54194
c -- header says num clauses:      318146
c WARNING: Empty line at line number 319657 -- this is not part of the DIMACS specifications (http://www.satcompetition.org/2009/format-benchmarks2009.html). Ignoring.
c -- clauses added: 318146
c -- xor clauses added: 0
c -- vars added 54194
c Original sampling vars: 2003 2004 2005 2006 2007 2008 2009 2010 2011 2012 2013 2014 2015 2016 2017 2018 2019 2020 2021 2022 2023 2024 2025 2026 2027 2028 2029 2030 2031 2032 2033 2034 
c [appmc] Orig sampling vars size: 32
c --> Executing OCC strategy token(s): 'occ-xor,'
c [occ] mem usage for occur      8 MB
c [occ] Linked in IRRED BIN by default: 62715
c [occ] Linked in RED   BIN by default: 0
c [occ] mem usage for occur      3 MB
c Mem for watch alloc      : 8           MB (25.11     %)
c Mem for watch array      : 3           MB (8.78      %)
c --> Executing OCC strategy token: occ-xor
c [occ-xor] sort occur list T: 0.00
c [xor-clean-equiv] removed equivalent xors: 0 left with: 15970
c [occ-xor] found  15970 avg sz 3.0 min sz  3 max sz  3 T: 0.03 T-out: N T-r: 99.71%
c [occ] mem usage for occur      8 MB
c [occ] Linked in IRRED BIN by default: 62715
c [occ] Linked in RED   BIN by default: 0
c [occ] mem usage for occur      3 MB
c Mem for watch alloc      : 8           MB (22.06     %)
c Mem for watch array      : 3           MB (7.71      %)
c [occ-gates] found: 15469 avg-s: 2.0 T: 0.01 T-out: N T-r: 89.10%
c [occ] mem usage for occur      8 MB
c [occ] Linked in IRRED BIN by default: 62715
c [occ] Linked in RED   BIN by default: 0
c [occ] mem usage for occur      3 MB
c Mem for watch alloc      : 8           MB (21.51     %)
c Mem for watch array      : 3           MB (7.51      %)
c [arjun-simp] GATE-based Potential was: 0 Non-zero OCCs were: 0 removed: 0 perc: 0.00 T: 0.17
c [occ] mem usage for occur      8 MB
c [occ] Linked in IRRED BIN by default: 62715
c [occ] Linked in RED   BIN by default: 0
c [occ] mem usage for occur      3 MB
c Mem for watch alloc      : 8           MB (22.80     %)
c Mem for watch array      : 3           MB (7.97      %)
c [gate-definable] no-cls-match-filt: 0 pico ran: 31 unsat: 0 0-occ: 0 too-many-occ: 1 empty-res: 0
c [arjun-simp] IRREG-GATE-based removed: 0 perc: 0.00 T: 0.04
c [occ] mem usage for occur      8 MB
c [occ] Linked in IRRED BIN by default: 62715
c [occ] Linked in RED   BIN by default: 0
c [occ] mem usage for occur      3 MB
c Mem for watch alloc      : 8           MB (22.80     %)
c Mem for watch array      : 3           MB (7.97      %)
c [cms-equiv-sub] equiv_subformula: 0 empty_occ: 0 T: 0.00
c [arjun-simp] equiv-subform removed: 0 perc: 0.00 total equiv_subform now: 0 T: 0.03
c [arjun-simp] CMS::simplify() with no BVE, intree probe...
c [arjun-simp] CMS::simplify() with no BVE finished. T: 0.58
c [arjun-simp] Removed eq lits: 0 new size: 32
c [arjun-simp] Removed set       : 30 new size: 2
c [arjun] CNF is UNSAT, setting sampling set to empty
c [arjun] get_indep_set finished T: 4.03
c ind 0
c [arjun] final set size:            0 percent of original: 0.0000 %
c [arjun] of which empty occs:       0 percent of original: 0.0000 %
c [appmc+arjun] Total time: 4.1819
c [appmc] Number of solutions is: 0*2**0
s UNSATISFIABLE
s mc 0
** AMM **
c ApproxMC SHA revision efa1667e4e09b2d5f2c61042efe377ce3107fdd3
c ApproxMC version 4.0.1
c ApproxMC compilation env CMAKE_CXX_COMPILER = /usr/bin/c++ | CMAKE_CXX_FLAGS =  -Wall -Wextra -Wunused -Wsign-compare -fno-omit-frame-pointer -Wtype-limits -Wuninitialized -Wno-deprecated -Wstrict-aliasing -Wpointer-arith -fvisibility=hidden -Wpointer-arith -Wformat-nonliteral -Winit-self -Wparentheses -Wunreachable-code -g -fvisibility=hidden -Wlogical-op -Wrestrict -Wnull-dereference -Wdouble-promotion -Wshadow -Wformat=2 -Wextra-semi -pedantic | COMPILE_DEFINES =  -DBOOST_TEST_DYN_LINK | STATICCOMPILE = OFF | Boost_FOUND = TRUE | ZLIB_FOUND = TRUE | VALGRIND_FOUND =  | GMP_FOUND = TRUE | ENABLE_ASSERTIONS = ON | MY_TARGETS =  | compilation date time = Aug  8 2022 16:18:18
c ApproxMC compiled with gcc version 9.4.0
c CryptoMiniSat version 5.11.0
c CMS Copyright (C) 2009-2020 Authors of CryptoMiniSat, see AUTHORS file
c CMS SHA revision 716b89be078f98fb615cf30a1f663b4903c08d9d
c CMS is MIT licensed
c Using VMTF code by Armin Biere from CaDiCaL
c Using Yalsat by Armin Biere, see Balint et al. Improving implementation of SLS solvers [...], SAT'14
c Using WalkSAT by Henry Kautz, see Kautz and Selman Pushing the envelope: planning, propositional logic, and stochastic search, AAAI'96,
c Using code from 'When Boolean Satisfiability Meets Gauss-E. in a Simplex Way'
c       by C.-S. Han and J.-H. Roland Jiang in CAV 2012. Fixes by M. Soos
c Using CCAnr from 'CCAnr: A Conf. Checking Based Local Search Solver [...]'
c       by Shaowei Cai, Chuan Luo, and Kaile Su, SAT 2015
c CMS compilation env CMAKE_CXX_COMPILER = /usr/bin/c++ | CMAKE_CXX_FLAGS =  -fvisibility=hidden -Wall -Wextra -Wunused -Wsign-compare -fno-omit-frame-pointer -Wtype-limits -Wuninitialized -Wno-deprecated -Wstrict-aliasing -Wpointer-arith -Wpointer-arith -Wformat-nonliteral -Winit-self -Wparentheses -Wunreachable-code -g -Wno-class-memaccess -mpopcnt -msse4.2 -ggdb3 -Wlogical-op -Wrestrict -Wnull-dereference -Wdouble-promotion -Wshadow -Wformat=2 -Wextra-semi -pedantic | COMPILE_DEFINES =  -DRDB0_ONLY_FEATURES -DBOOST_TEST_DYN_LINK -DUSE_ZLIB -DYALSAT_FPU | STATICCOMPILE = OFF | ONLY_SIMPLE = OFF | Boost_FOUND = TRUE | STATS = OFF | SQLITE3_FOUND = FALSE | ZLIB_FOUND = TRUE | VALGRIND_FOUND =  | ENABLE_TESTING = OFF | M4RI_FOUND =  | NOM4RI = ON | SLOW_DEBUG = OFF | ENABLE_ASSERTIONS = ON | PYTHON_EXECUTABLE =  | PYTHON_LIBRARY =  | PYTHON_INCLUDE_DIRS =  | MY_TARGETS =  | LARGEMEM = OFF | LIMITMEM = OFF | BREAKID_LIBRARIES =  | BREAKID-VER = . | BOSPHORUS_LIBRARIES =  | BOSPH-VER = . | compilation date time = Aug  8 2022 16:16:45
c CMS compiled with gcc version 9.4.0
c executed with command line: approxmc -s 03 /experiments/results/count_up_down_true-unreach-call_true-termination-2.c/03/counterSharp/amm.dimacs
c Arjun SHA revision 416b100492d00bc51dbe98963e981906ddb47d83
c -- header says num vars:          53202
c -- header says num clauses:      314669
c WARNING: Empty line at line number 316182 -- this is not part of the DIMACS specifications (http://www.satcompetition.org/2009/format-benchmarks2009.html). Ignoring.
c -- clauses added: 314669
c -- xor clauses added: 0
c -- vars added 53202
c Original sampling vars: 1003 1004 1005 1006 1007 1008 1009 1010 1011 1012 1013 1014 1015 1016 1017 1018 1019 1020 1021 1022 1023 1024 1025 1026 1027 1028 1029 1030 1031 1032 1033 1034 
c [appmc] Orig sampling vars size: 32
c --> Executing OCC strategy token(s): 'occ-xor,'
c [occ] mem usage for occur      9 MB
c [occ] Linked in IRRED BIN by default: 72333
c [occ] Linked in RED   BIN by default: 0
c [occ] mem usage for occur      3 MB
c Mem for watch alloc      : 7           MB (22.44     %)
c Mem for watch array      : 3           MB (9.25      %)
c --> Executing OCC strategy token: occ-xor
c [occ-xor] sort occur list T: 0.00
c [xor-clean-equiv] removed equivalent xors: 0 left with: 15980
c [occ-xor] found  15980 avg sz 3.0 min sz  3 max sz  3 T: 0.03 T-out: N T-r: 99.69%
c [occ] mem usage for occur      9 MB
c [occ] Linked in IRRED BIN by default: 72333
c [occ] Linked in RED   BIN by default: 0
c [occ] mem usage for occur      3 MB
c Mem for watch alloc      : 7           MB (19.55     %)
c Mem for watch array      : 3           MB (8.06      %)
c [occ-gates] found:   20K avg-s: 2.0 T: 0.02 T-out: N T-r: 88.20%
c [occ] mem usage for occur      9 MB
c [occ] Linked in IRRED BIN by default: 72333
c [occ] Linked in RED   BIN by default: 0
c [occ] mem usage for occur      3 MB
c Mem for watch alloc      : 7           MB (18.79     %)
c Mem for watch array      : 3           MB (7.74      %)
c [arjun-simp] GATE-based Potential was: 0 Non-zero OCCs were: 0 removed: 0 perc: 0.00 T: 0.20
c [occ] mem usage for occur      9 MB
c [occ] Linked in IRRED BIN by default: 72333
c [occ] Linked in RED   BIN by default: 0
c [occ] mem usage for occur      3 MB
c Mem for watch alloc      : 7           MB (20.23     %)
c Mem for watch array      : 3           MB (8.33      %)
c [gate-definable] no-cls-match-filt: 31 pico ran: 0 unsat: 0 0-occ: 0 too-many-occ: 1 empty-res: 0
c [arjun-simp] IRREG-GATE-based removed: 0 perc: 0.00 T: 0.04
c [occ] mem usage for occur      9 MB
c [occ] Linked in IRRED BIN by default: 72333
c [occ] Linked in RED   BIN by default: 0
c [occ] mem usage for occur      3 MB
c Mem for watch alloc      : 7           MB (20.23     %)
c Mem for watch array      : 3           MB (8.33      %)
c [cms-equiv-sub] equiv_subformula: 0 empty_occ: 0 T: 0.00
c [arjun-simp] equiv-subform removed: 0 perc: 0.00 total equiv_subform now: 0 T: 0.04
c [arjun-simp] CMS::simplify() with no BVE, intree probe...
c [arjun-simp] CMS::simplify() with no BVE finished. T: 0.61
c [arjun-simp] Removed eq lits: 0 new size: 32
c [arjun-simp] Removed set       : 0 new size: 32
c [arjun-simp] Removed set       : 0 new size: 32
c [arjun-simp] Removed eq lits: 0 new size: 32
c [arjun-simp] probe removed: 0 perc: 0.00 T: 0.08
c [occ] mem usage for occur      8 MB
c [occ] Linked in IRRED BIN by default: 86229
c [occ] Linked in RED   BIN by default: 138
c [occ] mem usage for occur      3 MB
c Mem for watch alloc      : 9           MB (19.76     %)
c Mem for watch array      : 2           MB (5.25      %)
c [cms-equiv-sub] equiv_subformula: 0 empty_occ: 0 T: 0.00
c [arjun-simp] equiv-subform removed: 0 perc: 0.00 total equiv_subform now: 0 T: 0.12
c [arjun-simp] IRREG-GATE-based removed: 0 perc: 0.00 T: 0.14
c [arjun] simplification finished  removed: 0 perc: 0.00 T: 1.30
c [arjun] Duplicating CNF...
c [arjun] Duplicated CNF. T: 0.15
c [arjun] CMS::simplify() with *only* BVE...
c [arjun] CMS::simplify() with *only* BVE finished. T: 8.45
c [arjun] Adding fixed clauses time: 0.00
c [arjun] Start unknown size: 32
c [arjun] backward round finished T: 0.75
c [arjun] get_indep_set finished T: 10.67
c ind 53169 53168 53167 53166 53165 53164 53163 53162 53161 53160 53159 53158 53157 53156 53155 53154 53153 53152 53151 53150 53149 53148 53147 53146 53145 53144 53143 53142 53141 53170 53140 53107 0
c [arjun] final set size:           32 percent of original: 100.0000 %
c [arjun] of which empty occs:       0 percent of original: 0.0000 %
c [appmc] Sampling set size: 32
c [appmc] Sampling set: 53107, 53140, 53141, 53142, 53143, 53144, 53145, 53146, 53147, 53148, 53149, 53150, 53151, 53152, 53153, 53154, 53155, 53156, 53157, 53158, 53159, 53160, 53161, 53162, 53163, 53164, 53165, 53166, 53167, 53168, 53169, 53170, 
c [appmc] threshold set to 72 sparse: 0
c [appmc] Starting up, initial measurement
c [appmc] Checking if there are at least threshold+1 solutions...
c [appmc] simplifying
c [appmc] [    3.05 ] bounded_sol_count looking for   73 solutions -- hashes active: 0
c [appmc] repeat solutions:      0 checked:      0 out of:      0
c [appmc] Starting at hash count: 1
c [appmc] [    3.07 ] round:  0 hashes:      1
c [appmc] [    3.07 ] bounded_sol_count looking for   73 solutions -- hashes active: 1
c [appmc] repeat solutions:     31 checked:     73 out of:     73
c [appmc] [    3.10 ] round:  0 hashes:      2
c [appmc] [    3.10 ] bounded_sol_count looking for   73 solutions -- hashes active: 2
c [appmc] repeat solutions:     36 checked:    115 out of:    115
c [appmc] [    3.12 ] round:  0 hashes:      4
c [appmc] [    3.12 ] bounded_sol_count looking for   73 solutions -- hashes active: 4
c [appmc] repeat solutions:     20 checked:    152 out of:    152
c [appmc] [    3.15 ] round:  0 hashes:      8
c [appmc] [    3.15 ] bounded_sol_count looking for   73 solutions -- hashes active: 8
c [appmc] repeat solutions:     10 checked:    205 out of:    205
c [appmc] [    3.19 ] round:  0 hashes:     16
c [appmc] [    3.19 ] bounded_sol_count looking for   73 solutions -- hashes active: 16
c [appmc] repeat solutions:      1 checked:    268 out of:    268
c [appmc] [    3.24 ] round:  0 hashes:     24
c [appmc] [    3.24 ] bounded_sol_count looking for   73 solutions -- hashes active: 24
c [appmc] repeat solutions:      0 checked:    340 out of:    340
c [appmc] [    3.28 ] round:  0 hashes:     28
c [appmc] [    3.28 ] bounded_sol_count looking for   73 solutions -- hashes active: 28
c [appmc] repeat solutions:      4 checked:    413 out of:    413
c [appmc] [    3.29 ] round:  0 hashes:     26
c [appmc] [    3.29 ] bounded_sol_count looking for   73 solutions -- hashes active: 26
c [appmc] repeat solutions:     28 checked:    413 out of:    425
c [appmc] [    3.32 ] round:  0 hashes:     25
c [appmc] [    3.32 ] bounded_sol_count looking for   73 solutions -- hashes active: 25
c [appmc] repeat solutions:     80 checked:    413 out of:    461
c [appmc] simplifying
c [appmc] [    3.41 ] round:  1 hashes:     26
c [appmc] [    3.41 ] bounded_sol_count looking for   73 solutions -- hashes active: 26
c [appmc] repeat solutions:      0 checked:     73 out of:     73
c [appmc] [    3.45 ] round:  1 hashes:     25
c [appmc] [    3.45 ] bounded_sol_count looking for   73 solutions -- hashes active: 25
c [appmc] repeat solutions:     64 checked:     73 out of:    137
c [appmc] simplifying
c [appmc] [    3.55 ] round:  2 hashes:     26
c [appmc] [    3.55 ] bounded_sol_count looking for   73 solutions -- hashes active: 26
c [appmc] repeat solutions:      0 checked:     73 out of:     73
c [appmc] [    3.59 ] round:  2 hashes:     25
c [appmc] [    3.59 ] bounded_sol_count looking for   73 solutions -- hashes active: 25
c [appmc] repeat solutions:     64 checked:     73 out of:    137
c [appmc] simplifying
c [appmc] [    3.70 ] round:  3 hashes:     26
c [appmc] [    3.70 ] bounded_sol_count looking for   73 solutions -- hashes active: 26
c [appmc] repeat solutions:      0 checked:     73 out of:     73
c [appmc] [    3.75 ] round:  3 hashes:     25
c [appmc] [    3.75 ] bounded_sol_count looking for   73 solutions -- hashes active: 25
c [appmc] repeat solutions:     64 checked:     73 out of:    137
c [appmc] simplifying
c [appmc] [    3.86 ] round:  4 hashes:     26
c [appmc] [    3.86 ] bounded_sol_count looking for   73 solutions -- hashes active: 26
c [appmc] repeat solutions:      0 checked:     73 out of:     73
c [appmc] [    3.90 ] round:  4 hashes:     25
c [appmc] [    3.90 ] bounded_sol_count looking for   73 solutions -- hashes active: 25
c [appmc] repeat solutions:     64 checked:     73 out of:    137
c [appmc] simplifying
c [appmc] [    4.00 ] round:  5 hashes:     26
c [appmc] [    4.00 ] bounded_sol_count looking for   73 solutions -- hashes active: 26
c [appmc] repeat solutions:      0 checked:     73 out of:     73
c [appmc] [    4.04 ] round:  5 hashes:     25
c [appmc] [    4.04 ] bounded_sol_count looking for   73 solutions -- hashes active: 25
c [appmc] repeat solutions:     64 checked:     73 out of:    137
c [appmc] simplifying
c [appmc] [    4.15 ] round:  6 hashes:     26
c [appmc] [    4.15 ] bounded_sol_count looking for   73 solutions -- hashes active: 26
c [appmc] repeat solutions:      0 checked:     73 out of:     73
c [appmc] [    4.19 ] round:  6 hashes:     25
c [appmc] [    4.19 ] bounded_sol_count looking for   73 solutions -- hashes active: 25
c [appmc] repeat solutions:     64 checked:     73 out of:    137
c [appmc] simplifying
c [appmc] [    4.31 ] round:  7 hashes:     26
c [appmc] [    4.31 ] bounded_sol_count looking for   73 solutions -- hashes active: 26
c [appmc] repeat solutions:      0 checked:     73 out of:     73
c [appmc] [    4.35 ] round:  7 hashes:     25
c [appmc] [    4.35 ] bounded_sol_count looking for   73 solutions -- hashes active: 25
c [appmc] repeat solutions:     64 checked:     73 out of:    137
c [appmc] simplifying
c [appmc] [    4.46 ] round:  8 hashes:     26
c [appmc] [    4.46 ] bounded_sol_count looking for   73 solutions -- hashes active: 26
c [appmc] repeat solutions:      0 checked:     73 out of:     73
c [appmc] [    4.51 ] round:  8 hashes:     25
c [appmc] [    4.51 ] bounded_sol_count looking for   73 solutions -- hashes active: 25
c [appmc] repeat solutions:     64 checked:     73 out of:    137
c [appmc] ApproxMC T: 4.52 s
c ------- FINAL TOTAL SEARCH STATS ---------
c UIP search time          : 0.27        (1.78      % time)
c restarts                 : 1055        (0.99      confls per restart)
c blocked restarts         : 0           (0.00      per normal restart)
c time                     : 0.27        
c decisions                : 148433      (0.00      % random)
c propagations             : 645K        (2350K     props/s)
c decisions/conflicts      : 142.72      
c conflicts                : 1040        
c conf lits non-minim      : 42640       (41.00     lit/confl)
c conf lits final          : 30.55       
c red which0               : 0           (0.00      % of confl)
c props/decision           : 0.00        
c props/conflict           : 0.00        
c 0-depth assigns          : 1034        (160.56    % vars)
c 0-depth assigns by CNF   : 1034        (160.56    % vars)
c reduceDB time            : 0.00        (0.00      % time)
c OccSimplifier time       : 4.39        (28.42     % time)
c [occur] 0.07 is overhead
c [occur] link-in T: 0.06 cleanup T: 0.01
c [occ-substr] long subBySub: 34133 subByStr: 44289 lits-rem-str: 46962 T: 4.17
c SCC time                 : 0.03        (0.17      % time)
c [scc] new: 995 BP 0M  T: 0.03
c vrep replace time        : 0.05        (0.31      % time)
c vrep tree roots          : 599         
c vrep trees' crown        : 995         (1.66      leafs/tree)
c distill long time        : 0.00        (0.00      % time)
c distill bin time         : 0.00        (0.00      % time)
c strength cache-irred time: 0.00        (0.00      % time)
c strength cache-red time  : 0.00        (0.00      % time)
c avg cls in red 0         : 0.00        
c avg cls in red 1         : 1401.89     
c avg cls in red 2         : 93.70       
c Conflicts in UIP         : 1040        (67.40     confl/time_this_thread)
c Max Memory (rss) used    : 119168 kB   
c Total time (this thread) : 15.43       
c [appmc+arjun] Total time: 15.43
c [appmc] Number of solutions is: 64*2**26
s SATISFIABLE
s mc 4294967296
** AMH **
c ApproxMC SHA revision efa1667e4e09b2d5f2c61042efe377ce3107fdd3
c ApproxMC version 4.0.1
c ApproxMC compilation env CMAKE_CXX_COMPILER = /usr/bin/c++ | CMAKE_CXX_FLAGS =  -Wall -Wextra -Wunused -Wsign-compare -fno-omit-frame-pointer -Wtype-limits -Wuninitialized -Wno-deprecated -Wstrict-aliasing -Wpointer-arith -fvisibility=hidden -Wpointer-arith -Wformat-nonliteral -Winit-self -Wparentheses -Wunreachable-code -g -fvisibility=hidden -Wlogical-op -Wrestrict -Wnull-dereference -Wdouble-promotion -Wshadow -Wformat=2 -Wextra-semi -pedantic | COMPILE_DEFINES =  -DBOOST_TEST_DYN_LINK | STATICCOMPILE = OFF | Boost_FOUND = TRUE | ZLIB_FOUND = TRUE | VALGRIND_FOUND =  | GMP_FOUND = TRUE | ENABLE_ASSERTIONS = ON | MY_TARGETS =  | compilation date time = Aug  8 2022 16:18:18
c ApproxMC compiled with gcc version 9.4.0
c CryptoMiniSat version 5.11.0
c CMS Copyright (C) 2009-2020 Authors of CryptoMiniSat, see AUTHORS file
c CMS SHA revision 716b89be078f98fb615cf30a1f663b4903c08d9d
c CMS is MIT licensed
c Using VMTF code by Armin Biere from CaDiCaL
c Using Yalsat by Armin Biere, see Balint et al. Improving implementation of SLS solvers [...], SAT'14
c Using WalkSAT by Henry Kautz, see Kautz and Selman Pushing the envelope: planning, propositional logic, and stochastic search, AAAI'96,
c Using code from 'When Boolean Satisfiability Meets Gauss-E. in a Simplex Way'
c       by C.-S. Han and J.-H. Roland Jiang in CAV 2012. Fixes by M. Soos
c Using CCAnr from 'CCAnr: A Conf. Checking Based Local Search Solver [...]'
c       by Shaowei Cai, Chuan Luo, and Kaile Su, SAT 2015
c CMS compilation env CMAKE_CXX_COMPILER = /usr/bin/c++ | CMAKE_CXX_FLAGS =  -fvisibility=hidden -Wall -Wextra -Wunused -Wsign-compare -fno-omit-frame-pointer -Wtype-limits -Wuninitialized -Wno-deprecated -Wstrict-aliasing -Wpointer-arith -Wpointer-arith -Wformat-nonliteral -Winit-self -Wparentheses -Wunreachable-code -g -Wno-class-memaccess -mpopcnt -msse4.2 -ggdb3 -Wlogical-op -Wrestrict -Wnull-dereference -Wdouble-promotion -Wshadow -Wformat=2 -Wextra-semi -pedantic | COMPILE_DEFINES =  -DRDB0_ONLY_FEATURES -DBOOST_TEST_DYN_LINK -DUSE_ZLIB -DYALSAT_FPU | STATICCOMPILE = OFF | ONLY_SIMPLE = OFF | Boost_FOUND = TRUE | STATS = OFF | SQLITE3_FOUND = FALSE | ZLIB_FOUND = TRUE | VALGRIND_FOUND =  | ENABLE_TESTING = OFF | M4RI_FOUND =  | NOM4RI = ON | SLOW_DEBUG = OFF | ENABLE_ASSERTIONS = ON | PYTHON_EXECUTABLE =  | PYTHON_LIBRARY =  | PYTHON_INCLUDE_DIRS =  | MY_TARGETS =  | LARGEMEM = OFF | LIMITMEM = OFF | BREAKID_LIBRARIES =  | BREAKID-VER = . | BOSPHORUS_LIBRARIES =  | BOSPH-VER = . | compilation date time = Aug  8 2022 16:16:45
c CMS compiled with gcc version 9.4.0
c executed with command line: approxmc -s 03 /experiments/results/count_up_down_true-unreach-call_true-termination-2.c/03/counterSharp/amh.dimacs
c Arjun SHA revision 416b100492d00bc51dbe98963e981906ddb47d83
c -- header says num vars:          53202
c -- header says num clauses:      314669
c WARNING: Empty line at line number 316182 -- this is not part of the DIMACS specifications (http://www.satcompetition.org/2009/format-benchmarks2009.html). Ignoring.
c -- clauses added: 314669
c -- xor clauses added: 0
c -- vars added 53202
c Original sampling vars: 1003 1004 1005 1006 1007 1008 1009 1010 1011 1012 1013 1014 1015 1016 1017 1018 1019 1020 1021 1022 1023 1024 1025 1026 1027 1028 1029 1030 1031 1032 1033 1034 
c [appmc] Orig sampling vars size: 32
c --> Executing OCC strategy token(s): 'occ-xor,'
c [occ] mem usage for occur     11 MB
c [occ] Linked in IRRED BIN by default: 197052
c [occ] Linked in RED   BIN by default: 0
c [occ] mem usage for occur      4 MB
c Mem for watch alloc      : 8           MB (25.33     %)
c Mem for watch array      : 3           MB (8.89      %)
c --> Executing OCC strategy token: occ-xor
c [occ-xor] sort occur list T: 0.02
c [xor-clean-equiv] removed equivalent xors: 0 left with: 15979
c [occ-xor] found  15979 avg sz 3.0 min sz  3 max sz  3 T: 0.05 T-out: N T-r: 99.69%
c [occ] mem usage for occur     11 MB
c [occ] Linked in IRRED BIN by default: 197052
c [occ] Linked in RED   BIN by default: 0
c [occ] mem usage for occur      4 MB
c Mem for watch alloc      : 8           MB (22.19     %)
c Mem for watch array      : 3           MB (7.79      %)
c [occ-gates] found:   20K avg-s: 2.0 T: 0.02 T-out: N T-r: 78.20%
c [occ] mem usage for occur     11 MB
c [occ] Linked in IRRED BIN by default: 197052
c [occ] Linked in RED   BIN by default: 0
c [occ] mem usage for occur      4 MB
c Mem for watch alloc      : 8           MB (21.35     %)
c Mem for watch array      : 3           MB (7.49      %)
c [arjun-simp] GATE-based Potential was: 0 Non-zero OCCs were: 0 removed: 0 perc: 0.00 T: 0.26
c [occ] mem usage for occur     11 MB
c [occ] Linked in IRRED BIN by default: 197052
c [occ] Linked in RED   BIN by default: 0
c [occ] mem usage for occur      4 MB
c Mem for watch alloc      : 8           MB (22.93     %)
c Mem for watch array      : 3           MB (8.04      %)
c [gate-definable] no-cls-match-filt: 0 pico ran: 31 unsat: 0 0-occ: 0 too-many-occ: 1 empty-res: 0
c [arjun-simp] IRREG-GATE-based removed: 0 perc: 0.00 T: 0.06
c [occ] mem usage for occur     11 MB
c [occ] Linked in IRRED BIN by default: 197052
c [occ] Linked in RED   BIN by default: 0
c [occ] mem usage for occur      4 MB
c Mem for watch alloc      : 8           MB (22.93     %)
c Mem for watch array      : 3           MB (8.04      %)
c [cms-equiv-sub] equiv_subformula: 0 empty_occ: 0 T: 0.00
c [arjun-simp] equiv-subform removed: 0 perc: 0.00 total equiv_subform now: 0 T: 0.04
c [arjun-simp] CMS::simplify() with no BVE, intree probe...
c [arjun-simp] CMS::simplify() with no BVE finished. T: 0.70
c [arjun-simp] Removed eq lits: 0 new size: 32
c [arjun-simp] Removed set       : 0 new size: 32
c [arjun-simp] Removed set       : 0 new size: 32
c [arjun-simp] Removed eq lits: 0 new size: 32
c [arjun-simp] probe removed: 0 perc: 0.00 T: 0.09
c [occ] mem usage for occur     10 MB
c [occ] Linked in IRRED BIN by default: 204582
c [occ] Linked in RED   BIN by default: 147
c [occ] mem usage for occur      3 MB
c Mem for watch alloc      : 13          MB (26.26     %)
c Mem for watch array      : 2           MB (4.84      %)
c [cms-equiv-sub] equiv_subformula: 0 empty_occ: 0 T: 0.00
c [arjun-simp] equiv-subform removed: 1 perc: 3.12 total equiv_subform now: 0 T: 0.15
c [arjun-simp] IRREG-GATE-based removed: 0 perc: 0.00 T: 0.21
c [arjun] simplification finished  removed: 1 perc: 3.12 T: 1.60
c [arjun] Duplicating CNF...
c [arjun] Duplicated CNF. T: 0.25
c [arjun] CMS::simplify() with *only* BVE...
c [arjun] CMS::simplify() with *only* BVE finished. T: 13.55
c [arjun] Adding fixed clauses time: 0.01
c [arjun] Start unknown size: 31
c [arjun] backward round finished T: 0.30
c [arjun] get_indep_set finished T: 15.73
c ind 53142 53141 53147 53146 53145 53144 53143 53169 53140 53107 0
c [arjun] final set size:           10 percent of original: 31.2500 %
c [arjun] of which empty occs:       0 percent of original: 0.0000 %
c [appmc] Sampling set size: 10
c [appmc] Sampling set: 53107, 53140, 53141, 53142, 53143, 53144, 53145, 53146, 53147, 53169, 
c [appmc] threshold set to 72 sparse: 0
c [appmc] Starting up, initial measurement
c [appmc] Checking if there are at least threshold+1 solutions...
c [appmc] simplifying
c [appmc] [    6.97 ] bounded_sol_count looking for   73 solutions -- hashes active: 0
c [appmc] repeat solutions:      0 checked:      0 out of:      0
c [appmc] Starting at hash count: 1
c [appmc] [    8.36 ] round:  0 hashes:      1
c [appmc] [    8.36 ] bounded_sol_count looking for   73 solutions -- hashes active: 1
c [appmc] repeat solutions:     35 checked:     73 out of:     73
c [appmc] [    9.15 ] round:  0 hashes:      2
c [appmc] [    9.15 ] bounded_sol_count looking for   73 solutions -- hashes active: 2
c [appmc] repeat solutions:     35 checked:    111 out of:    111
c [appmc] [    9.89 ] round:  0 hashes:      4
c [appmc] [    9.89 ] bounded_sol_count looking for   73 solutions -- hashes active: 4
c [appmc] repeat solutions:     19 checked:    149 out of:    149
c [appmc] [   10.69 ] round:  0 hashes:      3
c [appmc] [   10.69 ] bounded_sol_count looking for   73 solutions -- hashes active: 3
c [appmc] repeat solutions:     80 checked:    149 out of:    193
c [appmc] simplifying
c [appmc] [   14.79 ] round:  1 hashes:      4
c [appmc] [   14.79 ] bounded_sol_count looking for   73 solutions -- hashes active: 4
c [appmc] repeat solutions:      4 checked:     73 out of:     73
c [appmc] [   15.90 ] round:  1 hashes:      3
c [appmc] [   15.90 ] bounded_sol_count looking for   73 solutions -- hashes active: 3
c [appmc] repeat solutions:     66 checked:     73 out of:    131
c [appmc] simplifying
c [appmc] [   19.93 ] round:  2 hashes:      4
c [appmc] [   19.93 ] bounded_sol_count looking for   73 solutions -- hashes active: 4
c [appmc] repeat solutions:      0 checked:     73 out of:     73
c [appmc] [   21.12 ] round:  2 hashes:      3
c [appmc] [   21.12 ] bounded_sol_count looking for   73 solutions -- hashes active: 3
c [appmc] repeat solutions:     71 checked:     73 out of:    135
c [appmc] simplifying
c [appmc] [   25.09 ] round:  3 hashes:      4
c [appmc] [   25.09 ] bounded_sol_count looking for   73 solutions -- hashes active: 4
c [appmc] repeat solutions:      0 checked:     73 out of:     73
c [appmc] [   26.22 ] round:  3 hashes:      3
c [appmc] [   26.22 ] bounded_sol_count looking for   73 solutions -- hashes active: 3
c [appmc] repeat solutions:     71 checked:     73 out of:    136
c [appmc] simplifying
c [appmc] [   30.07 ] round:  4 hashes:      4
c [appmc] [   30.07 ] bounded_sol_count looking for   73 solutions -- hashes active: 4
c [appmc] repeat solutions:      4 checked:     73 out of:     73
c [appmc] [   31.19 ] round:  4 hashes:      3
c [appmc] [   31.19 ] bounded_sol_count looking for   73 solutions -- hashes active: 3
c [appmc] repeat solutions:     68 checked:     73 out of:    133
c [appmc] simplifying
c [appmc] [   35.10 ] round:  5 hashes:      4
c [appmc] [   35.10 ] bounded_sol_count looking for   73 solutions -- hashes active: 4
c [appmc] repeat solutions:      4 checked:     73 out of:     73
c [appmc] [   36.14 ] round:  5 hashes:      3
c [appmc] [   36.14 ] bounded_sol_count looking for   73 solutions -- hashes active: 3
c [appmc] repeat solutions:     67 checked:     73 out of:    131
c [appmc] simplifying
c [appmc] [   40.04 ] round:  6 hashes:      4
c [appmc] [   40.04 ] bounded_sol_count looking for   73 solutions -- hashes active: 4
c [appmc] repeat solutions:      4 checked:     73 out of:     73
c [appmc] [   41.12 ] round:  6 hashes:      3
c [appmc] [   41.12 ] bounded_sol_count looking for   73 solutions -- hashes active: 3
c [appmc] repeat solutions:     65 checked:     73 out of:    130
c [appmc] simplifying
c [appmc] [   45.22 ] round:  7 hashes:      4
c [appmc] [   45.22 ] bounded_sol_count looking for   73 solutions -- hashes active: 4
c [appmc] repeat solutions:      4 checked:     73 out of:     73
c [appmc] [   46.45 ] round:  7 hashes:      3
c [appmc] [   46.45 ] bounded_sol_count looking for   73 solutions -- hashes active: 3
c [appmc] repeat solutions:     67 checked:     73 out of:    131
c [appmc] simplifying
c [appmc] [   50.38 ] round:  8 hashes:      4
c [appmc] [   50.38 ] bounded_sol_count looking for   73 solutions -- hashes active: 4
c [appmc] repeat solutions:      5 checked:     73 out of:     73
c [appmc] [   51.44 ] round:  8 hashes:      3
c [appmc] [   51.44 ] bounded_sol_count looking for   73 solutions -- hashes active: 3
c [appmc] repeat solutions:     66 checked:     73 out of:    130
c [appmc] ApproxMC T: 51.56 s
c ------- FINAL TOTAL SEARCH STATS ---------
c UIP search time          : 11.93       (17.60     % time)
c restarts                 : 718         (1.02      confls per restart)
c blocked restarts         : 0           (0.00      per normal restart)
c time                     : 11.93       
c decisions                : 6884        (0.00      % random)
c propagations             : 17340K      (1454K     props/s)
c decisions/conflicts      : 9.40        
c conflicts                : 732         
c conf lits non-minim      : 26651       (36.41     lit/confl)
c conf lits final          : 9.98        
c red which0               : 5           (0.68      % of confl)
c props/decision           : 0.00        
c props/conflict           : 0.00        
c 0-depth assigns          : 531         (2.22      % vars)
c 0-depth assigns by CNF   : 531         (2.22      % vars)
c reduceDB time            : 0.00        (0.00      % time)
c OccSimplifier time       : 34.00       (50.18     % time)
c [occur] 1.53 is overhead
c [occur] link-in T: 0.85 cleanup T: 0.68
c [occ-substr] long subBySub: 17415 subByStr: 19818 lits-rem-str: 159579 T: 30.39
c SCC time                 : 0.22        (0.33      % time)
c [scc] new: 1189 BP 3M  T: 0.22
c vrep replace time        : 0.09        (0.14      % time)
c vrep tree roots          : 512         
c vrep trees' crown        : 1110        (2.17      leafs/tree)
c distill long time        : 0.00        (0.00      % time)
c distill bin time         : 0.00        (0.00      % time)
c strength cache-irred time: 0.00        (0.00      % time)
c strength cache-red time  : 0.00        (0.00      % time)
c avg cls in red 0         : 1.76        
c avg cls in red 1         : 32940.92    
c avg cls in red 2         : 43.94       
c Conflicts in UIP         : 732         (10.80     confl/time_this_thread)
c Max Memory (rss) used    : 155768 kB   
c Total time (this thread) : 67.76       
c [appmc+arjun] Total time: 67.76
c [appmc] Number of solutions is: 62*2**4
s SATISFIABLE
s mc 992
** ASM **
c ApproxMC SHA revision efa1667e4e09b2d5f2c61042efe377ce3107fdd3
c ApproxMC version 4.0.1
c ApproxMC compilation env CMAKE_CXX_COMPILER = /usr/bin/c++ | CMAKE_CXX_FLAGS =  -Wall -Wextra -Wunused -Wsign-compare -fno-omit-frame-pointer -Wtype-limits -Wuninitialized -Wno-deprecated -Wstrict-aliasing -Wpointer-arith -fvisibility=hidden -Wpointer-arith -Wformat-nonliteral -Winit-self -Wparentheses -Wunreachable-code -g -fvisibility=hidden -Wlogical-op -Wrestrict -Wnull-dereference -Wdouble-promotion -Wshadow -Wformat=2 -Wextra-semi -pedantic | COMPILE_DEFINES =  -DBOOST_TEST_DYN_LINK | STATICCOMPILE = OFF | Boost_FOUND = TRUE | ZLIB_FOUND = TRUE | VALGRIND_FOUND =  | GMP_FOUND = TRUE | ENABLE_ASSERTIONS = ON | MY_TARGETS =  | compilation date time = Aug  8 2022 16:18:18
c ApproxMC compiled with gcc version 9.4.0
c CryptoMiniSat version 5.11.0
c CMS Copyright (C) 2009-2020 Authors of CryptoMiniSat, see AUTHORS file
c CMS SHA revision 716b89be078f98fb615cf30a1f663b4903c08d9d
c CMS is MIT licensed
c Using VMTF code by Armin Biere from CaDiCaL
c Using Yalsat by Armin Biere, see Balint et al. Improving implementation of SLS solvers [...], SAT'14
c Using WalkSAT by Henry Kautz, see Kautz and Selman Pushing the envelope: planning, propositional logic, and stochastic search, AAAI'96,
c Using code from 'When Boolean Satisfiability Meets Gauss-E. in a Simplex Way'
c       by C.-S. Han and J.-H. Roland Jiang in CAV 2012. Fixes by M. Soos
c Using CCAnr from 'CCAnr: A Conf. Checking Based Local Search Solver [...]'
c       by Shaowei Cai, Chuan Luo, and Kaile Su, SAT 2015
c CMS compilation env CMAKE_CXX_COMPILER = /usr/bin/c++ | CMAKE_CXX_FLAGS =  -fvisibility=hidden -Wall -Wextra -Wunused -Wsign-compare -fno-omit-frame-pointer -Wtype-limits -Wuninitialized -Wno-deprecated -Wstrict-aliasing -Wpointer-arith -Wpointer-arith -Wformat-nonliteral -Winit-self -Wparentheses -Wunreachable-code -g -Wno-class-memaccess -mpopcnt -msse4.2 -ggdb3 -Wlogical-op -Wrestrict -Wnull-dereference -Wdouble-promotion -Wshadow -Wformat=2 -Wextra-semi -pedantic | COMPILE_DEFINES =  -DRDB0_ONLY_FEATURES -DBOOST_TEST_DYN_LINK -DUSE_ZLIB -DYALSAT_FPU | STATICCOMPILE = OFF | ONLY_SIMPLE = OFF | Boost_FOUND = TRUE | STATS = OFF | SQLITE3_FOUND = FALSE | ZLIB_FOUND = TRUE | VALGRIND_FOUND =  | ENABLE_TESTING = OFF | M4RI_FOUND =  | NOM4RI = ON | SLOW_DEBUG = OFF | ENABLE_ASSERTIONS = ON | PYTHON_EXECUTABLE =  | PYTHON_LIBRARY =  | PYTHON_INCLUDE_DIRS =  | MY_TARGETS =  | LARGEMEM = OFF | LIMITMEM = OFF | BREAKID_LIBRARIES =  | BREAKID-VER = . | BOSPHORUS_LIBRARIES =  | BOSPH-VER = . | compilation date time = Aug  8 2022 16:16:45
c CMS compiled with gcc version 9.4.0
c executed with command line: approxmc -s 03 /experiments/results/count_up_down_true-unreach-call_true-termination-2.c/03/counterSharp/asm.dimacs
c Arjun SHA revision 416b100492d00bc51dbe98963e981906ddb47d83
c -- header says num vars:          53204
c -- header says num clauses:      314675
c WARNING: Empty line at line number 316190 -- this is not part of the DIMACS specifications (http://www.satcompetition.org/2009/format-benchmarks2009.html). Ignoring.
c -- clauses added: 314675
c -- xor clauses added: 0
c -- vars added 53204
c Original sampling vars: 1003 1004 1005 1006 1007 1008 1009 1010 1011 1012 1013 1014 1015 1016 1017 1018 1019 1020 1021 1022 1023 1024 1025 1026 1027 1028 1029 1030 1031 1032 1033 1034 
c [appmc] Orig sampling vars size: 32
c --> Executing OCC strategy token(s): 'occ-xor,'
c [occ] mem usage for occur     11 MB
c [occ] Linked in IRRED BIN by default: 197016
c [occ] Linked in RED   BIN by default: 0
c [occ] mem usage for occur      4 MB
c Mem for watch alloc      : 8           MB (25.30     %)
c Mem for watch array      : 3           MB (8.88      %)
c --> Executing OCC strategy token: occ-xor
c [occ-xor] sort occur list T: 0.02
c [xor-clean-equiv] removed equivalent xors: 0 left with: 15979
c [occ-xor] found  15979 avg sz 3.0 min sz  3 max sz  3 T: 0.04 T-out: N T-r: 99.69%
c [occ] mem usage for occur     11 MB
c [occ] Linked in IRRED BIN by default: 197016
c [occ] Linked in RED   BIN by default: 0
c [occ] mem usage for occur      4 MB
c Mem for watch alloc      : 8           MB (22.17     %)
c Mem for watch array      : 3           MB (7.78      %)
c [occ-gates] found:   20K avg-s: 2.0 T: 0.02 T-out: N T-r: 78.20%
c [occ] mem usage for occur     11 MB
c [occ] Linked in IRRED BIN by default: 197016
c [occ] Linked in RED   BIN by default: 0
c [occ] mem usage for occur      4 MB
c Mem for watch alloc      : 8           MB (21.33     %)
c Mem for watch array      : 3           MB (7.48      %)
c [arjun-simp] GATE-based Potential was: 0 Non-zero OCCs were: 0 removed: 0 perc: 0.00 T: 0.24
c [occ] mem usage for occur     11 MB
c [occ] Linked in IRRED BIN by default: 197016
c [occ] Linked in RED   BIN by default: 0
c [occ] mem usage for occur      4 MB
c Mem for watch alloc      : 8           MB (22.91     %)
c Mem for watch array      : 3           MB (8.04      %)
c [gate-definable] no-cls-match-filt: 0 pico ran: 31 unsat: 0 0-occ: 0 too-many-occ: 1 empty-res: 0
c [arjun-simp] IRREG-GATE-based removed: 0 perc: 0.00 T: 0.05
c [occ] mem usage for occur     11 MB
c [occ] Linked in IRRED BIN by default: 197016
c [occ] Linked in RED   BIN by default: 0
c [occ] mem usage for occur      4 MB
c Mem for watch alloc      : 8           MB (22.91     %)
c Mem for watch array      : 3           MB (8.04      %)
c [cms-equiv-sub] equiv_subformula: 0 empty_occ: 0 T: 0.00
c [arjun-simp] equiv-subform removed: 0 perc: 0.00 total equiv_subform now: 0 T: 0.04
c [arjun-simp] CMS::simplify() with no BVE, intree probe...
c [arjun-simp] CMS::simplify() with no BVE finished. T: 0.81
c [arjun-simp] Removed eq lits: 0 new size: 32
c [arjun-simp] Removed set       : 0 new size: 32
c [arjun-simp] Removed set       : 0 new size: 32
c [arjun-simp] Removed eq lits: 0 new size: 32
c [arjun-simp] probe removed: 0 perc: 0.00 T: 0.08
c [occ] mem usage for occur     10 MB
c [occ] Linked in IRRED BIN by default: 204550
c [occ] Linked in RED   BIN by default: 147
c [occ] mem usage for occur      3 MB
c Mem for watch alloc      : 13          MB (26.22     %)
c Mem for watch array      : 2           MB (4.83      %)
c [cms-equiv-sub] equiv_subformula: 0 empty_occ: 0 T: 0.00
c [arjun-simp] equiv-subform removed: 1 perc: 3.12 total equiv_subform now: 0 T: 0.15
c [arjun-simp] IRREG-GATE-based removed: 0 perc: 0.00 T: 0.17
c [arjun] simplification finished  removed: 1 perc: 3.12 T: 1.65
c [arjun] Duplicating CNF...
c [arjun] Duplicated CNF. T: 0.19
c [arjun] CMS::simplify() with *only* BVE...
c [arjun] CMS::simplify() with *only* BVE finished. T: 14.83
c [arjun] Adding fixed clauses time: 0.00
c [arjun] Start unknown size: 31
c [arjun] backward round finished T: 2.17
c [arjun] get_indep_set finished T: 18.85
c ind 53144 53143 53149 53148 53147 53146 53145 53171 53142 53109 0
c [arjun] final set size:           10 percent of original: 31.2500 %
c [arjun] of which empty occs:       0 percent of original: 0.0000 %
c [appmc] Sampling set size: 10
c [appmc] Sampling set: 53109, 53142, 53143, 53144, 53145, 53146, 53147, 53148, 53149, 53171, 
c [appmc] threshold set to 72 sparse: 0
c [appmc] Starting up, initial measurement
c [appmc] Checking if there are at least threshold+1 solutions...
c [appmc] simplifying
c [appmc] [    7.87 ] bounded_sol_count looking for   73 solutions -- hashes active: 0
c [appmc] repeat solutions:      0 checked:      0 out of:      0
c [appmc] Starting at hash count: 1
c [appmc] [    9.55 ] round:  0 hashes:      1
c [appmc] [    9.55 ] bounded_sol_count looking for   73 solutions -- hashes active: 1
c [appmc] repeat solutions:     35 checked:     73 out of:     73
c [appmc] [   10.76 ] round:  0 hashes:      2
c [appmc] [   10.76 ] bounded_sol_count looking for   73 solutions -- hashes active: 2
c [appmc] repeat solutions:     37 checked:    111 out of:    111
c [appmc] [   11.70 ] round:  0 hashes:      4
c [appmc] [   11.70 ] bounded_sol_count looking for   73 solutions -- hashes active: 4
c [appmc] repeat solutions:     19 checked:    147 out of:    147
c [appmc] [   12.11 ] round:  0 hashes:      3
c [appmc] [   12.11 ] bounded_sol_count looking for   73 solutions -- hashes active: 3
c [appmc] repeat solutions:     49 checked:    147 out of:    160
c [appmc] simplifying
c [appmc] [   16.36 ] round:  1 hashes:      3
c [appmc] [   16.36 ] bounded_sol_count looking for   73 solutions -- hashes active: 3
c [appmc] repeat solutions:     11 checked:     73 out of:     73
c [appmc] [   17.77 ] round:  1 hashes:      2
c [appmc] [   17.77 ] bounded_sol_count looking for   73 solutions -- hashes active: 2
c [appmc] repeat solutions:     71 checked:     73 out of:    124
c [appmc] simplifying
c [appmc] [   21.72 ] round:  2 hashes:      3
c [appmc] [   21.72 ] bounded_sol_count looking for   73 solutions -- hashes active: 3
c [appmc] repeat solutions:     11 checked:     73 out of:     73
c [appmc] [   23.21 ] round:  2 hashes:      2
c [appmc] [   23.21 ] bounded_sol_count looking for   73 solutions -- hashes active: 2
c [appmc] repeat solutions:     74 checked:     73 out of:    124
c [appmc] simplifying
c [appmc] [   27.24 ] round:  3 hashes:      3
c [appmc] [   27.24 ] bounded_sol_count looking for   73 solutions -- hashes active: 3
c [appmc] repeat solutions:      8 checked:     73 out of:     73
c [appmc] [   28.73 ] round:  3 hashes:      2
c [appmc] [   28.73 ] bounded_sol_count looking for   73 solutions -- hashes active: 2
c [appmc] repeat solutions:     71 checked:     73 out of:    127
c [appmc] simplifying
c [appmc] [   33.03 ] round:  4 hashes:      3
c [appmc] [   33.03 ] bounded_sol_count looking for   73 solutions -- hashes active: 3
c [appmc] repeat solutions:      9 checked:     73 out of:     73
c [appmc] [   34.67 ] round:  4 hashes:      2
c [appmc] [   34.67 ] bounded_sol_count looking for   73 solutions -- hashes active: 2
c [appmc] repeat solutions:     72 checked:     73 out of:    126
c [appmc] simplifying
c [appmc] [   38.95 ] round:  5 hashes:      3
c [appmc] [   38.95 ] bounded_sol_count looking for   73 solutions -- hashes active: 3
c [appmc] repeat solutions:      8 checked:     73 out of:     73
c [appmc] [   40.46 ] round:  5 hashes:      2
c [appmc] [   40.46 ] bounded_sol_count looking for   73 solutions -- hashes active: 2
c [appmc] repeat solutions:     73 checked:     73 out of:    129
c [appmc] simplifying
c [appmc] [   44.38 ] round:  6 hashes:      3
c [appmc] [   44.38 ] bounded_sol_count looking for   73 solutions -- hashes active: 3
c [appmc] repeat solutions:      8 checked:     73 out of:     73
c [appmc] [   45.88 ] round:  6 hashes:      2
c [appmc] [   45.88 ] bounded_sol_count looking for   73 solutions -- hashes active: 2
c [appmc] repeat solutions:     74 checked:     73 out of:    129
c [appmc] simplifying
c [appmc] [   49.81 ] round:  7 hashes:      3
c [appmc] [   49.81 ] bounded_sol_count looking for   73 solutions -- hashes active: 3
c [appmc] repeat solutions:      0 checked:     73 out of:     73
c [appmc] [   51.36 ] round:  7 hashes:      2
c [appmc] [   51.36 ] bounded_sol_count looking for   73 solutions -- hashes active: 2
c [appmc] repeat solutions:     80 checked:     73 out of:    134
c [appmc] simplifying
c [appmc] [   55.47 ] round:  8 hashes:      3
c [appmc] [   55.47 ] bounded_sol_count looking for   73 solutions -- hashes active: 3
c [appmc] repeat solutions:     11 checked:     73 out of:     73
c [appmc] [   56.87 ] round:  8 hashes:      2
c [appmc] [   56.87 ] bounded_sol_count looking for   73 solutions -- hashes active: 2
c [appmc] repeat solutions:     71 checked:     73 out of:    126
c [appmc] ApproxMC T: 56.90 s
c ------- FINAL TOTAL SEARCH STATS ---------
c UIP search time          : 15.44       (20.26     % time)
c restarts                 : 626         (2.03      confls per restart)
c blocked restarts         : 0           (0.00      per normal restart)
c time                     : 15.44       
c decisions                : 6014        (0.00      % random)
c propagations             : 20M         (1306K     props/s)
c decisions/conflicts      : 4.74        
c conflicts                : 1269        
c conf lits non-minim      : 1222493     (963.35    lit/confl)
c conf lits final          : 18.65       
c red which0               : 47          (3.70      % of confl)
c props/decision           : 0.00        
c props/conflict           : 0.00        
c 0-depth assigns          : 536         (2.23      % vars)
c 0-depth assigns by CNF   : 536         (2.23      % vars)
c reduceDB time            : 0.00        (0.00      % time)
c OccSimplifier time       : 35.33       (46.35     % time)
c [occur] 1.59 is overhead
c [occur] link-in T: 0.91 cleanup T: 0.68
c [occ-substr] long subBySub: 17531 subByStr: 19808 lits-rem-str: 168267 T: 31.57
c SCC time                 : 0.23        (0.30      % time)
c [scc] new: 1151 BP 3M  T: 0.23
c vrep replace time        : 0.07        (0.09      % time)
c vrep tree roots          : 511         
c vrep trees' crown        : 1108        (2.17      leafs/tree)
c distill long time        : 0.00        (0.00      % time)
c distill bin time         : 0.00        (0.00      % time)
c strength cache-irred time: 0.00        (0.00      % time)
c strength cache-red time  : 0.00        (0.00      % time)
c avg cls in red 0         : 29.31       
c avg cls in red 1         : 32939.91    
c avg cls in red 2         : 69.55       
c Conflicts in UIP         : 1269        (16.65     confl/time_this_thread)
c Max Memory (rss) used    : 157540 kB   
c Total time (this thread) : 76.22       
c [appmc+arjun] Total time: 76.22
c [appmc] Number of solutions is: 62*2**3
s SATISFIABLE
s mc 496
** ASH **
c ApproxMC SHA revision efa1667e4e09b2d5f2c61042efe377ce3107fdd3
c ApproxMC version 4.0.1
c ApproxMC compilation env CMAKE_CXX_COMPILER = /usr/bin/c++ | CMAKE_CXX_FLAGS =  -Wall -Wextra -Wunused -Wsign-compare -fno-omit-frame-pointer -Wtype-limits -Wuninitialized -Wno-deprecated -Wstrict-aliasing -Wpointer-arith -fvisibility=hidden -Wpointer-arith -Wformat-nonliteral -Winit-self -Wparentheses -Wunreachable-code -g -fvisibility=hidden -Wlogical-op -Wrestrict -Wnull-dereference -Wdouble-promotion -Wshadow -Wformat=2 -Wextra-semi -pedantic | COMPILE_DEFINES =  -DBOOST_TEST_DYN_LINK | STATICCOMPILE = OFF | Boost_FOUND = TRUE | ZLIB_FOUND = TRUE | VALGRIND_FOUND =  | GMP_FOUND = TRUE | ENABLE_ASSERTIONS = ON | MY_TARGETS =  | compilation date time = Aug  8 2022 16:18:18
c ApproxMC compiled with gcc version 9.4.0
c CryptoMiniSat version 5.11.0
c CMS Copyright (C) 2009-2020 Authors of CryptoMiniSat, see AUTHORS file
c CMS SHA revision 716b89be078f98fb615cf30a1f663b4903c08d9d
c CMS is MIT licensed
c Using VMTF code by Armin Biere from CaDiCaL
c Using Yalsat by Armin Biere, see Balint et al. Improving implementation of SLS solvers [...], SAT'14
c Using WalkSAT by Henry Kautz, see Kautz and Selman Pushing the envelope: planning, propositional logic, and stochastic search, AAAI'96,
c Using code from 'When Boolean Satisfiability Meets Gauss-E. in a Simplex Way'
c       by C.-S. Han and J.-H. Roland Jiang in CAV 2012. Fixes by M. Soos
c Using CCAnr from 'CCAnr: A Conf. Checking Based Local Search Solver [...]'
c       by Shaowei Cai, Chuan Luo, and Kaile Su, SAT 2015
c CMS compilation env CMAKE_CXX_COMPILER = /usr/bin/c++ | CMAKE_CXX_FLAGS =  -fvisibility=hidden -Wall -Wextra -Wunused -Wsign-compare -fno-omit-frame-pointer -Wtype-limits -Wuninitialized -Wno-deprecated -Wstrict-aliasing -Wpointer-arith -Wpointer-arith -Wformat-nonliteral -Winit-self -Wparentheses -Wunreachable-code -g -Wno-class-memaccess -mpopcnt -msse4.2 -ggdb3 -Wlogical-op -Wrestrict -Wnull-dereference -Wdouble-promotion -Wshadow -Wformat=2 -Wextra-semi -pedantic | COMPILE_DEFINES =  -DRDB0_ONLY_FEATURES -DBOOST_TEST_DYN_LINK -DUSE_ZLIB -DYALSAT_FPU | STATICCOMPILE = OFF | ONLY_SIMPLE = OFF | Boost_FOUND = TRUE | STATS = OFF | SQLITE3_FOUND = FALSE | ZLIB_FOUND = TRUE | VALGRIND_FOUND =  | ENABLE_TESTING = OFF | M4RI_FOUND =  | NOM4RI = ON | SLOW_DEBUG = OFF | ENABLE_ASSERTIONS = ON | PYTHON_EXECUTABLE =  | PYTHON_LIBRARY =  | PYTHON_INCLUDE_DIRS =  | MY_TARGETS =  | LARGEMEM = OFF | LIMITMEM = OFF | BREAKID_LIBRARIES =  | BREAKID-VER = . | BOSPHORUS_LIBRARIES =  | BOSPH-VER = . | compilation date time = Aug  8 2022 16:16:45
c CMS compiled with gcc version 9.4.0
c executed with command line: approxmc -s 03 /experiments/results/count_up_down_true-unreach-call_true-termination-2.c/03/counterSharp/ash.dimacs
c Arjun SHA revision 416b100492d00bc51dbe98963e981906ddb47d83
c -- header says num vars:          53204
c -- header says num clauses:      314675
c WARNING: Empty line at line number 316190 -- this is not part of the DIMACS specifications (http://www.satcompetition.org/2009/format-benchmarks2009.html). Ignoring.
c -- clauses added: 314675
c -- xor clauses added: 0
c -- vars added 53204
c Original sampling vars: 1003 1004 1005 1006 1007 1008 1009 1010 1011 1012 1013 1014 1015 1016 1017 1018 1019 1020 1021 1022 1023 1024 1025 1026 1027 1028 1029 1030 1031 1032 1033 1034 
c [appmc] Orig sampling vars size: 32
c --> Executing OCC strategy token(s): 'occ-xor,'
c [occ] mem usage for occur     11 MB
c [occ] Linked in IRRED BIN by default: 196909
c [occ] Linked in RED   BIN by default: 0
c [occ] mem usage for occur      4 MB
c Mem for watch alloc      : 8           MB (25.34     %)
c Mem for watch array      : 3           MB (8.90      %)
c --> Executing OCC strategy token: occ-xor
c [occ-xor] sort occur list T: 0.02
c [xor-clean-equiv] removed equivalent xors: 0 left with: 15945
c [occ-xor] found  15945 avg sz 3.0 min sz  3 max sz  3 T: 0.04 T-out: N T-r: 99.69%
c [occ] mem usage for occur     11 MB
c [occ] Linked in IRRED BIN by default: 196909
c [occ] Linked in RED   BIN by default: 0
c [occ] mem usage for occur      4 MB
c Mem for watch alloc      : 8           MB (22.19     %)
c Mem for watch array      : 3           MB (7.79      %)
c [occ-gates] found: 20000 avg-s: 2.0 T: 0.02 T-out: N T-r: 78.23%
c [occ] mem usage for occur     11 MB
c [occ] Linked in IRRED BIN by default: 196909
c [occ] Linked in RED   BIN by default: 0
c [occ] mem usage for occur      4 MB
c Mem for watch alloc      : 8           MB (21.36     %)
c Mem for watch array      : 3           MB (7.49      %)
c [arjun-simp] GATE-based Potential was: 0 Non-zero OCCs were: 0 removed: 0 perc: 0.00 T: 0.24
c [occ] mem usage for occur     11 MB
c [occ] Linked in IRRED BIN by default: 196909
c [occ] Linked in RED   BIN by default: 0
c [occ] mem usage for occur      4 MB
c Mem for watch alloc      : 8           MB (22.93     %)
c Mem for watch array      : 3           MB (8.05      %)
c [gate-definable] no-cls-match-filt: 0 pico ran: 8 unsat: 0 0-occ: 0 too-many-occ: 1 empty-res: 0
c [arjun-simp] IRREG-GATE-based removed: 23 perc: 71.88 T: 0.06
c [occ] mem usage for occur     11 MB
c [occ] Linked in IRRED BIN by default: 196909
c [occ] Linked in RED   BIN by default: 0
c [occ] mem usage for occur      4 MB
c Mem for watch alloc      : 8           MB (22.93     %)
c Mem for watch array      : 3           MB (8.05      %)
c [cms-equiv-sub] equiv_subformula: 0 empty_occ: 0 T: 0.00
c [arjun-simp] equiv-subform removed: 0 perc: 0.00 total equiv_subform now: 0 T: 0.04
c [arjun-simp] CMS::simplify() with no BVE, intree probe...
c [arjun-simp] CMS::simplify() with no BVE finished. T: 0.73
c [arjun-simp] Removed eq lits: 0 new size: 9
c [arjun-simp] Removed set       : 0 new size: 9
c [arjun-simp] Removed set       : 0 new size: 9
c [arjun-simp] Removed eq lits: 0 new size: 9
c [arjun-simp] probe removed: 0 perc: 0.00 T: 0.12
c [occ] mem usage for occur     10 MB
c [occ] Linked in IRRED BIN by default: 204358
c [occ] Linked in RED   BIN by default: 120
c [occ] mem usage for occur      3 MB
c Mem for watch alloc      : 13          MB (26.23     %)
c Mem for watch array      : 2           MB (4.84      %)
c [cms-equiv-sub] equiv_subformula: 0 empty_occ: 0 T: 0.00
c [arjun-simp] equiv-subform removed: 0 perc: 0.00 total equiv_subform now: 0 T: 0.17
c [arjun-simp] IRREG-GATE-based removed: 0 perc: 0.00 T: 0.16
c [arjun] simplification finished  removed: 23 perc: 71.88 T: 1.67
c [arjun] Duplicating CNF...
c [arjun] Duplicated CNF. T: 0.17
c [arjun] CMS::simplify() with *only* BVE...
c [arjun] CMS::simplify() with *only* BVE finished. T: 14.70
c [arjun] Adding fixed clauses time: 0.00
c [arjun] Start unknown size: 9
c [arjun] backward round finished T: 0.31
c [arjun] get_indep_set finished T: 16.86
c ind 53094 53088 53087 53093 53092 53091 53090 53089 53109 0
c [arjun] final set size:            9 percent of original: 28.1250 %
c [arjun] of which empty occs:       0 percent of original: 0.0000 %
c [appmc] Sampling set size: 9
c [appmc] Sampling set: 53087, 53088, 53089, 53090, 53091, 53092, 53093, 53094, 53109, 
c [appmc] threshold set to 72 sparse: 0
c [appmc] Starting up, initial measurement
c [appmc] Checking if there are at least threshold+1 solutions...
c [appmc] simplifying
c [appmc] [    8.03 ] bounded_sol_count looking for   73 solutions -- hashes active: 0
c [appmc] repeat solutions:      0 checked:      0 out of:      0
c [appmc] Starting at hash count: 1
c [appmc] [    9.47 ] round:  0 hashes:      1
c [appmc] [    9.47 ] bounded_sol_count looking for   73 solutions -- hashes active: 1
c [appmc] repeat solutions:     37 checked:     73 out of:     73
c [appmc] [   10.20 ] round:  0 hashes:      2
c [appmc] [   10.20 ] bounded_sol_count looking for   73 solutions -- hashes active: 2
c [appmc] repeat solutions:     38 checked:    109 out of:    109
c [appmc] [   10.97 ] round:  0 hashes:      4
c [appmc] [   10.97 ] bounded_sol_count looking for   73 solutions -- hashes active: 4
c [appmc] repeat solutions:     21 checked:    144 out of:    144
c [appmc] [   11.26 ] round:  0 hashes:      3
c [appmc] [   11.26 ] bounded_sol_count looking for   73 solutions -- hashes active: 3
c [appmc] repeat solutions:     48 checked:    144 out of:    155
c [appmc] simplifying
c [appmc] [   15.56 ] round:  1 hashes:      3
c [appmc] [   15.56 ] bounded_sol_count looking for   73 solutions -- hashes active: 3
c [appmc] repeat solutions:      9 checked:     73 out of:     73
c [appmc] [   16.63 ] round:  1 hashes:      2
c [appmc] [   16.63 ] bounded_sol_count looking for   73 solutions -- hashes active: 2
c [appmc] repeat solutions:     71 checked:     73 out of:    126
c [appmc] simplifying
c [appmc] [   20.70 ] round:  2 hashes:      3
c [appmc] [   20.70 ] bounded_sol_count looking for   73 solutions -- hashes active: 3
c [appmc] repeat solutions:      4 checked:     73 out of:     73
c [appmc] [   21.84 ] round:  2 hashes:      2
c [appmc] [   21.84 ] bounded_sol_count looking for   73 solutions -- hashes active: 2
c [appmc] repeat solutions:     75 checked:     73 out of:    132
c [appmc] simplifying
c [appmc] [   25.71 ] round:  3 hashes:      3
c [appmc] [   25.71 ] bounded_sol_count looking for   73 solutions -- hashes active: 3
c [appmc] repeat solutions:      8 checked:     73 out of:     73
c [appmc] [   26.76 ] round:  3 hashes:      2
c [appmc] [   26.76 ] bounded_sol_count looking for   73 solutions -- hashes active: 2
c [appmc] repeat solutions:     72 checked:     73 out of:    127
c [appmc] simplifying
c [appmc] [   30.82 ] round:  4 hashes:      3
c [appmc] [   30.82 ] bounded_sol_count looking for   73 solutions -- hashes active: 3
c [appmc] repeat solutions:      9 checked:     73 out of:     73
c [appmc] [   31.82 ] round:  4 hashes:      2
c [appmc] [   31.82 ] bounded_sol_count looking for   73 solutions -- hashes active: 2
c [appmc] repeat solutions:     71 checked:     73 out of:    126
c [appmc] simplifying
c [appmc] [   35.84 ] round:  5 hashes:      3
c [appmc] [   35.85 ] bounded_sol_count looking for   73 solutions -- hashes active: 3
c [appmc] repeat solutions:     11 checked:     73 out of:     73
c [appmc] [   36.84 ] round:  5 hashes:      2
c [appmc] [   36.84 ] bounded_sol_count looking for   73 solutions -- hashes active: 2
c [appmc] repeat solutions:     70 checked:     73 out of:    124
c [appmc] simplifying
c [appmc] [   40.72 ] round:  6 hashes:      3
c [appmc] [   40.72 ] bounded_sol_count looking for   73 solutions -- hashes active: 3
c [appmc] repeat solutions:     10 checked:     73 out of:     73
c [appmc] [   41.79 ] round:  6 hashes:      2
c [appmc] [   41.79 ] bounded_sol_count looking for   73 solutions -- hashes active: 2
c [appmc] repeat solutions:     70 checked:     73 out of:    125
c [appmc] simplifying
c [appmc] [   45.72 ] round:  7 hashes:      3
c [appmc] [   45.72 ] bounded_sol_count looking for   73 solutions -- hashes active: 3
c [appmc] repeat solutions:     12 checked:     73 out of:     73
c [appmc] [   46.73 ] round:  7 hashes:      2
c [appmc] [   46.73 ] bounded_sol_count looking for   73 solutions -- hashes active: 2
c [appmc] repeat solutions:     75 checked:     73 out of:    124
c [appmc] simplifying
c [appmc] [   50.55 ] round:  8 hashes:      3
c [appmc] [   50.55 ] bounded_sol_count looking for   73 solutions -- hashes active: 3
c [appmc] repeat solutions:      4 checked:     73 out of:     73
c [appmc] [   51.67 ] round:  8 hashes:      2
c [appmc] [   51.67 ] bounded_sol_count looking for   73 solutions -- hashes active: 2
c [appmc] repeat solutions:     67 checked:     73 out of:    132
c [appmc] ApproxMC T: 51.78 s
c ------- FINAL TOTAL SEARCH STATS ---------
c UIP search time          : 11.06       (16.00     % time)
c restarts                 : 629         (1.07      confls per restart)
c blocked restarts         : 0           (0.00      per normal restart)
c time                     : 11.06       
c decisions                : 4935        (0.00      % random)
c propagations             : 15439K      (1396K     props/s)
c decisions/conflicts      : 7.33        
c conflicts                : 673         
c conf lits non-minim      : 16036       (23.83     lit/confl)
c conf lits final          : 9.16        
c red which0               : 23          (3.42      % of confl)
c props/decision           : 0.00        
c props/conflict           : 0.00        
c 0-depth assigns          : 663         (2.77      % vars)
c 0-depth assigns by CNF   : 663         (2.77      % vars)
c reduceDB time            : 0.00        (0.00      % time)
c OccSimplifier time       : 36.69       (53.09     % time)
c [occur] 1.70 is overhead
c [occur] link-in T: 0.97 cleanup T: 0.73
c [occ-substr] long subBySub: 18588 subByStr: 22239 lits-rem-str: 168813 T: 32.78
c SCC time                 : 0.24        (0.34      % time)
c [scc] new: 1182 BP 3M  T: 0.24
c vrep replace time        : 0.08        (0.12      % time)
c vrep tree roots          : 513         
c vrep trees' crown        : 1115        (2.17      leafs/tree)
c distill long time        : 0.00        (0.00      % time)
c distill bin time         : 0.00        (0.00      % time)
c strength cache-irred time: 0.00        (0.00      % time)
c strength cache-red time  : 0.00        (0.00      % time)
c avg cls in red 0         : 3.25        
c avg cls in red 1         : 33106.64    
c avg cls in red 2         : 39.52       
c Conflicts in UIP         : 673         (9.74      confl/time_this_thread)
c Max Memory (rss) used    : 157184 kB   
c Total time (this thread) : 69.10       
c [appmc+arjun] Total time: 69.10
c [appmc] Number of solutions is: 62*2**3
s SATISFIABLE
s mc 496
